7.102 0.00000 0.00000 0.1 4.6 1.9 5.4 999.0 999.000 999.0 nan nan nan 0.0 0.0 0.0 0.0 0 0.0 0 0 0 0 0.0 0.0 0.0 0.000 0.0 0.000 0.0 0.0 0.0 -25.7 70.4 985.9
7.602 0.00000 0.00000 0.1 8.7 1.6 5.2 999.0 999.000 999.0 nan nan nan 0.0 0.0 0.0 0.0 0 0.0 0 0 0 0 0.0 22.4 15.2 0.065 67.0 0.004 0.0 0.0 0.0 -26.6 180.5 998.9
8.100 0.00000 0.00000 0.1 9.1 1.6 5.3 999.0 999.000 999.0 nan nan nan 0.0 0.0 0.0 0.0 0 0.0 0 0 0 0 0.0 22.4 15.2 0.065 67.0 0.004 0.0 0.0 0.0 -39.1 139.4 971.7
8.602 0.00000 0.00000 0.1 5.8 2.8 5.3 999.0 999.000 999.0 nan nan nan 0.0 0.0 0.0 0.0 0 0.0 0 0 0 0 0.0 22.4 15.2 0.065 67.0 0.004 0.0 0.0 0.0 -42.1 111.7 999.5
9.002 0.00000 0.00000 0.1 6.8 1.9 5.0 999.0 999.000 999.0 -0.090 -0.017 -0.0 0.0 0.0 0.0 0.0 0 0.0 0 0 0 0 0.0 22.6 15.2 0.065 67.0 0.004 0.0 0.0 0.0 -36.7 134.8 994.1
9.630 0.00000 0.00000 0.1 9.4 2.0 5.5 999.0 999.000 999.0 -0.090 -0.017 -0.0 0.0 0.0 0.0 0.0 0 0.0 0 0 0 0 0.0 22.6 15.2 0.065 67.0 0.004 0.0 0.0 0.0 -42.0 146.3 972.6
10.003 0.00000 0.00000 0.1 8.3 2.5 5.6 999.0 999.000 999.0 -0.088 -0.026 0.1 0.0 0.0 0.0 0.0 0 0.0 0 0 0 0 0.0 22.6 15.2 0.065 67.0 0.004 0.0 0.0 0.0 -38.3 127.5 989.8
10.600 0.00000 0.00000 0.1 6.2 1.0 4.9 999.0 999.000 999.0 -0.088 -0.026 0.1 0.0 0.0 0.0 0.0 0 0.0 5 0 0 0 0.0 22.6 15.2 0.065 67.0 0.004 0.0 0.0 0.0 -13.3 130.3 1005.0
11.000 0.00000 0.00000 0.1 8.4 1.5 6.2 999.0 999.000 999.0 -0.204 0.007 -0.0 0.0 0.0 0.0 0.0 0 0.0 5 0 0 0 0.0 22.6 15.2 0.065 67.0 0.004 0.0 0.0 0.0 -23.0 162.5 981.5
11.603 0.00000 0.00000 0.1 9.6 0.7 6.8 999.0 999.000 999.0 -0.204 0.007 -0.0 0.0 0.0 0.0 0.0 0 0.0 0 0 0 0 0.0 22.6 15.2 0.065 67.0 0.004 0.0 0.0 0.0 -22.2 152.9 988.3
12.001 0.00000 0.00000 0.1 7.0 1.8 7.2 999.0 999.000 999.0 -0.073 0.022 -0.1 0.0 0.0 0.0 0.0 0 0.0 0 0 0 0 0.0 22.6 15.2 0.065 67.0 0.004 0.0 0.0 0.0 -27.5 110.4 994.3
12.600 0.00000 0.00000 0.1 7.1 2.2 8.3 999.0 999.000 999.0 -0.073 0.022 -0.1 0.0 0.0 0.0 0.0 0 0.0 5 0 0 0 0.0 22.6 15.2 0.065 67.0 0.004 0.0 0.0 0.0 -31.8 134.1 979.2
13.003 0.00000 0.00000 0.1 9.1 1.3 8.6 999.0 999.000 999.0 -0.039 -0.057 0.0 0.0 0.0 0.0 0.0 0 0.0 0 0 0 0 0.0 22.6 15.2 0.065 67.0 0.004 0.0 0.0 0.0 -32.5 155.0 998.7
13.602 0.00001 0.00000 0.1 8.1 1.9 9.4 999.0 999.000 999.0 -0.039 -0.057 0.0 0.0 0.0 0.0 0.0 0 0.0 0 0 0 0 0.0 22.6 15.2 0.065 67.0 0.004 0.0 0.0 0.0 -24.7 125.4 999.6
14.001 0.00001 0.00000 0.1 7.1 1.5 10.7 999.0 999.000 999.0 -0.154 0.054 0.0 0.0 0.0 0.0 0.0 0 0.0 0 0 0 0 0.0 22.6 15.2 0.065 67.0 0.004 0.0 0.0 0.0 -26.0 143.8 986.8
14.624 0.00001 0.00000 0.1 7.6 2.2 12.3 999.0 999.000 999.0 -0.154 0.054 0.0 0.0 0.0 0.0 0.0 0 0.0 0 0 0 0 0.0 22.6 15.2 0.065 67.0 0.004 0.0 0.0 0.0 -40.1 111.0 975.0
15.002 0.00001 0.00000 0.1 8.1 1.7 13.1 999.0 999.000 999.0 -0.072 0.209 -0.0 0.0 0.0 0.0 0.0 0 0.0 5 0 0 0 0.0 22.4 15.2 0.065 67.0 0.004 0.0 0.0 0.0 -27.8 164.0 1002.0
15.611 0.00001 0.00000 0.1 7.4 2.3 15.3 999.0 999.000 999.0 -0.072 0.209 -0.0 0.0 0.0 0.0 0.0 0 0.0 0 0 0 0 0.0 22.4 15.2 0.065 67.0 0.004 0.0 0.0 0.0 -38.8 125.4 1000.0
16.004 0.00001 0.00000 0.1 6.1 3.0 16.6 999.0 999.000 999.0 0.027 0.018 0.1 0.0 0.0 0.0 0.0 0 0.0 5 0 0 0 0.0 22.6 15.2 0.065 67.0 0.004 0.0 0.0 0.0 -50.2 97.6 972.1
16.615 0.00001 0.00000 0.1 8.3 1.7 18.4 999.0 999.000 999.0 0.027 0.018 0.1 0.0 0.0 0.0 0.0 0 0.0 5 0 0 0 0.0 22.6 15.2 0.065 67.0 0.004 0.0 0.0 0.0 -24.2 150.2 1021.0
17.012 0.00001 0.00000 0.1 9.2 2.0 20.2 999.0 999.000 999.0 -0.099 -0.145 0.0 0.0 0.0 0.0 0.0 0 0.0 5 0 0 0 0.0 22.4 15.2 0.065 67.0 0.004 0.0 0.0 0.0 -41.9 147.8 957.4
17.613 0.00001 0.00000 0.1 6.2 1.6 21.3 25.0 999.000 999.0 -0.099 -0.145 0.0 0.0 0.0 0.0 0.0 0 0.0 5 1 0 0 0.0 22.4 15.2 0.065 67.0 0.004 0.0 0.0 0.0 -18.2 102.9 1012.0
18.002 0.00001 0.00000 0.1 7.2 1.6 24.1 25.0 999.000 999.0 -0.015 -0.043 0.0 0.0 0.0 0.0 0.0 0 0.0 0 1 0 0 0.0 22.4 15.2 0.065 67.0 0.004 0.0 0.0 0.0 -30.5 126.7 989.1
18.614 0.00001 0.00000 0.1 8.8 1.2 25.4 25.0 999.000 999.0 -0.015 -0.043 0.0 0.0 0.0 0.0 0.0 0 0.0 0 1 0 0 0.0 22.4 15.2 0.065 67.0 0.004 0.0 0.0 0.0 -22.7 159.9 997.0
19.013 0.00001 0.00000 0.1 7.7 2.7 26.9 25.0 999.000 999.0 0.002 -0.134 0.0 0.0 0.0 0.0 0.0 0 0.0 0 1 0 0 0.0 22.6 15.2 0.065 67.0 0.004 0.0 0.0 0.0 -44.0 118.1 973.8
19.642 0.00001 0.00000 0.1 7.3 1.9 27.3 25.0 999.000 3.0 0.002 -0.134 0.0 0.0 0.0 0.0 0.0 0 0.0 0 1 1 0 0.0 22.6 15.2 0.065 67.0 0.004 0.0 0.0 0.0 -36.8 137.2 992.1
20.012 0.00001 0.00000 0.1 6.9 1.6 30.0 25.0 999.000 3.0 0.013 0.151 -0.1 0.0 0.0 -5.8 -5.8 0 0.0 5 1 1 0 0.0 22.6 15.2 0.065 67.0 0.004 0.0 0.0 0.0 -29.9 129.4 1020.0
20.613 0.00001 0.00000 0.1 6.9 2.9 30.2 25.0 999.000 3.0 0.013 0.151 -0.1 0.0 0.0 -5.7 -5.7 0 0.0 0 1 1 0 0.0 22.6 15.2 0.065 67.0 0.004 0.0 0.0 0.0 -41.1 105.5 979.0
21.003 0.00001 0.00000 0.1 10.1 2.1 32.0 25.0 999.000 3.0 -0.074 0.056 0.0 0.0 0.0 -5.7 -5.7 0 0.0 5 1 1 0 0.0 22.6 15.2 0.065 67.0 0.004 0.0 0.0 0.0 -35.0 202.8 968.0
21.613 0.00001 0.00000 0.1 6.8 1.6 32.7 25.0 999.000 3.0 -0.074 0.056 0.0 0.0 0.0 -5.7 -5.7 0 0.0 0 1 1 0 0.0 22.6 15.2 0.065 67.0 0.004 0.0 0.0 0.0 -40.8 81.1 991.2
22.014 0.00001 0.00000 0.1 5.1 1.5 33.7 25.0 999.000 3.0 -0.007 -0.093 -0.1 0.0 0.0 -5.7 -5.7 0 0.0 5 1 1 0 0.0 22.6 15.2 0.065 67.0 0.004 0.0 0.0 0.0 -15.2 81.2 1013.0
22.612 0.00002 0.00000 0.1 8.9 2.0 34.5 25.0 999.000 3.0 -0.007 -0.093 -0.1 0.0 0.0 -5.8 -5.8 0 0.0 0 1 1 0 0.0 22.6 15.2 0.065 67.0 0.004 0.0 0.0 0.0 -31.0 170.5 986.8
23.003 0.00002 0.00000 0.1 9.5 1.6 36.4 25.0 999.000 3.0 -0.048 -0.013 0.0 0.0 0.0 -5.7 -5.7 0 0.0 0 1 1 0 0.0 22.6 15.2 0.065 67.0 0.004 0.0 0.0 0.0 -23.7 134.9 987.1
23.614 0.00002 0.00001 0.1 7.4 1.9 37.4 25.0 999.000 3.0 -0.048 -0.013 0.0 0.0 0.0 -5.8 -5.8 0 0.0 0 1 1 0 0.0 22.6 15.2 0.065 67.0 0.004 0.0 0.0 0.0 -34.8 149.5 986.0
24.013 0.00002 0.00001 0.1 5.3 1.7 38.3 25.0 999.000 3.0 -0.108 0.011 0.0 0.0 0.0 -5.8 -5.8 0 0.0 0 1 1 0 0.0 22.6 15.2 0.065 67.0 0.004 0.0 0.0 0.0 -29.8 73.4 1008.0
24.641 0.00002 0.00001 0.1 8.4 2.5 39.5 25.0 999.000 3.0 -0.108 0.011 0.0 0.0 0.0 -5.8 -5.8 0 0.0 0 1 1 0 0.0 22.6 15.2 0.065 67.0 0.004 0.0 0.0 0.0 -36.1 166.3 984.9
25.015 0.00002 0.00001 0.1 10.6 2.1 41.8 25.0 999.000 3.0 -0.165 -0.059 0.0 0.0 0.0 -5.8 -5.8 0 0.0 5 1 1 0 0.0 22.6 15.2 0.065 67.0 0.004 0.0 0.0 0.0 -42.9 167.8 969.6
25.623 0.00002 0.00001 0.1 5.7 2.2 42.0 25.0 999.000 3.0 -0.165 -0.059 0.0 0.0 0.0 -5.7 -5.7 0 0.0 0 1 1 0 0.0 22.6 15.2 0.065 67.0 0.004 0.0 0.0 0.0 -34.0 95.7 1015.0
26.014 0.00002 0.00001 0.1 4.9 2.6 43.3 25.0 999.000 3.0 -0.164 0.048 -0.0 0.0 0.0 -5.7 -5.7 0 0.0 0 1 1 0 0.0 22.6 15.2 0.065 67.0 0.004 0.0 0.0 0.0 -46.9 97.5 982.8
26.613 0.00002 0.00001 0.1 10.0 3.1 44.6 25.0 999.000 3.0 -0.164 0.048 -0.0 0.0 0.0 -5.7 -5.7 0 0.0 5 1 1 0 0.0 22.6 15.2 0.065 67.0 0.004 0.0 0.0 0.0 -46.7 174.4 996.8
27.012 0.00002 0.00001 0.1 9.4 2.9 46.0 25.0 999.000 3.0 -0.041 -0.016 0.0 0.0 0.0 -5.7 -5.7 0 0.0 5 1 1 0 0.0 22.6 15.2 0.065 67.0 0.004 0.0 0.0 0.0 -55.6 146.2 979.1
27.623 0.00002 0.00001 0.1 4.5 2.6 47.1 25.0 999.000 3.0 -0.041 -0.016 0.0 0.0 0.0 -5.7 -5.7 0 0.0 0 1 1 0 0.0 22.6 15.2 0.065 67.0 0.004 0.0 0.0 0.0 -42.7 69.8 998.2
28.013 0.00002 0.00001 0.1 7.5 2.2 48.7 25.0 999.000 3.0 0.013 -0.059 -0.0 0.0 0.0 -5.7 -5.7 0 0.0 0 1 1 0 0.0 22.6 15.2 0.065 67.0 0.004 0.0 0.0 0.0 -37.5 151.3 991.7
28.613 0.00002 0.00001 0.1 9.8 2.1 49.8 25.0 999.000 3.0 0.013 -0.059 -0.0 0.0 0.0 -5.7 -5.7 0 0.0 0 1 1 0 0.0 22.6 15.2 0.065 67.0 0.004 0.0 0.0 0.0 -30.7 160.5 989.7
29.015 0.00002 0.00001 0.1 8.5 1.2 51.4 25.0 999.000 3.0 -0.110 -0.044 -0.0 0.0 0.0 -5.7 -5.7 0 0.0 5 1 1 0 0.0 22.6 15.2 0.065 67.0 0.004 0.0 0.0 0.0 -29.1 136.7 980.6
29.629 0.00002 0.00001 0.1 6.9 1.7 52.8 25.0 999.000 3.0 -0.110 -0.044 -0.0 0.0 0.0 -5.7 -5.7 0 0.0 0 1 1 0 0.0 22.6 15.2 0.065 67.0 0.004 0.0 0.0 0.0 -20.3 135.5 1008.0
30.015 0.00002 0.00001 0.1 6.5 2.3 53.8 25.0 999.000 3.0 -0.150 0.045 0.0 0.0 0.0 -5.7 -5.7 0 0.0 0 1 1 0 0.0 22.6 15.2 0.065 67.0 0.004 0.0 0.0 0.0 -41.7 107.6 966.8
30.615 0.00002 0.00001 0.1 19.7 1.0 55.3 25.0 999.000 3.0 -0.150 0.045 0.0 0.0 0.0 -5.7 -5.7 12 8.4 7464 1 1 0 0.0 22.6 15.2 0.065 67.0 0.004 0.0 0.0 0.0 -96.9 376.8 958.5
31.014 0.00002 0.00001 0.2 27.4 2.2 57.2 25.0 999.000 3.0 -0.274 -0.138 -0.0 0.0 0.0 -5.7 -5.7 12 0.0 7684 1 1 0 0.0 22.6 15.2 0.065 67.0 0.004 0.0 0.0 0.0 -81.0 443.7 854.8
31.622 0.00002 0.00001 0.1 15.0 -0.1 57.6 25.0 999.000 3.0 -0.274 -0.138 -0.0 0.0 0.0 -5.7 -5.7 12 0.0 8484 1 1 0 0.0 22.6 15.2 0.065 67.0 0.004 0.0 0.0 0.0 -48.9 91.9 824.3
32.015 0.00002 0.00002 0.1 0.7 -2.2 59.6 25.0 999.000 3.0 -0.781 -0.056 -0.0 0.0 0.0 -5.7 -5.7 12 0.0 9323 1 1 0 0.0 22.6 15.1 0.065 67.0 0.004 0.0 0.0 0.0 35.9 26.6 1015.0
32.613 0.00003 0.00002 0.1 -6.2 -3.1 61.8 25.0 999.000 3.0 -0.781 -0.056 -0.0 0.0 0.0 -5.7 -5.7 12 0.0 9183 1 1 0 0.0 22.6 15.1 0.065 67.0 0.004 0.0 0.0 0.0 48.0 -92.0 1045.0
33.014 0.00003 0.00002 0.2 0.7 -3.4 62.9 25.0 999.000 3.0 -0.926 -0.114 0.1 0.0 0.0 -5.7 -5.7 12 0.0 9273 1 1 0 0.0 22.6 15.1 0.065 67.0 0.004 0.0 0.0 0.0 20.8 17.2 890.7
33.622 0.00003 0.00003 0.2 1.1 -3.1 64.1 25.0 999.000 3.0 -0.926 -0.114 0.1 0.0 0.0 -5.7 -5.7 12 8.4 9208 1 1 0 0.0 22.6 15.1 0.065 67.0 0.004 0.0 0.0 0.0 51.8 30.0 997.6
34.014 0.00003 0.00003 0.2 2.1 -4.8 65.8 25.0 999.000 3.0 -1.249 -0.079 0.0 0.0 0.0 -5.7 -5.7 12 0.0 9223 1 1 0 0.0 22.6 15.1 0.065 67.0 0.004 0.0 0.0 0.0 128.4 71.3 1084.0
34.634 0.00003 0.00004 0.3 4.5 -7.8 67.2 25.0 999.000 3.0 -1.249 -0.079 0.0 0.0 0.0 -5.6 -5.6 12 0.0 8694 1 1 0 0.0 22.6 15.1 0.065 67.0 0.004 0.0 0.0 0.0 138.3 -39.8 885.8
35.015 0.00004 0.00004 0.3 5.9 -11.3 67.2 25.0 999.000 3.0 -1.152 0.014 0.0 0.0 0.0 -5.5 -5.5 12 0.0 8439 1 1 0 0.0 22.4 15.1 0.065 67.0 0.004 0.0 0.0 0.0 211.5 161.0 1027.0
35.622 0.00004 0.00005 0.5 8.0 -14.2 67.3 25.0 999.000 3.0 -1.152 0.014 0.0 0.0 0.0 -5.3 -5.3 12 0.0 8089 1 1 0 0.0 22.4 15.1 0.065 67.0 0.004 0.0 0.0 0.0 258.8 144.3 994.6
36.014 0.00004 0.00005 0.6 5.6 -16.2 67.8 25.0 999.000 3.0 -1.322 -0.045 0.1 0.0 0.0 -5.1 -5.1 12 0.0 8034 1 1 0 0.0 22.6 15.1 0.065 67.0 0.004 0.0 0.0 0.0 278.8 123.9 929.7
36.615 0.00004 0.00006 0.8 1.7 -17.3 67.8 25.0 999.000 3.0 -1.322 -0.045 0.1 -29.0 -29.0 -4.8 -4.8 12 8.4 8029 1 1 0 0.0 22.6 15.1 0.065 67.0 0.004 0.0 0.0 0.0 315.2 12.8 938.8
37.014 0.00005 0.00006 0.9 -14.8 -18.3 61.9 25.0 999.000 3.0 -1.394 -0.035 0.1 -29.0 -29.0 -4.5 -4.5 12 0.0 8114 1 1 0 0.0 22.6 15.1 0.065 67.0 0.004 0.0 0.0 0.0 328.3 -254.0 917.6
37.621 0.00005 0.00007 1.1 -28.7 -20.4 55.7 25.0 999.000 3.0 -1.394 -0.035 0.1 -29.0 -29.0 -4.2 -4.2 12 0.0 8064 1 1 0 0.0 22.6 15.1 0.065 67.0 0.004 0.0 0.0 0.0 373.3 -442.0 838.6
38.015 0.00005 0.00007 1.2 -31.4 -23.7 50.3 25.0 999.000 3.0 -1.268 -0.099 0.1 -29.0 -16.4 -3.9 -3.9 12 0.0 8074 1 1 0 0.0 22.6 15.1 0.065 67.0 0.004 0.0 0.0 0.0 392.7 -414.0 778.6
38.613 0.00006 0.00008 1.5 -15.7 -27.0 46.2 25.0 999.000 3.0 -1.268 -0.099 0.1 -29.0 -9.6 -3.5 -3.5 12 0.0 8054 1 1 0 0.0 22.6 15.1 0.065 67.0 0.004 0.0 0.0 0.0 466.9 -194.0 906.4
39.015 0.00006 0.00008 1.7 -1.6 -28.8 41.9 25.0 999.000 3.0 -1.294 -0.105 0.0 -29.0 -13.4 -3.0 -3.0 12 8.3 8039 1 1 0 0.0 22.4 15.1 0.065 67.0 0.004 0.0 0.0 0.0 476.7 -11.0 862.4
39.639 0.00007 0.00008 2.0 -1.3 -29.1 36.7 25.0 999.000 3.0 -1.294 -0.105 0.0 -16.9 -16.9 -2.5 -2.5 12 0.0 7949 1 1 0 0.0 22.4 15.1 0.065 67.0 0.004 0.0 0.0 0.0 479.2 -43.5 857.8
40.015 0.00007 0.00009 2.3 -7.0 -29.2 32.4 25.0 999.000 3.0 -1.300 -0.228 0.1 -11.7 -11.7 -2.0 -2.0 12 0.0 7974 1 1 0 0.0 22.6 15.1 0.065 67.0 0.004 0.0 0.0 0.0 486.9 -89.9 887.7
40.616 0.00008 0.00009 2.5 -8.6 -29.1 29.6 25.0 999.000 3.0 -1.300 -0.228 0.1 -10.9 -3.9 0.0 0.0 12 0.0 8054 1 1 0 0.0 22.6 15.1 0.065 67.0 0.004 0.0 0.0 0.0 491.2 -144.0 891.1
41.016 0.00008 0.00009 2.8 -5.0 -28.5 28.0 25.0 999.000 3.0 -1.361 -0.001 0.0 -4.3 4.3 0.0 0.0 12 0.0 8054 1 1 0 0.0 22.6 15.1 0.065 67.0 0.004 0.0 0.0 0.0 476.8 -87.0 847.3
41.620 0.00009 0.00010 3.1 -0.3 -27.4 27.8 25.0 999.000 3.0 -1.361 -0.001 0.0 -2.5 2.5 0.0 0.0 12 8.4 8039 1 1 0 0.0 22.6 15.1 0.065 67.0 0.004 0.0 0.0 0.0 463.0 -4.8 892.7
42.016 0.00009 0.00010 3.4 2.0 -26.2 27.8 25.0 999.000 3.0 -1.527 -0.241 0.1 0.0 0.0 0.0 0.0 12 0.0 8059 1 1 0 0.0 22.6 15.1 0.065 67.0 0.004 0.0 0.0 0.0 441.4 43.6 893.5
42.616 0.00010 0.00010 3.7 0.8 -24.9 27.7 25.0 999.000 3.0 -1.527 -0.241 0.1 0.0 0.0 0.0 0.0 12 0.0 8019 1 1 0 0.0 22.6 15.1 0.065 67.0 0.004 0.0 0.0 0.0 424.1 -11.2 881.8
43.014 0.00011 0.00011 4.0 0.5 -23.7 27.7 25.0 999.000 3.0 -1.506 -0.006 0.1 0.0 0.0 0.0 0.0 12 0.0 8014 1 1 0 0.0 22.6 15.1 0.065 67.0 0.004 0.0 0.0 0.0 403.4 -8.9 927.0
43.620 0.00011 0.00011 4.2 -0.4 -22.6 27.8 25.0 999.000 3.0 -1.506 -0.006 0.1 0.0 0.0 0.0 0.0 12 0.0 8054 1 1 0 0.0 22.6 15.1 0.065 67.0 0.004 0.0 0.0 0.0 389.5 10.5 939.1
44.014 0.00012 0.00011 4.5 -0.8 -21.3 28.0 25.0 999.000 3.0 -1.430 -0.092 0.1 0.0 0.0 2.5 2.5 12 0.0 8104 1 1 0 0.0 22.6 15.1 0.065 67.0 0.004 0.0 0.0 0.0 356.9 -26.9 922.0
44.645 0.00012 0.00011 4.7 -1.1 -19.3 28.0 25.0 999.000 3.0 -1.430 -0.092 0.1 0.0 0.0 3.0 3.0 12 0.0 8039 1 1 0 0.0 22.6 15.1 0.065 67.0 0.004 0.0 0.0 0.0 329.2 -12.8 965.6
45.018 0.00013 0.00012 4.9 -1.5 -17.2 28.1 25.0 999.000 3.0 -1.382 -0.040 0.1 0.0 0.0 3.5 3.5 12 0.0 8064 1 1 0 0.0 22.6 15.1 0.065 67.0 0.004 0.0 0.0 0.0 289.6 -39.1 980.3
45.620 0.00013 0.00012 5.1 -1.7 -15.0 28.1 25.0 999.000 3.0 -1.382 -0.040 0.1 0.0 0.0 3.8 3.9 12 0.0 8149 1 1 0 0.0 22.6 15.1 0.065 67.0 0.004 0.0 0.0 0.0 251.8 -4.4 976.1
46.015 0.00014 0.00012 5.3 -1.8 -12.7 28.0 25.0 999.000 3.0 -1.367 0.038 0.1 0.0 0.0 4.2 4.2 12 0.0 8109 1 1 0 0.0 22.6 15.1 0.065 67.0 0.004 0.0 0.0 0.0 224.8 -32.4 993.5
46.616 0.00014 0.00013 5.4 -1.9 -10.4 27.9 25.0 999.000 3.0 -1.367 0.038 0.1 0.0 0.0 4.5 4.5 12 8.4 8159 1 1 0 0.0 22.6 15.1 0.065 67.0 0.004 0.0 0.0 0.0 173.7 -54.7 956.8
47.016 0.00015 0.00013 5.5 -1.7 -8.0 27.7 25.0 999.000 3.0 -1.438 -0.051 0.1 0.0 0.0 4.8 4.8 12 0.0 8139 1 1 0 0.0 22.6 15.1 0.065 67.0 0.004 0.0 0.0 0.0 140.1 -4.4 1021.0
47.620 0.00016 0.00013 5.6 -1.6 -5.7 27.5 25.0 999.000 3.0 -1.438 -0.051 0.1 0.0 0.0 5.0 5.0 12 0.0 8134 1 1 0 0.0 22.6 15.1 0.065 67.0 0.004 0.0 0.0 0.0 88.7 1.3 982.7
48.018 0.00016 0.00014 5.6 -1.2 -3.3 27.2 25.0 999.000 3.0 -1.585 -0.155 0.1 0.0 0.0 5.2 5.2 12 8.4 8169 1 1 0 0.0 22.6 15.1 0.065 67.0 0.004 0.0 0.0 0.0 51.3 -29.5 1017.0
48.615 0.00017 0.00014 5.6 -1.5 -1.0 26.9 25.0 999.000 3.0 -1.585 -0.155 0.1 0.0 0.0 5.2 5.2 12 0.0 8124 1 1 0 0.0 22.6 15.1 0.065 67.0 0.004 0.0 0.0 0.0 6.1 -38.5 1003.0
49.016 0.00017 0.00014 5.6 -1.6 1.3 26.6 25.0 999.000 3.0 -1.528 -0.078 0.0 0.0 0.0 5.3 5.3 12 0.0 8199 1 1 0 0.0 22.6 15.1 0.065 67.0 0.004 0.0 0.0 0.0 -28.1 -21.2 1039.0
49.639 0.00018 0.00015 5.6 -1.8 3.8 26.0 25.0 999.000 3.0 -1.528 -0.078 0.0 0.0 0.0 5.2 5.2 12 0.0 8104 1 1 0 0.0 22.6 15.1 0.065 67.0 0.004 0.0 0.0 0.0 -74.5 -36.4 985.5
50.016 0.00019 0.00015 5.5 -2.0 6.0 25.6 25.0 999.000 3.0 -1.563 -0.045 0.1 0.0 0.0 5.2 5.2 12 0.0 8094 1 1 0 0.0 22.6 15.1 0.065 67.0 0.004 0.0 0.0 0.0 -106.0 -47.2 1012.0
50.618 0.00019 0.00015 5.4 -2.1 8.1 25.1 25.0 999.000 3.0 -1.563 -0.045 0.1 0.0 0.0 5.0 5.0 12 0.0 8119 1 1 0 0.0 22.6 15.1 0.065 67.0 0.004 0.0 0.0 0.0 -149.0 -51.8 997.0
51.017 0.00020 0.00015 5.3 -2.3 10.3 24.5 25.0 999.000 3.0 -1.424 0.081 0.0 0.0 0.0 4.8 4.8 12 0.0 8104 1 1 0 0.0 22.6 15.1 0.065 67.0 0.004 0.0 0.0 0.0 -199.0 -34.7 971.1
51.625 0.00021 0.00016 5.1 -2.2 12.3 23.8 25.0 999.000 3.0 -1.424 0.081 0.0 0.0 0.0 4.5 4.5 12 8.4 8164 1 1 0 0.0 22.6 15.1 0.065 67.0 0.004 0.0 0.0 0.0 -224.0 -68.8 965.9
52.016 0.00021 0.00016 4.9 -2.4 14.2 23.1 25.0 999.000 3.0 -1.401 0.036 0.0 0.0 0.0 4.2 4.2 12 0.0 8164 1 1 0 0.0 22.6 15.1 0.065 67.0 0.004 0.0 0.0 0.0 -255.0 -60.2 970.3
52.619 0.00022 0.00016 4.7 -2.1 16.1 22.3 25.0 999.000 3.0 -1.401 0.036 0.0 0.0 0.0 3.8 3.8 12 8.3 8099 1 1 0 0.0 22.6 15.1 0.065 67.0 0.004 0.0 0.0 0.0 -291.0 -35.3 977.3
53.017 0.00022 0.00016 4.5 -2.1 17.8 21.3 25.0 999.000 3.0 -1.459 -0.139 0.0 0.0 0.0 3.4 3.4 12 0.0 8099 1 1 0 0.0 22.6 15.1 0.065 67.0 0.004 0.0 0.0 0.0 -308.0 -20.8 945.9
53.625 0.00023 0.00017 4.2 -2.2 19.3 20.3 25.0 999.000 3.0 -1.459 -0.139 0.0 0.0 0.0 2.9 2.9 12 0.0 8069 1 1 0 0.0 22.6 15.1 0.065 67.0 0.004 0.0 0.0 0.0 -339.0 -21.5 952.9
54.018 0.00024 0.00017 3.9 -2.9 20.7 19.3 25.0 999.000 3.0 -1.514 -0.099 0.1 0.0 0.0 2.4 2.4 12 0.0 8119 1 1 0 0.0 22.6 15.1 0.065 67.0 0.004 0.0 0.0 0.0 -360.0 -16.6 947.9
54.642 0.00024 0.00017 3.6 -0.6 21.9 18.7 25.0 999.000 3.0 -1.514 -0.099 0.1 5.7 5.7 0.0 0.0 12 8.3 8109 1 1 0 0.0 22.6 15.1 0.065 67.0 0.004 0.0 0.0 0.0 -376.0 -18.6 909.1
55.017 0.00025 0.00017 3.3 3.7 22.5 19.0 25.0 999.000 3.0 -1.630 -0.126 0.0 6.3 6.3 0.0 0.0 12 0.0 8099 1 1 0 0.0 22.6 15.1 0.065 67.0 0.004 0.0 0.0 0.0 -385.0 81.0 932.6
55.625 0.00026 0.00018 3.0 7.2 23.0 19.4 25.0 999.000 3.0 -1.630 -0.126 0.0 7.8 4.2 0.0 0.0 12 0.0 8094 1 1 0 0.0 22.6 15.1 0.065 67.0 0.004 0.0 0.0 0.0 -404.0 117.0 917.8
56.015 0.00026 0.00018 2.6 6.9 23.4 19.7 25.0 999.000 3.0 -1.511 0.063 -0.0 9.2 2.0 0.0 0.0 12 0.0 8104 1 1 0 0.0 22.6 15.1 0.065 67.0 0.004 0.0 0.0 0.0 -405.0 115.1 931.7
56.618 0.00027 0.00018 2.3 3.7 23.8 20.1 25.0 999.000 3.0 -1.511 0.063 -0.0 8.8 1.9 0.0 0.0 12 0.0 8094 1 1 0 0.0 22.6 15.1 0.065 67.0 0.004 0.0 0.0 0.0 -406.0 67.2 942.9
57.017 0.00028 0.00018 2.0 1.1 24.3 19.9 25.0 999.000 3.0 -1.614 0.001 0.0 1.8 -1.9 0.0 0.0 12 0.0 8119 1 1 0 0.0 22.6 15.1 0.065 67.0 0.004 0.0 0.0 0.0 -424.0 2.2 886.0
57.624 0.00028 0.00018 1.6 0.1 24.8 19.6 25.0 999.000 3.0 -1.614 0.001 0.0 5.1 5.1 -2.0 -2.0 12 0.0 8144 1 1 0 0.0 22.6 15.1 0.065 67.0 0.004 0.0 0.0 0.0 -423.0 11.0 919.2
58.018 0.00029 0.00019 1.3 3.7 24.9 19.9 25.0 999.000 3.0 -1.555 -0.004 0.1 5.4 5.4 -2.8 -2.7 12 8.3 8149 1 1 0 0.0 22.6 15.1 0.065 67.0 0.004 0.0 0.0 0.0 -423.0 94.5 903.4
58.618 0.00030 0.00019 0.9 5.9 24.5 20.2 25.0 999.000 3.0 -1.555 -0.004 0.1 6.9 3.3 -3.4 -3.4 12 0.0 8114 1 1 0 0.0 22.6 15.1 0.065 67.0 0.004 0.0 0.0 0.0 -413.0 62.2 910.0
59.016 0.00030 0.00019 0.6 4.0 23.5 20.0 25.0 999.000 3.0 -1.496 0.025 0.0 3.0 -3.0 -4.1 -4.1 12 0.0 8084 1 1 0 0.0 22.6 15.1 0.065 66.0 0.004 0.0 0.0 0.0 -400.0 58.2 914.7
59.642 0.00031 0.00019 0.3 -2.6 22.2 19.2 25.0 999.000 3.0 -1.496 0.025 0.0 2.0 -2.0 -4.8 -4.8 12 0.0 8069 1 1 0 0.0 22.6 15.1 0.065 66.0 0.004 0.0 0.0 0.0 -373.0 -60.7 899.6
60.017 0.00032 0.00020 0.1 -7.8 15.5 17.0 25.0 999.000 3.0 -1.544 0.057 0.0 2.0 -2.0 -5.5 -5.5 12 0.0 8069 1 1 0 0.0 22.6 15.1 0.065 66.0 0.004 0.0 0.0 0.0 -230.0 -91.0 792.2
60.618 0.00032 0.00020 0.2 -8.4 -1.3 16.9 25.0 999.000 3.0 -1.544 0.057 0.0 2.0 -2.0 -5.8 -5.8 12 0.0 8204 1 1 0 0.0 22.6 15.1 0.065 66.0 0.004 0.0 0.0 0.0 49.7 -100.0 1013.0
61.019 0.00033 0.00020 0.3 -6.3 -6.6 16.8 25.0 999.000 3.0 -1.404 -0.003 -0.4 2.0 -2.0 -5.7 -5.7 12 0.0 8229 1 1 0 0.0 22.6 15.1 0.065 66.0 0.004 0.0 0.0 0.0 122.1 -131.0 962.6
61.617 0.00033 0.00020 0.4 -7.6 -8.7 16.2 25.0 999.000 3.0 -1.404 -0.003 -0.4 2.0 -2.0 -5.4 -5.4 12 0.0 8124 1 1 0 0.0 22.6 15.1 0.065 66.0 0.004 0.0 0.0 0.0 145.0 -138.0 979.8
62.017 0.00034 0.00020 0.5 -7.8 -8.9 16.9 25.0 999.000 3.0 -1.439 -0.102 0.0 2.0 -2.0 -5.2 -5.2 12 0.0 8049 1 1 0 0.0 22.6 15.1 0.065 66.0 0.004 0.0 0.0 0.0 152.1 -147.0 955.2
62.618 0.00035 0.00021 0.6 -8.3 -9.0 17.8 25.0 999.000 3.0 -1.439 -0.102 0.0 2.0 -2.0 -5.1 -5.1 12 0.0 8034 1 1 0 0.0 22.6 15.1 0.065 66.0 0.004 0.0 0.0 0.0 155.3 -128.0 962.8
63.017 0.00035 0.00021 0.6 -4.8 -9.5 18.4 25.0 999.000 3.0 -1.467 -0.106 0.0 3.1 11.3 -4.9 -4.9 12 8.4 8109 1 1 0 0.0 22.6 15.1 0.065 66.0 0.004 0.0 0.0 0.0 161.6 -57.6 972.9
63.624 0.00036 0.00021 0.7 5.4 -10.0 19.5 25.0 999.000 3.0 -1.467 -0.106 0.0 4.2 9.0 -4.7 -4.7 12 0.0 8139 1 1 0 0.0 22.6 15.1 0.065 66.0 0.004 0.0 0.0 0.0 180.2 145.2 976.3
64.019 0.00037 0.00021 0.8 10.5 -11.3 20.8 25.0 999.000 3.0 -1.537 -0.010 0.0 8.2 2.8 -4.5 -4.5 12 0.0 8069 1 1 0 0.0 22.6 15.1 0.065 66.0 0.004 0.0 0.0 0.0 193.0 186.2 974.7
64.651 0.00037 0.00022 0.9 4.2 -12.3 22.1 25.0 999.000 3.0 -1.537 -0.010 0.0 5.3 -5.2 -4.3 -4.3 12 0.0 7949 1 1 0 0.0 22.6 15.1 0.065 66.0 0.004 0.0 0.0 0.0 199.9 90.9 960.8
65.018 0.00038 0.00022 1.0 -4.0 -12.8 22.9 25.0 999.000 3.0 -1.475 0.078 0.1 2.1 -2.1 -4.1 -4.1 12 0.0 7964 1 1 0 0.0 22.6 15.1 0.065 66.0 0.004 0.0 0.0 0.0 223.5 -83.3 988.1
65.624 0.00038 0.00022 1.2 -4.7 -13.1 23.8 25.0 999.000 3.0 -1.475 0.078 0.1 -2.0 2.0 -3.9 -3.9 12 0.0 8019 1 1 0 0.0 22.6 15.1 0.065 66.0 0.004 0.0 0.0 0.0 229.3 -49.1 977.0
66.018 0.00039 0.00022 1.3 -1.2 -13.2 25.1 25.0 999.000 3.0 -1.371 -0.077 0.1 -2.3 2.4 -3.7 -3.7 12 0.0 8099 1 1 0 0.0 22.6 15.1 0.065 66.0 0.004 0.0 0.0 0.0 219.7 11.7 972.6
66.618 0.00040 0.00023 1.4 0.3 -13.3 26.5 25.0 999.000 3.0 -1.371 -0.077 0.1 0.0 0.0 -3.4 -3.4 12 0.0 8049 1 1 0 0.0 22.6 15.1 0.065 66.0 0.004 0.0 0.0 0.0 237.5 11.6 985.2
67.019 0.00040 0.00023 1.6 0.2 -13.4 27.7 25.0 999.000 3.0 -1.443 -0.118 0.1 0.0 0.0 -3.1 -3.2 12 0.0 8054 1 1 0 0.0 22.6 15.1 0.065 66.0 0.004 0.0 0.0 0.0 232.3 -10.7 993.1
67.622 0.00041 0.00023 1.7 -0.0 -13.4 28.9 25.0 999.000 3.0 -1.443 -0.118 0.1 0.0 0.0 -2.9 -2.9 12 0.0 8014 1 1 0 0.0 22.6 15.1 0.065 66.0 0.004 0.0 0.0 0.0 216.8 8.4 975.4
68.018 0.00041 0.00024 1.8 -0.0 -13.2 30.0 25.0 999.000 3.0 -1.324 -0.177 0.1 0.0 0.0 -2.6 -2.6 12 0.0 8049 1 1 0 0.0 22.6 15.1 0.065 66.0 0.004 0.0 0.0 0.0 225.7 0.9 975.0
68.617 0.00042 0.00024 2.0 -0.5 -12.9 31.2 25.0 999.000 3.0 -1.324 -0.177 0.1 0.0 0.0 -2.4 -2.4 12 0.0 8054 1 1 0 0.0 22.6 15.1 0.065 66.0 0.004 0.0 0.0 0.0 216.8 -2.9 989.5
69.018 0.00042 0.00024 2.1 -1.5 -12.5 32.5 25.0 999.000 3.0 -1.484 0.068 0.1 -6.2 -6.2 -2.1 -2.1 12 0.0 8024 1 1 0 0.0 22.6 15.1 0.065 66.0 0.004 0.0 0.0 0.0 221.5 -58.2 981.7
69.645 0.00043 0.00025 2.2 -6.0 -12.1 32.5 25.0 999.000 3.0 -1.484 0.068 0.1 -7.5 -7.5 0.0 0.0 12 0.0 8034 1 1 0 0.0 22.6 15.1 0.065 66.0 0.004 0.0 0.0 0.0 210.7 -92.4 973.7
70.018 0.00043 0.00025 2.3 -8.4 -11.5 32.1 25.0 999.000 3.0 -1.595 -0.092 0.1 -10.5 -4.5 0.0 0.0 12 0.0 8069 1 1 0 0.0 22.6 15.1 0.065 66.0 0.004 0.0 0.0 0.0 196.7 -112.0 977.9
70.619 0.00044 0.00025 2.4 -5.3 -10.7 31.9 25.0 999.000 3.0 -1.595 -0.092 0.1 -11.3 -2.9 0.0 0.0 12 0.0 8099 1 1 0 0.0 22.6 15.1 0.065 66.0 0.004 0.0 0.0 0.0 191.1 -47.5 983.8
71.020 0.00045 0.00026 2.5 -2.8 -9.9 32.0 25.0 999.000 3.0 -1.542 -0.042 0.1 -9.5 -4.2 0.0 0.0 12 8.4 8044 1 1 0 0.0 22.6 15.1 0.065 66.0 0.004 0.0 0.0 0.0 162.7 -25.1 988.1
71.622 0.00045 0.00026 2.6 -4.4 -9.0 31.5 25.0 999.000 3.0 -1.542 -0.042 0.1 -7.0 -7.0 0.0 0.0 12 8.3 8029 1 1 0 0.0 22.6 15.1 0.065 66.0 0.004 0.0 0.0 0.0 153.8 -128.0 962.3
72.017 0.00046 0.00026 2.7 -6.6 -8.2 30.8 25.0 999.000 3.0 -1.328 -0.115 0.1 -8.7 -4.3 0.0 0.0 12 0.0 8019 1 1 0 0.0 22.6 15.1 0.065 66.0 0.004 0.0 0.0 0.0 140.1 -105.0 1003.0
72.619 0.00046 0.00027 2.8 -4.1 -7.5 30.0 25.0 999.000 3.0 -1.328 -0.115 0.1 -9.1 -2.5 0.0 0.0 12 0.0 8089 1 1 0 0.0 22.6 15.1 0.065 66.0 0.004 0.0 0.0 0.0 132.5 -52.7 994.8
73.018 0.00047 0.00027 2.8 -0.8 -6.7 28.3 25.0 999.000 3.0 -1.531 -0.099 0.0 -2.0 2.0 0.0 0.0 12 0.0 8074 1 1 0 0.0 22.6 15.1 0.065 66.0 0.004 0.0 0.0 0.0 114.0 -5.0 980.3
73.622 0.00048 0.00027 2.9 1.7 -5.7 27.1 25.0 999.000 3.0 -1.531 -0.099 0.0 0.0 0.0 0.0 0.0 12 0.0 8089 1 1 0 0.0 22.6 15.1 0.065 66.0 0.004 0.0 0.0 0.0 100.2 -5.3 995.8
74.020 0.00048 0.00028 2.9 1.8 -4.5 25.3 25.0 999.000 3.0 -1.404 -0.265 0.1 0.0 0.0 0.0 0.0 12 0.0 8054 1 1 0 0.0 22.6 15.1 0.065 66.0 0.004 0.0 0.0 0.0 79.9 15.1 1039.0
74.634 0.00049 0.00028 3.0 0.8 -3.4 23.6 25.0 999.000 3.0 -1.404 -0.265 0.1 0.0 0.0 0.0 0.0 12 8.4 8084 1 1 0 0.0 22.6 15.1 0.065 66.0 0.004 0.0 0.0 0.0 67.1 -5.3 1014.0
75.017 0.00049 0.00028 3.0 -0.0 -2.5 23.0 25.0 999.000 3.0 -1.491 -0.087 0.0 0.0 0.0 0.0 0.0 12 0.0 8054 1 1 0 0.0 22.6 15.1 0.065 66.0 0.004 0.0 0.0 0.0 26.2 -8.3 999.3
75.622 0.00050 0.00028 3.0 -0.4 -1.6 22.2 25.0 999.000 3.0 -1.491 -0.087 0.0 0.0 0.0 0.0 0.0 12 0.0 8024 1 1 0 0.0 22.6 15.1 0.065 66.0 0.004 0.0 0.0 0.0 26.0 -16.7 1004.0
76.019 0.00051 0.00029 3.0 -0.4 -0.8 22.2 25.0 999.000 3.0 -1.455 0.021 0.0 0.0 0.0 0.0 0.0 12 0.0 8064 1 1 0 0.0 22.6 15.1 0.065 66.0 0.004 0.0 0.0 0.0 9.6 -15.4 999.5
76.618 0.00051 0.00029 2.9 -0.4 0.2 21.6 25.0 999.000 3.0 -1.455 0.021 0.0 0.0 0.0 0.0 0.0 12 0.0 8069 1 1 0 0.0 22.6 15.1 0.065 66.0 0.004 0.0 0.0 0.0 -1.6 -24.1 1018.0
77.021 0.00052 0.00029 2.9 -0.4 1.1 21.2 25.0 999.000 3.0 -1.491 -0.121 0.1 0.0 0.0 0.0 0.0 12 0.0 8084 1 1 0 0.0 22.6 15.1 0.065 66.0 0.004 0.0 0.0 0.0 -20.3 -10.1 1026.0
77.622 0.00052 0.00029 2.8 -0.6 2.0 20.5 25.0 999.000 3.0 -1.491 -0.121 0.1 0.0 0.0 0.0 0.0 12 0.0 8094 1 1 0 0.0 22.6 15.1 0.065 66.0 0.004 0.0 0.0 0.0 -33.1 -13.2 1020.0
78.018 0.00053 0.00030 2.8 -0.7 2.8 20.1 25.0 999.000 3.0 -1.420 -0.020 0.1 0.0 0.0 0.0 0.0 12 0.0 8084 1 1 0 0.0 22.6 15.1 0.065 66.0 0.004 0.0 0.0 0.0 -35.1 4.6 1032.0
78.620 0.00054 0.00030 2.7 -1.1 3.6 19.6 25.0 999.000 3.0 -1.420 -0.020 0.1 0.0 0.0 0.0 0.0 12 0.0 8059 1 1 0 0.0 22.6 15.1 0.065 66.0 0.004 0.0 0.0 0.0 -66.3 10.7 1024.0
79.019 0.00054 0.00030 2.6 -0.9 4.5 19.6 25.0 999.000 3.0 -1.659 -0.160 0.0 5.4 5.4 0.0 0.0 12 8.4 8074 1 1 0 0.0 22.6 15.1 0.065 66.0 0.004 0.0 0.0 0.0 -79.1 -38.2 987.6
79.642 0.00055 0.00030 2.5 3.4 5.4 20.1 25.0 999.000 3.0 -1.659 -0.160 0.0 5.4 5.4 0.0 0.0 12 0.0 8069 1 1 0 0.0 22.6 15.1 0.065 66.0 0.004 0.0 0.0 0.0 -104.0 72.1 994.6
80.022 0.00056 0.00030 2.4 5.7 6.1 20.8 25.0 999.000 3.0 -1.519 0.024 -0.0 1.7 -1.7 0.0 0.0 12 0.0 7999 1 1 0 0.0 22.6 15.1 0.065 66.0 0.004 0.0 0.0 0.0 -109.0 46.3 997.7
80.620 0.00056 0.00031 2.3 0.6 6.9 20.0 25.0 999.000 3.0 -1.519 0.024 -0.0 2.8 -2.9 0.0 0.0 12 8.4 7979 1 1 0 0.0 22.6 15.1 0.065 66.0 0.004 0.0 0.0 0.0 -125.0 14.4 1015.0
81.020 0.00057 0.00031 2.2 -3.8 7.8 19.8 25.0 999.000 3.0 -1.536 0.059 0.0 0.0 0.0 0.0 0.0 12 0.0 7994 1 1 0 0.0 22.6 15.1 0.065 66.0 0.004 0.0 0.0 0.0 -130.0 -64.8 1010.0
81.622 0.00058 0.00031 2.1 -1.5 8.5 20.0 25.0 999.000 3.0 -1.536 0.059 0.0 3.3 7.1 0.0 0.0 12 0.0 8094 1 1 0 0.0 22.6 15.1 0.065 66.0 0.004 0.0 0.0 0.0 -148.0 25.0 986.2
82.020 0.00058 0.00031 1.9 4.6 9.2 20.7 25.0 999.000 3.0 -1.455 -0.146 0.1 0.0 0.0 0.0 0.0 12 0.0 8084 1 1 0 0.0 22.6 15.1 0.065 66.0 0.004 0.0 0.0 0.0 -165.0 56.3 1008.0
82.620 0.00059 0.00032 1.8 2.3 9.8 20.8 25.0 999.000 3.0 -1.455 -0.146 0.1 2.3 -2.3 -2.2 -2.2 12 8.4 8074 1 1 0 0.0 22.6 15.1 0.065 66.0 0.004 0.0 0.0 0.0 -178.0 31.8 997.0
83.022 0.00059 0.00032 1.6 -1.3 9.7 20.5 25.0 999.000 3.0 -1.493 0.053 0.1 0.0 0.0 -2.5 -2.5 12 0.0 8109 1 1 0 0.0 22.6 15.1 0.065 66.0 0.004 0.0 0.0 0.0 -155.0 -53.8 1000.0
83.620 0.00060 0.00032 1.4 -1.5 9.3 20.7 25.0 999.000 3.0 -1.493 0.053 0.1 0.0 0.0 -2.8 -2.8 12 0.0 8094 1 1 0 0.0 22.6 15.1 0.065 66.0 0.004 0.0 0.0 0.0 -147.0 -36.4 987.2
84.021 0.00061 0.00032 1.3 -1.4 8.8 20.9 25.0 999.000 3.0 -1.631 -0.093 0.1 0.0 0.0 -3.1 -3.1 12 0.0 8099 1 1 0 0.0 22.6 15.1 0.065 66.0 0.004 0.0 0.0 0.0 -147.0 -47.1 984.1
84.647 0.00061 0.00033 1.1 -2.1 8.3 20.7 25.0 999.000 3.0 -1.631 -0.093 0.1 0.0 0.0 -3.4 -3.4 12 0.0 8054 1 1 0 0.0 22.6 15.1 0.065 66.0 0.004 0.0 0.0 0.0 -138.0 -18.0 986.8
85.021 0.00062 0.00033 1.0 -2.5 7.8 21.6 25.0 999.000 3.0 -1.627 -0.016 0.1 0.0 0.0 -3.7 -3.7 12 0.0 8049 1 1 0 0.0 22.6 15.1 0.065 66.0 0.004 0.0 0.0 0.0 -130.0 -58.3 994.0
85.624 0.00063 0.00033 0.9 -2.8 7.1 22.4 25.0 999.000 3.0 -1.627 -0.016 0.1 0.0 0.0 -4.0 -4.0 12 0.0 8049 1 1 0 0.0 22.6 15.1 0.065 66.0 0.004 0.0 0.0 0.0 -122.0 -13.6 1001.0
86.020 0.00063 0.00033 0.7 -2.9 6.4 23.3 25.0 999.000 3.0 -1.485 -0.103 0.1 0.0 0.0 -4.3 -4.3 12 0.0 8069 1 1 0 0.0 22.6 15.1 0.065 66.0 0.004 0.0 0.0 0.0 -106.0 -31.9 989.2
86.623 0.00064 0.00034 0.6 -2.9 5.2 24.0 25.0 999.000 3.0 -1.485 -0.103 0.1 0.0 0.0 -4.5 -4.5 12 0.0 8064 1 1 0 0.0 22.6 15.1 0.065 66.0 0.004 0.0 0.0 0.0 -87.6 -59.0 996.2
87.021 0.00065 0.00034 0.5 -2.9 4.5 24.6 25.0 999.000 3.0 -1.467 0.026 0.1 0.0 0.0 -4.8 -4.7 12 0.0 8074 1 1 0 0.0 22.6 15.1 0.065 66.0 0.004 0.0 0.0 0.0 -71.6 -56.4 1005.0
87.623 0.00065 0.00034 0.4 -3.1 3.9 24.8 25.0 999.000 3.0 -1.467 0.026 0.1 0.0 0.0 -4.9 -5.0 12 0.0 8019 1 1 0 0.0 22.6 15.1 0.065 66.0 0.004 0.0 0.0 0.0 -61.6 -51.8 1012.0
88.019 0.00066 0.00035 0.3 -3.5 3.1 25.9 25.0 999.000 3.0 -1.579 0.027 0.1 0.0 0.0 -5.1 -5.1 12 0.0 8049 1 1 0 0.0 22.6 15.1 0.065 66.0 0.004 0.0 0.0 0.0 -57.8 -49.2 970.3
88.630 0.00067 0.00035 0.3 -4.2 2.3 26.7 25.0 999.000 3.0 -1.579 0.027 0.1 0.0 0.0 -5.3 -5.3 12 0.0 8089 1 1 0 0.0 22.6 15.1 0.065 66.0 0.004 0.0 0.0 0.0 -30.7 -105.0 985.3
89.021 0.00067 0.00035 0.2 -4.1 0.5 27.3 25.0 999.000 3.0 -1.526 -0.064 0.1 0.0 0.0 -5.5 -5.5 12 0.0 8119 1 1 0 0.0 22.6 15.1 0.065 66.0 0.004 0.0 0.0 0.0 -13.3 -53.9 980.5
89.642 0.00068 0.00036 0.2 -5.5 -1.5 29.1 25.0 999.000 3.0 -1.526 -0.064 0.1 0.0 0.0 -5.6 -5.6 12 0.0 8174 1 1 0 0.0 22.6 15.1 0.065 66.0 0.004 0.0 0.0 0.0 40.4 -119.0 1008.0
90.022 0.00068 0.00036 0.2 -2.9 -2.3 28.8 25.0 999.000 3.0 -1.555 -0.069 0.0 0.0 0.0 -5.6 -5.6 12 0.0 8259 1 1 0 0.0 22.6 15.1 0.065 66.0 0.004 0.0 0.0 0.0 41.3 -18.4 978.3
90.640 0.00069 0.00036 0.2 -2.5 -2.5 28.7 25.0 999.000 3.0 -1.555 -0.069 0.0 0.0 0.0 -5.6 -5.6 0 0.0 4374 1 1 0 0.0 22.6 15.1 0.065 66.0 0.004 0.0 0.0 0.0 98.8 -50.5 1007.0
91.020 0.00070 0.00037 0.2 -7.7 -3.3 29.5 25.0 999.000 3.0 -1.663 0.005 0.0 0.0 0.0 -5.6 -5.6 0 0.0 0 1 1 0 0.0 22.6 15.1 0.065 66.0 0.004 0.0 0.0 0.0 79.7 -149.0 983.8
91.623 0.00070 0.00037 0.2 -6.9 -2.9 30.1 25.0 999.000 3.0 -1.663 0.005 0.0 0.0 0.0 -5.6 -5.6 0 0.0 0 1 1 0 0.0 22.6 15.1 0.065 66.0 0.004 0.0 0.0 0.0 76.2 -106.0 982.1
92.020 0.00071 0.00037 0.2 -4.3 -2.6 31.2 25.0 999.000 3.0 -1.257 0.015 0.1 0.0 0.0 -5.6 -5.6 0 0.0 0 1 1 0 0.0 22.6 15.1 0.065 66.0 0.004 0.0 0.0 0.0 66.2 -76.2 988.7
92.623 0.00071 0.00038 0.2 -1.7 -3.2 31.9 25.0 999.000 3.0 -1.257 0.015 0.1 0.0 0.0 -5.6 -5.6 0 0.0 0 1 1 0 0.0 22.6 15.1 0.065 66.0 0.004 0.0 0.0 0.0 82.1 -30.7 1016.0
93.022 0.00072 0.00038 0.2 1.8 -5.5 32.0 25.0 999.000 3.0 -1.027 -0.059 0.0 0.0 0.0 -5.6 -5.6 0 0.0 0 1 1 0 0.0 22.6 15.1 0.065 66.0 0.004 0.0 0.0 0.0 86.5 37.1 985.8
93.623 0.00072 0.00038 0.2 3.1 -6.3 32.2 25.0 999.000 3.0 -1.027 -0.059 0.0 0.0 0.0 -5.6 -5.6 0 0.0 0 1 1 0 0.0 22.6 15.1 0.065 66.0 0.004 0.0 0.0 0.0 111.6 47.9 993.4
94.021 0.00072 0.00038 0.2 2.8 -7.0 31.3 25.0 999.000 3.0 -0.845 -0.003 0.1 0.0 0.0 -5.6 -5.6 0 0.0 5 1 1 0 0.0 22.6 15.1 0.065 66.0 0.004 0.0 0.0 0.0 125.4 50.3 994.0
94.643 0.00073 0.00038 0.2 4.0 -6.6 32.5 25.0 999.000 3.0 -0.845 -0.003 0.1 0.0 0.0 -5.5 -5.6 0 0.0 0 1 1 0 0.0 22.6 15.1 0.065 66.0 0.004 0.0 0.0 0.0 116.0 73.9 989.3
95.021 0.00073 0.00039 0.2 4.3 -6.7 31.3 25.0 999.000 3.0 -0.850 0.095 0.0 0.0 0.0 -5.5 -5.5 0 0.0 0 1 1 0 0.0 22.6 15.1 0.065 66.0 0.004 0.0 0.0 0.0 112.5 61.1 988.1
95.622 0.00073 0.00039 0.3 4.5 -7.1 29.7 25.0 999.000 3.0 -0.850 0.095 0.0 0.0 0.0 -5.5 -5.5 0 0.0 0 1 1 0 0.0 22.6 15.1 0.065 66.0 0.004 0.0 0.0 0.0 125.4 84.4 988.3
96.023 0.00074 0.00039 0.3 4.6 -8.4 30.6 25.0 999.000 3.0 -0.715 -0.077 0.0 0.0 0.0 -5.5 -5.5 0 0.0 0 1 1 0 0.0 22.6 15.1 0.065 66.0 0.004 0.0 0.0 0.0 151.7 79.4 989.9
96.623 0.00074 0.00039 0.3 3.9 -8.6 31.1 25.0 999.000 3.0 -0.715 -0.077 0.0 0.0 0.0 -5.5 -5.5 0 0.0 5 1 1 0 0.0 22.6 15.1 0.065 66.0 0.004 0.0 0.0 0.0 142.5 61.9 975.1
97.022 0.00074 0.00039 0.3 5.2 -8.9 30.3 25.0 999.000 3.0 -0.639 -0.004 0.1 0.0 0.0 -5.4 -5.4 0 0.0 0 1 1 0 0.0 22.6 15.1 0.065 66.0 0.004 0.0 0.0 0.0 156.4 91.0 999.1
97.623 0.00074 0.00040 0.3 4.3 -9.3 30.7 25.0 999.000 3.0 -0.639 -0.004 0.1 0.0 0.0 -5.4 -5.4 0 0.0 0 1 1 0 0.0 22.6 15.1 0.065 66.0 0.004 0.0 0.0 0.0 161.5 75.1 968.1
98.021 0.00075 0.00040 0.3 4.4 -10.2 30.3 25.0 999.000 3.0 -0.525 0.033 0.1 0.0 0.0 -5.4 -5.4 0 0.0 0 1 1 0 0.0 22.6 15.1 0.065 66.0 0.004 0.0 0.0 0.0 176.1 69.0 993.4
98.621 0.00075 0.00040 0.3 4.8 -10.7 30.7 25.0 999.000 3.0 -0.525 0.033 0.1 0.0 0.0 -5.3 -5.3 0 0.0 0 1 1 0 0.0 22.6 15.1 0.065 66.0 0.004 0.0 0.0 0.0 181.4 94.5 976.2
99.022 0.00075 0.00040 0.4 4.2 -10.8 31.7 25.0 999.000 3.0 -0.572 -0.077 0.0 0.0 0.0 -5.3 -5.3 0 0.0 0 1 1 0 0.0 22.6 15.1 0.065 66.0 0.004 0.0 0.0 0.0 188.8 63.2 977.2
99.639 0.00075 0.00040 0.4 5.1 -11.5 30.8 25.0 999.000 3.0 -0.572 -0.077 0.0 0.0 0.0 -5.3 -5.3 0 0.0 0 1 1 0 0.0 22.6 15.1 0.065 66.0 0.004 0.0 0.0 0.0 205.8 91.8 984.7
100.022 0.00075 0.00040 0.4 5.5 -12.2 31.8 25.0 999.000 3.0 -0.435 -0.091 0.0 0.0 0.0 -5.3 -5.3 0 0.0 0 1 1 0 0.0 22.6 15.2 0.065 66.0 0.004 0.0 0.0 0.0 210.1 94.2 965.2
100.621 0.00076 0.00040 0.4 4.3 -12.8 32.1 25.0 999.000 3.0 -0.435 -0.091 0.0 0.0 0.0 -5.2 -5.2 0 0.0 0 1 1 0 0.0 22.6 15.2 0.065 66.0 0.004 0.0 0.0 0.0 215.4 66.5 974.4
101.021 0.00076 0.00040 0.4 4.7 -12.9 32.5 25.0 999.000 3.0 -0.304 0.081 0.1 0.0 0.0 -5.2 -5.2 0 0.0 0 1 1 0 0.0 22.6 15.2 0.065 66.0 0.004 0.0 0.0 0.0 230.0 88.4 972.3
101.623 0.00076 0.00040 0.4 5.3 -13.9 33.3 25.0 999.000 3.0 -0.304 0.081 0.1 0.0 0.0 -5.2 -5.2 0 0.0 0 1 1 0 0.0 22.6 15.2 0.065 66.0 0.004 0.0 0.0 0.0 240.6 72.2 970.0
102.022 0.00076 0.00040 0.4 5.0 -13.8 33.7 25.0 999.000 3.0 -0.388 0.133 0.1 0.0 0.0 -5.2 -5.2 0 0.0 5 1 1 0 0.0 22.6 15.2 0.065 66.0 0.004 0.0 0.0 0.0 239.4 101.0 958.0
102.621 0.00076 0.00041 0.4 5.2 -14.9 34.6 25.0 999.000 3.0 -0.388 0.133 0.1 0.0 0.0 -5.2 -5.2 0 0.0 0 1 1 0 0.0 22.6 15.2 0.065 66.0 0.004 0.0 0.0 0.0 252.9 76.8 977.9
103.023 0.00076 0.00041 0.4 4.5 -14.6 34.8 25.0 999.000 3.0 -0.282 -0.209 0.1 0.0 0.0 -5.2 -5.2 0 0.0 0 1 1 0 0.0 22.6 15.2 0.065 66.0 0.004 0.0 0.0 0.0 257.0 88.2 959.3
103.622 0.00076 0.00041 0.4 5.6 -14.8 36.6 25.0 999.000 3.0 -0.282 -0.209 0.1 0.0 0.0 -5.1 -5.1 0 0.0 0 1 1 0 0.0 22.6 15.2 0.065 66.0 0.004 0.0 0.0 0.0 252.0 88.0 950.6
104.021 0.00077 0.00041 0.4 5.7 -15.2 36.5 25.0 999.000 3.0 -0.386 -0.065 0.1 0.0 0.0 -5.1 -5.1 0 0.0 0 1 1 0 0.0 22.6 15.2 0.065 66.0 0.004 0.0 0.0 0.0 260.1 99.3 979.6
104.643 0.00077 0.00041 0.4 5.0 -15.0 36.2 25.0 999.000 3.0 -0.386 -0.065 0.1 0.0 0.0 -5.1 -5.1 0 0.0 0 1 1 0 0.0 22.6 15.2 0.065 66.0 0.004 0.0 0.0 0.0 260.4 89.9 956.5
105.022 0.00077 0.00041 0.4 5.0 -15.1 36.6 25.0 999.000 3.0 -0.302 -0.040 0.1 0.0 0.0 -5.1 -5.1 0 0.0 0 1 1 0 0.0 22.6 15.2 0.065 66.0 0.004 0.0 0.0 0.0 256.1 77.9 962.8
105.621 0.00077 0.00041 0.4 5.1 -14.6 37.1 25.0 999.000 3.0 -0.302 -0.040 0.1 0.0 0.0 -5.1 -5.1 0 0.0 0 1 1 0 0.0 22.6 15.2 0.065 66.0 0.004 0.0 0.0 0.0 253.8 97.5 958.7
106.024 0.00077 0.00041 0.4 5.5 -14.7 37.0 25.0 999.000 3.0 -0.280 0.188 0.1 0.0 0.0 -5.1 -5.1 0 0.0 0 1 1 0 0.0 22.6 15.2 0.065 66.0 0.004 0.0 0.0 0.0 249.3 83.4 967.2
106.623 0.00077 0.00041 0.4 6.1 -14.0 36.1 25.0 999.000 3.0 -0.280 0.188 0.1 0.0 0.0 -5.2 -5.2 0 0.0 0 1 1 0 0.0 22.6 15.2 0.065 66.0 0.004 0.0 0.0 0.0 246.5 108.0 971.5
107.022 0.00077 0.00041 0.4 5.5 -13.9 35.4 25.0 999.000 3.0 -0.202 0.051 0.1 0.0 0.0 -5.2 -5.2 0 0.0 0 1 1 0 0.0 22.6 15.2 0.065 66.0 0.004 0.0 0.0 0.0 234.6 85.2 962.2
107.624 0.00077 0.00041 0.4 5.3 -13.4 36.3 25.0 999.000 3.0 -0.202 0.051 0.1 0.0 0.0 -5.2 -5.2 0 0.0 0 1 1 0 0.0 22.6 15.2 0.065 66.0 0.004 0.0 0.0 0.0 229.6 94.6 965.0
108.023 0.00078 0.00042 0.4 6.0 -12.7 35.2 25.0 999.000 3.0 -0.388 0.039 0.1 0.0 0.0 -5.2 -5.2 0 0.0 0 1 1 0 0.0 22.6 15.2 0.065 66.0 0.004 0.0 0.0 0.0 218.7 103.1 972.9
108.622 0.00078 0.00042 0.4 5.4 -12.1 34.8 25.0 999.000 3.0 -0.388 0.039 0.1 0.0 0.0 -5.2 -5.2 0 0.0 0 1 1 0 0.0 22.6 15.2 0.065 66.0 0.004 0.0 0.0 0.0 209.4 73.2 982.6
109.025 0.00078 0.00042 0.4 6.4 -11.6 34.2 25.0 999.000 3.0 -0.135 0.115 0.1 0.0 0.0 -5.3 -5.2 0 0.0 0 1 1 0 0.0 22.6 15.2 0.065 66.0 0.004 0.0 0.0 0.0 195.9 116.3 962.7
109.645 0.00078 0.00042 0.3 5.8 -10.7 33.2 25.0 999.000 3.0 -0.135 0.115 0.1 0.0 0.0 -5.3 -5.3 0 0.0 5 1 1 0 0.0 22.6 15.2 0.065 66.0 0.004 0.0 0.0 0.0 184.0 96.2 979.1
110.022 0.00078 0.00042 0.3 5.0 -9.9 33.0 25.0 999.000 3.0 -0.122 0.112 0.1 0.0 0.0 -5.3 -5.3 0 0.0 0 1 1 0 0.0 22.6 15.2 0.065 66.0 0.004 0.0 0.0 0.0 174.4 80.2 991.4
110.624 0.00078 0.00042 0.3 6.0 -9.2 32.2 25.0 999.000 3.0 -0.122 0.112 0.1 0.0 0.0 -5.3 -5.3 0 0.0 0 1 1 0 0.0 22.6 15.2 0.065 66.0 0.004 0.0 0.0 0.0 154.9 112.8 981.7
111.024 0.00078 0.00042 0.3 6.3 -8.2 31.1 25.0 999.000 3.0 -0.132 0.114 0.1 0.0 0.0 -5.4 -5.4 0 0.0 5 1 1 0 0.0 22.6 15.2 0.065 66.0 0.004 0.0 0.0 0.0 135.6 99.1 975.3
111.622 0.00078 0.00042 0.3 6.0 -7.2 30.1 25.0 999.000 3.0 -0.132 0.114 0.1 0.0 0.0 -5.4 -5.4 0 0.0 0 1 1 0 0.0 22.6 15.2 0.065 66.0 0.004 0.0 0.0 0.0 126.5 106.4 1001.0
112.025 0.00078 0.00042 0.3 5.8 -6.7 29.5 25.0 999.000 3.0 -0.192 0.145 0.1 0.0 0.0 -5.4 -5.4 0 0.0 0 1 1 0 0.0 22.6 15.2 0.065 66.0 0.004 0.0 0.0 0.0 107.0 111.5 988.2
112.623 0.00078 0.00042 0.3 5.8 -4.5 29.4 25.0 999.000 3.0 -0.192 0.145 0.1 0.0 0.0 -5.5 -5.5 0 0.0 0 1 1 0 0.0 22.6 15.2 0.065 66.0 0.004 0.0 0.0 0.0 85.5 85.8 979.3
113.024 0.00078 0.00042 0.2 7.0 -4.8 28.3 25.0 999.000 3.0 -0.203 -0.007 0.1 0.0 0.0 -5.5 -5.5 0 0.0 5 1 1 0 0.0 22.6 15.2 0.065 66.0 0.004 0.0 0.0 0.0 77.0 120.4 1003.0
113.624 0.00079 0.00042 0.2 6.3 -3.4 27.2 25.0 999.000 3.0 -0.203 -0.007 0.1 0.0 0.0 -5.5 -5.5 0 0.0 0 1 1 0 0.0 22.6 15.2 0.065 66.0 0.004 0.0 0.0 0.0 55.6 124.5 990.1
114.024 0.00079 0.00042 0.2 4.4 -2.1 27.6 25.0 999.000 3.0 -0.172 -0.004 0.1 0.0 0.0 -5.6 -5.6 0 0.0 5 1 1 0 0.0 22.6 15.2 0.065 66.0 0.004 0.0 0.0 0.0 37.0 57.6 982.8
114.655 0.00079 0.00042 0.2 6.9 -1.3 25.9 25.0 999.000 3.0 -0.172 -0.004 0.1 0.0 0.0 -5.6 -5.6 0 0.0 0 1 1 0 0.0 22.6 15.2 0.065 66.0 0.004 0.0 0.0 0.0 17.6 124.5 999.2
115.024 0.00079 0.00042 0.2 7.2 -0.7 25.5 25.0 999.000 3.0 -0.215 -0.115 0.0 0.0 0.0 -5.6 -5.6 0 0.0 0 1 1 0 0.0 22.6 15.2 0.065 66.0 0.004 0.0 0.0 0.0 9.5 128.3 997.2
115.627 0.00079 0.00042 0.1 5.5 0.9 24.7 25.0 999.000 3.0 -0.215 -0.115 0.0 0.0 0.0 -5.7 -5.7 0 0.0 5 1 1 0 0.0 22.6 15.2 0.065 66.0 0.004 0.0 0.0 0.0 -19.1 80.4 984.3
116.024 0.00079 0.00042 0.1 6.6 1.7 24.4 25.0 999.000 3.0 -0.063 0.042 0.1 0.0 0.0 -5.7 -5.7 0 0.0 0 1 1 0 0.0 22.6 15.2 0.065 66.0 0.004 0.0 0.0 0.0 -21.2 138.0 1005.0
116.625 0.00079 0.00042 0.1 6.7 1.6 23.5 25.0 999.000 3.0 -0.063 0.042 0.1 0.0 0.0 -5.8 -5.8 0 0.0 0 1 1 0 0.0 22.6 15.2 0.065 66.0 0.004 0.0 0.0 0.0 -42.4 101.4 982.9
117.025 0.00079 0.00042 0.1 7.3 1.5 22.4 25.0 999.000 3.0 -0.055 0.107 0.1 0.0 0.0 -5.8 -5.8 0 0.0 5 1 1 0 0.0 22.6 15.2 0.065 66.0 0.004 0.0 0.0 0.0 -15.8 127.8 984.3
117.626 0.00079 0.00042 0.1 6.6 -0.0 22.1 25.0 999.000 3.0 -0.055 0.107 0.1 0.0 0.0 -5.8 -5.8 0 0.0 5 1 1 0 0.0 22.6 15.2 0.065 66.0 0.004 0.0 0.0 0.0 3.8 112.7 1005.0
118.023 0.00079 0.00042 0.1 6.2 -0.4 20.7 25.0 999.000 3.0 -0.077 -0.066 -0.0 0.0 0.0 -5.7 -5.7 0 0.0 0 1 1 0 0.0 22.6 15.2 0.065 66.0 0.004 0.0 0.0 0.0 -1.3 94.7 986.2
118.622 0.00079 0.00042 0.2 6.8 -0.4 20.5 25.0 999.000 3.0 -0.077 -0.066 -0.0 0.0 0.0 -5.7 -5.7 0 0.0 0 1 1 0 0.0 22.6 15.2 0.065 66.0 0.004 0.0 0.0 0.0 6.4 125.4 1000.0
119.025 0.00079 0.00042 0.2 5.7 0.4 18.8 25.0 999.000 3.0 -0.130 -0.017 -0.0 0.0 0.0 -5.7 -5.7 0 0.0 0 1 1 0 0.0 22.6 15.2 0.065 66.0 0.004 0.0 0.0 0.0 -5.0 85.5 986.3
119.660 0.00079 0.00043 0.2 6.7 0.3 18.6 25.0 999.000 3.0 -0.130 -0.017 -0.0 0.0 0.0 -5.7 -5.7 0 0.0 0 1 1 0 0.0 22.6 15.2 0.065 66.0 0.004 0.0 0.0 0.0 -10.0 140.2 991.1
120.023 0.00079 0.00043 0.2 5.0 0.4 19.3 25.0 999.000 3.0 -0.299 -0.056 -0.0 0.0 0.0 -5.7 -5.7 0 0.0 5 1 1 0 0.0 22.6 15.2 0.065 66.0 0.004 0.0 0.0 0.0 -14.6 63.6 989.2
120.635 0.00080 0.00043 0.2 5.9 0.4 17.7 25.0 999.000 3.0 -0.299 -0.056 -0.0 0.0 0.0 -5.7 -5.7 0 0.0 0 1 1 0 0.0 22.6 15.2 0.065 66.0 0.004 0.0 0.0 0.0 -2.7 106.4 1013.0
121.024 0.00080 0.00043 0.2 8.0 0.9 18.0 25.0 999.000 3.0 -0.201 0.018 -0.0 0.0 0.0 -5.7 -5.7 0 0.0 0 1 1 0 0.0 22.6 15.2 0.065 66.0 0.004 0.0 0.0 0.0 -16.7 146.1 975.3
121.625 0.00080 0.00043 0.2 4.8 -0.3 18.4 25.0 999.000 3.0 -0.201 0.018 -0.0 0.0 0.0 -5.7 -5.7 0 0.0 0 1 1 0 0.0 22.6 15.2 0.065 66.0 0.004 0.0 0.0 0.0 -2.1 61.0 995.6
122.026 0.00080 0.00043 0.1 5.3 0.5 16.7 25.0 999.000 3.0 -0.092 0.030 -0.0 0.0 0.0 -5.7 -5.7 0 0.0 0 1 1 0 0.0 22.6 15.2 0.065 66.0 0.004 0.0 0.0 0.0 -9.9 92.4 1000.0
122.624 0.00080 0.00043 0.1 7.9 0.4 16.9 25.0 999.000 3.0 -0.092 0.030 -0.0 0.0 0.0 -5.7 -5.7 0 0.0 0 1 1 0 0.0 22.6 15.2 0.065 66.0 0.004 0.0 0.0 0.0 -0.8 146.9 1001.0
123.024 0.00080 0.00043 0.1 6.7 0.7 17.2 25.0 999.000 3.0 -0.116 0.118 0.1 0.0 0.0 -5.7 -5.7 0 0.0 5 1 1 0 0.0 22.6 15.2 0.065 66.0 0.004 0.0 0.0 0.0 -20.6 108.9 976.4
123.626 0.00080 0.00043 0.1 4.7 0.4 15.9 25.0 999.000 3.0 -0.116 0.118 0.1 0.0 0.0 -5.7 -5.7 0 0.0 0 1 1 0 0.0 22.6 15.2 0.065 66.0 0.004 0.0 0.0 0.0 -17.0 86.5 1011.0
124.024 0.00080 0.00043 0.1 6.4 2.3 16.4 25.0 999.000 3.0 -0.186 -0.113 0.0 0.0 0.0 -5.8 -5.8 0 0.0 0 1 1 0 0.0 22.6 15.2 0.065 66.0 0.004 0.0 0.0 0.0 -40.5 99.0 981.0
124.653 0.00080 0.00043 0.1 8.4 1.6 16.0 25.0 999.000 3.0 -0.186 -0.113 0.0 0.0 0.0 -5.8 -5.8 0 0.0 0 1 1 0 0.0 22.6 15.2 0.065 66.0 0.004 0.0 0.0 0.0 -27.6 144.6 993.1
125.026 0.00080 0.00043 0.1 5.9 1.7 15.6 25.0 999.000 3.0 -0.234 -0.041 0.0 0.0 0.0 -5.8 -5.8 0 0.0 0 1 1 0 0.0 22.6 15.2 0.065 66.0 0.004 0.0 0.0 0.0 -29.3 91.5 997.0
125.625 0.00080 0.00043 0.1 6.1 1.3 14.9 25.0 999.000 3.0 -0.234 -0.041 0.0 0.0 0.0 -5.8 -5.8 0 0.0 0 1 1 0 0.0 22.6 15.2 0.065 66.0 0.004 0.0 0.0 0.0 -25.2 126.4 980.9
126.024 0.00080 0.00043 0.1 6.9 1.2 14.8 25.0 999.000 3.0 -0.163 0.104 0.0 0.0 0.0 -5.8 -5.8 0 0.0 0 1 1 0 0.0 22.6 15.2 0.065 66.0 0.004 0.0 0.0 0.0 -23.1 96.7 1015.0
126.625 0.00081 0.00043 0.1 7.6 1.9 14.5 25.0 999.000 3.0 -0.163 0.104 0.0 0.0 0.0 -5.7 -5.7 0 0.0 0 1 1 0 0.0 22.6 15.2 0.065 66.0 0.004 0