7.218 0.00000 0.00000 0.2 3.5 -4.3 28.3 999.0 999.000 999.0 nan nan nan 0.0 0.0 0.0 0.0 0 0.0 0 0 0 0 0.0 0.0 0.0 0.000 0.0 0.000 0.0 0.0 0.0 55.6 58.4 1024.0
7.721 0.00000 0.00000 0.2 4.8 -1.8 26.2 999.0 999.000 999.0 nan nan nan 0.0 0.0 0.0 0.0 0 0.0 5 0 0 0 0.0 22.6 15.2 0.065 66.0 0.004 0.0 0.0 0.0 38.3 84.2 1007.0
8.218 0.00000 0.00000 0.2 4.7 -0.3 23.6 999.0 999.000 999.0 nan nan nan 0.0 0.0 0.0 0.0 0 0.0 0 0 0 0 0.0 22.6 15.2 0.065 66.0 0.004 0.0 0.0 0.0 9.0 65.5 981.7
8.718 0.00000 0.00000 0.2 4.7 -0.6 23.2 999.0 999.000 999.0 nan nan nan 0.0 0.0 0.0 0.0 0 0.0 0 0 0 0 0.0 22.6 15.2 0.065 66.0 0.004 0.0 0.0 0.0 -4.4 80.5 994.0
9.121 0.00000 0.00000 0.1 3.7 0.6 20.7 999.0 999.000 999.0 0.043 -0.034 0.1 0.0 0.0 0.0 0.0 0 0.0 0 0 0 0 0.0 22.6 15.2 0.065 66.0 0.004 0.0 0.0 0.0 -21.1 63.5 992.0
9.719 0.00000 0.00000 0.1 4.9 1.7 18.0 999.0 999.000 999.0 0.043 -0.034 0.1 0.0 0.0 0.0 0.0 0 0.0 0 0 0 0 0.0 22.6 15.2 0.065 66.0 0.004 0.0 0.0 0.0 -37.0 84.2 996.0
10.119 0.00000 0.00000 0.1 5.3 2.2 17.9 999.0 999.000 999.0 -0.148 -0.058 0.0 0.0 0.0 0.0 0.0 0 0.0 5 0 0 0 0.0 22.6 15.2 0.065 66.0 0.004 0.0 0.0 0.0 -23.5 96.1 1010.0
10.720 0.00000 0.00000 0.1 3.0 1.9 15.6 999.0 999.000 999.0 -0.148 -0.058 0.0 0.0 0.0 0.0 0.0 0 0.0 0 0 0 0 0.0 22.6 15.2 0.065 66.0 0.004 0.0 0.0 0.0 -26.9 25.8 986.4
11.139 0.00000 0.00000 0.1 5.8 0.5 13.8 999.0 999.000 999.0 -0.113 -0.049 0.0 0.0 0.0 0.0 0.0 0 0.0 0 0 0 0 0.0 22.6 15.2 0.065 66.0 0.004 0.0 0.0 0.0 -24.0 110.4 1003.0
11.720 0.00000 0.00000 0.1 4.8 2.0 13.0 999.0 999.000 999.0 -0.113 -0.049 0.0 0.0 0.0 0.0 0.0 0 0.0 5 0 0 0 0.0 22.6 15.2 0.065 66.0 0.004 0.0 0.0 0.0 -36.4 82.3 970.2
12.120 0.00000 0.00000 0.1 2.3 1.9 10.8 999.0 999.000 999.0 -0.053 0.178 -0.0 0.0 0.0 0.0 0.0 0 0.0 0 0 0 0 0.0 22.6 15.2 0.065 66.0 0.004 0.0 0.0 0.0 -32.2 24.3 1013.0
12.718 0.00000 0.00000 0.1 6.1 1.9 10.0 999.0 999.000 999.0 -0.053 0.178 -0.0 0.0 0.0 0.0 0.0 0 0.0 0 0 0 0 0.0 22.6 15.2 0.065 66.0 0.004 0.0 0.0 0.0 -30.0 125.0 1002.0
13.125 0.00001 0.00000 0.1 5.4 2.8 10.0 999.0 999.000 999.0 -0.054 -0.026 0.0 0.0 0.0 0.0 0.0 0 0.0 0 0 0 0 0.0 22.6 15.2 0.065 66.0 0.004 0.0 0.0 0.0 -41.9 87.7 988.0
13.719 0.00001 0.00000 0.1 2.0 1.6 10.8 999.0 999.000 999.0 -0.054 -0.026 0.0 0.0 0.0 0.0 0.0 0 0.0 0 0 0 0 0.0 22.6 15.2 0.065 66.0 0.004 0.0 0.0 0.0 -44.5 6.3 1002.0
14.119 0.00001 0.00000 0.1 4.2 1.5 11.0 999.0 999.000 999.0 0.091 0.041 0.0 0.0 0.0 0.0 0.0 0 0.0 0 0 0 0 0.0 22.6 15.2 0.065 66.0 0.004 0.0 0.0 0.0 -32.5 82.9 1001.0
14.720 0.00001 0.00000 0.1 6.8 3.5 10.6 999.0 999.000 999.0 0.091 0.041 0.0 0.0 0.0 0.0 0.0 0 0.0 0 0 0 0 0.0 22.6 15.2 0.065 66.0 0.004 0.0 0.0 0.0 -35.3 132.7 976.5
15.120 0.00001 0.00000 0.1 3.3 0.9 11.7 999.0 999.000 999.0 -0.065 -0.035 0.0 0.0 0.0 0.0 0.0 0 0.0 5 0 0 0 0.0 22.6 15.2 0.065 66.0 0.004 0.0 0.0 0.0 -41.2 39.7 997.3
15.733 0.00001 0.00000 0.1 2.5 0.6 12.5 999.0 999.000 999.0 -0.065 -0.035 0.0 0.0 0.0 0.0 0.0 0 0.0 0 0 0 0 0.0 22.6 15.2 0.065 66.0 0.004 0.0 0.0 0.0 -20.5 54.5 1021.0
16.151 0.00001 0.00000 0.1 6.9 3.1 11.5 999.0 999.000 999.0 -0.163 -0.201 0.0 0.0 0.0 0.0 0.0 0 0.0 0 0 0 0 0.0 22.6 15.2 0.065 66.0 0.004 0.0 0.0 0.0 -39.5 126.9 977.5
16.729 0.00001 0.00000 0.1 5.8 1.6 13.4 999.0 999.000 999.0 -0.163 -0.201 0.0 0.0 0.0 0.0 0.0 0 0.0 0 0 0 0 0.0 22.6 15.2 0.065 66.0 0.004 0.0 0.0 0.0 -42.6 88.6 985.9
17.118 0.00001 0.00000 0.1 1.9 0.7 13.6 999.0 999.000 999.0 0.083 -0.128 -0.0 0.0 0.0 0.0 0.0 0 0.0 0 0 0 0 0.0 22.6 15.2 0.065 66.0 0.004 0.0 0.0 0.0 -13.8 41.7 1020.0
17.731 0.00001 0.00000 0.1 3.9 1.1 13.3 25.0 999.000 999.0 0.083 -0.128 -0.0 0.0 0.0 0.0 0.0 0 0.0 0 1 0 0 0.0 22.6 15.2 0.065 66.0 0.004 0.0 0.0 0.0 -23.2 80.8 972.9
18.119 0.00001 0.00000 0.1 7.5 0.5 15.4 25.0 999.000 999.0 -0.047 -0.176 0.1 0.0 0.0 0.0 0.0 0 0.0 0 1 0 0 0.0 22.6 15.2 0.065 66.0 0.004 0.0 0.0 0.0 -10.1 133.2 1013.0
18.733 0.00001 0.00000 0.1 3.8 1.8 15.2 25.0 999.000 999.0 -0.047 -0.176 0.1 0.0 0.0 0.0 0.0 0 0.0 0 1 0 0 0.0 22.6 15.2 0.065 66.0 0.004 0.0 0.0 0.0 -30.6 62.1 993.5
19.132 0.00001 0.00000 0.1 2.3 1.0 15.8 25.0 999.000 999.0 -0.111 -0.019 0.0 0.0 0.0 0.0 0.0 0 0.0 5 1 0 0 0.0 22.6 15.2 0.065 66.0 0.004 0.0 0.0 0.0 -16.1 33.2 1010.0
19.729 0.00001 0.00000 0.1 5.4 1.6 16.7 25.0 999.000 3.0 -0.111 -0.019 0.0 0.0 0.0 0.0 0.0 0 0.0 0 1 1 0 0.0 22.6 15.2 0.065 66.0 0.004 0.0 0.0 0.0 -33.8 120.2 978.6
20.119 0.00001 0.00000 0.1 4.6 0.7 16.9 25.0 999.000 3.0 -0.015 -0.078 0.0 0.0 0.0 -2.9 -2.9 0 0.0 0 1 1 0 0.0 22.6 15.2 0.065 66.0 0.004 0.0 0.0 0.0 -22.7 41.9 993.1
20.733 0.00001 0.00000 0.1 5.2 1.5 17.5 25.0 999.000 3.0 -0.015 -0.078 0.0 0.0 0.0 -2.9 -2.9 0 0.0 0 1 1 0 0.0 22.6 15.2 0.065 66.0 0.004 0.0 0.0 0.0 -11.5 115.2 1019.0
21.155 0.00001 0.00000 0.1 2.2 2.0 18.0 25.0 999.000 3.0 -0.046 -0.048 0.0 0.0 0.0 -2.9 -2.9 0 0.0 0 1 1 0 0.0 22.6 15.2 0.065 66.0 0.004 0.0 0.0 0.0 -35.2 31.7 974.3
21.729 0.00001 0.00000 0.1 3.9 0.5 18.9 25.0 999.000 3.0 -0.046 -0.048 0.0 0.0 0.0 -2.9 -2.9 0 0.0 0 1 1 0 0.0 22.6 15.2 0.065 66.0 0.004 0.0 0.0 0.0 -39.2 87.2 982.5
22.121 0.00002 0.00000 0.1 4.9 2.3 19.6 25.0 999.000 3.0 0.137 -0.048 -0.0 0.0 0.0 -2.9 -2.9 0 0.0 0 1 1 0 0.0 22.6 15.2 0.065 66.0 0.004 0.0 0.0 0.0 -25.8 55.6 1041.0
22.731 0.00002 0.00000 0.1 5.4 3.3 19.4 25.0 999.000 3.0 0.137 -0.048 -0.0 0.0 0.0 -2.9 -2.9 0 0.0 0 1 1 0 0.0 22.6 15.2 0.065 66.0 0.004 0.0 0.0 0.0 -51.3 101.9 965.3
23.120 0.00002 0.00000 0.1 2.4 1.2 20.9 25.0 999.000 3.0 -0.096 -0.061 0.1 0.0 0.0 -2.9 -2.9 0 0.0 0 1 1 0 0.0 22.6 15.2 0.065 66.0 0.004 0.0 0.0 0.0 -42.3 38.4 988.9
23.742 0.00002 0.00000 0.1 2.6 1.8 20.8 25.0 999.000 3.0 -0.096 -0.061 0.1 0.0 0.0 -2.9 -2.9 0 0.0 0 1 1 0 0.0 22.6 15.2 0.065 66.0 0.004 0.0 0.0 0.0 -19.9 56.1 1007.0
24.131 0.00002 0.00000 0.1 6.6 1.6 21.7 25.0 999.000 3.0 0.029 0.025 -0.0 0.0 0.0 -2.9 -2.9 0 0.0 0 1 1 0 0.0 22.6 15.2 0.065 66.0 0.004 0.0 0.0 0.0 -18.9 118.3 986.2
24.745 0.00002 0.00000 0.1 5.8 0.4 21.6 25.0 999.000 3.0 0.029 0.025 -0.0 0.0 0.0 -2.9 -2.9 0 0.0 0 1 1 0 0.0 22.6 15.2 0.065 66.0 0.004 0.0 0.0 0.0 -13.6 97.4 1017.0
25.132 0.00002 0.00000 0.1 7.3 1.6 21.9 25.0 999.000 3.0 0.094 -0.073 0.0 0.0 0.0 -2.9 -2.9 12 10.0 7569 1 1 0 0.0 22.6 15.2 0.065 66.0 0.004 0.0 0.0 0.0 -84.4 168.3 988.7
25.730 0.00002 0.00001 0.2 22.8 1.8 22.5 25.0 999.000 3.0 0.094 -0.073 0.0 0.0 0.0 -2.9 -2.9 12 8.4 7754 1 1 0 0.0 22.6 15.2 0.065 66.0 0.004 0.0 0.0 0.0 -92.5 414.8 885.8
26.142 0.00002 0.00001 0.1 20.2 -0.4 22.0 25.0 999.000 3.0 -0.426 -0.111 -0.0 0.0 0.0 -2.9 -2.8 12 0.0 7979 1 1 0 0.0 22.6 15.2 0.065 66.0 0.004 0.0 0.0 0.0 35.1 307.5 1130.0
26.732 0.00002 0.00001 0.1 8.5 -0.7 23.7 25.0 999.000 3.0 -0.426 -0.111 -0.0 0.0 0.0 -2.9 -2.9 12 0.0 8939 1 1 0 0.0 22.6 15.1 0.065 66.0 0.004 0.0 0.0 0.0 3.9 3.3 922.3
27.131 0.00003 0.00001 0.1 -2.2 -2.5 24.6 25.0 999.000 3.0 -0.834 -0.063 0.0 0.0 0.0 -2.9 -2.9 12 0.0 9149 1 1 0 0.0 22.6 15.1 0.065 66.0 0.004 0.0 0.0 0.0 70.3 -60.6 1088.0
27.731 0.00003 0.00001 0.1 -0.7 -1.7 25.5 25.0 999.000 3.0 -0.834 -0.063 0.0 0.0 0.0 -2.9 -2.9 12 0.0 9193 1 1 0 0.0 22.6 15.1 0.065 66.0 0.004 0.0 0.0 0.0 73.6 20.3 1077.0
28.121 0.00003 0.00001 0.2 1.5 -2.9 27.2 25.0 999.000 3.0 -1.009 -0.125 0.1 0.0 0.0 -2.9 -2.9 12 0.0 8949 1 1 0 0.0 22.6 15.1 0.065 66.0 0.004 0.0 0.0 0.0 46.3 25.6 1084.0
28.729 0.00004 0.00001 0.2 1.6 -3.3 28.0 25.0 999.000 3.0 -1.009 -0.125 0.1 0.0 0.0 -2.9 -2.8 12 0.0 9238 1 1 0 0.0 22.6 15.1 0.065 66.0 0.004 0.0 0.0 0.0 74.6 43.4 1032.0
29.122 0.00004 0.00002 0.2 3.3 -4.1 28.8 25.0 999.000 3.0 -1.252 0.070 0.1 0.0 0.0 -2.8 -2.8 12 0.0 8859 1 1 0 0.0 22.6 15.1 0.065 66.0 0.004 0.0 0.0 0.0 60.3 -73.6 958.3
29.732 0.00005 0.00002 0.2 3.6 -4.2 29.7 25.0 999.000 3.0 -1.252 0.070 0.1 0.0 0.0 -2.8 -2.8 12 0.0 9183 1 1 0 0.0 22.6 15.1 0.065 66.0 0.004 0.0 0.0 0.0 117.8 141.4 1034.0
30.129 0.00005 0.00002 0.3 3.9 -7.9 30.6 25.0 999.000 3.0 -1.348 0.032 0.0 0.0 0.0 -2.8 -2.8 12 8.4 8609 1 1 0 0.0 22.6 15.1 0.065 66.0 0.004 0.0 0.0 0.0 165.3 238.9 1125.0
30.741 0.00006 0.00003 0.3 5.0 -9.5 31.4 25.0 999.000 3.0 -1.348 0.032 0.0 0.0 0.0 -2.7 -2.7 12 0.0 8649 1 1 0 0.0 22.6 15.1 0.065 66.0 0.004 0.0 0.0 0.0 195.0 81.7 1037.0
31.155 0.00006 0.00003 0.4 4.9 -11.7 31.3 25.0 999.000 3.0 -1.340 -0.015 0.0 0.0 0.0 -2.7 -2.7 12 0.0 8044 1 1 0 0.0 22.6 15.1 0.065 66.0 0.004 0.0 0.0 0.0 207.2 66.3 952.1
31.731 0.00007 0.00003 0.5 4.3 -12.7 31.5 25.0 999.000 3.0 -1.340 -0.015 0.0 0.0 0.0 -2.6 -2.6 12 0.0 8019 1 1 0 0.0 22.6 15.1 0.065 66.0 0.004 0.0 0.0 0.0 213.8 80.6 987.1
32.133 0.00007 0.00004 0.7 3.6 -12.8 31.6 25.0 999.000 3.0 -1.436 -0.044 0.1 -4.4 -8.6 -2.5 -2.5 12 0.0 7974 1 1 0 0.0 22.6 15.1 0.065 66.0 0.004 0.0 0.0 0.0 231.6 53.1 994.1
32.731 0.00008 0.00004 0.8 -2.4 -12.5 30.9 25.0 999.000 3.0 -1.436 -0.044 0.1 -4.8 -8.4 -2.3 -2.3 12 8.4 7974 1 1 0 0.0 22.6 15.1 0.065 66.0 0.004 0.0 0.0 0.0 223.8 -1.5 975.8
33.120 0.00008 0.00004 0.9 -6.5 -12.8 30.0 25.0 999.000 3.0 -1.492 0.032 0.0 -5.9 -5.9 -2.2 -2.2 12 8.4 8059 1 1 0 0.0 22.6 15.1 0.065 66.0 0.004 0.0 0.0 0.0 231.2 -124.0 975.5
33.740 0.00009 0.00005 1.0 -3.8 -13.3 29.3 25.0 999.000 3.0 -1.492 0.032 0.0 -3.2 3.3 -2.1 -2.1 12 0.0 8099 1 1 0 0.0 22.6 15.1 0.065 66.0 0.004 0.0 0.0 0.0 229.4 -45.7 1000.0
34.133 0.00010 0.00005 1.2 2.7 -13.2 29.4 25.0 999.000 3.0 -1.399 -0.119 0.1 -1.9 1.9 -2.0 -2.0 12 0.0 8094 1 1 0 0.0 22.6 15.1 0.065 66.0 0.004 0.0 0.0 0.0 219.6 62.7 978.0
34.731 0.00010 0.00005 1.3 3.2 -13.0 29.7 25.0 999.000 3.0 -1.399 -0.119 0.1 0.0 0.0 -1.8 -1.8 12 0.0 8149 1 1 0 0.0 22.6 15.1 0.065 66.0 0.004 0.0 0.0 0.0 227.2 52.3 991.7
35.134 0.00011 0.00006 1.4 0.4 -12.5 30.0 25.0 999.000 3.0 -1.637 -0.098 0.1 1.6 -1.6 -1.7 -1.7 12 8.4 8104 1 1 0 0.0 22.6 15.1 0.065 66.0 0.004 0.0 0.0 0.0 220.8 11.4 988.4
35.740 0.00011 0.00006 1.5 -1.1 -11.8 30.5 25.0 999.000 3.0 -1.637 -0.098 0.1 0.0 0.0 -1.6 -1.6 12 0.0 8104 1 1 0 0.0 22.6 15.1 0.065 66.0 0.004 0.0 0.0 0.0 200.7 -74.2 952.3
36.155 0.00012 0.00006 1.7 -2.0 -11.1 30.7 25.0 999.000 3.0 -1.680 -0.135 0.1 -5.5 -5.5 -1.4 -1.5 12 0.0 8069 1 1 0 0.0 22.6 15.1 0.065 66.0 0.004 0.0 0.0 0.0 195.0 -22.7 1008.0
36.734 0.00013 0.00007 1.8 -5.4 -10.7 30.0 25.0 999.000 3.0 -1.680 -0.135 0.1 -5.7 -5.7 -1.3 -1.3 12 0.0 8084 1 1 0 0.0 22.6 15.1 0.065 66.0 0.004 0.0 0.0 0.0 199.1 -119.0 997.8
37.133 0.00013 0.00007 1.9 -7.6 -10.6 29.5 25.0 999.000 3.0 -1.654 -0.047 0.1 -2.7 2.7 -1.2 -1.2 12 0.0 8114 1 1 0 0.0 22.6 15.1 0.065 66.0 0.004 0.0 0.0 0.0 191.1 -104.0 978.0
37.731 0.00014 0.00007 2.0 -1.8 -10.1 30.0 25.0 999.000 3.0 -1.654 -0.047 0.1 -3.8 3.8 -1.1 -1.1 12 8.4 8174 1 1 0 0.0 22.6 15.1 0.065 66.0 0.004 0.0 0.0 0.0 165.5 -7.7 972.0
38.123 0.00015 0.00008 2.1 3.0 -9.2 30.8 25.0 999.000 3.0 -1.565 -0.010 0.1 0.0 0.0 -1.0 -1.0 12 0.0 8114 1 1 0 0.0 22.6 15.1 0.065 66.0 0.004 0.0 0.0 0.0 156.8 69.5 996.0
38.732 0.00015 0.00008 2.2 0.5 -8.5 31.3 25.0 999.000 3.0 -1.565 -0.010 0.1 -5.8 -5.8 -0.9 -0.9 12 0.0 8084 1 1 0 0.0 22.6 15.1 0.065 66.0 0.004 0.0 0.0 0.0 148.3 -26.1 989.2
39.132 0.00016 0.00009 2.2 -5.2 -7.9 31.0 25.0 999.000 3.0 -1.632 0.154 0.1 -6.3 -6.3 -0.8 -0.8 12 0.0 8099 1 1 0 0.0 22.6 15.1 0.065 66.0 0.004 0.0 0.0 0.0 136.8 -132.0 983.4
39.740 0.00016 0.00009 2.3 -6.7 -7.7 30.6 25.0 999.000 3.0 -1.632 0.154 0.1 -8.6 -3.4 -0.8 -0.8 12 0.0 8149 1 1 0 0.0 22.6 15.1 0.065 66.0 0.004 0.0 0.0 0.0 129.4 -111.0 1001.0
40.132 0.00017 0.00009 2.4 -4.4 -7.6 30.4 25.0 999.000 3.0 -1.448 -0.015 0.1 -8.9 -2.2 -0.7 -0.7 12 0.0 8139 1 1 0 0.0 22.6 15.1 0.065 66.0 0.004 0.0 0.0 0.0 141.7 -53.7 1002.0
40.732 0.00018 0.00010 2.4 -3.0 -7.1 30.3 25.0 999.000 3.0 -1.448 -0.015 0.1 -7.6 -3.2 -0.6 -0.6 12 0.0 8099 1 1 0 0.0 22.6 15.1 0.065 66.0 0.004 0.0 0.0 0.0 124.3 -33.3 994.5
41.133 0.00018 0.00010 2.5 -3.9 -6.6 30.4 25.0 999.000 3.0 -1.477 -0.186 0.1 -5.3 -5.3 -0.6 -0.6 12 0.0 8094 1 1 0 0.0 22.6 15.1 0.065 66.0 0.004 0.0 0.0 0.0 113.6 -88.1 1017.0
41.756 0.00019 0.00010 2.5 -5.6 -6.0 30.4 25.0 999.000 3.0 -1.477 -0.186 0.1 -7.4 -3.5 -0.5 -0.5 12 8.4 8144 1 1 0 0.0 22.6 15.1 0.065 66.0 0.004 0.0 0.0 0.0 88.7 -65.5 988.8
42.133 0.00019 0.00011 2.6 -4.6 -5.5 30.5 25.0 999.000 3.0 -1.549 -0.030 0.1 -8.2 -2.6 0.0 0.0 12 0.0 8174 1 1 0 0.0 22.6 15.1 0.065 66.0 0.004 0.0 0.0 0.0 98.0 -90.9 1012.0
42.734 0.00020 0.00011 2.6 -2.9 -4.8 31.0 25.0 999.000 3.0 -1.549 -0.030 0.1 -7.8 -3.2 0.0 0.0 12 0.0 8189 1 1 0 0.0 22.6 15.1 0.065 66.0 0.004 0.0 0.0 0.0 86.7 -35.5 1000.0
43.123 0.00021 0.00011 2.6 -3.3 -4.1 31.7 25.0 999.000 3.0 -1.486 -0.127 0.1 -6.0 -6.0 0.0 0.0 12 0.0 8164 1 1 0 0.0 22.6 15.1 0.065 66.0 0.004 0.0 0.0 0.0 68.5 -71.5 1008.0
43.739 0.00021 0.00012 2.6 -5.9 -3.6 32.1 25.0 999.000 3.0 -1.486 -0.127 0.1 -8.3 -5.0 0.0 0.0 12 0.0 8104 1 1 0 0.0 22.6 15.1 0.065 66.0 0.004 0.0 0.0 0.0 62.4 -102.0 1004.0
44.135 0.00022 0.00012 2.7 -6.1 -3.1 32.2 25.0 999.000 3.0 -1.455 -0.027 0.1 -10.1 -4.1 0.0 0.0 12 0.0 8159 1 1 0 0.0 22.6 15.1 0.065 66.0 0.004 0.0 0.0 0.0 48.5 -111.0 975.3
44.733 0.00022 0.00012 2.7 -4.8 -2.6 31.6 25.0 999.000 3.0 -1.455 -0.027 0.1 -10.3 -4.1 0.0 0.0 12 0.0 8184 1 1 0 0.0 22.6 15.1 0.065 66.0 0.004 0.0 0.0 0.0 45.8 -47.2 1007.0
45.134 0.00023 0.00013 2.7 -4.4 -2.1 30.1 25.0 999.000 3.0 -1.555 -0.097 0.1 -9.0 -4.2 0.0 0.0 12 0.0 8159 1 1 0 0.0 22.6 15.1 0.065 66.0 0.004 0.0 0.0 0.0 27.5 -59.5 983.0
45.740 0.00023 0.00013 2.7 -4.5 -1.6 27.9 25.0 999.000 3.0 -1.555 -0.097 0.1 -7.3 -2.9 0.0 0.0 12 8.3 8154 1 1 0 0.0 22.6 15.1 0.065 66.0 0.004 0.0 0.0 0.0 21.7 -84.5 995.2
46.133 0.00024 0.00013 2.6 -3.0 -0.9 25.8 25.0 999.000 3.0 -1.527 -0.050 0.1 -2.2 2.3 0.0 0.0 12 0.0 8169 1 1 0 0.0 22.6 15.1 0.065 66.0 0.004 0.0 0.0 0.0 3.3 -62.8 953.6
46.749 0.00025 0.00014 2.6 -0.1 -0.1 24.4 25.0 999.000 3.0 -1.527 -0.050 0.1 0.0 0.0 0.0 0.0 12 0.0 8154 1 1 0 0.0 22.6 15.1 0.065 66.0 0.004 0.0 0.0 0.0 -7.9 -0.1 1000.0
47.134 0.00025 0.00014 2.6 0.6 0.7 22.9 25.0 999.000 3.0 -1.370 -0.108 0.1 0.0 0.0 0.0 0.0 12 0.0 8164 1 1 0 0.0 22.6 15.1 0.065 66.0 0.004 0.0 0.0 0.0 -12.5 31.2 997.4
47.733 0.00026 0.00014 2.6 0.7 1.5 21.6 25.0 999.000 3.0 -1.370 -0.108 0.1 0.0 0.0 0.0 0.0 12 0.0 8154 1 1 0 0.0 22.6 15.1 0.065 66.0 0.004 0.0 0.0 0.0 -29.9 22.8 991.0
48.125 0.00026 0.00014 2.5 0.5 2.3 20.5 25.0 999.000 3.0 -1.468 0.053 0.0 0.0 0.0 0.0 0.0 12 0.0 8154 1 1 0 0.0 22.6 15.1 0.065 66.0 0.004 0.0 0.0 0.0 -46.4 27.4 1006.0
48.739 0.00027 0.00015 2.4 0.4 3.1 19.6 25.0 999.000 3.0 -1.468 0.053 0.0 0.0 0.0 -0.5 -0.5 12 0.0 8144 1 1 0 0.0 22.6 15.1 0.065 66.0 0.004 0.0 0.0 0.0 -62.3 -3.4 1010.0
49.133 0.00028 0.00015 2.4 1.4 3.8 18.9 25.0 999.000 3.0 -1.512 -0.152 0.1 5.4 5.4 -0.6 -0.6 12 0.0 8194 1 1 0 0.0 22.6 15.1 0.065 66.0 0.004 0.0 0.0 0.0 -66.6 29.0 1005.0
49.734 0.00028 0.00015 2.3 5.9 4.6 19.0 25.0 999.000 3.0 -1.512 -0.152 0.1 6.1 6.1 -0.6 -0.6 12 0.0 8179 1 1 0 0.0 22.6 15.1 0.065 66.0 0.004 0.0 0.0 0.0 -83.4 103.5 1001.0
50.133 0.00029 0.00015 2.2 8.2 5.3 19.4 25.0 999.000 3.0 -1.639 -0.067 0.1 8.9 3.0 -0.7 -0.7 12 0.0 8144 1 1 0 0.0 22.6 15.1 0.065 66.0 0.004 0.0 0.0 0.0 -102.0 107.5 961.0
50.738 0.00030 0.00015 2.1 5.8 5.9 19.7 25.0 999.000 3.0 -1.639 -0.067 0.1 9.7 1.5 -0.8 -0.8 12 0.0 8104 1 1 0 0.0 22.6 15.1 0.065 66.0 0.004 0.0 0.0 0.0 -117.0 76.8 974.0
51.136 0.00030 0.00016 2.0 3.3 6.4 20.5 25.0 999.000 3.0 -1.567 -0.128 0.1 8.2 2.4 -0.9 -0.9 12 0.0 8144 1 1 0 0.0 22.6 15.1 0.065 66.0 0.004 0.0 0.0 0.0 -115.0 42.9 999.3
51.761 0.00031 0.00016 1.8 1.5 6.9 21.1 25.0 999.000 3.0 -1.567 -0.128 0.1 1.7 -1.6 -1.0 -1.0 12 0.0 8109 1 1 0 0.0 22.6 15.1 0.065 66.0 0.004 0.0 0.0 0.0 -119.0 29.2 1007.0
52.134 0.00032 0.00016 1.7 -1.3 7.4 21.0 25.0 999.000 3.0 -1.550 0.011 0.0 0.0 0.0 -1.2 -1.2 12 0.0 8154 1 1 0 0.0 22.6 15.1 0.065 66.0 0.004 0.0 0.0 0.0 -126.0 -8.0 993.0
52.736 0.00032 0.00016 1.6 -1.3 7.8 21.1 25.0 999.000 3.0 -1.550 0.011 0.0 0.0 0.0 -1.3 -1.3 12 0.0 8129 1 1 0 0.0 22.6 15.1 0.065 66.0 0.004 0.0 0.0 0.0 -140.0 3.1 991.4
53.124 0.00033 0.00017 1.4 -1.1 8.1 21.3 25.0 999.000 3.0 -1.571 -0.006 0.0 0.0 0.0 -1.4 -1.4 12 8.4 8194 1 1 0 0.0 22.6 15.1 0.065 66.0 0.004 0.0 0.0 0.0 -159.0 -22.4 972.1
53.738 0.00034 0.00017 1.3 -0.8 8.5 21.2 25.0 999.000 3.0 -1.571 -0.006 0.0 0.0 0.0 -1.6 -1.6 12 0.0 8184 1 1 0 0.0 22.6 15.1 0.065 66.0 0.004 0.0 0.0 0.0 -142.0 -4.2 1013.0
54.136 0.00034 0.00017 1.2 -1.1 8.9 21.2 25.0 999.000 3.0 -1.439 0.010 0.1 0.0 0.0 -1.7 -1.7 12 0.0 8179 1 1 0 0.0 22.6 15.1 0.065 66.0 0.004 0.0 0.0 0.0 -158.0 -4.7 992.7
54.734 0.00035 0.00017 1.0 -0.6 9.1 21.1 25.0 999.000 3.0 -1.439 0.010 0.1 0.0 0.0 -1.8 -1.8 12 0.0 8164 1 1 0 0.0 22.6 15.1 0.065 66.0 0.004 0.0 0.0 0.0 -156.0 13.4 1005.0
55.147 0.00036 0.00018 0.8 -0.9 9.0 21.3 25.0 999.000 3.0 -1.641 -0.062 0.1 0.0 0.0 -2.0 -2.0 12 0.0 8174 1 1 0 0.0 22.6 15.1 0.065 66.0 0.004 0.0 0.0 0.0 -111.0 -3.2 998.1
55.738 0.00036 0.00018 0.7 -5.7 8.3 21.0 25.0 999.000 3.0 -1.641 -0.062 0.1 0.0 0.0 -2.2 -2.2 0 0.0 0 1 1 0 0.0 22.6 15.1 0.065 66.0 0.004 0.0 0.0 0.0 -104.0 -87.4 986.2
56.135 0.00037 0.00018 0.6 -3.5 6.8 21.3 25.0 999.000 3.0 -1.423 -0.093 0.1 -2.9 2.9 -2.3 -2.3 0 0.0 0 1 1 0 0.0 22.6 15.1 0.065 66.0 0.004 0.0 0.0 0.0 -106.0 -35.4 989.6
56.760 0.00038 0.00018 0.5 0.1 5.4 22.0 25.0 999.000 3.0 -1.423 -0.093 0.1 -1.7 1.8 -2.4 -2.4 0 0.0 0 1 1 0 0.0 22.6 15.1 0.065 66.0 0.004 0.0 0.0 0.0 -86.7 -9.4 1000.0
57.135 0.00038 0.00019 0.4 1.1 4.9 22.5 25.0 999.000 3.0 -1.144 0.050 0.1 -1.7 1.8 -2.5 -2.5 0 0.0 0 1 1 0 0.0 22.6 15.1 0.065 66.0 0.004 0.0 0.0 0.0 -76.9 15.3 974.4
57.735 0.00038 0.00019 0.3 2.8 2.9 22.9 25.0 999.000 3.0 -1.144 0.050 0.1 -1.7 1.8 -2.6 -2.6 0 0.0 0 1 1 0 0.0 22.6 15.1 0.065 66.0 0.004 0.0 0.0 0.0 -44.8 60.3 993.9
58.125 0.00039 0.00019 0.3 3.7 0.8 22.7 25.0 999.000 3.0 -0.961 -0.010 0.1 -1.7 1.8 -2.7 -2.7 0 0.0 5 1 1 0 0.0 22.6 15.1 0.065 66.0 0.004 0.0 0.0 0.0 -14.5 55.3 1003.0
58.744 0.00039 0.00019 0.2 2.7 -0.1 22.7 25.0 999.000 3.0 -0.961 -0.010 0.1 -1.7 1.8 -2.7 -2.7 0 0.0 0 1 1 0 0.0 22.6 15.1 0.065 66.0 0.004 0.0 0.0 0.0 12.7 20.9 989.8
59.135 0.00040 0.00019 0.2 5.7 -2.5 23.8 25.0 999.000 3.0 -0.838 0.129 0.0 -1.7 1.8 -2.8 -2.8 0 0.0 0 1 1 0 0.0 22.6 15.1 0.065 66.0 0.004 0.0 0.0 0.0 30.3 133.1 981.8
59.737 0.00040 0.00020 0.2 5.4 -3.7 23.2 25.0 999.000 3.0 -0.838 0.129 0.0 -1.7 1.8 -2.8 -2.8 0 0.0 0 1 1 0 0.0 22.6 15.1 0.065 66.0 0.004 0.0 0.0 0.0 59.4 85.3 1004.0
60.137 0.00040 0.00020 0.2 5.3 -3.2 23.1 25.0 999.000 3.0 -0.784 0.013 0.1 -1.7 1.8 -2.8 -2.8 0 0.0 0 1 1 0 0.0 22.6 15.1 0.065 66.0 0.004 0.0 0.0 0.0 71.6 59.5 989.4
60.744 0.00041 0.00020 0.2 9.0 -4.3 23.3 25.0 999.000 3.0 -0.784 0.013 0.1 -1.7 1.8 -2.8 -2.8 0 0.0 5 1 1 0 0.0 22.6 15.1 0.065 66.0 0.004 0.0 0.0 0.0 55.7 177.8 965.7
61.136 0.00041 0.00020 0.2 5.4 -5.0 22.9 25.0 999.000 3.0 -0.610 -0.091 0.0 -1.7 1.8 -2.8 -2.8 0 0.0 0 1 1 0 0.0 22.6 15.1 0.065 66.0 0.004 0.0 0.0 0.0 75.3 87.8 1037.0
61.754 0.00041 0.00020 0.2 5.2 -2.3 22.9 25.0 999.000 3.0 -0.610 -0.091 0.0 -1.7 1.8 -2.8 -2.8 0 0.0 5 1 1 0 0.0 22.6 15.1 0.065 66.0 0.004 0.0 0.0 0.0 44.0 69.9 958.8
62.134 0.00041 0.00020 0.2 9.2 -2.5 22.9 25.0 999.000 3.0 -0.472 0.041 0.1 -1.7 1.8 -2.8 -2.8 0 0.0 0 1 1 0 0.0 22.6 15.1 0.065 66.0 0.004 0.0 0.0 0.0 32.7 172.4 981.3
62.746 0.00042 0.00020 0.1 7.1 -3.1 22.4 25.0 999.000 3.0 -0.472 0.041 0.1 -1.7 1.8 -2.8 -2.8 0 0.0 0 1 1 0 0.0 22.6 15.1 0.065 66.0 0.004 0.0 0.0 0.0 32.1 116.9 1025.0
63.135 0.00042 0.00020 0.1 4.2 0.5 22.4 25.0 999.000 3.0 -0.397 -0.037 0.0 -1.7 1.8 -2.9 -2.9 0 0.0 0 1 1 0 0.0 22.6 15.1 0.065 66.0 0.004 0.0 0.0 0.0 2.6 67.3 987.7
63.737 0.00042 0.00020 0.1 8.5 0.4 21.2 25.0 999.000 3.0 -0.397 -0.037 0.0 -1.7 1.8 -2.9 -2.9 0 0.0 0 1 1 0 0.0 22.6 15.1 0.065 66.0 0.004 0.0 0.0 0.0 -13.2 153.8 960.4
64.138 0.00042 0.00020 0.1 8.6 -1.3 21.8 25.0 999.000 3.0 -0.383 -0.154 0.1 -1.7 1.8 -2.9 -2.9 0 0.0 0 1 1 0 0.0 22.6 15.1 0.065 66.0 0.004 0.0 0.0 0.0 -0.5 148.6 1002.0
64.743 0.00042 0.00020 0.1 4.7 -1.2 19.9 25.0 999.000 3.0 -0.383 -0.154 0.1 -1.7 1.8 -2.9 -2.9 0 0.0 0 1 1 0 0.0 22.6 15.1 0.065 66.0 0.004 0.0 0.0 0.0 22.7 70.4 995.0
65.134 0.00042 0.00021 0.2 7.5 -2.0 18.5 25.0 999.000 3.0 -0.395 0.114 -0.0 -1.7 1.8 -2.9 -2.9 0 0.0 0 1 1 0 0.0 22.6 15.1 0.065 66.0 0.004 0.0 0.0 0.0 39.2 150.1 975.9
65.737 0.00043 0.00021 0.2 7.0 -2.5 18.7 25.0 999.000 3.0 -0.395 0.114 -0.0 -1.7 1.8 -2.8 -2.8 0 0.0 0 1 1 0 0.0 22.6 15.1 0.065 66.0 0.004 0.0 0.0 0.0 30.7 122.9 998.0
66.135 0.00043 0.00021 0.2 4.5 -2.5 18.0 25.0 999.000 3.0 -0.371 -0.123 -0.1 -1.7 1.8 -2.8 -2.8 0 0.0 0 1 1 0 0.0 22.6 15.1 0.065 66.0 0.004 0.0 0.0 0.0 25.3 84.6 1000.0
66.759 0.00043 0.00021 0.2 6.0 -1.3 18.0 25.0 999.000 3.0 -0.371 -0.123 -0.1 -1.7 1.8 -2.8 -2.8 0 0.0 0 1 1 0 0.0 22.6 15.1 0.065 66.0 0.004 0.0 0.0 0.0 31.8 106.0 1001.0
