8.466 0.00000 0.00000 0.1 6.4 1.7 22.6 999.0 999.000 999.0 nan nan nan 0.0 0.0 0.0 0.0 0 0.0 0 0 0 0 0.0 0.0 0.0 0.000 0.0 0.000 0.0 0.0 0.0 -31.1 110.1 991.9
8.965 0.00000 0.00000 0.1 7.5 2.0 22.3 999.0 999.000 999.0 nan nan nan 0.0 0.0 0.0 0.0 0 0.0 0 0 0 0 0.0 22.9 15.1 0.065 66.0 0.004 0.0 0.0 0.0 -25.4 148.6 992.3
9.467 0.00000 0.00000 0.1 5.3 2.0 21.9 999.0 999.000 999.0 nan nan nan 0.0 0.0 0.0 0.0 0 0.0 0 0 0 0 0.0 22.9 15.1 0.065 66.0 0.004 0.0 0.0 0.0 -32.6 75.3 986.3
9.965 0.00000 0.00000 0.1 6.5 0.6 21.7 999.0 999.000 999.0 nan nan nan 0.0 0.0 0.0 0.0 0 0.0 0 0 0 0 0.0 22.9 15.1 0.065 66.0 0.004 0.0 0.0 0.0 -21.0 129.7 1005.0
10.366 0.00000 0.00000 0.1 7.6 2.4 22.1 999.0 999.000 999.0 -0.001 0.095 0.0 0.0 0.0 0.0 0.0 0 0.0 0 0 0 0 0.0 22.9 15.1 0.065 66.0 0.004 0.0 0.0 0.0 -27.9 133.0 1009.0
10.979 0.00000 0.00000 0.1 6.8 2.4 22.0 999.0 999.000 999.0 -0.001 0.095 0.0 0.0 0.0 0.0 0.0 0 0.0 0 0 0 0 0.0 22.9 15.1 0.065 66.0 0.004 0.0 0.0 0.0 -51.9 116.6 947.1
11.366 0.00000 0.00000 0.1 5.3 1.7 20.7 999.0 999.000 999.0 0.251 -0.090 0.0 0.0 0.0 0.0 0.0 0 0.0 0 0 0 0 0.0 22.9 15.1 0.065 66.0 0.004 0.0 0.0 0.0 -21.7 93.0 1029.0
11.966 0.00000 0.00000 0.1 7.2 1.5 22.1 999.0 999.000 999.0 0.251 -0.090 0.0 0.0 0.0 0.0 0.0 0 0.0 0 0 0 0 0.0 22.9 15.1 0.065 66.0 0.004 0.0 0.0 0.0 -31.0 119.1 977.7
12.368 0.00000 0.00000 0.1 8.7 1.6 20.8 999.0 999.000 999.0 -0.063 -0.091 0.0 0.0 0.0 0.0 0.0 0 0.0 0 0 0 0 0.0 22.9 15.1 0.065 66.0 0.004 0.0 0.0 0.0 -26.4 169.0 987.2
12.966 0.00000 0.00000 0.1 6.0 1.0 21.2 999.0 999.000 999.0 -0.063 -0.091 0.0 0.0 0.0 0.0 0.0 0 0.0 0 0 0 0 0.0 22.9 15.1 0.065 66.0 0.004 0.0 0.0 0.0 -12.9 94.9 1016.0
13.367 0.00000 0.00000 0.1 5.0 2.7 21.3 999.0 999.000 999.0 -0.103 0.063 0.0 0.0 0.0 0.0 0.0 0 0.0 0 0 0 0 0.0 22.9 15.1 0.065 66.0 0.004 0.0 0.0 0.0 -39.6 75.4 973.7
13.966 0.00001 0.00000 0.1 7.1 1.1 20.2 999.0 999.000 999.0 -0.103 0.063 0.0 0.0 0.0 0.0 0.0 0 0.0 0 0 0 0 0.0 22.9 15.1 0.065 66.0 0.004 0.0 0.0 0.0 -41.0 134.0 986.5
14.366 0.00001 0.00000 0.1 8.0 1.3 21.4 999.0 999.000 999.0 0.127 -0.097 -0.0 0.0 0.0 0.0 0.0 0 0.0 5 0 0 0 0.0 22.9 15.1 0.065 66.0 0.004 0.0 0.0 0.0 -22.1 144.4 1004.0
14.967 0.00001 0.00000 0.1 5.8 2.8 19.5 999.0 999.000 999.0 0.127 -0.097 -0.0 0.0 0.0 0.0 0.0 0 0.0 5 0 0 0 0.0 22.9 15.1 0.065 66.0 0.004 0.0 0.0 0.0 -35.0 89.5 987.8
15.367 0.00001 0.00000 0.1 6.6 1.7 20.8 999.0 999.000 999.0 0.105 -0.052 0.1 0.0 0.0 0.0 0.0 0 0.0 0 0 0 0 0.0 22.9 15.1 0.065 66.0 0.004 0.0 0.0 0.0 -31.7 126.3 993.6
15.984 0.00001 0.00000 0.1 6.9 1.6 20.4 999.0 999.000 999.0 0.105 -0.052 0.1 0.0 0.0 0.0 0.0 0 0.0 0 0 0 0 0.0 22.9 15.1 0.065 66.0 0.004 0.0 0.0 0.0 -47.6 111.3 975.9
16.368 0.00001 0.00000 0.1 8.3 2.8 19.7 999.0 999.000 999.0 -0.010 0.059 0.0 0.0 0.0 0.0 0.0 0 0.0 0 0 0 0 0.0 22.9 15.1 0.065 66.0 0.004 0.0 0.0 0.0 -39.1 167.3 993.3
16.967 0.00001 0.00000 0.1 5.5 2.6 19.6 5.0 999.000 999.0 -0.010 0.059 0.0 0.0 0.0 0.0 0.0 0 0.0 0 1 0 0 0.0 22.9 15.1 0.065 66.0 0.004 0.0 0.0 0.0 -52.5 66.2 978.6
17.365 0.00001 0.00000 0.1 5.3 1.9 19.6 5.0 999.000 999.0 0.063 -0.037 0.1 0.0 0.0 0.0 0.0 0 0.0 0 1 0 0 0.0 22.9 15.1 0.065 66.0 0.004 0.0 0.0 0.0 -26.5 118.9 998.7
17.985 0.00001 0.00000 0.1 7.8 1.4 19.4 5.0 999.000 999.0 0.063 -0.037 0.1 0.0 0.0 0.0 0.0 0 0.0 5 1 0 0 0.0 22.9 15.1 0.065 66.0 0.004 0.0 0.0 0.0 -26.4 118.6 997.0
18.377 0.00001 0.00000 0.1 8.8 0.6 19.7 5.0 999.000 999.0 0.068 -0.096 0.0 0.0 0.0 0.0 0.0 0 0.0 0 1 0 0 0.0 22.9 15.1 0.065 66.0 0.004 0.0 0.0 0.0 -19.3 165.3 992.4
18.975 0.00001 0.00000 0.1 5.5 2.2 19.4 5.0 999.000 999.0 0.068 -0.096 0.0 0.0 0.0 0.0 0.0 0 0.0 0 1 0 0 0.0 22.9 15.1 0.065 66.0 0.004 0.0 0.0 0.0 -31.7 89.7 990.1
19.368 0.00001 0.00000 0.1 4.9 2.1 19.7 5.0 999.000 999.0 0.012 -0.038 -0.0 0.0 0.0 0.0 0.0 0 0.0 5 1 0 0 0.0 22.9 15.1 0.065 66.0 0.004 0.0 0.0 0.0 -31.7 99.6 993.8
19.985 0.00001 0.00000 0.1 9.3 1.8 19.1 5.0 999.000 999.0 0.012 -0.038 -0.0 0.0 0.0 0.0 0.0 0 0.0 0 1 0 0 0.0 22.9 15.1 0.065 66.0 0.004 0.0 0.0 0.0 -39.4 180.4 992.8
20.376 0.00001 0.00000 0.1 7.9 1.4 19.2 5.0 999.000 999.0 0.232 -0.034 0.0 0.0 0.0 0.0 0.0 0 0.0 0 1 0 0 0.0 22.9 15.1 0.065 66.0 0.004 0.0 0.0 0.0 -33.7 126.4 990.0
21.011 0.00001 0.00000 0.1 5.1 2.6 18.9 5.0 999.000 999.0 0.232 -0.034 0.0 0.0 0.0 0.0 0.0 0 0.0 5 1 0 0 0.0 22.9 15.1 0.065 66.0 0.004 0.0 0.0 0.0 -22.2 98.5 993.7
21.377 0.00001 0.00000 0.1 6.1 0.4 18.7 5.0 999.000 999.0 -0.031 0.013 -0.0 0.0 0.0 0.0 0.0 0 0.0 5 1 0 0 0.0 22.9 15.1 0.065 66.0 0.004 0.0 0.0 0.0 -14.8 94.9 988.2
21.976 0.00001 0.00000 0.1 9.2 0.6 18.7 5.0 999.000 999.0 -0.031 0.013 -0.0 0.0 0.0 0.0 0.0 0 0.0 0 1 0 0 0.0 22.9 15.1 0.065 66.0 0.004 0.0 0.0 0.0 -22.2 172.4 976.2
22.369 0.00001 0.00000 0.1 6.1 1.2 18.7 5.0 999.000 999.0 0.082 -0.034 0.0 0.0 0.0 0.0 0.0 0 0.0 5 1 0 0 0.0 22.9 15.1 0.065 66.0 0.004 0.0 0.0 0.0 -7.8 87.8 1027.0
22.983 0.00001 0.00000 0.1 5.9 1.5 18.5 5.0 999.000 999.0 0.082 -0.034 0.0 0.0 0.0 0.0 0.0 0 0.0 0 1 0 0 0.0 22.9 15.1 0.065 66.0 0.004 0.0 0.0 0.0 -23.9 112.1 992.1
23.377 0.00001 0.00001 0.1 6.9 2.0 18.7 5.0 999.000 999.0 0.042 -0.045 0.1 0.0 0.0 0.0 0.0 0 0.0 0 1 0 0 0.0 22.9 15.1 0.065 66.0 0.004 0.0 0.0 0.0 -36.8 100.2 987.3
23.978 0.00001 0.00001 0.1 7.6 2.1 17.6 5.0 999.000 999.0 0.042 -0.045 0.1 0.0 0.0 0.0 0.0 0 0.0 5 1 0 0 0.0 22.9 15.1 0.065 66.0 0.004 0.0 0.0 0.0 -41.6 147.8 1002.0
24.368 0.00001 0.00001 0.1 5.3 2.6 17.9 5.0 999.000 999.0 -0.067 0.044 -0.0 0.0 0.0 0.0 0.0 0 0.0 0 1 0 0 0.0 22.9 15.1 0.065 66.0 0.004 0.0 0.0 0.0 -44.2 70.7 1011.0
24.983 0.00002 0.00001 0.1 6.4 3.2 17.2 5.0 999.000 999.0 -0.067 0.044 -0.0 0.0 0.0 0.0 0.0 0 0.0 0 1 0 0 0.0 22.9 15.1 0.065 66.0 0.004 0.0 0.0 0.0 -62.9 131.2 964.9
25.379 0.00002 0.00001 0.1 8.5 2.4 17.3 5.0 999.000 999.0 0.000 -0.005 0.0 0.0 0.0 0.0 0.0 0 0.0 0 1 0 0 0.0 22.9 15.1 0.065 66.0 0.004 0.0 0.0 0.0 -32.6 141.9 999.3
25.994 0.00002 0.00001 0.1 5.9 1.0 15.9 5.0 999.000 999.0 0.000 -0.005 0.0 0.0 0.0 0.0 0.0 0 0.0 0 1 0 0 0.0 22.9 15.1 0.065 66.0 0.004 0.0 0.0 0.0 -17.5 103.1 1005.0
26.368 0.00002 0.00001 0.1 6.3 0.6 16.9 5.0 999.000 4.0 -0.175 -0.022 -0.0 0.0 0.0 0.0 0.0 0 0.0 0 1 1 0 0.0 22.9 15.1 0.065 66.0 0.004 0.0 0.0 0.0 -14.9 104.0 988.6
26.983 0.00002 0.00001 0.1 8.6 0.6 16.3 5.0 999.000 4.0 -0.175 -0.022 -0.0 0.0 0.0 -7.7 -7.7 0 0.0 0 1 1 0 0.0 22.9 15.1 0.065 66.0 0.004 0.0 0.0 0.0 -8.9 157.9 991.1
27.378 0.00002 0.00001 0.1 6.5 0.8 15.9 5.0 999.000 4.0 -0.138 -0.129 -0.0 0.0 0.0 -7.7 -7.7 0 0.0 5 1 1 0 0.0 22.9 15.1 0.065 66.0 0.004 0.0 0.0 0.0 -13.1 102.5 1003.0
27.978 0.00002 0.00001 0.1 5.5 0.6 15.8 5.0 999.000 4.0 -0.138 -0.129 -0.0 0.0 0.0 -7.7 -7.7 0 0.0 5 1 1 0 0.0 22.9 15.1 0.065 66.0 0.004 0.0 0.0 0.0 -25.5 100.5 978.7
28.371 0.00002 0.00001 0.1 7.7 1.5 15.4 5.0 999.000 4.0 -0.029 0.124 -0.0 0.0 0.0 -7.7 -7.7 0 0.0 0 1 1 0 0.0 22.9 15.1 0.065 66.0 0.004 0.0 0.0 0.0 -29.7 129.7 992.1
28.983 0.00002 0.00001 0.1 7.5 2.3 14.2 5.0 999.000 4.0 -0.029 0.124 -0.0 0.0 0.0 -7.7 -7.7 0 0.0 0 1 1 0 0.0 22.9 15.1 0.065 66.0 0.004 0.0 0.0 0.0 -27.8 140.8 1016.0
29.379 0.00002 0.00001 0.1 4.1 2.9 14.2 5.0 999.000 4.0 -0.119 0.013 0.1 0.0 0.0 -7.7 -7.7 0 0.0 0 1 1 0 0.0 22.9 15.1 0.065 66.0 0.004 0.0 0.0 0.0 -58.8 66.0 973.2
29.978 0.00002 0.00001 0.1 6.5 2.4 14.1 5.0 999.000 4.0 -0.119 0.013 0.1 0.0 0.0 -7.8 -7.7 0 0.0 5 1 1 0 0.0 22.9 15.1 0.065 66.0 0.004 0.0 0.0 0.0 -50.6 125.1 993.6
30.368 0.00002 0.00001 0.1 8.0 3.2 13.8 5.0 999.000 4.0 -0.019 0.028 0.0 0.0 0.0 -7.8 -7.8 0 0.0 0 1 1 0 0.0 22.9 15.1 0.065 66.0 0.004 0.0 0.0 0.0 -45.0 140.2 1011.0
31.001 0.00002 0.00001 0.1 6.2 3.0 13.6 5.0 999.000 4.0 -0.019 0.028 0.0 0.0 0.0 -7.8 -7.7 0 0.0 0 1 1 0 0.0 22.9 15.1 0.065 66.0 0.004 0.0 0.0 0.0 -46.2 97.5 975.0
31.378 0.00002 0.00001 0.1 5.7 2.5 15.2 5.0 999.000 4.0 0.066 -0.121 0.1 0.0 0.0 -7.8 -7.8 0 0.0 0 1 1 0 0.0 22.9 15.1 0.065 66.0 0.004 0.0 0.0 0.0 -56.1 100.4 978.6
31.977 0.00002 0.00001 0.1 6.7 0.7 14.5 5.0 999.000 4.0 0.066 -0.121 0.1 0.0 0.0 -7.8 -7.8 0 0.0 0 1 1 0 0.0 22.9 15.1 0.065 66.0 0.004 0.0 0.0 0.0 -1.2 119.9 1043.0
32.369 0.00002 0.00001 0.1 7.3 2.4 15.2 5.0 999.000 4.0 -0.043 -0.036 0.0 0.0 0.0 -7.8 -7.8 0 0.0 0 1 1 0 0.0 22.9 15.1 0.065 66.0 0.004 0.0 0.0 0.0 -41.4 120.8 942.2
32.982 0.00002 0.00001 0.1 8.5 2.0 16.4 5.0 999.000 4.0 -0.043 -0.036 0.0 0.0 0.0 -7.8 -7.8 0 0.0 0 1 1 0 0.0 22.9 15.1 0.065 66.0 0.004 0.0 0.0 0.0 -27.1 157.1 980.8
33.377 0.00002 0.00001 0.1 6.5 -0.1 16.6 5.0 999.000 4.0 0.093 -0.147 -0.0 0.0 0.0 -7.8 -7.8 0 0.0 0 1 1 0 0.0 22.9 15.1 0.065 66.0 0.004 0.0 0.0 0.0 -9.8 80.6 1037.0
33.980 0.00002 0.00001 0.1 6.3 2.8 18.5 5.0 999.000 4.0 0.093 -0.147 -0.0 0.0 0.0 -7.8 -7.8 0 0.0 0 1 1 0 0.0 22.9 15.1 0.065 66.0 0.004 0.0 0.0 0.0 -41.0 129.0 962.8
34.369 0.00003 0.00001 0.1 8.1 2.2 19.6 5.0 999.000 4.0 -0.126 -0.013 0.1 0.0 0.0 -7.8 -7.8 0 0.0 0 1 1 0 0.0 22.9 15.1 0.065 66.0 0.004 0.0 0.0 0.0 -28.6 129.1 988.6
34.982 0.00003 0.00001 0.1 6.1 1.5 19.9 5.0 999.000 4.0 -0.126 -0.013 0.1 0.0 0.0 -7.8 -7.8 0 0.0 0 1 1 0 0.0 22.9 15.1 0.065 66.0 0.004 0.0 0.0 0.0 -46.7 111.7 988.8
35.380 0.00003 0.00001 0.1 6.3 1.8 20.4 5.0 999.000 4.0 0.001 -0.019 -0.0 0.0 0.0 -7.8 -7.8 0 0.0 0 1 1 0 0.0 22.9 15.1 0.065 66.0 0.004 0.0 0.0 0.0 -24.6 114.4 1007.0
36.011 0.00003 0.00001 0.1 7.0 2.7 21.0 5.0 999.000 4.0 0.001 -0.019 -0.0 0.0 0.0 -7.8 -7.7 0 0.0 0 1 1 0 0.0 22.9 15.1 0.065 66.0 0.004 0.0 0.0 0.0 -49.7 116.5 971.1
36.380 0.00003 0.00001 0.2 8.7 2.4 19.8 5.0 999.000 4.0 0.153 0.042 0.1 0.0 0.0 -7.7 -7.7 12 15.1 8444 1 1 0 0.0 22.9 15.1 0.065 66.0 0.004 0.0 0.0 0.0 -113.0 196.8 997.5
36.981 0.00003 0.00001 0.2 17.6 2.0 19.7 5.0 999.000 4.0 0.153 0.042 0.1 0.0 0.0 -7.7 -7.7 12 8.4 7624 1 1 0 0.0 22.9 15.1 0.065 66.0 0.004 0.0 0.0 0.0 -95.7 293.3 934.7
37.379 0.00003 0.00001 0.2 16.4 1.3 19.3 5.0 999.000 4.0 -0.466 0.065 0.0 0.0 0.0 -7.7 -7.7 12 0.0 7834 1 1 0 0.0 22.9 15.1 0.065 66.0 0.004 0.0 0.0 0.0 -68.7 260.0 965.7
37.978 0.00003 0.00001 0.1 12.6 1.4 19.5 5.0 999.000 4.0 -0.466 0.065 0.0 0.0 0.0 -7.7 -7.7 12 0.0 8129 1 1 0 0.0 22.9 15.1 0.065 66.0 0.004 0.0 0.0 0.0 -35.8 230.7 939.5
38.370 0.00004 0.00001 0.1 9.4 -1.6 20.3 5.0 999.000 4.0 -0.849 0.167 0.0 0.0 0.0 -7.7 -7.7 12 0.0 8809 1 1 0 0.0 22.9 15.1 0.065 66.0 0.004 0.0 0.0 0.0 24.2 203.7 972.1
38.981 0.00004 0.00001 0.1 10.1 -3.1 21.9 5.0 999.000 4.0 -0.849 0.167 0.0 0.0 0.0 -7.7 -7.7 12 0.0 9448 1 1 0 0.0 22.9 15.1 0.065 66.0 0.004 0.0 0.0 0.0 40.8 80.7 932.3
39.379 0.00004 0.00002 0.2 -3.4 -3.9 26.0 5.0 999.000 4.0 -1.129 0.036 0.0 0.0 0.0 -7.7 -7.7 12 0.0 9503 1 1 0 0.0 22.9 15.1 0.065 66.0 0.004 0.0 0.0 0.0 105.5 -84.9 1055.0
39.980 0.00005 0.00002 0.2 -13.1 -5.3 29.9 5.0 999.000 4.0 -1.129 0.036 0.0 0.0 0.0 -7.7 -7.7 12 0.0 9693 1 1 0 0.0 22.9 15.1 0.065 66.0 0.004 0.0 0.0 0.0 96.6 -215.0 895.5
40.370 0.00005 0.00002 0.2 -9.8 -6.4 32.8 5.0 999.000 4.0 -1.251 -0.127 0.0 0.0 0.0 -7.6 -7.6 12 0.0 9233 1 1 0 0.0 22.9 15.1 0.065 66.0 0.004 0.0 0.0 0.0 120.0 -72.2 1046.0
41.000 0.00006 0.00002 0.3 -1.4 -10.0 34.7 5.0 999.000 4.0 -1.251 -0.127 0.0 0.0 0.0 -7.5 -7.5 12 0.0 8909 1 1 0 0.0 22.9 15.1 0.065 66.0 0.004 0.0 0.0 0.0 234.7 2.7 1087.0
41.381 0.00006 0.00003 0.4 4.9 -14.3 34.7 5.0 999.000 4.0 -1.282 -0.056 0.0 0.0 0.0 -7.4 -7.4 12 0.0 8634 1 1 0 0.0 22.9 15.1 0.065 66.0 0.004 0.0 0.0 0.0 209.4 129.6 816.7
41.980 0.00007 0.00003 0.5 8.5 -16.8 34.7 5.0 999.000 4.0 -1.282 -0.056 0.0 0.0 0.0 -7.2 -7.2 12 0.0 8084 1 1 0 0.0 22.9 15.1 0.065 66.0 0.004 0.0 0.0 0.0 293.8 135.1 949.7
42.370 0.00007 0.00003 0.7 6.3 -18.8 34.7 5.0 999.000 4.0 -1.406 -0.075 0.0 -25.4 -29.0 -6.9 -6.9 12 0.0 7969 1 1 0 0.0 22.9 15.1 0.065 66.0 0.004 0.0 0.0 0.0 349.0 79.5 944.1
42.982 0.00008 0.00004 0.9 -9.1 -20.7 29.4 5.0 999.000 4.0 -1.406 -0.075 0.0 -26.6 -29.0 -6.6 -6.6 12 0.0 8129 1 1 0 0.0 22.9 15.1 0.065 66.0 0.004 0.0 0.0 0.0 375.8 -151.0 890.7
43.380 0.00008 0.00004 1.1 -24.3 -23.8 23.6 5.0 999.000 4.0 -1.321 -0.102 0.1 -28.9 -19.9 -6.2 -6.2 12 0.0 8174 1 1 0 0.0 22.9 15.0 0.065 66.0 0.004 0.0 0.0 0.0 414.7 -361.0 840.6
43.980 0.00009 0.00004 1.3 -19.1 -26.6 19.7 5.0 999.000 4.0 -1.321 -0.102 0.1 -29.0 -6.5 -5.9 -5.9 12 0.0 8209 1 1 0 0.0 22.9 15.0 0.065 66.0 0.004 0.0 0.0 0.0 466.3 -244.0 875.0
44.372 0.00009 0.00004 1.6 2.3 -28.9 15.6 5.0 999.000 4.0 -1.331 -0.060 0.1 -24.2 -5.1 -5.4 -5.4 12 0.0 8169 1 1 0 0.0 22.9 15.0 0.065 66.0 0.004 0.0 0.0 0.0 470.4 100.9 871.6
44.980 0.00010 0.00005 1.8 7.5 -29.6 11.4 5.0 999.000 4.0 -1.331 -0.060 0.1 -10.6 -10.6 -4.9 -4.9 12 0.0 8034 1 1 0 0.0 22.9 15.0 0.065 66.0 0.004 0.0 0.0 0.0 497.6 84.8 853.6
45.381 0.00011 0.00005 2.1 -1.7 -30.0 7.7 5.0 999.000 4.0 -1.237 -0.113 0.1 -2.6 -10.1 -4.4 -4.4 12 0.0 8059 1 1 0 0.0 22.9 15.0 0.065 66.0 0.004 0.0 0.0 0.0 508.9 -59.2 883.4
46.008 0.00011 0.00005 2.4 -9.7 -30.5 5.6 5.0 999.000 4.0 -1.237 -0.113 0.1 0.0 0.0 -3.8 -3.9 12 0.0 8114 1 1 0 0.0 22.9 15.0 0.065 66.0 0.004 0.0 0.0 0.0 491.1 -156.0 813.3
46.380 0.00012 0.00005 2.7 -7.4 -30.8 5.1 5.0 999.000 4.0 -1.349 -0.051 0.1 -4.9 4.8 -3.2 -3.2 12 0.0 8159 1 1 0 0.0 22.9 15.0 0.065 66.0 0.004 0.0 0.0 0.0 521.2 -85.7 870.9
46.981 0.00012 0.00005 3.0 0.1 -30.7 4.7 5.0 999.000 4.0 -1.349 -0.051 0.1 -3.7 3.7 -2.6 -2.6 12 0.0 8139 1 1 0 0.0 22.9 15.0 0.065 66.0 0.004 0.0 0.0 0.0 504.5 8.7 848.4
47.382 0.00013 0.00005 3.4 4.3 -30.2 4.1 5.0 999.000 4.0 -1.457 -0.032 0.1 0.0 0.0 -2.0 -2.0 12 0.0 8159 1 1 0 0.0 22.9 15.0 0.065 66.0 0.004 0.0 0.0 0.0 499.4 59.0 878.5
47.979 0.00014 0.00005 3.7 2.1 -29.4 3.3 5.0 999.000 4.0 -1.457 -0.032 0.1 2.2 -2.1 -1.3 -1.3 12 0.0 8069 1 1 0 0.0 22.9 15.0 0.065 66.0 0.004 0.0 0.0 0.0 488.9 4.0 883.6
48.372 0.00014 0.00005 4.0 -1.0 -28.4 2.5 5.0 999.000 4.0 -1.555 0.042 0.1 0.0 0.0 0.0 0.0 12 0.0 8134 1 1 0 0.0 22.9 15.0 0.065 66.0 0.004 0.0 0.0 0.0 475.2 -43.9 855.8
48.981 0.00015 0.00005 4.3 -0.2 -27.1 2.0 5.0 999.000 4.0 -1.555 0.042 0.1 0.0 0.0 0.0 0.0 12 0.0 8104 1 1 0 0.0 22.9 15.0 0.065 66.0 0.004 0.0 0.0 0.0 456.7 14.0 881.4
49.379 0.00016 0.00005 4.6 0.5 -25.9 1.5 5.0 999.000 4.0 -1.460 -0.013 0.1 0.0 0.0 0.0 0.0 12 8.3 8134 1 1 0 0.0 22.9 15.0 0.065 66.0 0.004 0.0 0.0 0.0 427.4 -8.9 889.5
49.990 0.00016 0.00005 4.9 1.3 -24.6 0.8 5.0 999.000 4.0 -1.460 -0.013 0.1 0.0 0.0 1.2 1.2 12 0.0 8179 1 1 0 0.0 22.9 15.0 0.065 66.0 0.004 0.0 0.0 0.0 414.1 31.3 920.7
50.382 0.00017 0.00005 5.2 1.9 -23.1 0.0 5.0 999.000 4.0 -1.559 0.054 0.1 0.0 0.0 1.8 1.8 12 8.4 8159 1 1 0 0.0 22.9 15.0 0.065 66.0 0.004 0.0 0.0 0.0 382.5 19.6 938.3
51.002 0.00018 0.00005 5.4 1.9 -21.3 359.2 5.0 999.000 4.0 -1.559 0.054 0.1 0.0 0.0 2.4 2.4 12 0.0 8159 1 1 0 0.0 22.9 15.0 0.065 66.0 0.004 0.0 0.0 0.0 362.3 27.6 927.6
51.382 0.00018 0.00005 5.7 2.3 -19.6 358.6 5.0 999.000 4.0 -1.454 0.043 0.1 5.8 5.8 2.9 2.9 12 0.0 8129 1 1 0 0.0 22.9 15.0 0.065 66.0 0.004 0.0 0.0 0.0 333.7 76.5 949.8
51.982 0.00019 0.00005 5.9 5.4 -17.5 358.8 5.0 999.000 4.0 -1.454 0.043 0.1 6.4 6.4 3.3 3.3 12 0.0 8094 1 1 0 0.0 22.9 15.0 0.065 66.0 0.004 0.0 0.0 0.0 286.4 95.1 934.4
52.380 0.00020 0.00005 6.1 7.7 -15.3 359.0 5.0 999.000 4.0 -1.529 -0.056 0.1 8.9 3.5 3.8 3.8 12 0.0 8079 1 1 0 0.0 22.9 15.0 0.065 66.0 0.004 0.0 0.0 0.0 254.3 105.6 964.9
52.990 0.00020 0.00005 6.2 5.6 -13.0 358.9 5.0 999.000 4.0 -1.529 -0.056 0.1 9.8 2.1 4.2 4.2 12 0.0 8084 1 1 0 0.0 22.9 15.0 0.065 66.0 0.004 0.0 0.0 0.0 229.8 64.2 1011.0
53.382 0.00021 0.00005 6.4 3.0 -10.7 358.8 5.0 999.000 4.0 -1.407 -0.047 0.0 8.9 3.3 4.5 4.5 12 0.0 8124 1 1 0 0.0 22.9 15.0 0.065 66.0 0.004 0.0 0.0 0.0 165.8 80.9 987.0
53.980 0.00022 0.00005 6.5 4.2 -8.3 358.8 5.0 999.000 4.0 -1.407 -0.047 0.0 6.2 6.2 4.8 4.7 12 0.0 8184 1 1 0 0.0 22.9 15.0 0.065 66.0 0.004 0.0 0.0 0.0 139.8 62.2 1016.0
54.382 0.00022 0.00005 6.6 6.4 -5.9 358.8 5.0 999.000 4.0 -1.544 -0.031 0.1 8.3 4.1 5.0 5.0 12 0.0 8204 1 1 0 0.0 22.9 15.0 0.065 66.0 0.004 0.0 0.0 0.0 96.0 95.8 978.1
54.989 0.00023 0.00005 6.6 5.1 -3.5 358.4 5.0 999.000 4.0 -1.544 -0.031 0.1 9.4 3.0 5.1 5.1 12 0.0 8129 1 1 0 0.0 22.9 15.0 0.065 66.0 0.004 0.0 0.0 0.0 59.8 79.2 1015.0
55.381 0.00024 0.00005 6.6 3.0 -1.2 358.0 5.0 999.000 4.0 -1.416 0.142 0.0 9.1 4.0 5.2 5.2 12 0.0 8179 1 1 0 0.0 22.9 15.0 0.065 66.0 0.004 0.0 0.0 0.0 17.2 72.2 1004.0
55.983 0.00024 0.00005 6.6 4.5 1.2 357.7 5.0 999.000 4.0 -1.416 0.142 0.0 7.0 7.0 5.2 5.2 12 0.0 8184 1 1 0 0.0 22.9 15.0 0.065 66.0 0.004 0.0 0.0 0.0 -22.2 106.6 1008.0
56.372 0.00025 0.00005 6.6 7.3 3.5 357.5 5.0 999.000 4.0 -1.648 -0.064 0.0 9.6 5.0 5.2 5.2 12 0.0 8124 1 1 0 0.0 22.9 15.0 0.065 66.0 0.004 0.0 0.0 0.0 -61.7 110.6 982.4
56.988 0.00026 0.00005 6.5 6.5 5.7 357.6 5.0 999.000 4.0 -1.648 -0.064 0.0 11.1 3.9 5.2 5.2 12 0.0 8169 1 1 0 0.0 22.9 15.0 0.065 66.0 0.004 0.0 0.0 0.0 -102.0 77.4 992.1
57.382 0.00027 0.00005 6.4 4.6 8.0 357.7 5.0 999.000 4.0 -1.544 0.057 0.0 10.6 4.2 5.0 5.0 12 0.0 8119 1 1 0 0.0 22.9 15.0 0.065 66.0 0.004 0.0 0.0 0.0 -152.0 60.1 1011.0
57.982 0.00027 0.00005 6.3 3.8 10.2 357.9 5.0 999.000 4.0 -1.544 0.057 0.0 9.6 5.0 4.8 4.8 12 0.0 8149 1 1 0 0.0 22.9 15.0 0.065 66.0 0.004 0.0 0.0 0.0 -190.0 93.4 974.1
58.382 0.00028 0.00005 6.1 4.6 12.2 358.3 5.0 999.000 4.0 -1.534 -0.090 0.1 9.0 5.2 4.5 4.5 12 0.0 8179 1 1 0 0.0 22.9 15.0 0.065 66.0 0.004 0.0 0.0 0.0 -221.0 88.8 996.0
58.982 0.00029 0.00005 5.9 5.6 14.2 359.0 5.0 999.000 4.0 -1.534 -0.090 0.1 9.0 4.4 4.2 4.2 12 0.0 8139 1 1 0 0.0 22.9 15.0 0.065 66.0 0.004 0.0 0.0 0.0 -243.0 99.7 959.6
59.380 0.00029 0.00005 5.7 5.5 16.0 359.8 5.0 999.000 4.0 -1.562 -0.016 0.0 8.8 3.2 3.8 3.8 12 0.0 8144 1 1 0 0.0 22.9 15.0 0.065 66.0 0.004 0.0 0.0 0.0 -281.0 84.8 947.1
59.988 0.00030 0.00005 5.5 3.9 17.7 0.6 5.0 999.000 4.0 -1.562 -0.016 0.0 8.0 2.4 3.4 3.4 12 0.0 8099 1 1 0 0.0 22.9 15.0 0.065 66.0 0.004 0.0 0.0 0.0 -318.0 25.9 916.1
60.383 0.00031 0.00005 5.2 2.0 19.3 1.2 5.0 999.000 4.0 -1.618 -0.090 0.0 1.9 -2.0 2.9 2.9 12 0.0 8124 1 1 0 0.0 22.9 15.0 0.065 66.0 0.004 0.0 0.0 0.0 -338.0 -8.1 924.5
60.981 0.00032 0.00005 4.9 -1.1 20.7 1.1 5.0 999.000 4.0 -1.618 -0.090 0.0 0.0 0.0 2.4 2.4 12 0.0 8174 1 1 0 0.0 22.9 15.0 0.065 66.0 0.004 0.0 0.0 0.0 -368.0 -26.3 928.3
61.393 0.00032 0.00005 4.6 -1.3 22.0 1.2 5.0 999.000 4.0 -1.378 0.007 0.0 0.0 0.0 1.8 1.8 12 8.4 8154 1 1 0 0.0 22.9 15.0 0.065 65.0 0.004 0.0 0.0 0.0 -374.0 -19.9 952.9
61.988 0.00033 0.00005 4.3 -0.9 23.3 1.1 5.0 999.000 4.0 -1.378 0.007 0.0 0.0 0.0 1.2 1.2 12 0.0 8214 1 1 0 0.0 22.9 15.0 0.065 65.0 0.004 0.0 0.0 0.0 -408.0 30.5 926.8
62.381 0.00033 0.00005 4.0 -0.1 24.4 0.9 5.0 999.000 4.0 -1.585 -0.155 0.1 0.0 0.0 0.0 0.0 12 0.0 8259 1 1 0 0.0 22.9 15.0 0.065 65.0 0.004 0.0 0.0 0.0 -419.0 23.6 916.6
62.983 0.00034 0.00005 3.6 0.6 25.1 0.7 5.0 999.000 4.0 -1.585 -0.155 0.1 0.0 0.0 0.0 0.0 12 8.4 8224 1 1 0 0.0 22.9 15.0 0.065 65.0 0.004 0.0 0.0 0.0 -431.0 23.6 928.6
63.382 0.00035 0.00005 3.3 0.9 25.8 0.6 5.0 999.000 4.0 -1.628 0.078 0.0 0.0 0.0 0.0 0.0 12 0.0 8254 1 1 0 0.0 22.9 15.0 0.065 65.0 0.004 0.0 0.0 0.0 -438.0 50.9 900.4
63.987 0.00036 0.00005 2.9 1.2 26.3 0.3 5.0 999.000 4.0 -1.628 0.078 0.0 0.0 0.0 -1.4 -1.4 12 8.3 8174 1 1 0 0.0 22.9 15.0 0.065 65.0 0.004 0.0 0.0 0.0 -456.0 26.8 904.8
64.384 0.00036 0.00005 2.6 -0.1 26.4 0.1 5.0 999.000 4.0 -1.597 -0.044 0.1 0.0 0.0 -2.1 -2.1 12 0.0 8194 1 1 0 0.0 22.9 15.0 0.065 65.0 0.004 0.0 0.0 0.0 -449.0 -6.4 892.9
64.982 0.00037 0.00005 2.2 -1.2 26.2 0.0 5.0 999.000 4.0 -1.597 -0.044 0.1 0.0 0.0 -2.9 -2.9 12 0.0 8179 1 1 0 0.0 22.9 15.0 0.065 65.0 0.004 0.0 0.0 0.0 -448.0 6.3 913.9
65.382 0.00038 0.00005 1.8 -2.1 25.6 0.1 5.0 999.000 4.0 -1.532 -0.006 0.1 0.0 0.0 -3.7 -3.6 12 8.4 8214 1 1 0 0.0 22.9 15.0 0.065 65.0 0.004 0.0 0.0 0.0 -440.0 -56.9 889.0
65.983 0.00038 0.00005 1.5 -2.4 24.7 0.1 5.0 999.000 4.0 -1.532 -0.006 0.1 0.0 0.0 -4.4 -4.4 12 0.0 8149 1 1 0 0.0 22.9 15.0 0.065 65.0 0.004 0.0 0.0 0.0 -410.0 -52.0 901.4
66.388 0.00039 0.00005 1.1 -2.6 23.5 0.3 5.0 999.000 4.0 -1.678 -0.212 0.0 0.0 0.0 -5.1 -5.1 12 0.0 8149 1 1 0 0.0 22.9 15.0 0.065 65.0 0.004 0.0 0.0 0.0 -404.0 -54.6 902.7
66.981 0.00040 0.00005 0.8 -2.9 21.8 0.0 5.0 999.000 4.0 -1.678 -0.212 0.0 0.0 0.0 -5.8 -5.8 12 0.0 8139 1 1 0 0.0 22.9 15.0 0.065 65.0 0.004 0.0 0.0 0.0 -370.0 -79.9 908.2
67.384 0.00041 0.00005 0.5 -2.4 20.0 0.1 5.0 999.000 4.0 -1.667 -0.160 0.1 0.0 0.0 -6.5 -6.4 12 0.0 8119 1 1 0 0.0 22.9 15.0 0.065 65.0 0.004 0.0 0.0 0.0 -340.0 -55.7 937.6
67.987 0.00042 0.00005 0.2 -2.7 18.0 0.6 5.0 999.000 4.0 -1.667 -0.160 0.1 0.0 0.0 -7.1 -7.1 12 0.0 8189 1 1 0 0.0 22.9 15.0 0.065 65.0 0.004 0.0 0.0 0.0 -307.0 -35.0 878.3
68.382 0.00042 0.00005 0.1 -3.5 6.7 0.1 5.0 999.000 4.0 -1.496 -0.046 0.0 0.0 0.0 -7.7 -7.7 12 0.0 8269 1 1 0 0.0 22.9 15.0 0.065 65.0 0.004 0.0 0.0 0.0 -67.7 -43.2 967.7
68.983 0.00043 0.00005 0.2 -0.7 -4.1 358.8 5.0 999.000 4.0 -1.496 -0.046 0.0 0.0 0.0 -7.8 -7.8 12 0.0 8459 1 1 0 0.0 22.9 15.0 0.065 65.0 0.004 0.0 0.0 0.0 131.6 -53.2 1101.0
69.383 0.00044 0.00005 0.3 0.5 -7.8 358.6 5.0 999.000 4.0 -1.610 0.080 -0.2 0.0 0.0 -7.6 -7.6 12 0.0 8329 1 1 0 0.0 22.9 15.0 0.065 65.0 0.004 0.0 0.0 0.0 144.7 22.9 985.4
69.987 0.00044 0.00005 0.4 -1.2 -9.6 359.0 5.0 999.000 4.0 -1.610 0.080 -0.2 0.0 0.0 -7.3 -7.4 12 0.0 8224 1 1 0 0.0 22.9 15.0 0.065 65.0 0.004 0.0 0.0 0.0 172.8 -16.4 993.5
70.384 0.00045 0.00005 0.6 -0.9 -12.6 358.8 5.0 999.000 4.0 -1.485 -0.028 0.0 0.0 0.0 -7.1 -7.1 12 0.0 8174 1 1 0 0.0 22.9 15.0 0.065 65.0 0.004 0.0 0.0 0.0 216.3 7.5 964.4
70.983 0.00046 0.00005 0.7 0.4 -14.9 359.1 5.0 999.000 4.0 -1.485 -0.028 0.0 6.2 6.2 -6.9 -6.9 12 0.0 8069 1 1 0 0.0 22.9 15.0 0.065 65.0 0.004 0.0 0.0 0.0 269.3 20.4 981.7
71.393 0.00046 0.00005 0.8 5.1 -16.6 0.5 5.0 999.000 4.0 -1.438 -0.089 0.1 5.9 5.9 -6.6 -6.6 12 0.0 8089 1 1 0 0.0 22.9 15.0 0.065 65.0 0.004 0.0 0.0 0.0 273.0 77.8 917.1
71.986 0.00047 0.00005 1.0 5.6 -17.2 1.3 5.0 999.000 4.0 -1.438 -0.089 0.1 2.5 -2.5 -6.3 -6.3 12 8.3 8039 1 1 0 0.0 22.9 15.0 0.065 65.0 0.004 0.0 0.0 0.0 298.9 85.3 942.0
72.384 0.00048 0.00005 1.2 0.9 -17.8 0.8 5.0 999.000 4.0 -1.496 -0.014 0.1 2.8 -2.8 -6.0 -6.0 12 0.0 8034 1 1 0 0.0 22.9 15.0 0.065 65.0 0.004 0.0 0.0 0.0 309.1 -15.4 920.6
72.992 0.00048 0.00005 1.4 -1.7 -19.0 0.3 5.0 999.000 4.0 -1.496 -0.014 0.1 0.0 0.0 -5.6 -5.7 12 0.0 8064 1 1 0 0.0 22.9 15.0 0.065 65.0 0.004 0.0 0.0 0.0 330.1 -61.7 928.5
73.383 0.00049 0.00005 1.5 -1.5 -20.1 0.3 5.0 999.000 4.0 -1.460 -0.033 0.1 0.0 0.0 -5.3 -5.3 12 8.4 8064 1 1 0 0.0 22.9 15.0 0.065 65.0 0.004 0.0 0.0 0.0 344.5 3.5 922.3
73.985 0.00050 0.00005 1.8 -2.0 -20.8 0.3 5.0 999.000 4.0 -1.460 -0.033 0.1 0.0 0.0 -4.9 -4.9 12 0.0 8049 1 1 0 0.0 22.9 15.0 0.065 65.0 0.004 0.0 0.0 0.0 363.7 -46.4 936.8
74.385 0.00050 0.00005 2.0 -2.1 -21.4 0.1 5.0 999.000 4.0 -1.601 -0.058 0.0 0.0 0.0 -4.5 -4.5 12 8.4 8084 1 1 0 0.0 22.9 15.0 0.065 65.0 0.004 0.0 0.0 0.0 362.4 -37.3 940.0
74.992 0.00051 0.00005 2.2 -2.5 -21.7 359.9 5.0 999.000 4.0 -1.601 -0.058 0.0 0.0 0.0 -4.0 -4.0 12 0.0 8029 1 1 0 0.0 22.9 15.0 0.065 65.0 0.004 0.0 0.0 0.0 363.7 -39.3 919.4
75.385 0.00052 0.00005 2.5 -1.5 -21.8 359.9 5.0 999.000 4.0 -1.613 0.055 0.1 5.1 5.1 -3.6 -3.6 12 0.0 8084 1 1 0 0.0 22.9 15.0 0.065 65.0 0.004 0.0 0.0 0.0 368.2 -1.0 946.8
75.984 0.00053 0.00005 2.7 2.4 -21.7 0.8 5.0 999.000 4.0 -1.613 0.055 0.1 5.1 5.1 -3.1 -3.1 12 0.0 8084 1 1 0 0.0 22.9 15.0 0.065 65.0 0.004 0.0 0.0 0.0 369.5 78.7 934.9
76.393 0.00053 0.00005 2.9 5.7 -21.2 1.5 5.0 999.000 4.0 -1.573 0.039 0.1 0.0 0.0 -2.6 -2.6 12 0.0 8129 1 1 0 0.0 22.9 15.0 0.065 65.0 0.004 0.0 0.0 0.0 372.9 97.4 968.3
76.992 0.00054 0.00005 3.2 3.0 -20.7 1.6 5.0 999.000 4.0 -1.573 0.039 0.1 2.8 -2.9 -2.1 -2.1 12 0.0 8064 1 1 0 0.0 22.9 15.0 0.065 65.0 0.004 0.0 0.0 0.0 350.9 49.7 939.9
77.385 0.00055 0.00005 3.4 -0.9 -20.1 1.4 5.0 999.000 4.0 -1.431 -0.051 0.1 0.0 0.0 -1.7 -1.7 12 0.0 8119 1 1 0 0.0 22.9 15.0 0.065 65.0 0.004 0.0 0.0 0.0 335.5 -29.6 933.0
77.985 0.00055 0.00005 3.6 -0.9 -19.2 1.0 5.0 999.000 4.0 -1.431 -0.051 0.1 0.0 0.0 -1.2 -1.2 12 0.0 8084 1 1 0 0.0 22.9 15.0 0.065 65.0 0.004 0.0 0.0 0.0 338.2 -27.2 979.5
78.384 0.00056 0.00005 3.8 -1.0 -18.3 0.8 5.0 999.000 4.0 -1.574 0.084 0.1 0.0 0.0 0.0 0.0 12 0.0 8124 1 1 0 0.0 22.9 15.0 0.065 65.0 0.004 0.0 0.0 0.0 329.1 -9.8 975.9
78.992 0.00057 0.00005 4.0 -0.7 -17.0 0.7 5.0 999.000 4.0 -1.574 0.084 0.1 0.0 0.0 0.0 0.0 12 0.0 8164 1 1 0 0.0 22.9 15.0 0.065 65.0 0.004 0.0 0.0 0.0 286.7 5.8 959.7
79.384 0.00057 0.00005 4.2 -0.5 -15.7 0.6 5.0 999.000 4.0 -1.456 0.003 0.1 0.0 0.0 0.0 0.0 12 0.0 8114 1 1 0 0.0 22.9 15.0 0.065 65.0 0.004 0.0 0.0 0.0 268.5 -15.4 967.6
79.985 0.00058 0.00005 4.3 -0.2 -14.4 0.4 5.0 999.000 4.0 -1.456 0.003 0.1 0.0 0.0 0.0 0.0 12 0.0 8124 1 1 0 0.0 22.9 15.0 0.065 65.0 0.004 0.0 0.0 0.0 257.1 -25.8 964.8
80.386 0.00059 0.00005 4.5 -0.1 -13.3 0.3 5.0 999.000 4.0 -1.373 -0.077 0.1 0.0 0.0 0.0 0.0 12 0.0 8149 1 1 0 0.0 22.9 15.0 0.065 65.0 0.004 0.0 0.0 0.0 227.3 -35.2 969.4
80.994 0.00059 0.00005 4.6 -0.2 -12.1 0.2 5.0 999.000 4.0 -1.373 -0.077 0.1 0.0 0.0 0.0 0.0 12 0.0 8109 1 1 0 0.0 22.9 15.0 0.065 65.0 0.004 0.0 0.0 0.0 209.7 38.8 999.1
81.408 0.00060 0.00005 4.7 -0.0 -10.8 0.2 5.0 999.000 4.0 -1.383 -0.097 0.1 0.0 0.0 1.3 1.3 12 0.0 8089 1 1 0 0.0 22.9 15.0 0.065 65.0 0.004 0.0 0.0 0.0 184.2 -30.6 994.9
81.985 0.00060 0.00005 4.9 0.5 -9.6 0.1 5.0 999.000 4.0 -1.383 -0.097 0.1 0.0 0.0 1.5 1.5 12 0.0 8124 1 1 0 0.0 22.9 15.0 0.065 65.0 0.004 0.0 0.0 0.0 158.1 -6.9 995.8
82.385 0.00061 0.00005 4.9 -0.0 -8.1 0.2 5.0 999.000 4.0 -1.578 -0.030 0.0 0.0 0.0 1.7 1.7 12 0.0 8109 1 1 0 0.0 22.9 15.0 0.065 65.0 0.004 0.0 0.0 0.0 138.5 -11.0 991.0
82.990 0.00062 0.00005 5.0 -0.2 -6.7 0.2 5.0 999.000 4.0 -1.578 -0.030 0.0 0.0 0.0 1.9 1.9 12 0.0 8159 1 1 0 0.0 22.9 15.0 0.065 65.0 0.004 0.0 0.0 0.0 114.8 -16.9 1014.0
83.386 0.00063 0.00005 5.1 -0.1 -5.2 0.4 5.0 999.000 4.0 -1.441 -0.080 0.1 0.0 0.0 2.0 2.0 12 0.0 8124 1 1 0 0.0 22.9 15.0 0.065 65.0 0.004 0.0 0.0 0.0 82.9 7.5 1010.0
83.984 0.00063 0.00005 5.1 -0.2 -3.7 0.4 5.0 999.000 4.0 -1.441 -0.080 0.1 0.0 0.0 2.1 2.1 12 0.0 8149 1 1 0 0.0 22.9 15.0 0.065 65.0 0.004 0.0 0.0 0.0 73.3 17.4 1029.0
84.384 0.00064 0.00005 5.1 -0.3 -2.1 0.9 5.0 999.000 4.0 -1.614 -0.045 0.0 0.0 0.0 2.2 2.2 12 8.4 8094 1 1 0 0.0 22.9 15.0 0.065 65.0 0.004 0.0 0.0 0.0 27.8 -8.6 1020.0
84.991 0.00065 0.00005 5.1 -0.5 -0.6 1.1 5.0 999.000 4.0 -1.614 -0.045 0.0 0.0 0.0 2.2 2.2 12 0.0 8134 1 1 0 0.0 22.9 15.0 0.065 65.0 0.004 0.0 0.0 0.0 10.2 -28.7 1022.0
85.385 0.00065 0.00005 5.1 -0.6 0.9 1.3 5.0 999.000 4.0 -1.463 -0.087 0.1 0.0 0.0 2.2 2.2 12 0.0 8119 1 1 0 0.0 22.9 15.0 0.065 65.0 0.004 0.0 0.0 0.0 -23.0 -29.0 972.6
85.984 0.00066 0.00005 5.0 -0.6 2.4 1.2 5.0 999.000 4.0 -1.463 -0.087 0.1 0.0 0.0 2.2 2.2 12 0.0 8094 1 1 0 0.0 22.9 15.0 0.065 65.0 0.004 0.0 0.0 0.0 -49.0 -37.6 978.3
86.397 0.00067 0.00005 5.0 -0.5 3.8 1.1 5.0 999.000 4.0 -1.541 -0.095 0.0 0.0 0.0 2.1 2.1 12 8.3 8089 1 1 0 0.0 22.9 15.0 0.065 65.0 0.004 0.0 0.0 0.0 -62.6 -13.6 1025.0
86.989 0.00067 0.00005 4.9 -0.6 5.1 0.9 5.0 999.000 4.0 -1.541 -0.095 0.0 0.0 0.0 1.9 1.9 12 0.0 8099 1 1 0 0.0 22.9 15.0 0.065 65.0 0.004 0.0 0.0 0.0 -101.0 30.9 1003.0
87.385 0.00068 0.00005 4.8 -0.5 6.4 0.6 5.0 999.000 4.0 -1.523 -0.159 0.1 0.0 0.0 1.8 1.8 12 8.3 8114 1 1 0 0.0 22.9 15.0 0.065 65.0 0.004 0.0 0.0 0.0 -104.0 5.1 1006.0
87.990 0.00069 0.00005 4.7 -0.8 7.6 0.3 5.0 999.000 4.0 -1.523 -0.159 0.1 0.0 0.0 1.6 1.6 12 0.0 8099 1 1 0 0.0 22.9 15.0 0.065 65.0 0.004 0.0 0.0 0.0 -127.0 -8.6 1021.0
88.384 0.00069 0.00005 4.5 -0.8 8.7 0.0 5.0 999.000 4.0 -1.501 -0.024 0.0 0.0 0.0 1.4 1.4 12 0.0 8069 1 1 0 0.0 22.9 15.0 0.065 65.0 0.004 0.0 0.0 0.0 -156.0 -32.3 991.0
88.985 0.00070 0.00005 4.4 -0.9 9.8 359.7 5.0 999.000 4.0 -1.501 -0.024 0.0 0.0 0.0 1.1 1.1 12 0.0 8159 1 1 0 0.0 22.9 15.0 0.065 65.0 0.004 0.0 0.0 0.0 -177.0 -25.8 984.3
89.385 0.00071 0.00005 4.2 0.0 10.8 359.5 5.0 999.000 4.0 -1.536 -0.001 0.0 5.3 5.3 0.0 0.0 12 0.0 8149 1 1 0 0.0 22.9 15.0 0.065 65.0 0.004 0.0 0.0 0.0 -185.0 -27.2 965.9
89.991 0.00071 0.00005 4.1 4.4 11.6 0.1 5.0 999.000 4.0 -1.536 -0.001 0.0 5.5 5.5 0.0 0.0 12 0.0 8114 1 1 0 0.0 22.9 15.0 0.065 65.0 0.004 0.0 0.0 0.0 -200.0 33.1 969.8
90.386 0.00072 0.00005 3.9 6.5 12.3 0.5 5.0 999.000 4.0 -1.680 0.140 0.1 2.2 -2.2 0.0 0.0 12 0.0 8114 1 1 0 0.0 22.9 15.0 0.065 65.0 0.004 0.0 0.0 0.0 -206.0 58.7 972.9
90.985 0.00073 0.00005 3.7 0.8 13.0 0.2 5.0 999.000 4.0 -1.680 0.140 0.1 3.2 -3.2 0.0 0.0 12 0.0 8119 1 1 0 0.0 22.9 15.0 0.065 65.0 0.004 0.0 0.0 0.0 -225.0 4.8 993.6
91.401 0.00074 0.00005 3.5 -3.1 13.6 0.0 5.0 999.000 4.0 -1.605 -0.061 0.1 0.0 0.0 0.0 0.0 12 0.0 8084 1 1 0 0.0 22.9 15.0 0.065 65.0 0.004 0.0 0.0 0.0 -238.0 -12.8 969.3
91.986 0.00074 0.00005 3.3 -1.0 14.0 0.4 5.0 999.000 4.0 -1.605 -0.061 0.1 -1.6 1.5 -1.1 -1.1 12 0.0 8149 1 1 0 0.0 22.9 15.0 0.065 65.0 0.004 0.0 0.0 0.0 -241.0 -4.9 992.6
92.384 0.00075 0.00005 3.1 0.8 14.2 0.4 5.0 999.000 4.0 -1.628 0.001 0.1 0.0 0.0 -1.4 -1.4 12 0.0 8119 1 1 0 0.0 22.9 15.0 0.065 65.0 0.004 0.0 0.0 0.0 -245.0 26.1 967.0
92.990 0.00076 0.00005 2.8 0.3 14.4 0.4 5.0 999.000 4.0 -1.628 0.001 0.1 0.0 0.0 -1.9 -1.9 12 0.0 8154 1 1 0 0.0 22.9 15.0 0.065 65.0 0.004 0.0 0.0 0.0 -243.0 2.7 960.0
93.387 0.00077 0.00005 2.6 -0.3 14.5 0.5 5.0 999.000 4.0 -1.519 -0.113 0.0 0.0 0.0 -2.3 -2.3 12 0.0 8089 1 1 0 0.0 22.9 15.0 0.065 65.0 0.004 0.0 0.0 0.0 -255.0 1.8 955.8
93.984 0.00077 0.00005 2.4 -1.1 14.5 0.6 5.0 999.000 4.0 -1.519 -0.113 0.0 0.0 0.0 -2.8 -2.8 12 0.0 8109 1 1 0 0.0 22.9 15.0 0.065 65.0 0.004 0.0 0.0 0.0 -257.0 -8.4 947.9
94.385 0.00078 0.00005 2.2 -1.3 14.4 0.8 5.0 999.000 4.0 -1.512 -0.179 0.1 0.0 0.0 -3.2 -3.2 12 0.0 8124 1 1 0 0.0 22.9 15.0 0.065 65.0 0.004 0.0 0.0 0.0 -243.0 -16.5 953.2
94.989 0.00079 0.00005 2.0 -1.4 13.9 0.8 5.0 999.000 4.0 -1.512 -0.179 0.1 0.0 0.0 -3.7 -3.7 12 0.0 8074 1 1 0 0.0 22.9 15.0 0.065 65.0 0.004 0.0 0.0 0.0 -229.0 -20.0 971.0
95.385 0.00079 0.00005 1.7 -2.0 13.1 1.0 5.0 999.000 4.0 -1.637 -0.042 0.0 0.0 0.0 -4.1 -4.1 12 0.0 8094 1 1 0 0.0 22.9 15.0 0.065 65.0 0.004 0.0 0.0 0.0 -228.0 -18.3 979.8
95.985 0.00080 0.00005 1.6 -1.9 12.2 1.2 5.0 999.000 4.0 -1.637 -0.042 0.0 0.0 0.0 -4.5 -4.5 12 0.0 8074 1 1 0 0.0 22.9 15.0 0.065 65.0 0.004 0.0 0.0 0.0 -215.0 -48.4 974.1
96.398 0.00081 0.00005 1.3 -1.9 11.2 1.2 5.0 999.000 4.0 -1.628 0.112 0.1 0.0 0.0 -4.9 -4.9 12 0.0 8089 1 1 0 0.0 22.9 15.0 0.065 65.0 0.004 0.0 0.0 0.0 -190.0 -38.9 989.6
97.001 0.00082 0.00005 1.2 -2.1 10.3 1.4 5.0 999.000 4.0 -1.628 0.112 0.1 0.0 0.0 -5.3 -5.3 0 0.0 4919 1 1 0 0.0 22.9 15.0 0.065 65.0 0.004 0.0 0.0 0.0 -119.0 -2.3 1003.0
97.386 0.00082 0.00005 1.0 -6.5 9.1 1.4 5.0 999.000 4.0 -1.657 0.001 0.1 0.0 0.0 -5.7 -5.7 0 0.0 0 1 1 0 0.0 22.9 15.0 0.065 65.0 0.004 0.0 0.0 0.0 -113.0 -100.0 992.9
97.989 0.00083 0.00005 0.9 -5.7 6.6 1.4 5.0 999.000 4.0 -1.657 0.001 0.1 -3.2 3.3 -6.0 -6.0 0 0.0 0 1 1 0 0.0 22.9 15.0 0.065 65.0 0.004 0.0 0.0 0.0 -85.7 -71.2 979.8
98.386 0.00084 0.00005 0.8 -1.3 3.8 1.7 5.0 999.000 4.0 -1.192 0.030 0.1 -2.9 2.9 -6.2 -6.2 0 0.0 0 1 1 0 0.0 22.9 15.1 0.065 65.0 0.004 0.0 0.0 0.0 -39.7 -6.3 1005.0
98.985 0.00084 0.00005 0.7 1.2 1.2 2.0 5.0 999.000 4.0 -1.192 0.030 0.1 0.0 0.0 -6.4 -6.4 0 0.0 0 1 1 0 0.0 22.9 15.1 0.065 65.0 0.004 0.0 0.0 0.0 -7.8 31.6 987.9
99.388 0.00085 0.00005 0.7 1.8 -1.4 2.6 5.0 999.000 4.0 -1.087 -0.086 0.1 0.0 0.0 -6.5 -6.5 0 0.0 0 1 1 0 0.0 22.9 15.1 0.065 65.0 0.004 0.0 0.0 0.0 25.0 28.4 990.7
99.989 0.00085 0.00005 0.6 1.1 -3.3 2.3 5.0 999.000 4.0 -1.087 -0.086 0.1 0.0 0.0 -6.6 -6.6 0 0.0 0 1 1 0 0.0 22.9 15.1 0.065 65.0 0.004 0.0 0.0 0.0 61.8 15.9 999.6
100.386 0.00086 0.00005 0.6 2.1 -5.1 1.7 5.0 999.000 4.0 -0.966 -0.080 0.1 0.0 0.0 -6.7 -6.7 0 0.0 0 1 1 0 0.0 22.9 15.1 0.065 65.0 0.004 0.0 0.0 0.0 102.2 40.1 990.3
100.988 0.00086 0.00005 0.6 1.8 -7.7 2.0 5.0 999.000 4.0 -0.966 -0.080 0.1 0.0 0.0 -6.7 -6.7 0 0.0 5 1 1 0 0.0 22.9 15.1 0.065 65.0 0.004 0.0 0.0 0.0 134.1 24.9 972.8
101.394 0.00086 0.00005 0.6 2.0 -9.9 1.7 5.0 999.000 4.0 -0.580 0.031 0.1 0.0 0.0 -6.7 -6.8 0 0.0 5 1 1 0 0.0 22.9 15.1 0.065 65.0 0.004 0.0 0.0 0.0 176.3 43.0 996.8
101.989 0.00087 0.00005 0.6 2.6 -11.2 1.2 5.0 999.000 4.0 -0.580 0.031 0.1 0.0 0.0 -6.7 -6.8 0 0.0 0 1 1 0 0.0 22.9 15.1 0.065 65.0 0.004 0.0 0.0 0.0 206.7 41.3 978.1
102.388 0.00087 0.00005 0.6 2.3 -14.0 0.8 5.0 999.000 4.0 -0.638 0.095 0.1 0.0 0.0 -6.7 -6.7 0 0.0 0 1 1 0 0.0 22.9 15.1 0.065 65.0 0.004 0.0 0.0 0.0 241.7 45.4 960.2
102.987 0.00087 0.00005 0.7 2.7 -15.8 0.9 5.0 999.000 4.0 -0.638 0.095 0.1 0.0 0.0 -6.7 -6.7 0 0.0 0 1 1 0 0.0 22.9 15.1 0.065 65.0 0.004 0.0 0.0 0.0 266.5 41.6 959.5
103.388 0.00087 0.00005 0.7 3.0 -16.3 0.1 5.0 999.000 4.0 -0.654 -0.026 0.1 0.0 0.0 -6.7 -6.7 0 0.0 0 1 1 0 0.0 22.9 15.1 0.065 65.0 0.004 0.0 0.0 0.0 293.1 55.5 955.8
103.989 0.00088 0.00005 0.7 3.4 -18.4 359.8 5.0 999.000 4.0 -0.654 -0.026 0.1 0.0 0.0 -6.7 -6.7 0 0.0 0 1 1 0 0.0 22.9 15.1 0.065 65.0 0.004 0.0 0.0 0.0 312.9 57.2 947.6
104.387 0.00088 0.00005 0.7 2.8 -19.5 359.6 5.0 999.000 4.0 -0.475 -0.088 0.1 6.9 3.5 -6.6 -6.6 0 0.0 0 1 1 0 0.0 22.9 15.1 0.065 65.0 0.004 0.0 0.0 0.0 337.3 48.1 946.0
104.987 0.00088 0.00005 0.7 3.4 -20.5 359.2 5.0 999.000 4.0 -0.475 -0.088 0.1 5.4 5.4 -6.6 -6.6 0 0.0 0 1 1 0 0.0 22.9 15.1 0.065 65.0 0.004 0.0 0.0 0.0 350.3 51.8 930.7
105.389 0.00088 0.00005 0.7 4.2 -21.4 358.8 5.0 999.000 4.0 -0.307 -0.088 0.1 7.5 4.1 -6.6 -6.5 0 0.0 0 1 1 0 0.0 22.9 15.1 0.065 65.0 0.004 0.0 0.0 0.0 363.0 75.2 929.2
105.988 0.00088 0.00005 0.7 3.8 -22.1 358.8 5.0 999.000 4.0 -0.307 -0.088 0.1 8.3 4.1 -6.5 -6.5 0 0.0 0 1 1 0 0.0 22.9 15.1 0.065 65.0 0.004 0.0 0.0 0.0 380.5 56.2 925.8
106.404 0.00089 0.00005 0.8 3.3 -22.8 359.0 5.0 999.000 4.0 -0.351 0.010 0.1 8.1 4.3 -6.5 -6.5 0 0.0 5 1 1 0 0.0 22.9 15.1 0.065 65.0 0.004 0.0 0.0 0.0 388.5 53.0 922.2
106.987 0.00089 0.00005 0.8 4.5 -23.3 359.0 5.0 999.000 4.0 -0.351 0.010 0.1 7.6 4.4 -6.5 -6.5 0 0.0 0 1 1 0 0.0 22.9 15.1 0.065 65.0 0.004 0.0 0.0 0.0 399.9 80.3 913.6
107.386 0.00089 0.00005 0.8 4.4 -23.9 359.6 5.0 999.000 4.0 -0.381 -0.107 0.2 8.2 3.8 -6.5 -6.5 0 0.0 0 1 1 0 0.0 22.9 15.1 0.065 65.0 0.004 0.0 0.0 0.0 403.2 61.0 915.4
107.997 0.00089 0.00005 0.8 4.4 -24.1 359.1 5.0 999.000 4.0 -0.381 -0.107 0.2 7.6 3.2 -6.5 -6.5 0 0.0 0 1 1 0 0.0 22.9 15.1 0.065 65.0 0.004 0.0 0.0 0.0 413.2 73.8 912.3
108.387 0.00089 0.00005 0.7 4.1 -24.7 359.6 5.0 999.000 4.0 -0.256 -0.128 0.1 8.1 3.7 -6.5 -6.5 0 0.0 0 1 1 0 0.0 22.9 15.1 0.065 65.0 0.004 0.0 0.0 0.0 411.7 60.2 905.1
108.987 0.00089 0.00005 0.7 5.2 -24.4 359.3 5.0 999.000 4.0 -0.256 -0.128 0.1 7.5 3.4 -6.5 -6.5 0 0.0 0 1 1 0 0.0 22.9 15.1 0.065 65.0 0.004 0.0 0.0 0.0 416.6 90.0 908.2
109.389 0.00090 0.00005 0.7 4.7 -24.8 0.1 5.0 999.000 4.0 -0.157 0.043 0.1 8.3 3.1 -6.5 -6.5 0 0.0 0 1 1 0 0.0 22.9 15.1 0.065 65.0 0.004 0.0 0.0 0.0 419.7 67.6 905.7
109.997 0.00090 0.00005 0.7 4.2 -24.7 359.6 5.0 999.000 4.0 -0.157 0.043 0.1 2.4 -2.4 -6.6 -6.5 0 0.0 0 1 1 0 0.0 22.9 15.1 0.065 65.0 0.004 0.0 0.0 0.0 416.7 67.6 910.7
110.386 0.00090 0.00005 0.7 5.5 -25.5 359.7 5.0 999.000 4.0 -0.146 0.164 0.1 7.5 3.3 -6.6 -6.6 0 0.0 5 1 1 0 0.0 22.9 15.1 0.065 65.0 0.004 0.0 0.0 0.0 422.4 83.0 893.4
110.998 0.00090 0.00005 0.7 5.8 -24.6 359.4 5.0 999.000 4.0 -0.146 0.164 0.1 8.1 2.5 -6.6 -6.6 0 0.0 0 1 1 0 0.0 22.9 15.1 0.065 65.0 0.004 0.0 0.0 0.0 423.7 100.1 914.0
111.410 0.00090 0.00005 0.6 3.2 -24.9 359.6 5.0 999.000 4.0 -0.197 0.037 0.1 8.5 2.7 -6.7 -6.7 0 0.0 0 1 1 0 0.0 22.9 15.1 0.065 65.0 0.004 0.0 0.0 0.0 421.0 35.2 906.3
111.987 0.00090 0.00005 0.6 4.6 -25.7 359.4 5.0 999.000 4.0 -0.197 0.037 0.1 7.0 3.8 -6.7 -6.7 0 0.0 5 1 1 0 0.0 22.9 15.1 0.065 65.0 0.004 0.0 0.0 0.0 423.2 87.1 891.6
112.389 0.00090 0.00005 0.6 6.9 -23.9 359.3 5.0 999.000 4.0 -0.090 0.010 0.1 7.9 3.3 -6.8 -6.8 0 0.0 0 1 1 0 0.0 22.9 15.1 0.065 65.0 0.004 0.0 0.0 0.0 405.3 100.5 913.5
112.997 0.00090 0.00005 0.5 5.3 -22.8 358.9 5.0 999.000 4.0 -0.090 0.010 0.1 9.1 2.3 -6.9 -6.9 0 0.0 0 1 1 0 0.0 22.9 15.1 0.065 65.0 0.004 0.0 0.0 0.0 379.3 89.8 926.4
113.388 0.00090 0.00005 0.5 4.0 -21.2 359.4 5.0 999.000 4.0 -0.050 -0.095 0.1 8.8 3.4 -6.9 -6.9 0 0.0 0 1 1 0 0.0 22.9 15.1 0.065 65.0 0.004 0.0 0.0 0.0 346.5 58.4 938.3
113.989 0.00090 0.00005 0.5 5.3 -17.8 358.5 5.0 999.000 4.0 -0.050 -0.095 0.1 7.6 3.6 -7.0 -7.0 0 0.0 5 1 1 0 0.0 22.9 15.1 0.065 65.0 0.004 0.0 0.0 0.0 304.4 97.9 934.2
114.388 0.00090 0.00005 0.4 5.6 -15.8 359.9 5.0 999.000 4.0 -0.165 -0.110 0.1 7.6 3.6 -7.1 -7.0 0 0.0 0 1 1 0 0.0 22.9 15.1 0.065 65.0 0.004 0.0 0.0 0.0 261.8 90.2 963.5
114.995 0.00091 0.00005 0.4 4.3 -13.9 359.5 5.0 999.000 4.0 -0.165 -0.110 0.1 7.6 3.6 -7.1 -7.1 0 0.0 0 1 1 0 0.0 22.9 15.1 0.065 65.0 0.004 0.0 0.0 0.0 224.2 62.8 975.1
115.389 0.00091 0.00005 0.4 4.8 -11.2 359.3 5.0 999.000 4.0 -0.008 0.008 0.1 7.6 3.6 -7.2 -7.2 0 0.0 0 1 1 0 0.0 22.9 15.1 0.065 65.0 0.004 0.0 0.0 0.0 196.9 92.2 979.0
115.988 0.00091 0.00005 0.4 4.7 -9.6 0.7 5.0 999.000 4.0 -0.008 0.008 0.1 7.6 3.6 -7.2 -7.2 0 0.0 0 1 1 0 0.0 22.9 15.1 0.065 65.0 0.004 0.0 0.0 0.0 169.3 76.6 976.8
116.409 0.00091 0.00005 0.3 5.4 -9.4 0.3 5.0 999.000 4.0 -0.131 -0.135 0.1 7.6 3.6 -7.3 -7.3 0 0.0 0 1 1 0 0.0 22.9 15.1 0.065 65.0 0.004 0.0 0.0 0.0 148.3 91.0 990.1
116.988 0.00091 0.00005 0.3 4.8 -7.8 0.8 5.0 999.000 4.0 -0.131 -0.135 0.1 7.6 3.6 -7.3 -7.3 0 0.0 0 1 1 0 0.0 22.9 15.1 0.065 65.0 0.004 0.0 0.0 0.0 129.4 83.7 979.0
117.389 0.00091 0.00005 0.3 5.7 -6.5 1.8 5.0 999.000 4.0 -0.062 0.056 0.1 7.6 3.6 -7.4 -7.4 0 0.0 0 1 1 0 0.0 22.9 15.1 0.065 65.0 0.004 0.0 0.0 0.0 114.5 96.6 995.0
117.995 0.00091 0.00005 0.2 5.1 -5.7 1.7 5.0 999.000 4.0 -0.062 0.056 0.1 7.6 3.6 -7.4 -7.4 0 0.0 5 1 1 0 0.0 22.9 15.1 0.065 65.0 0.004 0.0 0.0 0.0 97.1 86.0 985.8
118.391 0.00091 0.00005 0.2 5.7 -4.3 1.6 5.0 999.000 4.0 -0.058 -0.058 0.1 7.6 3.6 -7.5 -7.5 0 0.0 5 1 1 0 0.0 22.9 15.1 0.065 65.0 0.004 0.0 0.0 0.0 66.9 104.7 990.3
118.989 0.00091 0.00005 0.2 5.6 -3.8 2.9 5.0 999.000 4.0 -0.058 -0.058 0.1 7.6 3.6 -7.6 -7.6 0 0.0 0 1 1 0 0.0 22.9 15.1 0.065 65.0 0.004 0.0 0.0 0.0 56.8 98.1 1011.0
119.389 0.00091 0.00005 0.2 4.7 0.0 2.9 5.0 999.000 4.0 -0.027 -0.019 0.1 7.6 3.6 -7.6 -7.6 0 0.0 5 1 1 0 0.0 22.9 15.1 0.065 65.0 0.004 0.0 0.0 0.0 1.4 77.9 968.9
119.988 0.00091 0.00005 0.1 6.9 -0.3 2.6 5.0 999.000 4.0 -0.027 -0.019 0.1 7.6 3.6 -7.7 -7.7 0 0.0 0 1 1 0 0.0 22.9 15.1 0.065 65.0 0.004 0.0 0.0 0.0 -0.7 127.6 1011.0
120.389 0.00091 0.00005 0.1 4.8 2.0 4.4 5.0 999.000 4.0 -0.001 -0.048 0.0 7.6 3.6 -7.7 -7.7 0 0.0 5 1 1 0 0.0 22.9 15.1 0.065 65.0 0.004 0.0 0.0 0.0 -43.8 79.3 993.5
120.996 0.00091 0.00005 0.1 4.2 3.1 4.7 5.0 999.000 4.0 -0.001 -0.048 0.0 7.6 3.6 -7.8 -7.8 0 0.0 0 1 1 0 0.0 22.9 15.1 0.065 65.0 0.004 0.0 0.0 0.0 -45.0 69.1 987.3
121.414 0.00091 0.00005 0.1 6.5 1.7 4.0 5.0 999.000 4.0 -0.115 0.014 -0.0 7.6 3.6 -7.8 -7.8 0 0.0 0 1 1 0 0.0 22.9 15.1 0.065 65.0 0.004 0.0 0.0 0.0 -28.9 133.8 992.3
121.989 0.00091 0.00005 0.1 6.2 1.1 6.0 5.0 999.000 4.0 -0.115 0.014 -0.0 7.6 3.6 -7.8 -7.8 0 0.0 0 1 1 0 0.0 22.9 15.1 0.065 65.0 0.004 0.0 0.0 0.0 -20.2 92.0 985.1
122.390 0.00091 0.00005 0.1 4.5 1.2 5.7 5.0 999.000 4.0 -0.042 -0.096 -0.0 7.6 3.6 -7.8 -7.7 0 0.0 5 1 1 0 0.0 22.9 15.1 0.065 65.0 0.004 0.0 0.0 0.0 -9.7 92.4 1016.0
122.988 0.00091 0.00005 0.1 5.8 0.5 7.3 5.0 999.000 4.0 -0.042 -0.096 -0.0 7.6 3.6 -7.7 -7.7 0 0.0 0 1 1 0 0.0 22.9 15.1 0.065 65.0 0.004 0.0 0.0 0.0 -18.6 101.9 991.6
123.388 0.00092 0.00005 0.1 5.1 2.1 7.4 5.0 999.000 4.0 -0.199 0.093 0.0 7.6 3.6 -7.8 -7.7 0 0.0 0 1 1 0 0.0 22.9 15.1 0.065 65.0 0.004 0.0 0.0 0.0 -35.1 100.0 992.3
123.990 0.00092 0.00005 0.1 6.0 1.8 8.8 5.0 999.000 4.0 -0.199 0.093 0.0 7.6 3.6 -7.8 -7.7 0 0.0 0 1 1 0 0.0 22.9 15.1 0.065 65.0 0.004 0.0 0.0 0.0 -30.2 95.0 998.2
124.388 0.00092 0.00005 0.1 5.3 2.6 9.5 5.0 999.000 4.0 -0.032 0.032 0.0 7.6 3.6 -7.8 -7.8 0 0.0 0 1 1 0 0.0 22.9 15.1 0.065 65.0 0.004 0.0 0.0 0.0 -47.8 100.8 978.5
124.988 0.00092 0.00005 0.1 5.6 0.5 10.4 5.0 999.000 4.0 -0.032 0.032 0.0 7.6 3.6 -7.8 -7.8 0 0.0 0 1 1 0 0.0 22.9 15.1 0.065 65.0 0.004 0.0 0.0 0.0 -8.3 90.5 1023.0
125.391 0.00092 0.00005 0.1 6.3 0.9 11.5 5.0 999.000 4.0 -0.187 -0.014 -0.0 7.6 3.6 -7.8 -7.8 0 0.0 0 1 1 0 0.0 22.9 15.1 0.065 65.0 0.004 0.0 0.0 0.0 -17.2 120.5 981.5
125.989 0.00092 0.00005 0.1 5.5 1.1 12.4 5.0 999.000 4.0 -0.187 -0.014 -0.0 7.6 3.6 -7.8 -7.8 0 0.0 0 1 1 0 0.0 22.9 15.1 0.065 65.0 0.004 0.0 0.0 0.0 -14.8 91.7 985.4
126.402 0.00092 0.00005 0.1 5.3 1.2 13.4 5.0 999.000 4.0 -0.081 -0.152 0.0 7.6 3.6 -7.8 -7.8 0 0.0 0 1 1 0 0.0 22.9 15.1 0.065 65.0 0.004 0.0 0.0 0.0 -19.4 77.1 1004.0
126.994 0.00092 0.00005 0.1 6.9 1.1 13.3 5.0 999.000 4.0 -0.081 -0.152 0.0 7.6 3.6 -7.8 -7.8 0 0.0 0 1 1 0 0.0 22.9 15.1 0.065 65.0 0.004 0.0 0.0 0.0 -25.6 127.5 1006.0
127.389 0.00092 0.00005 0.1 5.5 1.5 15.0 5.0 999.000 4.0 -0.033 -0.239 0.0 7.6 3.6 -7.8 -7.8 0 0.0 0 1 1 0 0.0 22.9 15.1 0.065 65.0 0.004 0.0 0.0 0.0 -38.3 109.8 973.7
127.994 0.00092 0.00005 0.1 3.8 2.3 14.6 5.0 999.000 4.0 -0.033 -0.239 0.0 7.6 3.6 -7.8 -7.8 0 0.0 0 1 1 0 0.0 22.9 15.1 0.065 65.0 0.004 0.0 0.0 0.0 -21.5 35.4 1009.0
128.391 0.00092 0.00005 0.1 7.7 0.7 16.0 5.0 999.000 4.0 -0.123 -0.027 -0.0 7.6 3.6 -7.8 -7.8 0 0.0 0 1 1 0 0.0 22.9 15.1 0.065 65.0 0.004 0.0 0.0 0.0 -18.3 162.0 977.2
128.995 0.00092 0.00005 0.1 6.0 1.0 15.8 5.0 999.000 4.0 -0.123 -0.027 -0.0 7.6 3.6 -7.7 -7.7 0 0.0 0 1 1 0 0.0 22.9 15.1 0.065 65.0 0.004 0.0 0.0 0.0 -21