8.464 0.00000 0.00000 0.1 5.4 2.8 37.1 999.0 999.000 999.0 nan nan nan 0.0 0.0 0.0 0.0 0 0.0 0 0 0 0 0.0 0.0 0.0 0.000 0.0 0.000 0.0 0.0 0.0 -60.3 83.1 951.1
8.962 0.00000 0.00000 0.1 6.6 2.0 34.4 999.0 999.000 999.0 nan nan nan 0.0 0.0 0.0 0.0 0 0.0 0 0 0 0 0.0 23.2 15.1 0.065 65.0 0.004 0.0 0.0 0.0 -26.2 123.5 1026.0
9.463 0.00000 0.00000 0.1 8.0 1.8 33.4 999.0 999.000 999.0 nan nan nan 0.0 0.0 0.0 0.0 0 0.0 0 0 0 0 0.0 23.2 15.1 0.065 65.0 0.004 0.0 0.0 0.0 -13.6 122.4 994.8
9.962 0.00000 0.00000 0.1 7.9 -0.9 32.5 999.0 999.000 999.0 nan nan nan 0.0 0.0 0.0 0.0 0 0.0 0 0 0 0 0.0 23.2 15.1 0.065 65.0 0.004 0.0 0.0 0.0 -9.5 159.2 973.0
10.362 0.00000 0.00000 0.1 3.9 0.0 31.0 999.0 999.000 999.0 0.163 0.077 0.0 0.0 0.0 0.0 0.0 0 0.0 0 0 0 0 0.0 23.2 15.1 0.065 65.0 0.004 0.0 0.0 0.0 -4.8 41.1 1011.0
10.976 0.00000 0.00000 0.1 6.2 0.8 30.6 999.0 999.000 999.0 0.163 0.077 0.0 0.0 0.0 0.0 0.0 0 0.0 0 0 0 0 0.0 23.2 15.1 0.065 65.0 0.004 0.0 0.0 0.0 -13.4 141.3 979.8
11.362 0.00000 0.00000 0.1 8.2 1.8 29.3 999.0 999.000 999.0 0.000 0.028 -0.0 0.0 0.0 0.0 0.0 0 0.0 0 0 0 0 0.0 23.2 15.1 0.065 65.0 0.004 0.0 0.0 0.0 -28.2 127.4 993.4
11.961 0.00000 0.00000 0.1 5.2 1.1 28.0 999.0 999.000 999.0 0.000 0.028 -0.0 0.0 0.0 0.0 0.0 0 0.0 0 0 0 0 0.0 23.2 15.1 0.065 65.0 0.004 0.0 0.0 0.0 -29.4 97.2 1009.0
12.364 0.00000 0.00000 0.1 4.3 2.1 27.4 999.0 999.000 999.0 0.065 0.011 0.0 0.0 0.0 0.0 0.0 0 0.0 5 0 0 0 0.0 23.2 15.1 0.065 65.0 0.004 0.0 0.0 0.0 -47.9 75.5 978.3
12.961 0.00000 0.00000 0.1 5.8 1.8 25.9 999.0 999.000 999.0 0.065 0.011 0.0 0.0 0.0 0.0 0.0 0 0.0 0 0 0 0 0.0 23.2 15.1 0.065 65.0 0.004 0.0 0.0 0.0 -26.8 124.2 1019.0
13.362 0.00000 0.00000 0.1 5.6 2.3 26.3 999.0 999.000 999.0 -0.058 -0.075 -0.0 0.0 0.0 0.0 0.0 0 0.0 0 0 0 0 0.0 23.2 15.1 0.065 65.0 0.004 0.0 0.0 0.0 -51.5 90.3 959.3
13.964 0.00000 0.00000 0.1 5.3 2.6 24.2 999.0 999.000 999.0 -0.058 -0.075 -0.0 0.0 0.0 0.0 0.0 0 0.0 0 0 0 0 0.0 23.2 15.1 0.065 65.0 0.004 0.0 0.0 0.0 -19.5 77.2 1041.0
14.362 0.00000 0.00000 0.1 6.2 1.9 24.5 40.0 999.000 999.0 0.022 0.028 -0.0 0.0 0.0 0.0 0.0 0 0.0 0 1 0 0 0.0 23.2 15.1 0.065 65.0 0.004 0.0 0.0 0.0 -50.6 131.7 980.7
14.962 0.00000 0.00000 0.1 4.3 2.1 24.7 40.0 999.000 999.0 0.022 0.028 -0.0 0.0 0.0 0.0 0.0 0 0.0 0 1 0 0 0.0 23.2 15.1 0.065 65.0 0.004 0.0 0.0 0.0 -50.3 71.7 994.4
15.365 0.00000 0.00000 0.1 5.4 2.9 21.9 40.0 999.000 999.0 0.039 -0.139 0.0 0.0 0.0 0.0 0.0 0 0.0 0 1 0 0 0.0 23.2 15.1 0.065 65.0 0.004 0.0 0.0 0.0 -42.9 98.8 990.2
15.982 0.00000 0.00000 0.1 6.4 3.0 22.7 40.0 999.000 999.0 0.039 -0.139 0.0 0.0 0.0 0.0 0.0 0 0.0 0 1 0 0 0.0 23.2 15.1 0.065 65.0 0.004 0.0 0.0 0.0 -50.9 116.9 976.5
16.362 0.00001 0.00000 0.1 4.9 0.3 21.7 40.0 999.000 999.0 0.089 0.090 -0.0 0.0 0.0 0.0 0.0 0 0.0 0 1 0 0 0.0 23.2 15.1 0.065 65.0 0.004 0.0 0.0 0.0 7.8 67.2 1043.0
16.964 0.00001 0.00000 0.1 6.5 0.4 22.0 40.0 999.000 4.0 0.089 0.090 -0.0 0.0 0.0 0.0 0.0 0 0.0 5 1 1 0 0.0 23.2 15.1 0.065 65.0 0.004 0.0 0.0 0.0 -14.4 139.5 970.2
17.363 0.00001 0.00000 0.1 7.4 -0.9 22.5 40.0 999.000 4.0 -0.082 -0.027 0.0 0.0 0.0 -5.8 -5.8 0 0.0 0 1 1 0 0.0 23.2 15.1 0.065 65.0 0.004 0.0 0.0 0.0 12.6 126.3 998.0
17.972 0.00001 0.00000 0.1 5.5 0.8 21.2 40.0 999.000 4.0 -0.082 -0.027 0.0 0.0 0.0 -5.8 -5.8 0 0.0 5 1 1 0 0.0 23.2 15.1 0.065 65.0 0.004 0.0 0.0 0.0 -20.6 101.8 978.2
18.365 0.00001 0.00000 0.1 6.2 0.7 21.5 40.0 999.000 4.0 -0.019 0.002 0.0 0.0 0.0 -5.8 -5.8 0 0.0 0 1 1 0 0.0 23.2 15.1 0.065 65.0 0.004 0.0 0.0 0.0 -8.4 101.2 1004.0
18.982 0.00001 0.00000 0.1 7.7 0.9 20.5 40.0 999.000 4.0 -0.019 0.002 0.0 0.0 0.0 -5.8 -5.8 0 0.0 0 1 1 0 0.0 23.2 15.1 0.065 65.0 0.004 0.0 0.0 0.0 -29.8 148.3 991.8
19.373 0.00001 0.00000 0.1 5.1 1.1 21.3 40.0 999.000 4.0 0.062 -0.013 0.0 0.0 0.0 -5.8 -5.8 0 0.0 0 1 1 0 0.0 23.2 15.1 0.065 65.0 0.004 0.0 0.0 0.0 -13.9 71.0 981.9
19.974 0.00001 0.00000 0.1 5.1 0.3 19.8 40.0 999.000 4.0 0.062 -0.013 0.0 0.0 0.0 -5.8 -5.8 0 0.0 0 1 1 0 0.0 23.2 15.1 0.065 65.0 0.004 0.0 0.0 0.0 -5.0 106.2 1008.0
20.364 0.00001 0.00000 0.2 7.6 0.6 21.1 40.0 999.000 4.0 0.005 0.162 -0.0 0.0 0.0 -5.8 -5.8 0 0.0 0 1 1 0 0.0 23.2 15.1 0.065 65.0 0.004 0.0 0.0 0.0 -10.4 136.5 996.3
21.003 0.00001 0.00000 0.2 5.1 -0.1 20.3 40.0 999.000 4.0 0.005 0.162 -0.0 0.0 0.0 -5.8 -5.8 0 0.0 5 1 1 0 0.0 23.2 15.1 0.065 65.0 0.004 0.0 0.0 0.0 -3.8 82.1 992.4
21.374 0.00001 0.00000 0.2 4.5 0.9 20.9 40.0 999.000 4.0 0.106 -0.021 0.0 0.0 0.0 -5.8 -5.8 0 0.0 0 1 1 0 0.0 23.2 15.1 0.065 65.0 0.004 0.0 0.0 0.0 -14.1 87.8 986.4
21.973 0.00001 0.00000 0.2 5.8 0.0 21.3 40.0 999.000 4.0 0.106 -0.021 0.0 0.0 0.0 -5.7 -5.7 0 0.0 0 1 1 0 0.0 23.2 15.1 0.065 65.0 0.004 0.0 0.0 0.0 11.4 93.6 1013.0
22.365 0.00001 0.00000 0.2 6.7 0.2 22.3 40.0 999.000 4.0 0.094 0.027 -0.0 0.0 0.0 -5.7 -5.7 0 0.0 0 1 1 0 0.0 23.2 15.1 0.065 65.0 0.004 0.0 0.0 0.0 -7.2 123.9 983.8
22.982 0.00001 0.00000 0.2 4.9 -0.9 22.6 40.0 999.000 4.0 0.094 0.027 -0.0 0.0 0.0 -5.7 -5.7 0 0.0 0 1 1 0 0.0 23.2 15.1 0.065 65.0 0.004 0.0 0.0 0.0 13.9 76.5 1010.0
23.371 0.00001 0.00000 0.2 4.5 0.3 23.7 40.0 999.000 4.0 -0.025 -0.129 0.0 0.0 0.0 -5.7 -5.7 0 0.0 0 1 1 0 0.0 23.2 15.1 0.065 65.0 0.004 0.0 0.0 0.0 -1.4 80.0 981.2
23.974 0.00001 0.00001 0.2 7.9 -0.8 24.2 40.0 999.000 4.0 -0.025 -0.129 0.0 0.0 0.0 -5.7 -5.7 0 0.0 5 1 1 0 0.0 23.2 15.1 0.065 65.0 0.004 0.0 0.0 0.0 15.2 157.9 994.0
24.364 0.00001 0.00001 0.2 4.8 -0.3 23.7 40.0 999.000 4.0 -0.008 -0.068 0.0 0.0 0.0 -5.7 -5.7 0 0.0 5 1 1 0 0.0 23.2 15.1 0.065 65.0 0.004 0.0 0.0 0.0 10.1 53.6 1004.0
24.982 0.00001 0.00001 0.2 5.0 -0.1 25.1 40.0 999.000 4.0 -0.008 -0.068 0.0 0.0 0.0 -5.8 -5.8 0 0.0 0 1 1 0 0.0 23.2 15.1 0.065 65.0 0.004 0.0 0.0 0.0 2.7 106.0 988.0
25.375 0.00001 0.00001 0.2 6.7 -0.0 25.4 40.0 999.000 4.0 0.074 -0.027 0.0 0.0 0.0 -5.8 -5.8 0 0.0 0 1 1 0 0.0 23.2 15.1 0.065 65.0 0.004 0.0 0.0 0.0 -7.5 120.8 1002.0
26.010 0.00001 0.00001 0.1 6.1 0.2 25.0 40.0 999.000 4.0 0.074 -0.027 0.0 0.0 0.0 -5.8 -5.8 0 0.0 0 1 1 0 0.0 23.2 15.1 0.065 65.0 0.004 0.0 0.0 0.0 -20.3 103.0 978.2
26.372 0.00001 0.00001 0.2 10.9 2.2 25.8 40.0 999.000 4.0 0.111 0.055 -0.0 0.0 0.0 -5.8 -5.8 22 18.4 11528 1 1 0 0.0 23.2 15.1 0.065 65.0 0.004 0.0 0.0 0.0 -192.0 270.8 965.2
26.975 0.00001 0.00001 0.2 36.7 0.5 25.3 40.0 999.000 4.0 0.111 0.055 -0.0 0.0 0.0 -5.7 -5.7 22 18.5 13808 1 1 0 0.0 23.2 15.1 0.065 65.0 0.004 0.0 0.0 0.0 -48.6 576.0 698.1
27.364 0.00002 0.00001 0.1 17.5 -2.3 26.1 40.0 999.000 4.0 -0.689 -0.048 -0.0 0.0 0.0 -5.7 -5.7 22 15.1 16232 1 1 0 0.0 23.2 15.1 0.065 65.0 0.004 0.0 0.0 0.0 86.9 216.2 1164.0
27.981 0.00002 0.00001 0.1 -2.0 -1.2 28.0 40.0 999.000 4.0 -0.689 -0.048 -0.0 0.0 0.0 -5.8 -5.8 22 15.1 13838 1 1 0 0.0 23.2 15.1 0.065 65.0 0.004 0.0 0.0 0.0 -64.7 -91.6 1007.0
28.375 0.00002 0.00001 0.1 1.6 -2.2 29.6 40.0 999.000 4.0 -1.204 -0.048 0.1 0.0 0.0 -5.8 -5.8 22 15.1 16312 1 1 0 0.0 23.2 15.0 0.064 65.0 0.004 0.0 0.0 0.0 2.1 9.5 908.1
28.975 0.00003 0.00001 0.2 0.6 -3.1 29.4 40.0 999.000 4.0 -1.204 -0.048 0.1 0.0 0.0 -5.8 -5.8 22 15.1 15043 1 1 0 0.0 23.2 15.0 0.064 65.0 0.004 0.0 0.0 0.0 34.3 -37.1 922.7
29.364 0.00004 0.00002 0.2 3.2 -5.3 30.3 40.0 999.000 4.0 -1.627 -0.206 0.0 0.0 0.0 -5.7 -5.7 22 16.8 12478 1 1 0 0.0 23.2 15.0 0.064 65.0 0.004 0.0 0.0 0.0 46.6 133.6 1010.0
29.980 0.00004 0.00002 0.3 2.8 -6.1 31.0 40.0 999.000 4.0 -1.627 -0.206 0.0 0.0 0.0 -5.6 -5.6 22 18.4 12183 1 1 0 0.0 23.2 15.0 0.064 65.0 0.004 0.0 0.0 0.0 93.2 32.4 999.5
30.374 0.00005 0.00003 0.4 -4.6 -7.6 31.1 40.0 999.000 4.0 -2.032 0.186 0.0 0.0 0.0 -5.5 -5.5 22 18.4 12353 1 1 0 0.0 23.2 14.9 0.064 65.0 0.004 0.0 0.0 0.0 150.0 -116.0 964.0
30.996 0.00006 0.00003 0.6 -21.3 -10.6 32.7 40.0 999.000 4.0 -2.032 0.186 0.0 0.0 0.0 -5.4 -5.3 22 16.8 12223 1 1 0 0.0 23.2 14.9 0.064 65.0 0.004 0.0 0.0 0.0 192.8 -393.0 866.3
31.376 0.00007 0.00004 0.7 -23.2 -12.9 33.8 40.0 999.000 4.0 -2.169 -0.052 0.1 -3.4 17.9 -5.2 -5.2 22 18.4 12348 1 1 0 0.0 23.2 14.9 0.064 65.0 0.004 0.0 0.0 0.0 226.7 -296.0 937.2
31.974 0.00007 0.00004 1.0 11.1 -14.5 36.9 40.0 999.000 4.0 -2.169 -0.052 0.1 -5.4 17.8 -4.9 -4.9 22 18.4 12368 1 1 0 0.0 23.2 14.9 0.064 65.0 0.004 0.0 0.0 0.0 251.5 250.0 943.0
32.365 0.00008 0.00005 1.2 37.2 -16.6 38.7 40.0 999.000 4.0 -2.173 -0.034 0.1 5.5 -5.5 -4.6 -4.6 22 16.8 12128 1 1 0 0.0 23.2 14.9 0.064 65.0 0.004 0.0 0.0 0.0 288.8 560.1 791.9
32.980 0.00009 0.00006 1.4 10.0 -17.1 37.9 40.0 999.000 4.0 -2.173 -0.034 0.1 18.6 -18.6 -4.2 -4.2 22 18.5 11753 1 1 0 0.0 23.2 14.9 0.064 65.0 0.004 0.0 0.0 0.0 306.7 77.3 958.4
33.375 0.00010 0.00006 1.7 -28.3 -18.2 37.9 40.0 999.000 4.0 -2.234 0.063 0.1 5.0 -5.0 -3.8 -3.9 22 18.5 12013 1 1 0 0.0 23.2 14.9 0.064 65.0 0.004 0.0 0.0 0.0 312.5 -473.0 821.0
33.975 0.00010 0.00007 2.0 -21.0 -18.4 39.0 40.0 999.000 4.0 -2.234 0.063 0.1 -14.2 14.1 -3.5 -3.5 22 16.8 12408 1 1 0 0.0 23.2 14.9 0.064 65.0 0.004 0.0 0.0 0.0 324.3 -277.0 883.3
34.365 0.00011 0.00007 2.3 12.5 -18.4 40.3 40.0 999.000 4.0 -2.156 -0.119 0.1 -10.5 10.5 -3.0 -3.0 22 18.5 12433 1 1 0 0.0 23.2 14.9 0.064 65.0 0.004 0.0 0.0 0.0 327.3 216.9 907.4
34.979 0.00012 0.00008 2.6 18.4 -18.3 40.2 40.0 999.000 4.0 -2.156 -0.119 0.1 6.2 -6.2 -2.5 -2.5 22 18.4 12038 1 1 0 0.0 23.2 14.9 0.064 65.0 0.004 0.0 0.0 0.0 306.7 236.7 951.1
35.375 0.00013 0.00009 2.9 -1.7 -18.2 39.7 40.0 999.000 4.0 -1.967 -0.108 0.1 9.2 -9.2 -2.1 -2.1 22 18.4 11938 1 1 0 0.0 23.2 14.9 0.064 65.0 0.004 0.0 0.0 0.0 322.4 -56.3 1011.0
36.007 0.00013 0.00009 3.2 -15.5 -17.9 40.2 40.0 999.000 4.0 -1.967 -0.108 0.1 0.0 0.0 -1.6 -1.6 22 16.8 12148 1 1 0 0.0 23.2 14.9 0.064 65.0 0.004 0.0 0.0 0.0 312.7 -253.0 912.3
36.374 0.00014 0.00010 3.5 -11.1 -17.4 41.1 40.0 999.000 4.0 -2.060 -0.126 0.1 -7.7 7.7 -1.1 -1.1 22 18.4 12258 1 1 0 0.0 23.2 14.9 0.064 65.0 0.004 0.0 0.0 0.0 277.2 -136.0 896.5
36.975 0.00015 0.00010 3.8 4.5 -16.2 42.1 40.0 999.000 4.0 -2.060 -0.126 0.1 -5.6 5.5 0.0 0.0 22 18.5 12268 1 1 0 0.0 23.2 14.9 0.064 65.0 0.004 0.0 0.0 0.0 271.9 90.8 988.4
37.365 0.00015 0.00011 4.1 11.3 -14.6 42.8 40.0 999.000 4.0 -2.234 -0.179 0.1 0.0 0.0 0.0 0.0 22 16.7 12223 1 1 0 0.0 23.2 14.9 0.064 65.0 0.004 0.0 0.0 0.0 224.1 189.8 900.7
37.979 0.00016 0.00012 4.3 1.5 -13.2 43.4 40.0 999.000 4.0 -2.234 -0.179 0.1 5.6 -5.6 0.0 0.0 22 18.4 12023 1 1 0 0.0 23.2 14.9 0.064 65.0 0.004 0.0 0.0 0.0 244.5 -13.9 975.7
38.377 0.00017 0.00012 4.5 -10.7 -12.1 44.0 40.0 999.000 4.0 -1.943 0.007 0.1 0.0 0.0 0.0 0.0 22 18.4 12163 1 1 0 0.0 23.2 14.9 0.064 65.0 0.004 0.0 0.0 0.0 215.6 -212.0 911.5
38.975 0.00017 0.00013 4.7 -4.7 -10.5 45.5 40.0 999.000 4.0 -1.943 0.007 0.1 -5.3 5.3 0.8 0.8 22 18.4 12238 1 1 0 0.0 23.2 14.9 0.064 65.0 0.004 0.0 0.0 0.0 187.7 -85.6 974.3
39.364 0.00018 0.00014 4.9 2.9 -8.7 46.3 40.0 999.000 4.0 -2.341 -0.021 0.1 -5.5 -5.5 1.1 1.1 22 16.8 12093 1 1 0 0.0 23.2 14.9 0.064 65.0 0.004 0.0 0.0 0.0 149.1 13.0 975.6
39.978 0.00019 0.00015 5.0 -5.9 -7.1 45.5 40.0 999.000 4.0 -2.341 -0.021 0.1 -6.3 -6.3 1.3 1.3 22 16.8 12068 1 1 0 0.0 23.2 14.9 0.064 65.0 0.004 0.0 0.0 0.0 131.9 -125.0 990.5
40.375 0.00020 0.00015 5.1 -13.2 -6.0 45.3 40.0 999.000 4.0 -2.168 -0.055 0.1 -8.5 -2.5 1.5 1.5 22 16.8 12163 1 1 0 0.0 23.2 14.9 0.064 65.0 0.004 0.0 0.0 0.0 134.1 -223.0 1045.0
40.994 0.00020 0.00016 5.2 -6.8 -4.8 45.8 40.0 999.000 4.0 -2.168 -0.055 0.1 -11.9 1.3 1.6 1.6 22 16.8 12373 1 1 0 0.0 23.2 14.9 0.064 65.0 0.004 0.0 0.0 0.0 77.5 -65.8 1000.0
41.377 0.00021 0.00017 5.2 -0.2 -3.4 43.8 40.0 999.000 4.0 -2.207 -0.101 0.1 -9.2 -2.4 1.8 1.8 22 16.8 12213 1 1 0 0.0 23.2 14.9 0.064 65.0 0.004 0.0 0.0 0.0 45.9 -12.2 995.4
41.981 0.00022 0.00017 5.3 -1.7 -1.7 41.4 40.0 999.000 4.0 -2.207 -0.101 0.1 0.0 0.0 1.8 1.8 22 16.8 12198 1 1 0 0.0 23.2 14.9 0.064 65.0 0.004 0.0 0.0 0.0 44.3 -4.5 1054.0
42.375 0.00022 0.00018 5.2 -3.6 0.2 39.8 40.0 999.000 4.0 -2.150 0.046 0.1 0.0 0.0 1.9 1.9 22 16.8 12148 1 1 0 0.0 23.2 14.9 0.064 65.0 0.004 0.0 0.0 0.0 -11.7 -54.6 983.9
42.978 0.00023 0.00018 5.2 -5.3 2.2 38.6 40.0 999.000 4.0 -2.150 0.046 0.1 0.0 0.0 1.9 1.9 22 18.4 12208 1 1 0 0.0 23.2 14.9 0.064 65.0 0.004 0.0 0.0 0.0 -36.8 -126.0 1006.0
43.366 0.00024 0.00019 5.1 -5.2 4.3 37.6 40.0 999.000 4.0 -2.060 -0.016 0.0 -2.6 2.6 1.8 1.8 22 18.4 12198 1 1 0 0.0 23.2 14.9 0.064 65.0 0.004 0.0 0.0 0.0 -73.5 -73.2 1021.0
43.978 0.00025 0.00020 5.0 -0.1 6.3 36.9 40.0 999.000 4.0 -2.060 -0.016 0.0 -2.6 2.6 1.7 1.6 22 16.8 12268 1 1 0 0.0 23.2 14.9 0.064 65.0 0.004 0.0 0.0 0.0 -117.0 -7.6 1015.0
44.377 0.00025 0.00020 4.8 2.7 8.2 36.1 40.0 999.000 4.0 -2.153 -0.038 0.1 0.0 0.0 1.5 1.5 22 18.5 12193 1 1 0 0.0 23.2 14.9 0.064 65.0 0.004 0.0 0.0 0.0 -164.0 70.9 949.6
44.976 0.00026 0.00021 4.6 0.2 9.9 35.3 40.0 999.000 4.0 -2.153 -0.038 0.1 0.0 0.0 1.2 1.2 22 18.4 12263 1 1 0 0.0 23.2 14.9 0.064 65.0 0.004 0.0 0.0 0.0 -171.0 -26.9 1042.0
45.366 0.00027 0.00021 4.4 -1.7 11.3 34.6 40.0 999.000 4.0 -2.256 0.002 0.1 0.0 0.0 0.9 0.9 22 16.8 12178 1 1 0 0.0 23.2 14.9 0.064 65.0 0.004 0.0 0.0 0.0 -200.0 -28.4 952.2
45.999 0.00028 0.00022 4.1 -0.7 12.3 34.4 40.0 999.000 4.0 -2.256 0.002 0.1 5.4 5.4 0.0 0.0 22 16.8 12168 1 1 0 0.0 23.2 14.9 0.064 65.0 0.004 0.0 0.0 0.0 -214.0 -1.8 993.9
46.376 0.00029 0.00022 3.8 6.5 13.1 35.5 40.0 999.000 4.0 -2.247 -0.041 0.0 5.6 5.6 0.0 0.0 22 18.4 12133 1 1 0 0.0 23.2 14.9 0.064 65.0 0.004 0.0 0.0 0.0 -216.0 54.7 948.1
46.976 0.00030 0.00023 3.5 6.7 14.0 35.9 40.0 999.000 4.0 -2.247 -0.041 0.0 3.2 -3.2 0.0 0.0 22 16.8 12083 1 1 0 0.0 23.2 14.9 0.064 65.0 0.004 0.0 0.0 0.0 -252.0 87.9 966.8
47.368 0.00030 0.00024 3.2 -4.9 14.9 35.1 40.0 999.000 4.0 -2.215 -0.164 0.1 3.3 -3.4 0.0 0.0 22 18.4 12023 1 1 0 0.0 23.2 14.9 0.064 65.0 0.004 0.0 0.0 0.0 -266.0 -127.0 921.9
47.978 0.00031 0.00024 2.9 -10.9 15.5 34.7 40.0 999.000 4.0 -2.215 -0.164 0.1 0.0 0.0 -1.2 -1.2 22 16.8 12198 1 1 0 0.0 23.2 14.9 0.064 65.0 0.004 0.0 0.0 0.0 -285.0 -143.0 920.6
48.377 0.00032 0.00025 2.5 -7.5 15.8 34.5 40.0 999.000 4.0 -2.126 0.060 0.1 -0.2 10.7 -1.7 -1.7 22 16.8 12248 1 1 0 0.0 23.2 14.9 0.064 65.0 0.004 0.0 0.0 0.0 -284.0 -49.6 947.2
48.986 0.00033 0.00025 2.2 10.0 16.1 35.9 40.0 999.000 4.0 -2.126 0.060 0.1 1.8 9.2 -2.2 -2.2 22 16.8 12298 1 1 0 0.0 23.2 14.9 0.064 65.0 0.004 0.0 0.0 0.0 -287.0 204.0 947.7
49.377 0.00034 0.00026 1.9 16.7 15.8 36.9 40.0 999.000 4.0 -2.186 -0.027 0.1 5.0 -5.0 -2.7 -2.7 22 18.5 12168 1 1 0 0.0 23.2 14.9 0.064 65.0 0.004 0.0 0.0 0.0 -275.0 205.7 941.8
49.977 0.00034 0.00026 1.5 -3.6 15.0 36.2 40.0 999.000 4.0 -2.186 -0.027 0.1 8.3 -8.4 -3.2 -3.2 22 18.4 11953 1 1 0 0.0 23.2 14.9 0.064 65.0 0.004 0.0 0.0 0.0 -249.0 -105.0 985.6
50.379 0.00035 0.00027 1.2 -21.4 13.9 35.7 40.0 999.000 4.0 -2.181 -0.096 0.1 0.0 0.0 -3.8 -3.8 22 16.8 12188 1 1 0 0.0 23.2 14.9 0.064 65.0 0.004 0.0 0.0 0.0 -234.0 -361.0 908.3
50.994 0.00036 0.00028 0.9 -9.9 12.8 36.1 40.0 999.000 4.0 -2.181 -0.096 0.1 -10.7 10.7 -4.3 -4.3 22 16.7 12238 1 1 0 0.0 23.2 14.9 0.064 65.0 0.004 0.0 0.0 0.0 -228.0 -100.0 929.5
51.378 0.00037 0.00028 0.6 12.0 11.3 35.9 40.0 999.000 4.0 -2.224 -0.052 0.1 -5.0 4.9 -4.7 -4.7 22 16.8 12223 1 1 0 0.0 23.2 14.9 0.064 65.0 0.004 0.0 0.0 0.0 -209.0 224.5 929.9
51.979 0.00038 0.00029 0.4 10.6 9.4 34.6 40.0 999.000 4.0 -2.224 -0.052 0.1 6.0 -6.0 -5.1 -5.1 22 16.8 12008 1 1 0 0.0 23.2 14.9 0.064 65.0 0.004 0.0 0.0 0.0 -169.0 131.5 980.4
52.368 0.00038 0.00029 0.2 -9.5 5.9 33.8 40.0 999.000 4.0 -2.138 -0.028 0.1 6.0 -6.0 -5.5 -5.5 22 18.5 11998 1 1 0 0.0 23.2 14.9 0.064 65.0 0.004 0.0 0.0 0.0 -111.0 -214.0 923.3
52.987 0.00039 0.00030 0.1 -26.9 0.1 34.1 40.0 999.000 4.0 -2.138 -0.028 0.1 6.0 -6.0 -5.7 -5.7 22 16.8 13643 1 1 0 0.0 23.2 14.9 0.064 65.0 0.004 0.0 0.0 0.0 36.3 -473.0 892.6
53.377 0.00040 0.00030 0.2 -7.5 -4.6 31.5 40.0 999.000 4.0 -2.437 -0.095 -0.0 6.0 -6.0 -5.9 -5.9 22 15.1 15088 1 1 0 0.0 23.2 14.9 0.064 65.0 0.004 0.0 0.0 0.0 168.4 -13.0 1098.0
53.977 0.00041 0.00031 0.3 -1.7 -8.2 28.3 40.0 999.000 4.0 -2.437 -0.095 -0.0 6.0 -6.0 -5.7 -5.7 22 16.8 12553 1 1 0 0.0 23.2 14.9 0.064 65.0 0.004 0.0 0.0 0.0 140.2 -23.2 952.0
54.379 0.00042 0.00031 0.4 -19.9 -11.9 27.7 40.0 999.000 4.0 -2.098 -0.005 -0.0 6.0 -6.0 -5.6 -5.6 22 16.8 12058 1 1 0 0.0 23.2 14.9 0.064 65.0 0.004 0.0 0.0 0.0 213.7 -362.0 892.5
54.990 0.00043 0.00032 0.6 -51.3 -14.5 29.0 999.0 999.000 999.0 -2.098 -0.005 -0.0 0.0 0.0 30.0 30.0 22 18.5 7834 0 0 0 0.0 23.2 14.9 0.064 65.0 0.004 0.0 0.0 0.0 280.4 -775.0 526.3
55.378 0.00044 0.00032 0.8 -64.1 -13.8 26.7 999.0 999.000 999.0 -2.171 -0.040 0.1 0.0 0.0 30.0 30.0 0 0.0 4164 0 0 0 0.0 23.2 14.9 0.064 65.0 0.004 0.0 0.0 0.0 332.4 -835.0 511.3
55.996 0.00045 0.00033 1.0 -46.3 -7.8 15.7 999.0 999.000 999.0 -2.171 -0.040 0.1 0.0 0.0 30.0 30.0 0 0.0 0 0 0 0 0.0 23.2 14.9 0.064 65.0 0.004 0.0 0.0 0.0 176.4 -655.0 759.1
56.378 0.00045 0.00033 1.1 -28.2 -0.7 8.7 999.0 999.000 999.0 -1.374 -0.089 0.1 0.0 0.0 30.0 30.0 0 0.0 0 0 0 0 0.0 23.2 15.0 0.065 65.0 0.004 0.0 0.0 0.0 33.5 -417.0 923.9
56.976 0.00046 0.00033 1.1 -12.0 6.4 5.0 999.0 999.000 999.0 -1.374 -0.089 0.1 0.0 0.0 30.0 30.0 0 0.0 0 0 0 0 0.0 23.2 15.0 0.065 65.0 0.004 0.0 0.0 0.0 -102.0 -176.0 993.9
57.369 0.00046 0.00033 1.1 -3.2 12.2 3.6 999.0 999.000 999.0 -0.969 -0.043 -0.0 0.0 0.0 30.0 30.0 0 0.0 5 0 0 0 0.0 23.2 15.1 0.065 65.0 0.004 0.0 0.0 0.0 -210.0 -40.4 985.1
57.986 0.00047 0.00033 1.0 0.3 16.4 3.0 999.0 999.000 999.0 -0.969 -0.043 -0.0 0.0 0.0 30.0 30.0 0 0.0 5 0 0 0 0.0 23.2 15.1 0.065 65.0 0.004 0.0 0.0 0.0 -290.0 9.7 966.3
58.377 0.00047 0.00033 0.9 1.4 20.1 2.0 999.0 999.000 999.0 -0.740 0.113 -0.1 0.0 0.0 30.0 30.0 0 0.0 0 0 0 0 0.0 23.2 15.1 0.065 65.0 0.004 0.0 0.0 0.0 -357.0 21.2 939.6
58.979 0.00047 0.00033 0.8 1.8 23.7 1.1 999.0 999.000 999.0 -0.740 0.113 -0.1 0.0 0.0 30.0 30.0 0 0.0 5 0 0 0 0.0 23.2 15.1 0.065 65.0 0.004 0.0 0.0 0.0 -410.0 27.3 912.0
59.377 0.00048 0.00033 0.7 1.9 26.3 1.1 999.0 999.000 999.0 -0.714 -0.006 -0.0 0.0 0.0 30.0 30.0 0 0.0 0 0 0 0 0.0 23.2 15.1 0.065 65.0 0.004 0.0 0.0 0.0 -448.0 32.6 895.6
59.986 0.00048 0.00033 0.6 1.6 27.7 0.5 999.0 999.000 999.0 -0.714 -0.006 -0.0 0.0 0.0 30.0 30.0 0 0.0 0 0 0 0 0.0 23.2 15.1 0.065 65.0 0.004 0.0 0.0 0.0 -472.0 18.5 886.2
60.379 0.00048 0.00033 0.5 1.4 29.2 359.6 999.0 999.000 999.0 -0.470 0.000 -0.1 0.0 0.0 30.0 30.0 0 0.0 0 0 0 0 0.0 23.2 15.1 0.065 65.0 0.004 0.0 0.0 0.0 -506.0 21.2 870.8
60.999 0.00048 0.00033 0.4 1.2 31.4 359.6 999.0 999.000 999.0 -0.470 0.000 -0.1 0.0 0.0 30.0 30.0 0 0.0 0 0 0 0 0.0 23.2 15.1 0.065 65.0 0.004 0.0 0.0 0.0 -523.0 8.0 861.7
61.377 0.00049 0.00033 0.3 1.0 31.8 358.6 999.0 999.000 999.0 -0.563 0.165 -0.0 0.0 0.0 30.0 30.0 0 0.0 0 0 0 0 0.0 23.2 15.1 0.065 65.0 0.004 0.0 0.0 0.0 -522.0 7.1 862.0
61.979 0.00049 0.00033 0.2 2.0 31.5 358.5 999.0 999.000 999.0 -0.563 0.165 -0.0 0.0 0.0 30.0 30.0 0 0.0 0 0 0 0 0.0 23.2 15.1 0.065 65.0 0.004 0.0 0.0 0.0 -507.0 48.6 800.8
62.368 0.00049 0.00033 0.2 2.5 24.0 357.4 999.0 999.000 999.0 -0.331 -0.149 -0.2 0.0 0.0 30.0 30.0 0 0.0 0 0 0 0 0.0 23.2 15.1 0.065 65.0 0.004 0.0 0.0 0.0 -386.0 31.1 940.6
62.978 0.00049 0.00033 0.3 3.9 17.9 357.6 999.0 999.000 999.0 -0.331 -0.149 -0.2 0.0 0.0 30.0 30.0 0 0.0 0 0 0 0 0.0 23.2 15.1 0.065 65.0 0.004 0.0 0.0 0.0 -305.0 69.0 957.3
63.379 0.00049 0.00033 0.3 3.0 14.5 356.8 999.0 999.000 999.0 -0.443 0.012 -0.2 0.0 0.0 30.0 30.0 0 0.0 5 0 0 0 0.0 23.2 15.1 0.065 65.0 0.004 0.0 0.0 0.0 -237.0 40.2 963.7
63.985 0.00050 0.00033 0.3 2.8 10.3 355.6 999.0 999.000 999.0 -0.443 0.012 -0.2 0.0 0.0 30.0 30.0 0 0.0 0 0 0 0 0.0 23.2 15.1 0.065 65.0 0.004 0.0 0.0 0.0 -172.0 51.9 982.1
64.379 0.00050 0.00033 0.3 2.4 7.7 354.9 999.0 999.000 999.0 -0.227 -0.039 -0.1 0.0 0.0 30.0 30.0 0 0.0 0 0 0 0 0.0 23.2 15.1 0.065 65.0 0.004 0.0 0.0 0.0 -121.0 44.4 993.7
64.979 0.00050 0.00033 0.3 2.7 4.6 353.9 999.0 999.000 999.0 -0.227 -0.039 -0.1 0.0 0.0 30.0 30.0 0 0.0 5 0 0 0 0.0 23.2 15.1 0.065 65.0 0.004 0.0 0.0 0.0 -59.3 45.1 1007.0
65.378 0.00050 0.00033 0.3 3.9 0.1 352.6 999.0 999.000 999.0 -0.179 0.088 -0.0 0.0 0.0 30.0 30.0 0 0.0 5 0 0 0 0.0 23.2 15.1 0.065 65.0 0.004 0.0 0.0 0.0 -3.5 66.8 997.7
66.009 0.00050 0.00033 0.3 3.8 -1.8 351.0 999.0 999.000 999.0 -0.179 0.088 -0.0 0.0 0.0 30.0 30.0 0 0.0 0 0 0 0 0.0 23.2 15.1 0.065 65.0 0.004 0.0 0.0 0.0 34.4 62.4 989.4
66.380 0.00050 0.00033 0.3 3.5 -4.0 349.6 999.0 999.000 999.0 -0.275 -0.109 -0.0 0.0 0.0 30.0 30.0 0 0.0 0 0 0 0 0.0 23.2 15.1 0.065 65.0 0.004 0.0 0.0 0.0 86.0 61.0 995.0
66.978 0.00050 0.00033 0.3 4.0 -6.8 348.9 999.0 999.000 999.0 -0.275 -0.109 -0.0 0.0 0.0 30.0 30.0 0 0.0 5 0 0 0 0.0 23.2 15.1 0.065 65.0 0.004 0.0 0.0 0.0 126.2 69.8 989.8
67.370 0.00051 0.00033 0.3 3.7 -8.2 347.3 999.0 999.000 999.0 -0.256 -0.083 -0.0 0.0 0.0 30.0 30.0 0 0.0 0 0 0 0 0.0 23.2 15.1 0.065 65.0 0.004 0.0 0.0 0.0 146.0 52.9 992.4
67.985 0.00051 0.00033 0.3 3.9 -9.8 346.1 999.0 999.000 999.0 -0.256 -0.083 -0.0 0.0 0.0 30.0 30.0 0 0.0 5 0 0 0 0.0 23.2 15.1 0.065 65.0 0.004 0.0 0.0 0.0 162.3 70.7 984.3
68.377 0.00051 0.00033 0.3 4.0 -9.7 345.2 999.0 999.000 999.0 -0.018 -0.027 0.1 0.0 0.0 30.0 30.0 0 0.0 0 0 0 0 0.0 23.2 15.1 0.065 65.0 0.004 0.0 0.0 0.0 165.1 63.3 995.1
68.979 0.00051 0.00033 0.3 2.5 -8.8 344.1 999.0 999.000 999.0 -0.018 -0.027 0.1 0.0 0.0 30.0 30.0 0 0.0 0 0 0 0 0.0 23.2 15.1 0.065 65.0 0.004 0.0 0.0 0.0 150.9 43.3 971.8
69.378 0.00051 0.00033 0.3 4.2 -7.8 342.3 999.0 999.000 999.0 -0.312 -0.086 0.1 0.0 0.0 30.0 30.0 0 0.0 0 0 0 0 0.0 23.2 15.1 0.065 65.0 0.004 0.0 0.0 0.0 135.1 70.3 992.7
69.984 0.00051 0.00032 0.3 4.7 -6.7 340.4 999.0 999.000 999.0 -0.312 -0.086 0.1 0.0 0.0 30.0 30.0 0 0.0 0 0 0 0 0.0 23.2 15.1 0.065 65.0 0.004 0.0 0.0 0.0 117.5 83.7 1001.0
70.381 0.00051 0.00032 0.3 3.3 -6.2 338.5 999.0 999.000 999.0 -0.111 0.009 0.0 0.0 0.0 30.0 30.0 0 0.0 5 0 0 0 0.0 23.2 15.1 0.065 65.0 0.004 0.0 0.0 0.0 90.1 51.9 993.0
71.008 0.00051 0.00032 0.3 3.1 -4.0 337.0 999.0 999.000 999.0 -0.111 0.009 0.0 0.0 0.0 30.0 30.0 0 0.0 0 0 0 0 0.0 23.2 15.1 0.065 65.0 0.004 0.0 0.0 0.0 73.7 48.0 989.1
71.378 0.00051 0.00032 0.3 4.9 -3.4 336.2 999.0 999.000 999.0 -0.135 -0.145 0.0 0.0 0.0 30.0 30.0 0 0.0 0 0 0 0 0.0 23.2 15.1 0.065 65.0 0.004 0.0 0.0 0.0 56.1 98.3 996.8
71.980 0.00051 0.00032 0.2 3.2 -3.5 335.7 999.0 999.000 999.0 -0.135 -0.145 0.0 0.0 0.0 30.0 30.0 0 0.0 0 0 0 0 0.0 23.2 15.1 0.065 65.0 0.004 0.0 0.0 0.0 57.7 29.5 1007.0
72.369 0.00051 0.00032 0.2 3.7 -2.3 336.1 999.0 999.000 999.0 -0.132 -0.128 0.0 0.0 0.0 30.0 30.0 0 0.0 0 0 0 0 0.0 23.2 15.1 0.065 65.0 0.004 0.0 0.0 0.0 35.6 77.0 982.7
72.979 0.00051 0.00032 0.2 3.6 -0.7 335.8 999.0 999.000 999.0 -0.132 -0.128 0.0 0.0 0.0 30.0 30.0 0 0.0 0 0 0 0 0.0 23.2 15.1 0.065 65.0 0.004 0.0 0.0 0.0 25.8 46.1 1005.0
73.380 0.00051 0.00032 0.2 5.2 -2.8 335.1 999.0 999.000 999.0 -0.040 -0.122 0.0 0.0 0.0 30.0 30.0 0 0.0 5 0 0 0 0.0 23.2 15.1 0.065 65.0 0.004 0.0 0.0 0.0 30.6 94.6 1017.0
73.983 0.00051 0.00032 0.2 3.2 -0.0 335.4 999.0 999.000 999.0 -0.040 -0.122 0.0 0.0 0.0 30.0 30.0 0 0.0 5 0 0 0 0.0 23.2 15.1 0.065 65.0 0.004 0.0 0.0 0.0 -14.7 36.9 967.6
74.379 0.00052 0.00032 0.1 4.3 0.8 335.1 999.0 999.000 999.0 -0.122 0.098 0.0 0.0 0.0 30.0 30.0 0 0.0 0 0 0 0 0.0 23.2 15.1 0.065 65.0 0.004 0.0 0.0 0.0 -1.5 88.5 1007.0
74.990 0.00052 0.00032 0.1 4.5 1.2 335.7 999.0 999.000 999.0 -0.122 0.098 0.0 0.0 0.0 30.0 30.0 0 0.0 0 0 0 0 0.0 23.2 15.1 0.065 65.0 0.004 0.0 0.0 0.0 -35.2 72.0 1002.0
75.379 0.00052 0.00032 0.1 4.0 2.2 335.3 999.0 999.000 999.0 -0.257 -0.075 0.0 0.0 0.0 30.0 30.0 0 0.0 0 0 0 0 0.0 23.2 15.1 0.065 65.0 0.004 0.0 0.0 0.0 -38.1 55.8 970.2
76.000 0.00052 0.00032 0.1 4.7 0.6 335.5 999.0 999.000 999.0 -0.257 -0.075 0.0 0.0 0.0 30.0 30.0 0 0.0 0 0 0 0 0.0 23.2 15.1 0.065 65.0 0.004 0.0 0.0 0.0 -4.7 82.5 1031.0
76.380 0.00052 0.00032 0.1 4.5 1.5 335.6 999.0 999.000 999.0 -0.241 0.041 -0.0 0.0 0.0 30.0 30.0 0 0.0 0 0 0 0 0.0 23.2 15.1 0.065 65.0 0.004 0.0 0.0 0.0 -30.3 78.3 963.6
76.979 0.00052 0.00032 0.1 2.7 0.8 336.4 999.0 999.000 999.0 -0.241 0.041 -0.0 0.0 0.0 30.0 30.0 0 0.0 0 0 0 0 0.0 23.2 15.1 0.065 65.0 0.004 0.0 0.0 0.0 -16.8 34.8 1020.0
77.370 0.00052 0.00032 0.1 4.0 2.2 335.6 999.0 999.000 999.0 -0.139 -0.101 -0.0 0.0 0.0 30.0 30.0 0 0.0 5 0 0 0 0.0 23.2 15.1 0.065 65.0 0.004 0.0 0.0 0.0 -37.5 66.5 996.3
77.979 0.00052 0.00032 0.1 5.2 2.5 335.3 999.0 999.000 999.0 -0.139 -0.101 -0.0 0.0 0.0 30.0 30.0 0 0.0 0 0 0 0 0.0 23.2 15.1 0.065 65.0 0.004 0.0 0.0 0.0 -44.0 99.6 992.8
78.379 0.00052 0.00032 0.1 2.5 3.0 336.7 999.0 999.000 999.0 -0.248 -0.119 0.0 0.0 0.0 30.0 30.0 0 0.0 5 0 0 0 0.0 23.2 15.1 0.065 65.0 0.004 0.0 0.0 0.0 -56.1 40.3 992.7
78.983 0.00052 0.00032 0.1 2.2 2.2 337.0 999.0 999.000 999.0 -0.248 -0.119 0.0 0.0 0.0 30.0 30.0 0 0.0 0 0 0 0 0.0 23.2 15.1 0.065 65.0 0.004 0.0 0.0 0.0 -44.1 40.8 1010.0

