8.025 0.00000 0.00000 0.1 6.7 3.1 14.5 999.0 999.000 999.0 nan nan nan 0.0 0.0 0.0 0.0 0 0.0 5 0 0 0 0.0 0.0 0.0 0.000 0.0 0.000 0.0 0.0 0.0 -40.3 130.7 995.6
8.527 0.00000 0.00000 0.1 9.6 2.2 13.7 999.0 999.000 999.0 nan nan nan 0.0 0.0 0.0 0.0 0 0.0 0 0 0 0 0.0 22.4 15.2 0.065 67.0 0.004 0.0 0.0 0.0 -43.2 145.1 997.5
9.026 0.00000 0.00000 0.1 5.1 1.8 13.6 999.0 999.000 999.0 nan nan nan 0.0 0.0 0.0 0.0 0 0.0 0 0 0 0 0.0 22.4 15.2 0.065 67.0 0.004 0.0 0.0 0.0 -46.9 77.6 982.8
9.526 0.00000 0.00000 0.1 5.4 2.8 12.8 999.0 999.000 999.0 nan nan nan 0.0 0.0 0.0 0.0 0 0.0 0 0 0 0 0.0 22.4 15.2 0.065 67.0 0.004 0.0 0.0 0.0 -40.7 123.0 980.4
9.927 0.00000 0.00000 0.1 7.9 2.2 13.9 999.0 999.000 999.0 -0.072 0.001 -0.0 0.0 0.0 0.0 0.0 0 0.0 0 0 0 0 0.0 22.4 15.2 0.065 67.0 0.004 0.0 0.0 0.0 -21.3 135.6 1012.0
10.526 0.00000 0.00000 0.1 7.1 1.5 12.2 999.0 999.000 999.0 -0.072 0.001 -0.0 0.0 0.0 0.0 0.0 0 0.0 0 0 0 0 0.0 22.4 15.2 0.065 67.0 0.004 0.0 0.0 0.0 -32.9 96.1 990.5
10.926 0.00000 0.00000 0.1 7.6 1.5 11.9 999.0 999.000 999.0 0.014 -0.174 0.0 0.0 0.0 0.0 0.0 0 0.0 0 0 0 0 0.0 22.4 15.2 0.065 67.0 0.004 0.0 0.0 0.0 -37.1 144.7 963.8
11.526 0.00000 0.00000 0.1 6.3 1.9 12.2 999.0 999.000 999.0 0.014 -0.174 0.0 0.0 0.0 0.0 0.0 0 0.0 0 0 0 0 0.0 22.4 15.2 0.065 67.0 0.004 0.0 0.0 0.0 -21.1 116.3 1021.0
11.949 0.00000 0.00000 0.1 6.6 1.8 12.2 999.0 999.000 999.0 -0.153 0.026 0.0 0.0 0.0 0.0 0.0 0 0.0 0 0 0 0 0.0 22.4 15.2 0.065 67.0 0.004 0.0 0.0 0.0 -27.1 107.3 981.0
12.527 0.00000 0.00000 0.1 8.0 1.5 10.7 999.0 999.000 999.0 -0.153 0.026 0.0 0.0 0.0 0.0 0.0 0 0.0 0 0 0 0 0.0 22.4 15.2 0.065 67.0 0.004 0.0 0.0 0.0 -25.8 131.1 991.4
12.928 0.00000 0.00000 0.1 7.6 1.3 11.4 999.0 999.000 999.0 0.079 -0.028 -0.0 0.0 0.0 0.0 0.0 0 0.0 0 0 0 0 0.0 22.4 15.2 0.065 67.0 0.004 0.0 0.0 0.0 -24.4 138.5 996.4
13.527 0.00000 0.00000 0.1 5.0 1.8 10.1 999.0 999.000 999.0 0.079 -0.028 -0.0 0.0 0.0 0.0 0.0 0 0.0 0 0 0 0 0.0 22.4 15.2 0.065 67.0 0.004 0.0 0.0 0.0 -36.7 92.2 982.4
13.927 0.00000 0.00000 0.1 6.4 2.4 10.7 999.0 999.000 999.0 0.082 0.026 0.0 0.0 0.0 0.0 0.0 0 0.0 0 0 0 0 0.0 22.4 15.2 0.065 67.0 0.004 0.0 0.0 0.0 -36.9 120.8 987.2
14.527 0.00001 0.00000 0.1 7.5 1.7 10.6 999.0 999.000 999.0 0.082 0.026 0.0 0.0 0.0 0.0 0.0 0 0.0 0 0 0 0 0.0 22.4 15.2 0.065 67.0 0.004 0.0 0.0 0.0 -26.9 121.8 1001.0
14.925 0.00001 0.00000 0.1 7.0 2.1 10.4 999.0 999.000 999.0 -0.135 -0.140 -0.0 0.0 0.0 0.0 0.0 0 0.0 0 0 0 0 0.0 22.4 15.2 0.065 67.0 0.004 0.0 0.0 0.0 -36.3 115.6 991.5
15.528 0.00001 0.00000 0.1 5.6 2.1 11.3 30.0 999.000 999.0 -0.135 -0.140 -0.0 0.0 0.0 0.0 0.0 0 0.0 0 1 0 0 0.0 22.4 15.2 0.065 67.0 0.004 0.0 0.0 0.0 -40.3 95.8 977.4
15.926 0.00001 0.00000 0.1 6.2 1.9 11.1 30.0 999.000 999.0 -0.002 0.066 0.0 0.0 0.0 0.0 0.0 0 0.0 0 1 0 0 0.0 22.4 15.2 0.065 67.0 0.004 0.0 0.0 0.0 -34.8 106.8 991.4
16.527 0.00001 0.00000 0.1 8.4 2.6 10.0 30.0 999.000 999.0 -0.002 0.066 0.0 0.0 0.0 0.0 0.0 0 0.0 0 1 0 0 0.0 22.4 15.2 0.065 67.0 0.004 0.0 0.0 0.0 -31.2 150.8 1007.0
16.947 0.00001 0.00000 0.1 6.7 1.8 10.9 30.0 999.000 999.0 -0.047 -0.080 -0.0 0.0 0.0 0.0 0.0 0 0.0 0 1 0 0 0.0 22.4 15.2 0.065 67.0 0.004 0.0 0.0 0.0 -43.8 119.0 979.5
17.539 0.00001 0.00000 0.1 4.4 1.9 10.5 30.0 999.000 999.0 -0.047 -0.080 -0.0 0.0 0.0 0.0 0.0 0 0.0 5 1 0 0 0.0 22.4 15.2 0.065 67.0 0.004 0.0 0.0 0.0 -35.0 67.2 985.4
17.938 0.00001 0.00000 0.1 7.7 2.5 10.4 30.0 999.000 3.0 -0.087 -0.015 -0.0 0.0 0.0 0.0 0.0 0 0.0 0 1 1 0 0.0 22.4 15.2 0.065 67.0 0.004 0.0 0.0 0.0 -25.8 152.7 980.3
18.538 0.00001 0.00000 0.1 8.8 0.5 10.3 30.0 999.000 3.0 -0.087 -0.015 -0.0 0.0 0.0 -5.7 -5.7 0 0.0 0 1 1 0 0.0 22.4 15.2 0.065 67.0 0.004 0.0 0.0 0.0 -16.1 143.5 996.4
18.927 0.00001 0.00000 0.1 6.0 1.2 10.7 30.0 999.000 3.0 -0.116 -0.046 -0.0 0.0 0.0 -5.7 -5.7 0 0.0 0 1 1 0 0.0 22.4 15.2 0.065 67.0 0.004 0.0 0.0 0.0 -24.3 104.0 987.7
19.537 0.00001 0.00000 0.1 5.1 1.4 11.1 30.0 999.000 3.0 -0.116 -0.046 -0.0 0.0 0.0 -5.7 -5.7 0 0.0 5 1 1 0 0.0 22.4 15.2 0.065 67.0 0.004 0.0 0.0 0.0 -20.2 96.8 1002.0
19.939 0.00001 0.00000 0.1 8.2 2.3 10.7 30.0 999.000 3.0 -0.233 -0.054 -0.0 0.0 0.0 -5.7 -5.7 0 0.0 0 1 1 0 0.0 22.4 15.2 0.065 67.0 0.004 0.0 0.0 0.0 -34.9 151.6 987.1
20.537 0.00001 0.00000 0.1 8.3 2.4 10.6 30.0 999.000 3.0 -0.233 -0.054 -0.0 0.0 0.0 -5.7 -5.7 0 0.0 0 1 1 0 0.0 22.4 15.2 0.065 67.0 0.004 0.0 0.0 0.0 -33.4 137.1 1016.0
20.936 0.00001 0.00000 0.1 5.1 1.7 10.7 30.0 999.000 3.0 -0.165 -0.109 0.0 0.0 0.0 -5.8 -5.8 0 0.0 0 1 1 0 0.0 22.4 15.2 0.065 67.0 0.004 0.0 0.0 0.0 -50.8 79.9 983.0
21.547 0.00001 0.00000 0.1 5.9 2.9 10.4 30.0 999.000 3.0 -0.165 -0.109 0.0 0.0 0.0 -5.8 -5.8 0 0.0 0 1 1 0 0.0 22.4 15.2 0.065 67.0 0.004 0.0 0.0 0.0 -37.9 107.7 987.4
21.958 0.00001 0.00000 0.1 7.5 1.6 11.1 30.0 999.000 3.0 0.059 0.042 -0.0 0.0 0.0 -5.8 -5.8 0 0.0 0 1 1 0 0.0 22.4 15.2 0.065 67.0 0.004 0.0 0.0 0.0 -12.7 116.1 1016.0
22.537 0.00001 0.00000 0.1 8.2 0.4 10.7 30.0 999.000 3.0 0.059 0.042 -0.0 0.0 0.0 -5.7 -5.7 0 0.0 0 1 1 0 0.0 22.4 15.2 0.065 67.0 0.004 0.0 0.0 0.0 -9.4 140.8 1000.0
22.938 0.00002 0.00000 0.1 7.0 1.2 10.8 30.0 999.000 3.0 -0.027 -0.105 0.0 0.0 0.0 -5.7 -5.7 0 0.0 5 1 1 0 0.0 22.4 15.2 0.065 67.0 0.004 0.0 0.0 0.0 -20.7 131.0 991.1
23.537 0.00002 0.00000 0.1 6.0 1.4 10.9 30.0 999.000 3.0 -0.027 -0.105 0.0 0.0 0.0 -5.7 -5.7 0 0.0 0 1 1 0 0.0 22.4 15.2 0.065 67.0 0.004 0.0 0.0 0.0 -26.9 102.0 978.5
23.927 0.00002 0.00000 0.1 7.3 1.2 10.9 30.0 999.000 3.0 -0.027 -0.089 0.0 0.0 0.0 -5.8 -5.8 0 0.0 5 1 1 0 0.0 22.4 15.2 0.065 67.0 0.004 0.0 0.0 0.0 -18.8 115.6 1010.0
24.538 0.00002 0.00000 0.1 9.9 1.0 11.5 30.0 999.000 3.0 -0.027 -0.089 0.0 0.0 0.0 -5.8 -5.8 0 0.0 0 1 1 0 0.0 22.4 15.2 0.065 67.0 0.004 0.0 0.0 0.0 -17.2 189.5 980.8
24.938 0.00002 0.00000 0.1 6.5 1.1 10.9 30.0 999.000 3.0 -0.070 0.102 0.0 0.0 0.0 -5.8 -5.8 0 0.0 0 1 1 0 0.0 22.4 15.2 0.065 67.0 0.004 0.0 0.0 0.0 -24.2 96.4 974.8
25.547 0.00002 0.00000 0.1 5.8 0.7 11.1 30.0 999.000 3.0 -0.070 0.102 0.0 0.0 0.0 -5.8 -5.8 0 0.0 0 1 1 0 0.0 22.4 15.2 0.065 67.0 0.004 0.0 0.0 0.0 -11.9 120.8 1003.0
25.938 0.00002 0.00000 0.1 7.8 1.5 11.2 30.0 999.000 3.0 -0.057 0.058 -0.0 0.0 0.0 -5.8 -5.8 0 0.0 0 1 1 0 0.0 22.4 15.2 0.065 67.0 0.004 0.0 0.0 0.0 -24.5 118.6 987.2
26.538 0.00002 0.00000 0.1 8.8 1.3 11.2 30.0 999.000 3.0 -0.057 0.058 -0.0 0.0 0.0 -5.8 -5.8 0 0.0 0 1 1 0 0.0 22.4 15.2 0.065 67.0 0.004 0.0 0.0 0.0 -26.9 162.6 990.4
26.971 0.00002 0.00000 0.1 5.8 1.8 11.6 30.0 999.000 3.0 -0.010 0.106 -0.0 0.0 0.0 -5.8 -5.8 0 0.0 0 1 1 0 0.0 22.4 15.2 0.065 67.0 0.004 0.0 0.0 0.0 -36.1 83.8 994.2
27.547 0.00002 0.00000 0.1 15.5 2.9 10.3 30.0 999.000 3.0 -0.010 0.106 -0.0 0.0 0.0 -5.8 -5.8 12 8.3 7394 1 1 0 0.0 22.4 15.2 0.065 67.0 0.004 0.0 0.0 0.0 -122.0 324.9 924.9
27.938 0.00002 0.00000 0.1 25.3 1.6 11.6 30.0 999.000 3.0 -0.267 0.022 0.0 0.0 0.0 -5.7 -5.7 12 0.0 7649 1 1 0 0.0 22.4 15.2 0.065 67.0 0.004 0.0 0.0 0.0 -88.3 417.4 900.5
28.538 0.00002 0.00000 0.1 18.8 -0.5 12.6 30.0 999.000 3.0 -0.267 0.022 0.0 0.0 0.0 -5.7 -5.7 12 0.0 8564 1 1 0 0.0 22.4 15.2 0.065 67.0 0.004 0.0 0.0 0.0 -41.4 290.7 876.5
28.928 0.00003 0.00001 0.1 2.5 -2.2 13.1 30.0 999.000 3.0 -0.767 -0.054 0.0 0.0 0.0 -5.7 -5.7 12 0.0 9363 1 1 0 0.0 22.4 15.1 0.065 67.0 0.004 0.0 0.0 0.0 -8.3 -50.7 897.9
29.547 0.00003 0.00001 0.1 0.2 -2.9 15.0 30.0 999.000 3.0 -0.767 -0.054 0.0 0.0 0.0 -5.7 -5.7 12 0.0 9308 1 1 0 0.0 22.4 15.1 0.065 67.0 0.004 0.0 0.0 0.0 40.7 33.6 1010.0
29.939 0.00003 0.00001 0.2 -2.8 -3.1 17.7 30.0 999.000 3.0 -0.918 -0.049 0.1 0.0 0.0 -5.7 -5.7 12 0.0 9478 1 1 0 0.0 22.4 15.1 0.065 67.0 0.004 0.0 0.0 0.0 100.4 -35.7 1103.0
30.538 0.00004 0.00001 0.2 -3.2 -4.1 20.2 30.0 999.000 3.0 -0.918 -0.049 0.1 0.0 0.0 -5.7 -5.7 12 0.0 9398 1 1 0 0.0 22.4 15.1 0.065 67.0 0.004 0.0 0.0 0.0 83.4 -69.9 995.2
30.937 0.00004 0.00001 0.2 0.1 -6.5 21.9 30.0 999.000 3.0 -1.237 -0.044 0.0 0.0 0.0 -5.6 -5.6 12 0.0 9188 1 1 0 0.0 22.4 15.1 0.065 67.0 0.004 0.0 0.0 0.0 143.8 47.9 1064.0
31.546 0.00005 0.00001 0.3 4.5 -8.9 21.8 30.0 999.000 3.0 -1.237 -0.044 0.0 0.0 0.0 -5.5 -5.6 12 0.0 8539 1 1 0 0.0 22.4 15.1 0.065 67.0 0.004 0.0 0.0 0.0 136.7 -43.4 925.9
31.955 0.00005 0.00001 0.4 7.0 -10.9 22.1 30.0 999.000 3.0 -1.163 -0.032 0.1 0.0 0.0 -5.4 -5.4 12 8.3 8104 1 1 0 0.0 22.4 15.1 0.065 67.0 0.004 0.0 0.0 0.0 172.2 108.9 967.9
32.539 0.00006 0.00002 0.5 7.4 -12.1 23.6 30.0 999.000 3.0 -1.163 -0.032 0.1 0.0 0.0 -5.3 -5.3 12 8.3 8014 1 1 0 0.0 22.4 15.1 0.065 67.0 0.004 0.0 0.0 0.0 220.7 112.7 917.5
32.940 0.00006 0.00002 0.6 4.5 -14.9 25.7 30.0 999.000 3.0 -1.278 -0.069 0.1 0.0 0.0 -5.0 -5.0 12 0.0 8074 1 1 0 0.0 22.4 15.1 0.065 67.0 0.004 0.0 0.0 0.0 258.5 72.0 935.9
33.539 0.00007 0.00002 0.7 2.1 -16.5 26.0 30.0 999.000 3.0 -1.278 -0.069 0.1 1.1 -1.1 -4.8 -4.8 12 0.0 8044 1 1 0 0.0 22.4 15.1 0.065 67.0 0.004 0.0 0.0 0.0 293.2 51.6 981.5
33.927 0.00007 0.00002 0.9 0.4 -16.8 26.4 30.0 999.000 3.0 -1.371 0.009 0.1 0.0 0.0 -4.5 -4.5 12 8.4 8059 1 1 0 0.0 22.4 15.1 0.065 67.0 0.004 0.0 0.0 0.0 297.7 18.7 983.7
34.546 0.00008 0.00003 1.1 -0.3 -17.1 27.5 30.0 999.000 3.0 -1.371 0.009 0.1 0.0 0.0 -4.2 -4.2 12 0.0 8094 1 1 0 0.0 22.4 15.1 0.065 67.0 0.004 0.0 0.0 0.0 306.7 -34.1 936.8
34.940 0.00008 0.00003 1.2 -1.2 -17.7 28.5 30.0 999.000 3.0 -1.580 -0.001 0.0 0.0 0.0 -3.9 -3.9 12 0.0 8094 1 1 0 0.0 22.4 15.1 0.065 67.0 0.004 0.0 0.0 0.0 309.6 -2.9 950.8
35.537 0.00009 0.00003 1.4 -1.4 -18.1 29.5 30.0 999.000 3.0 -1.580 -0.001 0.0 0.0 0.0 -3.5 -3.5 12 8.3 8084 1 1 0 0.0 22.4 15.1 0.065 67.0 0.004 0.0 0.0 0.0 308.6 -28.1 944.6
35.941 0.00010 0.00004 1.6 -1.3 -18.4 30.7 30.0 999.000 3.0 -1.592 -0.099 0.1 0.0 0.0 -3.1 -3.1 12 0.0 8094 1 1 0 0.0 22.4 15.1 0.065 67.0 0.004 0.0 0.0 0.0 318.9 -33.1 953.5
36.545 0.00010 0.00004 1.8 -1.1 -18.3 31.7 30.0 999.000 3.0 -1.592 -0.099 0.1 0.0 0.0 -2.7 -2.7 12 8.4 8124 1 1 0 0.0 22.4 15.1 0.065 67.0 0.004 0.0 0.0 0.0 309.5 -33.6 951.0
36.958 0.00011 0.00005 2.0 -1.2 -17.9 32.7 30.0 999.000 3.0 -1.416 0.000 0.1 0.0 0.0 -2.4 -2.4 12 0.0 8159 1 1 0 0.0 22.4 15.1 0.065 67.0 0.004 0.0 0.0 0.0 301.1 -36.1 951.1
37.540 0.00011 0.00005 2.2 -0.8 -17.2 34.0 30.0 999.000 3.0 -1.416 0.000 0.1 0.0 0.0 0.0 0.0 12 0.0 8129 1 1 0 0.0 22.4 15.1 0.065 67.0 0.004 0.0 0.0 0.0 301.2 16.8 964.0
37.939 0.00012 0.00005 2.4 -0.5 -16.2 35.3 30.0 999.000 3.0 -1.668 0.027 0.0 0.0 0.0 0.0 0.0 12 0.0 8139 1 1 0 0.0 22.4 15.1 0.065 67.0 0.004 0.0 0.0 0.0 275.9 -7.0 966.4
38.538 0.00013 0.00006 2.6 -0.5 -15.1 36.5 30.0 999.000 3.0 -1.668 0.027 0.0 -5.3 -5.3 0.0 0.0 12 0.0 8124 1 1 0 0.0 22.4 15.1 0.065 67.0 0.004 0.0 0.0 0.0 248.9 -21.3 950.8
38.930 0.00013 0.00006 2.7 -4.4 -14.1 37.2 30.0 999.000 3.0 -1.494 0.031 0.1 -6.5 -6.5 0.0 0.0 12 0.0 8084 1 1 0 0.0 22.4 15.1 0.065 67.0 0.004 0.0 0.0 0.0 238.1 -118.0 942.0
39.540 0.00014 0.00007 2.9 -8.3 -13.3 37.6 30.0 999.000 3.0 -1.494 0.031 0.1 -8.3 -6.1 0.0 0.0 12 0.0 8149 1 1 0 0.0 22.4 15.1 0.065 67.0 0.004 0.0 0.0 0.0 227.7 -130.0 974.3
39.939 0.00014 0.00007 3.0 -9.4 -12.8 37.7 30.0 999.000 3.0 -1.485 -0.030 0.0 -9.7 -5.5 0.0 0.0 12 0.0 8139 1 1 0 0.0 22.4 15.1 0.065 67.0 0.004 0.0 0.0 0.0 237.8 -141.0 983.1
40.545 0.00015 0.00007 3.1 -8.6 -12.2 37.3 30.0 999.000 3.0 -1.485 -0.030 0.0 -10.1 -5.4 0.0 0.0 12 8.3 8124 1 1 0 0.0 22.4 15.1 0.065 67.0 0.004 0.0 0.0 0.0 212.5 -129.0 982.8
40.939 0.00015 0.00008 3.3 -8.1 -11.6 36.7 30.0 999.000 3.0 -1.432 0.072 0.0 -9.4 -5.1 0.0 0.0 12 0.0 8149 1 1 0 0.0 22.4 15.1 0.065 67.0 0.004 0.0 0.0 0.0 204.9 -160.0 945.9
41.539 0.00016 0.00008 3.4 -7.3 -11.1 35.5 30.0 999.000 3.0 -1.432 0.072 0.0 -8.7 -4.7 0.0 0.0 12 0.0 8084 1 1 0 0.0 22.4 15.1 0.065 67.0 0.004 0.0 0.0 0.0 187.8 -131.0 970.4
41.963 0.00016 0.00009 3.5 -6.6 -10.5 33.6 30.0 999.000 3.0 -1.543 -0.009 0.1 -7.3 -3.7 0.0 0.0 12 0.0 8099 1 1 0 0.0 22.4 15.1 0.065 67.0 0.004 0.0 0.0 0.0 172.4 -126.0 960.5
42.544 0.00017 0.00009 3.6 -4.7 -9.9 31.6 30.0 999.000 3.0 -1.543 -0.009 0.1 -1.7 1.6 0.0 0.0 12 0.0 8094 1 1 0 0.0 22.4 15.1 0.065 67.0 0.004 0.0 0.0 0.0 166.6 -61.3 986.5
42.940 0.00017 0.00009 3.7 -0.6 -9.0 29.7 30.0 999.000 3.0 -1.458 -0.100 0.0 -1.2 1.2 0.0 0.0 12 0.0 8099 1 1 0 0.0 22.4 15.1 0.065 67.0 0.004 0.0 0.0 0.0 147.4 6.2 987.6
43.540 0.00018 0.00010 3.8 1.1 -8.0 27.8 30.0 999.000 3.0 -1.458 -0.100 0.0 0.0 0.0 0.0 0.0 12 8.4 8084 1 1 0 0.0 22.4 15.1 0.065 67.0 0.004 0.0 0.0 0.0 129.4 6.0 969.6
43.930 0.00019 0.00010 3.8 1.0 -7.0 26.0 30.0 999.000 3.0 -1.505 0.015 0.1 0.0 0.0 0.0 0.0 12 0.0 8104 1 1 0 0.0 22.4 15.1 0.065 67.0 0.004 0.0 0.0 0.0 129.7 29.4 1015.0
44.544 0.00019 0.00010 3.9 0.6 -6.0 24.6 30.0 999.000 3.0 -1.505 0.015 0.1 0.0 0.0 0.0 0.0 12 0.0 8134 1 1 0 0.0 22.4 15.1 0.065 67.0 0.004 0.0 0.0 0.0 106.9 33.3 991.7
44.940 0.00020 0.00010 3.9 1.1 -5.0 23.8 30.0 999.000 3.0 -1.479 -0.158 0.1 5.4 5.4 0.0 0.0 12 0.0 8164 1 1 0 0.0 22.4 15.1 0.065 67.0 0.004 0.0 0.0 0.0 88.9 29.3 1009.0
45.539 0.00020 0.00011 4.0 5.6 -4.0 23.8 30.0 999.000 3.0 -1.479 -0.158 0.1 6.2 6.2 0.0 0.0 12 0.0 8104 1 1 0 0.0 22.4 15.1 0.065 67.0 0.004 0.0 0.0 0.0 68.7 93.8 1017.0
45.941 0.00021 0.00011 4.0 8.7 -3.1 24.2 30.0 999.000 3.0 -1.630 -0.028 0.1 7.6 4.8 0.0 0.0 12 0.0 8144 1 1 0 0.0 22.4 15.1 0.065 67.0 0.004 0.0 0.0 0.0 56.1 142.8 1003.0
46.544 0.00022 0.00011 4.0 9.0 -2.4 24.5 30.0 999.000 3.0 -1.630 -0.028 0.1 8.0 3.6 0.0 0.0 12 8.4 8104 1 1 0 0.0 22.4 15.1 0.065 67.0 0.004 0.0 0.0 0.0 39.8 138.6 986.1
46.966 0.00022 0.00012 4.0 7.6 -1.5 25.4 30.0 999.000 3.0 -1.575 -0.132 0.1 7.7 3.3 2.0 2.0 12 0.0 8054 1 1 0 0.0 22.4 15.1 0.065 67.0 0.004 0.0 0.0 0.0 18.9 155.6 988.4
47.551 0.00023 0.00012 4.0 5.2 -0.3 26.2 30.0 999.000 3.0 -1.575 -0.132 0.1 1.9 -1.9 0.0 0.0 12 0.0 8089 1 1 0 0.0 22.4 15.1 0.065 67.0 0.004 0.0 0.0 0.0 0.1 94.8 1011.0
47.940 0.00024 0.00012 3.9 1.5 0.7 26.5 30.0 999.000 3.0 -1.480 -0.169 0.0 1.3 -1.3 0.0 0.0 12 0.0 8099 1 1 0 0.0 22.4 15.1 0.065 67.0 0.004 0.0 0.0 0.0 -12.9 47.6 1010.0
48.539 0.00024 0.00012 3.9 0.4 1.3 26.7 30.0 999.000 3.0 -1.480 -0.169 0.0 0.0 0.0 0.0 0.0 12 0.0 8129 1 1 0 0.0 22.4 15.1 0.065 67.0 0.004 0.0 0.0 0.0 -18.9 30.8 1022.0
48.932 0.00025 0.00013 3.9 1.2 1.9 26.9 30.0 999.000 3.0 -1.528 -0.003 0.0 0.0 0.0 0.0 0.0 12 0.0 8104 1 1 0 0.0 22.4 15.1 0.065 67.0 0.004 0.0 0.0 0.0 -35.4 36.3 1001.0
49.551 0.00026 0.00013 3.8 1.6 2.5 27.1 30.0 999.000 3.0 -1.528 -0.003 0.0 0.0 0.0 0.0 0.0 12 0.0 8084 1 1 0 0.0 22.4 15.1 0.065 67.0 0.004 0.0 0.0 0.0 -44.0 29.2 984.0
49.939 0.00026 0.00013 3.7 2.1 3.1 27.2 30.0 999.000 3.0 -1.559 -0.097 0.1 0.0 0.0 0.0 0.0 12 0.0 8109 1 1 0 0.0 22.4 15.1 0.065 67.0 0.004 0.0 0.0 0.0 -50.5 15.2 993.7
50.544 0.00027 0.00014 3.7 2.5 3.7 27.0 30.0 999.000 3.0 -1.559 -0.097 0.1 0.0 0.0 0.0 0.0 12 0.0 8119 1 1 0 0.0 22.4 15.1 0.065 67.0 0.004 0.0 0.0 0.0 -55.2 15.2 993.9
50.941 0.00027 0.00014 3.6 1.5 4.4 27.0 30.0 999.000 3.0 -1.677 -0.143 0.1 0.0 0.0 0.0 0.0 12 0.0 8144 1 1 0 0.0 22.4 15.1 0.065 67.0 0.004 0.0 0.0 0.0 -77.4 11.5 1007.0
51.549 0.00028 0.00014 3.5 0.8 5.2 26.8 30.0 999.000 3.0 -1.677 -0.143 0.1 0.0 0.0 0.0 0.0 12 8.4 8159 1 1 0 0.0 22.4 15.1 0.065 67.0 0.004 0.0 0.0 0.0 -87.0 -9.8 1017.0
51.962 0.00029 0.00015 3.4 0.3 6.1 26.7 30.0 999.000 3.0 -1.583 -0.100 0.0 0.0 0.0 0.0 0.0 12 0.0 8089 1 1 0 0.0 22.4 15.1 0.065 67.0 0.004 0.0 0.0 0.0 -104.0 16.5 1029.0
52.544 0.00029 0.00015 3.3 0.1 6.8 26.7 30.0 999.000 3.0 -1.583 -0.100 0.0 0.0 0.0 0.0 0.0 12 10.1 8089 1 1 0 0.0 22.4 15.1 0.065 67.0 0.004 0.0 0.0 0.0 -125.0 20.9 995.9
52.939 0.00030 0.00015 3.1 0.3 7.6 26.5 30.0 999.000 3.0 -1.624 -0.044 0.0 0.0 0.0 0.0 0.0 12 0.0 8119 1 1 0 0.0 22.4 15.1 0.065 67.0 0.004 0.0 0.0 0.0 -112.0 15.6 1020.0
53.541 0.00031 0.00016 3.0 0.1 8.4 26.2 30.0 999.000 3.0 -1.624 -0.044 0.0 0.0 0.0 0.0 0.0 12 8.3 8129 1 1 0 0.0 22.4 15.1 0.065 67.0 0.004 0.0 0.0 0.0 -135.0 26.3 1013.0
53.931 0.00031 0.00016 2.9 0.0 9.1 26.1 30.0 999.000 3.0 -1.600 -0.011 0.1 0.0 0.0 0.0 0.0 12 0.0 8159 1 1 0 0.0 22.4 15.1 0.065 67.0 0.004 0.0 0.0 0.0 -160.0 4.9 1008.0
54.543 0.00032 0.00016 2.7 -0.3 9.9 25.8 30.0 999.000 3.0 -1.600 -0.011 0.1 0.0 0.0 0.0 0.0 12 8.4 8139 1 1 0 0.0 22.4 15.1 0.065 67.0 0.004 0.0 0.0 0.0 -170.0 7.3 1011.0
54.942 0.00033 0.00017 2.5 -0.7 10.5 25.7 30.0 999.000 3.0 -1.536 -0.082 0.1 0.0 0.0 0.0 0.0 12 0.0 8139 1 1 0 0.0 22.4 15.1 0.065 67.0 0.004 0.0 0.0 0.0 -195.0 -7.4 991.9
55.549 0.00033 0.00017 2.4 -0.8 11.2 25.5 30.0 999.000 3.0 -1.536 -0.082 0.1 0.0 0.0 0.0 0.0 12 0.0 8119 1 1 0 0.0 22.4 15.1 0.065 67.0 0.004 0.0 0.0 0.0 -197.0 -23.0 975.6
55.940 0.00034 0.00017 2.2 -0.7 11.9 25.3 30.0 999.000 3.0 -1.462 -0.035 0.0 0.0 0.0 0.0 0.0 12 0.0 8114 1 1 0 0.0 22.4 15.1 0.065 67.0 0.004 0.0 0.0 0.0 -210.0 -12.8 978.9
56.542 0.00034 0.00018 2.0 -0.2 12.6 25.1 30.0 999.000 3.0 -1.462 -0.035 0.0 0.0 0.0 0.0 0.0 12 8.4 8089 1 1 0 0.0 22.4 15.1 0.065 67.0 0.004 0.0 0.0 0.0 -228.0 -12.4 970.5
56.941 0.00035 0.00018 1.8 0.2 13.3 25.0 30.0 999.000 3.0 -1.530 -0.007 0.1 0.0 0.0 -2.0 -2.0 12 0.0 8154 1 1 0 0.0 22.4 15.1 0.065 67.0 0.004 0.0 0.0 0.0 -226.0 -20.4 980.9
57.566 0.00036 0.00018 1.6 -0.6 13.3 24.8 30.0 999.000 3.0 -1.530 -0.007 0.1 0.0 0.0 -2.4 -2.4 0 0.0 5629 1 1 0 0.0 22.4 15.1 0.065 67.0 0.004 0.0 0.0 0.0 -178.0 9.6 987.7
57.942 0.00036 0.00018 1.4 -4.6 12.7 24.8 30.0 999.000 3.0 -1.344 0.043 0.0 5.2 5.2 -2.9 -2.9 0 0.0 0 1 1 0 0.0 22.4 15.1 0.065 67.0 0.004 0.0 0.0 0.0 -183.0 -54.1 978.8
58.541 0.00037 0.00019 1.2 -1.4 11.2 25.7 30.0 999.000 3.0 -1.344 0.043 0.0 4.0 6.3 -3.2 -3.3 0 0.0 0 1 1 0 0.0 22.4 15.1 0.065 67.0 0.004 0.0 0.0 0.0 -175.0 -13.1 967.2
58.931 0.00037 0.00019 1.1 2.7 9.2 26.9 30.0 999.000 3.0 -1.184 -0.237 0.0 0.0 0.0 -3.6 -3.5 0 0.0 5 1 1 0 0.0 22.4 15.1 0.065 67.0 0.004 0.0 0.0 0.0 -145.0 57.2 991.1
59.549 0.00038 0.00019 1.0 4.2 7.0 28.0 30.0 999.000 3.0 -1.184 -0.237 0.0 0.0 0.0 -3.8 -3.8 0 0.0 0 1 1 0 0.0 22.4 15.1 0.065 67.0 0.004 0.0 0.0 0.0 -118.0 76.8 985.8
59.941 0.00038 0.00019 0.9 4.6 5.2 28.9 30.0 999.000 3.0 -0.972 -0.047 0.1 1.1 -1.0 -4.0 -4.0 0 0.0 0 1 1 0 0.0 22.4 15.2 0.065 67.0 0.004 0.0 0.0 0.0 -87.2 78.3 985.7
60.542 0.00039 0.00020 0.8 3.8 3.4 29.2 30.0 999.000 3.0 -0.972 -0.047 0.1 1.1 -1.1 -4.2 -4.2 0 0.0 0 1 1 0 0.0 22.4 15.2 0.065 67.0 0.004 0.0 0.0 0.0 -51.1 60.4 989.6
60.943 0.00039 0.00020 0.8 3.4 1.2 30.3 30.0 999.000 3.0 -0.855 0.039 0.0 1.0 -1.0 -4.3 -4.3 0 0.0 5 1 1 0 0.0 22.4 15.2 0.065 67.0 0.004 0.0 0.0 0.0 -12.1 64.0 995.6
61.547 0.00039 0.00020 0.7 3.6 -1.4 30.8 30.0 999.000 3.0 -0.855 0.039 0.0 0.9 -0.9 -4.4 -4.4 0 0.0 0 1 1 0 0.0 22.4 15.2 0.065 67.0 0.004 0.0 0.0 0.0 23.0 57.6 996.6
61.942 0.00039 0.00020 0.7 3.5 -3.3 31.0 30.0 999.000 3.0 -0.689 -0.078 0.1 0.9 -0.9 -4.5 -4.5 0 0.0 0 1 1 0 0.0 22.4 15.2 0.065 67.0 0.004 0.0 0.0 0.0 59.7 66.2 991.8
62.558 0.00040 0.00020 0.7 4.1 -4.7 31.8 30.0 999.000 3.0 -0.689 -0.078 0.1 0.9 -0.9 -4.6 -4.6 0 0.0 0 1 1 0 0.0 22.4 15.2 0.065 67.0 0.004 0.0 0.0 0.0 88.4 68.0 985.8
62.942 0.00040 0.00020 0.7 4.1 -6.5 32.2 30.0 999.000 3.0 -0.763 0.049 0.0 1.0 -1.0 -4.6 -4.6 0 0.0 0 1 1 0 0.0 22.4 15.2 0.065 67.0 0.004 0.0 0.0 0.0 121.7 70.1 991.2
63.549 0.00040 0.00021 0.7 4.5 -8.9 32.0 30.0 999.000 3.0 -0.763 0.049 0.0 1.0 -1.0 -4.7 -4.7 0 0.0 5 1 1 0 0.0 22.4 15.2 0.065 67.0 0.004 0.0 0.0 0.0 155.3 73.1 986.8
63.942 0.00041 0.00021 0.7 4.0 -10.8 31.9 30.0 999.000 3.0 -0.537 -0.003 0.1 1.1 -1.1 -4.7 -4.7 0 0.0 0 1 1 0 0.0 22.4 15.2 0.065 67.0 0.004 0.0 0.0 0.0 187.6 71.0 980.4
64.542 0.00041 0.00021 0.7 3.8 -12.0 32.9 30.0 999.000 3.0 -0.537 -0.003 0.1 1.0 -1.0 -4.7 -4.7 0 0.0 0 1 1 0 0.0 22.4 15.2 0.065 67.0 0.004 0.0 0.0 0.0 210.4 70.6 968.4
64.943 0.00041 0.00021 0.7 4.4 -13.2 33.6 30.0 999.000 3.0 -0.585 0.069 0.1 1.0 -1.0 -4.7 -4.7 0 0.0 0 1 1 0 0.0 22.4 15.2 0.065 67.0 0.004 0.0 0.0 0.0 235.2 68.9 974.3
65.548 0.00041 0.00021 0.7 5.1 -14.9 33.9 30.0 999.000 3.0 -0.585 0.069 0.1 1.1 -1.1 -4.7 -4.7 0 0.0 0 1 1 0 0.0 22.4 15.2 0.065 67.0 0.004 0.0 0.0 0.0 261.5 88.9 962.9
65.941 0.00041 0.00021 0.7 6.1 -16.4 34.0 30.0 999.000 3.0 -0.426 0.104 0.1 1.3 -1.3 -4.7 -4.7 0 0.0 0 1 1 0 0.0 22.4 15.2 0.065 67.0 0.004 0.0 0.0 0.0 286.4 102.6 957.7
66.544 0.00042 0.00021 0.7 5.7 -17.3 34.8 30.0 999.000 3.0 -0.426 0.104 0.1 1.5 -1.5 -4.7 -4.6 0 0.0 0 1 1 0 0.0 22.4 15.2 0.065 67.0 0.004 0.0 0.0 0.0 302.7 92.4 946.8
66.941 0.00042 0.00021 0.7 5.5 -18.6 35.5 30.0 999.000 3.0 -0.284 0.036 0.1 1.4 -1.4 -4.6 -4.6 0 0.0 5 1 1 0 0.0 22.4 15.2 0.065 67.0 0.004 0.0 0.0 0.0 316.8 89.8 941.5
67.570 0.00042 0.00022 0.7 6.7 -19.5 35.6 30.0 999.000 3.0 -0.284 0.036 0.1 -4.1 -6.9 -4.6 -4.6 0 0.0 0 1 1 0 0.0 22.4 15.2 0.065 67.0 0.004 0.0 0.0 0.0 338.6 113.1 938.0
67.944 0.00042 0.00022 0.7 6.9 -20.3 36.4 30.0 999.000 3.0 -0.261 -0.004 0.1 -3.9 -7.3 -4.6 -4.6 0 0.0 0 1 1 0 0.0 22.4 15.2 0.065 67.0 0.004 0.0 0.0 0.0 352.8 111.2 928.9
68.543 0.00042 0.00022 0.7 6.0 -21.0 37.1 30.0 999.000 3.0 -0.261 -0.004 0.1 -4.7 -8.1 -4.6 -4.6 0 0.0 0 1 1 0 0.0 22.4 15.2 0.065 67.0 0.004 0.0 0.0 0.0 359.7 96.0 933.8
68.932 0.00042 0.00022 0.7 6.3 -21.9 37.5 30.0 999.000 3.0 -0.333 0.124 0.1 -5.6 -8.6 -4.6 -4.6 0 0.0 0 1 1 0 0.0 22.4 15.2 0.065 67.0 0.004 0.0 0.0 0.0 371.5 103.2 922.7
69.547 0.00042 0.00022 0.7 6.0 -22.5 38.1 30.0 999.000 3.0 -0.333 0.124 0.1 -5.9 -9.1 -4.7 -4.6 0 0.0 0 1 1 0 0.0 22.4 15.2 0.065 67.0 0.004 0.0 0.0 0.0 378.2 89.5 914.8
69.944 0.00042 0.00022 0.7 7.0 -22.4 38.4 30.0 999.000 3.0 -0.135 -0.039 0.1 -6.6 -9.6 -4.7 -4.7 0 0.0 0 1 1 0 0.0 22.4 15.2 0.065 67.0 0.004 0.0 0.0 0.0 388.9 119.2 920.7
70.542 0.00042 0.00022 0.6 6.4 -22.8 39.0 30.0 999.000 3.0 -0.135 -0.039 0.1 -6.7 -10.1 -4.7 -4.7 0 0.0 0 1 1 0 0.0 22.4 15.2 0.065 67.0 0.004 0.0 0.0 0.0 391.3 99.6 922.1
70.945 0.00042 0.00022 0.6 4.9 -23.6 39.6 30.0 999.000 3.0 -0.273 -0.196 0.1 -7.4 -10.6 -4.7 -4.7 0 0.0 0 1 1 0 0.0 22.4 15.2 0.065 67.0 0.004 0.0 0.0 0.0 394.9 80.0 909.5
71.548 0.00043 0.00022 0.6 7.6 -23.7 38.7 30.0 999.000 3.0 -0.273 -0.196 0.1 -8.4 -10.8 -4.8 -4.7 0 0.0 0 1 1 0 0.0 22.4 15.2 0.065 67.0 0.004 0.0 0.0 0.0 398.6 121.8 901.4
71.943 0.00043 0.00022 0.6 5.8 -23.5 39.2 30.0 999.000 3.0 -0.188 -0.036 0.1 -6.8 -10.6 -4.8 -4.8 0 0.0 0 1 1 0 0.0 22.4 15.2 0.065 67.0 0.004 0.0 0.0 0.0 402.5 88.6 918.9
72.573 0.00043 0.00022 0.6 6.5 -23.5 38.8 30.0 999.000 3.0 -0.188 -0.036 0.1 -7.7 -10.6 -4.8 -4.8 0 0.0 5 1 1 0 0.0 22.4 15.2 0.065 67.0 0.004 0.0 0.0 0.0 393.9 116.9 911.9
72.943 0.00043 0.00022 0.5 6.4 -22.4 39.0 30.0 999.000 3.0 -0.128 -0.077 0.1 -7.2 -10.4 -4.9 -4.9 0 0.0 0 1 1 0 0.0 22.4 15.2 0.065 67.0 0.004 0.0 0.0 0.0 380.3 97.6 915.3
73.548 0.00043 0.00022 0.5 8.0 -21.0 37.7 30.0 999.000 3.0 -0.128 -0.077 0.1 -7.4 -10.6 -4.9 -4.9 0 0.0 0 1 1 0 0.0 22.4 15.2 0.065 67.0 0.004 0.0 0.0 0.0 349.4 135.2 931.9
73.946 0.00043 0.00023 0.5 7.3 -19.6 37.5 30.0 999.000 3.0 -0.133 0.061 0.2 -5.7 -9.7 -4.9 -5.0 0 0.0 0 1 1 0 0.0 22.4 15.2 0.065 67.0 0.004 0.0 0.0 0.0 318.2 115.3 933.3
74.543 0.00043 0.00023 0.5 6.2 -16.8 37.1 30.0 999.000 3.0 -0.133 0.061 0.2 -5.7 -9.7 -5.0 -5.0 0 0.0 0 1 1 0 0.0 22.4 15.2 0.065 67.0 0.004 0.0 0.0 0.0 293.3 106.6 953.2
74.944 0.00043 0.00023 0.4 7.5 -15.1 37.1 30.0 999.000 3.0 -0.112 -0.052 0.1 -5.7 -9.7 -5.1 -5.1 0 0.0 0 1 1 0 0.0 22.4 15.2 0.065 67.0 0.004 0.0 0.0 0.0 255.6 130.4 962.7
75.546 0.00043 0.00023 0.4 6.9 -13.5 37.5 30.0 999.000 3.0 -0.112 -0.052 0.1 -5.7 -9.7 -5.1 -5.1 0 0.0 0 1 1 0 0.0 22.4 15.2 0.065 67.0 0.004 0.0 0.0 0.0 225.2 111.2 965.7
75.943 0.00043 0.00023 0.4 6.6 -12.0 36.4 30.0 999.000 3.0 -0.007 -0.095 0.1 -5.7 -9.7 -5.2 -5.2 0 0.0 0 1 1 0 0.0 22.4 15.2 0.065 67.0 0.004 0.0 0.0 0.0 203.4 113.4 970.1
76.544 0.00043 0.00023 0.4 7.5 -10.5 34.1 30.0 999.000 3.0 -0.007 -0.095 0.1 -5.7 -9.7 -5.2 -5.2 0 0.0 5 1 1 0 0.0 22.4 15.2 0.065 67.0 0.004 0.0 0.0 0.0 176.5 125.6 976.0
76.946 0.00043 0.00023 0.3 7.5 -9.1 31.9 30.0 999.000 3.0 -0.070 -0.065 0.1 -5.7 -9.7 -5.3 -5.3 0 0.0 0 1 1 0 0.0 22.4 15.2 0.065 67.0 0.004 0.0 0.0 0.0 156.8 140.6 984.0
77.579 0.00043 0.00023 0.3 4.8 -8.2 30.4 30.0 999.000 3.0 -0.070 -0.065 0.1 -5.7 -9.7 -5.3 -5.3 0 0.0 0 1 1 0 0.0 22.4 15.2 0.065 67.0 0.004 0.0 0.0 0.0 139.0 67.4 985.8
77.944 0.00043 0.00023 0.3 9.3 -6.8 27.1 30.0 999.000 3.0 -0.065 0.097 0.1 -5.7 -9.7 -5.4 -5.4 0 0.0 0 1 1 0 0.0 22.4 15.2 0.065 67.0 0.004 0.0 0.0 0.0 114.6 175.3 962.4
78.544 0.00043 0.00023 0.3 9.9 -5.9 25.7 30.0 999.000 3.0 -0.065 0.097 0.1 -5.7 -9.7 -5.4 -5.4 0 0.0 5 1 1 0 0.0 22.4 15.2 0.065 67.0 0.004 0.0 0.0 0.0 99.9 167.9 996.6
78.934 0.00043 0.00023 0.2 4.8 -4.9 23.5 30.0 999.000 3.0 -0.137 -0.009 0.1 -5.7 -9.7 -5.5 -5.5 0 0.0 0 1 1 0 0.0 22.4 15.2 0.065 67.0 0.004 0.0 0.0 0.0 75.2 72.0 994.2
79.546 0.00044 0.00023 0.2 6.7 -2.5 21.3 30.0 999.000 3.0 -0.137 -0.009 0.1 -5.7 -9.7 -5.5 -5.5 0 0.0 0 1 1 0 0.0 22.4 15.2 0.065 67.0 0.004 0.0 0.0 0.0 45.5 130.4 979.8
79.944 0.00044 0.00023 0.2 10.2 -1.9 19.6 30.0 999.000 3.0 -0.096 0.023 0.1 -5.7 -9.7 -5.6 -5.6 0 0.0 0 1 1 0 0.0 22.4 15.2 0.065 67.0 0.004 0.0 0.0 0.0 31.8 177.3 996.7
80.543 0.00044 0.00023 0.2 7.3 -0.6 16.7 30.0 999.000 3.0 -0.096 0.023 0.1 -5.7 -9.7 -5.6 -5.6 0 0.0 0 1 1 0 0.0 22.4 15.2 0.065 67.0 0.004 0.0 0.0 0.0 -1.1 108.6 983.7
80.945 0.00044 0.00023 0.1 6.3 0.9 15.0 30.0 999.000 3.0 0.018 -0.090 0.1 -5.7 -9.7 -5.7 -5.7 0 0.0 0 1 1 0 0.0 22.4 15.2 0.065 67.0 0.004 0.0 0.0 0.0 -20.3 131.7 1006.0
81.546 0.00044 0.00023 0.1 6.5 2.7 14.5 30.0 999.000 3.0 0.018 -0.090 0.1 -5.7 -9.7 -5.7 -5.7 0 0.0 0 1 1 0 0.0 22.4 15.2 0.065 67.0 0.004 0.0 0.0 0.0 -45.6 97.1 981.4
81.943 0.00044 0.00023 0.1 9.1 3.4 11.5 30.0 999.000 3.0 -0.057 0.174 0.1 -5.7 -9.7 -5.7 -5.7 0 0.0 0 1 1 0 0.0 22.4 15.2 0.065 67.0 0.004 0.0 0.0 0.0 -59.6 165.0 965.6
82.572 0.00044 0.00023 0.1 9.4 1.3 9.9 30.0 999.000 3.0 -0.057 0.174 0.1 -5.7 -9.7 -5.8 -5.8 0 0.0 0 1 1 0 0.0 22.4 15.2 0.065 67.0 0.004 0.0 0.0 0.0 -22.3 161.4 985.1
82.944 0.00044 0.00023 0.1 5.6 0.4 7.6 30.0 999.000 3.0 -0.069 -0.151 -0.0 -5.7 -9.7 -5.7 -5.7 0 0.0 0 1 1 0 0.0 22.4 15.2 0.065 67.0 0.004 0.0 0.0 0.0 -2.8 82.3 985.4
83.546 0.00044 0.00023 0.2 7.7 -1.3 5.3 30.0 999.000 3.0 -0.069 -0.151 -0.0 -5.7 -9.7 -5.7 -5.7 0 0.0 0 1 1 0 0.0 22.4 15.2 0.065 67.0 0.004 0.0 0.0 0.0 35.1 164.4 1006.0
83.946 0.00044 0.00023 0.2 8.7 -1.2 2.7 30.0 999.000 3.0 -0.158 0.130 0.0 -5.7 -9.7 -5.6 -5.7 0 0.0 0 1 1 0 0.0 22.4 15.2 0.065 67.0 0.004 0.0 0.0 0.0 25.9 123.3 975.3
84.544 0.00044 0.00023 0.2 9.0 -2.9 358.8 30.0 999.000 3.0 -0.158 0.130 0.0 -5.7 -9.7 -5.6 -5.6 0 0.0 0 1 1 0 0.0 22.4 15.2 0.065 67.0 0.004 0.0 0.0 0.0 52.3 166.2 1000.0
84.943 0.00044 0.00023 0.2 6.1 -3.1 358.4 30.0 999.000 3.0 -0.223 -0.132 -0.0 -5.7 -9.7 -5.6 -5.6 0 0.0 0 1 1 0 0.0 22.4 15.2 0.065 67.0 0.004 0.0 0.0 0.0 48.9 90.3 992.1
85.546 0.00045 0.00023 0.2 6.2 -2.5 356.0 30.0 999.000 3.0 -0.223 -0.132 -0.0 -5.7 -9.7 -5.5 -5.6 0 0.0 5 1 1 0 0.0 22.4 15.2 0.065 67.0 0.004 0.0 0.0 0.0 52.0 124.5 983.6
85.945 0.00045 0.00023 0.2 9.5 -3.6 353.9 30.0 999.000 3.0 -0.096 -0.006 0.0 -5.7 -9.7 -5.5 -5.5 0 0.0 0 1 1 0 0.0 22.4 15.2 0.065 67.0 0.004 0.0 0.0 0.0 67.5 158.2 994.1
86.544 0.00045 0.00023 0.3 7.5 -4.1 350.8 30.0 999.000 3.0 -0.096 -0.006 0.0 -5.7 -9.7 -5.5 -5.5 0 0.0 0 1 1 0 0.0 22.4 15.2 0.065 67.0 0.004 0.0 0.0 0.0 68.6 116.1 990.9
86.946 0.00045 0.00023 0.3 6.3 -4.4 348.7 30.0 999.000 3.0 -0.113 0.105 0.0 -5.7 -9.7 -5.5 -5.5 0 0.0 5 1 1 0 0.0 22.4 15.2 0.065 67.0 0.004 0.0 0.0 0.0 83.7 119.9 997.6
87.577 0.00045 0.00023 0.3 7.2 -5.1 347.3 30.0 999.000 3.0 -0.113 0.105 0.0 -5.7 -9.7 -5.5 -5.5 0 0.0 0 1 1 0 0.0 22.4 15.2 0.065 67.0 0.004 0.0 0.0 0.0 81.0 120.2 974.6
87.944 0.00045 0.00023 0.3 8.7 -5.1 345.1 30.0 999.000 3.0 -0.143 -0.003 0.0 -5.7 -9.7 -5.5 -5.5 0 0.0 0 1 1 0 0.0 22.4 15.2 0.065 67.0 0.004 0.0 0.0 0.0 97.7 150.5 996.0
88.546 0.00045 0.00023 0.3 8.3 -5.1 341.7 30.0 999.000 3.0 -0.143 -0.003 0.0 -5.7 -9.7 -5.5 -5.5 0 0.0 0 1 1 0 0.0 22.4 15.2 0.065 67.0 0.004 0.0 0.0 0.0 88.5 138.2 988.1
88.935 0.00045 0.00023 0.2 6.3 -5.5 340.1 30.0 999.000 3.0 -0.026 -0.067 -0.0 -5.7 -9.7 -5.5 -5.5 0 0.0 0 1 1 0 0.0 22.4 15.2 0.065 67.0 0.004 0.0 0.0 0.0 89.3 106.9 990.7
89.545 0.00045 0.00023 0.2 7.2 -4.6 338.5 30.0 999.000 3.0 -0.026 -0.067 -0.0 -5.7 -9.7 -5.5 -5.5 0 0.0 0 1 1 0 0.0 22.4 15.2 0.065 67.0 0.004 0.0 0.0 0.0 76.9 126.7 986.7
89.947 0.00045 0.00023 0.2 9.3 -3.7 335.4 30.0 999.000 3.0 -0.065 0.120 0.0 -5.7 -9.7 -5.5 -5.5 0 0.0 0 1 1 0 0.0 22.4 15.2 0.065 67.0 0.004 0.0 0.0 0.0 66.6 162.1 985.9
90.547 0.00045 0.00023 0.2 7.7 -3.5 332.6 30.0 999.000 3.0 -0.065 0.120 0.0 -5.7 -9.7 -5.5 -5.5 0 0.0 0 1 1 0 0.0 22.4 15.2 0.065 67.0 0.004 0.0 0.0 0.0 59.0 129.6 993.3
90.945 0.00045 0.00023 0.2 6.3 -2.6 331.7 30.0 999.000 3.0 -0.051 0.073 0.1 -5.7 -9.7 -5.5 -5.6 0 0.0 0 1 1 0 0.0 22.4 15.2 0.065 67.0 0.004 0.0 0.0 0.0 39.5 113.5 997.1
91.547 0.00045 0.00023 0.2 6.7 -1.5 331.3 30.0 999.000 3.0 -0.051 0.073 0.1 -5.7 -9.7 -5.6 -5.6 0 0.0 0 1 1 0 0.0 22.4 15.2 0.065 67.0 0.004 0.0 0.0 0.0 21.9 109.3 981.7
91.945 0.00045 0.00023 0.2 10.3 -0.3 328.7 30.0 999.000 3.0 0.00