7.800 0.00000 0.00000 0.1 8.4 -0.8 289.0 999.0 999.000 999.0 nan nan nan 0.0 0.0 0.0 0.0 0 0.0 0 0 0 0 0.0 0.0 0.0 0.000 0.0 0.000 0.0 0.0 0.0 -7.6 128.9 953.0
8.301 0.00000 0.00000 0.1 8.7 -0.5 288.0 999.0 999.000 999.0 nan nan nan 0.0 0.0 0.0 0.0 0 0.0 0 0 0 0 0.0 22.4 15.2 0.065 67.0 0.004 0.0 0.0 0.0 11.6 149.6 1010.0
8.799 0.00000 0.00000 0.1 9.8 2.0 288.1 999.0 999.000 999.0 nan nan nan 0.0 0.0 0.0 0.0 0 0.0 5 0 0 0 0.0 22.4 15.2 0.065 67.0 0.004 0.0 0.0 0.0 -25.4 192.7 1001.0
9.298 0.00000 0.00000 0.1 5.4 2.5 287.6 999.0 999.000 999.0 nan nan nan 0.0 0.0 0.0 0.0 0 0.0 5 0 0 0 0.0 22.4 15.2 0.065 67.0 0.004 0.0 0.0 0.0 -49.7 73.2 965.6
9.701 0.00000 360.00000 0.1 6.6 2.7 289.3 999.0 999.000 999.0 -0.062 -0.046 0.1 0.0 0.0 0.0 0.0 0 0.0 0 0 0 0 0.0 22.4 15.2 0.065 67.0 0.004 0.0 0.0 0.0 -49.8 131.1 1000.0
10.300 0.00000 360.00000 0.1 8.8 2.6 290.1 999.0 999.000 999.0 -0.062 -0.046 0.1 0.0 0.0 0.0 0.0 0 0.0 0 0 0 0 0.0 22.4 15.2 0.065 67.0 0.004 0.0 0.0 0.0 -36.6 145.9 978.4
10.699 0.00000 360.00000 0.1 8.8 2.3 289.6 999.0 999.000 999.0 -0.230 -0.046 -0.1 0.0 0.0 0.0 0.0 0 0.0 0 0 0 0 0.0 22.4 15.2 0.065 67.0 0.004 0.0 0.0 0.0 -24.5 151.0 1013.0
11.301 0.00000 360.00000 0.1 6.0 0.9 289.1 999.0 999.000 999.0 -0.230 -0.046 -0.1 0.0 0.0 0.0 0.0 0 0.0 0 0 0 0 0.0 22.4 15.2 0.065 67.0 0.004 0.0 0.0 0.0 -22.9 101.1 989.1
11.732 0.00000 360.00000 0.1 5.9 1.6 289.9 999.0 999.000 999.0 -0.009 0.042 0.0 0.0 0.0 0.0 0.0 0 0.0 0 0 0 0 0.0 22.4 15.2 0.065 67.0 0.004 0.0 0.0 0.0 -27.2 100.0 971.9
12.299 0.00000 360.00000 0.1 10.7 0.9 289.2 999.0 999.000 999.0 -0.009 0.042 0.0 0.0 0.0 0.0 0.0 0 0.0 0 0 0 0 0.0 22.4 15.2 0.065 67.0 0.004 0.0 0.0 0.0 -14.1 214.0 990.3
12.701 0.00000 360.00000 0.1 8.5 1.4 289.3 999.0 999.000 999.0 -0.085 -0.046 -0.1 0.0 0.0 0.0 0.0 0 0.0 5 0 0 0 0.0 22.4 15.2 0.065 67.0 0.004 0.0 0.0 0.0 -19.1 118.1 1005.0
13.300 0.00000 360.00000 0.1 4.0 1.5 288.1 999.0 999.000 999.0 -0.085 -0.046 -0.1 0.0 0.0 0.0 0.0 0 0.0 0 0 0 0 0.0 22.4 15.2 0.065 67.0 0.004 0.0 0.0 0.0 -27.7 69.8 1006.0
13.700 0.00000 360.00000 0.1 7.2 2.2 288.6 999.0 999.000 999.0 0.026 -0.040 0.1 0.0 0.0 0.0 0.0 0 0.0 0 0 0 0 0.0 22.4 15.2 0.065 67.0 0.004 0.0 0.0 0.0 -43.6 134.0 955.0
14.302 0.00000 359.99999 0.1 10.5 2.1 288.6 999.0 999.000 999.0 0.026 -0.040 0.1 0.0 0.0 0.0 0.0 0 0.0 5 0 0 0 0.0 22.4 15.2 0.065 67.0 0.004 0.0 0.0 0.0 -41.7 183.3 998.8
14.701 0.00000 359.99999 0.1 8.2 2.3 289.5 999.0 999.000 999.0 -0.015 -0.006 -0.1 0.0 0.0 0.0 0.0 0 0.0 0 0 0 0 0.0 22.4 15.2 0.065 67.0 0.004 0.0 0.0 0.0 -38.1 141.4 997.0
15.300 0.00000 359.99999 0.1 3.8 1.8 289.7 999.0 999.000 999.0 -0.015 -0.006 -0.1 0.0 0.0 0.0 0.0 0 0.0 5 0 0 0 0.0 22.4 15.2 0.065 67.0 0.004 0.0 0.0 0.0 -34.5 44.0 993.7
15.701 0.00000 359.99999 0.1 8.6 2.0 289.4 999.0 999.000 999.0 -0.126 0.081 -0.0 0.0 0.0 0.0 0.0 0 0.0 5 0 0 0 0.0 22.4 15.2 0.065 67.0 0.004 0.0 0.0 0.0 -21.4 179.0 973.6
16.300 0.00000 359.99999 0.1 11.7 -0.1 289.8 999.0 999.000 999.0 -0.126 0.081 -0.0 0.0 0.0 0.0 0.0 0 0.0 0 0 0 0 0.0 22.4 15.2 0.065 67.0 0.004 0.0 0.0 0.0 -7.2 189.8 993.7
16.722 0.00000 359.99999 0.1 6.6 1.1 289.3 999.0 999.000 999.0 0.063 0.087 -0.0 0.0 0.0 0.0 0.0 0 0.0 0 0 0 0 0.0 22.4 15.2 0.065 67.0 0.004 0.0 0.0 0.0 -17.2 113.5 995.0
17.318 0.00000 359.99999 0.1 4.9 1.6 289.8 999.0 999.000 999.0 0.063 0.087 -0.0 0.0 0.0 0.0 0.0 0 0.0 0 0 0 0 0.0 22.4 15.2 0.065 67.0 0.004 0.0 0.0 0.0 -21.7 91.0 1003.0
17.709 0.00000 359.99999 0.1 9.7 1.6 288.8 999.0 999.000 999.0 -0.155 0.163 0.0 0.0 0.0 0.0 0.0 0 0.0 0 0 0 0 0.0 22.4 15.2 0.065 67.0 0.004 0.0 0.0 0.0 -26.5 194.2 988.0
18.318 0.00000 359.99999 0.1 10.7 2.2 288.7 999.0 999.000 999.0 -0.155 0.163 0.0 0.0 0.0 0.0 0.0 0 0.0 0 0 0 0 0.0 22.4 15.2 0.065 67.0 0.004 0.0 0.0 0.0 -45.1 156.8 949.3
18.712 0.00000 359.99999 0.1 7.6 0.5 289.1 999.0 999.000 999.0 0.099 -0.032 0.1 0.0 0.0 0.0 0.0 0 0.0 0 0 0 0 0.0 6280.4 15.2 0.065 67.0 0.004 0.0 0.0 0.0 -7.7 134.5 1018.0
19.318 0.00000 359.99999 0.1 5.5 0.1 288.8 999.0 999.000 999.0 0.099 -0.032 0.1 0.0 0.0 0.0 0.0 0 0.0 5 0 0 0 0.0 22.4 15.2 0.065 67.0 0.004 0.0 0.0 0.0 -2.1 101.8 1006.0
19.712 0.00000 359.99999 0.1 8.5 1.5 287.7 999.0 999.000 999.0 0.007 0.112 -0.0 0.0 0.0 0.0 0.0 0 0.0 0 0 0 0 0.0 22.4 15.2 0.065 67.0 0.004 0.0 0.0 0.0 -8.7 154.4 980.0
20.310 0.00000 359.99999 0.1 11.0 -0.1 287.2 999.0 999.000 999.0 0.007 0.112 -0.0 0.0 0.0 0.0 0.0 0 0.0 0 0 0 0 0.0 22.4 15.2 0.065 67.0 0.004 0.0 0.0 0.0 -15.7 179.7 983.9
20.701 0.00000 359.99999 0.1 7.0 1.6 288.0 999.0 999.000 999.0 0.098 0.021 -0.0 0.0 0.0 0.0 0.0 0 0.0 0 0 0 0 0.0 22.4 15.2 0.065 67.0 0.004 0.0 0.0 0.0 -32.3 111.7 994.1
21.318 0.00000 359.99999 0.1 6.0 2.5 288.5 999.0 999.000 999.0 0.098 0.021 -0.0 0.0 0.0 0.0 0.0 0 0.0 5 0 0 0 0.0 22.4 15.2 0.065 67.0 0.004 0.0 0.0 0.0 -41.2 126.7 991.4
21.712 0.00000 359.99999 0.1 8.4 2.3 288.8 999.0 999.000 999.0 0.070 -0.005 -0.0 0.0 0.0 0.0 0.0 0 0.0 0 0 0 0 0.0 22.4 15.2 0.065 67.0 0.004 0.0 0.0 0.0 -39.8 139.1 997.5
22.311 0.00000 359.99999 0.1 9.7 1.4 288.0 999.0 999.000 999.0 0.070 -0.005 -0.0 0.0 0.0 0.0 0.0 0 0.0 0 0 0 0 0.0 22.4 15.2 0.065 67.0 0.004 0.0 0.0 0.0 -7.2 161.6 1000.0
22.713 0.00000 359.99999 0.1 7.4 -0.4 288.2 999.0 999.000 999.0 -0.059 -0.021 -0.0 0.0 0.0 0.0 0.0 0 0.0 5 0 0 0 0.0 22.4 15.2 0.065 67.0 0.004 0.0 0.0 0.0 -13.1 136.1 959.8
23.312 0.00000 359.99999 0.2 5.0 0.3 286.9 999.0 999.000 999.0 -0.059 -0.021 -0.0 0.0 0.0 0.0 0.0 0 0.0 0 0 0 0 0.0 22.4 15.2 0.065 67.0 0.004 0.0 0.0 0.0 6.3 75.2 1020.0
23.700 0.00001 359.99999 0.2 8.6 -1.2 286.7 999.0 999.000 999.0 0.002 0.106 -0.1 0.0 0.0 0.0 0.0 0 0.0 0 0 0 0 0.0 22.4 15.2 0.065 67.0 0.004 0.0 0.0 0.0 11.2 173.6 994.7
24.316 0.00001 359.99998 0.2 8.9 0.3 286.4 999.0 999.000 999.0 0.002 0.106 -0.1 0.0 0.0 0.0 0.0 0 0.0 0 0 0 0 0.0 22.4 15.2 0.065 67.0 0.004 0.0 0.0 0.0 -1.9 137.7 974.6
24.712 0.00001 359.99998 0.2 6.6 -0.1 285.2 999.0 999.000 999.0 -0.019 0.046 0.0 0.0 0.0 0.0 0.0 0 0.0 0 0 0 0 0.0 22.4 15.2 0.065 67.0 0.004 0.0 0.0 0.0 5.4 105.4 998.9
25.310 0.00001 359.99998 0.2 6.8 -0.4 286.0 999.0 999.000 999.0 -0.019 0.046 0.0 0.0 0.0 0.0 0.0 0 0.0 0 0 0 0 0.0 22.4 15.2 0.065 67.0 0.004 0.0 0.0 0.0 -13.0 122.8 978.5
25.702 0.00001 359.99998 0.2 9.2 0.1 285.9 999.0 999.000 999.0 -0.004 -0.097 0.0 0.0 0.0 0.0 0.0 0 0.0 5 0 0 0 0.0 22.4 15.2 0.065 67.0 0.004 0.0 0.0 0.0 1.7 175.1 1010.0
26.316 0.00001 359.99998 0.2 6.1 1.4 285.2 999.0 999.000 999.0 -0.004 -0.097 0.0 0.0 0.0 0.0 0.0 0 0.0 5 0 0 0 0.0 22.4 15.2 0.065 67.0 0.004 0.0 0.0 0.0 -19.2 100.0 987.3
26.731 0.00001 359.99998 0.1 6.1 1.1 285.2 999.0 999.000 999.0 -0.056 -0.020 0.0 0.0 0.0 0.0 0.0 0 0.0 5 0 0 0 0.0 22.6 15.2 0.065 67.0 0.004 0.0 0.0 0.0 -15.1 108.0 1003.0
27.312 0.00001 359.99998 0.1 10.2 0.5 285.5 999.0 999.000 999.0 -0.056 -0.020 0.0 0.0 0.0 0.0 0.0 0 0.0 0 0 0 0 0.0 22.6 15.2 0.065 67.0 0.004 0.0 0.0 0.0 -33.5 189.0 960.1
27.712 0.00001 359.99998 0.1 7.6 1.4 286.2 999.0 999.000 999.0 -0.022 -0.010 -0.0 0.0 0.0 0.0 0.0 0 0.0 0 0 0 0 0.0 22.4 15.2 0.065 67.0 0.004 0.0 0.0 0.0 -22.9 119.2 1010.0
28.311 0.00001 359.99998 0.1 5.2 2.3 286.1 999.0 999.000 999.0 -0.022 -0.010 -0.0 0.0 0.0 0.0 0.0 0 0.0 0 0 0 0 0.0 22.4 15.2 0.065 67.0 0.004 0.0 0.0 0.0 -32.8 101.5 992.9
28.704 0.00001 359.99998 0.1 8.1 2.3 286.5 999.0 999.000 999.0 -0.183 -0.121 0.0 0.0 0.0 0.0 0.0 0 0.0 0 0 0 0 0.0 22.4 15.2 0.065 67.0 0.004 0.0 0.0 0.0 -49.5 145.9 983.2
29.311 0.00001 359.99998 0.1 10.9 1.1 285.6 999.0 999.000 999.0 -0.183 -0.121 0.0 0.0 0.0 0.0 0.0 0 0.0 0 0 0 0 0.0 22.4 15.2 0.065 67.0 0.004 0.0 0.0 0.0 -24.1 163.7 984.6
29.702 0.00001 359.99998 0.1 9.4 -0.2 287.0 999.0 999.000 999.0 0.018 -0.015 0.0 0.0 0.0 0.0 0.0 0 0.0 0 0 0 0 0.0 22.4 15.2 0.065 67.0 0.004 0.0 0.0 0.0 -2.7 149.6 990.4
30.312 0.00001 359.99998 0.1 4.8 -0.1 285.8 999.0 999.000 999.0 0.018 -0.015 0.0 0.0 0.0 0.0 0.0 0 0.0 0 0 0 0 0.0 22.4 15.2 0.065 67.0 0.004 0.0 0.0 0.0 15.4 84.6 1001.0
30.702 0.00001 359.99998 0.1 8.0 -1.5 285.5 999.0 999.000 999.0 -0.055 -0.065 -0.1 0.0 0.0 0.0 0.0 0 0.0 0 0 0 0 0.0 22.4 15.2 0.065 67.0 0.004 0.0 0.0 0.0 17.8 155.1 1000.0
31.312 0.00001 359.99998 0.1 11.5 -0.2 285.6 999.0 999.000 999.0 -0.055 -0.065 -0.1 0.0 0.0 0.0 0.0 0 0.0 0 0 0 0 0.0 22.4 15.2 0.065 67.0 0.004 0.0 0.0 0.0 2.0 167.0 970.0
31.726 0.00001 359.99998 0.1 8.9 0.2 286.1 999.0 999.000 999.0 -0.042 0.027 0.1 0.0 0.0 0.0 0.0 0 0.0 0 0 0 0 0.0 22.4 15.2 0.065 67.0 0.004 0.0 0.0 0.0 -10.7 140.8 991.5
32.312 0.00001 359.99998 0.1 5.4 1.1 286.8 999.0 999.000 999.0 -0.042 0.027 0.1 0.0 0.0 0.0 0.0 0 0.0 0 0 0 0 0.0 22.4 15.2 0.065 67.0 0.004 0.0 0.0 0.0 -20.6 101.5 1003.0
32.703 0.00001 359.99998 0.1 5.3 2.7 286.6 999.0 999.000 999.0 0.030 0.120 -0.0 0.0 0.0 0.0 0.0 0 0.0 0 0 0 0 0.0 22.4 15.2 0.065 67.0 0.004 0.0 0.0 0.0 -48.4 91.7 998.3
33.312 0.00001 359.99998 0.1 10.3 3.3 287.6 999.0 999.000 999.0 0.030 0.120 -0.0 0.0 0.0 0.0 0.0 0 0.0 0 0 0 0 0.0 22.4 15.2 0.065 67.0 0.004 0.0 0.0 0.0 -57.4 184.4 970.5
33.702 0.00001 359.99998 0.1 7.8 3.4 287.4 999.0 999.000 999.0 -0.071 0.094 0.0 0.0 0.0 0.0 0.0 0 0.0 0 0 0 0 0.0 22.4 15.2 0.065 67.0 0.004 0.0 0.0 0.0 -70.1 103.0 981.1
34.313 0.00001 359.99998 0.1 6.4 1.7 289.0 999.0 999.000 999.0 -0.071 0.094 0.0 0.0 0.0 0.0 0.0 0 0.0 5 0 0 0 0.0 22.4 15.2 0.065 67.0 0.004 0.0 0.0 0.0 -28.8 137.4 995.7
34.704 0.00001 359.99998 0.1 6.7 2.0 287.8 999.0 999.000 999.0 -0.034 -0.071 -0.0 0.0 0.0 0.0 0.0 0 0.0 0 0 0 0 0.0 22.4 15.2 0.065 67.0 0.004 0.0 0.0 0.0 -21.0 121.1 988.8
35.310 0.00001 359.99998 0.1 8.4 -0.2 288.1 999.0 999.000 999.0 -0.034 -0.071 -0.0 0.0 0.0 0.0 0.0 0 0.0 0 0 0 0 0.0 22.4 15.2 0.065 67.0 0.004 0.0 0.0 0.0 -1.1 140.6 999.9
35.704 0.00001 359.99998 0.1 10.8 -0.2 286.5 999.0 999.000 999.0 -0.039 -0.009 -0.1 0.0 0.0 0.0 0.0 0 0.0 0 0 0 0 0.0 22.4 15.2 0.065 67.0 0.004 0.0 0.0 0.0 -3.3 188.3 985.0
36.322 0.00001 359.99998 0.1 8.7 0.4 287.2 999.0 999.000 999.0 -0.039 -0.009 -0.1 0.0 0.0 0.0 0.0 0 0.0 0 0 0 0 0.0 22.4 15.2 0.065 67.0 0.004 0.0 0.0 0.0 -12.3 145.7 973.0
36.731 0.00001 359.99997 0.1 6.8 1.0 287.4 999.0 999.000 999.0 0.033 -0.133 0.1 0.0 0.0 0.0 0.0 0 0.0 5 0 0 0 0.0 22.4 15.2 0.065 67.0 0.004 0.0 0.0 0.0 -17.6 122.7 998.8
37.314 0.00001 359.99997 0.1 7.8 1.7 287.6 999.0 999.000 999.0 0.033 -0.133 0.1 0.0 0.0 0.0 0.0 0 0.0 0 0 0 0 0.0 22.4 15.2 0.065 67.0 0.004 0.0 0.0 0.0 -24.3 142.3 997.6
37.703 0.00001 359.99997 0.1 9.6 1.1 287.4 999.0 999.000 999.0 -0.074 0.074 0.0 0.0 0.0 0.0 0.0 0 0.0 5 0 0 0 0.0 22.4 15.2 0.065 67.0 0.004 0.0 0.0 0.0 -25.9 150.2 977.4
38.315 0.00001 359.99997 0.1 10.2 0.7 287.8 999.0 999.000 999.0 -0.074 0.074 0.0 0.0 0.0 0.0 0.0 0 0.0 0 0 0 0 0.0 22.4 15.2 0.065 67.0 0.004 0.0 0.0 0.0 -15.5 178.3 989.6
38.715 0.00001 359.99997 0.1 6.3 1.6 288.3 999.0 999.000 999.0 0.024 -0.002 0.0 0.0 0.0 0.0 0.0 0 0.0 0 0 0 0 0.0 22.4 15.2 0.065 67.0 0.004 0.0 0.0 0.0 -27.5 103.9 980.2
39.313 0.00001 359.99997 0.1 5.6 0.9 288.2 999.0 999.000 999.0 0.024 -0.002 0.0 0.0 0.0 0.0 0.0 0 0.0 0 0 0 0 0.0 22.4 15.2 0.065 67.0 0.004 0.0 0.0 0.0 -12.9 97.8 1017.0
39.702 0.00001 359.99997 0.1 9.6 2.1 289.3 999.0 999.000 999.0 -0.093 0.085 0.0 0.0 0.0 0.0 0.0 0 0.0 0 0 0 0 0.0 22.6 15.2 0.065 67.0 0.004 0.0 0.0 0.0 -42.3 162.0 973.2
40.315 0.00001 359.99997 0.1 9.7 1.8 289.5 999.0 999.000 999.0 -0.093 0.085 0.0 0.0 0.0 0.0 0.0 0 0.0 0 0 0 0 0.0 22.6 15.2 0.065 67.0 0.004 0.0 0.0 0.0 -29.9 150.3 1009.0
40.703 0.00001 359.99997 0.1 6.6 2.5 290.5 999.0 999.000 999.0 0.001 -0.011 0.0 0.0 0.0 0.0 0.0 0 0.0 0 0 0 0 0.0 22.4 15.2 0.065 67.0 0.004 0.0 0.0 0.0 -47.1 106.4 982.3
41.312 0.00001 359.99997 0.1 5.3 2.7 291.0 999.0 999.000 999.0 0.001 -0.011 0.0 0.0 0.0 0.0 0.0 0 0.0 0 0 0 0 0.0 6269.1 15.2 0.065 67.0 0.004 0.0 0.0 0.0 -44.7 93.0 976.7
41.721 0.00001 359.99997 0.1 9.6 2.6 291.4 999.0 999.000 999.0 -0.024 0.027 -0.0 0.0 0.0 0.0 0.0 0 0.0 0 0 0 0 0.0 22.4 15.2 0.065 67.0 0.004 0.0 0.0 0.0 -42.5 178.9 1007.0
42.314 0.00001 359.99997 0.1 9.2 2.1 291.1 999.0 999.000 999.0 -0.024 0.027 -0.0 0.0 0.0 0.0 0.0 0 0.0 5 0 0 0 0.0 22.4 15.2 0.065 67.0 0.004 0.0 0.0 0.0 -43.9 114.7 968.9
42.712 0.00001 359.99997 0.1 8.6 1.8 291.9 999.0 999.000 999.0 -0.050 0.013 0.0 0.0 0.0 0.0 0.0 0 0.0 0 0 0 0 0.0 22.4 15.2 0.065 67.0 0.004 0.0 0.0 0.0 -26.8 178.7 1000.0
43.324 0.00001 359.99997 0.1 6.8 1.5 292.0 999.0 999.000 999.0 -0.050 0.013 0.0 0.0 0.0 0.0 0.0 0 0.0 5 0 0 0 0.0 22.4