7.318 0.00000 0.00000 0.2 5.3 -1.3 8.9 999.0 999.000 999.0 nan nan nan 0.0 0.0 0.0 0.0 0 0.0 0 0 0 0 0.0 0.0 0.0 0.000 0.0 0.000 0.0 0.0 0.0 27.3 109.9 1006.0
7.818 0.00000 0.00000 0.2 6.9 0.4 10.9 999.0 999.000 999.0 nan nan nan 0.0 0.0 0.0 0.0 0 0.0 0 0 0 0 0.0 22.6 15.2 0.065 66.0 0.004 0.0 0.0 0.0 -11.0 113.9 953.4
8.318 0.00000 0.00000 0.1 7.1 -0.4 8.7 999.0 999.000 999.0 nan nan nan 0.0 0.0 0.0 0.0 0 0.0 0 0 0 0 0.0 22.6 15.2 0.065 66.0 0.004 0.0 0.0 0.0 1.2 127.3 1021.0
8.817 0.00000 0.00000 0.1 6.1 0.6 8.4 999.0 999.000 999.0 nan nan nan 0.0 0.0 0.0 0.0 0 0.0 0 0 0 0 0.0 22.6 15.2 0.065 66.0 0.004 0.0 0.0 0.0 -22.4 102.4 992.2
9.217 0.00000 0.00000 0.1 5.3 2.9 9.8 999.0 999.000 999.0 -0.186 -0.091 0.0 0.0 0.0 0.0 0.0 0 0.0 0 0 0 0 0.0 22.6 15.2 0.065 66.0 0.004 0.0 0.0 0.0 -48.1 97.2 978.2
9.817 0.00000 0.00000 0.1 7.4 2.6 7.4 999.0 999.000 999.0 -0.186 -0.091 0.0 0.0 0.0 0.0 0.0 0 0.0 0 0 0 0 0.0 22.6 15.2 0.065 66.0 0.004 0.0 0.0 0.0 -41.2 133.0 983.8
10.219 0.00000 0.00000 0.1 6.9 1.4 8.3 999.0 999.000 999.0 -0.104 -0.001 0.0 0.0 0.0 0.0 0.0 0 0.0 5 0 0 0 0.0 22.6 15.2 0.065 66.0 0.004 0.0 0.0 0.0 -31.6 106.8 1003.0
10.817 0.00000 0.00000 0.1 5.6 0.7 7.8 999.0 999.000 999.0 -0.104 -0.001 0.0 0.0 0.0 0.0 0.0 0 0.0 0 0 0 0 0.0 22.6 15.2 0.065 66.0 0.004 0.0 0.0 0.0 -7.7 110.2 1016.0
11.234 0.00000 0.00000 0.1 6.2 1.7 8.3 999.0 999.000 999.0 0.010 -0.055 0.0 0.0 0.0 0.0 0.0 0 0.0 0 0 0 0 0.0 22.6 15.2 0.065 66.0 0.004 0.0 0.0 0.0 -30.3 103.1 958.9
11.819 0.00000 0.00000 0.1 7.2 1.0 8.5 999.0 999.000 999.0 0.010 -0.055 0.0 0.0 0.0 0.0 0.0 0 0.0 0 0 0 0 0.0 22.6 15.2 0.065 66.0 0.004 0.0 0.0 0.0 -6.9 126.5 1033.0
12.217 0.00000 0.00000 0.1 6.3 0.8 7.4 999.0 999.000 999.0 -0.046 0.070 -0.0 0.0 0.0 0.0 0.0 0 0.0 0 0 0 0 0.0 22.6 15.2 0.065 66.0 0.004 0.0 0.0 0.0 -29.9 106.0 994.0
12.816 0.00000 0.00000 0.1 6.6 2.7 7.3 999.0 999.000 999.0 -0.046 0.070 -0.0 0.0 0.0 0.0 0.0 0 0.0 5 0 0 0 0.0 22.6 15.2 0.065 66.0 0.004 0.0 0.0 0.0 -51.6 113.0 964.8
13.220 0.00000 0.00000 0.1 6.0 2.6 7.9 999.0 999.000 999.0 -0.063 -0.082 0.1 0.0 0.0 0.0 0.0 0 0.0 0 0 0 0 0.0 22.6 15.2 0.065 66.0 0.004 0.0 0.0 0.0 -34.2 89.8 1015.0
13.817 0.00001 0.00000 0.1 6.6 1.7 7.2 20.0 999.000 999.0 -0.063 -0.082 0.1 0.0 0.0 0.0 0.0 0 0.0 5 1 0 0 0.0 22.6 15.2 0.065 66.0 0.004 0.0 0.0 0.0 -33.2 142.8 985.5
14.217 0.00001 0.00000 0.1 6.6 1.1 7.7 20.0 999.000 999.0 -0.136 -0.017 0.0 0.0 0.0 0.0 0.0 0 0.0 0 1 0 0 0.0 22.6 15.2 0.065 66.0 0.004 0.0 0.0 0.0 -19.2 85.1 981.5
14.820 0.00001 0.00000 0.1 5.5 0.0 8.0 20.0 999.000 999.0 -0.136 -0.017 0.0 0.0 0.0 0.0 0.0 0 0.0 5 1 0 0 0.0 22.6 15.2 0.065 66.0 0.004 0.0 0.0 0.0 -4.6 100.9 1022.0
15.218 0.00001 0.00000 0.1 8.6 2.1 8.1 20.0 999.000 999.0 -0.135 -0.144 0.0 0.0 0.0 0.0 0.0 0 0.0 0 1 0 0 0.0 22.6 15.2 0.065 66.0 0.004 0.0 0.0 0.0 -36.6 161.8 971.8
15.827 0.00001 0.00000 0.1 6.7 1.7 7.5 20.0 999.000 999.0 -0.135 -0.144 0.0 0.0 0.0 0.0 0.0 0 0.0 5 1 0 0 0.0 22.6 15.2 0.065 66.0 0.004 0.0 0.0 0.0 -26.3 85.8 999.8
16.236 0.00001 0.00000 0.1 5.4 1.2 7.6 20.0 999.000 999.0 0.007 0.006 0.0 0.0 0.0 0.0 0.0 0 0.0 0 1 0 0 0.0 22.6 15.2 0.065 66.0 0.004 0.0 0.0 0.0 -31.3 99.6 993.6
16.828 0.00001 0.00000 0.1 6.8 0.9 7.3 20.0 999.000 3.0 0.007 0.006 0.0 0.0 0.0 0.0 0.0 0 0.0 0 1 1 0 0.0 22.6 15.2 0.065 66.0 0.004 0.0 0.0 0.0 -4.2 134.2 990.3
17.217 0.00001 0.00000 0.1 7.0 1.1 7.0 20.0 999.000 3.0 -0.137 0.054 -0.0 0.0 0.0 -2.9 -2.9 0 0.0 0 1 1 0 0.0 22.6 15.2 0.065 66.0 0.004 0.0 0.0 0.0 -24.6 106.2 988.6
17.836 0.00001 0.00000 0.1 7.4 0.5 6.8 20.0 999.000 3.0 -0.137 0.054 -0.0 0.0 0.0 -2.9 -2.9 0 0.0 0 1 1 0 0.0 22.6 15.2 0.065 66.0 0.004 0.0 0.0 0.0 0.8 138.6 1015.0
18.228 0.00001 0.00000 0.1 5.8 1.7 6.6 20.0 999.000 3.0 -0.179 0.028 0.1 0.0 0.0 -2.9 -2.9 0 0.0 0 1 1 0 0.0 22.6 15.2 0.065 66.0 0.004 0.0 0.0 0.0 -42.0 90.9 969.2
18.828 0.00001 0.00000 0.1 7.2 0.6 6.0 20.0 999.000 3.0 -0.179 0.028 0.1 0.0 0.0 -2.9 -2.9 0 0.0 0 1 1 0 0.0 22.6 15.2 0.065 66.0 0.004 0.0 0.0 0.0 -6.2 140.5 999.9
19.220 0.00001 0.00000 0.1 6.0 1.1 7.0 20.0 999.000 3.0 -0.045 0.022 -0.0 0.0 0.0 -2.9 -2.9 0 0.0 5 1 1 0 0.0 22.6 15.2 0.065 66.0 0.004 0.0 0.0 0.0 -17.9 88.8 994.5
19.828 0.00001 0.00000 0.1 6.8 0.6 5.6 20.0 999.000 3.0 -0.045 0.022 -0.0 0.0 0.0 -2.9 -2.9 0 0.0 5 1 1 0 0.0 22.6 15.2 0.065 66.0 0.004 0.0 0.0 0.0 -3.8 116.2 983.7
20.218 0.00001 0.00000 0.1 7.1 0.4 6.4 20.0 999.000 3.0 -0.021 0.068 -0.0 0.0 0.0 -2.9 -2.9 0 0.0 0 1 1 0 0.0 22.6 15.2 0.065 66.0 0.004 0.0 0.0 0.0 -17.3 144.1 1016.0
20.828 0.00001 0.00000 0.1 4.7 2.1 5.7 20.0 999.000 3.0 -0.021 0.068 -0.0 0.0 0.0 -2.9 -2.9 0 0.0 0 1 1 0 0.0 22.6 15.2 0.065 66.0 0.004 0.0 0.0 0.0 -37.0 84.3 980.8
21.239 0.00001 0.00000 0.1 6.7 2.0 5.6 20.0 999.000 3.0 -0.019 0.015 0.0 0.0 0.0 -2.9 -2.9 0 0.0 0 1 1 0 0.0 22.6 15.2 0.065 66.0 0.004 0.0 0.0 0.0 -48.6 120.8 975.1
21.829 0.00001 0.00000 0.1 7.3 1.1 6.4 20.0 999.000 3.0 -0.019 0.015 0.0 0.0 0.0 -2.9 -2.9 0 0.0 0 1 1 0 0.0 22.6 15.2 0.065 66.0 0.004 0.0 0.0 0.0 -9.5 116.4 1016.0
22.231 0.00001 0.00000 0.1 5.6 1.4 5.0 20.0 999.000 3.0 -0.175 -0.022 -0.0 0.0 0.0 -2.9 -2.9 0 0.0 0 1 1 0 0.0 22.6 15.2 0.065 66.0 0.004 0.0 0.0 0.0 -14.7 102.6 976.5
22.826 0.00001 0.00000 0.2 16.2 -1.5 5.4 20.0 999.000 3.0 -0.175 -0.022 -0.0 0.0 0.0 -2.9 -2.9 12 0.0 7744 1 1 0 0.0 22.6 15.2 0.065 66.0 0.004 0.0 0.0 0.0 -58.8 332.6 965.5
23.220 0.00002 0.00000 0.2 25.1 -1.4 6.1 20.0 999.000 3.0 -0.183 0.101 -0.0 0.0 0.0 -2.8 -2.8 12 0.0 8139 1 1 0 0.0 22.6 15.2 0.065 66.0 0.004 0.0 0.0 0.0 -57.7 440.6 698.3
23.830 0.00002 0.00000 0.2 11.8 -4.3 7.5 20.0 999.000 3.0 -0.183 0.101 -0.0 0.0 0.0 -2.8 -2.8 12 0.0 9089 1 1 0 0.0 22.6 15.1 0.065 66.0 0.004 0.0 0.0 0.0 17.7 106.6 912.7
24.219 0.00002 0.00000 0.2 -0.8 -4.6 10.1 20.0 999.000 3.0 -0.716 0.052 0.0 0.0 0.0 -2.8 -2.8 12 0.0 9318 1 1 0 0.0 22.6 15.1 0.065 66.0 0.004 0.0 0.0 0.0 73.4 -41.2 1020.0
24.829 0.00002 0.00000 0.2 -4.6 -5.1 12.3 20.0 999.000 3.0 -0.716 0.052 0.0 0.0 0.0 -2.8 -2.8 12 0.0 8464 1 1 0 0.0 22.6 15.1 0.065 66.0 0.004 0.0 0.0 0.0 69.8 -158.0 949.9
25.218 0.00003 0.00000 0.2 3.5 -5.3 14.8 20.0 999.000 3.0 -0.941 -0.077 0.0 0.0 0.0 -2.8 -2.8 12 0.0 8419 1 1 0 0.0 22.6 15.1 0.065 66.0 0.004 0.0 0.0 0.0 84.4 45.3 1042.0
25.829 0.00003 0.00001 0.3 8.1 -7.4 15.5 20.0 999.000 3.0 -0.941 -0.077 0.0 0.0 0.0 -2.8 -2.7 12 8.4 8044 1 1 0 0.0 22.6 15.1 0.065 66.0 0.004 0.0 0.0 0.0 134.2 132.4 1048.0
26.241 0.00004 0.00001 0.4 11.2 -9.0 15.3 20.0 999.000 3.0 -1.169 -0.090 -0.0 0.0 0.0 -2.7 -2.7 12 0.0 8059 1 1 0 0.0 22.6 15.1 0.065 66.0 0.004 0.0 0.0 0.0 152.1 210.8 933.2
26.829 0.00004 0.00001 0.5 8.5 -9.4 15.1 20.0 999.000 3.0 -1.169 -0.090 -0.0 0.0 0.0 -2.6 -2.6 12 0.0 8099 1 1 0 0.0 22.6 15.1 0.065 66.0 0.004 0.0 0.0 0.0 161.4 134.8 950.7
27.218 0.00005 0.00001 0.5 7.3 -9.6 16.0 20.0 999.000 3.0 -1.507 0.071 0.1 0.0 0.0 -2.5 -2.5 12 0.0 8174 1 1 0 0.0 22.6 15.1 0.065 66.0 0.004 0.0 0.0 0.0 171.3 118.3 1003.0
27.834 0.00005 0.00001 0.6 2.9 -9.6 16.8 20.0 999.000 3.0 -1.507 0.071 0.1 3.7 -3.6 -2.4 -2.5 12 0.0 8059 1 1 0 0.0 22.6 15.1 0.065 66.0 0.004 0.0 0.0 0.0 175.9 61.0 1011.0
28.229 0.00006 0.00001 0.7 -1.1 -9.7 17.5 20.0 999.000 3.0 -1.549 -0.022 0.1 0.0 0.0 -2.4 -2.4 12 0.0 8079 1 1 0 0.0 22.6 15.1 0.065 66.0 0.004 0.0 0.0 0.0 179.6 -31.0 965.9
28.828 0.00007 0.00002 0.8 0.3 -10.0 18.6 20.0 999.000 3.0 -1.549 -0.022 0.1 0.0 0.0 -2.3 -2.3 12 0.0 8124 1 1 0 0.0 22.6 15.1 0.065 66.0 0.004 0.0 0.0 0.0 166.1 0.3 988.0
29.220 0.00007 0.00002 0.9 0.2 -9.9 19.4 20.0 999.000 3.0 -1.575 -0.044 0.1 0.0 0.0 -2.2 -2.2 12 0.0 8134 1 1 0 0.0 22.6 15.1 0.065 66.0 0.004 0.0 0.0 0.0 174.5 7.2 1002.0
29.834 0.00008 0.00002 1.0 0.9 -9.8 20.7 20.0 999.000 3.0 -1.575 -0.044 0.1 0.0 0.0 -2.1 -2.1 12 0.0 8144 1 1 0 0.0 22.6 15.1 0.065 66.0 0.004 0.0 0.0 0.0 160.8 37.7 982.3
30.229 0.00009 0.00002 1.1 0.3 -9.1 21.9 20.0 999.000 3.0 -1.597 -0.047 0.1 0.0 0.0 -2.0 -2.0 12 8.4 8109 1 1 0 0.0 22.6 15.1 0.065 66.0 0.004 0.0 0.0 0.0 167.3 -7.6 1004.0
30.830 0.00009 0.00003 1.2 0.3 -8.9 23.5 20.0 999.000 3.0 -1.597 -0.047 0.1 0.0 0.0 -1.9 -1.9 12 0.0 8164 1 1 0 0.0 22.6 15.1 0.065 66.0 0.004 0.0 0.0 0.0 150.1 14.1 981.0
31.239 0.00010 0.00003 1.3 0.4 -8.6 25.3 20.0 999.000 3.0 -1.603 0.088 0.1 0.0 0.0 -1.8 -1.8 12 0.0 8134 1 1 0 0.0 22.6 15.1 0.065 66.0 0.004 0.0 0.0 0.0 150.7 13.2 1000.0
31.834 0.00011 0.00003 1.3 -1.7 -8.5 26.6 20.0 999.000 3.0 -1.603 0.088 0.1 -5.3 -5.3 -1.7 -1.7 12 0.0 8089 1 1 0 0.0 22.6 15.1 0.065 66.0 0.004 0.0 0.0 0.0 145.2 -48.4 1004.0
32.232 0.00011 0.00004 1.4 -5.6 -8.6 27.0 20.0 999.000 3.0 -1.511 -0.009 0.1 -6.6 -6.6 -1.7 -1.7 12 0.0 8144 1 1 0 0.0 22.6 15.1 0.065 66.0 0.004 0.0 0.0 0.0 153.8 -81.8 1016.0
32.829 0.00012 0.00004 1.5 -8.3 -8.3 26.3 20.0 999.000 3.0 -1.511 -0.009 0.1 -9.8 -4.2 -1.6 -1.6 12 0.0 8154 1 1 0 0.0 22.6 15.1 0.065 66.0 0.004 0.0 0.0 0.0 152.5 -127.0 985.5
33.220 0.00013 0.00004 1.5 -6.5 -8.2 25.7 20.0 999.000 3.0 -1.632 -0.113 0.1 -10.4 -2.1 -1.5 -1.5 12 0.0 8189 1 1 0 0.0 22.6 15.1 0.065 66.0 0.004 0.0 0.0 0.0 134.9 -102.0 1000.0
33.830 0.00013 0.00005 1.6 -3.8 -7.8 24.2 20.0 999.000 3.0 -1.632 -0.113 0.1 -8.9 -2.5 -1.5 -1.5 12 8.4 8184 1 1 0 0.0 22.6 15.1 0.065 66.0 0.004 0.0 0.0 0.0 140.0 -66.6 976.4
34.219 0.00014 0.00005 1.7 -2.5 -7.6 22.4 20.0 999.000 3.0 -1.530 -0.039 0.1 -1.9 1.9 -1.4 -1.4 12 0.0 8139 1 1 0 0.0 22.6 15.1 0.065 66.0 0.004 0.0 0.0 0.0 133.6 -36.1 1018.0
34.830 0.00015 0.00005 1.8 -0.5 -7.3 20.8 20.0 999.000 3.0 -1.530 -0.039 0.1 0.0 0.0 -1.3 -1.3 12 0.0 8174 1 1 0 0.0 22.8 15.1 0.065 66.0 0.004 0.0 0.0 0.0 117.1 4.2 990.7
35.220 0.00015 0.00005 1.8 -0.4 -6.8 19.2 20.0 999.000 3.0 -1.399 -0.008 0.1 0.0 0.0 -1.2 -1.3 12 0.0 8189 1 1 0 0.0 22.8 15.1 0.065 66.0 0.004 0.0 0.0 0.0 108.2 18.1 994.8
35.833 0.00016 0.00005 1.9 -0.2 -6.3 17.8 20.0 999.000 3.0 -1.399 -0.008 0.1 0.0 0.0 -1.2 -1.2 12 0.0 8169 1 1 0 0.0 22.8 15.1 0.065 66.0 0.004 0.0 0.0 0.0 112.6 -15.5 1018.0
36.251 0.00016 0.00006 1.9 0.4 -5.6 16.6 20.0 999.000 3.0 -1.561 0.038 0.1 0.0 0.0 -1.1 -1.1 12 0.0 8179 1 1 0 0.0 22.8 15.1 0.065 66.0 0.004 0.0 0.0 0.0 100.6 8.8 1016.0
36.832 0.00017 0.00006 1.9 0.8 -5.0 15.4 20.0 999.000 3.0 -1.561 0.038 0.1 0.0 0.0 -1.1 -1.1 12 0.0 8169 1 1 0 0.0 22.8 15.1 0.065 66.0 0.004 0.0 0.0 0.0 76.1 14.1 955.3
37.221 0.00018 0.00006 2.0 0.4 -4.3 14.7 20.0 999.000 3.0 -1.517 -0.023 0.0 0.0 0.0 -1.1 -1.1 12 0.0 8159 1 1 0 0.0 22.8 15.1 0.065 66.0 0.004 0.0 0.0 0.0 83.4 -4.3 1010.0
37.833 0.00018 0.00006 2.0 1.4 -3.7 14.2 20.0 999.000 3.0 -1.517 -0.023 0.0 5.3 5.3 -1.0 -1.0 12 0.0 8184 1 1 0 0.0 22.8 15.1 0.065 66.0 0.004 0.0 0.0 0.0 63.0 15.8 1007.0
38.231 0.00019 0.00006 2.0 5.9 -3.0 14.4 20.0 999.000 3.0 -1.406 -0.090 0.1 5.8 5.8 -1.0 -1.0 12 8.4 8164 1 1 0 0.0 22.8 15.1 0.065 66.0 0.004 0.0 0.0 0.0 55.8 143.3 994.0
38.828 0.00020 0.00007 2.0 8.0 -2.5 14.6 20.0 999.000 3.0 -1.406 -0.090 0.1 8.5 2.6 -1.0 -1.0 12 0.0 8104 1 1 0 0.0 22.8 15.1 0.065 66.0 0.004 0.0 0.0 0.0 43.4 143.1 1015.0
39.222 0.00020 0.00007 2.0 6.4 -1.9 15.1 20.0 999.000 3.0 -1.446 0.044 0.1 9.4 1.4 -1.0 -1.0 12 0.0 8144 1 1 0 0.0 22.8 15.1 0.065 66.0 0.004 0.0 0.0 0.0 25.7 113.0 1008.0
39.831 0.00021 0.00007 2.0 2.4 -1.4 15.4 20.0 999.000 3.0 -1.446 0.044 0.1 3.2 -3.2 -1.0 -1.0 12 0.0 8089 1 1 0 0.0 22.8 15.1 0.065 66.0 0.004 0.0 0.0 0.0 26.8 6.1 997.6
40.219 0.00022 0.00007 2.0 -1.7 -0.8 15.6 20.0 999.000 3.0 -1.585 -0.104 0.0 0.0 0.0 -1.0 -1.0 12 0.0 8184 1 1 0 0.0 22.8 15.1 0.065 66.0 0.004 0.0 0.0 0.0 13.9 -47.0 996.8
40.832 0.00022 0.00007 2.0 -1.2 -0.3 15.9 20.0 999.000 3.0 -1.585 -0.104 0.0 0.0 0.0 -1.0 -1.0 12 0.0 8149 1 1 0 0.0 22.8 15.1 0.065 66.0 0.004 0.0 0.0 0.0 -4.9 -35.2 977.5
41.256 0.00023 0.00007 1.9 -0.5 0.4 15.9 20.0 999.000 3.0 -1.500 0.023 0.1 0.0 0.0 -1.0 -1.0 12 8.4 8149 1 1 0 0.0 22.8 15.1 0.065 66.0 0.004 0.0 0.0 0.0 -7.4 22.9 1000.0
41.831 0.00024 0.00008 1.9 -0.7 1.0 16.0 20.0 999.000 3.0 -1.500 0.023 0.1 0.0 0.0 -1.1 -1.1 12 8.4 8144 1 1 0 0.0 22.8 15.1 0.065 66.0 0.004 0.0 0.0 0.0 -23.9 -22.6 999.2
42.222 0.00024 0.00008 1.8 -0.2 1.5 15.8 20.0 999.000 3.0 -1.555 -0.006 0.0 0.0 0.0 -1.1 -1.1 12 8.4 8199 1 1 0 0.0 22.8 15.1 0.065 66.0 0.004 0.0 0.0 0.0 -26.2 -2.7 1006.0
42.832 0.00025 0.00008 1.8 -0.2 2.0 15.5 20.0 999.000 3.0 -1.555 -0.006 0.0 0.0 0.0 -1.2 -1.2 12 0.0 8169 1 1 0 0.0 22.8 15.1 0.065 66.0 0.004 0.0 0.0 0.0 -19.8 11.2 1025.0
43.230 0.00026 0.00008 1.7 -0.2 2.4 15.1 20.0 999.000 3.0 -1.518 0.042 0.1 0.0 0.0 -1.2 -1.2 12 0.0 8154 1 1 0 0.0 22.8 15.1 0.065 66.0 0.004 0.0 0.0 0.0 -33.5 17.2 1025.0
43.831 0.00026 0.00008 1.7 0.1 2.8 14.8 20.0 999.000 3.0 -1.518 0.042 0.1 0.0 0.0 -1.3 -1.3 12 0.0 8244 1 1 0 0.0 22.8 15.1 0.065 66.0 0.004 0.0 0.0 0.0 -50.0 17.3 1001.0
44.221 0.00027 0.00009 1.6 0.9 3.4 14.9 20.0 999.000 3.0 -1.544 -0.027 0.0 5.2 5.2 -1.3 -1.3 12 0.0 8199 1 1 0 0.0 22.8 15.1 0.065 66.0 0.004 0.0 0.0 0.0 -64.8 31.5 1016.0
44.831 0.00028 0.00009 1.5 4.5 3.9 15.3 20.0 999.000 3.0 -1.544 -0.027 0.0 5.1 5.1 -1.4 -1.4 12 8.4 8189 1 1 0 0.0 22.8 15.1 0.065 66.0 0.004 0.0 0.0 0.0 -72.5 88.3 1002.0
45.233 0.00028 0.00009 1.4 6.6 4.3 15.6 20.0 999.000 3.0 -1.568 0.011 0.1 2.3 -2.2 -1.5 -1.5 12 0.0 8119 1 1 0 0.0 22.8 15.1 0.065 66.0 0.004 0.0 0.0 0.0 -69.0 114.0 1008.0
45.842 0.00029 0.00009 1.3 1.1 4.6 15.3 20.0 999.000 3.0 -1.568 0.011 0.1 3.3 -3.3 -1.6 -1.6 12 0.0 8064 1 1 0 0.0 22.8 15.1 0.065 66.0 0.004 0.0 0.0 0.0 -77.5 -10.4 996.3
46.255 0.00030 0.00009 1.2 -3.7 4.9 15.2 20.0 999.000 3.0 -1.494 -0.042 0.0 0.0 0.0 -1.7 -1.7 12 0.0 8159 1 1 0 0.0 22.8 15.1 0.065 66.0 0.004 0.0 0.0 0.0 -91.4 -45.2 989.1
46.834 0.00030 0.00009 1.1 -2.1 5.1 15.4 20.0 999.000 3.0 -1.494 -0.042 0.0 -1.9 1.9 -1.8 -1.8 12 0.0 8139 1 1 0 0.0 22.8 15.1 0.065 66.0 0.004 0.0 0.0 0.0 -89.6 -72.3 959.1
47.231 0.00031 0.00010 1.0 0.2 5.4 15.5 20.0 999.000 3.0 -1.710 -0.164 0.1 0.0 0.0 -1.9 -1.9 12 0.0 8124 1 1 0 0.0 22.8 15.1 0.065 66.0 0.004 0.0 0.0 0.0 -95.2 -4.8 993.7
47.831 0.00032 0.00010 0.9 0.2 5.5 15.2 20.0 999.000 3.0 -1.710 -0.164 0.1 0.0 0.0 -2.0 -2.0 12 0.0 8119 1 1 0 0.0 22.8 15.1 0.065 66.0 0.004 0.0 0.0 0.0 -89.2 -36.3 999.6
48.223 0.00032 0.00010 0.8 -0.2 5.7 15.3 20.0 999.000 3.0 -1.546 -0.014 0.1 0.0 0.0 -2.1 -2.1 12 0.0 8119 1 1 0 0.0 22.8 15.1 0.065 66.0 0.004 0.0 0.0 0.0 -103.0 -7.2 982.5
48.832 0.00033 0.00010 0.7 -0.5 5.8 15.4 20.0 999.000 3.0 -1.546 -0.014 0.1 0.0 0.0 -2.2 -2.2 12 8.4 8124 1 1 0 0.0 22.8 15.1 0.065 66.0 0.004 0.0 0.0 0.0 -89.4 -10.1 1023.0
49.222 0.00034 0.00010 0.6 -1.0 5.8 15.2 20.0 999.000 3.0 -1.433 0.008 0.0 0.0 0.0 -2.3 -2.3 12 0.0 8159 1 1 0 0.0 22.8 15.1 0.065 66.0 0.004 0.0 0.0 0.0 -101.0 9.4 1018.0
49.834 0.00034 0.00011 0.5 -0.6 5.4 14.9 20.0 999.000 3.0 -1.433 0.008 0.0 0.0 0.0 -2.4 -2.4 12 0.0 8139 1 1 0 0.0 22.8 15.1 0.065 66.0 0.004 0.0 0.0 0.0 -91.5 1.7 999.3
50.231 0.00035 0.00011 0.4 -0.1 4.9 15.4 20.0 999.000 3.0 -1.435 -0.172 0.1 0.0 0.0 -2.5 -2.5 12 0.0 8154 1 1 0 0.0 22.8 15.1 0.065 66.0 0.004 0.0 0.0 0.0 -80.6 21.4 1002.0
50.841 0.00036 0.00011 0.3 -1.6 4.4 15.1 20.0 999.000 3.0 -1.435 -0.172 0.1 0.0 0.0 -2.6 -2.6 12 0.0 8199 1 1 0 0.0 22.8 15.1 0.065 66.0 0.004 0.0 0.0 0.0 -93.6 -56.7 973.8
51.255 0.00036 0.00011 0.2 -1.3 3.6 15.6 20.0 999.000 3.0 -1.452 -0.077 0.1 0.0 0.0 -2.7 -2.7 12 0.0 8304 1 1 0 0.0 22.8 15.1 0.065 66.0 0.004 0.0 0.0 0.0 -72.4 -45.0 969.8
51.832 0.00037 0.00011 0.1 -1.6 2.4 16.3 20.0 999.000 3.0 -1.452 -0.077 0.1 0.0 0.0 -2.8 -2.8 12 0.0 8274 1 1 0 0.0 22.8 15.1 0.065 66.0 0.004 0.0 0.0 0.0 -33.2 -32.8 972.6
52.233 0.00038 0.00011 0.1 0.3 0.2 15.5 20.0 999.000 3.0 -1.746 -0.015 0.0 0.0 0.0 -2.9 -2.8 12 0.0 8329 1 1 0 0.0 22.8 15.1 0.065 66.0 0.004 0.0 0.0 0.0 4.6 22.7 1006.0
52.841 0.00038 0.00012 0.2 4.6 -2.4 13.6 20.0 999.000 3.0 -1.746 -0.015 0.0 0.0 0.0 -2.9 -2.9 12 0.0 8869 1 1 0 0.0 22.8 15.1 0.065 66.0 0.004 0.0 0.0 0.0 5.0 25.9 840.4
53.230 0.00039 0.00012 0.2 5.9 -4.1 13.3 20.0 999.000 3.0 -1.702 -0.031 0.0 0.0 0.0 -2.9 -2.8 12 0.0 8819 1 1 0 0.0 22.8 15.1 0.065 66.0 0.004 0.0 0.0 0.0 47.8 74.3 911.3
53.833 0.00040 0.00012 0.2 4.4 -4.1 14.1 20.0 999.000 3.0 -1.702 -0.031 0.0 0.0 0.0 -2.8 -2.8 12 0.0 8639 1 1 0 0.0 22.8 15.1 0.065 66.0 0.004 0.0 0.0 0.0 86.3 85.8 1083.0
54.222 0.00041 0.00012 0.2 3.9 -3.7 14.3 20.0 999.000 3.0 -1.627 0.002 0.1 0.0 0.0 -2.8 -2.8 12 0.0 8479 1 1 0 0.0 22.8 15.1 0.065 66.0 0.004 0.0 0.0 0.0 28.5 61.9 929.3
54.841 0.00041 0.00012 0.2 5.0 -3.6 13.5 20.0 999.000 3.0 -1.627 0.002 0.1 0.0 0.0 -2.8 -2.8 12 0.0 8359 1 1 0 0.0 22.8 15.1 0.065 66.0 0.004 0.0 0.0 0.0 76.2 95.3 1056.0
55.234 0.00042 0.00013 0.2 4.8 -3.3 12.9 20.0 999.000 3.0 -1.587 -0.148 0.1 0.0 0.0 -2.8 -2.8 12 0.0 8384 1 1 0 0.0 22.8 15.1 0.065 66.0 0.004 0.0 0.0 0.0 44.6 91.7 1002.0
55.833 0.00043 0.00013 0.2 3.9 -2.6 13.4 20.0 999.000 3.0 -1.587 -0.148 0.1 0.0 0.0 -2.8 -2.8 12 0.0 8294 1 1 0 0.0 22.8 15.1 0.065 66.0 0.004 0.0 0.0 0.0 61.5 25.2 984.2
56.251 0.00043 0.00013 0.3 3.6 -3.5 13.2 20.0 999.000 3.0 -1.580 -0.291 0.1 0.0 0.0 -2.8 -2.8 12 0.0 8289 1 1 0 0.0 22.8 15.1 0.065 66.0 0.004 0.0 0.0 0.0 44.3 88.2 987.5
56.841 0.00044 0.00013 0.3 0.1 -3.7 12.7 20.0 999.000 3.0 -1.580 -0.291 0.1 0.0 0.0 -2.7 -2.7 12 0.0 8209 1 1 0 0.0 22.8 15.1 0.065 66.0 0.004 0.0 0.0 0.0 65.0 -26.3 980.0
57.232 0.00045 0.00013 0.3 -0.8 -4.8 12.6 20.0 999.000 3.0 -1.668 -0.074 0.1 0.0 0.0 -2.7 -2.7 12 0.0 8244 1 1 0 0.0 22.8 15.1 0.065 66.0 0.004 0.0 0.0 0.0 88.4 -21.9 993.4
57.831 0.00046 0.00013 0.3 -1.3 -5.8 12.2 20.0 999.000 3.0 -1.668 -0.074 0.1 0.0 0.0 -2.7 -2.7 12 8.4 8229 1 1 0 0.0 22.8 15.1 0.065 66.0 0.004 0.0 0.0 0.0 112.1 -46.7 999.4
58.235 0.00046 0.00014 0.4 -2.2 -7.3 12.5 20.0 999.000 3.0 -1.679 -0.099 0.1 0.0 0.0 -2.7 -2.7 12 0.0 8229 1 1 0 0.0 22.8 15.1 0.065 66.0 0.004 0.0 0.0 0.0 121.2 2.8 983.2
58.832 0.00047 0.00014 0.4 -3.2 -7.3 12.2 20.0 999.000 3.0 -1.679 -0.099 0.1 0.0 0.0 -2.6 -2.6 12 0.0 8169 1 1 0 0.0 22.8 15.1 0.065 66.0 0.004 0.0 0.0 0.0 149.1 -42.3 1027.0
59.222 0.00048 0.00014 0.5 -3.2 -6.6 12.3 20.0 999.000 3.0 -1.735 -0.002 0.1 0.0 0.0 -2.6 -2.6 12 0.0 8204 1 1 0 0.0 22.8 15.1 0.065 66.0 0.004 0.0 0.0 0.0 117.4 -40.8 999.0
59.840 0.00049 0.00014 0.5 -2.0 -5.9 11.6 20.0 999.000 3.0 -1.735 -0.002 0.1 0.0 0.0 -2.5 -2.5 12 0.0 8174 1 1 0 0.0 22.8 15.0 0.065 66.0 0.004 0.0 0.0 0.0 108.3 -24.5 1010.0
60.232 0.00049 0.00014 0.6 -0.8 -5.6 11.8 20.0 999.000 3.0 -1.640 -0.011 0.0 8.4 8.4 -2.5 -2.5 12 0.0 8199 1 1 0 0.0 22.8 15.0 0.065 66.0 0.004 0.0 0.0 0.0 100.0 0.8 1033.0
60.832 0.00050 0.00014 0.6 5.9 -5.3 12.5 20.0 999.000 3.0 -1.640 -0.011 0.0 8.2 8.2 -2.4 -2.5 12 0.0 8149 1 1 0 0.0 22.8 15.0 0.065 66.0 0.004 0.0 0.0 0.0 100.5 131.0 1001.0
61.256 0.00051 0.00014 0.6 10.0 -5.4 13.6 20.0 999.000 3.0 -1.591 -0.127 0.1 10.4 4.5 -2.4 -2.4 12 0.0 8139 1 1 0 0.0 22.8 15.0 0.065 66.0 0.004 0.0 0.0 0.0 103.1 179.1 984.0
61.839 0.00051 0.00015 0.7 6.8 -5.8 14.4 20.0 999.000 3.0 -1.591 -0.127 0.1 11.4 1.4 -2.4 -2.4 12 0.0 8039 1 1 0 0.0 22.8 15.0 0.065 66.0 0.004 0.0 0.0 0.0 99.6 109.7 1004.0
62.233 0.00052 0.00015 0.7 3.7 -6.0 16.2 20.0 999.000 3.0 -1.554 0.083 0.1 9.0 2.2 -2.3 -2.3 12 0.0 8059 1 1 0 0.0 22.8 15.0 0.065 66.0 0.004 0.0 0.0 0.0 111.5 72.7 992.4
62.834 0.00053 0.00015 0.7 1.2 -6.5 17.5 20.0 999.000 3.0 -1.554 0.083 0.1 1.8 -1.9 -2.3 -2.3 12 0.0 8099 1 1 0 0.0 22.8 15.0 0.065 66.0 0.004 0.0 0.0 0.0 95.7 19.5 979.8
63.233 0.00053 0.00015 0.8 -1.4 -6.3 18.4 20.0 999.000 3.0 -1.505 -0.006 0.1 0.0 0.0 -2.3 -2.3 12 0.0 8054 1 1 0 0.0 22.8 15.0 0.065 66.0 0.004 0.0 0.0 0.0 115.7 -1.9 1020.0
63.833 0.00054 0.00015 0.8 -0.9 -6.3 19.4 20.0 999.000 3.0 -1.505 -0.006 0.1 0.0 0.0 -2.2 -2.2 12 8.4 8129 1 1 0 0.0 22.8 15.0 0.065 66.0 0.004 0.0 0.0 0.0 109.3 -7.9 995.1
64.224 0.00055 0.00016 0.9 0.0 -5.9 20.6 20.0 999.000 3.0 -1.645 -0.011 0.1 0.0 0.0 -2.2 -2.2 12 0.0 8139 1 1 0 0.0 22.8 15.0 0.065 66.0 0.004 0.0 0.0 0.0 91.4 -16.1 967.5
64.832 0.00055 0.00016 0.9 1.4 -5.6 21.1 20.0 999.000 3.0 -1.645 -0.011 0.1 0.0 0.0 -2.1 -2.1 12 0.0 8104 1 1 0 0.0 22.8 15.0 0.065 66.0 0.004 0.0 0.0 0.0 90.4 9.6 983.8
65.234 0.00056 0.00016 1.0 1.3 -5.5 21.4 20.0 999.000 3.0 -1.413 -0.059 0.0 0.0 0.0 -2.1 -2.1 12 0.0 8094 1 1 0 0.0 22.8 15.0 0.065 66.0 0.004 0.0 0.0 0.0 95.1 -6.5 1002.0
65.839 0.00057 0.00016 1.0 0.6 -5.3 21.9 20.0 999.000 3.0 -1.413 -0.059 0.0 0.0 0.0 -2.0 -2.0 12 0.0 8099 1 1 0 0.0 22.8 15.0 0.065 66.0 0.004 0.0 0.0 0.0 93.7 33.0 1029.0
66.253 0.00057 0.00017 1.1 0.7 -5.1 22.7 20.0 999.000 3.0 -1.500 -0.033 0.1 0.0 0.0 -2.0 -2.0 12 0.0 8139 1 1 0 0.0 22.8 15.0 0.065 66.0 0.004 0.0 0.0 0.0 92.9 -6.6 983.7
66.834 0.00058 0.00017 1.1 0.7 -5.0 22.5 20.0 999.000 3.0 -1.500 -0.033 0.1 0.0 0.0 -1.9 -2.0 12 0.0 8139 1 1 0 0.0 22.8 15.0 0.065 66.0 0.004 0.0 0.0 0.0 81.8 24.7 1009.0
67.234 0.00059 0.00017 1.1 -0.7 -4.4 22.1 20.0 999.000 3.0 -1.647 0.011 0.1 0.0 0.0 -1.9 -1.9 12 0.0 8134 1 1 0 0.0 22.8 15.0 0.065 66.0 0.004 0.0 0.0 0.0 77.6 -32.3 994.3
67.839 0.00059 0.00018 1.1 -1.2 -4.0 22.2 20.0 999.000 3.0 -1.647 0.011 0.1 0.0 0.0 -1.9 -1.9 12 0.0 8169 1 1 0 0.0 22.8 15.0 0.065 66.0 0.004 0.0 0.0 0.0 51.4 -6.0 972.2
68.235 0.00060 0.00018 1.2 -0.3 -3.7 22.0 20.0 999.000 3.0 -1.511 -0.139 0.1 0.0 0.0 -1.8 -1.9 12 0.0 8164 1 1 0 0.0 22.8 15.0 0.065 66.0 0.004 0.0 0.0 0.0 62.3 3.9 1016.0
68.832 0.00061 0.00018 1.2 -0.5 -3.2 22.0 20.0 999.000 3.0 -1.511 -0.139 0.1 0.0 0.0 -1.8 -1.8 12 0.0 8139 1 1 0 0.0 22.8 15.0 0.065 66.0 0.004 0.0 0.0 0.0 66.6 3.4 1012.0
69.222 0.00061 0.00018 1.2 -0.8 -2.8 21.7 20.0 999.000 3.0 -1.619 0.065 0.0 0.0 0.0 -1.8 -1.8 12 0.0 8189 1 1 0 0.0 22.8 15.0 0.065 66.0 0.004 0.0 0.0 0.0 50.6 10.5 1015.0
69.838 0.00062 0.00019 1.2 -0.3 -2.8 21.6 20.0 999.000 3.0 -1.619 0.065 0.0 0.0 0.0 -1.8 -1.8 12 0.0 8124 1 1 0 0.0 22.8 15.0 0.065 66.0 0.004 0.0 0.0 0.0 38.4 7.8 1023.0
70.234 0.00063 0.00019 1.2 -0.3 -2.5 21.0 20.0 999.000 3.0 -1.549 0.000 0.1 0.0 0.0 -1.8 -1.8 12 0.0 8109 1 1 0 0.0 22.8 15.0 0.065 66.0 0.004 0.0 0.0 0.0 35.9 -1.1 982.3
70.832 0.00063 0.00019 1.2 -0.3 -2.2 20.7 20.0 999.000 3.0 -1.549 0.000 0.1 0.0 0.0 -1.8 -1.8 12 0.0 8144 1 1 0 0.0 22.8 15.0 0.065 66.0 0.004 0.0 0.0 0.0 28.2 -15.7 996.9
71.263 0.00064 0.00019 1.2 -0.4 -1.5 20.2 20.0 999.000 3.0 -1.433 -0.049 0.1 0.0 0.0 -1.8 -1.8 12 0.0 8149 1 1 0 0.0 22.8 15.0 0.065 66.0 0.004 0.0 0.0 0.0 27.6 -32.9 994.3
71.837 0.00064 0.00020 1.2 -0.6 -1.0 19.9 20.0 999.000 3.0 -1.433 -0.049 0.1 0.0 0.0 -1.8 -1.8 12 0.0 8149 1 1 0 0.0 22.8 15.0 0.065 66.0 0.004 0.0 0.0 0.0 18.0 -31.7 986.7
72.233 0.00065 0.00020 1.1 0.1 -0.8 19.4 20.0 999.000 3.0 -1.716 -0.102 0.1 0.0 0.0 -1.8 -1.8 12 0.0 8129 1 1 0 0.0 22.8 15.0 0.065 66.0 0.004 0.0 0.0 0.0 21.0 -9.0 991.2
72.845 0.00066 0.00020 1.1 1.0 -0.8 19.4 20.0 999.000 3.0 -1.716 -0.102 0.1 0.0 0.0 -1.8 -1.9 12 0.0 8099 1 1 0 0.0 22.8 15.0 0.065 66.0 0.004 0.0 0.0 0.0 8.3 16.5 968.9
73.234 0.00067 0.00020 1.1 0.4 -0.5 19.1 20.0 999.000 3.0 -1.592 -0.086 0.0 0.0 0.0 -1.9 -1.9 12 0.0 8149 1 1 0 0.0 22.8 15.0 0.065 66.0 0.004 0.0 0.0 0.0 0.2 12.0 1001.0
73.834 0.00067 0.00021 1.1 0.2 -0.2 18.7 20.0 999.000 3.0 -1.592 -0.086 0.0 0.0 0.0 -1.9 -1.9 12 0.0 8074 1 1 0 0.0 22.8 15.0 0.065 66.0 0.004 0.0 0.0 0.0 -1.2 -18.9 1011.0
74.225 0.00068 0.00021 1.0 -0.1 0.3 18.2 20.0 999.000 3.0 -1.423 0.073 0.1 0.0 0.0 -1.9 -1.9 12 0.0 8149 1 1 0 0.0 22.8 15.0 0.065 66.0 0.004 0.0 0.0 0.0 -1.2 -22.8 1014.0
74.837 0.00068 0.00021 1.0 0.2 1.0 17.6 20.0 999.000 3.0 -1.423 0.073 0.1 0.0 0.0 -2.0 -2.0 12 0.0 8169 1 1 0 0.0 22.8 15.0 0.065 66.0 0.004 0.0 0.0 0.0 -18.6 17.7 993.9
75.234 0.00069 0.00021 0.9 -1.1 1.7 17.2 20.0 999.000 3.0 -1.498 -0.076 0.1 0.0 0.0 -2.0 -2.0 12 0.0 8134 1 1 0 0.0 22.8 15.0 0.065 66.0 0.004 0.0 0.0 0.0 -9.2 -15.7 1034.0
75.845 0.00070 0.00021 0.9 -0.6 1.3 17.3 20.0 999.000 3.0 -1.498 -0.076 0.1 0.0 0.0 -2.1 -2.1 12 0.0 8219 1 1 0 0.0 22.8 15.0 0.065 66.0 0.004 0.0 0.0 0.0 -24.0 21.1 1008.0
76.257 0.00070 0.00022 0.8 -0.8 1.1 17.6 20.0 999.000 3.0 -1.565 -0.014 0.0 0.0 0.0 -2.1 -2.1 12 0.0 8189 1 1 0 0.0 22.8 15.0 0.065 66.0 0.004 0.0 0.0 0.0 -19.1 16.1 1006.0
76.838 0.00071 0.00022 0.8 -0.9 0.7 17.5 20.0 999.000 3.0 -1.565 -0.014 0.0 0.0 0.0 -2.2 -2.2 12 0.0 8149 1 1 0 0.0 22.8 15.0 0.065 66.0 0.004 0.0 0.0 0.0 -13.3 -6.9 1019.0
77.236 0.00072 0.00022 0.7 -1.1 0.5 16.9 20.0 999.000 3.0 -1.675 0.011 0.1 0.0 0.0 -2.2 -2.2 12 0.0 8134 1 1 0 0.0 22.8 15.0 0.065 66.0 0.004 0.0 0.0 0.0 -9.2 -34.2 1022.0
77.843 0.00073 0.00022 0.7 -0.2 0.5 16.8 20.0 999.000 3.0 -1.675 0.011 0.1 0.0 0.0 -2.3 -2.3 12 0.0 8154 1 1 0 0.0 22.8 15.0 0.065 66.0 0.004 0.0 0.0 0.0 -14.1 -0.8 982.7
78.235 0.00073 0.00022 0.6 -0.8 1.1 16.7 20.0 999.000 3.0 -1.494 -0.074 0.1 0.0 0.0 -2.3 -2.3 12 0.0 8149 1 1 0 0.0 22.8 15.0 0.065 66.0 0.004 0.0 0.0 0.0 -37.0 -49.2 955.6
78.834 0.00074 0.00023 0.6 -0.7 1.7 16.8 20.0 999.000 3.0 -1.494 -0.074 0.1 0.0 0.0 -2.4 -2.4 12 0.0 8159 1 1 0 0.0 22.8 15.0 0.065 66.0 0.004 0.0 0.0 0.0 -15.5 -27.4 1011.0
79.225 0.00074 0.00023 0.5 0.1 2.1 16.9 20.0 999.000 3.0 -1.559 -0.122 0.0 0.0 0.0 -2.4 -2.5 12 0.0 8144 1 1 0 0.0 22.8 15.0 0.065 66.0 0.004 0.0 0.0 0.0 -34.3 -18.6 969.0
79.843 0.00075 0.00023 0.4 0.2 1.3 16.4 20.0 999.000 3.0 -1.559 -0.122 0.0 0.0 0.0 -2.5 -2.5 12 0.0 8124 1 1 0 0.0 22.8 15.0 0.065 66.0 0.004 0.0 0.0 0.0 -36.9 -4.3 963.2
80.236 0.00076 0.00023 0.4 0.0 0.6 16.3 20.0 999.000 3.0 -1.531 -0.024 0.0 0.0 0.0 -2.5 -2.6 12 0.0 8124 1 1 0 0.0 22.8 15.0 0.065 66.0 0.004 0.0 0.0 0.0 -14.8 25.0 982.5
80.836 0.00076 0.00023 0.4 0.3 0.1 16.3 20.0 999.000 3.0 -1.531 -0.024 0.0 0.0 0.0 -2.6 -2.6 12 0.0 8114 1 1 0 0.0 22.8 15.0 0.065 66.0 0.004 0.0 0.0 0.0 -0.5 27.0 1009.0
81.266 0.00077 0.00024 0.3 -0.2 -0.0 16.3 20.0 999.000 3.0 -1.419 -0.111 0.1 0.0 0.0 -2.6 -2.6 12 0.0 8114 1 1 0 0.0 22.8 15.0 0.065 66.0 0.004 0.0 0.0 0.0 -14.5 -28.1 982.2
81.843 0.00078 0.00024 0.3 0.3 0.2 16.2 20.0 999.000 3.0 -1.419 -0.111 0.1 0.0 0.0 -2.7 -2.7 12 0.0 8169 1 1 0 0.0 22.8 15.0 0.065 66.0 0.004 0.0 0.0 0.0 -14.8 3.9 1015.0
82.235 0.00078 0.00024 0.2 0.1 1.0 16.4 20.0 999.000 3.0 -1.504 0.011 0.2 0.0 0.0 -2.7 -2.7 12 0.0 8164 1 1 0 0.0 22.8 15.0 0.065 66.0 0.004 0.0 0.0 0.0 -21.3 -11.0 962.2
82.847 0.00079 0.00024 0.2 -1.6 0.4 16.2 20.0 999.000 3.0 -1.504 0.011 0.2 0.0 0.0 -2.8 -2.8 0 0.0 6749 1 1 0 0.0 22.8 15.0 0.065 66.0 0.004 0.0 0.0 0.0 45.6 -35.9 1002.0
83.236 0.00080 0.00024 0.2 -8.8 -0.3 16.3 20.0 999.000 3.0 -1.485 -0.056 0.1 0.0 0.0 -2.8 -2.8 0 0.0 0 1 1 0 0.0 22.8 15.0 0.065 66.0 0.004 0.0 0.0 0.0 55.0 -157.0 983.5
83.835 0.00080 0.00024 0.2 -5.5 -1.5 16.6 20.0 999.000 3.0 -1.485 -0.056 0.1 0.0 0.0 -2.8 -2.8 0 0.0 0 1 1 0 0.0 22.8 15.1 0.065 66.0 0.004 0.0 0.0 0.0 47.9 -71.4 996.1
84.227 0.00081 0.00025 0.2 -1.9 -1.1 17.2 20.0 999.000 3.0 -1.232 -0.031 0.1 0.0 0.0 -2.8 -2.8 0 0.0 0 1 1 0 0.0 22.8 15.1 0.065 66.0 0.004 0.0 0.0 0.0 35.7 -26.5 1009.0
84.843 0.00081 0.00025 0.1 1.8 -0.5 16.3 20.0 999.000 3.0 -1.232 -0.031 0.1 0.0 0.0 -2.9 -2.8 0 0.0 0 1 1 0 0.0 22.8 15.1 0.065 66.0 0.004 0.0 0.0 0.0 14.4 16.8 1006.0
85.234 0.00082 0.00025 0.1 4.8 -0.2 14.9 20.0 999.000 3.0 -0.977 -0.077 0.0 0.0 0.0 -2.9 -2.9 0 0.0 0 1 1 0 0.0 22.8 15.1 0.065 66.0 0.004 0.0 0.0 0.0 9.3 97.3 965.4
85.837 0.00082 0.00025 0.1 7.7 -2.4 14.3 20.0 999.000 3.0 -0.977 -0.077 0.0 0.0 0.0 -2.9 -2.9 0 0.0 5 1 1 0 0.0 22.8 15.1 0.065 66.0 0.004 0.0 0.0 0.0 37.9 154.7 999.3
86.291 0.00083 0.00025 0.1 4.1 -0.9 15.1 20.0 999.000 3.0 -0.763 -0.055 -0.0 0.0 0.0 -2.9 -2.9 0 0.0 0 1 1 0 0.0 22.8 15.1 0.065 66.0 0.004 0.0 0.0 0.0 16.1 52.3 990.7
86.843 0.00083 0.00025 0.1 2.5 1.3 13.8 20.0 999.000 3.0 -0.763 -0.055 -0.0 0.0 0.0 -2.9 -2.9 0 0.0 5 1 1 0 0.0 22.8 15.1 0.065 66.0 0.004 0.0 0.0 0.0 -5.7 22.3 1014.0
87.237 0.00083 0.00025 0.1 7.9 0.5 14.2 20.0 999.000 3.0 -0.809 -0.114 0.0 0.0 0.0 -2.9 -2.9 0 0.0 5 1 1 0 0.0 22.8 15.1 0.065 66.0 0.004 0.0 0.0 0.0 -18.3 187.1 961.9
87.842 0.00084 0.00025 0.1 7.2 -2.7 12.5 20.0 999.000 3.0 -0.809 -0.114 0.0 0.0 0.0 -2.9 -2.9 0 0.0 0 1 1 0 0.0 22.8 15.1 0.065 66.0 0.004 0.0 0.0 0.0 29.6 87.9 1011.0
88.235 0.00084 0.00025 0.1 8.3 -1.8 13.7 20.0 999.000 3.0 -0.854 0.131 -0.0 0.0 0.0 -2.9 -2.9 0 0.0 0 1 1 0 0.0 22.8 15.1 0.065 66.0 0.004 0.0 0.0 0.0 46.2 157.5 1002.0
88.836 0.00084 0.00026 0.1 5.6 -1.3 13.7 20.0 999.000 3.0 -0.854 0.131 -0.0 0.0 0.0 -2.9 -2.9 0 0.0 0 1 1 0 0.0 22.8 15.1 0.065 66.0 0.004 0.0 0.0 0.0 14.8 77.2 966.0
89.226 0.00085 0.00026 0.1 4.9 -1.6 13.1 20.0 999.000 3.0 -0.541 -0.002 0.0 0.0 0.0 -2.9 -2.9 0 0.0 0 1 1 0 0.0 22.8 15.1 0.065 66.0 0.004 0.0 0.0 0.0 22.2 80.9 1021.0
89.843 0.00085 0.00026 0.1 4.9 -1.0 13.4 20.0 999.000 3.0 -0.541 -0.002 0.0 0.0 0.0 -2.9 -2.9 0 0.0 0 1 1 0 0.0 22.8 15.1 0.065 66.0 0.004 0.0 0.0 0.0 15.5 83.9 1013.0
90.237 0.00085 0.00026 0.1 6.0 -0.9 11.9 20.0 999.000 3.0 -0.586 0.052 0.0 0.0 0.0 -2.9 -2.9 0 0.0 0 1 1 0 0.0 22.8 15.1 0.065 66.0 0.004 0.0 0.0 0.0 5.6 106.1 977.1
90.837 0.00085 0.00026 0.1 8.7 0.1 11.8 20.0 999.000 3.0 -0.586 0.052 0.0 0.0 0.0 -2.9 -2.9 0 0.0 0 1 1 0 0.0 22.8 15.1 0.065 66.0 0.004 0.0 