7.493 0.00000 0.00000 0.1 3.1 1.6 340.2 999.0 999.000 999.0 nan nan nan 0.0 0.0 0.0 0.0 0 0.0 0 0 0 0 0.0 0.0 0.0 0.000 0.0 0.000 0.0 0.0 0.0 -32.0 47.6 994.6
7.989 0.00000 0.00000 0.1 5.8 3.0 340.4 999.0 999.000 999.0 nan nan nan 0.0 0.0 0.0 0.0 0 0.0 0 0 0 0 0.0 23.1 15.1 0.065 65.0 0.004 0.0 0.0 0.0 -41.6 111.3 990.6
8.492 0.00000 0.00000 0.1 4.4 1.3 340.2 999.0 999.000 999.0 nan nan nan 0.0 0.0 0.0 0.0 0 0.0 0 0 0 0 0.0 23.1 15.1 0.065 65.0 0.004 0.0 0.0 0.0 -29.3 67.9 1016.0
8.990 0.00000 0.00000 0.1 1.3 2.4 340.9 999.0 999.000 999.0 nan nan nan 0.0 0.0 0.0 0.0 0 0.0 0 0 0 0 0.0 23.1 15.1 0.065 65.0 0.004 0.0 0.0 0.0 -48.4 9.0 985.7
9.409 0.00000 360.00000 0.1 4.0 3.1 340.8 999.0 999.000 999.0 -0.132 0.017 0.0 0.0 0.0 0.0 0.0 0 0.0 0 0 0 0 0.0 23.1 15.1 0.065 65.0 0.004 0.0 0.0 0.0 -35.5 93.5 996.7
9.992 0.00000 360.00000 0.1 6.5 1.3 341.0 999.0 999.000 999.0 -0.132 0.017 0.0 0.0 0.0 0.0 0.0 0 0.0 5 0 0 0 0.0 23.1 15.1 0.065 65.0 0.004 0.0 0.0 0.0 -32.1 97.9 1002.0
10.390 0.00000 360.00000 0.1 3.5 2.4 340.3 999.0 999.000 999.0 -0.014 -0.011 -0.0 0.0 0.0 0.0 0.0 0 0.0 0 0 0 0 0.0 23.1 15.1 0.065 65.0 0.004 0.0 0.0 0.0 -36.7 55.5 989.9
10.990 0.00000 360.00000 0.1 2.0 1.5 340.6 999.0 999.000 999.0 -0.014 -0.011 -0.0 0.0 0.0 0.0 0.0 0 0.0 0 0 0 0 0.0 23.1 15.1 0.065 65.0 0.004 0.0 0.0 0.0 -22.8 36.2 1004.0
11.392 0.00000 360.00000 0.1 4.5 1.9 340.7 999.0 999.000 999.0 0.024 -0.121 -0.0 0.0 0.0 0.0 0.0 0 0.0 0 0 0 0 0.0 23.1 15.1 0.065 65.0 0.004 0.0 0.0 0.0 -31.0 82.4 994.8
11.991 0.00000 360.00000 0.1 5.8 2.0 339.9 999.0 999.000 999.0 0.024 -0.121 -0.0 0.0 0.0 0.0 0.0 0 0.0 0 0 0 0 0.0 23.1 15.1 0.065 65.0 0.004 0.0 0.0 0.0 -34.1 87.8 998.5
12.391 0.00000 360.00000 0.1 4.4 1.5 339.6 999.0 999.000 999.0 -0.020 0.033 -0.0 0.0 0.0 0.0 0.0 0 0.0 0 0 0 0 0.0 23.1 15.1 0.065 65.0 0.004 0.0 0.0 0.0 -34.9 78.6 996.3
12.991 0.00000 360.00000 0.1 1.6 2.6 340.5 999.0 999.000 999.0 -0.020 0.033 -0.0 0.0 0.0 0.0 0.0 0 0.0 0 0 0 0 0.0 23.1 15.1 0.065 65.0 0.004 0.0 0.0 0.0 -36.1 23.7 990.3
13.391 0.00000 360.00000 0.1 4.1 1.3 339.5 999.0 999.000 999.0 -0.045 0.029 -0.0 0.0 0.0 0.0 0.0 0 0.0 0 0 0 0 0.0 23.1 15.1 0.065 65.0 0.004 0.0 0.0 0.0 -26.2 75.8 1009.0
13.991 0.00000 360.00000 0.1 6.6 2.0 340.0 999.0 999.000 999.0 -0.045 0.029 -0.0 0.0 0.0 0.0 0.0 0 0.0 0 0 0 0 0.0 23.1 15.1 0.065 65.0 0.004 0.0 0.0 0.0 -28.2 115.4 1001.0
14.407 0.00000 360.00000 0.1 2.8 1.9 340.3 999.0 999.000 999.0 -0.187 -0.150 -0.0 0.0 0.0 0.0 0.0 0 0.0 0 0 0 0 0.0 23.1 15.1 0.065 65.0 0.004 0.0 0.0 0.0 -44.1 28.6 972.9
14.991 0.00001 360.00000 0.1 2.2 1.2 340.7 999.0 999.000 999.0 -0.187 -0.150 -0.0 0.0 0.0 0.0 0.0 0 0.0 0 0 0 0 0.0 23.1 15.1 0.065 65.0 0.004 0.0 0.0 0.0 -26.2 47.5 1023.0
15.392 0.00001 360.00000 0.1 5.4 2.1 340.5 999.0 999.000 999.0 -0.081 0.033 -0.0 0.0 0.0 0.0 0.0 0 0.0 0 0 0 0 0.0 23.1 15.1 0.065 65.0 0.004 0.0 0.0 0.0 -29.2 91.9 999.4
16.002 0.00001 360.00000 0.1 5.8 2.6 339.8 999.0 999.000 999.0 -0.081 0.033 -0.0 0.0 0.0 0.0 0.0 0 0.0 0 0 0 0 0.0 23.1 15.1 0.065 65.0 0.004 0.0 0.0 0.0 -46.2 96.4 959.0
16.392 0.00001 360.00000 0.1 3.5 0.1 340.9 999.0 999.000 999.0 0.089 -0.091 0.0 0.0 0.0 0.0 0.0 0 0.0 0 0 0 0 0.0 23.1 15.1 0.065 65.0 0.004 0.0 0.0 0.0 -12.4 46.8 1034.0
17.008 0.00001 360.00000 0.1 2.4 2.2 341.0 999.0 999.000 999.0 0.089 -0.091 0.0 0.0 0.0 0.0 0.0 0 0.0 0 0 0 0 0.0 23.1 15.1 0.065 65.0 0.004 0.0 0.0 0.0 -34.2 47.5 981.8
17.401 0.00001 360.00000 0.1 4.8 1.6 340.2 999.0 999.000 999.0 0.059 -0.056 -0.0 0.0 0.0 0.0 0.0 0 0.0 5 0 0 0 0.0 23.1 15.1 0.065 65.0 0.004 0.0 0.0 0.0 -25.6 85.2 995.8
18.000 0.00001 360.00000 0.1 6.0 1.1 340.2 999.0 999.000 999.0 0.059 -0.056 -0.0 0.0 0.0 0.0 0.0 0 0.0 0 0 0 0 0.0 23.1 15.1 0.065 65.0 0.004 0.0 0.0 0.0 -18.4 107.6 1022.0
18.393 0.00001 360.00000 0.1 3.0 2.7 340.5 999.0 999.000 999.0 0.091 -0.119 0.0 0.0 0.0 0.0 0.0 0 0.0 0 0 0 0 0.0 23.1 15.1 0.065 65.0 0.004 0.0 0.0 0.0 -48.1 36.0 964.7
19.007 0.00001 360.00000 0.1 2.4 0.9 341.3 999.0 999.000 999.0 0.091 -0.119 0.0 0.0 0.0 0.0 0.0 0 0.0 0 0 0 0 0.0 23.1 15.1 0.065 65.0 0.004 0.0 0.0 0.0 -18.1 65.2 1021.0
19.420 0.00001 360.00000 0.1 5.2 2.1 340.1 999.0 999.000 999.0 -0.033 0.074 0.0 0.0 0.0 0.0 0.0 0 0.0 0 0 0 0 0.0 23.1 15.1 0.065 65.0 0.004 0.0 0.0 0.0 -29.9 72.9 992.6
20.003 0.00001 360.00000 0.1 5.5 2.6 340.6 999.0 999.000 999.0 -0.033 0.074 0.0 0.0 0.0 0.0 0.0 0 0.0 0 0 0 0 0.0 23.1 15.1 0.065 65.0 0.004 0.0 0.0 0.0 -38.6 105.6 975.3
20.392 0.00001 360.00000 0.1 2.9 0.8 341.3 999.0 999.000 999.0 -0.112 -0.061 0.0 0.0 0.0 0.0 0.0 0 0.0 5 0 0 0 0.0 23.1 15.1 0.065 65.0 0.004 0.0 0.0 0.0 -26.9 39.0 1021.0
21.000 0.00001 360.00000 0.1 2.1 2.8 340.2 999.0 999.000 999.0 -0.112 -0.061 0.0 0.0 0.0 0.0 0.0 0 0.0 0 0 0 0 0.0 23.1 15.1 0.065 65.0 0.004 0.0 0.0 0.0 -41.2 59.7 990.4
21.394 0.00001 360.00000 0.1 5.2 2.1 340.5 999.0 999.000 999.0 -0.023 -0.041 0.0 0.0 0.0 0.0 0.0 0 0.0 0 0 0 0 0.0 23.1 15.1 0.065 65.0 0.004 0.0 0.0 0.0 -36.8 92.4 1001.0
22.008 0.00001 360.00000 0.1 4.8 2.6 340.6 999.0 999.000 999.0 -0.023 -0.041 0.0 0.0 0.0 0.0 0.0 0 0.0 0 0 0 0 0.0 23.1 15.1 0.065 65.0 0.004 0.0 0.0 0.0 -46.7 68.5 987.7
22.401 0.00001 360.00000 0.1 2.6 1.7 340.8 999.0 999.000 999.0 -0.081 -0.130 0.1 0.0 0.0 0.0 0.0 0 0.0 0 0 0 0 0.0 23.1 15.1 0.065 65.0 0.004 0.0 0.0 0.0 -32.8 62.6 1014.0
23.003 0.00001 360.00000 0.1 1.2 2.7 340.4 999.0 999.000 999.0 -0.081 -0.130 0.1 0.0 0.0 0.0 0.0 0 0.0 0 0 0 0 0.0 23.1 15.1 0.065 65.0 0.004 0.0 0.0 0.0 -44.4 26.6 988.8
23.391 0.00001 360.00000 0.1 6.0 2.0 341.2 999.0 999.000 999.0 0.037 -0.010 0.0 0.0 0.0 0.0 0.0 0 0.0 0 0 0 0 0.0 23.1 15.1 0.065 65.0 0.004 0.0 0.0 0.0 -41.2 133.6 989.9
24.007 0.00001 360.00000 0.1 5.2 2.0 340.3 355.0 999.000 999.0 0.037 -0.010 0.0 0.0 0.0 0.0 0.0 0 0.0 0 1 0 0 0.0 23.1 15.1 0.065 65.0 0.004 0.0 0.0 0.0 -37.7 61.7 991.0
24.403 0.00001 360.00000 0.1 0.7 2.8 340.9 355.0 999.000 999.0 -0.107 -0.016 0.0 0.0 0.0 0.0 0.0 0 0.0 0 1 0 0 0.0 23.1 15.1 0.065 65.0 0.004 0.0 0.0 0.0 -35.2 17.1 1012.0
25.002 0.00001 359.99999 0.1 2.6 0.8 340.9 355.0 999.000 999.0 -0.107 -0.016 0.0 0.0 0.0 0.0 0.0 0 0.0 5 1 0 0 0.0 23.1 15.1 0.065 65.0 0.004 0.0 0.0 0.0 -33.3 63.8 991.2
25.392 0.00001 359.99999 0.1 6.9 2.6 341.1 355.0 999.000 999.0 -0.001 -0.058 -0.0 0.0 0.0 0.0 0.0 0 0.0 0 1 0 0 0.0 23.1 15.1 0.065 65.0 0.004 0.0 0.0 0.0 -34.5 116.0 992.6
26.004 0.00002 359.99999 0.1 4.2 2.0 341.4 355.0 999.000 999.0 -0.001 -0.058 -0.0 0.0 0.0 0.0 0.0 0 0.0 0 1 0 0 0.0 23.1 15.1 0.065 65.0 0.004 0.0 0.0 0.0 -32.7 61.6 991.1
26.394 0.00002 359.99999 0.1 1.5 1.2 341.8 355.0 999.000 999.0 0.015 -0.153 0.0 0.0 0.0 0.0 0.0 0 0.0 0 1 0 0 0.0 23.1 15.1 0.065 65.0 0.004 0.0 0.0 0.0 -18.6 34.0 1010.0
27.007 0.00002 359.99999 0.1 4.6 0.7 341.7 355.0 999.000 999.0 0.015 -0.153 0.0 0.0 0.0 0.0 0.0 0 0.0 0 1 0 0 0.0 23.1 15.1 0.065 65.0 0.004 0.0 0.0 0.0 -21.6 95.3 995.3
27.404 0.00002 359.99999 0.1 6.0 1.8 341.7 355.0 999.000 999.0 0.083 -0.015 0.0 0.0 0.0 0.0 0.0 0 0.0 0 1 0 0 0.0 23.1 15.1 0.065 65.0 0.004 0.0 0.0 0.0 -20.0 107.0 984.1
28.002 0.00002 359.99999 0.1 3.6 0.7 342.7 355.0 999.000 999.0 0.083 -0.015 0.0 0.0 0.0 0.0 0.0 0 0.0 0 1 0 0 0.0 23.1 15.1 0.065 65.0 0.004 0.0 0.0 0.0 -9.0 27.1 1018.0
28.393 0.00002 359.99999 0.1 4.4 1.5 341.9 355.0 999.000 4.0 -0.079 0.145 -0.0 0.0 0.0 0.0 0.0 0 0.0 5 1 1 0 0.0 23.1 15.1 0.065 65.0 0.004 0.0 0.0 0.0 -32.6 109.8 985.1
29.006 0.00002 359.99999 0.1 3.8 1.3 342.6 355.0 999.000 4.0 -0.079 0.145 -0.0 0.0 0.0 -11.7 -11.7 0 0.0 0 1 1 0 0.0 23.1 15.1 0.065 65.0 0.004 0.0 0.0 0.0 -20.6 38.0 1006.0
29.424 0.00002 359.99999 0.1 3.9 2.4 342.3 355.0 999.000 4.0 0.067 0.014 -0.0 0.0 0.0 -11.7 -11.7 0 0.0 0 1 1 0 0.0 23.1 15.1 0.065 65.0 0.004 0.0 0.0 0.0 -39.8 92.4 985.1
30.003 0.00002 359.99999 0.1 4.4 2.1 343.7 355.0 999.000 4.0 0.067 0.014 -0.0 0.0 0.0 -11.6 -11.7 0 0.0 5 1 1 0 0.0 23.1 15.1 0.065 65.0 0.004 0.0 0.0 0.0 -33.2 65.2 1019.0
30.393 0.00002 359.99999 0.1 3.5 2.8 342.3 355.0 999.000 4.0 -0.123 0.034 0.0 0.0 0.0 -11.6 -11.6 0 0.0 0 1 1 0 0.0 23.1 15.1 0.065 65.0 0.004 0.0 0.0 0.0 -54.1 59.2 988.2
31.001 0.00002 359.99999 0.1 3.7 2.8 343.8 355.0 999.000 4.0 -0.123 0.034 0.0 0.0 0.0 -11.6 -11.7 0 0.0 0 1 1 0 0.0 23.1 15.1 0.065 65.0 0.004 0.0 0.0 0.0 -49.5 71.5 988.0
31.394 0.00002 359.99999 0.1 3.9 2.5 343.4 355.0 999.000 4.0 -0.153 -0.083 -0.1 0.0 0.0 -11.6 -11.6 0 0.0 5 1 1 0 0.0 23.1 15.1 0.065 65.0 0.004 0.0 0.0 0.0 -38.3 65.0 1007.0
32.002 0.00002 359.99999 0.1 3.7 2.6 343.7 355.0 999.000 4.0 -0.153 -0.083 -0.1 0.0 0.0 -11.6 -11.6 0 0.0 0 1 1 0 0.0 23.1 15.1 0.065 65.0 0.004 0.0 0.0 0.0 -36.2 70.1 997.5
32.391 0.00002 359.99999 0.1 4.5 1.0 343.9 355.0 999.000 4.0 -0.112 0.040 0.0 0.0 0.0 -11.6 -11.6 0 0.0 0 1 1 0 0.0 23.1 15.1 0.065 65.0 0.004 0.0 0.0 0.0 -27.0 68.1 992.9
33.006 0.00002 359.99999 0.1 4.4 2.6 343.8 355.0 999.000 4.0 -0.112 0.040 0.0 0.0 0.0 -11.6 -11.6 0 0.0 0 1 1 0 0.0 23.1 15.1 0.065 65.0 0.004 0.0 0.0 0.0 -36.2 78.0 1005.0
33.417 0.00002 359.99999 0.1 3.5 1.4 343.7 355.0 999.000 4.0 -0.056 0.021 0.0 0.0 0.0 -11.6 -11.6 0 0.0 0 1 1 0 0.0 23.1 15.1 0.065 65.0 0.004 0.0 0.0 0.0 -29.9 59.5 978.6
34.014 0.00002 359.99999 0.1 13.9 1.4 343.5 355.0 999.000 4.0 -0.056 0.021 0.0 0.0 0.0 -11.7 -11.7 12 8.4 7529 1 1 0 0.0 23.1 15.1 0.065 65.0 0.004 0.0 0.0 0.0 -85.5 308.7 976.1
34.428 0.00002 359.99999 0.1 27.0 0.2 344.1 355.0 999.000 4.0 -0.071 -0.118 -0.0 0.0 0.0 -11.6 -11.6 12 0.0 7984 1 1 0 0.0 23.1 15.1 0.065 65.0 0.004 0.0 0.0 0.0 -75.5 427.4 848.1
35.019 0.00002 359.99999 0.1 14.1 -1.8 344.7 355.0 999.000 4.0 -0.071 -0.118 -0.0 0.0 0.0 -11.6 -11.6 12 0.0 9613 1 1 0 0.0 23.1 15.1 0.065 65.0 0.004 0.0 0.0 0.0 32.5 220.9 1033.0
35.402 0.00003 359.99999 0.1 -7.2 -2.0 346.8 355.0 999.000 4.0 -0.692 0.021 -0.0 0.0 0.0 -11.6 -11.6 12 0.0 9933 1 1 0 0.0 23.1 15.1 0.065 65.0 0.004 0.0 0.0 0.0 38.1 -137.0 977.5
36.005 0.00003 359.99999 0.1 -3.0 -3.6 349.5 355.0 999.000 4.0 -0.692 0.021 -0.0 0.0 0.0 -11.6 -11.6 12 0.0 9558 1 1 0 0.0 23.1 15.1 0.065 65.0 0.004 0.0 0.0 0.0 41.9 -81.7 897.8
36.394 0.00003 359.99999 0.2 -0.6 -5.4 352.4 355.0 999.000 4.0 -0.927 -0.060 0.0 0.0 0.0 -11.6 -11.6 12 0.0 9663 1 1 0 0.0 23.1 15.1 0.065 65.0 0.004 0.0 0.0 0.0 48.1 -63.2 924.5
37.005 0.00004 359.99999 0.2 -3.0 -5.6 355.0 355.0 999.000 4.0 -0.927 -0.060 0.0 0.0 0.0 -11.5 -11.5 12 0.0 9673 1 1 0 0.0 23.1 15.1 0.065 65.0 0.004 0.0 0.0 0.0 99.8 -88.3 976.0
37.406 0.00004 359.99999 0.2 -5.0 -7.3 356.7 355.0 999.000 4.0 -1.143 -0.085 0.0 0.0 0.0 -11.4 -11.4 12 0.0 9673 1 1 0 0.0 23.1 15.1 0.065 65.0 0.004 0.0 0.0 0.0 161.5 -50.1 1010.0
38.003 0.00005 359.99999 0.3 -0.9 -11.0 358.1 355.0 999.000 4.0 -1.143 -0.085 0.0 0.0 0.0 -11.3 -11.3 12 0.0 9588 1 1 0 0.0 23.1 15.1 0.065 65.0 0.004 0.0 0.0 0.0 209.0 7.9 988.2
38.393 0.00005 359.99999 0.4 2.4 -15.6 359.3 355.0 999.000 4.0 -1.092 0.009 0.0 0.0 0.0 -11.0 -11.0 12 0.0 8339 1 1 0 0.0 23.1 15.1 0.065 65.0 0.004 0.0 0.0 0.0 223.4 84.0 814.8
39.005 0.00006 359.99999 0.6 5.0 -18.3 359.3 355.0 999.000 4.0 -1.092 0.009 0.0 0.0 0.0 -10.7 -10.7 12 0.0 8054 1 1 0 0.0 23.1 15.1 0.065 65.0 0.004 0.0 0.0 0.0 308.6 95.2 937.8
39.405 0.00006 359.99999 0.8 3.0 -21.6 359.4 355.0 999.000 4.0 -1.128 0.047 0.1 5.0 -5.0 -10.3 -10.3 12 0.0 7999 1 1 0 0.0 23.1 15.1 0.065 65.0 0.004 0.0 0.0 0.0 383.6 36.4 928.4
40.031 0.00007 359.99999 1.0 -0.9 -24.7 359.3 355.0 999.000 4.0 -1.128 0.047 0.1 0.0 0.0 -9.8 -9.7 12 0.0 8054 1 1 0 0.0 23.1 15.1 0.065 65.0 0.004 0.0 0.0 0.0 418.6 0.9 904.1
40.406 0.00008 359.99999 1.2 -1.5 -26.6 359.4 355.0 999.000 4.0 -1.382 0.051 0.1 0.0 0.0 -9.1 -9.1 12 0.0 8084 1 1 0 0.0 23.1 15.1 0.065 65.0 0.004 0.0 0.0 0.0 451.6 -39.9 891.4
41.004 0.00008 359.99999 1.5 -1.0 -28.4 359.6 355.0 999.000 4.0 -1.382 0.051 0.1 0.0 0.0 -8.4 -8.4 12 8.4 8094 1 1 0 0.0 23.1 15.1 0.065 65.0 0.004 0.0 0.0 0.0 480.8 -12.8 855.8
41.394 0.00009 359.99999 1.8 -0.2 -30.3 0.3 355.0 999.000 4.0 -1.482 -0.087 0.1 0.0 0.0 -7.6 -7.6 12 0.0 8084 1 1 0 0.0 23.1 15.1 0.065 65.0 0.004 0.0 0.0 0.0 495.4 6.7 847.3
42.014 0.00010 359.99999 2.1 -0.4 -31.7 0.5 355.0 999.000 4.0 -1.482 -0.087 0.1 -5.3 -5.3 -6.7 -6.7 12 0.0 8069 1 1 0 0.0 23.1 15.1 0.065 65.0 0.004 0.0 0.0 0.0 527.0 -0.2 845.3
42.405 0.00010 359.99999 2.4 -3.7 -32.8 359.6 355.0 999.000 4.0 -1.493 -0.060 0.1 -5.5 -5.5 -5.7 -5.7 12 0.0 8044 1 1 0 0.0 23.1 15.1 0.065 65.0 0.004 0.0 0.0 0.0 545.4 -34.7 841.2
43.004 0.00011 359.99999 2.8 -4.1 -33.7 358.9 355.0 999.000 4.0 -1.493 -0.060 0.1 -3.7 3.7 -4.7 -4.7 12 0.0 8154 1 1 0 0.0 23.1 15.1 0.065 65.0 0.004 0.0 0.0 0.0 546.3 -41.5 818.3
43.405 0.00011 359.99999 3.1 0.9 -33.9 359.2 355.0 999.000 4.0 -1.372 -0.060 0.1 -4.1 4.1 -3.6 -3.6 12 0.0 8164 1 1 0 0.0 23.1 15.1 0.065 65.0 0.004 0.0 0.0 0.0 557.9 15.6 819.3
44.014 0.00012 359.99999 3.5 3.4 -33.5 359.6 355.0 999.000 4.0 -1.372 -0.060 0.1 0.0 0.0 -2.5 -2.6 12 0.0 8124 1 1 0 0.0 23.1 15.1 0.065 65.0 0.004 0.0 0.0 0.0 549.0 44.3 831.1
44.405 0.00013 359.99999 3.9 1.5 -32.7 359.6 355.0 999.000 4.0 -1.503 -0.030 0.1 3.4 -3.4 0.0 0.0 12 0.0 8129 1 1 0 0.0 23.1 15.1 0.065 65.0 0.004 0.0 0.0 0.0 535.4 1.0 833.7
45.037 0.00013 359.99999 4.3 -0.3 -31.3 359.6 355.0 999.000 4.0 -1.503 -0.030 0.1 0.0 0.0 0.0 0.0 12 0.0 8119 1 1 0 0.0 23.1 15.1 0.065 65.0 0.004 0.0 0.0 0.0 515.8 33.8 884.5
45.404 0.00014 359.99999 4.6 0.6 -29.9 359.9 355.0 999.000 4.0 -1.406 -0.132 0.1 0.0 0.0 0.0 0.0 12 0.0 8134 1 1 0 0.0 23.1 15.1 0.065 65.0 0.004 0.0 0.0 0.0 495.1 6.0 888.9
46.005 0.00015 359.99999 4.9 1.2 -28.5 0.3 355.0 999.000 4.0 -1.406 -0.132 0.1 0.0 0.0 1.8 1.8 12 8.4 8119 1 1 0 0.0 23.1 15.1 0.065 65.0 0.004 0.0 0.0 0.0 481.9 29.9 889.8
46.396 0.00015 359.99999 5.2 0.9 -26.6 0.4 355.0 999.000 4.0 -1.445 -0.055 0.1 -5.3 -5.3 2.8 2.8 12 0.0 8114 1 1 0 0.0 23.1 15.1 0.065 65.0 0.004 0.0 0.0 0.0 441.1 15.0 919.7
47.004 0.00016 359.99999 5.5 -2.2 -24.5 359.7 355.0 999.000 4.0 -1.445 -0.055 0.1 -5.4 -5.4 3.8 3.7 12 0.0 8119 1 1 0 0.0 23.1 15.1 0.065 65.0 0.004 0.0 0.0 0.0 401.8 -46.8 910.3
47.406 0.00017 359.99999 5.8 -4.2 -22.3 359.1 355.0 999.000 4.0 -1.494 0.043 0.1 0.0 0.0 4.6 4.6 12 0.0 8114 1 1 0 0.0 23.1 15.1 0.065 65.0 0.004 0.0 0.0 0.0 385.5 -28.7 952.5
48.014 0.00017 359.99999 6.1 0.2 -19.8 359.5 355.0 999.000 4.0 -1.494 0.043 0.1 -4.2 4.2 5.4 5.4 12 0.0 8184 1 1 0 0.0 23.1 15.1 0.065 65.0 0.004 0.0 0.0 0.0 333.6 15.4 981.5
48.405 0.00018 359.99999 6.3 5.1 -17.0 0.2 355.0 999.000 4.0 -1.526 0.030 0.1 0.0 0.0 6.2 6.2 12 0.0 8144 1 1 0 0.0 23.1 15.0 0.065 65.0 0.004 0.0 0.0 0.0 289.6 58.4 984.9
49.006 0.00019 359.99999 6.5 -0.3 -14.0 0.3 355.0 999.000 4.0 -1.526 0.030 0.1 -0.1 -10.3 6.9 6.9 12 0.0 8049 1 1 0 0.0 23.1 15.0 0.065 65.0 0.004 0.0 0.0 0.0 246.0 -19.6 991.5
49.405 0.00019 359.99999 6.6 -8.3 -11.0 359.7 355.0 999.000 4.0 -1.548 0.018 0.1 -5.3 -5.3 7.4 7.4 12 0.0 8134 1 1 0 0.0 23.1 15.0 0.065 65.0 0.004 0.0 0.0 0.0 189.2 -170.0 973.8
50.024 0.00020 359.99999 6.7 -1.4 -7.9 0.0 355.0 999.000 4.0 -1.548 0.018 0.1 -8.3 8.3 7.8 7.8 12 0.0 8269 1 1 0 0.0 23.1 15.0 0.065 65.0 0.004 0.0 0.0 0.0 127.5 26.8 1012.0
50.407 0.00021 359.99999 6.8 7.7 -4.7 1.6 355.0 999.000 4.0 -1.400 -0.002 0.1 0.0 0.0 8.1 8.2 12 8.4 8174 1 1 0 0.0 23.1 15.0 0.065 65.0 0.004 0.0 0.0 0.0 58.8 132.8 973.5
51.005 0.00021 359.99999 6.8 -0.1 -1.3 3.1 355.0 999.000 4.0 -1.400 -0.002 0.1 1.1 -14.3 8.4 8.4 12 0.0 8079 1 1 0 0.0 23.1 15.0 0.065 65.0 0.004 0.0 0.0 0.0 2.6 -60.3 992.9
51.394 0.00022 359.99999 6.8 -11.2 1.9 2.7 355.0 999.000 4.0 -1.316 -0.044 0.0 -8.1 -8.1 8.5 8.5 12 0.0 8204 1 1 0 0.0 23.1 15.0 0.065 65.0 0.004 0.0 0.0 0.0 -43.1 -172.0 997.1
52.012 0.00023 359.99999 6.8 -4.9 4.6 2.3 355.0 999.000 4.0 -1.316 -0.044 0.0 -18.9 3.5 8.4 8.4 12 0.0 8359 1 1 0 0.0 23.1 15.0 0.065 65.0 0.004 0.0 0.0 0.0 -79.9 -43.2 1032.0
52.406 0.00023 359.99999 6.7 4.8 7.5 2.6 355.0 999.000 4.0 -1.520 0.061 0.1 -12.2 -2.4 8.3 8.3 12 0.0 8219 1 1 0 0.0 23.1 15.0 0.065 65.0 0.004 0.0 0.0 0.0 -136.0 118.0 1002.0
53.005 0.00024 359.99999 6.6 -1.3 10.7 1.9 355.0 999.000 4.0 -1.520 0.061 0.1 -2.8 -12.4 8.1 8.0 12 0.0 8044 1 1 0 0.0 23.1 15.0 0.065 65.0 0.004 0.0 0.0 0.0 -185.0 -65.2 1012.0
53.406 0.00025 359.99999 6.4 -9.4 13.5 0.2 355.0 999.000 4.0 -1.409 -0.121 -0.0 -6.9 -6.9 7.7 7.7 12 0.0 8134 1 1 0 0.0 23.1 15.0 0.065 65.0 0.004 0.0 0.0 0.0 -236.0 -157.0 1003.0
54.012 0.00025 359.99999 6.2 -4.5 15.9 358.7 355.0 999.000 4.0 -1.409 -0.121 -0.0 -14.6 4.2 7.2 7.2 12 0.0 8299 1 1 0 0.0 23.1 15.0 0.065 65.0 0.004 0.0 0.0 0.0 -273.0 -46.0 981.2
54.405 0.00026 359.99999 6.0 4.8 18.3 357.9 355.0 999.000 4.0 -1.502 -0.088 0.0 -4.5 4.5 6.6 6.6 12 0.0 8164 1 1 0 0.0 23.1 15.0 0.065 65.0 0.004 0.0 0.0 0.0 -335.0 62.3 909.8
55.035 0.00027 359.99999 5.7 3.7 20.9 357.3 355.0 999.000 4.0 -1.502 -0.088 0.0 4.8 -4.8 6.0 6.0 12 0.0 8099 1 1 0 0.0 23.1 15.0 0.065 65.0 0.004 0.0 0.0 0.0 -368.0 29.9 949.0
55.406 0.00027 359.99999 5.4 -2.3 23.2 356.6 355.0 999.000 4.0 -1.375 0.038 0.0 3.7 -3.7 5.2 5.2 12 0.0 8124 1 1 0 0.0 23.1 15.0 0.065 65.0 0.004 0.0 0.0 0.0 -388.0 -69.5 954.5
56.005 0.00028 359.99999 5.1 -3.8 25.2 356.0 355.0 999.000 4.0 -1.375 0.038 0.0 0.0 0.0 4.3 4.3 12 0.0 8199 1 1 0 0.0 23.1 15.0 0.065 65.0 0.004 0.0 0.0 0.0 -436.0 -57.5 900.5
56.397 0.00028 359.99999 4.8 0.4 27.0 355.8 355.0 999.000 4.0 -1.425 0.074 0.0 -3.8 3.8 3.4 3.4 12 0.0 8239 1 1 0 0.0 23.1 15.0 0.065 65.0 0.004 0.0 0.0 0.0 -466.0 -11.0 863.6
57.012 0.00029 359.99999 4.4 4.9 28.5 355.5 355.0 999.000 4.0 -1.425 0.074 0.0 0.0 0.0 2.4 2.4 12 0.0 8199 1 1 0 0.0 23.1 15.0 0.065 65.0 0.004 0.0 0.0 0.0 -493.0 68.2 877.7
57.406 0.00030 359.99999 4.0 3.3 29.8 355.2 355.0 999.000 4.0 -1.523 -0.042 -0.0 4.9 -4.9 0.0 0.0 12 0.0 8149 1 1 0 0.0 23.1 15.0 0.065 65.0 0.004 0.0 0.0 0.0 -509.0 67.4 895.4
58.006 0.00030 359.99999 3.6 -2.1 30.4 354.9 355.0 999.000 4.0 -1.523 -0.042 -0.0 3.3 -3.3 0.0 0.0 12 0.0 8164 1 1 0 0.0 23.1 15.0 0.065 65.0 0.004 0.0 0.0 0.0 -512.0 -40.8 876.1
58.405 0.00031 359.99999 3.2 -3.9 30.8 354.8 355.0 999.000 4.0 -1.537 -0.130 0.0 0.0 0.0 0.0 0.0 12 0.0 8199 1 1 0 0.0 23.1 15.0 0.065 65.0 0.004 0.0 0.0 0.0 -516.0 -17.1 863.0
59.012 0.00032 359.99999 2.8 0.6 31.0 355.0 355.0 999.000 4.0 -1.537 -0.130 0.0 -3.9 3.9 -2.3 -2.3 12 0.0 8219 1 1 0 0.0 23.1 15.0 0.065 65.0 0.004 0.0 0.0 0.0 -511.0 18.6 881.5
59.406 0.00033 359.99998 2.4 5.8 30.5 355.2 355.0 999.000 4.0 -1.599 -0.029 0.0 0.0 0.0 -3.6 -3.5 12 0.0 8154 1 1 0 0.0 23.1 15.0 0.065 65.0 0.004 0.0 0.0 0.0 -506.0 85.2 852.0
60.035 0.00033 359.99998 2.0 0.3 29.4 355.3 355.0 999.000 4.0 -1.599 -0.029 0.0 5.8 -5.8 -4.8 -4.8 12 0.0 8089 1 1 0 0.0 23.1 15.0 0.065 65.0 0.004 0.0 0.0 0.0 -488.0 -49.4 849.1
60.407 0.00034 359.99998 1.6 -6.7 27.9 355.5 355.0 999.000 4.0 -1.499 -0.120 0.1 0.0 0.0 -6.1 -6.1 12 0.0 8154 1 1 0 0.0 23.1 15.0 0.065 65.0 0.004 0.0 0.0 0.0 -464.0 -120.0 878.8
61.006 0.00035 359.99998 1.2 -2.3 25.9 356.6 355.0 999.000 4.0 -1.499 -0.120 0.1 -6.7 6.7 -7.3 -7.3 12 0.0 8169 1 1 0 0.0 23.1 15.0 0.065 65.0 0.004 0.0 0.0 0.0 -434.0 8.7 892.7
61.396 0.00035 359.99998 0.8 5.0 23.6 357.4 355.0 999.000 4.0 -1.438 0.018 0.1 0.0 0.0 -8.5 -8.5 12 0.0 8094 1 1 0 0.0 23.1 15.0 0.065 65.0 0.004 0.0 0.0 0.0 -392.0 73.4 915.3
62.012 0.00036 359.99998 0.5 -0.1 20.7 357.5 355.0 999.000 4.0 -1.438 0.018 0.1 5.0 -5.0 -9.5 -9.5 12 0.0 8044 1 1 0 0.0 23.1 15.0 0.065 65.0 0.004 0.0 0.0 0.0 -328.0 -16.1 957.8
62.407 0.00037 359.99998 0.2 -8.7 16.7 358.9 355.0 999.000 4.0 -1.607 -0.006 0.1 5.0 -5.0 -10.5 -10.5 12 0.0 8049 1 1 0 0.0 23.1 15.0 0.065 65.0 0.004 0.0 0.0 0.0 -290.0 -172.0 879.7
63.006 0.00037 359.99998 0.1 -16.5 6.8 0.4 355.0 999.000 4.0 -1.607 -0.006 0.1 5.0 -5.0 -11.4 -11.4 12 0.0 8064 1 1 0 0.0 23.1 15.0 0.065 65.0 0.004 0.0 0.0 0.0 -86.0 -293.0 863.2
63.409 0.00038 359.99998 0.1 -9.1 -5.2 359.8 355.0 999.000 4.0 -1.439 -0.130 -0.1 5.0 -5.0 -11.8 -11.8 12 0.0 9498 1 1 0 0.0 23.1 15.0 0.065 65.0 0.004 0.0 0.0 0.0 124.1 -136.0 974.0
64.011 0.00039 359.99998 0.3 -4.8 -7.5 359.3 355.0 999.000 4.0 -1.439 -0.130 -0.1 5.0 -5.0 -11.6 -11.6 12 0.0 9114 1 1 0 0.0 23.1 15.0 0.065 65.0 0.004 0.0 0.0 0.0 135.0 -136.0 886.4
64.406 0.00039 359.99998 0.4 -6.2 -10.7 358.7 355.0 999.000 4.0 -1.422 -0.046 -0.0 5.0 -5.0 -11.2 -11.2 12 0.0 8229 1 1 0 0.0 23.1 15.0 0.065 65.0 0.004 0.0 0.0 0.0 199.4 -135.0 969.8
65.035 0.00040 359.99998 0.5 -11.2 -13.0 357.6 355.0 999.000 4.0 -1.422 -0.046 -0.0 5.0 -5.0 -10.9 -10.9 12 0.0 8094 1 1 0 0.0 23.1 15.0 0.065 65.0 0.004 0.0 0.0 0.0 227.3 -194.0 940.0
65.408 0.00041 359.99998 0.6 -16.3 -15.3 358.0 355.0 999.000 4.0 -1.312 -0.002 0.1 5.0 -5.0 -10.6 -10.6 12 0.0 8054 1 1 0 0.0 23.1 15.0 0.065 65.0 0.004 0.0 0.0 0.0 276.9 -273.0 930.6
66.006 0.00041 359.99998 0.8 -6.4 -18.2 358.3 355.0 999.000 4.0 -1.312 -0.002 0.1 -16.3 16.3 -10.2 -10.2 12 0.0 8319 1 1 0 0.0 23.1 15.0 0.065 65.0 0.004 0.0 0.0 0.0 333.1 -40.0 941.7
66.398 0.00042 359.99998 1.0 16.2 -21.0 358.4 355.0 999.000 4.0 -1.348 0.053 0.2 -6.4 6.4 -9.7 -9.7 12 0.0 8094 1 1 0 0.0 23.1 15.0 0.065 65.0 0.004 0.0 0.0 0.0 347.0 250.4 864.3
67.007 0.00042 359.99998 1.2 10.0 -23.2 357.5 355.0 999.000 4.0 -1.348 0.053 0.2 16.2 -16.2 -9.1 -9.1 12 0.0 7819 1 1 0 0.0 23.1 15.0 0.065 65.0 0.004 0.0 0.0 0.0 399.0 109.6 925.5
67.407 0.00043 359.99998 1.4 -14.4 -25.5 356.4 355.0 999.000 4.0 -1.168 0.055 0.2 10.0 -10.0 -8.5 -8.5 12 0.0 7884 1 1 0 0.0 23.1 15.0 0.065 65.0 0.004 0.0 0.0 0.0 438.8 -265.0 849.0
68.010 0.00043 359.99998 1.7 -14.3 -27.3 356.5 355.0 999.000 4.0 -1.168 0.055 0.2 -14.4 14.4 -7.9 -7.9 12 0.0 8259 1 1 0 0.0 23.1 15.0 0.065 65.0 0.004 0.0 0.0 0.0 467.2 -129.0 874.7
68.407 0.00044 359.99998 1.9 7.9 -28.7 357.3 355.0 999.000 4.0 -1.397 -0.255 0.1 -14.3 14.3 -7.0 -7.0 12 0.0 8229 1 1 0 0.0 23.1 15.0 0.065 65.0 0.004 0.0 0.0 0.0 473.2 150.9 832.1
69.007 0.00045 359.99998 2.2 15.6 -29.7 357.0 355.0 999.000 4.0 -1.397 -0.255 0.1 7.9 -7.9 -6.1 -6.2 12 8.4 7934 1 1 0 0.0 23.1 15.0 0.065 65.0 0.004 0.0 0.0 0.0 497.2 224.8 849.6
69.409 0.00045 359.99998 2.5 -0.2 -30.3 356.1 355.0 999.000 4.0 -1.462 -0.130 0.1 15.6 -15.6 -5.3 -5.3 12 0.0 7849 1 1 0 0.0 23.1 15.0 0.065 65.0 0.004 0.0 0.0 0.0 502.4 -114.0 818.1
70.027 0.00046 359.99998 2.9 -13.3 -31.0 355.5 355.0 999.000 4.0 -1.462 -0.130 0.1 0.0 0.0 -4.4 -4.4 12 0.0 8054 1 1 0 0.0 23.1 15.0 0.065 65.0 0.004 0.0 0.0 0.0 497.7 -220.0 800.7
70.407 0.00047 359.99998 3.2 -7.6 -31.1 355.8 355.0 999.000 4.0 -1.438 0.014 0.1 -13.3 13.3 -3.4 -3.4 12 8.4 8159 1 1 0 0.0 23.1 15.0 0.065 65.0 0.004 0.0 0.0 0.0 519.2 -74.7 835.9
71.018 0.00047 359.99998 3.5 8.6 -30.7 356.1 355.0 999.000 4.0 -1.438 0.014 0.1 -7.6 7.6 -2.4 -2.4 12 0.0 8129 1 1 0 0.0 23.1 15.0 0.065 65.0 0.004 0.0 0.0 0.0 504.8 170.6 857.3
71.408 0.00048 359.99998 3.9 11.9 -29.9 356.0 355.0 999.000 4.0 -1.536 -0.231 0.1 8.6 -8.6 0.0 0.0 12 0.0 7974 1 1 0 0.0 23.1 15.0 0.065 65.0 0.004 0.0 0.0 0.0 494.8 124.6 831.9
72.017 0.00049 359.99998 4.2 -2.8 -28.3 355.0 355.0 999.000 4.0 -1.536 -0.231 0.1 11.9 -11.9 0.0 0.0 12 0.0 7899 1 1 0 0.0 23.1 15.0 0.065 65.0 0.004 0.0 0.0 0.0 460.0 -83.4 869.0
72.409 0.00049 359.99998 4.5 -12.2 -26.9 354.0 355.0 999.000 4.0 -1.483 -0.121 0.1 0.0 0.0 0.0 0.0 12 0.0 8064 1 1 0 0.0 23.1 15.0 0.065 65.0 0.004 0.0 0.0 0.0 461.6 -169.0 887.3
73.010 0.00050 359.99998 4.8 -0.4 -25.6 353.9 355.0 999.000 4.0 -1.483 -0.121 0.1 -12.2 12.2 0.0 0.0 12 0.0 8229 1 1 0 0.0 23.1 15.0 0.065 65.0 0.004 0.0 0.0 0.0 437.6 40.6 907.9
73.409 0.00051 359.99997 5.1 12.4 -24.2 354.1 355.0 999.000 4.0 -1.374 -0.018 0.1 0.0 0.0 2.4 2.4 12 0.0 8149 1 1 0 0.0 23.1 15.0 0.065 65.0 0.004 0.0 0.0 0.0 417.2 199.0 933.2
74.016 0.00051 359.99997 5.3 2.3 -22.1 353.5 355.0 999.000 4.0 -1.374 -0.018 0.1 12.4 -12.4 3.2 3.2 12 0.0 7889 1 1 0 0.0 23.1 15.0 0.065 65.0 0.004 0.0 0.0 0.0 360.1 14.7 950.2
74.408 0.00052 359.99997 5.5 -9.5 -19.7 352.2 355.0 999.000 4.0 -1.385 -0.041 0.1 0.0 0.0 4.0 4.0 12 0.0 8044 1 1 0 0.0 23.1 15.0 0.065 65.0 0.004 0.0 0.0 0.0 335.8 -135.0 964.8
75.029 0.00053 359.99997 5.8 -0.5 -17.2 351.7 355.0 999.000 4.0 -1.385 -0.041 0.1 -9.5 9.5 4.6 4.6 12 0.0 8159 1 1 0 0.0 23.1 15.0 0.065 65.0 0.004 0.0 0.0 0.0 290.4 13.4 967.1
75.410 0.00053 359.99997 6.0 9.1 -14.8 351.4 355.0 999.000 4.0 -1.368 -0.047 0.0 0.0 0.0 5.3 5.3 12 0.0 8124 1 1 0 0.0 23.1 15.0 0.065 65.0 0.004 0.0 0.0 0.0 241.4 130.4 937.2
76.007 0.00054 359.99997 6.1 1.2 -12.1 350.5 355.0 999.000 4.0 -1.368 -0.047 0.0 9.1 -9.1 5.9 5.9 12 0.0 7944 1 1 0 0.0 23.1 15.0 0.065 65.0 0.004 0.0 0.0 0.0 204.2 24.6 990.8
76.400 0.00054 359.99997 6.2 -7.4 -9.4 348.8 355.0 999.000 4.0 -1.525 -0.096 0.0 0.0 0.0 6.3 6.3 12 0.0 8019 1 1 0 0.0 23.1 15.0 0.065 65.0 0.004 0.0 0.0 0.0 149.4 -103.0 1012.0
77.009 0.00055 359.99997 6.3 1.0 -6.4 348.1 355.0 999.000 4.0 -1.525 -0.096 0.0 -1.2 13.6 6.7 6.7 12 0.0 8164 1 1 0 0.0 23.1 15.0 0.065 65.0 0.004 0.0 0.0 0.0 105.6 86.2 1024.0
77.407 0.00056 359.99997 6.4 12.0 -3.5 348.6 355.0 999.000 4.0 -1.575 -0.015 0.0 6.9 6.9 7.0 7.0 12 0.0 8119 1 1 0 0.0 23.1 15.0 0.065 65.0 0.004 0.0 0.0 0.0 56.5 208.2 1006.0
78.016 0.00056 359.99996 6.4 6.3 -0.8 348.5 355.0 999.000 4.0 -1.575 -0.015 0.0 18.4 -5.6 7.1 7.1 12 0.0 7864 1 1 0 0.0 23.1 15.0 0.065 65.0 0.004 0.0 0.0 0.0 6.2 54.0 984.5
78.409 0.00057 359.99996 6.4 -5.4 2.2 347.6 355.0 999.000 4.0 -1.436 0.132 0.1 12.8 0.2 7.2 7.2 12 0.0 7944 1 1 0 0.0 23.1 15.0 0.065 65.0 0.004 0.0 0.0 0.0 -44.5 -61.7 1019.0
79.009 0.00058 359.99996 6.3 0.3 5.3 347.0 355.0 999.000 4.0 -1.436 0.132 0.1 2.0 12.8 7.1 7.1 12 0.0 8139 1 1 0 0.0 23.1 15.0 0.065 65.0 0.004 0.0 0.0 0.0 -101.0 33.2 1024.0
79.410 0.00058 359.99996 6.2 11.1 8.2 347.3 355.0 999.000 4.0 -1.473 -0.031 -0.0 8.0 8.0 7.0 7.0 12 0.0 8114 1 1 0 0.0 23.1 15.0 0.065 65.0 0.004 0.0 0.0 0.0 -160.0 175.2 950.2
80.034 0.00059 359.99996 6.1 6.8 10.8 347.5 355.0 999.000 4.0 -1.473 -0.031 -0.0 18.8 -3.4 6.7 6.7 12 0.0 7919 1 1 0 0.0 23.1 15.0 0.065 65.0 0.004 0.0 0.0 0.0 -192.0 57.1 985.3
80.408 0.00060 359.99996 5.9 -3.1 13.3 347.2 355.0 999.000 4.0 -1.471 0.000 0.0 14.3 0.7 6.3 6.3 12 0.0 7964 1 1 0 0.0 23.1 15.0 0.065 65.0 0.004 0.0 0.0 0.0 -237.0 -83.9 1006.0
81.010 0.00060 359.99996 5.7 0.9 15.9 347.7 355.0 999.000 4.0 -1.471 0.000 0.0 4.7 10.9 5.8 5.8 12 0.0 8139 1 1 0 0.0 23.1 15.0 0.065 65.0 0.004 0.0 0.0 0.0 -285.0 21.7 946.4
81.399 0.00061 359.99995 5.5 9.7 18.2 348.6 355.0 999.000 4.0 -1.416 -0.129 0.0 7.3 7.3 5.2 5.2 12 0.0 8154 1 1 0 0.0 23.1 15.0 0.065 65.0 0.004 0.0 0.0 0.0 -316.0 217.2 925.7
82.015 0.00062 359.99995 5.3 6.8 20.0 350.8 355.0 999.000 4.0 -1.416 -0.129 0.0 16.1 -3.3 4.5 4.5 12 0.0 7929 1 1 0 0.0 23.1 15.0 0.065 65.0 0.004 0.0 0.0 0.0 -343.0 91.1 943.2
82.411 0.00062 359.99995 5.0 -3.5 21.6 352.9 355.0 999.000 4.0 -1.390 0.119 0.0 6.8 -6.8 3.8 3.8 12 0.0 7939 1 1 0 0.0 23.1 15.0 0.065 65.0 0.004 0.0 0.0 0.0 -378.0 -46.2 946.4
83.008 0.00063 359.99995 4.7 -4.4 23.3 353.9 355.0 999.000 4.0 -1.390 0.119 0.0 -3.5 3.5 2.9 2.9 12 0.0 8134 1 1 0 0.0 23.1 15.0 0.065 65.0 0.004 0.0 0.0 0.0 -397.0 -66.7 926.3
83.408 0.00064 359.99995 4.4 3.0 24.7 354.7 355.0 999.000 4.0 -1.500 -0.066 0.0 -4.4 4.4 2.0 2.0 12 0.0 8154 1 1 0 0.0 23.1 15.0 0.065 65.0 0.004 0.0 0.0 0.0 -434.0 45.7 869.8
84.015 0.00064 359.99995 4.0 5.7 25.7 354.9 355.0 999.000 4.0 -1.500 -0.066 0.0 0.0 0.0 0.0 0.0 12 0.0 8139 1 1 0 0.0 23.1 15.0 0.065 65.0 0.004 0.0 0.0 0.0 -443.0 57.6 874.8
84.409 0.00065 359.99995 3.6 2.6 26.0 354.8 355.0 999.000 4.0 -1.664 -0.068 0.1 5.7 -5.7 0.0 0.0 12 0.0 8094 1 1 0 0.0 23.1 15.0 0.065 65.0 0.004 0.0 0.0 0.0 -432.0 8.0 925.9
85.028 0.00066 359.99995 3.3 -2.6 26.2 354.9 355.0 999.000 4.0 -1.664 -0.068 0.1 0.0 0.0 0.0 0.0 12 0.0 8184 1 1 0 0.0 23.1 15.0 0.065 65.0 0.004 0.0 0.0 0.0 -443.0 -29.9 922.4
85.410 0.00066 359.99995 2.9 -1.8 26.4 355.3 355.0 999.000 4.0 -1.636 -0.277 0.0 0.0 0.0 -2.2 -2.2 12 0.0 8174 1 1 0 0.0 23.1 15.0 0.065 65.0 0.004 0.0 0.0 0.0 -456.0 -36.3 886.2
86.016 0.00067 359.99995 2.5 -0.8 26.1 355.6 355.0 999.000 4.0 -1.636 -0.277 0.0 0.0 0.0 -3.3 -3.3 12 0.0 8184 1 1 0 0.0 23.1 15.0 0.065 65.0 0.004 0.0 0.0 0.0 -439.0 8.7 899.0
86.409 0.00068 359.99995 2.2 -0.8 25.3 355.9 355.0 999.000 4.0 -1.503 0.094 0.1 0.0 0.0 -4.4 -4.4 12 0.0 8159 1 1 0 0.0 23.1 15.0 0.065 65.0 0.004 0.0 0.0 0.0 -422.0 -29.1 911.2
87.017 0.00069 359.99995 1.8 -1.1 24.0 356.1 355.0 999.000 4.0 -1.503 0.094 0.1 0.0 0.0 -5.5 -5.5 12 0.0 8139 1 1 0 0.0 23.1 15.0 0.065 65.0 0.004 0.0 0.0 0.0 -401.0 13.8 915.7
87.409 0.00069 359.99995 1.5 -1.1 22.2 356.7 355.0 999.000 4.0 -1.542 -0.026 0.1 0.0 0.0 -6.5 -6.5 12 0.0 8099 1 1 0 0.0 23.1 15.0 0.065 65.0 0.004 0.0 0.0 0.0 -369.0 11.0 939.1
88.017 0.00070 359.99995 1.2 -1.7 20.1 357.2 355.0 999.000 4.0 -1.542 -0.026 0.1 0.0 0.0 -7.5 -7.5 12 8.3 8114 1 1 0 0.0 23.1 15.0 0.065 65.0 0.004 0.0 0.0 0.0 -330.0 -31.5 948.7
88.409 0.00071 359.99995 0.9 -2.6 17.7 357.7 355.0 999.000 4.0 -1.593 -0.130 0.1 0.0 0.0 -8.4 -8.4 12 0.0 8119 1 1 0 0.0 23.1 15.0 0.065 65.0 0.004 0.0 0.0 0.0 -289.0 -29.7 957.9
89.017 0.00071 359.99995 0.6 -3.8 15.0 358.2 355.0 999.000 4.0 -1.593 -0.130 0.1 0.0 0.0 -9.3 -9.3 12 0.0 8094 1 1 0 0.0 23.1 15.0 0.065 65.0 0.004 0.0 0.0 0.0 -251.0 -23.6 945.2
89.410 0.00072 359.99995 0.4 -4.1 11.8 358.8 355.0 999.000 4.0 -1.601 0.074 0.1 -3.8 3.8 -10.1 -10.1 12 0.0 8094 1 1 0 0.0 23.1 15.0 0.065 65.0 0.004 0.0 0.0 0.0 -184.0 -33.0 966.3
90.034 0.00073 359.99995 0.2 1.6 7.3 359.4 355.0 999.000 4.0 -1.601 0.074 0.1 -3.8 3.8 -10.7 -10.7 12 0.0 8119 1 1 0 0.0 23.1 15.0 0.065 65.0 0.004 0.0 0.0 0.0 -127.0 32.2 978.7
90.408 0.00073 359.99995 0.1 7.5 2.7 359.6 355.0 999.000 4.0 -1.450 0.021 0.1 -3.8 3.8 -11.3 -11.3 12 0.0 8144 1 1 0 0.0 23.1 15.0 0.065 65.0 0.004 0.0 0.0 0.0 -41.3 131.4 924.2
91.011 0.00074 359.99995 0.1 6.3 -2.8 359.2 355.0 999.000 4.0 -1.450 0.021 0.1 -3.8 3.8 -11.6 -11.6 12 0.0 9723 1 1 0 0.0 23.1 15.0 0.065 65.0 0.004 0.0 0.0 0.0 21.6 -10.2 775.6
91.400 0.00075 359.99995 0.2 0.2 -4.6 359.3 355.0 999.000 4.0 -1.584 -0.025 0.0 -3.8 3.8 -11.6 -11.6 12 0.0 10138 1 1 0 0.0 23.1 15.0 0.065 65.0 0.004 0.0 0.0 0.0 84.2 -58.8 897.1
92.017 0.00076 359.99995 0.2 2.0 -6.0 1.3 355.0 999.000 4.0 -1.584 -0.025 0.0 -3.8 3.8 -11.5 -11.5 12 0.0 8759 1 1 0 0.0 23.1 15.0 0.065 65.0 0.004 0.0 0.0 0.0 128.8 140.2 1021.0
92.411 0.00076 359.99995 0.3 4.7 -8.5 2.9 355.0 999.000 4.0 -1.463 -0.043 0.1 -3.8 3.8 -11.3 -11.3 12 0.0 8484 1 1 0 0.0 23.1 15.0 0.065 65.0 0.004 0.0 0.0 0.0 168.4 147.9 1032.0
93.009 0.00077 359.99995 0.4 8.1 -11.3 3.2 355.0 999.000 4.0 -1.463 -0.043 0.1 -3.8 3.8 -11.1 -11.1 12 0.0 8244 1 1 0 0.0 23.1 15.0 0.065 65.0 0.004 0.0 0.0 0.0 190.2 127.7 948.4
93.409 0.00078 359.99995 0.5 9.1 -13.4 2.6 355.0 999.000 4.0 -1.492 0.118 0.1 -3.8 3.8 -10.8 -10.8 12 0.0 8159 1 1 0 0.0 23.1 15.0 0.065 65.0 0.004 0.0 0.0 0.0 239.9 171.9 960.6
94.011 0.00078 359.99995 0.6 10.1 -15.4 2.2 355.0 999.000 4.0 -1.492 0.118 0.1 -3.8 3.8 -10.5 -10.5 12 0.0 8149 1 1 0 0.0 23.1 15.0 0.065 65.0 0.004 0.0 0.0 0.0 259.7 172.0 932.7
94.410 0.00079 359.99995 0.7 7.5 -17.2 2.2 355.0 999.000 4.0 -1.373 -0.095 0.1 2.9 -17.3 -10.2 -10.2 12 0.0 7919 1 1 0 0.0 23.1 15.0 0.065 65.0 0.004 0.0 0.0 0.0 296.3 36.7 942.8
95.030 0.00079 359.99995 0.9 -14.1 -19.2 0.7 355.0 999.000 4.0 -1.373 -0.095 0.1 0.3 -14.7 -9.8 -9.8 12 0.0 7929 1 1 0 0.0 23.1 15.0 0.065 65.0 0.004 0.0 0.0 0.0 333.9 -285.0 862.9
95.423 0.00080 359.99995 1.1 -23.5 -22.3 359.6 355.0 999.000 4.0 -1.524 -0.028 0.1 -19.8 8.4 -9.3 -9.3 12 0.0 8129 1 1 0 0.0 23.1 15.0 0.065 65.0 0.004 0.0 0.0 0.0 438.6 -310.0 847.9
96.010 0.00081 359.99995 1.3 -7.8 -25.2 359.2 355.0 999.000 4.0 -1.524 -0.028 0.1 -23.5 23.5 -8.7 -8.7 0 0.0 0 1 1 0 0.0 23.1 15.0 0.065 65.0 0.004 0.0 0.0 0.0 475.9 -74.9 864.4
96.400 0.00081 359.99995 1.5 8.8 -27.8 359.3 355.0 999.000 4.0 -1.274 -0.021 0.1 -7.8 7.8 -8.1 -8.1 0 0.0 0 1 1 0 0.0 23.1 15.0 0.065 65.0 0.004 0.0 0.0 0.0 489.8 145.1 859.3
97.016 0.00082 359.99995 1.7 5.1 -29.9 358.7 355.0 999.000 4.0 -1.274 -0.021 0.1 8.8 -8.8 -7.5 -7.5 0 0.0 0 1 1 0 0.0 23.1 15.0 0.065 65.0 0.004 0.0 0.0 0.0 514.3 44.8 856.7
97.411 0.00082 359.99995 1.8 -3.6 -31.5 357.6 355.0 999.000 4.0 -0.887 -0.039 0.1 5.1 -5.1 -7.0 -7.0 0 0.0 0 1 1 0 0.0 23.1 15.1 0.065 65.0 0.004 0.0 0.0 0.0 529.5 -63.8 849.0
98.010 0.00083 359.99995 2.0 -3.9 -32.6 356.8 355.0 999.000 4.0 -0.887 -0.039 0.1 -3.6 3.6 -6.5 -6.5 0 0.0 5 1 1 0 0.0 23.1 15.1 0.065 65.0 0.004 0.0 0.0 0.0 548.0 -48.5 844.9
98.412 0.00083 359.99995 2.1 -0.2 -33.4 356.2 355.0 999.000 4.0 -0.778 -0.123 0.1 -3.9 3.9 -6.1 -6.1 0 0.0 0 1 1 0 0.0 23.1 15.1 0.065 65.0 0.004 0.0 0.0 0.0 553.7 7.7 838.4
99.012 0.00083 359.99995 2.3 1.1 -34.1 355.5 355.0 999.000 4.0 -0.778 -0.123 0.1 0.0 0.0 -5.6 -5.6 0 0.0 0 1 1 0 0.0 23.1 15.1 0.065 65.0 0.004 0.0 0.0 0.0 563.4 16.0 832.2
99.411 0.00084 359.99995 2.4 1.3 -34.8 354.9 355.0 999.000 4.0 -0.579 0.054 0.1 0.0 0.0 -5.2 -5.2 0 0.0 0 1 1 0 0.0 23.1 15.1 0.065 65.0 0.004 0.0 0.0 0.0 576.4 18.1 827.8
100.032 0.00084 359.99995 2.5 1.1 -35.4 354.4 355.0 999.000 4.0 -0.579 0.054 0.1 0.0 0.0 -4.9 -4.9 0 0.0 0 1 1 0 0.0 23.1 15.1 0.065 65.0 0.004 0.0 0.0 0.0 578.9 15.3 816.9
100.412 0.00084 359.99995 2.6 1.0 -35.7 354.0 355.0 999.000 4.0 -0.435 0.042 0.1 0.0 0.0 -4.6 -4.6 0 0.0 0 1 1 0 0.0 23.1 15.1 0.065 65.0 0.004 0.0 0.0 0.0 585.4 14.6 813.4
101.013 0.00084 359.99995 2.6 1.5 -35.8 353.5 355.0 999.000 4.0 -0.435 0.042 0.1 0.0 0.0 -4.3 -4.3 0 0.0 0 1 1 0 0.0 23.1 15.1 0.065 65.0 0.004 0.0 0.0 0.0 587.4 24.6 815.3
101.413 0.00085 359.99995 2.7 2.3 -35.9 353.1 355.0 999.000 4.0 -0.457 0.041 0.1 0.0 0.0 -4.1 -4.1 0 0.0 0 1 1 0 0.0 23.1 15.1 0.065 65.0 0.004 0.0 0.0 0.0 590.8 35.1 815.7
102.012 0.00085 359.99994 2.8 2.6 -35.9 352.6 355.0 999.000 4.0 -0.457 0.041 0.1 0.0 0.0 -3.9 -3.9 0 0.0 0 1 1 0 0.0 23.1 15.1 0.065 65.0 0.004 0.0 0.0 0.0 586.7 37.2 813.7
102.412 0.00085 359.99994 2.8 2.6 -35.7 352.3 355.0 999.000 4.0 -0.373 -0.052 0.1 0.0 0.0 -3.7 -3.7 0 0.0 5 1 1 0 0.0 23.1 15.1 0.065 65.0 0.004 0.0 0.0 0.0 585.1 37.7 817.5
103.015 0.00085 359.99994 2.8 2.7 -35.3 351.9 355.0 999.000 4.0 -0.373 -0.052 0.1 0.0 0.0 -3.6 -3.6 0 0.0 5 1 1 0 0.0 23.1 15.1 0.065 65.0 0.004 0.0 0.0 0.0 577.4 39.3 817.0
103.412 0.00085 359.99994 2.9 3.2 -34.9 351.5 355.0 999.000 4.0 -0.195 0.036 0.2 0.0 0.0 -3.5 -3.4 0 0.0 0 1 1 0 0.0 23.1 15.1 0.065 65.0 0.004 0.0 0.0 0.0 572.8 47.1 823.4
104.015 0.00085 359.99994 2.9 3.3 -34.4 351.1 355.0 999.000 4.0 -0.195 0.036 0.2 3.2 -3.2 -3.4 -3.4 0 0.0 5 1 1 0 0.0 23.1 15.1 0.065 65.0 0.004 0.0 0.0 0.0 564.0 47.7 826.6
104.414 0.00086 359.99994 2.9 3.3 -33.9 350.8 355.0 999.000 4.0 -0.302 0.146 0.1 3.3 -3.3 -3.3 -3.3 0 0.0 0 1 1 0 0.0 23.1 15.1 0.065 65.0 0.004 0.0 0.0 0.0 557.2 49.3 832.6
105.031 0.00086 359.99994 2.9 3.4 -33.3 350.5 355.0 999.000 4.0 -0.302 0.146 0.1 3.3 -3.3 -3.3 -3.3 0 0.0 0 1 1 0 0.0 23.1 15.1 0.065 65.0 0.004 0.0 0.0 0.0 548.1 52.5 836.8
105.413 0.00086 359.99994 2.9 3.7 -32.8 350.2 355.0 999.000 4.0 -0.252 0.106 0.1 3.4 -3.4 -3.2 -3.2 0 0.0 0 1 1 0 0.0 23.1 65.5 0.065 65.0 0.004 0.0 0.0 0.0 540.5 56.7 841.9
106.013 0.00086 359.99994 2.9 3.8 -32.2 349.8 355.0 999.000 4.0 -0.252 0.106 0.1 3.7 -3.7 -3.2 -3.2 0 0.0 0 1 1 0 0.0 23.1 15.1 0.065 65.0 0.004 0.0 0.0 0.0 532.4 57.6 847.0
106.400 0.00086 359.99994 2.9 3.7 -31.7 349.6 355.0 999.000 4.0 -0.291 -0.047 0.1 9.0 1.4 -3.3 -3.3 0 0.0 0 1 1 0 0.0 23.1 15.1 0.065 65.0 0.004 0.0 0.0 0.0 523.2 54.7 851.5
107.013 0.00086 359.99994 2.9 3.7 -31.2 349.2 355.0 999.000 4.0 -0.291 -0.047 0.1 9.1 1.7 -3.3 -3.3 0 0.0 0 1 1 0 0.0 23.1 15.1 0.065 65.0 0.004 0.0 0.0 0.0 518.6 54.9 857.2
107.412 0.00086 359.99994 2.9 3.9 -30.8 348.7 355.0 999.000 4.0 -0.152 -0.061 0.1 9.5 2.1 -3.4 -3.4 0 0.0 5 1 1 0 0.0 23.1 15.1 0.065 65.0 0.004 0.0 0.0 0.0 512.3 57.7 858.2
108.014 0.00086 359.99994 2.8 3.9 -30.3 348.4 355.0 999.000 4.0 -0.152 -0.061 0.1 10.2 2.4 -3.4 -3.4 0 0.0 0 1 1 0 0.0 23.1 15.1 0.065 65.0 0.004 0.0 0.0 0.0 505.7 60.8 864.0
108.414 0.00087 359.99994 2.8 3.8 -29.9 348.0 355.0 999.000 4.0 -0.194 -0.134 0.1 10.5 2.7 -3.5 -3.5 0 0.0 0 1 1 0 0.0 23.1 15.1 0.065 65.0 0.004 0.0 0.0 0.0 498.6 57.5 866.9
109.014 0.00087 359.99994 2.8 3.7 -29.6 347.6 355.0 999.000 4.0 -0.194 -0.134 0.1 10.8 3.2 -3.6 -3.6 0 0.0 0 1 1 0 0.0 23.1 15.1 0.065 65.0 0.004 0.0 0.0 0.0 495.4 54.7 869.4
109.411 0.00087 359.99994 2.7 3.8 -29.3 347.1 355.0 999.000 4.0 -0.017 -0.029 0.1 11.1 3.7 -3.7 -3.7 0 0.0 0 1 1 0 0.0 23.1 15.1 0.065 65.0 0.004 0.0 0.0 0.0 489.5 58.9 872.1
110.036 0.00087 359.99994 2.7 3.9 -29.0 346.5 355.0 999.000 4.0 -0.017 -0.029 0.1 11.7 4.1 -3.8 -3.9 0 0.0 0 1 1 0 0.0 23.1 15.1 0.065 65.0 0.004 0.0 0.0 0.0 486.3 60.5 875.0
110.413 0.00087 359.99994 2.6 3.8 -28.7 346.0 355.0 999.000 4.0 -0.018 0.023 0.1 12.4 4.6 -4.0 -4.0 0 0.0 0 1 1 0 0.0 23.1 15.1 0.065 65.0 0.004 0.0 0.0 0.0 482.1 57.4 877.2
111.011 0.00087 359.99994 2.6 3.9 -28.4 345.2 355.0 999.000 4.0 -0.018 0.023 0.1 12.8 5.2 -4.1 -4.1 0 0.0 0 1 1 0 0.0 23.1 15.1 0.065 65.0 0.004 0.0 0.0 0.0 476.8 59.7 879.5
111.403 0.00087 359.99994 2.5 4.1 -28.1 344.4 355.0 999.000 4.0 -0.093 -0.008 0.1 13.7 5.9 -4.3 -4.3 0 0.0 0 1 1 0 0.0 23.1 15.1 0.065 65.0 0.004 0.0 0.0 0.0 467.6 62.2 883.0
112.014 0.00087 359.99994 2.4 3.9 -27.6 343.3 355.0 999.000 4.0 -0.093 -0.008 0.1 14.7 6.5 -4.5 -4.5 0 0.0 0 1 1 0 0.0 23.1 15.1 0.065 65.0 0.004 0.0 0.0 0.0 461.7 60.0 886.3
112.412 0.00087 359.99994 2.4 3.9 -27.0 341.9 355.0 999.000 4.0 -0.010 -0.031 0.1 15.6 7.8 -4.7 -4.7 0 0.0 0 1 1 0 0.0 23.1 15.1 0.065 65.0 0.004 0.0 0.0 0.0 451.5 60.8 891.2
113.015 0.00087 359.99994 2.3 4.1 -26.3 340.4 355.0 999.000 4.0 -0.010 -0.031 0.1 17.0 9.2 -4.9 -4.9 0 0.0 0 1 1 0 0.0 23.1 15.1 0.065 65.0 0.004 0.0 0.0 0.0 440.9 65.7 897.8
113.414 0.00087 359.99994 2.2 4.0 -25.4 338.8 355.0 999.000 4.0 0.028 -0.086 0.1 18.7 10.5 -5.1 -5.1 0 0.0 5 1 1 0 0.0 23.1 15.1 0.065 65.0 0.004 0.0 0.0 0.0 427.2 61.8 902.5
114.021 0.00087 359.99994 2.2 3.9 -24.5 336.9 355.0 999.000 4.0 0.028 -0.086 0.1 20.2 12.2 -5.3 -5.3 0 0.0 0 1 1 0 0.0 23.1 15.1 0.065 65.0 0.004 0.0 0.0 0.0 411.1 63.0 910.3
114.413 0.00087 359.99994 2.1 3.9 -23.4 334.9 355.0 999.000 4.0 0.057 -0.013 0.1 22.0 14.2 -5.5 -5.5 0 0.0 0 1 1 0 0.0 23.1 15.1 0.065 65.0 0.004 0.0 0.0 0.0 396.0 64.1 919.6
115.036 0.00087 359.99994 2.0 3.8 -22.3 333.1 355.0 999.000 4.0 0.057 -0.013 0.1 24.0 16.2 -5.8 -5.8 0 0.0 0 1 1 0 0.0 23.1 15.1 0.065 65.0 0.004 0.0 0.0 0.0 377.0 62.1 924.5
115.413 0.00087 359.99994 1.9 3.8 -21.3 331.3 355.0 999.000 4.0 0.042 0.067 0.2 25.7 18.1 -6.0 -6.0 0 0.0 0 1 1 0 0.0 23.1 15.1 0.065 65.0 0.004 0.0 0.0 0.0 360.6 61.8 929.3
116.020 0.00088 359.99994 1.8 3.9 -20.0 329.1 355.0 999.000 4.0 0.042 0.067 0.2 27.5 19.9 -6.3 -6.3 0 0.0 0 1 1 0 0.0 23.1 15.1 0.065 65.0 0.004 0.0 0.0 0.0 340.2 66.0 939.5
116.414 0.00088 359.99994 1.7 3.8 -18.9 327.3 355.0 999.000 4.0 0.109 0.079 0.1 29.0 22.0 -6.5 -6.5 0 0.0 0 1 1 0 0.0 23.1 15.1 0.065 65.0 0.004 0.0 0.0 0.0 318.9 61.7 947.2
117.013 0.00088 359.99994 1.7 3.7 -17.8 325.6 355.0 999.000 4.0 0.109 0.079 0.1 29.0 23.9 -6.7 -6.8 0 0.0 0 1 1 0 0.0 23.1 15.1 0.065 65.0 0.004 0.0 0.0 0.0 303.6 60.8 949.2
117.414 0.00088 359.99994 1.6 3.8 -16.8 323.6 355.0 999.000 4.0 0.134 0.043 0.1 29.0 25.7 -7.0 -7.0 0 0.0 0 1 1 0 0.0 23.1 15.1 0.065 65.0 0.004 0.0 0.0 0.0 285.4 65.4 952.6
118.013 0.00088 359.99994 1.5 3.8 -15.8 322.3 355.0 999.000 4.0 0.134 0.043 0.1 29.0 27.6 -7.2 -7.2 0 0.0 0 1 1 0 0.0 23.1 15.1 0.065 65.0 0.004 0.0 0.0 0.0 270.2 64.8 959.9
118.414 0.00088 359.99994 1.4 3.7 -15.1 321.0 355.0 999.000 4.0 0.123 -0.059 0.1 29.0 28.9 -7.5 -7.5 0 0.0 0 1 1 0 0.0 23.1 15.1 0.065 65.0 0.004 0.0 0.0 0.0 257.6 64.3 965.8
119.020 0.00088 359.99994 1.4 3.9 -14.4 319.2 355.0 999.000 4.0 0.123 -0.059 0.1 29.0 29.0 -7.7 -7.7 0 0.0 0 1 1 0 0.0 23.1 15.1 0.065 65.0 0.004 0.0 0.0 0.0 248.7 66.9 966.9
119.412 0.00088 359.99994 1.3 4.0 -14.0 317.8 355.0 999.000 4.0 0.021 -0.078 0.1 29.0 29.0 -7.9 -7.9 0 0.0 0 1 1 0 0.0 23.1 15.1 0.065 65.0 0.004 0.0 0.0 0.0 238.8 72.7 964.4
120.035 0.00088 359.99993 1.2 3.8 -13.6 316.8 355.0 999.000 4.0 0.021 -0.078 0.1 29.0 29.0 -8.1 -8.1 0 0.0 0 1 1 0 0.0 23.1 15.1 0.065 65.0 0.004 0.0 0.0 0.0 232.6 65.0 968.1
120.414 0.00088 359.99993 1.2 3.7 -13.2 315.3 355.0 999.000 4.0 0.104 0.092 0.1 29.0 29.0 -8.4 -8.3 0 0.0 5 1 1 0 0.0 23.1 15.1 0.065 65.0 0.004 0.0 0.0 0.0 228.2 64.8 974.9
121.020 0.00088 359.99993 1.1 4.3 -13.0 313.3 355.0 999.000 4.0 0.104 0.092 0.1 29.0 29.0 -8.5 -8.5 0 0.0 0 1 1 0 0.0 23.1 15.1 0.065 65.0 0.004 0.0 0.0 0.0 225.1 76.0 970.7
121.415 0.00088 359.99993 1.0 3.9 -13.2 311.7 355.0 999.000 4.0 0.125 0.101 0.1 29.0 29.0 -8.7 -8.7 0 0.0 5 1 1 0 0.0 23.1 15.1 0.065 65.0 0.004 0.0 0.0 0.0 223.0 65.9 966.9
122.014 0.00088 359.99993 1.0 3.7 -12.7 309.7 355.0 999.000 4.0 0.125 0.101 0.1 29.0 29.0 -8.9 -8.9 0 0.0 0 1 1 0 0.0 23.1 15.1 0.065 65.0 0.004 0.0 0.0 0.0 225.5 63.1 974.9
122.414 0.00088 359.99993 0.9 4.2 -13.1 306.9 355.0 999.000 4.0 -0.106 -0.022 0.1 29.0 29.0 -9.1 -9.1 0 0.0 0 1 1 0 0.0 23.1 15.1 0.065 65.0 0.004 0.0 0.0 0.0 226.8 68.3 973.7
123.018 0.00088 359.99993 0.8 4.5 -13.7 304.6 355.0 999.000 4.0 -0.106 -0.022 0.1 29.0 29.0 -9.3 -9.3 0 0.0 0 1 1 0 0.0 23.1 15.1 0.065 65.0 0.004 0.0 0.0 0.0 231.9 82.4 964.3
123.414 0.00088 359.99993 0.8 4.0 -13.6 302.5 355.0 999.000 4.0 0.046 0.038 0.1 29.0 29.0 -9.5 -9.5 0 0.0 0 1 1 0 0.0 23.1 15.1 0.065 65.0 0.004 0.0 0.0 0.0 241.0 69.0 968.8
124.013 0.00088 359.99993 0.7 3.7 -14.2 299.9 355.0 999.000 4.0 0.046 0.038 0.1 29.0 29.0 -9.7 -9.7 0 0.0 0 1 1 0 0.0 23.1 15.1 0.065 65.0 0.004 0.0 0.0 0.0 244.0 58.4 968.7
124.415 0.00088 359.99993 0.7 5.2 -14.5 297.7 355.0 999.000 4.0 0.158 -0.051 0.1 29.0 29.0 -9.8 -9.8 0 0.0 0 1 1 0 0.0 23.1 15.1 0.065 65.0 0.004 0.0 0.0 0.0 248.4 95.5 959.3
125.039 0.00088 359.99993 0.6 4.3 -14.7 295.4 355.0 999.000 4.0 0.158 -0.051 0.1 29.0 29.0 -10.0 -10.0 0 0.0 5 1 1 0 0.0 23.1 15.1 0.065 65.0 0.004 0.0 0.0 0.0 258.6 68.6 969.7
125.413 0.00089 359.99993 0.5 3.2 -15.0 293.5 355.0 999.000 4.0 0.270 0.095 0.1 29.0 29.0 -10.2 -10.2 0 0.0 0 1 1 0 0.0 23.1 15.1 0.065 65.0 0.004 0.0 0.0 0.0 260.3 56.1 968.2
126.020 0.00089 359.99993 0.5 5.3 -15.2 291.4 355.0 999.000 4.0 0.270 0.095 0.1 29.0 29.0 -10.4 -10.4 0 0.0 0 1 1 0 0.0 23.1 15.1 0.065 65.0 0.004 0.0 0.0 0.0 258.9 89.9 953.4
126.414 0.00089 359.99993 0.4 5.7 -14.7 289.7 355.0 999.000 4.0 0.013 -0.032 0.1 29.0 29.0 -10.6 -10.6 0 0.0 0 1 1 0 0.0 23.1 15.1 0.065 65.0 0.004 0.0 0.0 0.0 246.4 95.1 964.9
127.013 0.00089 359.99993 0.3 4.0 -12.9 288.3 355.0 999.000 4.0 0.013 -0.032 0.1 29.0 29.0 -10.8 -10.8 0 0.0 0 1 1 0 0.0 23.1 15.1 0.065 65.0 0.004 0.0 0.0 0.0 223.2 76.5 973.7
127.416 0.00089 359.99992 0.3 4.1 -10.4 287.3 355.0 999.000 4.0 0.220 0.093 0.1 29.0 29.0 -11.0 -11.0 0 0.0 5 1 1 0 0.0 23.1 15.1 0.065 65.0 0.004 0.0 0.0 0.0 159.9 63.6 982.1
128.018 0.00089 359.99992 0.2 6.1 -6.5 286.9 355.0 999.000 4.0 0.220 0.093 0.1 29.0 29.0 -11.1 -11.1 0 0.0 0 1 1 0 0.0 23.1 15.1 0.065 65.0 0.004 0.0 0.0 0.0 96.0 111.4 974.4
128.414 0.00089 359.99992 0.2 5.5 -1.9 287.1 355.0 999.000 4.0 0.079 0.013 0.2 29.0 29.0 -11.3 -11.3 0 0.0 0 1 1 0 0.0 23.1 15.1 0.065 65.0 0.004 0.0 0.0 0.0 28.7 98.2 983.9
129.015 0.00089 359.99992 0.1 3.0 1.2 287.4 355.0 999.000 4.0 0.079 0.013 0.2 29.0 29.0 -11.4 -11.4 0 0.0 5 1 1 0 0.0 23.1 15.1 0.065 65.0 0.004 0.0 0.0 0.0 -25.8 59.2 1033.0
129.414 0.00089 359.99992 0.1 4.0 4.2 288.2 355.0 999.000 4.0 0.061 -0.047 0.1 29.0 29.0 -11.6 -11.6 0 0.0 0 1 1 0 0.0 23.1 15.1 0.065 65.0 0.004 0.0 0.0 0.0 -90.6 64.1 946.3
130.035 0.00089 359.99992 0.1 6.0 4.6 289.0 355.0 999.000 4.0 0.061 -0.047 0.1 29.0 29.0 -11.6 -11.6 0 0.0 0 1 1 0 0.0 23.1 15.1 0.065 65.0 0.004 0.0 0.0 0.0 -69.5 120.2 1001.0
130.416 0.00089 359.99992 0.1 3.0 2.3 289.6 355.0 999.000 4.0 0.066 -0.030 0.0 29.0 29.0 -11.6 -11.6 0 0.0 0 1 1 0 0.0 23.1 15.1 0.065 65.0 0.004 0.0 0.0 0.0 -37.5 46.2 998.4
131.014 0.00089 359.99992 0.1 3.8 2.0 291.0 355.0 999.000 4.0 0.066 -0.030 0.0 29.0 29.0 -11.6 -11.6 0 0.0 0 1 1 0 0.0 23.1 15.1 0.065 65.0 0.004 0.0 0.0 0.0 -30.1 67.2 987.6
131.405 0.00089 359.99992 0.2 6.0 0.3 290.7 355.0 999.000 4.0 0.016 -0.056 0.0 29.0 29.0 -11.6 -11.6 0 0.0 0 1 1 0 0.0 23.1 15.1 0.065 65.0 0.004 0.0 0.0 0.0 4.9 113.4 1017.0
132.017 0.00089 359.99992 0.2 4.9 -0.2 291.4 355.0 999.000 4.0 0.016 -0.056 0.0 29.0 29.0 -11.6 -11.6 0 0.0 0 1 1 0 0.0 23.1 15.1 0.065 65.0 0.004 0.0 0.0 0.0 -3.6 103.2 981.5
132.413 0.00089 359.99992 0.2 2.6 -0.4 291.5 355.0 999.000 4.0 0.072 0.020 0.0 29.0 29.0 -11.5 -11.5 0 0.0 5 1 1 0 0.0 23.1 15.1 0.065 65.0 0.004 0.0 0.0 0.0 6.8 39.5 988.8
133.015 0.00089 359.99992 0.2 5.0 -0.1 292.2 355.0 999.000 4.0 0.072 0.020 0.0 29.0 29.0 -11.6 -11.5 0 0.0 0 1 1 0 0.0 23.1 15.1 0.065 65.0 0.004 0.0 0.0 0.0 7.2 90.2 1012.0
133.414 0.00089 359.99992 0.2 8.1 -0.3 291.6 355.0 999.000 4.0 0.103 -0.086 0.1 29.0 29.0 -11.5 -11.5 0 0.0 0 1 1 0 0.0 23.1 15.1 0.065 65.0 0.004 0.0 0.0 0.0 4.8 155.4 996.2
134.017 0.00089 359.99992 0.1 2.7 0.7 292.7 355.0 999.000 4.0 0.103 -0.086 0.1 29.0 29.0 -11.5 -11.5 0 0.0 0 1 1 0 0.0 23.1 15.1 0.065 65.0 0.004 0.0 0.0 0.0 -16.5 55.2 982.5
134.416 0.00089 359.99992 0.1 1.0 1.2 292.0 355.0 999.000 4.0 0.108 -0.148 0.0 29.0 29.0 -11.6 -11.6 0 0.0 5 1 1 0 0.0 23.1 15.1 0.065 65.0 0.004 0.0 0.0 0.0 -16.6 13.1 1001.0
135.029 0.00089 359.99992 0.1 8.6 0.9 293.0 355.0 999.000 4.0 0.108 -0.148 0.0 29.0 29.0 -11.6 -11.6 0 0.0 0 1 1 0 0.0 23.1 15.1 0.065 65.0 0.004 0.0 0.0 0.0 -24.4 187.1 999.7
135.413 0.00089 359.99992 0.1 4.7 3.2 293.1 355.0 999.000 4.0 0.102 0.054 0.0 29.0 29.0 -11.6 -11.6 0 0.0 0 1 1 0 0.0 23.1 15.1 0.065 65.0 0.004 0.0 0.0 0.0 -49.3 43.7 970.8
136.018 0.00089 359.99992 0.1 0.8 1.7 293.3 355.0 999.000 4.0 0.102 0.054 0.0 29.0 29.0 -11.6 -11.6 0 0.0 0 1 1 0 0.0 23.1 15.1 0.065 65.0 0.004 0.0 0.0 0.0 -35.8 41.5 1020.0
136.415 0.00089 359.99991 0.1 4.4 2.8 293.3 355.0 999.000 4.0 0.048 0.056 -0.0 29.0 29.0 -11.6 -11.6 0 0.0 5 1 1 0 0.0 23.1 15.1 0.065 65.0 0.004 0.0 0.0 0.0 -47.2 93.1 990.2
137.013 0.00089 359.99991 0.1 8.0 2.8 294.1 355.0 999.000 4.0 0.048 0.056 -0.0 29.0 29.0 -11.6 -11.6 0 0.0 0 1 1 0 0.0 23.1 15.1 0.065 65.0 0.004 0.0 0.0 0.0 -50.0 141.3 973.3
137.417 0.00089 359.99991 0.1 4.2 1.2 295.1 355.0 999.000 4.0 0.144 -0.046 0.0 29.0 29.0 -11.6 -11.6 0 0.0 5 1 1 0 0.0 23.1 15.1 0.065 65.0 0.004 0.0 0.0 0.0 -26.7 63.2 1021.0
138.016 0.00089 359.99991 0.1 1.3 2.1 295.0 355.0 999.000 4.0 0.144 -0.046 0.0 29.0 29.0 -11.6 -11.7 0 0.0 0 1 1 0 0.0 23.1 15.1 0.065 65.0 0.004 0.0 0.0 0.0 -26.0 51.2 994.6
138.414 0.00089 359.99991 0.1 6.1 1.2 295.1 355.0 999.000 4.0 0.051 -0.057 0.0 29.0 29.0 -11.6 -11.6 0 0.0 0 1 1 0 0.0 23.1 15.1 0.065 65.0 0.004 0.0 0.0 0.0 -26.4 130.6 986.4
139.016 0.00089 359.99991 0.1 8.0 1.3 296.1 355.0 999.000 4.0 0.051 -0.057 0.0 29.0 29.0 -11.6 -11.7 0 0.0 0 1 1 0 0.0 23.1 15.1 0.065 65.0 0.004 0.0 0.0 0.0 -26.5 131.7 988.7
139.415 0.00089 359.99991 0.1 2.8 1.9 297.2 355.0 999.000 4.0 0.057 0.035 0.0 29.0 29.0 -11.6 -11.6 0 0.0 5 1 1 0 0.0 23.1 15.1 0.065 65.0 0.004 0.0 0.0 0.0 -40.1 67.2 987.4
140.034 0.00089 359.99991 0.1 1.4 2.8 297.1 355.0 999.000 4.0 0.057 0.035 0.0 29.0 29.0 -11.6 -11.7 0 0.0 0 1 1 0 0.0 23.1 15.1 0.065 65.0 0.004 0.0 0.0 0.0 -42.8 18.1 981.6
140.417 0.00089 359.99991 0.1 7.6 1.8 298.4 355.0 999.000 4.0 -0.050 -0.182 -0.0 29.0 29.0 -11.7 -11.7 0 0.0 0 1 1 0 0.0 23.1 15.1 0.065 65.0 0.004 0.0 0.0 0.0 -35.7 172.6 995.1
141.015 0.00089 359.99991 0.1 5.1 1.8 298.5 355.0 999.000 4.0 -0.050 -0.182 -0.0 29.0 29.0 -11.6 -11.6 0 0.0 0 1 1 0 0.0 23.1 15.1 0.065 65.0 0.004 0.0 0.0 0.0 -38.4 65.7 984.6
141.405 0.00089 359.99991 0.1 1.9 2.6 298.2 355.0 999.000 4.0 0.011 -0.038 0.0 29.0 29.0 -11.6 -11.6 0 0.0 0 1 1 0 0.0 23.1 15.1 0.065 65.0 0.004 0.0 0.0 0.0 -41.0 33.7 996.1
142.026 0.00089 359.99991 0.1 5.3 1.5 298.7 355.0 999.000 4.0 0.011 -0.038 0.0 29.0 29.0 -11.6 -11.6 0 0.0 0 1 1 0 0.0 23.1 15.1 0.065 65.0 0.004 0.0 0.0 0.0 -33.5 105.6 996.4
142.415 0.00089 359.99991 0.1 5.7 2.5 299.7 355.0 999.000 4.0 0.050 -0.067 -0.0 29.0 29.0 -11.6 -11.6 0 0.0 0 1 1 0 0.0 23.1 15.1 0.065 65.0 0.004 0.0 0.0 0.0 -40.3 99.5 996.5
143.016 0.00089 359.99991 0.1 3.3 1.5 299.3 355.0 999.000 4.0 0.050 -0.067 -0.0 29.0 29.0 -11.6 -11.6 0 0.0 5 1 1 0 0.0 23.1 15.1 0.065 65.0 0.004 0.0 0.0 0.0 -26.8 49.3 1012.0
143.417 0.00089 359.99991 0.1 4.8 2.7 299.5 355.0 999.000 4.0 0.099 0.009 0.0 29.0 29.0 -11.6 -11.7 0 0.0 5 1 1 0 0.0 23.1 15.1 0.065 65.0 0.004 0.0 0.0 0.0 -40.1 90.7 976.7
144.015 0.00089 359.99991 0.1 6.4 0.7 299.6 355.0 999.000 4.0 0.099 0.009 0.0 29.0 29.0 -11.6 -11.7 0 0.0 0 1 1 0 0.0 23.1 15.1 0.065 65.0 0.004 0.0 0.0 0.0 -13.9 124.6 1008.0
144.426 0.00089 359.99991 0.1 4.0 1.5 299.4 355.0 999.000 4.0 0.163 0.055 0.0 29.0 29.0 -11.6 -11.6 0 0.0 0 1 1 0 0.0 23.1 15.1 0.065 65.0 0.004 0.0 0.0 0.0 -22.9 79.0 1001.0
145.032 0.00089 359.99991 0.1 4.4 0.8 299.2 355.0 999.000 4.0 0.163 0.055 0.0 29.0 29.0 -11.6 -11.6 0 0.0 0 1 1 0 0.0 23.1 15.1 0.065 65.0 0.004 0.0 0.0 0.0 -14.6 84.0 1001.0
145.417 0.00089 359.99991 0.1 6.7 2.0 298.4 355.0 999.000 4.0 0.080 -0.036 0.0 29.0 29.0 -11.6 -11.7 0 0.0 5 1 1 0 0.0 23.1 15.1 0.065 65.0 0.004 0.0 0.0 0.0 -36.6 121.5 980.9
146.016 0.00089 359.99991 0.1 5.8 0.9 299.1 355.0 999.000 4.0 0.080 -0.036 0.0 29.0 29.0 -11.6 -11.7 0 0.0 0 1 1 0 0.0 23.1 15.1 0.065 65.0 0.004 0.0 0.0 0.0 -26.4 96.4 997.9
146.407 0.00089 359.99991 0.1 3.0 2.1 298.9 355.0 999.000 4.0 -0.065 -0.010 -0.0 29.0 29.0 -11.7 -11.7 0 0.0 0 1 1 0 0.0 23.1 15.1 0.065 65.0 0.004 0.0 0.0 0.0 -29.9 67.5 1003.0
