7.662 0.00000 0.00000 0.1 5.3 1.3 292.1 999.0 999.000 999.0 nan nan nan 0.0 0.0 0.0 0.0 0 0.0 5 0 0 0 0.0 0.0 0.0 0.000 0.0 0.000 0.0 0.0 0.0 -28.6 106.8 1009.0
8.158 0.00000 0.00000 0.1 3.7 1.8 291.0 999.0 999.000 999.0 nan nan nan 0.0 0.0 0.0 0.0 0 0.0 0 0 0 0 0.0 23.2 15.1 0.065 65.0 0.004 0.0 0.0 0.0 -24.4 57.0 987.3
8.660 0.00000 0.00000 0.1 5.5 0.2 290.4 999.0 999.000 999.0 nan nan nan 0.0 0.0 0.0 0.0 0 0.0 0 0 0 0 0.0 23.2 15.1 0.065 65.0 0.004 0.0 0.0 0.0 3.5 110.9 989.8
9.159 0.00000 0.00000 0.2 5.6 -1.4 290.0 999.0 999.000 999.0 nan nan nan 0.0 0.0 0.0 0.0 0 0.0 0 0 0 0 0.0 23.2 15.1 0.065 65.0 0.004 0.0 0.0 0.0 13.3 99.1 1007.0
9.559 0.00000 360.00000 0.2 3.1 -1.1 289.0 999.0 999.000 999.0 -0.056 -0.031 -0.0 0.0 0.0 0.0 0.0 0 0.0 0 0 0 0 0.0 23.2 15.1 0.065 65.0 0.004 0.0 0.0 0.0 19.8 39.6 999.7
10.159 0.00000 360.00000 0.2 5.4 -0.8 288.3 999.0 999.000 999.0 -0.056 -0.031 -0.0 0.0 0.0 0.0 0.0 0 0.0 0 0 0 0 0.0 23.2 15.1 0.065 65.0 0.004 0.0 0.0 0.0 10.4 122.6 982.3
10.559 0.00000 360.00000 0.2 5.7 -0.8 287.8 999.0 999.000 999.0 -0.036 0.045 -0.0 0.0 0.0 0.0 0.0 0 0.0 0 0 0 0 0.0 23.2 15.1 0.065 65.0 0.004 0.0 0.0 0.0 15.3 96.6 1004.0
11.159 0.00000 360.00000 0.2 3.1 -0.4 287.6 999.0 999.000 999.0 -0.036 0.045 -0.0 0.0 0.0 0.0 0.0 0 0.0 0 0 0 0 0.0 23.2 15.1 0.065 65.0 0.004 0.0 0.0 0.0 0.9 48.1 993.7
11.581 0.00000 360.00000 0.2 4.4 0.2 287.6 999.0 999.000 999.0 -0.088 0.051 0.0 0.0 0.0 0.0 0.0 0 0.0 0 0 0 0 0.0 23.2 15.1 0.065 65.0 0.004 0.0 0.0 0.0 -0.4 81.0 1003.0
12.160 0.00000 360.00000 0.2 6.7 0.6 287.2 999.0 999.000 999.0 -0.088 0.051 0.0 0.0 0.0 0.0 0.0 0 0.0 0 0 0 0 0.0 23.2 15.1 0.065 65.0 0.004 0.0 0.0 0.0 -12.6 145.1 975.0
12.566 0.00000 360.00000 0.2 1.7 -0.1 287.3 999.0 999.000 999.0 0.098 -0.175 0.0 0.0 0.0 0.0 0.0 0 0.0 0 0 0 0 0.0 23.2 15.1 0.065 65.0 0.004 0.0 0.0 0.0 -4.3 -1.5 1013.0
13.161 0.00000 360.00000 0.2 4.5 1.2 286.8 999.0 999.000 999.0 0.098 -0.175 0.0 0.0 0.0 0.0 0.0 0 0.0 0 0 0 0 0.0 23.2 15.1 0.065 65.0 0.004 0.0 0.0 0.0 -8.6 118.1 993.5
13.558 0.00000 360.00000 0.2 6.4 0.1 287.0 999.0 999.000 999.0 -0.064 -0.022 0.0 0.0 0.0 0.0 0.0 0 0.0 0 0 0 0 0.0 23.2 15.1 0.065 65.0 0.004 0.0 0.0 0.0 -14.6 110.9 983.1
14.160 0.00000 360.00000 0.1 3.3 -0.3 287.0 999.0 999.000 999.0 -0.064 -0.022 0.0 0.0 0.0 0.0 0.0 0 0.0 0 0 0 0 0.0 23.2 15.1 0.065 65.0 0.004 0.0 0.0 0.0 3.9 51.0 1026.0
14.560 0.00000 360.00000 0.1 3.9 1.2 286.8 999.0 999.000 999.0 -0.020 0.057 -0.0 0.0 0.0 0.0 0.0 0 0.0 0 0 0 0 0.0 23.2 15.1 0.065 65.0 0.004 0.0 0.0 0.0 -17.8 85.3 983.4
15.160 0.00000 359.99999 0.1 5.7 0.2 286.7 999.0 999.000 999.0 -0.020 0.057 -0.0 0.0 0.0 0.0 0.0 0 0.0 0 0 0 0 0.0 23.2 15.1 0.065 65.0 0.004 0.0 0.0 0.0 -6.1 98.8 990.8
15.561 0.00000 359.99999 0.1 5.3 1.3 287.3 999.0 999.000 999.0 0.094 0.048 0.0 0.0 0.0 0.0 0.0 0 0.0 0 0 0 0 0.0 23.2 15.1 0.065 65.0 0.004 0.0 0.0 0.0 -27.4 86.3 1006.0
16.162 0.00000 359.99999 0.1 4.9 1.5 286.9 999.0 999.000 999.0 0.094 0.048 0.0 0.0 0.0 0.0 0.0 0 0.0 0 0 0 0 0.0 23.2 15.1 0.065 65.0 0.004 0.0 0.0 0.0 -26.5 88.5 996.4
16.582 0.00000 359.99999 0.1 4.6 2.3 287.7 999.0 999.000 999.0 0.042 0.026 0.1 0.0 0.0 0.0 0.0 0 0.0 0 0 0 0 0.0 23.2 15.1 0.065 65.0 0.004 0.0 0.0 0.0 -47.9 80.2 982.0
17.181 0.00000 359.99999 0.1 5.0 1.6 287.7 999.0 999.000 999.0 0.042 0.026 0.1 0.0 0.0 0.0 0.0 0 0.0 0 0 0 0 0.0 23.2 15.1 0.065 65.0 0.004 0.0 0.0 0.0 -20.0 85.7 1004.0
17.570 0.00000 359.99999 0.1 5.2 0.6 287.0 999.0 999.000 999.0 -0.115 0.003 -0.0 0.0 0.0 0.0 0.0 0 0.0 0 0 0 0 0.0 23.2 15.1 0.065 65.0 0.004 0.0 0.0 0.0 -6.9 88.1 1001.0
18.168 0.00000 359.99999 0.1 5.2 -0.0 286.8 999.0 999.000 999.0 -0.115 0.003 -0.0 0.0 0.0 0.0 0.0 0 0.0 5 0 0 0 0.0 23.2 15.1 0.065 65.0 0.004 0.0 0.0 0.0 -3.8 82.8 986.3
18.562 0.00000 359.99999 0.1 5.0 -0.7 286.3 999.0 999.000 999.0 0.201 0.077 0.0 0.0 0.0 0.0 0.0 0 0.0 0 0 0 0 0.0 23.2 15.1 0.065 65.0 0.004 0.0 0.0 0.0 10.3 74.3 1021.0
19.169 0.00000 359.99999 0.1 5.9 0.7 286.0 999.0 999.000 999.0 0.201 0.077 0.0 0.0 0.0 0.0 0.0 0 0.0 5 0 0 0 0.0 23.2 15.1 0.065 65.0 0.004 0.0 0.0 0.0 -10.4 129.7 967.0
19.559 0.00000 359.99999 0.1 2.7 0.4 285.6 999.0 999.000 999.0 0.025 -0.152 0.1 0.0 0.0 0.0 0.0 0 0.0 5 0 0 0 0.0 23.2 15.1 0.065 65.0 0.004 0.0 0.0 0.0 -3.1 17.3 1016.0
20.171 0.00000 359.99999 0.1 5.6 0.6 286.1 999.0 999.000 999.0 0.025 -0.152 0.1 0.0 0.0 0.0 0.0 0 0.0 0 0 0 0 0.0 23.2 15.1 0.065 65.0 0.004 0.0 0.0 0.0 -27.2 127.1 988.7
20.560 0.00000 359.99999 0.1 7.1 1.9 285.8 999.0 999.000 999.0 -0.006 -0.097 0.0 0.0 0.0 0.0 0.0 0 0.0 0 0 0 0 0.0 23.2 15.1 0.065 65.0 0.004 0.0 0.0 0.0 -29.2 113.0 1003.0
21.179 0.00000 359.99999 0.1 2.1 2.7 286.2 999.0 999.000 999.0 -0.006 -0.097 0.0 0.0 0.0 0.0 0.0 0 0.0 0 0 0 0 0.0 23.2 15.1 0.065 65.0 0.004 0.0 0.0 0.0 -57.9 33.1 974.5
21.593 0.00000 359.99999 0.1 3.6 2.5 286.3 999.0 999.000 999.0 0.079 -0.038 0.0 0.0 0.0 0.0 0.0 0 0.0 0 0 0 0 0.0 23.2 15.1 0.065 65.0 0.004 0.0 0.0 0.0 -31.7 93.1 1034.0
22.170 0.00000 359.99999 0.1 6.2 3.4 286.1 999.0 999.000 999.0 0.079 -0.038 0.0 0.0 0.0 0.0 0.0 0 0.0 0 0 0 0 0.0 23.2 15.1 0.065 65.0 0.004 0.0 0.0 0.0 -75.3 100.3 927.3
22.561 0.00000 359.99999 0.1 5.7 0.8 286.2 999.0 999.000 999.0 -0.013 0.097 0.0 0.0 0.0 0.0 0.0 0 0.0 5 0 0 0 0.0 23.2 15.1 0.065 65.0 0.004 0.0 0.0 0.0 -4.3 97.7 1024.0
23.172 0.00000 359.99999 0.1 5.1 -0.5 285.6 999.0 999.000 999.0 -0.013 0.097 0.0 0.0 0.0 0.0 0.0 0 0.0 0 0 0 0 0.0 23.2 15.1 0.065 65.0 0.004 0.0 0.0 0.0 7.6 97.3 997.8
23.560 0.00000 359.99999 0.1 4.9 -0.2 285.1 999.0 999.000 999.0 -0.013 0.045 0.0 0.0 0.0 0.0 0.0 0 0.0 0 0 0 0 0.0 23.2 15.1 0.065 65.0 0.004 0.0 0.0 0.0 16.7 95.2 987.9
24.170 0.00000 359.99999 0.1 4.0 -0.4 284.6 999.0 999.000 999.0 -0.013 0.045 0.0 0.0 0.0 0.0 0.0 0 0.0 5 0 0 0 0.0 23.2 15.1 0.065 65.0 0.004 0.0 0.0 0.0 3.3 67.1 993.1
24.562 0.00000 359.99999 0.1 6.3 -1.1 284.1 999.0 999.000 999.0 -0.104 -0.092 0.0 0.0 0.0 0.0 0.0 0 0.0 5 0 0 0 0.0 23.2 15.1 0.065 65.0 0.004 0.0 0.0 0.0 4.8 116.7 1001.0
25.179 0.00000 359.99998 0.1 5.8 2.2 284.2 999.0 999.000 999.0 -0.104 -0.092 0.0 0.0 0.0 0.0 0.0 0 0.0 0 0 0 0 0.0 23.2 15.1 0.065 65.0 0.004 0.0 0.0 0.0 -23.7 99.9 993.2
25.571 0.00000 359.99998 0.1 4.5 1.4 284.4 999.0 999.000 999.0 -0.187 -0.159 -0.0 0.0 0.0 0.0 0.0 0 0.0 0 0 0 0 0.0 23.2 15.1 0.065 65.0 0.004 0.0 0.0 0.0 -15.7 79.7 1000.0
26.172 0.00001 359.99998 0.1 3.6 0.8 284.7 999.0 999.000 999.0 -0.187 -0.159 -0.0 0.0 0.0 0.0 0.0 0 0.0 0 0 0 0 0.0 23.2 15.1 0.065 65.0 0.004 0.0 0.0 0.0 -24.6 57.5 977.2
26.588 0.00001 359.99998 0.1 6.5 1.1 284.5 999.0 999.000 999.0 -0.011 0.056 -0.0 0.0 0.0 0.0 0.0 0 0.0 0 0 0 0 0.0 23.2 15.1 0.065 65.0 0.004 0.0 0.0 0.0 -8.1 125.7 1012.0
27.179 0.00001 359.99998 0.1 5.7 0.6 284.3 999.0 999.000 999.0 -0.011 0.056 -0.0 0.0 0.0 0.0 0.0 0 0.0 0 0 0 0 0.0 23.2 15.1 0.065 65.0 0.004 0.0 0.0 0.0 -11.9 94.5 1000.0
27.572 0.00001 359.99998 0.2 2.1 1.4 284.0 999.0 999.000 999.0 -0.017 0.071 -0.0 0.0 0.0 0.0 0.0 0 0.0 0 0 0 0 0.0 23.2 15.1 0.065 65.0 0.004 0.0 0.0 0.0 -23.2 29.9 988.5
28.170 0.00001 359.99998 0.2 4.8 0.5 284.1 999.0 999.000 999.0 -0.017 0.071 -0.0 0.0 0.0 0.0 0.0 0 0.0 0 0 0 0 0.0 23.2 15.1 0.065 65.0 0.004 0.0 0.0 0.0 -9.4 97.2 997.3
28.562 0.00001 359.99998 0.2 6.3 0.3 284.0 999.0 999.000 999.0 -0.108 0.020 -0.0 0.0 0.0 0.0 0.0 0 0.0 0 0 0 0 0.0 23.2 15.1 0.065 65.0 0.004 0.0 0.0 0.0 -7.2 102.1 999.4
29.171 0.00001 359.99998 0.2 4.2 0.4 283.8 999.0 999.000 999.0 -0.108 0.020 -0.0 0.0 0.0 0.0 0.0 0 0.0 5 0 0 0 0.0 23.2 15.1 0.065 65.0 0.004 0.0 0.0 0.0 6.9 74.4 1002.0
29.559 0.00001 359.99998 0.2 3.0 -0.7 283.7 999.0 999.000 999.0 0.087 -0.006 0.0 0.0 0.0 0.0 0.0 0 0.0 0 0 0 0 0.0 23.2 15.1 0.065 65.0 0.004 0.0 0.0 0.0 9.3 57.4 988.5
30.172 0.00001 359.99998 0.2 5.4 -1.6 282.8 999.0 999.000 999.0 0.087 -0.006 0.0 0.0 0.0 0.0 0.0 0 0.0 0 0 0 0 0.0 23.2 15.1 0.065 65.0 0.004 0.0 0.0 0.0 30.3 94.4 1016.0
30.563 0.00001 359.99998 0.2 5.7 -1.4 282.2 999.0 999.000 999.0 -0.105 -0.044 0.0 0.0 0.0 0.0 0.0 0 0.0 0 0 0 0 0.0 23.2 15.1 0.065 65.0 0.004 0.0 0.0 0.0 26.4 99.9 981.0
31.177 0.00001 359.99998 0.2 4.0 -1.9 281.7 999.0 999.000 999.0 -0.105 -0.044 0.0 0.0 0.0 0.0 0.0 0 0.0 5 0 0 0 0.0 23.2 15.1 0.065 65.0 0.004 0.0 0.0 0.0 33.1 57.4 994.7
31.594 0.00001 359.99998 0.2 4.2 -2.1 281.3 999.0 999.000 999.0 0.005 0.056 -0.0 0.0 0.0 0.0 0.0 0 0.0 0 0 0 0 0.0 23.2 15.1 0.065 65.0 0.004 0.0 0.0 0.0 33.0 92.4 998.9
32.170 0.00001 359.99998 0.2 5.5 -1.9 280.9 999.0 999.000 999.0 0.005 0.056 -0.0 0.0 0.0 0.0 0.0 0 0.0 0 0 0 0 0.0 23.2 15.1 0.065 65.0 0.004 0.0 0.0 0.0 27.8 85.8 996.4
32.560 0.00001 359.99998 0.2 5.5 -0.9 280.9 999.0 999.000 999.0 -0.037 -0.048 0.0 0.0 0.0 0.0 0.0 0 0.0 0 0 0 0 0.0 23.2 15.1 0.065 65.0 0.004 0.0 0.0 0.0 15.7 103.5 998.5
33.173 0.00001 359.99998 0.2 4.4 -0.6 280.9 999.0 999.000 999.0 -0.037 -0.048 0.0 0.0 0.0 0.0 0.0 0 0.0 0 0 0 0 0.0 23.2 15.1 0.065 65.0 0.004 0.0 0.0 0.0 7.9 71.8 984.8
33.561 0.00001 359.99998 0.2 3.4 0.5 281.1 999.0 999.000 999.0 0.002 -0.044 -0.0 0.0 0.0 0.0 0.0 0 0.0 0 0 0 0 0.0 23.2 15.1 0.065 65.0 0.004 0.0 0.0 0.0 -1.3 62.2 1024.0
34.177 0.00001 359.99998 0.2 5.4 0.4 280.7 999.0 999.000 999.0 0.002 -0.044 -0.0 0.0 0.0 0.0 0.0 0 0.0 5 0 0 0 0.0 23.2 15.1 0.065 65.0 0.004 0.0 0.0 0.0 -14.5 80.7 979.0
34.574 0.00001 359.99998 0.1 6.2 1.2 282.7 999.0 999.000 999.0 -0.032 0.033 0.1 0.0 0.0 0.0 0.0 0 0.0 0 0 0 0 0.0 23.2 15.1 0.065 65.0 0.004 0.0 0.0 0.0 -28.4 130.6 998.7
35.172 0.00001 359.99998 0.1 2.7 1.8 281.1 999.0 999.000 999.0 -0.032 0.033 0.1 0.0 0.0 0.0 0.0 0 0.0 0 0 0 0 0.0 23.2 15.1 0.065 65.0 0.004 0.0 0.0 0.0 -28.6 20.3 999.3
35.561 0.00001 359.99998 0.1 3.5 2.5 282.7 999.0 999.000 999.0 0.047 -0.037 0.1 0.0 0.0 0.0 0.0 0 0.0 0 0 0 0 0.0 23.2 15.1 0.065 65.0 0.004 0.0 0.0 0.0 -45.7 84.9 997.5
36.177 0.00001 359.99998 0.1 6.6 3.0 282.7 999.0 999.000 999.0 0.047 -0.037 0.1 0.0 0.0 0.0 0.0 0 0.0 0 0 0 0 0.0 23.2 15.1 0.065 65.0 0.004 0.0 0.0 0.0 -54.5 113.3 974.0
36.590 0.00001 359.99998 0.1 4.7 1.9 283.2 999.0 999.000 999.0 -0.104 0.079 0.1 0.0 0.0 0.0 0.0 0 0.0 5 0 0 0 0.0 23.2 15.1 0.065 65.0 0.004 0.0 0.0 0.0 -28.7 69.0 1021.0
37.171 0.00001 359.99997 0.1 3.5 1.9 282.8 999.0 999.000 999.0 -0.104 0.079 0.1 0.0 0.0 0.0 0.0 0 0.0 5 0 0 0 0.0 23.2 15.1 0.065 65.0 0.004 0.0 0.0 0.0 -28.9 63.5 978.8
37.563 0.00001 359.99997 0.1 5.6 0.3 282.8 999.0 999.000 999.0 0.014 -0.090 0.0 0.0 0.0 0.0 0.0 0 0.0 5 0 0 0 0.0 23.2 15.1 0.065 65.0 0.004 0.0 0.0 0.0 -4.6 117.8 1005.0
38.172 0.00001 359.99997 0.1 5.1 1.4 282.2 999.0 999.000 999.0 0.014 -0.090 0.0 0.0 0.0 0.0 0.0 0 0.0 0 0 0 0 0.0 23.2 15.1 0.065 65.0 0.004 0.0 0.0 0.0 -24.8 76.2 1001.0
38.562 0.00001 359.99997 0.1 5.4 1.2 282.1 999.0 999.000 999.0 -0.098 -0.031 0.1 0.0 0.0 0.0 0.0 0 0.0 5 0 0 0 0.0 23.2 15.1 0.065 65.0 0.004 0.0 0.0 0.0 -26.8 92.6 990.2
39.176 0.00001 359.99997 0.1 5.7 2.0 282.4 999.0 999.000 999.0 -0.098 -0.031 0.1 0.0 0.0 0.0 0.0 0 0.0 0 0 0 0 0.0 23.2 15.1 0.065 65.0 0.004 0.0 0.0 0.0 -31.0 116.2 1012.0
39.572 0.00001 359.99997 0.1 3.5 2.9 282.2 999.0 999.000 999.0 -0.150 -0.050 0.0 0.0 0.0 0.0 0.0 0 0.0 0 0 0 0 0.0 23.2 15.1 0.065 65.0 0.004 0.0 0.0 0.0 -46.1 63.6 964.0
40.172 0.00001 359.99997 0.1 3.9 1.8 282.5 999.0 999.000 999.0 -0.150 -0.050 0.0 0.0 0.0 0.0 0.0 0 0.0 0 0 0 0 0.0 23.2 15.1 0.065 65.0 0.004 0.0 0.0 0.0 -33.0 58.2 1003.0
40.564 0.00001 359.99997 0.1 7.4 1.3 282.7 999.0 999.000 999.0 -0.002 -0.098 0.0 0.0 0.0 0.0 0.0 0 0.0 0 0 0 0 0.0 23.2 15.1 0.065 65.0 0.004 0.0 0.0 0.0 -19.4 147.9 1012.0
41.176 0.00001 359.99997 0.1 3.4 1.9 281.9 999.0 999.000 999.0 -0.002 -0.098 0.0 0.0 0.0 0.0 0.0 0 0.0 0 0 0 0 0.0 23.2 15.1 0.065 65.0 0.004 0.0 0.0 0.0 -34.7 37.5 981.4
41.591 0.00001 359.99997 0.1 3.5 1.8 282.2 999.0 999.000 999.0 0.032 0.072 0.0 0.0 0.0 0.0 0.0 0 0.0 5 0 0 0 0.0 23.2 15.1 0.065 65.0 0.004 0.0 0.0 0.0 -32.2 73.0 1001.0
42.172 0.00001 359.99997 0.1 6.0 2.1 282.2 999.0 999.000 999.0 0.032 0.072 0.0 0.0 0.0 0.0 0.0 0 0.0 5 0 0 0 0.0 23.2 15.1 0.065 65.0 0.004 0.0 0.0 0.0 -42.8 113.0 981.9
42.561 0.00001 359.99997 0.1 5.2 2.5 282.7 999.0 999.000 999.0 0.070 -0.017 0.1 0.0 0.0 0.0 0.0 0 0.0 0 0 0 0 0.0 23.2 15.1 0.065 65.0 0.004 0.0 0.0 0.0 -36.2 94.9 1015.0
43.174 0.00001 359.99997 0.1 2.7 2.6 281.9 999.0 999.000 999.0 0.070 -0.017 0.1 0.0 0.0 0.0 0.0 0 0.0 0 0 0 0 0.0 23.2 15.1 0.065 65.0 0.004 0.0 0.0 0.0 -55.3 32.7 975.6
43.562 0.00001 359.99997 0.1 5.2 1.9 282.7 999.0 999.000 999.0 0.051 -0.119 -0.1 0.0 0.0 0.0 0.0 0 0.0 0 0 0 0 0.0 23.2 15.1 0.065 65.0 0.004 0.0 0.0 0.0 -34.5 102.2 1017.0
44.171 0.00001 359.99997 0.1 6.9 3.1 282.0 999.0 999.000 999.0 0.051 -0.119 -0.1 0.0 0.0 0.0 0.0 0 0.0 0 0 0 0 0.0 23.2 15.1 0.065 65.0 0.004 0.0 0.0 0.0 -47.0 118.6 980.8
44.564 0.00001 359.99997 0.1 3.9 2.0 282.4 999.0 999.000 999.0 -0.154 0.042 0.0 0.0 0.0 0.0 0.0 0 0.0 0 0 0 0 0.0 23.2 15.1 0.065 65.0 0.004 0.0 0.0 0.0 -30.2 65.9 995.9
45.175 0.00001 359.99997 0.1 3.4 1.4 281.7 999.0 999.000 999.0 -0.154 0.042 0.0 0.0 0.0 0.0 0.0 0 0.0 5 0 0 0 0.0 23.2 15.1 0.065 65.0 0.004 0.0 0.0 0.0 -36.4 52.7 994.1
45.571 0.00001 359.99997 0.1 7.7 1.3 282.5 999.0 999.000 999.0 0.080 -0.001 -0.0 0.0 0.0 0.0 0.0 0 0.0 0 0 0 0 0.0 23.2 15.1 0.065 65.0 0.004 0.0 0.0 0.0 -20.9 151.1 1000.0
46.174 0.00001 359.99997 0.1 5.4 1.9 281.4 999.0 999.000 999.0 0.080 -0.001 -0.0 0.0 0.0 0.0 0.0 0 0.0 0 0 0 0 0.0 23.2 15.1 0.065 65.0 0.004 0.0 0.0 0.0 -33.2 77.6 990.3
46.582 0.00001 359.99996 0.1 3.6 1.6 281.7 999.0 999.000 999.0 -0.167 0.012 0.0 0.0 0.0 0.0 0.0 0 0.0 5 0 0 0 0.0 23.2 15.1 0.065 65.0 0.004 0.0 0.0 0.0 -23.9 54.0 1001.0
47.175 0.00001 359.99996 0.1 5.3 1.6 281.7 999.0 999.000 999.0 -0.167 0.012 0.0 0.0 0.0 0.0 0.0 0 0.0 5 0 0 0 0.0 23.2 15.1 0.065 65.0 0.004 0.0 0.0 0.0 -27.0 108.6 1007.0
47.575 0.00001 359.99996 0.1 6.1 1.6 281.6 999.0 999.000 999.0 -0.098 -0.030 0.0 0.0 0.0 0.0 0.0 0 0.0 5 0 0 0 0.0 23.2 15.1 0.065 65.0 0.004 0.0 0.0 0.0 -34.8 100.0 976.9
48.173 0.00001 359.99996 0.1 4.4 2.0 281.6 999.0 999.000 999.0 -0.098 -0.030 0.0 0.0 0.0 0.0 0.0 0 0.0 0 0 0 0 0.0 23.2 15.1 0.065 65.0 0.004 0.0 0.0 0.0 -34.1 56.3 1005.0
48.562 0.00001 359.99996 0.1 5.0 2.4 281.6 999.0 999.000 999.0 -0.070 -0.137 -0.0 0.0 0.0 0.0 0.0 0 0.0 0 0 0 0 0.0 23.2 15.1 0.065 65.0 0.004 0.0 0.0 0.0 -38.2 105.5 1001.0
49.175 0.00001 359.99996 0.1 4.0 2.4 281.9 999.0 999.000 999.0 -0.070 -0.137 -0.0 0.0 0.0 0.0 0.0 0 0.0 5 0 0 0 0.0 23.2 15.1 0.065 65.0 0.004 0.0 0.0 0.0 -44.1 58.0 988.7
49.573 0.00001 359.99996 0.1 5.2 2.7 281.5 999.0 999.000 999.0 0.062 0.091 0.0 0.0 0.0 0.0 0.0 0 0.0 0 0 0 0 0.0 23.2 15.1 0.065 65.0 0.004 0.0 0.0 0.0 -49.3 100.3 993.5
50.173 0.00001 359.99996 0.1 5.5 2.3 282.0 999.0 999.000 999.0 0.062 0.091 0.0 0.0 0.0 0.0 0.0 0 0.0 0 0 0 0 0.0 23.2 15.1 0.065 65.0 0.004 0.0 0.0 0.0 -37.2 91.6 1014.0
50.565 0.00001 359.99996 0.1 4.4 2.7 281.5 999.0 999.000 999.0 -0.068 0.085 0.0 0.0 0.0 0.0 0.0 0 0.0 0 0 0 0 0.0 23.2 15.1 0.065 65.0 0.004 0.0 0.0 0.0 -52.2 59.8 971.6
51.175 0.00001 359.99996 0.1 5.1 2.0 282.3 999.0 999.000 999.0 -0.068 0.085 0.0 0.0 0.0 0.0 0.0 0 0.0 5 0 0 0 0.0 23.2 15.1 0.065 65.0 0.004 0.0 0.0 0.0 -20.3 116.5 1020.0
51.591 0.00001 359.99996 0.1 3.7 2.3 281.3 999.0 999.000 999.0 0.059 -0.010 -0.0 0.0 0.0 0.0 0.0 0 0.0 0 0 0 0 0.0 23.2 15.1 0.065 65.0 0.004 0.0 0.0 0.0 -42.1 50.6 977.7
52.175 0.00001 359.99996 0.1 5.7 0.5 281.4 999.0 999.000 999.0 0.059 -0.010 -0.0 0.0 0.0 0.0 0.0 0 0.0 5 0 0 0 0.0 23.2 15.1 0.065 65.0 0.004 0.0 0.0 0.0 -19.5 101.4 1007.0
52.564 0.00001 359.99996 0.1 6.2 2.5 281.8 999.0 999.000 999.0 0.061 -0.009 0.0 0.0 0.0 0.0 0.0 0 0.0 0 0 0 0 0.0 23.2 15.1 0.065 65.0 0.004 0.0 0.0 0.0 -33.4 122.6 982.7
53.174 0.00001 359.99996 0.1 2.9 1.6 281.5 999.0 999.000 999.0 0.061 -0.009 0.0 0.0 0.0 0.0 0.0 0 0.0 0 0 0 0 0.0 23.2 15.1 0.065 65.0 0.004 0.0 0.0 0.0 -16.9 35.7 1000.0
53.565 0.00001 359.99996 0.1 4.4 0.4 281.6 999.0 999.000 999.0 -0.001 -0.043 -0.0 0.0 0.0 0.0 0.0 0 0.0 0 0 0 0 0.0 23.2 15.1 0.065 65.0 0.004 0.0 0.0 0.0 -19.6 86.9 1001.0
54.175 0.00001 359.99996 0.1 7.7 1.3 281.8 999.0 999.000 999.0 -0.001 -0.043 -0.0 0.0 0.0 0.0 0.0 0 0.0 0 0 0 0 0.0 23.2 15.1 0.065 65.0 0.004 0.0 0.0 0.0 -10.7 156.8 990.1
54.574 0.00001 359.99996 0.1 4.5 2.0 281.6 999.0 999.000 999.0 -0.114 -0.055 0.0 0.0 0.0 0.0 0.0 0 0.0 5 0 0 0 0.0 23.2 15.1 0.065 65.0 0.004 0.0 0.0 0.0 -35.3 53.6 984.7
55.183 0.00001 359.99996 0.1 3.4 1.0 281.6 999.0 999.000 999.0 -0.114 -0.055 0.0 0.0 0.0 0.0 0.0 0 0.0 5 0 0 0 0.0 23.2 15.1 0.065 65.0 0.004 0.0 0.0 0.0 -13.0 69.6 1021.0
55.575 0.00001 359.99996 0.1 6.2 2.0 282.7 999.0 999.000 999.0 -0.021 0.086 0.0 0.0 0.0 0.0 0.0 0 0.0 0 0 0 0 0.0 23.2 15.1 0.065 65.0 0.004 0.0 0.0 0.0 -38.0 124.3 976.9
56.175 0.00001 359.99996 0.1 4.4 2.0 281.8 999.0 999.000 999.0 -0.021 0.086 0.0 0.0 0.0 0.0 0.0 0 0.0 0 0 0 0 0.0 23.2 15.1 0.065 65.0 0.004 0.0 0.0 0.0 -26.8 52.2 1003.0
56.594 0.00001 359.99996 0.1 5.0 1.8 282.7 999.0 999.000 999.0 -0.036 -0.047 0.0 0.0 0.0 0.0 0.0 0 0.0 0 0 0 0 0.0 23.2 15.1 0.065 65.0 0.004 0.0 0.0 0.0 -45.1 96.4 990.8
57.174 0.00001 359.99996 0.1 4.7 2.9 283.4 999.0 999.000 999.0 -0.036 -0.047 0.0 0.0 0.0 0.0 0.0 0 0.0 0 0 0 0 0.0 23.2 15.1 0.065 65.0 0.004 0.0 0.0 0.0 -36.6 92.0 993.9
57.565 0.00001 359.99995 0.1 3.5 2.7 283.4 999.0 999.000 999.0 -0.052 -0.068 0.0 0.0 0.0 0.0 0.0 0 0.0 0 0 0 0 0.0 23.2 15.1 0.065 65.0 0.004 0.0 0.0 0.0 -52.8 46.0 997.0
58.174 0.00001 359.99995 0.1 5.9 2.0 284.3 999.0 999.000 999.0 -0.052 -0.068 0.0 0.0 0.0 0.0 0.0 0 0.0 0 0 0 0 0.0 23.2 15.1 0.065 65.0 0.004 0.0 0.0 0.0 -34.6 119.8 996.3
58.564 0.00001 359.99995 0.1 5.8 2.9 283.5 999.0 999.000 999.0 0.011 -0.019 -0.0 0.0 0.0 0.0 0.0 0 0.0 0 0 0 0 0.0 23.2 15.1 0.065 65.0 0.004 0.0 0.0 0.0 -39.7 106.8 988.0
59.176 0.00001 359.99995 0.1 2.0 1.7 284.1 999.0 999.000 999.0 0.011 -0.019 -0.0 0.0 0.0 0.0 0.0 0 0.0 5 0 0 0 0.0 23.2 15.1 0.065 65.0 0.004 0.0 0.0 0.0 -31.9 20.5 994.2
59.575 0.00001 359.99995 0.1 5.0 1.6 283.9 999.0 999.000 999.0 -0.183 -0.047 0.0 0.0 0.0 0.0 0.0 0 0.0 0 0 0 0 0.0 23.2 15.1 0.065 65.0 0.004 0.0 0.0 0.0 -31.4 107.6 1012.0
60.183 0.00001 359.99995 0.1 7.3 2.4 283.8 999.0 999.000 999.0 -0.183 -0.047 0.0 0.0 0.0 0.0 0.0 0 0.0 5 0 0 0 0.0 23.2 15.1 0.065 65.0 0.004 0.0 0.0 0.0 -38.2 124.5 984.7
60.577 0.00001 359.99995 0.1 3.8 1.9 283.8 999.0 999.000 999.0 -0.017 -0.173 0.1 0.0 0.0 0.0 0.0 0 0.0 0 0 0 0 0.0 23.2 15.1 0.065 65.0 0.004 0.0 0.0 0.0 -30.0 51.5 1002.0
61.174 0.00001 359.99995 0.1 2.5 1.9 284.1 999.0 999.000 999.0 -0.017 -0.173 0.1 0.0 0.0 0.0 0.0 0 0.0 0 0 0 0 0.0 23.2 15.1 0.065 65.0 0.004 0.0 0.0 0.0 -37.8 47.5 989.1
61.596 0.00001 359.99995 0.1 7.0 1.8 283.9 999.0 999.000 999.0 -0.035 -0.019 0.0 0.0 0.0 0.0 0.0 0 0.0 0 0 0 0 0.0 23.2 15.1 0.065 65.0 0.004 0.0 0.0 0.0 -29.6 132.0 993.0
62.183 0.00001 359.99995 0.1 7.3 2.1 284.1 999.0 999.000 999.0 -0.035 -0.019 0.0 0.0 0.0 0.0 0.0 0 0.0 0 0 0 0 0.0 23.2 15.1 0.065 65.0 0.004 0.0 0.0 0.0 -29.6 130.7 1014.0
62.575 0.00001 359.99995 0.1 1.3 1.5 283.7 999.0 999.000 999.0 -0.055 0.075 0.0 0.0 0.0 0.0 0.0 0 0.0 0 0 0 0 0.0 23.2 15.1 0.065 65.0 0.004 0.0 0.0 0.0 -37.8 -1.4 975.6
63.174 0.00001 359.99995 0.1 4.2 2.4 284.8 999.0 999.000 999.0 -0.055 0.075 0.0 0.0 0.0 0.0 0.0 0 0.0 5 0 0 0 0.0 23.2 15.1 0.065 65.0 0.004 0.0 0.0 0.0 -38.1 95.6 1007.0
63.567 0.00001 359.99995 0.1 8.4 2.1 284.0 999.0 999.000 999.0 0.076 -0.119 -0.0 0.0 0.0 0.0 0.0 0 0.0 0 0 0 0 0.0 23.2 15.1 0.065 65.0 0.004 0.0 0.0 0.0 -32.3 158.8 990.7
64.175 0.00001 359.99995 0.1 3.4 3.1 284.4 999.0 999.000 999.0 0.076 -0.119 -0.0 0.0 0.0 0.0 0.0 0 0.0 0 0 0 0 0.0 23.2 15.1 0.065 65.0 0.004 0.0 0.0 0.0 -57.3 36.1 977.6
64.575 0.00001 359.99995 0.1 2.2 1.0 285.5 999.0 999.000 999.0 -0.055 -0.125 0.0 0.0 0.0 0.0 0.0 0 0.0 0 0 0 0 0.0 23.2 15.1 0.065 65.0 0.004 0.0 0.0 0.0 -23.5 32.9 1035.0
65.183 0.00001 359.99995 0.1 9.0 2.5 284.8 999.0 999.000 999.0 -0.055 -0.125 0.0 0.0 0.0 0.0 0.0 0 0.0 0 0 0 0 0.0 23.2 15.1 0.065 65.0 0.004 0.0 0.0 0.0 -45.2 185.8 963.1
65.576 0.00001 359.99995 0.1 4.5 2.6 284.9 999.0 999.000 999.0 -0.044 -0.082 0.0 0.0 0.0 0.0 0.0 0 0.0 0 0 0 0 0.0 23.2 15.1 0.065 65.0 0.004 0.0 0.0 0.0 -30.3 50.9 987.7
66.175 0.00001 359.99995 0.1 1.4 1.1 285.3 999.0 999.000 999.0 -0.044 -0.082 0.0 0.0 0.0 0.0 0.0 0 0.0 0 0 0 0 0.0 23.2 15.1 0.065 65.0 0.004 0.0 0.0 0.0 -29.6 29.7 1015.0
66.599 0.00001 359.99995 0.1 6.8 2.0 285.4 999.0 999.000 999.0 0.124 -0.029 -0.0 0.0 0.0 0.0 0.0 0 0.0 5 0 0 0 0.0 23.2 15.1 0.065 65.0 0.004 0.0 0.0 0.0 -27.3 131.1 999.0
