7.128 0.00000 0.00000 0.1 7.2 0.1 124.7 999.0 999.000 999.0 nan nan nan 0.0 0.0 0.0 0.0 0 0.0 0 0 0 0 0.0 0.0 0.0 0.000 0.0 0.000 0.0 0.0 0.0 -6.9 118.7 1002.0
7.628 0.00000 0.00000 0.1 6.3 0.8 124.9 999.0 999.000 999.0 nan nan nan 0.0 0.0 0.0 0.0 0 0.0 5 0 0 0 0.0 24.2 15.5 0.065 75.0 0.005 0.0 0.0 0.0 -11.1 131.0 1004.0
8.129 0.00000 0.00000 0.1 5.8 1.8 124.7 999.0 999.000 999.0 nan nan nan 0.0 0.0 0.0 0.0 0 0.0 5 0 0 0 0.0 24.2 15.5 0.065 75.0 0.005 0.0 0.0 0.0 -28.8 104.8 984.9
8.628 0.00000 0.00000 0.1 9.2 1.1 124.3 999.0 999.000 999.0 nan nan nan 0.0 0.0 0.0 0.0 0 0.0 0 0 0 0 0.0 24.2 15.5 0.065 75.0 0.005 0.0 0.0 0.0 -20.9 159.8 1002.0
9.029 -0.00000 0.00000 0.1 6.7 1.5 124.7 999.0 999.000 999.0 0.009 -0.066 0.0 0.0 0.0 0.0 0.0 0 0.0 5 0 0 0 0.0 24.2 15.5 0.065 75.0 0.005 0.0 0.0 0.0 -16.9 109.7 1001.0
9.628 -0.00000 0.00000 0.1 5.8 0.9 124.4 999.0 999.000 999.0 0.009 -0.066 0.0 0.0 0.0 0.0 0.0 0 0.0 0 0 0 0 0.0 24.2 15.5 0.065 75.0 0.005 0.0 0.0 0.0 -20.9 94.5 982.1
10.028 -0.00000 0.00000 0.1 6.6 0.9 124.5 999.0 999.000 999.0 0.008 0.043 0.0 0.0 0.0 0.0 0.0 0 0.0 5 0 0 0 0.0 24.2 15.5 0.065 75.0 0.005 0.0 0.0 0.0 -14.2 150.4 1001.0
10.629 -0.00000 0.00000 0.1 7.5 1.1 124.1 999.0 999.000 999.0 0.008 0.043 0.0 0.0 0.0 0.0 0.0 0 0.0 0 0 0 0 0.0 24.2 15.5 0.065 75.0 0.005 0.0 0.0 0.0 -13.5 115.1 982.1
11.048 -0.00000 0.00000 0.1 7.9 0.1 123.6 999.0 999.000 999.0 -0.088 0.078 0.0 0.0 0.0 0.0 0.0 0 0.0 0 0 0 0 0.0 24.2 15.5 0.065 75.0 0.005 0.0 0.0 0.0 -0.8 145.3 999.0
11.627 -0.00000 0.00000 0.1 7.6 -0.3 124.1 999.0 999.000 999.0 -0.088 0.078 0.0 0.0 0.0 0.0 0.0 0 0.0 0 0 0 0 0.0 24.2 15.5 0.065 75.0 0.005 0.0 0.0 0.0 12.6 132.0 995.6
12.030 -0.00000 0.00000 0.1 6.8 0.3 124.1 999.0 999.000 999.0 -0.032 0.149 -0.0 0.0 0.0 0.0 0.0 0 0.0 0 0 0 0 0.0 24.2 15.5 0.065 75.0 0.005 0.0 0.0 0.0 -13.8 113.6 967.3
12.628 -0.00000 0.00000 0.1 8.6 0.2 124.1 999.0 999.000 999.0 -0.032 0.149 -0.0 0.0 0.0 0.0 0.0 0 0.0 5 0 0 0 0.0 24.2 15.5 0.065 75.0 0.005 0.0 0.0 0.0 -0.2 153.7 1018.0
13.029 -0.00000 0.00000 0.1 7.3 1.3 123.5 999.0 999.000 999.0 -0.024 0.090 0.0 0.0 0.0 0.0 0.0 0 0.0 0 0 0 0 0.0 24.2 15.5 0.065 75.0 0.005 0.0 0.0 0.0 -18.9 130.1 985.4
13.630 -0.00000 0.00000 0.1 6.0 1.5 124.2 999.0 999.000 999.0 -0.024 0.090 0.0 0.0 0.0 0.0 0.0 0 0.0 0 0 0 0 0.0 24.2 15.5 0.065 75.0 0.005 0.0 0.0 0.0 -31.0 111.4 984.6
14.028 -0.00000 0.00000 0.1 7.5 0.9 123.3 999.0 999.000 999.0 -0.011 0.066 0.0 0.0 0.0 0.0 0.0 0 0.0 0 0 0 0 0.0 24.2 15.5 0.065 75.0 0.005 0.0 0.0 0.0 -11.6 144.3 990.6
14.627 -0.00000 0.00000 0.1 8.1 0.7 123.6 999.0 999.000 999.0 -0.011 0.066 0.0 0.0 0.0 0.0 0.0 0 0.0 0 0 0 0 0.0 24.2 15.5 0.065 75.0 0.005 0.0 0.0 0.0 -21.0 118.4 1001.0
15.030 -0.00000 0.00000 0.1 7.0 1.3 123.4 999.0 999.000 999.0 0.030 0.126 0.0 0.0 0.0 0.0 0.0 0 0.0 5 0 0 0 0.0 24.2 15.5 0.065 75.0 0.005 0.0 0.0 0.0 -14.1 122.0 977.9
15.639 -0.00000 0.00001 0.1 7.2 0.9 123.5 110.0 999.000 999.0 0.030 0.126 0.0 0.0 0.0 0.0 0.0 0 0.0 5 1 0 0 0.0 24.2 15.5 0.065 75.0 0.005 0.0 0.0 0.0 -27.2 129.6 999.4
16.048 -0.00000 0.00001 0.1 8.1 0.7 123.5 110.0 999.000 999.0 -0.031 -0.016 -0.1 0.0 0.0 0.0 0.0 0 0.0 0 1 0 0 0.0 24.2 15.5 0.065 75.0 0.005 0.0 0.0 0.0 -3.6 138.1 982.5
16.640 -0.00000 0.00001 0.1 7.7 -0.2 123.8 110.0 999.000 999.0 -0.031 -0.016 -0.1 0.0 0.0 0.0 0.0 0 0.0 0 1 0 0 0.0 24.2 15.5 0.065 75.0 0.005 0.0 0.0 0.0 -0.9 143.1 1006.0
17.029 -0.00000 0.00001 0.1 6.1 1.2 123.5 110.0 999.000 999.0 -0.062 0.118 0.0 0.0 0.0 0.0 0.0 0 0.0 5 1 0 0 0.0 24.2 15.5 0.065 75.0 0.005 0.0 0.0 0.0 -20.0 97.7 996.9
17.638 -0.00000 0.00001 0.0 8.0 1.1 123.2 110.0 999.000 999.0 -0.062 0.118 0.0 0.0 0.0 0.0 0.0 0 0.0 0 1 0 0 0.0 24.2 15.5 0.065 75.0 0.005 0.0 0.0 0.0 -20.3 157.6 979.5
18.030 -0.00000 0.00001 0.1 8.2 1.1 122.8 110.0 999.000 999.0 -0.004 -0.037 0.0 0.0 0.0 0.0 0.0 0 0.0 0 1 0 0 0.0 24.2 15.5 0.065 75.0 0.005 0.0 0.0 0.0 -14.5 124.0 988.6
18.639 -0.00000 0.00001 0.1 8.7 -0.6 123.3 110.0 999.000 999.0 -0.004 -0.037 0.0 0.0 0.0 0.0 0.0 0 0.0 5 1 0 0 0.0 24.2 15.5 0.065 75.0 0.005 0.0 0.0 0.0 15.2 174.7 1008.0
19.029 -0.00000 0.00001 0.1 6.8 -0.3 123.3 110.0 999.000 999.0 -0.057 0.077 0.0 0.0 0.0 0.0 0.0 0 0.0 0 1 0 0 0.0 24.2 15.5 0.065 75.0 0.005 0.0 0.0 0.0 3.2 112.1 998.2
19.640 -0.00001 0.00001 0.1 6.7 0.6 122.9 110.0 999.000 999.0 -0.057 0.077 0.0 0.0 0.0 0.0 0.0 0 0.0 0 1 0 0 0.0 24.2 15.5 0.065 75.0 0.005 0.0 0.0 0.0 -10.8 92.2 973.8
20.029 -0.00001 0.00001 0.0 7.9 0.1 122.7 110.0 999.000 999.0 -0.084 0.094 -0.0 0.0 0.0 0.0 0.0 0 0.0 0 1 0 0 0.0 24.2 15.5 0.065 75.0 0.005 0.0 0.0 0.0 -8.4 159.9 1003.0
20.639 -0.00001 0.00001 0.1 9.0 0.9 122.3 110.0 999.000 999.0 -0.084 0.094 -0.0 0.0 0.0 0.0 0.0 0 0.0 0 1 0 0 0.0 24.2 15.5 0.065 75.0 0.005 0.0 0.0 0.0 -7.3 155.2 978.3
21.052 -0.00001 0.00001 0.1 6.8 -0.4 122.1 110.0 999.000 999.0 0.037 0.023 0.0 0.0 0.0 0.0 0.0 0 0.0 0 1 0 0 0.0 24.2 15.5 0.065 75.0 0.005 0.0 0.0 0.0 -0.6 104.0 998.5
21.639 -0.00001 0.00001 0.1 6.0 0.8 122.2 110.0 999.000 999.0 0.037 0.023 0.0 0.0 0.0 0.0 0.0 0 0.0 5 1 0 0 0.0 24.2 15.5 0.065 75.0 0.005 0.0 0.0 0.0 -19.6 129.7 983.7
22.030 -0.00001 0.00001 0.0 7.3 0.6 121.4 110.0 999.000 999.0 -0.091 -0.058 0.0 0.0 0.0 0.0 0.0 0 0.0 5 1 0 0 0.0 24.2 15.5 0.065 75.0 0.005 0.0 0.0 0.0 -13.1 110.6 1011.0
22.641 -0.00001 0.00001 0.1 7.7 2.0 121.4 110.0 999.000 3.5 -0.091 -0.058 0.0 0.0 0.0 0.0 0.0 0 0.0 0 1 1 0 0.0 24.2 15.5 0.065 75.0 0.005 0.0 0.0 0.0 -23.9 128.5 977.2
23.029 -0.00001 0.00001 0.1 6.7 -0.1 121.0 110.0 999.000 3.5 0.051 0.231 -0.0 0.0 0.0 -8.8 -8.8 0 0.0 0 1 1 0 0.0 24.2 15.5 0.065 75.0 0.005 0.0 0.0 0.0 -2.7 117.8 1003.0
23.640 -0.00001 0.00001 0.1 8.1 1.4 121.3 110.0 999.000 3.5 0.051 0.231 -0.0 0.0 0.0 -9.0 -9.0 0 0.0 0 1 1 0 0.0 24.2 15.5 0.065 75.0 0.005 0.0 0.0 0.0 -27.3 156.8 976.2
24.030 -0.00001 0.00001 0.1 6.6 0.9 120.5 110.0 999.000 3.5 -0.081 0.174 0.0 0.0 0.0 -9.1 -9.1 0 0.0 0 1 1 0 0.0 24.2 15.5 0.065 75.0 0.005 0.0 0.0 0.0 -14.2 96.9 988.9
24.639 -0.00001 0.00001 0.1 7.8 0.7 121.0 110.0 999.000 3.5 -0.081 0.174 0.0 0.0 0.0 -9.3 -9.3 0 0.0 0 1 1 0 0.0 24.2 15.5 0.065 75.0 0.005 0.0 0.0 0.0 -11.8 160.9 1003.0
25.031 -0.00001 0.00001 0.1 7.5 1.0 121.0 110.0 999.000 3.5 -0.070 0.125 -0.0 0.0 0.0 -9.5 -9.5 0 0.0 5 1 1 0 0.0 24.2 15.5 0.065 75.0 0.005 0.0 0.0 0.0 -20.7 102.0 973.1
25.640 -0.00001 0.00001 0.1 7.8 0.1 120.6 110.0 999.000 3.5 -0.070 0.125 -0.0 0.0 0.0 -9.7 -9.7 0 0.0 0 1 1 0 0.0 24.2 15.5 0.065 75.0 0.005 0.0 0.0 0.0 1.2 167.4 1004.0
26.050 -0.00001 0.00001 0.1 7.1 0.4 120.4 110.0 999.000 3.5 0.015 -0.037 0.0 0.0 0.0 -9.8 -9.8 0 0.0 0 1 1 0 0.0 24.2 15.5 0.065 75.0 0.005 0.0 0.0 0.0 -8.3 97.3 988.6
26.641 -0.00001 0.00001 0.1 8.7 0.1 121.2 110.0 999.000 3.5 0.015 -0.037 0.0 0.0 0.0 -10.0 -10.0 0 0.0 0 1 1 0 0.0 24.2 15.5 0.065 75.0 0.005 0.0 0.0 0.0 -3.0 172.4 990.4
27.030 -0.00001 0.00002 0.0 7.5 1.2 120.3 110.0 999.000 3.5 -0.133 0.098 0.0 0.0 0.0 -10.2 -10.2 0 0.0 0 1 1 0 0.0 24.2 15.5 0.065 75.0 0.005 0.0 0.0 0.0 -19.1 117.5 988.3
27.639 -0.00001 0.00002 0.1 8.6 0.4 120.4 110.0 999.000 3.5 -0.133 0.098 0.0 0.0 0.0 -10.4 -10.4 0 0.0 0 1 1 0 0.0 24.2 15.5 0.065 75.0 0.005 0.0 0.0 0.0 -0.4 160.8 1005.0
28.032 -0.00001 0.00002 0.1 7.1 0.5 120.6 110.0 999.000 3.5 0.042 0.111 0.0 0.0 0.0 -10.5 -10.5 0 0.0 0 1 1 0 0.0 24.2 15.5 0.065 75.0 0.005 0.0 0.0 0.0 -17.4 124.6 980.7
28.640 -0.00001 0.00002 0.1 7.1 0.5 120.1 110.0 999.000 3.5 0.042 0.111 0.0 0.0 0.0 -10.7 -10.7 0 0.0 0 1 1 0 0.0 24.2 15.5 0.065 75.0 0.005 0.0 0.0 0.0 5.7 110.1 1021.0
29.029 -0.00001 0.00002 0.1 8.3 0.8 120.6 110.0 999.000 3.5 0.145 0.012 0.0 0.0 0.0 -10.9 -10.9 0 0.0 5 1 1 0 0.0 24.2 15.5 0.065 75.0 0.005 0.0 0.0 0.0 -18.2 186.6 985.4
29.654 -0.00001 0.00002 0.1 6.8 1.2 119.1 110.0 999.000 3.5 0.145 0.012 0.0 0.0 0.0 -11.0 -11.0 0 0.0 0 1 1 0 0.0 24.2 15.5 0.065 75.0 0.005 0.0 0.0 0.0 -22.1 90.6 973.9
30.032 -0.00001 0.00002 0.1 15.4 0.8 120.1 110.0 999.000 3.5 0.024 0.145 0.0 0.0 0.0 -11.2 -11.2 13 11.8 8294 1 1 0 0.0 24.2 15.5 0.065 75.0 0.005 0.0 0.0 0.0 -79.1 371.6 983.5
30.640 -0.00001 0.00002 0.1 29.1 0.3 119.4 110.0 999.000 3.5 0.024 0.145 0.0 0.0 0.0 -11.3 -11.3 13 8.4 9323 1 1 0 0.0 24.2 15.5 0.065 75.0 0.005 0.0 0.0 0.0 -80.5 348.7 711.1
31.053 -0.00001 0.00002 0.1 12.7 -1.9 120.3 110.0 999.000 3.5 -0.535 0.008 -0.0 0.0 0.0 -11.5 -11.5 13 8.4 9913 1 1 0 0.0 24.2 15.5 0.065 75.0 0.005 0.0 0.0 0.0 104.7 204.6 1236.0
31.640 -0.00001 0.00002 0.1 -3.7 -2.5 124.2 110.0 999.000 3.5 -0.535 0.008 -0.0 0.0 0.0 -11.6 -11.7 13 8.4 10313 1 1 0 0.0 24.2 15.4 0.065 75.0 0.005 0.0 0.0 0.0 -8.0 -64.6 849.6
32.030 -0.00002 0.00003 0.1 -1.6 -4.1 127.5 110.0 999.000 3.5 -0.856 0.047 0.1 0.0 0.0 -11.8 -11.8 13 8.3 10413 1 1 0 0.0 24.2 15.4 0.065 75.0 0.005 0.0 0.0 0.0 111.8 -51.9 1128.0
32.642 -0.00002 0.00003 0.1 1.9 -6.6 130.8 110.0 999.000 3.5 -0.856 0.047 0.1 0.0 0.0 -12.0 -12.0 13 0.0 10643 1 1 0 0.0 24.2 15.4 0.065 75.0 0.005 0.0 0.0 0.0 99.9 53.8 848.6
33.031 -0.00002 0.00003 0.2 0.8 -8.4 134.8 110.0 999.000 3.5 -1.147 0.112 0.0 0.0 0.0 -12.0 -12.0 13 8.3 10483 1 1 0 0.0 24.2 15.4 0.065 75.0 0.005 0.0 0.0 0.0 189.2 41.5 1077.0
33.640 -0.00003 0.00004 0.3 7.4 -11.1 136.5 110.0 999.000 3.5 -1.147 0.112 0.0 0.0 0.0 -12.0 -12.0 13 8.3 8694 1 1 0 0.0 24.2 15.4 0.065 75.0 0.005 0.0 0.0 0.0 188.3 122.3 880.9
34.032 -0.00003 0.00004 0.5 15.8 -14.8 136.1 110.0 999.000 3.5 -1.116 -0.069 -0.0 0.0 0.0 -11.9 -11.9 13 8.4 8749 1 1 0 0.0 24.2 15.4 0.065 75.0 0.005 0.0 0.0 0.0 263.0 281.5 914.1
34.641 -0.00003 0.00004 0.6 18.8 -18.2 134.8 110.0 999.000 3.5 -1.116 -0.069 -0.0 0.0 0.0 -11.7 -11.7 13 8.4 8674 1 1 0 0.0 24.2 15.4 0.065 75.0 0.005 0.0 0.0 0.0 306.8 289.4 856.7
35.031 -0.00004 0.00005 0.8 18.5 -21.0 133.7 110.0 999.000 3.5 -1.416 0.096 0.0 -24.8 -24.8 -11.4 -11.4 13 8.4 8654 1 1 0 0.0 24.2 15.4 0.065 75.0 0.005 0.0 0.0 0.0 368.3 289.3 878.3
35.643 -0.00004 0.00005 1.0 3.0 -21.9 127.3 110.0 999.000 3.5 -1.416 0.096 0.0 -23.7 -23.7 -11.1 -11.1 13 8.4 8879 1 1 0 0.0 24.2 15.4 0.065 75.0 0.005 0.0 0.0 0.0 392.4 45.7 900.2
36.058 -0.00005 0.00006 1.2 -14.8 -24.2 120.8 110.0 999.000 3.5 -1.288 0.049 0.1 -17.3 -17.3 -10.7 -10.7 13 8.4 8834 1 1 0 0.0 24.2 15.4 0.065 75.0 0.005 0.0 0.0 0.0 434.8 -223.0 893.0
36.642 -0.00005 0.00006 1.5 -19.5 -27.1 117.4 110.0 999.000 3.5 -1.288 0.049 0.1 -10.8 -10.8 -10.3 -10.2 13 8.4 8789 1 1 0 0.0 24.2 15.4 0.065 75.0 0.005 0.0 0.0 0.0 449.3 -268.0 821.0
37.032 -0.00005 0.00007 1.8 -18.3 -30.1 115.3 110.0 999.000 3.5 -1.311 -0.069 0.1 -7.4 -7.4 -9.8 -9.8 13 8.3 8664 1 1 0 0.0 24.2 15.4 0.065 75.0 0.005 0.0 0.0 0.0 515.3 -272.0 818.0
37.641 -0.00005 0.00007 2.1 -13.9 -32.7 114.2 110.0 999.000 3.5 -1.311 -0.069 0.1 -5.3 -5.3 -9.1 -9.1 13 8.4 8634 1 1 0 0.0 24.2 15.4 0.065 75.0 0.005 0.0 0.0 0.0 543.8 -167.0 819.1
38.033 -0.00006 0.00008 2.5 -8.3 -34.7 113.5 110.0 999.000 3.5 -1.400 -0.106 0.1 -4.2 -4.2 -8.3 -8.3 13 8.4 8704 1 1 0 0.0 24.2 15.4 0.065 75.0 0.005 0.0 0.0 0.0 571.2 -103.0 808.2
38.641 -0.00006 0.00009 2.9 -2.5 -36.1 112.5 110.0 999.000 3.5 -1.400 -0.106 0.1 -3.5 -3.5 -7.5 -7.5 13 8.4 8634 1 1 0 0.0 24.2 15.4 0.065 75.0 0.005 0.0 0.0 0.0 579.8 5.3 792.5
39.033 -0.00006 0.00009 3.3 2.4 -36.9 111.6 110.0 999.000 3.5 -1.532 -0.045 0.1 0.0 0.0 -6.5 -6.5 13 8.4 8654 1 1 0 0.0 24.2 15.4 0.065 75.0 0.005 0.0 0.0 0.0 596.2 35.7 800.0
39.642 -0.00006 0.00010 3.7 8.3 -36.4 111.7 110.0 999.000 3.5 -1.532 -0.045 0.1 0.0 0.0 0.0 0.0 13 8.3 8739 1 1 0 0.0 24.2 15.4 0.065 75.0 0.005 0.0 0.0 0.0 602.2 87.3 781.7
40.033 -0.00007 0.00011 4.1 12.7 -33.9 112.3 110.0 999.000 3.5 -1.578 -0.101 0.2 0.0 0.0 0.0 0.0 13 8.4 8749 1 1 0 0.0 24.2 15.4 0.065 75.0 0.005 0.0 0.0 0.0 544.0 182.9 787.1
40.640 -0.00007 0.00011 4.5 15.2 -31.8 112.9 110.0 999.000 3.5 -1.578 -0.101 0.2 0.0 0.0 -3.3 -3.3 13 8.4 8809 1 1 0 0.0 24.2 15.4 0.065 75.0 0.005 0.0 0.0 0.0 529.8 247.5 838.1
41.052 -0.00007 0.00012 4.9 15.3 -30.8 113.4 110.0 999.000 3.5 -1.573 0.004 0.1 -2.9 -2.9 -2.3 -2.3 13 8.3 8829 1 1 0 0.0 24.2 15.4 0.065 75.0 0.005 0.0 0.0 0.0 521.4 220.5 839.5
41.642 -0.00007 0.00012 5.3 13.3 -29.4 113.1 110.0 999.000 3.5 -1.573 0.004 0.1 -3.4 -3.4 -1.3 -1.3 13 8.3 8774 1 1 0 0.0 24.2 15.4 0.065 75.0 0.005 0.0 0.0 0.0 501.8 173.1 856.1
42.031 -0.00008 0.00013 5.6 11.2 -27.5 112.7 110.0 999.000 3.5 -1.527 0.113 0.0 -3.1 -3.1 -0.3 -0.3 13 8.4 8859 1 1 0 0.0 24.2 15.4 0.065 75.0 0.005 0.0 0.0 0.0 472.3 164.6 925.6
42.644 -0.00008 0.00014 5.9 10.7 -25.2 112.4 110.0 999.000 3.5 -1.527 0.113 0.0 -2.7 -2.7 0.7 0.7 13 8.4 8824 1 1 0 0.0 24.2 15.4 0.065 75.0 0.005 0.0 0.0 0.0 416.3 187.7 891.3
43.032 -0.00008 0.00014 6.2 10.7 -22.7 112.5 110.0 999.000 3.5 -1.711 -0.098 0.1 0.0 0.0 1.7 1.7 13 8.4 8799 1 1 0 0.0 24.2 15.4 0.065 75.0 0.005 0.0 0.0 0.0 395.7 156.9 939.7
43.641 -0.00009 0.00015 6.5 12.7 -19.9 113.3 110.0 999.000 3.5 -1.711 -0.098 0.1 0.0 0.0 2.5 2.5 13 10.1 8844 1 1 0 0.0 24.2 15.4 0.065 75.0 0.005 0.0 0.0 0.0 343.8 167.1 918.6
44.034 -0.00009 0.00016 6.7 13.9 -17.0 114.4 110.0 999.000 3.5 -1.596 -0.005 0.0 -3.3 -3.3 3.3 3.3 13 8.4 8774 1 1 0 0.0 24.2 15.4 0.065 75.0 0.005 0.0 0.0 0.0 287.5 231.2 961.8
44.642 -0.00009 0.00016 7.0 11.9 -13.7 114.7 110.0 999.000 3.5 -1.596 -0.005 0.0 -4.4 -4.4 4.1 4.1 13 8.3 8854 1 1 0 0.0 24.2 15.4 0.065 75.0 0.005 0.0 0.0 0.0 231.6 204.7 958.2
45.032 -0.00009 0.00017 7.1 9.4 -10.2 114.7 110.0 999.000 3.5 -1.453 -0.014 0.0 -4.7 -4.7 4.8 4.8 13 8.4 8829 1 1 0 0.0 24.2 15.4 0.065 75.0 0.005 0.0 0.0 0.0 170.1 161.4 986.4
45.644 -0.00010 0.00018 7.2 7.3 -6.8 114.5 110.0 999.000 3.5 -1.453 -0.014 0.0 -4.7 -4.7 5.3 5.4 13 8.3 8884 1 1 0 0.0 24.2 15.4 0.065 75.0 0.005 0.0 0.0 0.0 104.0 88.0 962.6
46.056 -0.00010 0.00018 7.3 6.6 -3.1 113.7 110.0 999.000 3.5 -1.516 -0.036 0.1 -4.5 -4.5 5.8 5.8 13 8.3 8779 1 1 0 0.0 24.2 15.4 0.065 75.0 0.005 0.0 0.0 0.0 56.3 140.5 1042.0
46.642 -0.00010 0.00019 7.3 6.8 0.4 112.6 110.0 999.000 3.5 -1.516 -0.036 0.1 -3.7 -3.7 6.1 6.1 13 8.4 8799 1 1 0 0.0 24.2 15.4 0.065 75.0 0.005 0.0 0.0 0.0 -4.1 117.6 1024.0
47.033 -0.00010 0.00020 7.3 7.6 3.9 111.6 110.0 999.000 3.5 -1.385 -0.045 0.0 -2.6 -2.6 6.4 6.4 13 8.4 8849 1 1 0 0.0 24.2 15.4 0.065 75.0 0.005 0.0 0.0 0.0 -61.6 111.6 1004.0
47.642 -0.00011 0.00020 7.2 9.6 7.5 111.1 110.0 999.000 3.5 -1.385 -0.045 0.0 0.0 0.0 6.5 6.5 13 8.4 8809 1 1 0 0.0 24.2 15.4 0.065 75.0 0.005 0.0 0.0 0.0 -146.0 187.5 979.5
48.032 -0.00011 0.00021 7.1 12.8 11.0 111.4 110.0 999.000 3.5 -1.672 0.065 -0.0 0.0 0.0 6.5 6.5 13 8.3 8914 1 1 0 0.0 24.2 15.4 0.065 75.0 0.005 0.0 0.0 0.0 -205.0 209.5 984.5
48.643 -0.00011 0.00022 6.9 14.5 14.5 112.0 110.0 999.000 3.5 -1.672 0.065 -0.0 0.0 0.0 6.3 6.3 13 8.4 8829 1 1 0 0.0 24.2 15.4 0.065 75.0 0.005 0.0 0.0 0.0 -262.0 196.7 940.4
49.032 -0.00012 0.00022 6.7 15.2 18.0 112.6 110.0 999.000 3.5 -1.602 -0.058 -0.0 0.0 0.0 6.1 6.1 13 10.0 8859 1 1 0 0.0 24.2 15.4 0.065 75.0 0.005 0.0 0.0 0.0 -318.0 241.2 934.2
49.643 -0.00012 0.00023 6.4 14.5 21.2 113.0 110.0 999.000 3.5 -1.602 -0.058 -0.0 -2.6 -2.6 5.7 5.7 13 8.4 8864 1 1 0 0.0 24.2 15.4 0.065 75.0 0.005 0.0 0.0 0.0 -359.0 258.5 944.5
50.033 -0.00012 0.00023 6.1 12.0 24.5 112.8 110.0 999.000 3.5 -1.597 0.039 0.0 -3.0 -3.0 5.2 5.2 13 8.4 8834 1 1 0 0.0 24.2 15.4 0.065 75.0 0.005 0.0 0.0 0.0 -433.0 205.4 920.8
50.642 -0.00012 0.00024 5.7 10.5 27.5 112.2 110.0 999.000 3.5 -1.597 0.039 0.0 -2.8 -2.8 4.5 4.5 13 8.4 8879 1 1 0 0.0 24.2 15.4 0.065 75.0 0.005 0.0 0.0 0.0 -469.0 132.2 875.6
51.051 -0.00013 0.00025 5.3 10.4 30.3 111.7 110.0 999.000 3.5 -1.613 0.059 -0.0 0.0 0.0 3.7 3.7 13 8.4 8839 1 1 0 0.0 24.2 15.4 0.065 75.0 0.005 0.0 0.0 0.0 -515.0 148.5 866.3
51.644 -0.00013 0.00026 4.9 12.8 32.6 111.9 110.0 999.000 3.5 -1.613 0.059 -0.0 0.0 0.0 2.8 2.8 13 8.4 8879 1 1 0 0.0 24.2 15.4 0.065 75.0 0.005 0.0 0.0 0.0 -569.0 204.8 815.4
52.033 -0.00013 0.00026 4.5 15.1 34.8 112.3 110.0 999.000 3.5 -1.628 -0.062 0.0 0.0 0.0 1.8 1.8 13 8.4 8839 1 1 0 0.0 24.2 15.4 0.065 75.0 0.005 0.0 0.0 0.0 -585.0 188.6 778.4
52.644 -0.00013 0.00027 4.0 16.9 36.5 112.7 110.0 999.000 3.5 -1.628 -0.062 0.0 0.0 0.0 0.8 0.8 13 8.4 8839 1 1 0 0.0 24.2 15.4 0.065 75.0 0.005 0.0 0.0 0.0 -604.0 250.8 767.7
53.033 -0.00014 0.00028 3.5 17.6 37.9 113.0 110.0 999.000 3.5 -1.609 0.067 -0.0 -2.7 -2.7 0.0 0.0 13 8.4 8854 1 1 0 0.0 24.2 15.4 0.065 75.0 0.005 0.0 0.0 0.0 -615.0 240.0 776.0
53.642 -0.00014 0.00028 2.9 15.1 39.3 112.4 110.0 999.000 3.5 -1.609 0.067 -0.0 -3.0 -3.0 0.0 0.0 13 8.4 8789 1 1 0 0.0 24.2 15.4 0.065 75.0 0.005 0.0 0.0 0.0 -653.0 178.2 724.2
54.047 -0.00014 0.00029 2.4 12.6 40.3 111.7 999.0 999.000 999.0 -1.691 0.005 -0.0 0.0 0.0 30.0 30.0 13 8.4 8844 0 0 0 0.0 24.2 15.4 0.065 75.0 0.005 0.0 0.0 0.0 -663.0 179.1 723.9
54.643 -0.00015 0.00030 1.9 7.8 43.6 112.2 999.0 999.000 999.0 -1.691 0.005 -0.0 0.0 0.0 30.0 30.0 0 0.0 0 0 0 0 0.0 24.2 15.4 0.065 75.0 0.005 0.0 0.0 0.0 -662.0 84.4 740.6
55.032 -0.00015 0.00030 1.4 3.2 52.6 113.1 999.0 999.000 999.0 -1.407 -0.001 0.0 0.0 0.0 30.0 30.0 0 0.0 0 0 0 0 0.0 24.2 15.4 0.065 75.0 0.005 0.0 0.0 0.0 -786.0 18.6 598.0
55.645 -0.00015 0.00031 1.0 -1.2 60.3 112.4 999.0 999.000 999.0 -1.407 -0.001 0.0 0.0 0.0 30.0 30.0 0 0.0 0 0 0 0 0.0 24.2 15.4 0.065 75.0 0.005 0.0 0.0 0.0 -865.0 -13.9 490.4
56.059 -0.00015 0.00031 0.6 -5.3 66.6 109.8 999.0 999.000 999.0 -1.062 -0.042 -0.0 0.0 0.0 30.0 30.0 0 0.0 0 0 0 0 0.0 24.2 15.4 0.065 75.0 0.005 0.0 0.0 0.0 -917.0 -41.1 379.0
56.642 -0.00015 0.00032 0.3 -8.5 71.1 106.3 999.0 999.000 999.0 -1.062 -0.042 -0.0 0.0 0.0 30.0 30.0 0 0.0 0 0 0 0 0.0 24.2 15.4 0.065 75.0 0.005 0.0 0.0 0.0 -889.0 -36.6 263.5
57.035 -0.00015 0.00032 0.1 -7.5 68.8 103.4 999.0 999.000 999.0 -0.628 -0.057 -0.1 0.0 0.0 30.0 30.0 0 0.0 0 0 0 0 0.0 24.2 15.4 0.065 75.0 0.005 0.0 0.0 0.0 -827.0 -32.9 335.8
57.643 -0.00015 0.00032 0.3 3.4 53.6 102.6 999.0 999.000 999.0 -0.628 -0.057 -0.1 0.0 0.0 30.0 30.0 0 0.0 0 0 0 0 0.0 24.2 15.4 0.065 75.0 0.005 0.0 0.0 0.0 -781.0 57.8 689.0
58.033 -0.00016 0.00033 0.5 7.3 41.1 100.4 999.0 999.000 999.0 0.197 0.056 -0.5 0.0 0.0 30.0 30.0 0 0.0 0 0 0 0 0.0 24.2 15.4 0.065 75.0 0.005 0.0 0.0 0.0 -659.0 86.6 780.2
58.646 -0.00016 0.00033 0.5 4.9 34.1 96.7 999.0 999.000 999.0 0.197 0.056 -0.5 0.0 0.0 30.0 30.0 0 0.0 0 0 0 0 0.0 24.2 15.4 0.065 75.0 0.005 0.0 0.0 0.0 -565.0 59.0 853.3
59.035 -0.00016 0.00033 0.5 6.0 31.1 93.6 999.0 999.000 999.0 -0.061 0.009 -0.2 0.0 0.0 30.0 30.0 0 0.0 0 0 0 0 0.0 24.2 15.4 0.065 75.0 0.005 0.0 0.0 0.0 -530.0 77.2 862.8
59.643 -0.00016 0.00033 0.5 7.4 30.5 92.0 999.0 999.000 999.0 -0.061 0.009 -0.2 0.0 0.0 30.0 30.0 0 0.0 0 0 0 0 0.0 24.2 15.4 0.065 75.0 0.005 0.0 0.0 0.0 -523.0 99.0 858.2
60.035 -0.00016 0.00033 0.4 5.4 30.9 91.6 999.0 999.000 999.0 -0.108 -0.036 0.1 0.0 0.0 30.0 30.0 0 0.0 0 0 0 0 0.0 24.2 15.4 0.065 75.0 0.005 0.0 0.0 0.0 -530.0 57.2 853.9
60.644 -0.00016 0.00033 0.2 3.6 31.9 93.0 999.0 999.000 999.0 -0.108 -0.036 0.1 0.0 0.0 30.0 30.0 0 0.0 0 0 0 0 0.0 24.2 15.4 0.065 75.0 0.005 0.0 0.0 0.0 -536.0 62.0 845.3
61.057 -0.00016 0.00033 0.2 1.9 30.9 93.3 999.0 999.000 999.0 -0.229 -0.151 0.1 0.0 0.0 30.0 30.0 0 0.0 5 0 0 0 0.0 24.2 15.4 0.065 75.0 0.005 0.0 0.0 0.0 -483.0 22.9 831.4
61.645 -0.00016 0.00033 0.2 3.9 22.5 94.5 999.0 999.000 999.0 -0.229 -0.151 0.1 0.0 0.0 30.0 30.0 0 0.0 0 0 0 0 0.0 24.2 15.4 0.065 75.0 0.005 0.0 0.0 0.0 -353.0 80.2 949.1
62.034 -0.00016 0.00033 0.2 4.9 14.3 94.4 999.0 999.000 999.0 0.012 -0.019 -0.1 0.0 0.0 30.0 30.0 0 0.0 5 0 0 0 0.0 24.2 15.4 0.065 75.0 0.005 0.0 0.0 0.0 -233.0 80.6 984.6
62.644 -0.00016 0.00033 0.2 5.8 10.4 94.5 999.0 999.000 999.0 0.012 -0.019 -0.1 0.0 0.0 30.0 30.0 0 0.0 0 0 0 0 0.0 24.2 15.4 0.065 75.0 0.005 0.0 0.0 0.0 -166.0 102.9 989.7
63.036 -0.00016 0.00033 0.1 6.1 7.6 95.4 999.0 999.000 999.0 -0.149 -0.110 0.0 0.0 0.0 30.0 30.0 0 0.0 0 0 0 0 0.0 24.2 15.4 0.065 75.0 0.005 0.0 0.0 0.0 -125.0 74.5 996.5
63.645 -0.00016 0.00034 0.1 6.3 6.6 96.6 999.0 999.000 999.0 -0.149 -0.110 0.0 0.0 0.0 30.0 30.0 0 0.0 0 0 0 0 0.0 24.2 15.4 0.065 75.0 0.005 0.0 0.0 0.0 -125.0 114.2 957.7
64.035 -0.00016 0.00034 0.0 8.2 4.3 97.9 999.0 999.000 999.0 -0.342 -0.196 0.1 0.0 0.0 30.0 30.0 0 0.0 5 0 0 0 0.0 24.2 15.4 0.065 75.0 0.005 0.0 0.0 0.0 -58.3 162.1 987.3
64.645 -0.00016 0.00034 0.0 8.7 -0.4 99.6 999.0 999.000 999.0 -0.342 -0.196 0.1 0.0 0.0 30.0 30.0 0 0.0 0 0 0 0 0.0 24.2 15.4 0.065 75.0 0.005 0.0 0.0 0.0 17.9 133.2 996.7
65.034 -0.00016 0.00034 0.0 9.0 -1.1 100.8 999.0 999.000 999.0 -0.146 -0.025 -0.0 0.0 0.0 30.0 30.0 0 0.0 0 0 0 0 0.0 24.2 15.4 0.065 75.0 0.005 0.0 0.0 0.0 8.5 141.3 978.2
