7.304 0.00000 0.00000 0.0 7.6 0.3 180.4 999.0 999.000 999.0 nan nan nan 0.0 0.0 0.0 0.0 0 0.0 0 0 0 0 0.0 0.0 0.0 0.000 0.0 0.000 0.0 0.0 0.0 -22.7 129.7 949.7
7.800 0.00000 0.00000 0.1 6.3 1.0 181.4 999.0 999.000 999.0 nan nan nan 0.0 0.0 0.0 0.0 0 0.0 0 0 0 0 0.0 24.2 15.5 0.065 77.0 0.005 0.0 0.0 0.0 -16.4 100.1 981.8
8.303 0.00000 0.00000 0.1 6.8 0.6 181.5 999.0 999.000 999.0 nan nan nan 0.0 0.0 0.0 0.0 0 0.0 0 0 0 0 0.0 24.2 15.5 0.065 77.0 0.005 0.0 0.0 0.0 -9.2 115.6 1005.0
8.801 0.00000 0.00000 0.0 6.2 1.1 180.6 999.0 999.000 999.0 nan nan nan 0.0 0.0 0.0 0.0 0 0.0 0 0 0 0 0.0 24.2 15.5 0.065 77.0 0.005 0.0 0.0 0.0 -33.9 98.3 976.6
9.200 -0.00000 360.00000 0.0 6.4 0.1 181.3 999.0 999.000 999.0 0.099 -0.078 0.0 0.0 0.0 0.0 0.0 0 0.0 0 0 0 0 0.0 24.2 15.5 0.065 77.0 0.005 0.0 0.0 0.0 2.0 112.6 1001.0
9.802 -0.00000 360.00000 0.1 7.1 1.2 181.5 999.0 999.000 999.0 0.099 -0.078 0.0 0.0 0.0 0.0 0.0 0 0.0 0 0 0 0 0.0 24.2 15.5 0.065 77.0 0.005 0.0 0.0 0.0 -15.9 125.0 990.2
10.202 -0.00000 360.00000 0.0 7.1 -0.6 181.0 999.0 999.000 999.0 -0.033 -0.011 0.1 0.0 0.0 0.0 0.0 0 0.0 0 0 0 0 0.0 24.2 15.5 0.065 77.0 0.005 0.0 0.0 0.0 6.2 128.5 988.0
10.801 -0.00000 360.00000 0.1 6.1 0.3 181.7 999.0 999.000 999.0 -0.033 -0.011 0.1 0.0 0.0 0.0 0.0 0 0.0 0 0 0 0 0.0 24.2 15.5 0.065 77.0 0.005 0.0 0.0 0.0 -6.2 99.6 1005.0
11.225 -0.00000 360.00000 0.1 7.2 0.6 181.1 999.0 999.000 999.0 0.276 0.048 0.0 0.0 0.0 0.0 0.0 0 0.0 0 0 0 0 0.0 24.2 15.5 0.065 77.0 0.005 0.0 0.0 0.0 -10.3 136.0 995.1
11.801 -0.00000 360.00000 0.1 6.8 0.9 182.3 999.0 999.000 999.0 0.276 0.048 0.0 0.0 0.0 0.0 0.0 0 0.0 0 0 0 0 0.0 24.2 15.5 0.065 77.0 0.005 0.0 0.0 0.0 -20.0 121.8 1000.0
12.201 -0.00000 360.00000 0.0 5.6 1.7 181.7 999.0 999.000 999.0 0.016 -0.001 -0.0 0.0 0.0 0.0 0.0 0 0.0 0 0 0 0 0.0 24.2 15.5 0.065 77.0 0.005 0.0 0.0 0.0 -25.3 77.6 985.4
12.803 -0.00000 360.00000 0.1 5.8 1.3 182.0 999.0 999.000 999.0 0.016 -0.001 -0.0 0.0 0.0 0.0 0.0 0 0.0 0 0 0 0 0.0 24.2 15.5 0.065 77.0 0.005 0.0 0.0 0.0 -27.3 133.5 986.0
13.202 -0.00000 360.00000 0.1 7.2 -0.4 181.9 999.0 999.000 999.0 -0.010 -0.048 -0.1 0.0 0.0 0.0 0.0 0 0.0 5 0 0 0 0.0 24.2 15.5 0.065 77.0 0.005 0.0 0.0 0.0 3.1 122.6 1009.0
13.801 -0.00001 360.00000 0.1 7.1 2.1 182.5 999.0 999.000 999.0 -0.010 -0.048 -0.1 0.0 0.0 0.0 0.0 0 0.0 0 0 0 0 0.0 24.2 15.5 0.065 77.0 0.005 0.0 0.0 0.0 -27.0 129.4 987.5
14.203 -0.00001 360.00000 0.1 7.1 0.2 182.2 999.0 999.000 999.0 0.029 -0.006 -0.0 0.0 0.0 0.0 0.0 0 0.0 0 0 0 0 0.0 24.2 15.5 0.065 77.0 0.005 0.0 0.0 0.0 -16.9 129.7 982.9
14.801 -0.00001 360.00000 0.1 5.4 1.4 181.8 999.0 999.000 999.0 0.029 -0.006 -0.0 0.0 0.0 0.0 0.0 0 0.0 0 0 0 0 0.0 24.2 15.5 0.065 77.0 0.005 0.0 0.0 0.0 -19.3 96.5 1016.0
15.202 -0.00001 360.00000 0.1 6.2 0.5 181.5 999.0 999.000 999.0 0.068 -0.097 0.0 0.0 0.0 0.0 0.0 0 0.0 0 0 0 0 0.0 24.2 15.5 0.065 77.0 0.005 0.0 0.0 0.0 -10.3 103.8 983.2
15.812 -0.00001 360.00000 0.1 6.8 0.5 182.2 999.0 999.000 999.0 0.068 -0.097 0.0 0.0 0.0 0.0 0.0 0 0.0 0 0 0 0 0.0 24.2 15.5 0.065 77.0 0.005 0.0 0.0 0.0 -6.9 135.3 1002.0
16.225 -0.00001 360.00000 0.0 6.7 0.6 181.7 999.0 999.000 999.0 0.104 0.037 0.0 0.0 0.0 0.0 0.0 0 0.0 0 0 0 0 0.0 24.2 15.5 0.065 77.0 0.005 0.0 0.0 0.0 -17.9 117.3 969.3
16.812 -0.00001 360.00000 0.0 6.5 0.9 181.3 999.0 999.000 999.0 0.104 0.037 0.0 0.0 0.0 0.0 0.0 0 0.0 0 0 0 0 0.0 24.2 15.5 0.065 77.0 0.005 0.0 0.0 0.0 -14.9 108.6 1011.0
17.202 -0.00001 360.00000 0.1 7.7 0.2 181.9 999.0 999.000 999.0 0.043 -0.026 -0.0 0.0 0.0 0.0 0.0 0 0.0 0 0 0 0 0.0 24.2 15.5 0.065 77.0 0.005 0.0 0.0 0.0 -7.2 158.4 972.2
17.810 -0.00001 360.00000 0.1 7.1 0.4 181.2 190.0 999.000 999.0 0.043 -0.026 -0.0 0.0 0.0 0.0 0.0 0 0.0 0 1 0 0 0.0 24.2 15.5 0.065 77.0 0.005 0.0 0.0 0.0 -6.6 99.8 999.0
18.203 -0.00001 360.00000 0.1 6.6 0.4 182.2 190.0 999.000 999.0 0.146 0.073 0.0 0.0 0.0 0.0 0.0 0 0.0 0 1 0 0 0.0 24.2 15.5 0.065 77.0 0.005 0.0 0.0 0.0 -18.9 136.4 985.9
18.812 -0.00001 360.00000 0.0 4.9 0.8 181.8 190.0 999.000 999.0 0.146 0.073 0.0 0.0 0.0 0.0 0.0 0 0.0 0 1 0 0 0.0 24.2 15.5 0.065 77.0 0.005 0.0 0.0 0.0 -8.4 54.4 1012.0
19.201 -0.00001 360.00000 0.1 7.7 0.9 183.0 190.0 999.000 999.0 0.058 0.002 0.0 0.0 0.0 0.0 0.0 0 0.0 0 1 0 0 0.0 24.2 15.5 0.065 77.0 0.005 0.0 0.0 0.0 -13.2 181.3 975.2
19.813 -0.00001 360.00000 0.1 7.5 0.4 182.6 190.0 999.000 999.0 0.058 0.002 0.0 0.0 0.0 0.0 0.0 0 0.0 0 1 0 0 0.0 24.2 15.5 0.065 77.0 0.005 0.0 0.0 0.0 -8.1 114.4 996.6
20.202 -0.00001 360.00000 0.1 6.4 0.5 183.1 190.0 999.000 999.0 0.098 0.207 0.0 0.0 0.0 0.0 0.0 0 0.0 5 1 0 0 0.0 24.2 15.5 0.065 77.0 0.005 0.0 0.0 0.0 -13.1 125.1 992.4
20.811 -0.00001 360.00000 0.1 5.5 1.6 183.4 190.0 999.000 2.0 0.098 0.207 0.0 0.0 0.0 0.0 0.0 0 0.0 0 1 1 0 0.0 24.2 15.5 0.065 77.0 0.005 0.0 0.0 0.0 -22.5 84.9 993.4
21.225 -0.00001 360.00000 0.1 7.2 1.5 183.4 190.0 999.000 2.0 0.026 -0.168 0.0 0.0 0.0 -5.1 -5.1 0 0.0 0 1 1 0 0.0 24.2 15.5 0.065 77.0 0.005 0.0 0.0 0.0 -34.9 136.4 987.1
21.813 -0.00001 360.00000 0.1 6.5 1.6 183.0 190.0 999.000 2.0 0.026 -0.168 0.0 0.0 0.0 -5.3 -5.3 0 0.0 0 1 1 0 0.0 24.2 15.5 0.065 77.0 0.005 0.0 0.0 0.0 -20.4 95.9 995.8
22.202 -0.00001 360.00000 0.1 6.9 1.7 183.2 190.0 999.000 2.0 0.019 -0.014 0.0 0.0 0.0 -5.5 -5.5 0 0.0 0 1 1 0 0.0 24.2 15.5 0.065 77.0 0.005 0.0 0.0 0.0 -25.6 125.8 1002.0
22.814 -0.00001 360.00000 0.1 7.2 1.3 184.0 190.0 999.000 2.0 0.019 -0.014 0.0 0.0 0.0 -5.6 -5.6 0 0.0 0 1 1 0 0.0 24.2 15.5 0.065 77.0 0.005 0.0 0.0 0.0 -30.3 142.6 978.3
23.203 -0.00001 360.00000 0.1 7.8 1.5 183.3 190.0 999.000 2.0 0.034 0.084 0.0 0.0 0.0 -5.8 -5.8 0 0.0 0 1 1 0 0.0 24.2 15.5 0.065 77.0 0.005 0.0 0.0 0.0 -19.5 133.7 1003.0
23.812 -0.00001 360.00000 0.1 6.6 1.2 184.4 190.0 999.000 2.0 0.034 0.084 0.0 0.0 0.0 -6.0 -6.0 0 0.0 0 1 1 0 0.0 24.2 15.5 0.065 77.0 0.005 0.0 0.0 0.0 -36.3 115.1 974.3
24.205 -0.00002 360.00000 0.0 5.9 2.0 183.8 190.0 999.000 2.0 0.090 0.059 0.0 0.0 0.0 -6.2 -6.2 0 0.0 0 1 1 0 0.0 24.2 15.5 0.065 77.0 0.005 0.0 0.0 0.0 -20.9 87.2 1018.0
24.813 -0.00002 360.00000 0.1 7.0 0.6 185.2 190.0 999.000 2.0 0.090 0.059 0.0 0.0 0.0 -6.4 -6.4 0 0.0 5 1 1 0 0.0 24.2 15.5 0.065 77.0 0.005 0.0 0.0 0.0 -22.5 151.5 971.7
25.215 -0.00002 360.00000 0.1 8.2 0.7 184.3 190.0 999.000 2.0 -0.069 0.056 0.0 0.0 0.0 -6.6 -6.6 0 0.0 0 1 1 0 0.0 24.2 15.5 0.065 77.0 0.005 0.0 0.0 0.0 0.1 124.5 1001.0
25.814 -0.00002 360.00000 0.1 19.5 -1.0 185.7 190.0 999.000 2.0 -0.069 0.056 0.0 0.0 0.0 -6.8 -6.8 12 8.4 8199 1 1 0 0.0 24.2 15.5 0.065 77.0 0.005 0.0 0.0 0.0 -24.4 439.6 1083.0
26.222 -0.00002 360.00000 0.1 23.6 -0.8 187.3 190.0 999.000 2.0 -0.015 -0.034 0.0 0.0 0.0 -7.0 -7.0 12 0.0 8844 1 1 0 0.0 24.2 15.5 0.065 77.0 0.005 0.0 0.0 0.0 -49.2 243.5 776.3
26.813 -0.00002 360.00000 0.1 12.0 -1.3 191.1 190.0 999.000 2.0 -0.015 -0.034 0.0 0.0 0.0 -7.1 -7.1 12 0.0 9049 1 1 0 0.0 24.2 15.5 0.065 77.0 0.005 0.0 0.0 0.0 -62.4 147.2 851.0
27.204 -0.00002 360.00000 0.1 4.0 -2.0 195.0 190.0 999.000 2.0 -0.707 0.011 -0.0 0.0 0.0 -7.3 -7.3 12 0.0 9154 1 1 0 0.0 24.2 15.5 0.065 77.0 0.005 0.0 0.0 0.0 -2.0 -38.6 810.9
27.814 -0.00002 360.00000 0.1 2.9 -1.6 200.2 190.0 999.000 2.0 -0.707 0.011 -0.0 0.0 0.0 -7.5 -7.5 12 0.0 9173 1 1 0 0.0 24.2 15.5 0.065 77.0 0.005 0.0 0.0 0.0 -16.3 5.6 841.4
28.204 -0.00003 360.00000 0.1 2.4 -2.0 204.3 190.0 999.000 2.0 -1.029 0.105 0.0 0.0 0.0 -7.7 -7.7 12 8.4 9443 1 1 0 0.0 24.2 15.5 0.065 77.0 0.005 0.0 0.0 0.0 -24.1 -10.8 799.5
28.814 -0.00003 359.99999 0.1 2.8 -1.8 208.2 190.0 999.000 2.0 -1.029 0.105 0.0 0.0 0.0 -7.9 -7.9 12 0.0 9698 1 1 0 0.0 24.2 15.5 0.065 77.0 0.005 0.0 0.0 0.0 13.8 46.2 960.3
29.203 -0.00004 359.99999 0.1 4.7 -1.8 211.3 190.0 999.000 2.0 -1.009 0.057 0.0 0.0 0.0 -8.1 -8.1 12 8.4 9578 1 1 0 0.0 24.2 15.5 0.065 77.0 0.005 0.0 0.0 0.0 53.6 56.1 1036.0
29.814 -0.00004 359.99999 0.1 5.4 -3.0 214.4 190.0 999.000 2.0 -1.009 0.057 0.0 0.0 0.0 -8.3 -8.3 12 8.4 9718 1 1 0 0.0 24.2 15.5 0.065 77.0 0.005 0.0 0.0 0.0 78.1 92.9 1112.0
30.205 -0.00004 359.99999 0.1 6.7 -2.9 217.3 190.0 999.000 2.0 -1.097 -0.100 0.0 0.0 0.0 -8.5 -8.5 12 0.0 9758 1 1 0 0.0 24.2 15.5 0.065 77.0 0.005 0.0 0.0 0.0 43.8 77.9 952.2
30.812 -0.00005 359.99998 0.1 8.4 -3.5 220.6 190.0 999.000 2.0 -1.097 -0.100 0.0 0.0 0.0 -8.6 -8.7 12 8.4 9608 1 1 0 0.0 24.2 15.5 0.065 77.0 0.005 0.0 0.0 0.0 36.8 164.2 899.4
31.223 -0.00005 359.99998 0.1 3.1 -3.0 221.8 190.0 999.000 2.0 -1.209 0.092 0.0 0.0 0.0 -8.8 -8.8 12 0.0 9843 1 1 0 0.0 24.2 15.4 0.065 77.0 0.005 0.0 0.0 0.0 69.1 49.8 940.0
31.813 -0.00005 359.99997 0.1 7.8 -3.6 224.4 190.0 999.000 2.0 -1.209 0.092 0.0 0.0 0.0 -9.0 -9.0 12 0.0 9848 1 1 0 0.0 24.2 15.4 0.065 77.0 0.005 0.0 0.0 0.0 73.5 130.7 918.3
32.204 -0.00006 359.99997 0.2 7.0 -6.8 225.5 190.0 999.000 2.0 -1.289 -0.011 0.0 0.0 0.0 -9.1 -9.1 12 0.0 9448 1 1 0 0.0 24.2 15.4 0.065 77.0 0.005 0.0 0.0 0.0 146.1 195.9 1045.0
32.815 -0.00006 359.99997 0.2 9.3 -7.3 227.2 190.0 999.000 2.0 -1.289 -0.011 0.0 0.0 0.0 -9.2 -9.2 12 0.0 9538 1 1 0 0.0 24.2 15.4 0.065 77.0 0.005 0.0 0.0 0.0 124.3 176.2 951.3
33.203 -0.00007 359.99996 0.3 12.8 -9.4 229.0 190.0 999.000 2.0 -1.182 0.009 0.1 0.0 0.0 -9.3 -9.3 12 0.0 8824 1 1 0 0.0 24.2 15.4 0.065 77.0 0.005 0.0 0.0 0.0 175.5 168.9 927.2
33.814 -0.00007 359.99996 0.3 17.7 -12.3 230.0 190.0 999.000 2.0 -1.182 0.009 0.1 0.0 0.0 -9.3 -9.3 12 0.0 8429 1 1 0 0.0 24.2 15.4 0.065 77.0 0.005 0.0 0.0 0.0 197.2 314.1 857.0
34.206 -0.00007 359.99995 0.5 22.8 -13.7 229.0 190.0 999.000 2.0 -1.247 -0.054 0.1 0.0 0.0 -9.3 -9.3 12 0.0 8339 1 1 0 0.0 24.2 15.4 0.065 77.0 0.005 0.0 0.0 0.0 255.9 364.3 917.7
34.813 -0.00008 359.99995 0.6 24.3 -16.9 228.4 190.0 999.000 2.0 -1.247 -0.054 0.1 0.0 0.0 -9.1 -9.2 12 0.0 8314 1 1 0 0.0 24.2 15.4 0.065 77.0 0.005 0.0 0.0 0.0 277.0 389.2 868.6
35.203 -0.00008 359.99995 0.8 23.5 -19.0 228.9 190.0 999.000 2.0 -1.212 0.058 0.1 -29.0 -29.0 -8.9 -8.9 12 0.0 8239 1 1 0 0.0 24.2 15.4 0.065 77.0 0.005 0.0 0.0 0.0 348.3 363.5 885.9
35.815 -0.00008 359.99994 0.9 8.7 -18.8 223.3 190.0 999.000 2.0 -1.212 0.058 0.1 -29.0 -29.0 -8.6 -8.7 12 0.0 8374 1 1 0 0.0 24.2 15.4 0.065 77.0 0.005 0.0 0.0 0.0 320.1 106.9 926.2
36.220 -0.00009 359.99994 1.1 -6.2 -19.5 215.5 190.0 999.000 2.0 -1.321 -0.009 0.1 -29.0 -29.0 -8.4 -8.3 12 8.4 8384 1 1 0 0.0 24.2 15.4 0.065 77.0 0.005 0.0 0.0 0.0 340.4 -114.0 961.3
36.813 -0.00009 359.99994 1.3 -13.4 -20.9 208.6 190.0 999.000 2.0 -1.321 -0.009 0.1 -25.5 -25.5 -8.0 -8.0 12 0.0 8399 1 1 0 0.0 24.2 15.4 0.065 77.0 0.005 0.0 0.0 0.0 375.3 -232.0 904.1
37.205 -0.00010 359.99993 1.4 -12.3 -23.0 202.1 190.0 999.000 2.0 -1.391 -0.130 0.0 -18.6 -18.6 -7.7 -7.7 12 0.0 8344 1 1 0 0.0 24.2 15.4 0.065 77.0 0.005 0.0 0.0 0.0 387.6 -158.0 885.7
37.814 -0.00011 359.99993 1.7 -1.7 -24.2 196.8 190.0 999.000 2.0 -1.391 -0.130 0.0 -12.1 -12.1 -7.3 -7.3 12 0.0 8289 1 1 0 0.0 24.2 15.4 0.065 77.0 0.005 0.0 0.0 0.0 412.0 15.9 924.3
38.204 -0.00011 359.99993 1.9 6.9 -24.7 193.1 190.0 999.000 2.0 -1.285 -0.088 0.1 -6.8 -6.8 0.0 0.0 12 0.0 8274 1 1 0 0.0 24.2 15.4 0.065 77.0 0.005 0.0 0.0 0.0 401.9 115.2 881.9
38.816 -0.00012 359.99993 2.1 12.5 -23.0 192.2 190.0 999.000 2.0 -1.285 -0.088 0.1 -3.1 -3.1 0.0 0.0 12 8.4 8274 1 1 0 0.0 24.2 15.4 0.065 77.0 0.005 0.0 0.0 0.0 376.7 177.8 864.8
39.205 -0.00012 359.99993 2.3 16.5 -20.9 192.7 190.0 999.000 2.0 -1.422 0.016 0.1 0.0 0.0 0.0 0.0 12 8.4 8284 1 1 0 0.0 24.2 15.4 0.065 77.0 0.005 0.0 0.0 0.0 353.3 274.8 911.9
39.814 -0.00013 359.99993 2.6 20.4 -19.2 194.1 190.0 999.000 2.0 -1.422 0.016 0.1 -2.7 -2.7 0.0 0.0 12 8.4 8404 1 1 0 0.0 24.2 15.4 0.065 77.0 0.005 0.0 0.0 0.0 314.0 310.1 864.3
40.205 -0.00014 359.99992 2.8 20.7 -17.4 195.3 190.0 999.000 2.0 -1.474 0.073 0.1 -4.1 -4.1 -4.4 -4.4 12 0.0 8409 1 1 0 0.0 24.2 15.4 0.065 77.0 0.005 0.0 0.0 0.0 305.9 345.6 902.6
40.813 -0.00014 359.99992 3.0 19.6 -16.8 195.5 190.0 999.000 2.0 -1.474 0.073 0.1 -5.3 -5.3 -3.8 -3.8 12 8.4 8349 1 1 0 0.0 24.2 15.4 0.065 77.0 0.005 0.0 0.0 0.0 285.5 326.6 887.2
41.205 -0.00015 359.99992 3.2 18.0 -16.2 194.9 190.0 999.000 2.0 -1.496 0.052 0.1 -5.5 -5.5 -3.2 -3.2 12 8.4 8329 1 1 0 0.0 24.2 15.4 0.065 77.0 0.005 0.0 0.0 0.0 271.1 298.5 918.3
41.814 -0.00016 359.99992 3.3 16.8 -15.3 194.4 190.0 999.000 2.0 -1.496 0.052 0.1 -4.9 -4.9 -2.6 -2.6 12 0.0 8334 1 1 0 0.0 24.2 15.4 0.065 77.0 0.005 0.0 0.0 0.0 253.5 273.0 899.7
42.204 -0.00016 359.99992 3.5 16.6 -14.2 193.8 190.0 999.000 2.0 -1.496 -0.119 0.0 -4.4 -4.4 -2.1 -2.1 12 0.0 8334 1 1 0 0.0 24.2 15.4 0.065 77.0 0.005 0.0 0.0 0.0 231.0 265.8 907.3
42.815 -0.00017 359.99992 3.6 16.9 -13.0 193.8 190.0 999.000 2.0 -1.496 -0.119 0.0 -3.8 -3.8 -1.5 -1.5 12 0.0 8404 1 1 0 0.0 24.2 15.4 0.065 77.0 0.005 0.0 0.0 0.0 212.6 267.3 940.9
43.204 -0.00018 359.99991 3.8 17.8 -11.6 194.2 190.0 999.000 2.0 -1.355 0.013 0.0 -3.8 -3.8 -1.0 -1.0 12 0.0 8409 1 1 0 0.0 24.2 15.4 0.065 77.0 0.005 0.0 0.0 0.0 202.2 335.9 937.7
43.813 -0.00018 359.99991 3.9 18.7 -10.0 194.7 190.0 999.000 2.0 -1.355 0.013 0.0 -4.2 -4.2 -0.5 -0.5 12 0.0 8414 1 1 0 0.0 24.2 15.4 0.065 77.0 0.005 0.0 0.0 0.0 180.3 328.5 942.7
44.206 -0.00019 359.99991 4.0 18.9 -8.2 195.2 190.0 999.000 2.0 -1.404 -0.049 0.1 -4.7 -4.7 -0.0 -0.0 12 0.0 8439 1 1 0 0.0 24.2 15.4 0.065 77.0 0.005 0.0 0.0 0.0 144.9 334.9 953.7
44.817 -0.00019 359.99991 4.1 18.1 -6.3 195.5 190.0 999.000 2.0 -1.404 -0.049 0.1 -5.2 -5.2 0.4 0.4 12 8.4 8379 1 1 0 0.0 24.2 15.4 0.065 77.0 0.005 0.0 0.0 0.0 108.8 321.6 969.6
45.205 -0.00020 359.99991 4.1 17.3 -4.2 195.6 190.0 999.000 2.0 -1.543 0.068 0.1 -5.5 -5.5 0.8 0.8 12 0.0 8449 1 1 0 0.0 24.2 15.4 0.065 77.0 0.005 0.0 0.0 0.0 55.4 279.0 932.9
45.816 -0.00021 359.99991 4.1 16.5 -2.2 195.6 190.0 999.000 2.0 -1.543 0.068 0.1 -5.6 -5.6 1.1 1.1 12 0.0 8464 1 1 0 0.0 24.2 15.4 0.065 77.0 0.005 0.0 0.0 0.0 39.8 276.6 962.2
46.230 -0.00021 359.99990 4.1 16.0 0.1 195.6 190.0 999.000 2.0 -1.529 0.041 0.0 -5.6 -5.6 1.4 1.4 12 0.0 8429 1 1 0 0.0 24.2 15.4 0.065 77.0 0.005 0.0 0.0 0.0 -0.4 271.1 966.0
46.814 -0.00022 359.99990 4.1 16.0 2.2 195.6 190.0 999.000 2.0 -1.529 0.041 0.0 -5.6 -5.6 1.6 1.6 12 0.0 8424 1 1 0 0.0 24.2 15.4 0.065 77.0 0.005 0.0 0.0 0.0 -37.1 302.4 991.4
47.207 -0.00023 359.99990 4.0 16.0 4.4 195.5 190.0 999.000 2.0 -1.453 0.009 0.0 -5.6 -5.6 1.7 1.7 12 0.0 8409 1 1 0 0.0 24.2 15.4 0.065 77.0 0.005 0.0 0.0 0.0 -76.3 286.1 981.6
47.814 -0.00023 359.99990 3.9 16.2 6.6 195.4 190.0 999.000 2.0 -1.453 0.009 0.0 -5.5 -5.5 1.8 1.8 12 0.0 8459 1 1 0 0.0 24.2 15.4 0.065 77.0 0.005 0.0 0.0 0.0 -107.0 295.2 997.5
48.204 -0.00024 359.99990 3.8 16.2 8.8 195.1 190.0 999.000 2.0 -1.615 -0.058 0.0 -5.4 -5.4 1.7 1.7 12 0.0 8434 1 1 0 0.0 24.2 15.4 0.065 77.0 0.005 0.0 0.0 0.0 -160.0 292.0 958.0
48.816 -0.00025 359.99989 3.7 16.7 10.9 195.0 190.0 999.000 2.0 -1.615 -0.058 0.0 -5.1 -5.1 1.6 1.6 12 8.4 8394 1 1 0 0.0 24.2 15.4 0.065 77.0 0.005 0.0 0.0 0.0 -187.0 283.0 974.0
49.206 -0.00025 359.99989 3.5 17.2 13.0 194.8 190.0 999.000 2.0 -1.482 0.071 0.0 -5.0 -5.0 1.4 1.4 12 0.0 8404 1 1 0 0.0 24.2 15.4 0.065 77.0 0.005 0.0 0.0 0.0 -233.0 262.2 934.0
49.815 -0.00026 359.99989 3.3 17.6 15.0 194.7 190.0 999.000 2.0 -1.482 0.071 0.0 -4.8 -4.8 1.1 1.1 12 8.4 8434 1 1 0 0.0 24.2 15.4 0.065 77.0 0.005 0.0 0.0 0.0 -268.0 286.5 912.2
50.207 -0.00027 359.99989 3.1 18.2 16.9 194.6 190.0 999.000 2.0 -1.468 0.025 0.0 -4.7 -4.7 0.8 0.8 12 0.0 8459 1 1 0 0.0 24.2 15.4 0.065 77.0 0.005 0.0 0.0 0.0 -308.0 298.4 887.2
50.815 -0.00027 359.99989 2.8 18.5 18.6 194.7 190.0 999.000 2.0 -1.468 0.025 0.0 -4.6 -4.6 0.3 0.3 12 0.0 8459 1 1 0 0.0 24.2 15.4 0.065 77.0 0.005 0.0 0.0 0.0 -320.0 292.6 912.4
51.225 -0.00028 359.99989 2.5 18.7 20.2 194.8 190.0 999.000 2.0 -1.616 0.046 0.0 -4.7 -4.7 -0.2 -0.2 12 0.0 8404 1 1 0 0.0 24.2 15.4 0.065 77.0 0.005 0.0 0.0 0.0 -346.0 326.3 888.9
51.817 -0.00029 359.99988 2.2 18.6 21.5 194.6 190.0 999.000 2.0 -1.616 0.046 0.0 -4.8 -4.8 -0.9 -0.9 12 0.0 8399 1 1 0 0.0 24.2 15.4 0.065 77.0 0.005 0.0 0.0 0.0 -374.0 278.6 862.3
52.206 -0.00029 359.99988 1.9 18.5 22.7 194.5 190.0 999.000 2.0 -1.614 -0.026 0.1 -4.6 -4.6 0.0 0.0 12 0.0 8379 1 1 0 0.0 24.2 15.4 0.065 76.0 0.005 0.0 0.0 0.0 -398.0 278.7 867.4
52.816 -0.00030 359.99988 1.6 19.2 24.1 194.6 190.0 999.000 2.0 -1.614 -0.026 0.1 -4.5 -4.5 0.0 0.0 12 0.0 8444 1 1 0 0.0 24.2 15.4 0.065 76.0 0.005 0.0 0.0 0.0 -411.0 274.8 863.6
53.208 -0.00031 359.99988 1.3 20.0 25.4 194.7 190.0 999.000 2.0 -1.458 -0.073 0.1 -4.6 -4.6 0.0 0.0 12 8.3 8454 1 1 0 0.0 24.2 15.4 0.065 76.0 0.005 0.0 0.0 0.0 -447.0 300.7 822.6
53.816 -0.00031 359.99988 0.9 19.5 26.4 194.3 190.0 999.000 2.0 -1.458 -0.073 0.1 -4.7 -4.7 -4.1 -4.1 12 0.0 8394 1 1 0 0.0 24.2 15.4 0.065 76.0 0.005 0.0 0.0 0.0 -456.0 305.4 822.4
54.206 -0.00032 359.99988 0.5 18.4 26.4 193.9 190.0 999.000 2.0 -1.619 0.063 0.0 -4.3 -4.3 -5.1 -5.1 12 0.0 8414 1 1 0 0.0 24.2 15.4 0.065 76.0 0.005 0.0 0.0 0.0 -447.0 283.3 853.7
54.817 -0.00033 359.99987 0.2 18.3 25.5 193.0 190.0 999.000 2.0 -1.619 0.063 0.0 -3.9 -3.9 -6.2 -6.2 12 0.0 8394 1 1 0 0.0 24.2 15.4 0.065 76.0 0.005 0.0 0.0 0.0 -440.0 258.9 778.2
55.206 -0.00033 359.99987 0.1 20.7 13.6 192.4 190.0 999.000 2.0 -1.664 -0.042 -0.0 -3.9 -3.9 -7.3 -7.2 12 0.0 8404 1 1 0 0.0 24.2 15.4 0.065 76.0 0.005 0.0 0.0 0.0 -175.0 320.2 859.0
55.827 -0.00034 359.99987 0.2 22.0 -1.7 192.3 190.0 999.000 2.0 -1.664 -0.042 -0.0 -3.9 -3.9 -7.8 -7.8 0 0.0 6674 1 1 0 0.0 24.2 15.4 0.065 76.0 0.005 0.0 0.0 0.0 107.4 375.4 955.9
56.206 -0.00035 359.99987 0.2 12.6 -6.0 191.2 190.0 999.000 2.0 -1.462 -0.029 -0.4 -3.9 -3.9 -7.7 -7.7 0 0.0 0 1 1 0 0.0 24.2 15.4 0.065 76.0 0.005 0.0 0.0 0.0 151.8 179.7 978.7
56.842 -0.00036 359.99987 0.3 3.6 -7.3 190.0 190.0 999.000 2.0 -1.462 -0.029 -0.4 -3.9 -3.9 -7.7 -7.7 0 0.0 5 1 1 0 0.0 24.2 15.4 0.065 76.0 0.005 0.0 0.0 0.0 152.9 59.1 1009.0
57.208 -0.00036 359.99987 0.4 1.7 -8.0 189.4 190.0 999.000 2.0 -1.072 -0.034 0.0 -3.9 -3.9 -7.7 -7.6 0 0.0 0 1 1 0 0.0 24.2 15.5 0.065 76.0 0.005 0.0 0.0 0.0 161.5 24.2 998.7
57.818 -0.00037 359.99987 0.4 2.1 -9.8 187.4 190.0 999.000 2.0 -1.072 -0.034 0.0 -3.9 -3.9 -7.7 -7.7 0 0.0 0 1 1 0 0.0 24.2 15.5 0.065 76.0 0.005 0.0 0.0 0.0 179.5 28.4 974.8
58.206 -0.00037 359.99987 0.5 2.1 -12.5 187.3 190.0 999.000 2.0 -0.967 -0.100 0.0 -3.9 -3.9 -7.7 -7.7 0 0.0 0 1 1 0 0.0 24.2 15.5 0.065 76.0 0.005 0.0 0.0 0.0 224.3 36.2 975.4
58.817 -0.00037 359.99987 0.5 4.1 -15.1 187.3 190.0 999.000 2.0 -0.967 -0.100 0.0 -3.9 -3.9 -7.8 -7.8 0 0.0 0 1 1 0 0.0 24.2 15.5 0.065 76.0 0.005 0.0 0.0 0.0 271.6 73.4 952.4
59.207 -0.00038 359.99987 0.6 6.4 -18.1 186.5 190.0 999.000 2.0 -0.739 -0.071 0.0 2.7 2.7 -7.8 -7.8 0 0.0 0 1 1 0 0.0 24.2 15.5 0.065 76.0 0.005 0.0 0.0 0.0 301.9 116.8 947.1
59.815 -0.00038 359.99986 0.6 6.2 -18.8 186.4 190.0 999.000 2.0 -0.739 -0.071 0.0 3.5 3.5 -7.8 -7.8 0 0.0 0 1 1 0 0.0 24.2 15.5 0.065 76.0 0.005 0.0 0.0 0.0 331.7 95.4 940.5
60.208 -0.00038 359.99986 0.7 5.2 -20.7 186.7 190.0 999.000 2.0 -0.794 0.050 0.1 3.6 3.6 -7.8 -7.8 0 0.0 0 1 1 0 0.0 24.2 15.5 0.065 76.0 0.005 0.0 0.0 0.0 344.4 89.0 929.5
60.817 -0.00039 359.99986 0.7 5.9 -21.7 186.7 190.0 999.000 2.0 -0.794 0.050 0.1 3.3 3.3 -7.8 -7.8 0 0.0 0 1 1 0 0.0 24.2 15.5 0.065 76.0 0.005 0.0 0.0 0.0 372.4 94.4 924.6
61.206 -0.00039 359.99986 0.8 5.8 -23.0 186.8 190.0 999.000 2.0 -0.501 0.049 0.1 3.3 3.3 -7.8 -7.8 0 0.0 0 1 1 0 0.0 24.2 15.5 0.065 76.0 0.005 0.0 0.0 0.0 388.1 99.3 912.3
61.846 -0.00039 359.99986 0.8 6.7 -23.7 187.3 190.0 999.000 2.0 -0.501 0.049 0.1 3.2 3.2 -7.8 -7.8 0 0.0 0 1 1 0 0.0 24.2 15.5 0.065 76.0 0.005 0.0 0.0 0.0 402.2 106.4 915.4
62.207 -0.00039 359.99986 0.9 6.5 -24.3 187.7 190.0 999.000 2.0 -0.453 -0.087 0.1 2.7 2.7 -7.8 -7.8 0 0.0 0 1 1 0 0.0 24.2 15.5 0.065 76.0 0.005 0.0 0.0 0.0 419.2 104.2 904.0
62.816 -0.00040 359.99986 0.9 5.8 -25.3 187.5 190.0 999.000 2.0 -0.453 -0.087 0.1 0.0 0.0 -7.8 -7.8 0 0.0 0 1 1 0 0.0 24.2 15.5 0.065 76.0 0.005 0.0 0.0 0.0 425.4 85.3 905.9
63.208 -0.00040 359.99986 0.9 5.0 -25.6 188.1 190.0 999.000 2.0 -0.324 0.048 0.1 0.0 0.0 -7.9 -7.9 0 0.0 0 1 1 0 0.0 24.2 15.5 0.065 76.0 0.005 0.0 0.0 0.0 434.6 83.3 901.4
63.817 -0.00040 359.99986 0.9 5.8 -26.2 188.0 190.0 999.000 2.0 -0.324 0.048 0.1 0.0 0.0 -7.9 -7.9 0 0.0 0 1 1 0 0.0 24.2 15.5 0.065 76.0 0.005 0.0 0.0 0.0 440.2 88.9 888.4
64.207 -0.00040 359.99986 1.0 5.4 -26.7 188.1 190.0 999.000 2.0 -0.334 -0.030 0.1 0.0 0.0 -7.9 -8.0 0 0.0 0 1 1 0 0.0 24.2 15.5 0.065 76.0 0.005 0.0 0.0 0.0 448.1 82.3 891.9
64.818 -0.00040 359.99986 1.0 5.2 -26.8 188.6 190.0 999.000 2.0 -0.334 -0.030 0.1 0.0 0.0 -8.0 -8.0 0 0.0 5 1 1 0 0.0 24.2 15.5 0.065 76.0 0.005 0.0 0.0 0.0 456.2 85.0 890.4
65.208 -0.00040 359.99986 1.0 5.4 -27.4 188.2 190.0 999.000 2.0 -0.273 0.010 0.1 0.0 0.0 -8.1 -8.1 0 0.0 0 1 1 0 0.0 24.2 15.5 0.065 76.0 0.005 0.0 0.0 0.0 462.0 83.2 884.8
65.817 -0.00041 359.99986 1.0 4.8 -27.5 188.1 190.0 999.000 2.0 -0.273 0.010 0.1 0.0 0.0 -8.2 -8.2 0 0.0 0 1 1 0 0.0 24.2 15.5 0.065 76.0 0.005 0.0 0.0 0.0 461.1 76.9 885.8
66.210 -0.00041 359.99986 1.0 5.2 -27.7 187.9 190.0 999.000 2.0 -0.188 0.086 0.1 0.0 0.0 -8.3 -8.3 0 0.0 0 1 1 0 0.0 24.2 15.5 0.065 76.0 0.005 0.0 0.0 0.0 463.4 79.2 879.5
66.838 -0.00041 359.99986 1.0 5.4 -27.9 188.0 190.0 999.000 2.0 -0.188 0.086 0.1 0.0 0.0 -8.4 -8.4 0 0.0 0 1 1 0 0.0 24.2 15.5 0.065 76.0 0.005 0.0 0.0 0.0 467.1 85.5 883.2
67.208 -0.00041 359.99986 0.9 5.2 -27.8 187.6 190.0 999.000 2.0 -0.169 -0.104 0.1 0.0 0.0 -8.5 -8.5 0 0.0 0 1 1 0 0.0 24.2 15.5 0.065 76.0 0.005 0.0 0.0 0.0 471.7 80.8 880.5
67.819 -0.00041 359.99986 0.9 5.1 -28.0 187.3 190.0 999.000 2.0 -0.169 -0.104 0.1 0.0 0.0 -8.7 -8.7 0 0.0 0 1 1 0 0.0 24.2 15.5 0.065 76.0 0.005 0.0 0.0 0.0 468.2 78.3 881.3
68.208 -0.00041 359.99986 0.9 5.3 -28.3 187.6 190.0 999.000 2.0 -0.006 0.101 0.1 2.7 2.7 -8.8 -8.8 0 0.0 0 1 1 0 0.0 24.2 15.5 0.065 76.0 0.005 0.0 0.0 0.0 470.1 85.9 874.7
68.818 -0.00041 359.99986 0.9 6.0 -28.1 187.3 190.0 999.000 2.0 -0.006 0.101 0.1 0.0 0.0 -9.0 -9.0 0 0.0 0 1 1 0 0.0 24.2 15.5 0.065 76.0 0.005 0.0 0.0 0.0 474.9 91.8 878.3
69.210 -0.00041 359.99986 0.8 5.2 -28.3 187.1 190.0 999.000 2.0 -0.190 0.044 0.1 2.7 2.7 -9.1 -9.2 0 0.0 0 1 1 0 0.0 24.2 15.5 0.065 76.0 0.005 0.0 0.0 0.0 479.8 79.1 880.0
69.817 -0.00041 359.99986 0.8 4.8 -28.6 187.3 190.0 999.000 2.0 -0.190 0.044 0.1 2.9 2.9 -9.3 -9.3 0 0.0 0 1 1 0 0.0 24.2 15.5 0.065 76.0 0.005 0.0 0.0 0.0 476.5 78.2 878.8
70.209 -0.00041 359.99986 0.8 5.6 -28.8 186.8 190.0 999.000 2.0 -0.180 -0.056 0.1 2.7 2.7 -9.5 -9.5 0 0.0 0 1 1 0 0.0 24.2 15.5 0.065 76.0 0.005 0.0 0.0 0.0 485.3 81.3 870.1
70.819 -0.00041 359.99986 0.7 4.9 -28.6 187.3 190.0 999.000 2.0 -0.180 -0.056 0.1 3.2 3.2 -9.8 -9.8 0 0.0 5 1 1 0 0.0 24.2 15.5 0.065 76.0 0.005 0.0 0.0 0.0 479.8 82.9 879.7
71.209 -0.00042 359.99986 0.7 5.3 -28.5 186.8 190.0 999.000 2.0 -0.114 -0.034 0.1 2.7 2.7 -10.0 -10.0 0 0.0 0 1 1 0 0.0 24.2 15.5 0.065 76.0 0.005 0.0 0.0 0.0 489.4 85.2 868.6
71.834 -0.00042 359.99986 0.6 5.0 -29.0 186.3 190.0 999.000 2.0 -0.114 -0.034 0.1 3.2 3.2 -10.3 -10.2 0 0.0 0 1 1 0 0.0 24.2 15.5 0.065 76.0 0.005 0.0 0.0 0.0 479.3 73.6 871.2
72.209 -0.00042 359.99986 0.6 5.0 -28.5 187.0 190.0 999.000 2.0 0.040 0.052 0.1 3.7 3.7 -10.5 -10.5 0 0.0 0 1 1 0 0.0 24.2 15.5 0.065 76.0 0.005 0.0 0.0 0.0 469.1 82.2 881.6
72.819 -0.00042 359.99986 0.5 6.4 -26.5 186.1 190.0 999.000 2.0 0.040 0.052 0.1 3.0 3.0 -10.8 -10.8 0 0.0 0 1 1 0 0.0 24.2 15.5 0.065 76.0 0.005 0.0 0.0 0.0 453.5 105.0 886.5
73.210 -0.00042 359.99986 0.5 5.9 -24.9 185.9 190.0 999.000 2.0 0.056 0.070 0.1 3.9 3.9 -11.1 -11.1 0 0.0 0 1 1 0 0.0 24.2 15.5 0.065 76.0 0.005 0.0 0.0 0.0 391.2 85.4 909.8
73.818 -0.00042 359.99986 0.4 7.1 -20.1 186.5 190.0 999.000 2.0 0.056 0.070 0.1 3.9 3.9 -11.4 -11.4 0 0.0 0 1 1 0 0.0 24.2 15.5 0.065 76.0 0.005 0.0 0.0 0.0 336.5 119.6 931.4
74.207 -0.00042 359.99986 0.4 5.0 -16.3 186.0 190.0 999.000 2.0 -0.041 0.107 0.2 3.9 3.9 -11.6 -11.7 0 0.0 0 1 1 0 0.0 24.2 15.5 0.065 76.0 0.005 0.0 0.0 0.0 275.6 77.1 959.2
74.820 -0.00042 359.99986 0.3 4.9 -13.4 187.0 190.0 999.000 2.0 -0.041 0.107 0.2 3.9 3.9 -11.9 -11.9 0 0.0 5 1 1 0 0.0 24.2 15.5 0.065 76.0 0.005 0.0 0.0 0.0 213.9 94.6 966.0
75.209 -0.00042 359.99986 0.3 5.7 -9.6 187.0 190.0 999.000 2.0 0.029 -0.051 0.1 3.9 3.9 -12.2 -12.2 0 0.0 0 1 1 0 0.0 24.2 15.5 0.065 76.0 0.005 0.0 0.0 0.0 165.2 103.2 1000.0
75.817 -0.00042 359.99986 0.3 5.5 -7.4 187.5 190.0 999.000 2.0 0.029 -0.051 0.1 3.9 3.9 -12.5 -12.5 0 0.0 0 1 1 0 0.0 24.2 15.5 0.065 76.0 0.005 0.0 0.0 0.0 118.5 89.0 959.8
76.211 -0.00042 359.99986 0.2 6.1 -6.3 187.9 190.0 999.000 2.0 0.081 -0.064 0.1 3.9 3.9 -12.8 -12.7 0 0.0 0 1 1 0 0.0 24.2 15.5 0.065 76.0 0.005 0.0 0.0 0.0 98.2 107.9 1005.0
76.835 -0.00042 359.99986 0.2 4.0 -3.4 188.4 190.0 999.000 2.0 0.081 -0.064 0.1 3.9 3.9 -13.0 -13.0 0 0.0 5 1 1 0 0.0 24.2 15.5 0.065 76.0 0.005 0.0 0.0 0.0 67.3 78.2 993.3
77.208 -0.00042 359.99986 0.2 5.6 -3.3 189.0 190.0 999.000 2.0 -0.076 -0.048 0.1 3.9 3.9 -13.3 -13.3 0 0.0 0 1 1 0 0.0 24.2 15.5 0.065 76.0 0.005 0.0 0.0 0.0 48.5 99.6 983.1
77.821 -0.00042 359.99986 0.1 7.6 -1.8 189.6 190.0 999.000 2.0 -0.076 -0.048 0.1 3.9 3.9 -13.5 -13.5 0 0.0 0 1 1 0 0.0 24.2 15.5 0.065 76.0 0.005 0.0 0.0 0.0 25.4 132.8 1007.0
78.208 -0.00042 359.99986 0.1 6.9 -0.0 190.9 190.0 999.000 2.0 -0.069 -0.118 0.0 3.9 3.9 -13.8 -13.8 0 0.0 0 1 1 0 0.0 24.2 15.5 0.065 76.0 0.005 0.0 0.0 0.0 9.8 118.8 984.1
78.818 -0.00043 359.99986 0.1 6.3 0.2 191.0 190.0 999.000 2.0 -0.069 -0.118 0.0 3.9 3.9 -14.1 -14.1 0 0.0 0 1 1 0 0.0 24.2 15.5 0.065 76.0 0.005 0.0 0.0 0.0 -8.9 103.5 984.7
79.210 -0.00043 359.99986 0.0 8.0 0.4 191.8 190.0 999.000 2.0 0.076 0.065 0.1 3.9 3.9 -14.4 -14.4 0 0.0 0 1 1 0 0.0 24.2 15.5 0.065 76.0 0.005 0.0 0.0 0.0 -11.0 147.1 987.5
79.818 -0.00043 359.99986 0.1 8.6 0.1 193.4 190.0 999.000 2.0 0.076 0.065 0.1 3.9 3.9 -14.6 -14.6 0 0.0 0 1 1 0 0.0 24.2 15.5 0.065 76.0 0.005 0.0 0.0 0.0 9.0 142.0 978.7
80.209 -0.00043 359.99986 0.1 6.5 -0.0 193.6 190.0 999.000 2.0 -0.031 0.128 0.0 3.9 3.9 -14.7 -14.7 0 0.0 0 1 1 0 0.0 24.2 15.5 0.065 76.0 0.005 0.0 0.0 0.0 4.7 100.2 1014.0
80.820 -0.00043 359.99986 0.1 5.6 -0.1 194.6 190.0 999.000 2.0 -0.031 0.128 0.0 3.9 3.9 -14.9 -14.9 0 0.0 0 1 1 0 0.0 24.2 15.5 0.065 76.0 0.005 0.0 0.0 0.0 -0.1 106.7 1009.0
81.209 -0.00043 359.99986 0.1 7.0 1.9 195.7 190.0 999.000 2.0 0.009 0.009 0.1 3.9 3.9 -15.1 -15.1 0 0.0 5 1 1 0 0.0 24.2 15.5 0.065 76.0 0.005 0.0 0.0 0.0 -35.6 129.9 964.8
81.839 -0.00043 359.99986 0.1 7.8 2.5 196.5 190.0 999.000 2.0 0.009 0.009 0.1 3.9 3.9 -15.3 -15.3 0 0.0 0 1 1 0 0.0 24.2 15.5 0.065 76.0 0.005 0.0 0.0 0.0 -40.3 125.2 996.3
82.210 -0.00043 359.99986 0.1 6.0 2.0 197.0 190.0 999.000 2.0 0.069 -0.011 0.0 3.9 3.9 -15.5 -15.5 0 0.0 0 1 1 0 0.0 24.2 15.5 0.065 76.0 0.005 0.0 0.0 0.0 -33.9 100.1 988.0
82.819 -0.00043 359.99986 0.1 4.8 1.4 198.5 190.0 999.000 2.0 0.069 -0.011 0.0 3.9 3.9 -15.7 -15.7 0 0.0 0 1 1 0 0.0 24.2 15.5 0.065 76.0 0.005 0.0 0.0 0.0 -22.9 90.5 981.9
83.210 -0.00043 359.99986 0.1 8.2 -0.3 198.9 190.0 999.000 2.0 -0.092 0.000 -0.0 3.9 3.9 -15.9 -15.9 0 0.0 0 1 1 0 0.0 24.2 15.5 0.065 76.0 0.005 0.0 0.0 0.0 16.5 142.1 1017.0
83.819 -0.00043 359.99986 0.1 7.6 0.5 201.0 190.0 999.000 2.0 -0.092 0.000 -0.0 3.9 3.9 -16.0 -16.0 0 0.0 0 1 1 0 0.0 24.2 15.5 0.065 76.0 0.005 0.0 0.0 0.0 -18.6 147.6 971.5
84.210 -0.00043 359.99986 0.1 4.9 1.2 200.0 190.0 999.000 2.0 0.000 0.030 0.0 3.9 3.9 -16.2 -16.2 0 0.0 0 1 1 0 0.0 24.2 15.5 0.065 76.0 0.005 0.0 0.0 0.0 -10.1 50.5 1017.0
84.820 -0.00043 359.99986 0.0 5.8 2.1 203.5 190.0 999.000 2.0 0.000 0.030 0.0 3.9 3.9 -16.5 -16.5 0 0.0 0 1 1 0 0.0 24.2 15.5 0.065 76.0 0.005 0.0 0.0 0.0 -48.2 126.5 959.2
85.210 -0.00043 359.99986 0.1 9.1 1.0 202.7 190.0 999.000 2.0 0.100 0.021 0.1 3.9 3.9 -16.7 -16.7 0 0.0 5 1 1 0 0.0 24.2 15.5 0.065 76.0 0.005 0.0 0.0 0.0 -5.7 161.6 983.5
85.818 -0.00043 359.99986 0.1 9.6 -1.9 203.5 190.0 999.000 2.0 0.100 0.021 0.1 3.9 3.9 -16.9 -16.9 0 0.0 0 1 1 0 0.0 24.2 15.5 0.065 76.0 0.005 0.0 0.0 0.0 33.5 155.1 1005.0
86.211 -0.00043 359.99986 0.1 6.7 -1.5 205.5 190.0 999.000 2.0 0.001 -0.092 -0.0 3.9 3.9 -17.0 -17.0 0 0.0 0 1 1 0 0.0 24.2 15.5 0.065 76.0 0.005 0.0 0.0 0.0 20.6 115.2 967.5
86.842 -0.00043 359.99986 0.1 5.9 -1.9 206.0 190.0 999.000 2.0 0.001 -0.092 -0.0 3.9 3.9 -17.2 -17.2 0 0.0 0 1 1 0 0.0 24.2 15.5 0.065 76.0 0.005 0.0 0.0 0.0 34.2 98.5 1021.0
87.208 -0.00043 359.99986 0.1 6.7 0.5 208.0 190.0 999.000 2.0 0.026 0.094 -0.0 3.9 3.9 -17.4 -17.4 0 0.0 0 1 1 0 0.0 24.2 15.5 0.065 76.0 0.005 0.0 0.0 0.0 -4.7 131.5 996.0
87.821 -0.00043 359.99986 0.1 9.1 0.6 209.0 190.0 999.000 2.0 0.026 0.094 -0.0 3.9 3.9 -17.6 -17.6 0 0.0 0 1 1 0 0.0 24.2 15.5 0.065 76.0 0.005 0.0 0.0 0.0 -19.4 157.3 978.1
88.210 -0.00043 359.99986 0.1 5.6 1.5 210.2 190.0 999.000 2.0 0.083 -0.013 0.0 3.9 3.9 -17.8 -17.8 0 0.0 0 1 1 0 0.0 24.2 15.5 0.065 76.0 0.005 0.0 0.0 0.0 -25.0 93.1 1002.0
88.819 -0.00043 359.99986 0.1 4.7 1.3 211.7 190.0 999.000 2.0 0.083 -0.013 0.0 3.9 3.9 -18.0 -18.1 0 0.0 5 1 1 0 0.0 24.2 15.5 0.065 76.0 0.005 0.0 0.0 0.0 -20.5 96.4 989.7
89.212 -0.00043 359.99986 0.1 9.1 0.9 212.6 190.0 999.000 2.0 0.024 -0.020 -0.0 3.9 3.9 -18.2 -18.2 0 0.0 0 1 1 0 0.0 24.2 15.5 0.065 76.0 0.005 0.0 0.0 0.0 -11.0 181.5 995.0
89.820 -0.00043 359.99986 0.1 7.6 0.6 214.3 190.0 999.000 2.0 0.024 -0.020 -0.0 3.9 3.9 -18.4 -18.4 0 0.0 0 1 1 0 0.0 24.2 15.5 0.065 76.0 0.005 0.0 0.0 0.0 -21.9 128.7 969.9
90.210 -0.00043 359.99986 0.1 4.8 0.7 215.5 190.0 999.000 2.0 0.035 -0.026 0.0 3.9 3.9 -18.6 -18.6 0 0.0 5 1 1 0 0.0 24.2 15.5 0.065 76.0 0.005 0.0 0.0 0.0 -10.2 65.2 1020.0
90.821 -0.00043 359.99986 0.1 6.4 1.8 217.6 190.0 999.000 2.0 0.035 -0.026 0.0 3.9 3.9 -18.8 -18.8 0 0.0 0 1 1 0 0.0 24.2 15.5 0.065 76.0 0.005 0.0 0.0 0.0 -28.2 124.9 995.1
91.210 -0.00043 359.99986 0.1 8.7 2.2 218.9 190.0 999.000 2.0 0.061 -0.040 0.1 3.9 3.9 -19.0 -19.0 0 0.0 0 1 1 0 0.0 24.2 15.5 0.065 76.0 0.005 0.0 0.0 0.0 -38.9 175.5 969.5
91.845 -0.00043 359.99985 0.1 5.1 0.1 220.4 190.0 999.000 2.0 0.061 -0.040 0.1 3.9 3.9 -19.2 -19.2 0 0.0 0 1 1 0 0.0 24.2 15.5 0.065 76.0 0.005 0.0 0.0 0.0 -14.9 65.4 1007.0
92.212 -0.00043 359.99985 0.1 6.4 -0.2 222.1 190.0 999.000 2.0 -0.060 0.022 -0.0 3.9 3.9 -19.4 -19.4 0 0.0 5 1 1 0 0.0 24.2 15.5 0.065 76.0 0.005 0.0 0.0 0.0 13.9 133.0 1000.0
92.820 -0.00043 359.99985 0.1 8.0 1.1 222.3 190.0 999.000 2.0 -0.060 0.022 -0.0 3.9 3.9 -19.6 -19.6 0 0.0 5 1 1 0 0.0 24.2 15.5 0.065 76.0 0.005 0.0 0.0 0.0 -24.3 155.1 971.7
93.210 -0.00043 359.99985 0.0 8.8 -0.7 223.0 190.0 999.000 2.0 -0.021 0.026 -0.0 3.9 3.9 -19.8 -19.8 0 0.0 0 1 1 0 0.0 24.2 15.5 0.065 76.0 0.005 0.0 0.0 0.0 14.6 134.5 1006.0
93.821 -0.00043 359.99985 0.1 7.5 -0.9 224.5 190.0 999.000 2.0 -0.021 0.026 -0.0 3.9 3.9 -20.0 -20.0 0 0.0 0 1 1 0 0.0 24.2 15.5 0.065 76.0 0.005 0.0 0.0 0.0 17.1 154.2 978.8
94.211 -0.00044 359.99985 0.1 6.2 -2.2 224.5 190.0 999.000 2.0 -0.137 -0.106 -0.0 3.9 3.9 -20.1 -20.1 0 0.0 0 1 1 0 0.0 24.2 15.5 0.065 76.0 0.005 0.0 0.0 0.0 37.0 106.3 990.9
94.820 -0.00044 359.99985 0.1 8.2 -0.9 224.5 190.0 999.000 2.0 -0.137 -0.106 -0.0 3.9 3.9 -20.3 -20.3 0 0.0 0 1 1 0 0.0 24.2 15.5 0.065 76.0 0.005 0.0 0.0 0.0 13.4 153.9 986.6
95.212 -0.00044 359.99985 0.1 8.8 -1.1 225.6 190.0 999.000 2.0 -0.090 0.101 0.1 3.9 3.9 -20.5 -20.5 0 0.0 0 1 1 0 0.0 24.2 15.5 0.065 76.0 0.005 0.0 0.0 0.0 33.4 146.6 1015.0
95.820 -0.00044 359.99985 0.1 6.3 -0.9 226.6 190.0 999.000 2.0 -0.090 0.101 0.1 3.9 3.9 -20.7 -20.7 0 0.0 0 1 1 0 0.0 24.2 15.5 0.065 76.0 0.005 0.0 0.0 0.0 1.0 124.9 979.5
96.211 -0.00044 359.99985 0.1 4.3 1.2 226.8 190.0 999.000 2.0 -0.109 -0.025 0.0 3.9 3.9 -20.9 -20.9 0 0.0 0 1 1 0 0.0 24.2 15.5 0.065 76.0 0.005 0.0 0.0 0.0 -18.9 69.4 1004.0
96.844 -0.00044 359.99985 0.0 8.1 2.0 228.7 190.0 999.000 2.0 -0.109 -0.025 0.0 3.9 3.9 -21.1 -21.1 0 0.0 0 1 1 0 0.0 24.2 15.5 0.065 76.0 0.005 0.0 0.0 0.0 -42.6 165.3 960.4
97.212 -0.00044 359.99985 0.1 8.3 0.8 228.6 190.0 999.000 2.0 -0.142 0.032 0.0 3.9 3.9 -21.3 -21.3 0 0.0 0 1 1 0 0.0 24.2 15.5 0.065 76.0 0.005 0.0 0.0 0.0 -8.6 118.1 1015.0
97.822 -0.00044 359.99985 0.1 6.3 0.7 229.9 190.0 999.000 2.0 -0.142 0.032 0.0 3.9 3.9 -21.5 -21.5 0 0.0 0 1 1 0 0.0 24.2 15.5 0.065 76.0 0.005 0.0 0.0 0.0 -1.0 129.6 990.4
98.211 -0.00044 359.99985 0.1 6.1 -0.1 230.2 190.0 999.000 2.0 -0.038 0.003 0.0 3.9 3.9 -21.7 -21.7 0 0.0 5 1 1 0 0.0 24.2 15.5 0.065 76.0 0.005 0.0 0.0 0.0 -1.4 108.7 987.3
98.820 -0.00044 359.99985 0.1 7.6 -0.2 230.4 190.0 999.000 2.0 -0.038 0.003 0.0 3.9 3.9 -21.9 -21.9 0 0.0 0 1 1 0 0.0 24.2 15.5 0.065 76.0 0.005 0.0 0.0 0.0 6.5 145.5 1004.0
99.212 -0.00044 359.99985 0.1 6.7 1.6 231.0 190.0 999.000 2.0 -0.114 0.090 0.0 3.9 3.9 -22.1 -22.1 0 0.0 0 1 1 0 0.0 24.2 15.5 0.065 76.0 0.005 0.0 0.0 0.0 -29.9 119.8 970.9
99.821 -0.00044 359.99985 0.0 7.2 0.1 231.6 190.0 999.000 2.0 -0.114 0.090 0.0 3.9 3.9 -22.3 -22.3 0 0.0 0 1 1 0 0.0 24.2 15.5 0.065 76.0 0.005 0.0 0.0 0.0 0.7 141.0 994.0
100.210 -0.00044 359.99985 0.1 8.3 -0.2 232.2 190.0 999.000 2.0 -0.059 0.012 0.0 3.9 3.9 -22.5 -22.5 0 0.0 0 1 1 0 0.0 24.2 15.5 0.065 76.0 0.005 0.0 0.0 0.0 15.8 144.6 1003.0
100