7.252 0.00000 0.00000 0.1 10.3 0.0 147.6 999.0 999.000 999.0 nan nan nan 0.0 0.0 0.0 0.0 0 0.0 0 0 0 0 0.0 0.0 0.0 0.000 0.0 0.000 0.0 0.0 0.0 -0.5 172.8 1003.0
7.753 0.00000 0.00000 0.1 7.0 1.4 146.8 999.0 999.000 999.0 nan nan nan 0.0 0.0 0.0 0.0 0 0.0 0 0 0 0 0.0 24.1 15.5 0.065 75.0 0.005 0.0 0.0 0.0 -9.3 82.4 994.0
8.252 0.00000 0.00000 0.1 7.6 -1.6 146.4 999.0 999.000 999.0 nan nan nan 0.0 0.0 0.0 0.0 0 0.0 0 0 0 0 0.0 24.1 15.5 0.065 75.0 0.005 0.0 0.0 0.0 21.7 151.5 1018.0
8.750 0.00000 0.00000 0.1 8.0 0.1 147.0 999.0 999.000 999.0 nan nan nan 0.0 0.0 0.0 0.0 0 0.0 0 0 0 0 0.0 24.1 15.5 0.065 75.0 0.005 0.0 0.0 0.0 -20.5 136.1 956.1
9.153 -0.00000 0.00000 0.1 5.8 1.0 146.0 999.0 999.000 999.0 0.100 0.092 0.0 0.0 0.0 0.0 0.0 0 0.0 0 0 0 0 0.0 24.1 15.5 0.065 75.0 0.005 0.0 0.0 0.0 3.9 83.7 997.6
9.751 -0.00000 0.00000 0.1 8.2 0.3 145.7 999.0 999.000 999.0 0.100 0.092 0.0 0.0 0.0 0.0 0.0 0 0.0 5 0 0 0 0.0 24.1 15.5 0.065 75.0 0.005 0.0 0.0 0.0 -13.1 151.9 1006.0
10.151 -0.00000 0.00000 0.1 8.0 0.4 145.9 999.0 999.000 999.0 0.109 -0.058 -0.0 0.0 0.0 0.0 0.0 0 0.0 0 0 0 0 0.0 24.1 15.5 0.065 75.0 0.005 0.0 0.0 0.0 -10.0 120.8 984.4
10.754 -0.00000 0.00000 0.1 5.6 0.5 145.3 999.0 999.000 999.0 0.109 -0.058 -0.0 0.0 0.0 0.0 0.0 0 0.0 0 0 0 0 0.0 24.1 15.5 0.065 75.0 0.005 0.0 0.0 0.0 4.4 95.8 1011.0
11.169 -0.00000 0.00000 0.1 8.5 -1.3 145.5 999.0 999.000 999.0 -0.046 0.101 -0.0 0.0 0.0 0.0 0.0 0 0.0 5 0 0 0 0.0 24.1 15.5 0.065 75.0 0.005 0.0 0.0 0.0 12.7 167.2 986.5
11.751 -0.00000 0.00000 0.1 7.7 0.7 145.2 999.0 999.000 999.0 -0.046 0.101 -0.0 0.0 0.0 0.0 0.0 0 0.0 5 0 0 0 0.0 24.2 15.5 0.065 75.0 0.005 0.0 0.0 0.0 -12.3 96.3 970.4
12.154 -0.00000 0.00000 0.1 7.2 1.1 144.8 999.0 999.000 999.0 -0.070 -0.004 0.0 0.0 0.0 0.0 0.0 0 0.0 0 0 0 0 0.0 24.2 15.5 0.065 75.0 0.005 0.0 0.0 0.0 -1.9 145.3 1006.0
12.752 -0.00000 0.00000 0.1 7.8 -1.0 144.6 999.0 999.000 999.0 -0.070 -0.004 0.0 0.0 0.0 0.0 0.0 0 0.0 0 0 0 0 0.0 24.1 15.5 0.065 75.0 0.005 0.0 0.0 0.0 -11.6 160.3 1002.0
13.152 -0.00000 0.00000 0.1 7.1 1.1 144.3 999.0 999.000 999.0 0.166 0.138 0.0 0.0 0.0 0.0 0.0 0 0.0 0 0 0 0 0.0 24.1 15.5 0.065 75.0 0.005 0.0 0.0 0.0 -16.4 95.7 942.1
13.754 -0.00000 0.00000 0.1 7.2 0.7 143.6 999.0 999.000 999.0 0.166 0.138 0.0 0.0 0.0 0.0 0.0 0 0.0 0 0 0 0 0.0 24.1 15.5 0.065 75.0 0.005 0.0 0.0 0.0 11.1 127.0 1039.0
14.152 -0.00001 0.00000 0.1 9.7 -0.6 142.6 999.0 999.000 999.0 0.013 0.121 0.0 0.0 0.0 0.0 0.0 0 0.0 0 0 0 0 0.0 24.1 15.5 0.065 75.0 0.005 0.0 0.0 0.0 -12.8 159.0 985.0
14.752 -0.00001 0.00000 0.1 6.0 1.2 143.2 999.0 999.000 999.0 0.013 0.121 0.0 0.0 0.0 0.0 0.0 0 0.0 5 0 0 0 0.0 24.1 15.5 0.065 75.0 0.005 0.0 0.0 0.0 -6.2 91.7 987.2
15.154 -0.00001 0.00000 0.0 4.7 -0.6 142.1 999.0 999.000 999.0 0.056 -0.039 0.0 0.0 0.0 0.0 0.0 0 0.0 0 0 0 0 0.0 24.1 15.5 0.065 75.0 0.005 0.0 0.0 0.0 14.3 84.5 1009.0
15.762 -0.00001 0.00000 0.1 10.1 0.3 142.0 999.0 999.000 999.0 0.056 -0.039 0.0 0.0 0.0 0.0 0.0 0 0.0 0 0 0 0 0.0 24.1 15.5 0.065 75.0 0.005 0.0 0.0 0.0 -10.5 186.0 969.4
16.173 -0.00001 0.00000 0.1 8.8 0.4 142.2 999.0 999.000 999.0 -0.007 -0.025 0.1 0.0 0.0 0.0 0.0 0 0.0 0 0 0 0 0.0 24.1 15.5 0.065 75.0 0.005 0.0 0.0 0.0 9.3 120.9 1017.0
16.764 -0.00001 0.00000 0.1 5.7 1.0 141.8 999.0 999.000 999.0 -0.007 -0.025 0.1 0.0 0.0 0.0 0.0 0 0.0 0 0 0 0 0.0 24.1 15.5 0.065 75.0 0.005 0.0 0.0 0.0 -28.5 94.5 993.0
17.153 -0.00001 0.00001 0.0 5.6 0.8 141.7 999.0 999.000 999.0 -0.058 0.023 0.0 0.0 0.0 0.0 0.0 0 0.0 0 0 0 0 0.0 24.1 15.5 0.065 75.0 0.005 0.0 0.0 0.0 -10.3 121.7 989.3
17.763 -0.00001 0.00001 0.1 7.3 1.9 141.7 999.0 999.000 999.0 -0.058 0.023 0.0 0.0 0.0 0.0 0.0 0 0.0 0 0 0 0 0.0 24.1 15.5 0.065 75.0 0.005 0.0 0.0 0.0 -18.7 121.9 982.4
18.154 -0.00001 0.00001 0.1 9.5 -1.8 141.2 999.0 999.000 999.0 -0.078 -0.005 -0.0 0.0 0.0 0.0 0.0 0 0.0 5 0 0 0 0.0 24.1 15.5 0.065 75.0 0.005 0.0 0.0 0.0 42.2 165.3 1020.0
18.762 -0.00001 0.00001 0.1 9.7 0.3 142.0 999.0 999.000 999.0 -0.078 -0.005 -0.0 0.0 0.0 0.0 0.0 0 0.0 5 0 0 0 0.0 24.1 15.5 0.065 75.0 0.005 0.0 0.0 0.0 -20.2 153.1 972.3
19.154 -0.00001 0.00001 0.0 4.2 -0.4 142.6 999.0 999.000 999.0 -0.006 0.166 0.0 0.0 0.0 0.0 0.0 0 0.0 5 0 0 0 0.0 24.1 15.5 0.065 75.0 0.005 0.0 0.0 0.0 26.8 73.6 1003.0
19.763 -0.00001 0.00001 0.1 7.1 -0.5 143.1 999.0 999.000 999.0 -0.006 0.166 0.0 0.0 0.0 0.0 0.0 0 0.0 0 0 0 0 0.0 24.2 15.5 0.065 75.0 0.005 0.0 0.0 0.0 -7.2 155.7 976.0
20.152 -0.00001 0.00001 0.1 12.5 -2.1 142.9 999.0 999.000 999.0 -0.002 0.031 -0.0 0.0 0.0 0.0 0.0 0 0.0 0 0 0 0 0.0 24.2 15.5 0.065 75.0 0.005 0.0 0.0 0.0 53.8 195.9 989.7
20.764 -0.00001 0.00001 0.1 10.6 -0.5 143.0 999.0 999.000 999.0 -0.002 0.031 -0.0 0.0 0.0 0.0 0.0 0 0.0 0 0 0 0 0.0 24.1 15.5 0.065 75.0 0.005 0.0 0.0 0.0 16.3 175.1 992.5
21.173 -0.00001 0.00001 0.1 5.8 -2.4 142.7 999.0 999.000 999.0 -0.059 0.023 0.0 0.0 0.0 0.0 0.0 0 0.0 5 0 0 0 0.0 24.1 15.5 0.065 75.0 0.005 0.0 0.0 0.0 38.9 68.3 996.9
21.761 -0.00001 0.00001 0.1 6.3 0.2 143.4 999.0 999.000 999.0 -0.059 0.023 0.0 0.0 0.0 0.0 0.0 0 0.0 0 0 0 0 0.0 24.1 15.5 0.065 75.0 0.005 0.0 0.0 0.0 -11.8 112.9 970.3
22.155 -0.00001 0.00001 0.0 10.4 0.4 141.9 999.0 999.000 999.0 0.037 -0.010 0.1 0.0 0.0 0.0 0.0 0 0.0 0 0 0 0 0.0 24.1 15.5 0.065 75.0 0.005 0.0 0.0 0.0 6.9 185.3 993.2
22.763 -0.00001 0.00001 0.1 8.1 -0.6 142.8 999.0 999.000 999.0 0.037 -0.010 0.1 0.0 0.0 0.0 0.0 0 0.0 0 0 0 0 0.0 24.2 15.5 0.065 75.0 0.005 0.0 0.0 0.0 -3.2 124.8 985.1
23.152 -0.00001 0.00001 0.1 4.8 -0.3 142.6 999.0 999.000 999.0 0.099 0.057 -0.0 0.0 0.0 0.0 0.0 0 0.0 0 0 0 0 0.0 24.2 15.5 0.065 75.0 0.005 0.0 0.0 0.0 28.0 76.4 1013.0
23.765 -0.00001 0.00001 0.1 7.5 -1.4 142.9 999.0 999.000 999.0 0.099 0.057 -0.0 0.0 0.0 0.0 0.0 0 0.0 0 0 0 0 0.0 24.2 15.5 0.065 75.0 0.005 0.0 0.0 0.0 8.5 140.8 979.3
24.153 -0.00001 0.00001 0.1 8.8 -1.2 143.6 999.0 999.000 999.0 0.080 -0.137 0.0 0.0 0.0 0.0 0.0 0 0.0 0 0 0 0 0.0 24.2 15.5 0.065 75.0 0.005 0.0 0.0 0.0 30.6 149.3 995.4
24.763 -0.00001 0.00001 0.1 7.4 -0.3 143.5 999.0 999.000 999.0 0.080 -0.137 0.0 0.0 0.0 0.0 0.0 0 0.0 0 0 0 0 0.0 24.1 15.5 0.065 75.0 0.005 0.0 0.0 0.0 8.4 117.8 978.5
25.155 -0.00001 0.00001 0.1 6.2 -1.6 143.7 999.0 999.000 999.0 0.139 0.050 -0.0 0.0 0.0 0.0 0.0 0 0.0 0 0 0 0 0.0 24.1 15.5 0.065 75.0 0.005 0.0 0.0 0.0 19.1 114.3 1017.0
25.764 -0.00001 0.00001 0.1 7.5 -0.5 143.4 999.0 999.000 999.0 0.139 0.050 -0.0 0.0 0.0 0.0 0.0 0 0.0 5 0 0 0 0.0 24.2 15.5 0.065 75.0 0.005 0.0 0.0 0.0 3.6 128.1 981.5
26.169 -0.00001 0.00001 0.1 7.5 1.5 142.3 999.0 999.000 999.0 -0.144 0.035 0.1 0.0 0.0 0.0 0.0 0 0.0 0 0 0 0 0.0 24.2 15.5 0.065 75.0 0.005 0.0 0.0 0.0 -14.6 114.9 1003.0
26.766 -0.00001 0.00001 0.0 9.4 0.1 143.2 999.0 999.000 999.0 -0.144 0.035 0.1 0.0 0.0 0.0 0.0 0 0.0 0 0 0 0 0.0 24.1 15.5 0.065 75.0 0.005 0.0 0.0 0.0 -1.8 181.1 969.4
27.155 -0.00001 0.00001 0.1 9.2 0.1 142.6 999.0 999.000 999.0 0.063 -0.026 -0.0 0.0 0.0 0.0 0.0 0 0.0 5 0 0 0 0.0 24.1 15.5 0.065 75.0 0.005 0.0 0.0 0.0 5.3 149.4 1005.0
27.764 -0.00002 0.00001 0.1 9.8 -0.8 142.3 999.0 999.000 999.0 0.063 -0.026 -0.0 0.0 0.0 0.0 0.0 0 0.0 0 0 0 0 0.0 24.1 15.5 0.065 75.0 0.005 0.0 0.0 0.0 12.7 164.1 988.2
28.156 -0.00002 0.00001 0.1 7.8 0.8 141.9 999.0 999.000 999.0 0.178 -0.022 0.1 0.0 0.0 0.0 0.0 0 0.0 0 0 0 0 0.0 24.1 15.5 0.065 75.0 0.005 0.0 0.0 0.0 -14.8 128.8 975.2
28.764 -0.00002 0.00001 0.0 7.7 0.3 142.0 999.0 999.000 999.0 0.178 -0.022 0.1 0.0 0.0 0.0 0.0 0 0.0 0 0 0 0 0.0 24.1 15.5 0.065 75.0 0.005 0.0 0.0 0.0 -4.7 129.0 996.6
29.154 -0.00002 0.00001 0.1 11.2 0.5 141.1 999.0 999.000 999.0 0.095 0.065 0.0 0.0 0.0 0.0 0.0 0 0.0 0 0 0 0 0.0 24.1 15.5 0.065 75.0 0.005 0.0 0.0 0.0 2.0 187.3 996.3
29.765 -0.00002 0.00001 0.1 8.5 -0.0 141.9 999.0 999.000 999.0 0.095 0.065 0.0 0.0 0.0 0.0 0.0 0 0.0 0 0 0 0 0.0 24.1 15.5 0.065 75.0 0.005 0.0 0.0 0.0 -23.8 141.4 948.7
30.155 -0.00002 0.00001 0.1 4.4 1.1 141.3 999.0 999.000 999.0 0.053 0.034 0.0 0.0 0.0 0.0 0.0 0 0.0 0 0 0 0 0.0 24.1 15.5 0.065 75.0 0.005 0.0 0.0 0.0 8.7 68.7 1030.0
30.764 -0.00002 0.00001 0.1 7.2 0.7 140.4 999.0 999.000 999.0 0.053 0.034 0.0 0.0 0.0 0.0 0.0 0 0.0 0 0 0 0 0.0 24.1 15.5 0.065 75.0 0.005 0.0 0.0 0.0 -24.8 135.5 991.3
31.178 -0.00002 0.00001 0.1 9.3 1.5 140.3 999.0 999.000 999.0 0.058 0.031 0.0 0.0 0.0 0.0 0.0 0 0.0 0 0 0 0 0.0 24.1 15.5 0.065 75.0 0.005 0.0 0.0 0.0 -26.1 164.0 965.4
31.764 -0.00002 0.00001 0.1 6.8 1.3 139.6 999.0 999.000 999.0 0.058 0.031 0.0 0.0 0.0 0.0 0.0 0 0.0 5 0 0 0 0.0 24.2 15.5 0.065 75.0 0.005 0.0 0.0 0.0 -11.8 95.7 1020.0
32.155 -0.00002 0.00001 0.1 5.8 0.5 139.6 999.0 999.000 999.0 0.015 0.177 -0.1 0.0 0.0 0.0 0.0 0 0.0 0 0 0 0 0.0 24.2 15.5 0.065 75.0 0.005 0.0 0.0 0.0 -2.1 97.4 993.0
32.764 -0.00002 0.00001 0.1 8.8 0.4 140.2 999.0 999.000 999.0 0.015 0.177 -0.1 0.0 0.0 0.0 0.0 0 0.0 0 0 0 0 0.0 24.1 15.5 0.065 75.0 0.005 0.0 0.0 0.0 -17.9 168.6 977.8
33.153 -0.00002 0.00002 0.0 9.4 0.4 139.2 999.0 999.000 999.0 0.240 -0.070 -0.0 0.0 0.0 0.0 0.0 0 0.0 0 0 0 0 0.0 24.1 15.5 0.065 75.0 0.005 0.0 0.0 0.0 3.6 164.0 996.1
33.766 -0.00002 0.00002 0.1 7.3 0.1 139.7 999.0 999.000 999.0 0.240 -0.070 -0.0 0.0 0.0 0.0 0.0 0 0.0 0 0 0 0 0.0 24.1 15.5 0.065 75.0 0.005 0.0 0.0 0.0 -15.7 114.0 978.5
34.154 -0.00002 0.00002 0.1 5.1 0.4 139.6 999.0 999.000 999.0 0.120 0.077 0.1 0.0 0.0 0.0 0.0 0 0.0 5 0 0 0 0.0 24.1 15.5 0.065 75.0 0.005 0.0 0.0 0.0 10.7 87.0 987.1
34.763 -0.00002 0.00002 0.1 8.6 -1.6 139.5 999.0 999.000 999.0 0.120 0.077 0.1 0.0 0.0 0.0 0.0 0 0.0 0 0 0 0 0.0 24.2 15.5 0.065 75.0 0.005 0.0 0.0 0.0 10.5 170.2 1015.0
35.156 -0.00002 0.00002 0.1 9.1 0.6 141.4 999.0 999.000 999.0 0.078 0.039 -0.0 0.0 0.0 0.0 0.0 0 0.0 0 0 0 0 0.0 24.2 15.5 0.065 75.0 0.005 0.0 0.0 0.0 -27.3 154.8 955.3
35.765 -0.00002 0.00002 0.0 4.4 2.3 140.6 999.0 999.000 999.0 0.078 0.039 -0.0 0.0 0.0 0.0 0.0 0 0.0 0 0 0 0 0.0 24.2 15.5 0.065 75.0 0.005 0.0 0.0 0.0 -26.8 55.6 990.9
36.174 -0.00002 0.00002 0.1 6.3 -1.0 141.1 999.0 999.000 999.0 0.079 -0.032 -0.1 0.0 0.0 0.0 0.0 0 0.0 0 0 0 0 0.0 24.2 15.5 0.065 75.0 0.005 0.0 0.0 0.0 -0.8 131.8 1013.0
36.766 -0.00002 0.00002 0.1 9.4 0.7 141.6 999.0 999.000 999.0 0.079 -0.032 -0.1 0.0 0.0 0.0 0.0 0 0.0 0 0 0 0 0.0 24.2 15.5 0.065 75.0 0.005 0.0 0.0 0.0 4.9 161.5 951.4
37.155 -0.00002 0.00002 0.1 8.9 -2.5 141.0 999.0 999.000 999.0 0.079 0.010 -0.0 0.0 0.0 0.0 0.0 0 0.0 0 0 0 0 0.0 24.2 15.5 0.065 75.0 0.005 0.0 0.0 0.0 37.0 136.6 1022.0
37.764 -0.00002 0.00002 0.1 6.5 -1.5 141.9 999.0 999.000 999.0 0.079 0.010 -0.0 0.0 0.0 0.0 0.0 0 0.0 0 0 0 0 0.0 24.2 15.5 0.065 75.0 0.005 0.0 0.0 0.0 19.5 130.4 969.4
38.157 -0.00002 0.00002 0.1 6.4 -0.6 142.6 999.0 999.000 999.0 -0.029 0.009 0.1 0.0 0.0 0.0 0.0 0 0.0 0 0 0 0 0.0 24.2 15.5 0.065 75.0 0.005 0.0 0.0 0.0 9.6 101.4 997.9
38.765 -0.00002 0.00002 0.1 9.7 0.4 142.1 999.0 999.000 999.0 -0.029 0.009 0.1 0.0 0.0 0.0 0.0 0 0.0 0 0 0 0 0.0 24.2 15.5 0.065 75.0 0.005 0.0 0.0 0.0 -16.2 201.0 986.1
39.155 -0.00003 0.00002 0.1 7.7 0.9 142.0 999.0 999.000 999.0 -0.049 0.080 0.0 0.0 0.0 0.0 0.0 0 0.0 0 0 0 0 0.0 24.2 15.5 0.065 75.0 0.005 0.0 0.0 0.0 -19.4 103.1 990.5
39.766 -0.00003 0.00002 0.1 7.9 1.0 142.3 999.0 999.000 999.0 -0.049 0.080 0.0 0.0 0.0 0.0 0.0 0 0.0 0 0 0 0 0.0 24.1 15.5 0.065 75.0 0.005 0.0 0.0 0.0 -17.3 173.4 974.8
40.155 -0.00003 0.00002 0.1 6.7 -0.7 141.7 999.0 999.000 999.0 0.145 -0.026 0.0 0.0 0.0 0.0 0.0 0 0.0 0 0 0 0 0.0 24.1 15.5 0.065 75.0 0.005 0.0 0.0 0.0 5.2 78.9 1029.0
40.765 -0.00003 0.00002 0.1 6.7 1.7 142.6 999.0 999.000 999.0 0.145 -0.026 0.0 0.0 0.0 0.0 0.0 0 0.0 5 0 0 0 0.0 24.1 15.5 0.065 75.0 0.005 0.0 0.0 0.0 -21.1 125.3 959.0
41.173 -0.00003 0.00002 0.0 6.6 -0.5 142.1 999.0 999.000 999.0 0.061 0.036 0.0 0.0 0.0 0.0 0.0 0 0.0 5 0 0 0 0.0 24.1 15.5 0.065 75.0 0.005 0.0 0.0 0.0 4.9 108.9 1024.0
41.765 -0.00003 0.00002 0.1 8.9 -0.0 142.9 999.0 999.000 999.0 0.061 0.036 0.0 0.0 0.0 0.0 0.0 0 0.0 0 0 0 0 0.0 24.1 15.5 0.065 75.0 0.005 0.0 0.0 0.0 -6.2 161.6 974.4
42.155 -0.00003 0.00002 0.1 7.1 0.7 143.2 999.0 999.000 999.0 -0.078 -0.047 0.0 0.0 0.0 0.0 0.0 0 0.0 0 0 0 0 0.0 24.1 15.5 0.065 75.0 0.005 0.0 0.0 0.0 -17.6 120.0 965.8
42.766 -0.00003 0.00002 0.1 8.0 0.3 143.0 999.0 999.000 999.0 -0.078 -0.047 0.0 0.0 0.0 0.0 0.0 0 0.0 0 0 0 0 0.0 24.1 15.5 0.065 75.0 0.005 0.0 0.0 0.0 3.3 149.5 1031.0
43.156 -0.00003 0.00002 0.1 8.0 1.5 144.0 999.0 999.000 999.0 0.157 -0.097 0.0 0.0 0.0 0.0 0.0 0 0.0 0 0 0 0 0.0 24.1 15.5 0.065 75.0 0.005 0.0 0.0 0.0 -35.3 126.6 946.8
43.766 -0.00003 0.00002 0.1 5.5 0.2 143.6 999.0 999.000 999.0 0.157 -0.097 0.0 0.0 0.0 0.0 0.0 0 0.0 0 0 0 0 0.0 24.1 15.5 0.065 75.0 0.005 0.0 0.0 0.0 4.2 90.9 1014.0
44.158 -0.00003 0.00002 0.1 7.3 -0.1 144.5 999.0 999.000 999.0 0.045 0.038 -0.1 0.0 0.0 0.0 0.0 0 0.0 0 0 0 0 0.0 24.1 15.5 0.065 75.0 0.005 0.0 0.0 0.0 -3.5 157.7 985.1
44.765 -0.00003 0.00002 0.1 8.0 0.9 144.3 999.0 999.000 999.0 0.045 0.038 -0.1 0.0 0.0 0.0 0.0 0 0.0 0 0 0 0 0.0 24.1 15.5 0.065 75.0 0.005 0.0 0.0 0.0 2.4 106.2 990.1
45.157 -0.00003 0.00002 0.1 7.2 0.7 145.2 999.0 999.000 999.0 0.017 0.009 0.0 0.0 0.0 0.0 0.0 0 0.0 0 0 0 0 0.0 24.1 15.5 0.065 75.0 0.005 0.0 0.0 0.0 -22.6 146.2 982.2
45.767 -0.00003 0.00002 0.0 5.4 -0.7 144.9 999.0 999.000 999.0 0.017 0.009 0.0 0.0 0.0 0.0 0.0 0 0.0 0 0 0 0 0.0 24.2 15.5 0.065 75.0 0.005 0.0 0.0 0.0 6.0 119.8 1007.0
46.182 -0.00003 0.00002 0.1 8.9 1.1 144.4 999.0 999.000 999.0 0.035 0.039 0.0 0.0 0.0 0.0 0.0 0 0.0 0 0 0 0 0.0 24.2 15.5 0.065 75.0 0.005 0.0 0.0 0.0 8.8 131.0 990.2
46.767 -0.00003 0.00002 0.1 11.4 -0.9 146.2 999.0 999.000 999.0 0.035 0.039 0.0 0.0 0.0 0.0 0.0 0 0.0 0 0 0 0 0.0 24.2 15.5 0.065 75.0 0.005 0.0 0.0 0.0 8.3 219.9 979.8
47.156 -0.00003 0.00002 0.1 6.2 -0.4 146.8 999.0 999.000 999.0 -0.035 0.044 -0.1 0.0 0.0 0.0 0.0 0 0.0 5 0 0 0 0.0 24.2 15.5 0.065 75.0 0.005 0.0 0.0 0.0 -1.1 99.4 984.1
47.764 -0.00003 0.00002 0.0 4.4 1.6 145.5 999.0 999.000 999.0 -0.035 0.044 -0.1 0.0 0.0 0.0 0.0 0 0.0 0 0 0 0 0.0 24.2 15.5 0.065 75.0 0.005 0.0 0.0 0.0 -12.1 61.6 1016.0
48.157 -0.00003 0.00002 0.1 10.5 -0.5 147.1 999.0 999.000 999.0 0.102 -0.068 -0.0 0.0 0.0 0.0 0.0 0 0.0 0 0 0 0 0.0 24.2 15.5 0.065 75.0 0.005 0.0 0.0 0.0 -4.4 215.7 977.3
48.768 -0.00003 0.00002 0.1 7.9 2.1 147.3 999.0 999.000 999.0 0.102 -0.068 -0.0 0.0 0.0 0.0 0.0 0 0.0 0 0 0 0 0.0 24.2 15.5 0.065 75.0 0.005 0.0 0.0 0.0 -31.6 118.8 981.6
49.157 -0.00003 0.00002 0.1 4.3 0.6 146.2 999.0 999.000 999.0 -0.030 0.119 -0.0 0.0 0.0 0.0 0.0 0 0.0 0 0 0 0 0.0 24.2 15.5 0.065 75.0 0.005 0.0 0.0 0.0 6.6 45.7 1030.0
49.768 -0.00003 0.00003 0.1 6.9 0.7 147.8 999.0 999.000 999.0 -0.030 0.119 -0.0 0.0 0.0 0.0 0.0 0 0.0 0 0 0 0 0.0 24.1 15.5 0.065 75.0 0.005 0.0 0.0 0.0 -44.2 138.5 954.1
50.157 -0.00003 0.00003 0.0 7.3 0.7 146.7 999.0 999.000 999.0 -0.002 -0.060 0.1 0.0 0.0 0.0 0.0 0 0.0 0 0 0 0 0.0 24.1 15.5 0.065 75.0 0.005 0.0 0.0 0.0 22.5 96.5 1008.0
50.765 -0.00003 0.00003 0.1 8.6 -2.0 147.9 999.0 999.000 999.0 -0.002 -0.060 0.1 0.0 0.0 0.0 0.0 0 0.0 0 0 0 0 0.0 24.1 15.5 0.065 75.0 0.005 0.0 0.0 0.0 31.8 169.8 999.1
51.182 -0.00003 0.00003 0.1 5.3 -1.1 149.2 999.0 999.000 999.0 0.019 -0.054 0.0 0.0 0.0 0.0 0.0 0 0.0 0 0 0 0 0.0 24.1 15.5 0.065 75.0 0.005 0.0 0.0 0.0 14.2 82.5 976.9
51.767 -0.00003 0.00003 0.1 8.3 -0.1 148.8 999.0 999.000 999.0 0.019 -0.054 0.0 0.0 0.0 0.0 0.0 0 0.0 0 0 0 0 0.0 24.1 15.5 0.065 75.0 0.005 0.0 0.0 0.0 -3.1 147.3 1015.0
52.156 -0.00003 0.00003 0.1 9.0 1.3 150.5 999.0 999.000 999.0 0.043 -0.074 0.1 0.0 0.0 0.0 0.0 0 0.0 0 0 0 0 0.0 24.1 15.5 0.065 75.0 0.005 0.0 0.0 0.0 -39.5 147.4 954.7
52.768 -0.00004 0.00003 0.1 6.3 1.3 150.4 999.0 999.000 999.0 0.043 -0.074 0.1 0.0 0.0 0.0 0.0 0 0.0 0 0 0 0 0.0 24.2 15.5 0.065 75.0 0.005 0.0 0.0 0.0 -0.5 86.6 991.9
53.158 -0.00004 0.00003 0.1 8.6 -1.3 150.1 999.0 999.000 999.0 0.046 0.148 0.0 0.0 0.0 0.0 0.0 0 0.0 0 0 0 0 0.0 24.2 15.5 0.065 75.0 0.005 0.0 0.0 0.0 9.4 146.4 1029.0
53.766 -0.00004 0.00003 0.1 9.4 0.1 151.9 999.0 999.000 999.0 0.046 0.148 0.0 0.0 0.0 0.0 0.0 0 0.0 0 0 0 0 0.0 24.1 15.5 0.065 75.0 0.005 0.0 0.0 0.0 2.9 168.3 949.9
54.160 -0.00004 0.00003 0.1 9.0 -0.0 152.3 999.0 999.000 999.0 0.073 0.050 0.1 0.0 0.0 0.0 0.0 0 0.0 0 0 0 0 0.0 24.1 15.5 0.065 75.0 0.005 0.0 0.0 0.0 -2.2 153.1 1000.0
54.767 -0.00004 0.00003 0.1 7.0 -0.8 151.9 999.0 999.000 999.0 0.073 0.050 0.1 0.0 0.0 0.0 0.0 0 0.0 0 0 0 0 0.0 24.2 15.5 0.065 75.0 0.005 0.0 0.0 0.0 15.2 99.4 1022.0
55.157 -0.00004 0.00003 0.1 7.9 0.4 153.1 999.0 999.000 999.0 0.201 0.033 -0.0 0.0 0.0 0.0 0.0 0 0.0 0 0 0 0 0.0 24.2 15.5 