7.026 0.00000 0.00000 0.1 6.5 1.4 166.8 999.0 999.000 999.0 nan nan nan 0.0 0.0 0.0 0.0 0 0.0 0 0 0 0 0.0 0.0 0.0 0.000 0.0 0.000 0.0 0.0 0.0 -24.7 128.7 986.3
7.524 0.00000 0.00000 0.1 6.5 0.7 166.8 999.0 999.000 999.0 nan nan nan 0.0 0.0 0.0 0.0 0 0.0 0 0 0 0 0.0 24.2 15.5 0.065 77.0 0.005 0.0 0.0 0.0 0.2 114.8 1009.0
8.025 0.00000 0.00000 0.1 6.4 -0.6 167.4 999.0 999.000 999.0 nan nan nan 0.0 0.0 0.0 0.0 0 0.0 0 0 0 0 0.0 24.2 15.5 0.065 77.0 0.005 0.0 0.0 0.0 1.6 95.9 994.8
8.524 0.00000 0.00000 0.1 8.4 -0.2 167.7 999.0 999.000 999.0 nan nan nan 0.0 0.0 0.0 0.0 0 0.0 0 0 0 0 0.0 24.2 15.5 0.065 77.0 0.005 0.0 0.0 0.0 -1.8 175.9 982.6
8.924 -0.00000 0.00000 0.0 7.3 1.4 166.6 999.0 999.000 999.0 0.019 0.036 0.0 0.0 0.0 0.0 0.0 0 0.0 0 0 0 0 0.0 24.2 15.5 0.065 77.0 0.005 0.0 0.0 0.0 -19.4 115.2 984.4
9.525 -0.00000 0.00000 0.1 7.1 -0.2 167.3 999.0 999.000 999.0 0.019 0.036 0.0 0.0 0.0 0.0 0.0 0 0.0 0 0 0 0 0.0 24.2 15.5 0.065 77.0 0.005 0.0 0.0 0.0 -7.4 121.6 992.6
9.925 -0.00000 0.00000 0.1 6.5 1.1 165.9 999.0 999.000 999.0 0.037 0.071 0.0 0.0 0.0 0.0 0.0 0 0.0 0 0 0 0 0.0 24.2 15.5 0.065 77.0 0.005 0.0 0.0 0.0 -7.7 117.3 1005.0
10.523 -0.00000 0.00000 0.1 7.0 0.5 165.6 999.0 999.000 999.0 0.037 0.071 0.0 0.0 0.0 0.0 0.0 0 0.0 0 0 0 0 0.0 24.2 15.5 0.065 77.0 0.005 0.0 0.0 0.0 -26.5 116.3 967.3
10.926 -0.00000 0.00000 0.1 8.4 2.0 164.5 999.0 999.000 999.0 0.075 -0.048 0.0 0.0 0.0 0.0 0.0 0 0.0 0 0 0 0 0.0 24.2 15.5 0.065 77.0 0.005 0.0 0.0 0.0 -33.9 150.6 1001.0
11.524 -0.00000 0.00000 0.0 5.4 2.7 164.5 999.0 999.000 999.0 0.075 -0.048 0.0 0.0 0.0 0.0 0.0 0 0.0 0 0 0 0 0.0 24.2 15.5 0.065 77.0 0.005 0.0 0.0 0.0 -51.1 84.3 993.9
11.924 -0.00000 0.00000 0.1 5.8 1.4 163.2 999.0 999.000 999.0 0.062 0.008 0.0 0.0 0.0 0.0 0.0 0 0.0 0 0 0 0 0.0 24.2 15.5 0.065 77.0 0.005 0.0 0.0 0.0 -20.0 96.1 1004.0
12.526 -0.00000 0.00000 0.1 8.3 1.4 162.9 999.0 999.000 999.0 0.062 0.008 0.0 0.0 0.0 0.0 0.0 0 0.0 5 0 0 0 0.0 24.2 15.5 0.065 77.0 0.005 0.0 0.0 0.0 -19.1 158.7 992.7
12.924 -0.00000 0.00000 0.1 8.0 0.7 161.9 999.0 999.000 999.0 0.105 -0.022 -0.1 0.0 0.0 0.0 0.0 0 0.0 0 0 0 0 0.0 24.2 15.5 0.065 77.0 0.005 0.0 0.0 0.0 -18.3 137.7 1004.0
13.524 -0.00000 0.00000 0.0 5.5 1.2 160.8 180.0 999.000 999.0 0.105 -0.022 -0.1 0.0 0.0 0.0 0.0 0 0.0 0 1 0 0 0.0 24.2 15.5 0.065 77.0 0.005 0.0 0.0 0.0 -23.1 87.5 983.7
13.926 -0.00000 0.00000 0.1 7.0 0.8 161.3 180.0 999.000 999.0 0.053 -0.092 -0.0 0.0 0.0 0.0 0.0 0 0.0 0 1 0 0 0.0 24.2 15.5 0.065 77.0 0.005 0.0 0.0 0.0 -17.7 120.2 977.7
14.525 -0.00000 0.00000 0.1 8.7 -0.1 160.7 180.0 999.000 999.0 0.053 -0.092 -0.0 0.0 0.0 0.0 0.0 0 0.0 0 1 0 0 0.0 24.2 15.5 0.065 77.0 0.005 0.0 0.0 0.0 10.7 145.4 1004.0
14.924 -0.00000 0.00000 0.1 6.7 -0.6 160.1 180.0 999.000 999.0 -0.007 0.046 -0.0 0.0 0.0 0.0 0.0 0 0.0 5 1 0 0 0.0 24.2 15.5 0.065 77.0 0.005 0.0 0.0 0.0 -6.0 117.3 984.6
15.540 -0.00000 0.00000 0.0 6.9 -0.2 159.9 180.0 999.000 999.0 -0.007 0.046 -0.0 0.0 0.0 0.0 0.0 0 0.0 0 1 0 0 0.0 24.2 15.5 0.065 77.0 0.005 0.0 0.0 0.0 10.9 125.6 1002.0
15.925 -0.00001 0.00000 0.1 5.9 0.8 158.9 180.0 999.000 999.0 0.052 -0.149 -0.0 0.0 0.0 0.0 0.0 0 0.0 0 1 0 0 0.0 24.2 15.5 0.065 77.0 0.005 0.0 0.0 0.0 -13.7 86.6 993.3
16.535 -0.00001 0.00000 0.1 7.8 0.8 159.0 180.0 999.000 3.0 0.052 -0.149 -0.0 0.0 0.0 0.0 0.0 0 0.0 0 1 1 0 0.0 24.2 15.5 0.065 77.0 0.005 0.0 0.0 0.0 -19.1 151.8 974.6
16.926 -0.00001 0.00000 0.1 7.2 0.1 158.9 180.0 999.000 3.0 0.058 -0.151 -0.1 0.0 0.0 -7.7 -7.7 0 0.0 0 1 1 0 0.0 24.2 15.5 0.065 77.0 0.005 0.0 0.0 0.0 6.2 103.8 1036.0
17.535 -0.00001 0.00000 0.1 6.6 0.9 158.3 180.0 999.000 3.0 0.058 -0.151 -0.1 0.0 0.0 -7.9 -8.0 0 0.0 0 1 1 0 0.0 24.2 15.5 0.065 77.0 0.005 0.0 0.0 0.0 -25.0 121.6 965.4
17.925 -0.00001 0.00000 0.0 6.8 0.9 157.4 180.0 999.000 3.0 0.085 -0.082 0.0 0.0 0.0 -8.2 -8.2 0 0.0 0 1 1 0 0.0 24.2 15.5 0.065 77.0 0.005 0.0 0.0 0.0 -1.0 114.3 993.4
18.535 -0.00001 0.00000 0.1 6.8 0.2 156.6 180.0 999.000 3.0 0.085 -0.082 0.0 0.0 0.0 -8.5 -8.6 0 0.0 0 1 1 0 0.0 24.2 15.5 0.065 77.0 0.005 0.0 0.0 0.0 -19.8 119.0 1003.0
18.925 -0.00001 0.00000 0.1 8.5 -0.3 156.7 180.0 999.000 3.0 0.070 -0.134 -0.1 0.0 0.0 -8.8 -8.8 0 0.0 5 1 1 0 0.0 24.2 15.5 0.065 77.0 0.005 0.0 0.0 0.0 5.0 147.9 973.9
19.548 -0.00001 0.00000 0.1 8.8 -0.1 156.0 180.0 999.000 3.0 0.070 -0.134 -0.1 0.0 0.0 -9.1 -9.1 0 0.0 0 1 1 0 0.0 24.2 15.5 0.065 77.0 0.005 0.0 0.0 0.0 1.0 129.0 992.3
19.926 -0.00001 0.00000 0.1 13.7 -0.0 156.2 180.0 999.000 3.0 0.022 0.090 0.0 0.0 0.0 -9.4 -9.4 10 0.0 8409 1 1 0 0.0 24.2 15.5 0.065 77.0 0.005 0.0 0.0 0.0 -26.1 453.0 993.2
20.556 -0.00001 0.00000 0.1 26.3 -0.5 156.3 180.0 999.000 3.0 0.022 0.090 0.0 0.0 0.0 -9.7 -9.7 10 0.0 7729 1 1 0 0.0 24.2 15.5 0.065 77.0 0.005 0.0 0.0 0.0 19.0 411.7 1025.0
20.926 -0.00001 0.00000 0.1 18.3 -0.9 157.4 180.0 999.000 3.0 -0.243 -0.103 0.1 0.0 0.0 -10.0 -10.0 10 0.0 7519 1 1 0 0.0 24.2 15.5 0.065 77.0 0.005 0.0 0.0 0.0 27.4 427.0 1018.0
21.535 -0.00001 0.00000 0.1 9.9 -1.5 160.0 180.0 999.000 3.0 -0.243 -0.103 0.1 0.0 0.0 -10.3 -10.3 10 0.0 8064 1 1 0 0.0 24.2 15.5 0.065 77.0 0.005 0.0 0.0 0.0 65.2 208.7 1128.0
21.924 -0.00002 0.00001 0.1 4.6 -1.6 163.1 180.0 999.000 3.0 -0.603 -0.031 -0.0 0.0 0.0 -10.6 -10.6 10 0.0 8204 1 1 0 0.0 24.2 15.5 0.065 77.0 0.005 0.0 0.0 0.0 42.9 24.7 1096.0
22.537 -0.00002 0.00001 0.1 4.6 -2.5 167.9 180.0 999.000 3.0 -0.603 -0.031 -0.0 0.0 0.0 -10.9 -10.9 10 0.0 8184 1 1 0 0.0 24.2 15.5 0.065 77.0 0.005 0.0 0.0 0.0 61.9 165.0 1007.0
22.926 -0.00002 0.00001 0.1 3.4 -2.5 171.1 180.0 999.000 3.0 -0.873 -0.180 0.1 0.0 0.0 -11.1 -11.2 10 0.0 8359 1 1 0 0.0 24.2 15.5 0.065 77.0 0.005 0.0 0.0 0.0 43.0 -36.2 1060.0
23.534 -0.00003 0.00001 0.1 5.2 -1.6 174.7 180.0 999.000 3.0 -0.873 -0.180 0.1 0.0 0.0 -11.5 -11.5 10 0.0 8164 1 1 0 0.0 24.2 15.5 0.065 77.0 0.005 0.0 0.0 0.0 40.9 -6.9 1019.0
23.927 -0.00003 0.00001 0.1 6.3 -1.3 178.5 180.0 999.000 3.0 -0.920 -0.154 0.1 0.0 0.0 -11.7 -11.7 10 0.0 8349 1 1 0 0.0 24.2 15.5 0.065 77.0 0.005 0.0 0.0 0.0 59.9 198.9 1018.0
24.535 -0.00003 0.00001 0.1 4.9 -2.6 181.6 180.0 999.000 3.0 -0.920 -0.154 0.1 0.0 0.0 -12.1 -12.0 10 0.0 8514 1 1 0 0.0 24.2 15.5 0.065 77.0 0.005 0.0 0.0 0.0 45.5 -51.7 1029.0
24.925 -0.00004 0.00001 0.1 1.7 -2.4 184.3 180.0 999.000 3.0 -0.773 -0.138 0.1 0.0 0.0 -12.3 -12.3 10 0.0 8394 1 1 0 0.0 24.2 15.5 0.065 77.0 0.005 0.0 0.0 0.0 64.1 153.8 1019.0
25.557 -0.00004 0.00001 0.1 3.1 -2.4 186.7 180.0 999.000 3.0 -0.773 -0.138 0.1 0.0 0.0 -12.6 -12.6 10 0.0 8464 1 1 0 0.0 24.2 15.5 0.065 77.0 0.005 0.0 0.0 0.0 19.9 50.7 916.6
25.926 -0.00005 0.00001 0.1 4.6 -2.1 187.9 180.0 999.000 3.0 -1.010 0.232 0.1 0.0 0.0 -12.9 -12.9 10 0.0 8324 1 1 0 0.0 24.2 15.5 0.065 77.0 0.005 0.0 0.0 0.0 73.0 108.1 1070.0
26.535 -0.00005 0.00000 0.1 5.0 -1.8 192.2 180.0 999.000 3.0 -1.010 0.232 0.1 0.0 0.0 -13.2 -13.2 10 0.0 8484 1 1 0 0.0 24.2 15.5 0.065 77.0 0.005 0.0 0.0 0.0 12.8 82.9 931.9
26.928 -0.00006 0.00000 0.1 6.3 -3.2 194.3 180.0 999.000 3.0 -1.010 -0.091 0.0 0.0 0.0 -13.5 -13.5 10 0.0 8499 1 1 0 0.0 24.2 15.5 0.065 77.0 0.005 0.0 0.0 0.0 71.0 156.0 983.2
27.537 -0.00006 0.00000 0.1 5.6 -4.1 195.9 180.0 999.000 3.0 -1.010 -0.091 0.0 0.0 0.0 -13.8 -13.7 10 0.0 8569 1 1 0 0.0 24.2 15.5 0.065 77.0 0.005 0.0 0.0 0.0 111.0 151.3 1051.0
27.926 -0.00006 0.00000 0.1 10.0 -4.0 199.3 180.0 999.000 3.0 -0.984 -0.004 0.1 0.0 0.0 -14.0 -14.0 10 0.0 8609 1 1 0 0.0 24.2 15.5 0.065 77.0 0.005 0.0 0.0 0.0 73.4 249.5 980.5
28.537 -0.00007 360.00000 0.1 6.3 -3.7 201.3 180.0 999.000 3.0 -0.984 -0.004 0.1 0.0 0.0 -14.3 -14.3 10 0.0 8739 1 1 0 0.0 24.2 15.5 0.065 77.0 0.005 0.0 0.0 0.0 51.2 -15.2 839.2
28.927 -0.00007 360.00000 0.1 9.2 -5.1 203.7 180.0 999.000 3.0 -1.006 0.083 0.1 0.0 0.0 -14.6 -14.6 10 0.0 8204 1 1 0 0.0 24.2 15.5 0.065 77.0 0.005 0.0 0.0 0.0 108.0 65.5 1029.0
29.536 -0.00008 360.00000 0.1 7.3 -6.5 207.6 180.0 999.000 3.0 -1.006 0.083 0.1 0.0 0.0 -14.8 -14.8 10 0.0 8404 1 1 0 0.0 24.2 15.5 0.065 77.0 0.005 0.0 0.0 0.0 108.5 229.5 978.6
29.928 -0.00008 359.99999 0.2 7.8 -7.2 209.3 180.0 999.000 3.0 -1.091 -0.011 0.1 0.0 0.0 -15.1 -15.1 10 0.0 8739 1 1 0 0.0 24.2 15.5 0.065 77.0 0.005 0.0 0.0 0.0 140.7 126.6 979.4
30.557 -0.00009 359.99999 0.2 7.6 -10.8 211.5 180.0 999.000 3.0 -1.091 -0.011 0.1 0.0 0.0 -15.3 -15.3 10 0.0 8704 1 1 0 0.0 24.2 15.5 0.065 77.0 0.005 0.0 0.0 0.0 186.4 62.5 970.3
30.927 -0.00009 359.99999 0.3 6.4 -13.6 213.6 180.0 999.000 3.0 -1.171 -0.031 0.0 0.0 0.0 -15.4 -15.4 10 0.0 9124 1 1 0 0.0 24.2 15.5 0.065 77.0 0.005 0.0 0.0 0.0 274.7 216.9 981.8
31.537 -0.00009 359.99998 0.4 14.8 -17.6 214.6 180.0 999.000 3.0 -1.171 -0.031 0.0 0.0 0.0 -15.5 -15.5 10 0.0 7764 1 1 0 0.0 24.2 15.5 0.065 77.0 0.005 0.0 0.0 0.0 296.6 183.6 811.3
31.927 -0.00010 359.99998 0.6 21.4 -21.7 213.7 180.0 999.000 3.0 -1.132 -0.128 0.1 0.0 0.0 -15.5 -15.5 10 0.0 7299 1 1 0 0.0 24.2 15.5 0.065 77.0 0.005 0.0 0.0 0.0 389.0 356.3 851.4
32.537 -0.00010 359.99998 0.8 22.7 -25.1 211.2 180.0 999.000 3.0 -1.132 -0.128 0.1 -29.0 -29.0 -15.3 -15.3 10 0.0 7214 1 1 0 0.0 24.2 15.5 0.065 77.0 0.005 0.0 0.0 0.0 427.9 346.4 843.3
32.928 -0.00011 359.99998 0.9 8.7 -26.4 203.5 180.0 999.000 3.0 -1.092 0.054 0.1 -29.0 -29.0 -15.1 -15.1 10 0.0 7359 1 1 0 0.0 24.2 15.5 0.065 77.0 0.005 0.0 0.0 0.0 436.9 80.6 844.4
33.537 -0.00011 359.99998 1.1 -7.0 -28.2 195.4 180.0 999.000 3.0 -1.092 0.054 0.1 -23.5 -23.5 -14.9 -14.9 10 0.0 7424 1 1 0 0.0 24.2 15.5 0.065 77.0 0.005 0.0 0.0 0.0 487.5 -121.0 848.4
33.941 -0.00012 359.99998 1.3 -9.8 -31.3 189.8 999.0 999.000 999.0 -1.026 -0.003 0.1 0.0 0.0 30.0 30.0 10 0.0 7324 0 0 0 0.0 24.2 15.5 0.065 77.0 0.005 0.0 0.0 0.0 514.5 -149.0 823.2
34.541 -0.00012 359.99997 1.5 -8.3 -32.8 187.1 999.0 999.000 999.0 -1.026 -0.003 0.1 0.0 0.0 30.0 30.0 0 0.0 0 0 0 0 0.0 24.2 15.5 0.065 77.0 0.005 0.0 0.0 0.0 579.0 -109.0 828.8
34.925 -0.00012 359.99997 1.7 3.0 -28.4 185.9 999.0 999.000 999.0 -0.843 -0.012 0.1 0.0 0.0 30.0 30.0 0 0.0 0 0 0 0 0.0 206.4 15.5 0.065 77.0 0.005 0.0 0.0 0.0 489.1 58.9 895.2
35.563 -0.00013 359.99997 1.8 9.5 -22.7 185.8 999.0 999.000 999.0 -0.843 -0.012 0.1 0.0 0.0 30.0 30.0 0 0.0 0 0 0 0 0.0 24.2 15.5 0.065 77.0 0.005 0.0 0.0 0.0 389.5 143.6 929.7
35.928 -0.00013 359.99997 1.9 7.3 -17.7 186.5 999.0 999.000 999.0 -0.704 -0.067 0.1 0.0 0.0 30.0 30.0 0 0.0 0 0 0 0 0.0 24.2 15.5 0.065 77.0 0.005 0.0 0.0 0.0 301.1 101.4 961.9
36.535 -0.00013 359.99997 1.9 4.3 -12.9 187.5 999.0 999.000 999.0 -0.704 -0.067 0.1 0.0 0.0 30.0 30.0 0 0.0 0 0 0 0 0.0 24.2 15.5 0.065 77.0 0.005 0.0 0.0 0.0 214.5 68.0 982.9
36.929 -0.00014 359.99997 2.0 5.0 -8.7 188.0 999.0 999.000 999.0 -0.381 -0.118 0.1 0.0 0.0 30.0 30.0 0 0.0 0 0 0 0 0.0 24.2 15.5 0.065 77.0 0.005 0.0 0.0 0.0 140.2 89.0 994.1
37.536 -0.00014 359.99997 2.0 5.9 -5.1 188.6 999.0 999.000 999.0 -0.381 -0.118 0.1 0.0 0.0 30.0 30.0 0 0.0 0 0 0 0 0.0 24.2 15.5 0.065 77.0 0.005 0.0 0.0 0.0 79.1 101.9 996.3
37.926 -0.00014 359.99997 2.0 5.5 -2.2 188.9 999.0 999.000 999.0 -0.312 -0.037 0.0 0.0 0.0 30.0 30.0 0 0.0 0 0 0 0 0.0 24.2 15.5 0.065 77.0 0.005 0.0 0.0 0.0 30.8 92.8 1000.0
38.539 -0.00014 359.99997 2.0 4.9 -0.1 189.4 999.0 999.000 999.0 -0.312 -0.037 0.0 0.0 0.0 30.0 30.0 0 0.0 0 0 0 0 0.0 24.2 15.5 0.065 77.0 0.005 0.0 0.0 0.0 -6.2 85.3 998.5
38.928 -0.00014 359.99997 2.0 5.1 1.5 189.9 999.0 999.000 999.0 -0.548 0.107 0.0 0.0 0.0 30.0 30.0 0 0.0 0 0 0 0 0.0 24.2 15.5 0.065 77.0 0.005 0.0 0.0 0.0 -30.8 87.3 998.5
39.536 -0.00015 359.99997 1.9 4.8 2.4 190.3 999.0 999.000 999.0 -0.548 0.107 0.0 0.0 0.0 30.0 30.0 0 0.0 0 0 0 0 0.0 24.2 15.5 0.065 77.0 0.005 0.0 0.0 0.0 -44.2 82.8 997.9
39.930 -0.00015 359.99997 1.9 5.0 2.7 190.8 999.0 999.000 999.0 -0.378 -0.074 0.1 0.0 0.0 30.0 30.0 0 0.0 0 0 0 0 0.0 24.2 15.5 0.065 77.0 0.005 0.0 0.0 0.0 -48.9 88.9 997.0
40.561 -0.00015 359.99997 1.9 5.2 2.6 191.5 999.0 999.000 999.0 -0.378 -0.074 0.1 0.0 0.0 30.0 30.0 0 0.0 0 0 0 0 0.0 24.2 15.5 0.065 77.0 0.005 0.0 0.0 0.0 -45.4 89.2 995.2
40.927 -0.00015 359.99997 1.9 5.6 1.9 191.8 999.0 999.000 999.0 -0.198 0.022 0.1 0.0 0.0 30.0 30.0 0 0.0 0 0 0 0 0.0 24.2 15.5 0.065 77.0 0.005 0.0 0.0 0.0 -29.7 98.6 994.6
41.538 -0.00015 359.99997 1.8 5.4 0.7 192.3 999.0 999.000 999.0 -0.198 0.022 0.1 0.0 0.0 30.0 30.0 0 0.0 0 0 0 0 0.0 24.2 15.5 0.065 77.0 0.005 0.0 0.0 0.0 -8.6 93.5 996.0
41.928 -0.00015 359.99997 1.8 5.6 -0.8 192.8 999.0 999.000 999.0 -0.192 0.097 0.0 0.0 0.0 30.0 30.0 0 0.0 0 0 0 0 0.0 24.2 15.5 0.065 77.0 0.005 0.0 0.0 0.0 19.0 95.0 996.3
42.537 -0.00015 359.99997 1.8 5.1 -2.5 193.3 999.0 999.000 999.0 -0.192 0.097 0.0 0.0 0.0 30.0 30.0 0 0.0 0 0 0 0 0.0 24.2 15.5 0.065 77.0 0.005 0.0 0.0 0.0 48.8 88.7 995.1
42.929 -0.00016 359.99997 1.8 4.8 -4.2 193.4 999.0 999.000 999.0 -0.371 -0.025 0.1 0.0 0.0 30.0 30.0 0 0.0 0 0 0 0 0.0 24.2 15.5 0.065 77.0 0.005 0.0 0.0 0.0 78.7 84.9 994.5
43.538 -0.00016 359.99997 1.7 5.2 -6.0 193.7 999.0 999.000 999.0 -0.371 -0.025 0.1 0.0 0.0 30.0 30.0 0 0.0 0 0 0 0 0.0 24.2 15.5 0.065 77.0 0.005 0.0 0.0 0.0 109.2 90.0 991.8
43.928 -0.00016 359.99997 1.7 5.2 -7.8 193.8 999.0 999.000 999.0 -0.142 -0.034 0.1 0.0 0.0 30.0 30.0 0 0.0 5 0 0 0 0.0 24.2 15.5 0.065 77.0 0.005 0.0 0.0 0.0 139.4 88.9 984.6
44.539 -0.00016 359.99997 1.7 4.8 -9.5 193.8 999.0 999.000 999.0 -0.142 -0.034 0.1 0.0 0.0 30.0 30.0 0 0.0 0 0 0 0 0.0 24.2 15.5 0.065 77.0 0.005 0.0 0.0 0.0 169.2 80.2 979.7
44.929 -0.00016 359.99997 1.7 4.7 -11.1 193.5 999.0 999.000 999.0 -0.227 0.045 0.0 0.0 0.0 30.0 30.0 0 0.0 5 0 0 0 0.0 24.2 15.5 0.065 77.0 0.005 0.0 0.0 0.0 197.2 80.0 977.1
45.559 -0.00016 359.99997 1.6 4.8 -12.7 193.2 999.0 999.000 999.0 -0.227 0.045 0.0 0.0 0.0 30.0 30.0 0 0.0 0 0 0 0 0.0 24.2 15.5 0.065 77.0 0.005 0.0 0.0 0.0 227.0 83.6 972.3
45.928 -0.00016 359.99997 1.6 5.0 -14.2 192.8 999.0 999.000 999.0 -0.150 -0.039 0.0 0.0 0.0 30.0 30.0 0 0.0 0 0 0 0 0.0 24.2 15.5 0.065 77.0 0.005 0.0 0.0 0.0 251.1 84.0 967.0
46.538 -0.00016 359.99997 1.6 4.9 -15.6 192.5 999.0 999.000 999.0 -0.150 -0.039 0.0 0.0 0.0 30.0 30.0 0 0.0 0 0 0 0 0.0 24.2 15.5 0.065 77.0 0.005 0.0 0.0 0.0 273.7 81.2 959.1
46.929 -0.00016 359.99997 1.5 4.8 -16.8 191.8 999.0 999.000 999.0 0.104 -0.024 0.1 0.0 0.0 30.0 30.0 0 0.0 10 0 0 0 0.0 24.2 15.5 0.065 77.0 0.005 0.0 0.0 0.0 293.4 82.3 954.9
47.540 -0.00016 359.99997 1.5 4.7 -18.0 190.9 999.0 999.000 999.0 0.104 -0.024 0.1 0.0 0.0 30.0 30.0 0 0.0 5 0 0 0 0.0 24.2 15.5 0.065 77.0 0.005 0.0 0.0 0.0 314.0 76.5 948.8
47.927 -0.00016 359.99997 1.4 4.7 -19.1 190.3 999.0 999.000 999.0 -0.020 -0.002 0.1 0.0 0.0 30.0 30.0 0 0.0 0 0 0 0 0.0 24.2 15.5 0.065 77.0 0.005 0.0 0.0 0.0 329.6 77.9 944.2
48.539 -0.00016 359.99997 1.4 4.8 -20.1 189.6 999.0 999.000 999.0 -0.020 -0.002 0.1 0.0 0.0 30.0 30.0 0 0.0 5 0 0 0 0.0 24.2 15.5 0.065 77.0 0.005 0.0 0.0 0.0 348.5 77.6 937.2
48.929 -0.00016 359.99997 1.3 4.7 -20.9 188.8 999.0 999.000 999.0 0.093 0.023 0.1 0.0 0.0 30.0 30.0 0 0.0 0 0 0 0 0.0 24.2 15.5 0.065 77.0 0.005 0.0 0.0 0.0 359.8 75.9 930.2
49.538 -0.00017 359.99997 1.3 4.9 -21.6 188.2 999.0 999.000 999.0 0.093 0.023 0.1 0.0 0.0 30.0 30.0 0 0.0 0 0 0 0 0.0 24.2 15.5 0.065 77.0 0.005 0.0 0.0 0.0 374.6 80.0 927.5
49.930 -0.00017 359.99997 1.2 4.8 -22.5 187.8 999.0 999.000 999.0 0.052 -0.106 0.1 0.0 0.0 30.0 30.0 0 0.0 0 0 0 0 0.0 24.2 15.5 0.065 77.0 0.005 0.0 0.0 0.0 383.8 77.9 921.4
50.557 -0.00017 359.99997 1.1 5.1 -23.1 187.7 999.0 999.000 999.0 0.052 -0.106 0.1 0.0 0.0 30.0 30.0 0 0.0 0 0 0 0 0.0 24.2 15.5 0.065 77.0 0.005 0.0 0.0 0.0 393.5 85.7 918.6
50.927 -0.00017 359.99997 1.1 5.4 -23.5 187.0 999.0 999.000 999.0 0.022 0.145 0.1 0.0 0.0 30.0 30.0 0 0.0 5 0 0 0 0.0 24.2 15.5 0.065 77.0 0.005 0.0 0.0 0.0 402.1 87.4 915.0
51.540 -0.00017 359.99997 1.0 4.6 -23.9 186.5 999.0 999.000 999.0 0.022 0.145 0.1 0.0 0.0 30.0 30.0 0 0.0 0 0 0 0 0.0 24.2 15.5 0.065 77.0 0.005 0.0 0.0 0.0 403.8 72.8 907.3
51.928 -0.00017 359.99997 0.9 5.0 -23.7 186.2 999.0 999.000 999.0 0.096 0.071 0.1 0.0 0.0 30.0 30.0 0 0.0 0 0 0 0 0.0 24.2 15.5 0.065 77.0 0.005 0.0 0.0 0.0 404.1 82.6 919.0
52.538 -0.00017 359.99997 0.8 6.0 -23.5 185.5 999.0 999.000 999.0 0.096 0.071 0.1 0.0 0.0 30.0 30.0 0 0.0 0 0 0 0 0.0 24.2 15.5 0.065 77.0 0.005 0.0 0.0 0.0 400.1 98.0 916.6
52.930 -0.00017 359.99997 0.7 4.6 -23.3 184.7 999.0 999.000 999.0 -0.012 0.051 0.1 0.0 0.0 30.0 30.0 0 0.0 0 0 0 0 0.0 24.2 15.5 0.065 77.0 0.005 0.0 0.0 0.0 392.1 66.8 910.9
53.538 -0.00017 359.99997 0.6 5.3 -22.4 184.6 999.0 999.000 999.0 -0.012 0.051 0.1 0.0 0.0 30.0 30.0 0 0.0 0 0 0 0 0.0 24.2 15.5 0.065 77.0 0.005 0.0 0.0 0.0 381.0 92.2 924.4
53.929 -0.00017 359.99997 0.5 6.5 -21.9 183.6 999.0 999.000 999.0 0.223 0.106 0.1 0.0 0.0 30.0 30.0 0 0.0 0 0 0 0 0.0 24.2 15.5 0.065 77.0 0.005 0.0 0.0 0.0 367.4 100.4 922.5
54.540 -0.00017 359.99997 0.4 6.2 -20.2 182.6 999.0 999.000 999.0 0.223 0.106 0.1 0.0 0.0 30.0 30.0 0 0.0 0 0 0 0 0.0 24.2 15.5 0.065 77.0 0.005 0.0 0.0 0.0 336.2 95.0 935.0
54.929 -0.00017 359.99997 0.3 7.9 -17.3 182.6 999.0 999.000 999.0 -0.093 0.024 0.2 0.0 0.0 30.0 30.0 0 0.0 0 0 0 0 0.0 24.2 15.5 0.065 77.0 0.005 0.0 0.0 0.0 269.5 145.1 947.4
55.569 -0.00017 359.99997 0.2 7.1 -10.9 181.4 999.0 999.000 999.0 -0.093 0.024 0.2 0.0 0.0 30.0 30.0 0 0.0 0 0 0 0 0.0 24.2 15.5 0.065 77.0 0.005 0.0 0.0 0.0 170.0 115.4 965.3
55.931 -0.00018 359.99997 0.2 7.6 -5.0 181.9 999.0 999.000 999.0 0.045 -0.178 0.2 0.0 0.0 30.0 30.0 0 0.0 0 0 0 0 0.0 24.2 15.5 0.065 77.0 0.005 0.0 0.0 0.0 73.8 139.3 1004.0
56.539 -0.00018 359.99997 0.1 7.8 -0.4 181.3 999.0 999.000 999.0 0.045 -0.178 0.2 0.0 0.0 30.0 30.0 0 0.0 0 0 0 0 0.0 24.2 15.5 0.065 77.0 0.005 0.0 0.0 0.0 -9.8 127.9 973.7
56.929 -0.00018 359.99997 0.1 5.8 4.5 183.5 999.0 999.000 999.0 -0.064 0.004 0.2 0.0 0.0 30.0 30.0 0 0.0 0 0 0 0 0.0 24.2 15.5 0.065 77.0 0.005 0.0 0.0 0.0 -93.8 102.8 928.7
57.541 -0.00018 359.99997 0.1 5.7 0.4 183.2 999.0 999.000 999.0 -0.064 0.004 0.2 0.0 0.0 30.0 30.0 0 0.0 0 0 0 0 0.0 24.2 15.5 0.065 77.0 0.005 0.0 0.0 0.0 11.6 86.6 1033.0
57.930 -0.00018 359.99997 0.1 7.7 -1.1 183.0 999.0 999.000 999.0 0.141 -0.025 -0.1 0.0 0.0 30.0 30.0 0 0.0 5 0 0 0 0.0 24.2 15.5 0.065 77.0 0.005 0.0 0.0 0.0 27.6 144.9 976.0
58.540 -0.00018 359.99997 0.1 9.1 -4.0 180.9 999.0 999.000 999.0 0.141 -0.025 -0.1 0.0 0.0 30.0 30.0 0 0.0 0 0 0 0 0.0 24.2 15.5 0.065 77.0 0.005 0.0 0.0 0.0 68.9 158.9 999.2
58.930 -0.00018 359.99997 0.1 7.9 -3.0 180.0 999.0 999.000 999.0 0.021 -0.076 -0.1 0.0 0.0 30.0 30.0 0 0.0 0 0 0 0 0.0 24.2 15.5 0.065 77.0 0.005 0.0 0.0 0.0 62.0 125.5 1004.0
59.539 -0.00018 359.99997 0.1 7.3 -3.6 179.1 999.0 999.000 999.0 0.021 -0.076 -0.1 0.0 0.0 30.0 30.0 0 0.0 0 0 0 0 0.0 24.2 15.5 0.065 77.0 0.005 0.0 0.0 0.0 50.1 139.7 975.7
59.931 -0.00018 359.99997 0.1 7.5 -1.7 177.7 999.0 999.000 999.0 0.072 0.023 -0.0 0.0 0.0 30.0 30.0 0 0.0 0 0 0 0 0.0 24.2 15.5 0.065 77.0 0.005 0.0 0.0 0.0 31.0 122.6 1006.0
60.564 -0.00018 359.99997 0.1 8.5 -0.1 177.5 999.0 999.000 999.0 0.072 0.023 -0.0 0.0 0.0 30.0 30.0 0 0.0 0 0 0 0 0.0 24.2 15.5 0.065 77.0 0.005 0.0 0.0 0.0 -5.7 150.7 975.0
60.931 -0.00018 359.99997 0.1 8.0 1.5 177.1 999.0 999.000 999.0 0.100 -0.044 0.1 0.0 0.0 30.0 30.0 0 0.0 0 0 0 0 0.0 24.2 15.5 0.065 77.0 0.005 0.0 0.0 0.0 -29.7 137.8 982.5
61.541 -0.00018 359.99997 0.0 5.4 1.8 175.8 999.0 999.000 999.0 0.100 -0.044 0.1 0.0 0.0 30.0 30.0 0 0.0 0 0 0 0 0.0 24.2 15.5 0.065 77.0 0.005 0.0 0.0 0.0 -29.3 93.8 998.9
61.932 -0.00018 359.99997 0.1 8.1 -0.1 175.3 999.0 999.000 999.0 0.028 -0.031 -0.0 0.0 0.0 30.0 30.0 0 0.0 0 0 0 0 0.0 24.2 15.5 0.065 77.0 0.005 0.0 0.0 0.0 1.1 161.8 997.5
62.540 -0.00018 359.99997 0.1 8.4 0.4 174.0 999.0 999.000 999.0 0.028 -0.031 -0.0 0.0 0.0 30.0 30.0 0 0.0 0 0 0 0 0.0 24.2 15.5 0.065 77.0 0.005 0.0 0.0 0.0 -1.8 135.3 970.8
62.932 -0.00018 359.99997 0.1 5.9 0.1 172.7 999.0 999.000 999.0 -0.078 0.148 -0.0 0.0 0.0 30.0 30.0 0 0.0 0 0 0 0 0.0 24.2 15.5 0.065 77.0 0.005 0.0 0.0 0.0 1.4 109.1 1018.0
63.540 -0.00019 359.99997 0.1 6.3 1.1 171.3 999.0 999.000 999.0 -0.078 0.148 -0.0 0.0 0.0 30.0 30.0 0 0.0 0 0 0 0 0.0 24.2 15.5 0.065 77.0 0.005 0.0 0.0 0.0 -26.0 98.5 992.4
63.931 -0.00019 359.99997 0.0 9.0 2.0 171.0 999.0 999.000 999.0 0.163 0.087 0.0 0.0 0.0 30.0 30.0 0 0.0 0 0 0 0 0.0 24.2 15.5 0.065 77.0 0.005 0.0 0.0 0.0 -31.1 171.3 960.2
64.542 -0.00019 359.99997 0.1 6.1 1.2 169.5 999.0 999.000 999.0 0.163 0.087 0.0 0.0 0.0 30.0 30.0 0 0.0 0 0 0 0 0.0 24.2 15.5 0.065 77.0 0.005 0.0 0.0 0.0 -19.7 83.0 1005.0
64.931 -0.00019 359.99997 0.1 6.1 -0.8 168.1 999.0 999.000 999.0 0.100 -0.091 0.0 0.0 0.0 30.0 30.0 0 0.0 0 0 0 0 0.0 24.2 15.5 0.065 77.0 0.005 0.0 0.0 0.0 15.6 126.0 995.9
65.559 -0.00019 359.99997 0.1 8.1 0.0 167.5 999.0 999.000 999.0 0.100 -0.091 0.0 0.0 0.0 30.0 30.0 0 0.0 0 0 0 0 0.0 24.2 15.5 0.065 77.0 0.005 0.0 0.0 0.0 -2.0 123.7 990.9
65.932 -0.00019 359.99997 0.1 9.6 0.6 166.5 999.0 999.000 999.0 0.012 0.070 0.1 0.0 0.0 30.0 30.0 0 0.0 0 0 0 0 0.0 24.2 15.5 0.065 77.0 0.005 0.0 0.0 0.0 -7.8 183.0 978.5
66.540 -0.00019 359.99997 0.1 5.8 1.3 165.4 999.0 999.000 999.0 0.012 0.070 0.1 0.0 0.0 30.0 30.0 0 0.0 0 0 0 0 0.0 24.2 15.5 0.065 77.0 0.005 0.0 0.0 0.0 -27.6 63.9 986.8
66.930 -0.00019 359.99997 0.1 5.3 0.2 164.6 999.0 999.000 999.0 0.076 0.091 0.0 0.0 0.0 30.0 30.0 0 0.0 0 0 0 0 0.0 24.2 15.5 0.065 77.0 0.005 0.0 0.0 0.0 5.6 110.2 1012.0
67.541 -0.00019 359.99997 0.1 7.2 1.5 163.6 999.0 999.000 999.0 0.076 0.091 0.0 0.0 0.0 30.0 30.0 0 0.0 0 0 0 0 0.0 24.2 15.5 0.065 77.0 0.005 0.0 0.0 0.0 -29.4 131.2 973.1
67.931 -0.00019 359.99997 0.1 7.9 0.2 162.9 999.0 999.000 999.0 0.083 -0.019 -0.0 0.0 0.0 30.0 30.0 0 0.0 0 0 0 0 0.0 24.2 15.5 0.065 77.0 0.005 0.0 0.0 0.0 1.8 139.6 1003.0
68.540 -0.00019 359.99997 0.1 7.9 -0.1 162.6 999.0 999.000 999.0 0.083 -0.019 -0.0 0.0 0.0 30.0 30.0 0 0.0 0 0 0 0 0.0 24.2 15.5 0.065 77.0 0.005 0.0 0.0 0.0 -0.7 146.2 986.9
68.932 -0.00019 359.99997 0.1 5.5 0.0 161.4 999.0 999.000 999.0 0.053 -0.128 -0.0 0.0 0.0 30.0 30.0 0 0.0 0 0 0 0 0.0 24.2 15.5 0.065 77.0 0.005 0.0 0.0 0.0 2.0 68.4 1004.0
69.540 -0.00019 359.99997 0.1 6.6 1.8 160.5 999.0 999.000 999.0 0.053 -0.128 -0.0 0.0 0.0 30.0 30.0 0 0.0 5 0 0 0 0.0 24.2 15.5 0.065 77.0 0.005 0.0 0.0 0.0 -33.7 130.0 975.9
69.931 -0.00019 359.99997 0.1 8.0 -0.1 159.4 999.0 999.000 999.0 0.140 0.130 0.1 0.0 0.0 30.0 30.0 0 0.0 0 0 0 0 0.0 24.2 15.5 0.065 77.0 0.005 0.0 0.0 0.0 0.7 138.9 995.2
70.563 -0.00019 359.99997 0.1 6.6 0.6 158.1 999.0 999.000 999.0 0.140 0.130 0.1 0.0 0.0 30.0 30.0 0 0.0 0 0 0 0 0.0 24.2 15.5 0.065 77.0 0.005 0.0 0.0 0.0 4.3 101.1 1012.0
70.931 -0.00019 359.99997 0.1 7.7 -0.0 157.8 999.0 999.000 999.0 -0.144 0.091 -0.0 0.0 0.0 30.0 30.0 0 0.0 5 0 0 0 0.0 24.2 15.5 0.065 77.0 0.005 0.0 0.0 0.0 -15.7 140.0 967.0
71.541 -0.00019 359.99997 0.0 7.5 0.8 156.9 999.0 999.000 999.0 -0.144 0.091 -0.0 0.0 0.0 30.0 30.0 0 0.0 0 0 0 0 0.0 24.2 15.5 0.065 77.0 0.005 0.0 0.0 0.0 -3.9 132.0 995.4
71.932 -0.00020 359.99997 0.1 5.7 0.3 155.7 999.0 999.000 999.0 -0.040 0.030 -0.0 0.0 0.0 30.0 30.0 0 0.0 0 0 0 0 0.0 24.2 15.5 0.065 77.0 0.005 0.0 0.0 0.0 -2.0 92.7 1011.0
72.540 -0.00020 359.99997 0.1 8.1 -0.6 155.7 999.0 999.000 999.0 -0.040 0.030 -0.0 0.0 0.0 30.0 30.0 0 0.0 0 0 0 0 0.0 24.2 15.5 0.065 77.0 0.005 0.0 0.0 0.0 4.0 142.8 971.5
72.932 -0.00020 359.99997 0.1 7.1 0.5 154.2 999.0 999.000 999.0 0.004 -0.043 0.0 0.0 0.0 30.0 30.0 0 0.0 0 0 0 0 0.0 24.2 15.5 0.065 77.0 0.005 0.0 0.0 0.0 3.8 117.6 1017.0
73.540 -0.00020 359.99997 0.1 5.4 0.5 154.1 999.0 999.000 999.0 0.004 -0.043 0.0 0.0 0.0 30.0 30.0 0 0.0 0 0 0 0 0.0 24.2 15.5 0.065 77.0 0.005 0.0 0.0 0.0 -18.8 104.6 979.6
73.929 -0.00020 359.99997 0.0 7.2 1.0 152.3 999.0 999.000 999.0 -0.035 0.044 0.1 0.0 0.0 30.0 30.0 0 0.0 0 0 0 0 0.0 24.2 15.5 0.065 77.0 0.005 0.0 0.0 0.0 -19.2 131.8 974.4
74.542 -0.00020 359.99997 0.1 7.6 0.3 151.1 999.0 999.000 999.0 -0.035 0.044 0.1 0.0 0.0 30.0 30.0 0 0.0 5 0 0 0 0.0 24.2 15.5 0.065 77.0 0.005 0.0 0.0 0.0 -0.3 135.7 1025.0
74.931 -0.00020 359.99997 0.1 6.1 1.0 150.2 999.0 999.000 999.0 0.039 0.123 0.1 0.0 0.0 30.0 30.0 0 0.0 0 0 0 0 0.0 24.2 15.5 0.065 77.0 0.005 0.0 0.0 0.0 -23.6 92.5 964.8
75.563 -0.00020 359.99997 0.1 7.1 0.7 149.6 999.0 999.000 999.0 0.039 0.123 0.1 0.0 0.0 30.0 30.0 0 0.0 5 0 0 0 0.0 24.2 15.5 0.065 77.0 0.005 0.0 0.0 0.0 -1.4 125.2 1007.0
75.933 -0.00020 359.99997 0.1 6.4 0.3 148.8 999.0 999.000 999.0 -0.002 0.052 0.0 0.0 0.0 30.0 30.0 0 0.0 0 0 0 0 0.0 24.2 15.5 0.065 77.0 0.005 0.0 0.0 0.0 -13.8 100.0 987.1
76.541 -0.00020 359.99997 0.0 5.8 1.2 147.9 999.0 999.000 999.0 -0.002 0.052 0.0 0.0 0.0 30.0 30.0 0 0.0 0 0 0 0 0.0 24.2 15.5 0.065 77.0 0.005 0.0 0.0 0.0 -1.9 112.1 1006.0
76.930 -0.00020 359.99997 0.1 8.7 0.1 148.2 999.0 999.000 999.0 0.073 -0.081 0.0 0.0 0.0 30.0 30.0 0 0.0 5 0 0 0 0.0 24.2 15.5 0.065 77.0 0.005 0.0 0.0 0.0 -11.2 188.4 974.1
77.543 -0.00020 359.99997 0.1 6.1 0.8 146.4 999.0 999.000 999.0 0.073 -0.081 0.0 0.0 0.0 30.0 30.0 0 0.0 0 0 0 0 0.0 24.2 15.5 0.065 77.0 0.005 0.0 0.0 0.0 -7.6 61.6 998.6
77.932 -0.00020 359.99997 0.1 7.4 -0.8 146.3 999.0 999.000 999.0 0.045 0.202 -0.0 0.0 0.0 30.0 30.0 0 0.0 0 0 0 0 0.0 24.2 15.5 0.065 77.0 0.005 0.0 0.0 0.0 3.2 149.2 992.2
78.540 -0.00020 359.99997 0.1 7.1 1.4 145.3 999.0 999.000 999.0 0.045 0.202 -0.0 0.0 0.0 30.0 30.0 0 0.0 0 0 0 0 0.0 24.2 15.5 0.065 77.0 0.005 0.0 0.0 0.0 -15.4 128.9 985.4
78.934 -0.00020 359.99997 0.0 6.5 0.7 144.2 999.0 999.000 999.0 -0.018 0.034 0.0 0.0 0.0 30.0 30.0 0 0.0 0 0 0 0 0.0 24.2 15.5 0.065 77.0 0.005 0.0 0.0 0.0 -11.9 98.8 987.1
79.542 -0.00020 359.99997 0.0 7.6 0.8 143.6 999.0 999.000 999.0 -0.018 0.034 0.0 0.0 0.0 30.0 30.0 0 0.0 0 0 0 0 0.0 24.2 15.5 0.065 77.0 0.005 0.0 0.0 0.0 -20.8 104.2 1000.0
79.931 -0.00020 359.99997 0.1 7.6 1.2 142.6 999.0 999.000 999.0 0.003 -0.134 0.1 0.0 0.0 30.0 30.0 0 0.0 0 0 0 0 0.0 24.2 15.5 0.065 77.0 0.005 0.0 0.0 0.0 -19.9 159.4 975.4
80.571 -0.00020 359.99997 0.1 5.4 0.2 142.4 999.0 999.000 999.0 0.003 -0.134 0.1 0.0 0.0 30.0 30.0 0 0.0 0 0 0 0 0.0 24.2 15.5 0.065 77.0 0.005 0.0 0.0 0.0 -7.8 88.1 993.9
80.942 -0.00020 359.99997 0.1 7.0 0.5 142.6 999.0 999.000 999.0 0.070 -0.039 -0.0 0.0 0.0 30.0 30.0 0 0.0 0 0 0 0 0.0 24.2 15.5 0.065 77.0 0.005 0.0 0.0 0.0 -5.0 128.9 982.9
81.541 -0.00020 359.99997 0.1 8.2 0.3 141.2 999.0 999.000 999.0 0.070 -0.039 -0.0 0.0 0.0 30.0 30.0 0 0.0 0 0 0 0 0.0 24.2 15.5 0.065 77.0 0.005 0.0 0.0 0.0 -15.9 142.0 1004.0
81.933 -0.00020 359.99997 0.1 5.2 1.4 141.8 999.0 999.000 999.0 -0.070 -0.004 0.0 0.0 0.0 30.0 30.0 0 0.0 0 0 0 0 0.0 24.2 15.5 0.065 77.0 0.005 0.0 0.0 0.0 -22.6 112.5 993.5
82.542 -0.00020 359.99997 0.1 4.8 0.7 140.4 999.0 999.000 999.0 -0.070 -0.004 0.0 0.0 0.0 30.0 30.0 0 0.0 0 0 0 0 0.0 24.2 15.5 0.065 77.0 0.005 0.0 0.0 0.0 -5.9 72.3 998.7
82.932 -0.00020 359.99997 0.1 7.7 1.2 140.3 999.0 999.000 999.0 0.062 -0.057 0.0 0.0 0.0 30.0 30.0 0 0.0 5 0 0 0 0.0 24.2 15.5 0.065 77.0 0.005 0.0 0.0 0.0 -19.3 167.2 982.4
83.544 -0.00020 359.99997 0.0 6.2 0.6 139.1 999.0 999.000 999.0 0.062 -0.057 0.0 0.0 0.0 30.0 30.0 0 0.0 0 0 0 0 0.0 24.2 15.5 0.065 77.0 0.005 0.0 0.0 0.0 -29.8 86.9 990.9
83.933 -0.00020 359.99998 0.0 6.0 0.8 139.3 999.0 999.000 999.0 0.081 0.085 0.0 0.0 0.0 30.0 30.0 0 0.0 0 0 0 0 0.0 24.2 15.5 0.065 77.0 0.005 0.0 0.0 0.0 -5.8 105.9 989.1
84.542 -0.00020 359.99998 0.1 7.5 0.3 138.8 999.0 999.000 999.0 0.081 0.085 0.0 0.0 0.0 30.0 30.0 0 0.0 0 0 0 0 0.0 24.2 15.5 0.065 77.0 0.005 0.0 0.0 0.0 3.1 142.1 986.9
84.935 -0.00020 359.99998 0.1 7.5 -1.2 137.8 999.0 999.000 999.0 0.182 -0.041 0.1 0.0 0.0 30.0 30.0 0 0.0 0 0 0 0 0.0 24.2 15.5 0.065 77.0 0.005 0.0 0.0 0.0 9.2 119.6 1007.0
85.570 -0.00021 359.99998 0.0 6.9 0.7 138.0 999.0 999.000 999.0 0.182 -0.041 0.1 0.0 0.0 30.0 30.0 0 0.0 0 0 0 0 0.0 24.2 15.5 0.065 77.0 0.005 0.0 0.0 0.0 -10.2 125.6 975.3
85.943 -0.00021 359.99998 0.0 6.0 0.9 137.3 999.0 999.000 999.0 0.072 0.006 0.0 0.0 0.0 30.0 30.0 0 0.0 5 0 0 0 0.0 24.2 15.5 0.065 77.0 0.005 0.0 0.0 0.0 -10.2 107.7 989.4
86.543 -0.00021 359.99998 0.1 7.1 -0.4 136.9 999.0 999.000 999.0 0.072 0.006 0.0 0.0 0.0 30.0 30.0 0 0.0 0 0 0 0 0.0 24.2 15.5 0.065 77.0 0.005 0.0 0.0 0.0 0.0 139.2 1002.0
86.932 -0.00021 359.99998 0.1 6.1 0.1 136.1 999.0 999.000 999.0 -0.023 0.048 -0.0 0.0 0.0 30.0 30.0 0 0.0 0 0 0 0 0.0 24.2 15.5 0.065 77.0 0.005 0.0 0.0 0.0 1.4 92.7 991.4
87.543 -0.00021 359.99998 0.1 6.3 -0.2 136.1 999.0 999.000 999.0 -0.023 0.048 -0.0 0.0 0.0 30.0 30.0 0 0.0 0 0 0 0 0.0 24.2 15.5 0.065 77.0 0.005 0.0 0.0 0.0 -1.4 113.3 992.3
87.933 -0.00021 359.99998 0.1 5.6 0.9 135.2 999.0 999.000 999.0 0.043 0.009 0.1 0.0 0.0 30.0 30.0 0 0.0 0 0 0 0 0.0 24.2 15.5 0.065 77.0 0.005 0.0 0.0 0.0 -4.0 104.4 1014.0
88.541 -0.00021 359.99998 0.0 7.1 0.5 134.5 999.0 999.000 999.0 0.043 0.009 0.1 0.0 0.0 30.0 30.0 0 0.0 0 0 0 0 0.0 24.2 15.5 0.065 77.0 0.005 0.0 0.0 0.0 -27.8 126.9 956.2
88.935 -0.00021 359.99998 0.0 8.2 0.8 134.2 999.0 999.000 999.0 -0.050 0.011 0.0 0.0 0.0 30.0 30.0 0 0.0 0 0 0 0 