7.730 0.00000 0.00000 0.0 5.5 -0.1 275.1 999.0 999.000 999.0 nan nan nan 0.0 0.0 0.0 0.0 0 0.0 0 0 0 0 0.0 0.0 0.0 0.000 0.0 0.000 0.0 0.0 0.0 -3.3 134.2 1008.0
8.229 0.00000 0.00000 0.0 3.2 0.5 274.0 999.0 999.000 999.0 nan nan nan 0.0 0.0 0.0 0.0 0 0.0 0 0 0 0 0.0 24.4 15.6 0.065 77.0 0.005 0.0 0.0 0.0 -16.4 46.8 969.7
8.727 0.00000 0.00000 0.0 4.8 -0.7 273.9 999.0 999.000 999.0 nan nan nan 0.0 0.0 0.0 0.0 0 0.0 0 0 0 0 0.0 24.4 15.6 0.065 77.0 0.005 0.0 0.0 0.0 10.5 74.7 1009.0
9.230 0.00000 0.00000 0.0 1.9 0.3 273.5 999.0 999.000 999.0 nan nan nan 0.0 0.0 0.0 0.0 0 0.0 0 0 0 0 0.0 24.4 15.6 0.065 77.0 0.005 0.0 0.0 0.0 -11.4 32.7 1004.0
9.629 0.00000 360.00000 0.0 0.8 0.7 273.0 999.0 999.000 999.0 0.062 -0.010 0.1 0.0 0.0 0.0 0.0 0 0.0 0 0 0 0 0.0 24.4 15.6 0.065 77.0 0.005 0.0 0.0 0.0 4.9 31.9 990.4
10.228 0.00000 360.00000 0.0 0.2 -0.5 272.6 999.0 999.000 999.0 0.062 -0.010 0.1 0.0 0.0 0.0 0.0 0 0.0 0 0 0 0 0.0 24.4 15.6 0.065 77.0 0.005 0.0 0.0 0.0 -0.4 -5.1 1006.0
10.630 0.00000 360.00000 0.0 -1.4 -0.2 271.3 999.0 999.000 999.0 0.149 -0.137 -0.0 0.0 0.0 0.0 0.0 0 0.0 0 0 0 0 0.0 24.4 15.6 0.065 77.0 0.005 0.0 0.0 0.0 -2.2 -6.4 990.5
11.229 0.00000 360.00000 0.0 1.4 0.9 270.7 999.0 999.000 999.0 0.149 -0.137 -0.0 0.0 0.0 0.0 0.0 0 0.0 0 0 0 0 0.0 24.4 15.6 0.065 77.0 0.005 0.0 0.0 0.0 4.7 29.1 1000.0
11.658 0.00000 360.00000 0.0 2.9 -0.9 269.0 999.0 999.000 999.0 0.014 0.172 0.0 0.0 0.0 0.0 0.0 0 0.0 0 0 0 0 0.0 24.4 15.6 0.065 77.0 0.005 0.0 0.0 0.0 -1.3 36.3 994.3
12.231 0.00000 360.00000 0.1 7.8 -0.0 268.0 999.0 999.000 999.0 0.014 0.172 0.0 0.0 0.0 0.0 0.0 0 0.0 0 0 0 0 0.0 24.4 15.6 0.065 77.0 0.005 0.0 0.0 0.0 10.4 136.3 975.3
12.629 0.00000 360.00000 0.0 8.6 -1.7 266.0 999.0 999.000 999.0 0.070 0.007 0.0 0.0 0.0 0.0 0.0 0 0.0 0 0 0 0 0.0 24.4 15.6 0.065 77.0 0.005 0.0 0.0 0.0 24.9 155.0 993.4
13.229 -0.00000 360.00000 0.1 11.3 -1.0 265.7 999.0 999.000 999.0 0.070 0.007 0.0 0.0 0.0 0.0 0.0 0 0.0 0 0 0 0 0.0 24.4 15.6 0.065 77.0 0.005 0.0 0.0 0.0 18.9 171.0 1011.0
13.631 -0.00000 359.99999 0.0 4.4 -2.0 262.5 999.0 999.000 999.0 0.057 0.142 0.0 0.0 0.0 0.0 0.0 0 0.0 0 0 0 0 0.0 24.4 15.6 0.065 77.0 0.005 0.0 0.0 0.0 35.8 78.6 977.2
14.229 -0.00000 359.99999 0.0 4.8 -1.8 260.6 999.0 999.000 999.0 0.057 0.142 0.0 0.0 0.0 0.0 0.0 0 0.0 0 0 0 0 0.0 24.4 15.6 0.065 77.0 0.005 0.0 0.0 0.0 -13.1 -93.9 1010.0
14.629 -0.00000 359.99999 0.0 -1.7 0.2 258.6 999.0 999.000 999.0 0.043 0.151 -0.0 0.0 0.0 0.0 0.0 0 0.0 0 0 0 0 0.0 24.4 15.6 0.065 77.0 0.005 0.0 0.0 0.0 -50.8 -88.2 980.2
15.231 -0.00000 359.99999 0.0 -10.5 0.7 259.4 999.0 999.000 999.0 0.043 0.151 -0.0 0.0 0.0 0.0 0.0 0 0.0 0 0 0 0 0.0 24.4 15.6 0.065 77.0 0.005 0.0 0.0 0.0 5.8 -184.0 954.4
15.629 -0.00000 359.99999 0.0 -14.0 -0.3 261.1 999.0 999.000 999.0 -0.116 -0.134 -0.0 0.0 0.0 0.0 0.0 0 0.0 0 0 0 0 0.0 24.4 15.6 0.065 77.0 0.005 0.0 0.0 0.0 10.4 -244.0 1000.0
16.230 -0.00000 359.99999 0.0 -12.4 1.0 264.6 999.0 999.000 999.0 -0.116 -0.134 -0.0 0.0 0.0 0.0 0.0 0 0.0 0 0 0 0 0.0 24.4 15.6 0.065 77.0 0.005 0.0 0.0 0.0 -30.8 -208.0 970.4
16.653 -0.00000 359.99999 0.0 -12.3 1.7 267.8 999.0 999.000 999.0 -0.143 -0.257 -0.0 0.0 0.0 0.0 0.0 0 0.0 0 0 0 0 0.0 24.4 15.6 0.065 77.0 0.005 0.0 0.0 0.0 -28.9 -174.0 959.4
17.240 -0.00000 359.99999 0.1 -2.4 1.9 272.3 999.0 999.000 999.0 -0.143 -0.257 -0.0 0.0 0.0 0.0 0.0 0 0.0 0 0 0 0 0.0 24.4 15.6 0.065 77.0 0.005 0.0 0.0 0.0 -11.0 10.9 1021.0
17.630 -0.00000 359.99999 0.1 10.6 -0.3 274.7 999.0 999.000 999.0 -0.029 0.052 0.0 0.0 0.0 0.0 0.0 0 0.0 0 0 0 0 0.0 24.4 15.6 0.065 77.0 0.005 0.0 0.0 0.0 -3.1 176.6 997.1
18.240 -0.00000 359.99999 0.0 3.6 1.3 277.0 999.0 999.000 999.0 -0.029 0.052 0.0 0.0 0.0 0.0 0.0 0 0.0 5 0 0 0 0.0 24.4 15.6 0.065 77.0 0.005 0.0 0.0 0.0 -19.9 11.3 981.8
18.630 -0.00000 359.99999 0.0 5.0 2.1 279.4 999.0 999.000 999.0 -0.035 -0.181 0.0 0.0 0.0 0.0 0.0 0 0.0 5 0 0 0 0.0 24.4 15.6 0.065 77.0 0.005 0.0 0.0 0.0 -72.9 100.6 980.4
19.240 -0.00000 359.99999 0.0 2.2 -0.2 280.0 999.0 999.000 999.0 -0.035 -0.181 0.0 0.0 0.0 0.0 0.0 0 0.0 5 0 0 0 0.0 24.4 15.6 0.065 77.0 0.005 0.0 0.0 0.0 5.1 51.5 1020.0
19.630 -0.00000 359.99999 0.1 6.5 2.3 278.6 999.0 999.000 999.0 -0.034 -0.041 -0.0 0.0 0.0 0.0 0.0 0 0.0 0 0 0 0 0.0 24.4 15.6 0.065 77.0 0.005 0.0 0.0 0.0 0.4 101.2 1005.0
20.239 -0.00000 359.99999 0.0 4.1 1.0 277.2 999.0 999.000 999.0 -0.034 -0.041 -0.0 0.0 0.0 0.0 0.0 0 0.0 0 0 0 0 0.0 24.4 15.6 0.065 77.0 0.005 0.0 0.0 0.0 -43.8 89.2 988.7
20.631 -0.00000 359.99999 0.0 1.4 0.9 275.3 999.0 999.000 999.0 -0.038 0.070 -0.0 0.0 0.0 0.0 0.0 0 0.0 0 0 0 0 0.0 24.4 15.6 0.065 77.0 0.005 0.0 0.0 0.0 -2.1 -16.6 1013.0
21.240 -0.00000 359.99998 0.1 2.7 1.8 273.0 999.0 999.000 999.0 -0.038 0.070 -0.0 0.0 0.0 0.0 0.0 0 0.0 0 0 0 0 0.0 24.4 15.6 0.065 77.0 0.005 0.0 0.0 0.0 -18.4 48.0 1020.0
21.655 -0.00000 359.99998 0.0 -0.7 1.1 271.9 999.0 999.000 999.0 -0.066 -0.079 -0.0 0.0 0.0 0.0 0.0 0 0.0 0 0 0 0 0.0 24.4 15.6 0.065 77.0 0.005 0.0 0.0 0.0 -31.8 -4.3 1002.0
22.241 -0.00000 359.99998 0.0 2.1 1.4 270.9 999.0 999.000 999.0 -0.066 -0.079 -0.0 0.0 0.0 0.0 0.0 0 0.0 0 0 0 0 0.0 24.4 15.6 0.065 77.0 0.005 0.0 0.0 0.0 -27.3 59.4 992.5
22.631 -0.00000 359.99998 0.0 2.1 0.3 269.1 999.0 999.000 999.0 0.003 -0.005 0.0 0.0 0.0 0.0 0.0 0 0.0 0 0 0 0 0.0 24.4 15.6 0.065 77.0 0.005 0.0 0.0 0.0 -13.7 14.2 983.5
23.239 -0.00000 359.99998 0.0 2.9 0.8 267.8 999.0 999.000 999.0 0.003 -0.005 0.0 0.0 0.0 0.0 0.0 0 0.0 0 0 0 0 0.0 24.4 15.6 0.065 77.0 0.005 0.0 0.0 0.0 -1.3 54.1 1013.0
23.632 -0.00000 359.99998 0.0 -0.8 -0.1 266.3 999.0 999.000 999.0 -0.006 0.063 0.0 0.0 0.0 0.0 0.0 0 0.0 5 0 0 0 0.0 24.4 15.6 0.065 77.0 0.005 0.0 0.0 0.0 -9.0 -46.0 1006.0
24.241 -0.00000 359.99998 0.0 0.4 -0.1 266.0 999.0 999.000 999.0 -0.006 0.063 0.0 0.0 0.0 0.0 0.0 0 0.0 0 0 0 0 0.0 24.4 15.6 0.065 77.0 0.005 0.0 0.0 0.0 4.1 -5.6 999.0
24.631 -0.00000 359.99998 0.0 2.1 1.7 265.7 999.0 999.000 999.0 0.033 -0.073 0.0 0.0 0.0 0.0 0.0 0 0.0 0 0 0 0 0.0 24.4 15.6 0.065 77.0 0.005 0.0 0.0 0.0 -25.1 56.9 982.0
25.242 -0.00000 359.99998 0.0 -0.5 0.0 266.0 999.0 999.000 999.0 0.033 -0.073 0.0 0.0 0.0 0.0 0.0 0 0.0 0 0 0 0 0.0 24.4 15.6 0.065 77.0 0.005 0.0 0.0 0.0 -5.9 -10.7 1010.0
25.641 -0.00000 359.99998 0.0 3.5 0.7 266.4 999.0 999.000 999.0 -0.080 -0.125 -0.0 0.0 0.0 0.0 0.0 0 0.0 0 0 0 0 0.0 24.4 15.6 0.065 77.0 0.005 0.0 0.0 0.0 -9.3 62.6 1010.0
26.239 -0.00000 359.99998 0.0 3.5 2.2 266.4 999.0 999.000 999.0 -0.080 -0.125 -0.0 0.0 0.0 0.0 0.0 0 0.0 0 0 0 0 0.0 24.4 15.6 0.065 77.0 0.005 0.0 0.0 0.0 -35.9 66.7 991.1
26.651 -0.00000 359.99998 0.0 0.2 0.3 267.9 999.0 999.000 999.0 0.004 -0.148 0.0 0.0 0.0 0.0 0.0 0 0.0 0 0 0 0 0.0 24.4 15.6 0.065 77.0 0.005 0.0 0.0 0.0 -19.2 22.5 994.4
27.240 -0.00000 359.99998 0.0 6.1 1.5 268.5 999.0 999.000 999.0 0.004 -0.148 0.0 0.0 0.0 0.0 0.0 0 0.0 0 0 0 0 0.0 24.4 15.6 0.065 77.0 0.005 0.0 0.0 0.0 -1.4 126.7 1016.0
27.631 -0.00000 359.99998 0.0 3.9 1.4 268.9 999.0 999.000 999.0 0.038 -0.021 0.0 0.0 0.0 0.0 0.0 0 0.0 0 0 0 0 0.0 24.4 15.6 0.065 77.0 0.005 0.0 0.0 0.0 -31.8 36.1 993.0
28.241 -0.00000 359.99998 0.0 3.9 0.7 270.1 999.0 999.000 999.0 0.038 -0.021 0.0 0.0 0.0 0.0 0.0 0 0.0 5 0 0 0 0.0 24.4 15.6 0.065 77.0 0.005 0.0 0.0 0.0 -4.1 57.6 1010.0
28.631 -0.00000 359.99998 0.1 4.2 1.1 270.0 999.0 999.000 999.0 -0.070 -0.195 -0.1 0.0 0.0 0.0 0.0 0 0.0 0 0 0 0 0.0 24.4 15.6 0.065 77.0 0.005 0.0 0.0 0.0 -18.5 82.0 996.4
29.241 -0.00000 359.99998 0.0 4.2 1.2 270.0 999.0 999.000 999.0 -0.070 -0.195 -0.1 0.0 0.0 0.0 0.0 0 0.0 5 0 0 0 0.0 24.4 15.6 0.065 77.0 0.005 0.0 0.0 0.0 -37.7 87.6 995.4
29.632 -0.00000 359.99998 0.1 5.7 2.2 270.7 999.0 999.000 999.0 0.083 -0.196 0.0 0.0 0.0 0.0 0.0 0 0.0 5 0 0 0 0.0 24.4 15.6 0.065 77.0 0.005 0.0 0.0 0.0 -23.7 101.1 992.7
30.241 -0.00000 359.99998 0.0 4.3 1.3 269.7 999.0 999.000 999.0 0.083 -0.196 0.0 0.0 0.0 0.0 0.0 0 0.0 0 0 0 0 0.0 24.4 15.6 0.065 77.0 0.005 0.0 0.0 0.0 -24.1 90.8 996.2
30.631 -0.00000 359.99997 0.0 5.4 2.5 268.8 999.0 999.000 999.0 0.064 0.020 0.0 0.0 0.0 0.0 0.0 0 0.0 0 0 0 0 0.0 24.4 15.6 0.065 77.0 0.005 0.0 0.0 0.0 -40.2 81.5 993.8
31.242 -0.00000 359.99997 0.0 3.8 1.4 268.8 999.0 999.000 999.0 0.064 0.020 0.0 0.0 0.0 0.0 0.0 0 0.0 0 0 0 0 0.0 24.4 15.6 0.065 77.0 0.005 0.0 0.0 0.0 -37.0 68.5 1000.0
31.649 -0.00000 359.99997 0.0 2.5 1.9 267.3 999.0 999.000 999.0 -0.005 0.028 -0.0 0.0 0.0 0.0 0.0 0 0.0 0 0 0 0 0.0 24.4 15.6 0.065 77.0 0.005 0.0 0.0 0.0 -32.5 43.4 979.9
32.242 -0.00000 359.99997 0.1 4.3 2.0 266.8 999.0 999.000 999.0 -0.005 0.028 -0.0 0.0 0.0 0.0 0.0 0 0.0 0 0 0 0 0.0 24.4 15.6 0.065 77.0 0.005 0.0 0.0 0.0 -34.5 49.8 1011.0
32.633 -0.00000 359.99997 0.0 -2.2 0.4 265.8 999.0 999.000 999.0 -0.145 0.065 0.0 0.0 0.0 0.0 0.0 0 0.0 0 0 0 0 0.0 24.4 15.6 0.065 77.0 0.005 0.0 0.0 0.0 -20.7 -29.1 997.3
33.241 -0.00000 359.99997 0.0 4.1 3.3 264.8 999.0 999.000 999.0 -0.145 0.065 0.0 0.0 0.0 0.0 0.0 0 0.0 0 0 0 0 0.0 24.4 15.6 0.065 77.0 0.005 0.0 0.0 0.0 -37.6 61.6 983.3
33.633 -0.00000 359.99997 0.0 -5.7 -0.9 264.9 999.0 999.000 999.0 0.025 -0.060 0.0 0.0 0.0 0.0 0.0 0 0.0 0 0 0 0 0.0 24.4 15.6 0.065 77.0 0.005 0.0 0.0 0.0 -11.9 -134.0 999.6
34.242 -0.00000 359.99997 0.0 -2.4 2.1 263.3 999.0 999.000 999.0 0.025 -0.060 0.0 0.0 0.0 0.0 0.0 0 0.0 0 0 0 0 0.0 24.4 15.6 0.065 77.0 0.005 0.0 0.0 0.0 -10.4 22.7 1009.0
34.630 -0.00000 359.99997 0.0 -3.1 0.7 264.2 999.0 999.000 999.0 -0.098 -0.056 0.0 0.0 0.0 0.0 0.0 0 0.0 0 0 0 0 0.0 24.4 15.6 0.065 77.0 0.005 0.0 0.0 0.0 -13.4 -74.3 1003.0
35.243 -0.00000 359.99997 0.0 -8.0 -0.6 263.0 999.0 999.000 999.0 -0.098 -0.056 0.0 0.0 0.0 0.0 0.0 0 0.0 0 0 0 0 0.0 24.4 15.6 0.065 77.0 0.005 0.0 0.0 0.0 -12.7 -160.0 962.6
35.632 -0.00000 359.99997 0.1 -0.6 3.2 264.3 999.0 999.000 999.0 0.110 -0.048 0.0 0.0 0.0 0.0 0.0 0 0.0 0 0 0 0 0.0 24.4 15.6 0.065 77.0 0.005 0.0 0.0 0.0 -27.7 -10.1 1001.0
36.240 -0.00000 359.99997 0.0 -6.2 -0.5 264.7 999.0 999.000 999.0 0.110 -0.048 0.0 0.0 0.0 0.0 0.0 0 0.0 0 0 0 0 0.0 24.4 15.6 0.065 77.0 0.005 0.0 0.0 0.0 -31.9 -134.0 985.4
36.649 -0.00000 359.99997 0.0 -1.1 2.3 265.0 999.0 999.000 999.0 -0.028 -0.039 0.0 0.0 0.0 0.0 0.0 0 0.0 0 0 0 0 0.0 24.4 15.6 0.065 77.0 0.005 0.0 0.0 0.0 -10.7 -7.2 970.5
37.243 -0.00000 359.99997 0.0 -5.1 -1.6 265.8 999.0 999.000 999.0 -0.028 -0.039 0.0 0.0 0.0 0.0 0.0 0 0.0 0 0 0 0 0.0 24.4 15.6 0.065 77.0 0.005 0.0 0.0 0.0 8.2 -102.0 1027.0
37.632 -0.00000 359.99997 0.1 1.1 -1.8 266.1 999.0 999.000 999.0 0.110 -0.174 -0.1 0.0 0.0 0.0 0.0 0 0.0 0 0 0 0 0.0 24.4 15.6 0.065 77.0 0.005 0.0 0.0 0.0 -12.9 19.5 975.9
38.244 -0.00000 359.99997 0.0 4.4 1.2 266.2 999.0 999.000 999.0 0.110 -0.174 -0.1 0.0 0.0 0.0 0.0 0 0.0 0 0 0 0 0.0 24.4 15.6 0.065 77.0 0.005 0.0 0.0 0.0 -5.8 67.2 966.3
38.633 -0.00000 359.99997 0.0 2.3 -1.5 266.1 999.0 999.000 999.0 0.109 -0.158 0.0 0.0 0.0 0.0 0.0 0 0.0 5 0 0 0 0.0 24.4 15.6 0.065 77.0 0.005 0.0 0.0 0.0 5.9 55.0 1025.0
39.241 -0.00000 359.99997 0.1 8.8 0.9 266.4 999.0 999.000 999.0 0.109 -0.158 0.0 0.0 0.0 0.0 0.0 0 0.0 0 0 0 0 0.0 24.4 15.6 0.065 77.0 0.005 0.0 0.0 0.0 -6.4 145.1 982.7
39.635 -0.00000 359.99997 0.0 3.6 -0.5 265.3 999.0 999.000 999.0 -0.015 -0.081 0.0 0.0 0.0 0.0 0.0 0 0.0 0 0 0 0 0.0 24.4 15.6 0.065 77.0 0.005 0.0 0.0 0.0 16.0 54.9 1013.0
40.243 -0.00000 359.99997 0.0 2.0 -1.2 264.1 999.0 999.000 999.0 -0.015 -0.081 0.0 0.0 0.0 0.0 0.0 0 0.0 0 0 0 0 0.0 24.4 15.6 0.065 77.0 0.005 0.0 0.0 0.0 -15.4 28.9 983.5
40.632 -0.00000 359.99996 0.0 1.9 0.5 263.3 999.0 999.000 999.0 0.016 -0.064 0.0 0.0 0.0 0.0 0.0 0 0.0 0 0 0 0 0.0 24.4 15.6 0.065 77.0 0.005 0.0 0.0 0.0 11.2 15.9 979.2
41.244 -0.00000 359.99996 0.0 -1.2 -1.8 262.8 999.0 999.000 999.0 0.016 -0.064 0.0 0.0 0.0 0.0 0.0 0 0.0 0 0 0 0 0.0 24.4 15.6 0.065 77.0 0.005 0.0 0.0 0.0 24.1 -24.0 1047.0
41.649 -0.00000 359.99996 0.1 3.0 1.3 263.4 999.0 999.000 999.0 0.130 -0.063 0.0 0.0 0.0 0.0 0.0 0 0.0 0 0 0 0 0.0 24.4 15.6 0.065 77.0 0.005 0.0 0.0 0.0 -23.0 32.0 993.6
42.242 -0.00000 359.99996 0.1 -2.1 -2.1 263.7 999.0 999.000 999.0 0.130 -0.063 0.0 0.0 0.0 0.0 0.0 0 0.0 0 0 0 0 0.0 24.4 15.6 0.065 77.0 0.005 0.0 0.0 0.0 -14.5 -34.6 994.1
42.634 -0.00000 359.99996 0.1 0.9 -2.1 263.8 999.0 999.000 999.0 -0.156 -0.028 0.0 0.0 0.0 0.0 0.0 0 0.0 5 0 0 0 0.0 24.4 15.6 0.065 77.0 0.005 0.0 0.0 0.0 18.2 41.0 1031.0
43.242 -0.00000 359.99996 0.0 4.9 1.7 265.2 999.0 999.000 999.0 -0.156 -0.028 0.0 0.0 0.0 0.0 0.0 0 0.0 0 0 0 0 0.0 24.4 15.6 0.065 77.0 0.005 0.0 0.0 0.0 14.7 62.9 982.5
43.633 -0.00000 359.99996 0.0 6.5 -0.9 266.0 999.0 999.000 999.0 -0.382 -0.043 0.0 0.0 0.0 0.0 0.0 0 0.0 0 0 0 0 0.0 24.4 15.6 0.065 77.0 0.005 0.0 0.0 0.0 7.1 111.7 1008.0
44.242 -0.00000 359.99996 0.1 8.8 -1.2 266.7 999.0 999.000 999.0 -0.382 -0.043 0.0 0.0 0.0 0.0 0.0 0 0.0 5 0 0 0 0.0 24.4 15.6 0.065 77.0 0.005 0.0 0.0 0.0 17.3 154.5 996.3
44.632 -0.00000 359.99996 0.1 8.3 -1.7 265.4 999.0 999.000 999.0 -0.228 -0.188 -0.0 0.0 0.0 0.0 0.0 0 0.0 0 0 0 0 0.0 24.4 15.6 0.065 77.0 0.005 0.0 0.0 0.0 49.0 155.9 989.3
45.243 -0.00000 359.99996 0.1 12.2 -2.2 263.4 999.0 999.000 999.0 -0.228 -0.188 -0.0 0.0 0.0 0.0 0.0 0 0.0 0 0 0 0 0.0 24.4 15.6 0.065 77.0 0.005 0.0 0.0 0.0 -0.9 192.4 1002.0
45.633 -0.00000 359.99995 0.0 10.2 0.4 259.9 999.0 999.000 999.0 -0.301 -0.052 0.1 0.0 0.0 0.0 0.0 0 0.0 5 0 0 0 0.0 24.4 15.6 0.065 77.0 0.005 0.0 0.0 0.0 1.6 178.8 957.3
46.242 -0.00000 359.99995 0.0 14.2 0.2 257.9 999.0 999.000 999.0 -0.301 -0.052 0.1 0.0 0.0 0.0 0.0 0 0.0 0 0 0 0 0.0 24.4 15.6 0.065 77.0 0.005 0.0 0.0 0.0 14.3 267.2 954.0
46.655 -0.00000 359.99995 0.1 13.1 -1.4 253.3 999.0 999.000 999.0 -0.237 -0.060 -0.0 0.0 0.0 0.0 0.0 0 0.0 0 0 0 0 0.0 24.4 15.6 0.065 77.0 0.005 0.0 0.0 0.0 -14.5 214.3 977.1
47.242 -0.00000 359.99995 0.1 11.9 0.7 248.2 999.0 999.000 999.0 -0.237 -0.060 -0.0 0.0 0.0 0.0 0.0 0 0.0 0 0 0 0 0.0 24.4 15.6 0.065 77.0 0.005 0.0 0.0 0.0 9.8 208.4 970.6
47.631 -0.00000 359.99995 0.0 17.2 0.1 243.8 999.0 999.000 999.0 -0.348 -0.011 0.1 0.0 0.0 0.0 0.0 0 0.0 0 0 0 0 0.0 24.4 15.6 0.065 77.0 0.005 0.0 0.0 0.0 7.5 283.0 963.1
48.244 -0.00000 359.99995 0.1 15.4 -0.2 238.4 999.0 999.000 999.0 -0.348 -0.011 0.1 0.0 0.0 0.0 0.0 0 0.0 0 0 0 0 0.0 24.4 15.6 0.065 77.0 0.005 0.0 0.0 0.0 -22.1 269.9 941.2
48.633 -0.00001 359.99995 0.0 19.8 0.2 234.5 999.0 999.000 999.0 -0.227 -0.313 0.0 0.0 0.0 0.0 0.0 0 0.0 5 0 0 0 0.0 24.4 15.6 0.065 77.0 0.005 0.0 0.0 0.0 7.3 356.7 924.5
49.242 -0.00001 359.99995 0.0 20.5 -0.8 228.8 999.0 999.000 999.0 -0.227 -0.313 0.0 0.0 0.0 0.0 0.0 0 0.0 0 0 0 0 0.0 24.4 15.6 0.065 77.0 0.005 0.0 0.0 0.0 -1.1 342.9 952.8
49.635 -0.00001 359.99994 0.0 18.8 0.8 223.5 999.0 999.000 999.0 -0.118 0.017 -0.0 0.0 0.0 0.0 0.0 0 0.0 0 0 0 0 0.0 24.4 15.6 0.065 77.0 0.005 0.0 0.0 0.0 -4.3 293.5 959.8
50.243 -0.00001 359.99994 0.0 15.0 0.4 218.4 999.0 999.000 999.0 -0.118 0.017 -0.0 0.0 0.0 0.0 0.0 0 0.0 0 0 0 0 0.0 24.4 15.6 0.065 77.0 0.005 0.0 0.0 0.0 0.3 221.1 962.6
50.632 -0.00001 359.99994 0.0 10.1 -0.9 214.1 999.0 999.000 999.0 -0.019 -0.147 0.1 0.0 0.0 0.0 0.0 0 0.0 0 0 0 0 0.0 24.4 15.6 0.065 77.0 0.005 0.0 0.0 0.0 -3.6 212.1 995.3
51.245 -0.00001 359.99994 0.0 13.5 1.3 209.7 999.0 999.000 999.0 -0.019 -0.147 0.1 0.0 0.0 0.0 0.0 0 0.0 0 0 0 0 0.0 24.4 15.6 0.065 77.0 0.005 0.0 0.0 0.0 -10.8 215.4 977.8
51.654 -0.00001 359.99994 0.0 9.4 0.2 207.3 999.0 999.000 999.0 -0.081 -0.005 0.1 0.0 0.0 0.0 0.0 0 0.0 5 0 0 0 0.0 24.4 15.6 0.065 77.0 0.005 0.0 0.0 0.0 -18.0 162.3 957.0
52.243 -0.00001 359.99994 0.0 6.7 -1.1 204.1 999.0 999.000 999.0 -0.081 -0.005 0.1 0.0 0.0 0.0 0.0 0 0.0 0 0 0 0 0.0 24.4 15.6 0.065 77.0 0.005 0.0 0.0 0.0 3.5 111.7 1015.0
52.636 -0.00001 359.99994 0.0 8.5 0.6 202.2 999.0 999.000 999.0 -0.089 -0.236 0.0 0.0 0.0 0.0 0.0 0 0.0 0 0 0 0 0.0 24.4 15.6 0.065 77.0 0.005 0.0 0.0 0.0 16.8 127.0 988.0
53.244 -0.00001 359.99994 0.0 6.0 -0.7 200.0 999.0 999.000 999.0 -0.089 -0.236 0.0 0.0 0.0 0.0 0.0 0 0.0 0 0 0 0 0.0 24.4 15.6 0.065 77.0 0.005 0.0 0.0 0.0 -15.3 93.1 977.8
53.633 -0.00001 359.99994 0.0 3.8 -0.8 198.0 999.0 999.000 999.0 -0.107 -0.254 0.0 0.0 0.0 0.0 0.0 0 0.0 0 0 0 0 0.0 24.4 15.6 0.065 77.0 0.005 0.0 0.0 0.0 31.5 49.7 1020.0
54.245 -0.00001 359.99994 0.1 1.9 -1.2 196.8 999.0 999.000 999.0 -0.107 -0.254 0.0 0.0 0.0 0.0 0.0 0 0.0 0 0 0 0 0.0 24.4 15.6 0.065 77.0 0.005 0.0 0.0 0.0 14.6 31.1 977.7
54.634 -0.00002 359.99994 0.0 0.6 -1.5 195.1 999.0 999.000 999.0 -0.056 -0.206 -0.0 0.0 0.0 0.0 0.0 0 0.0 0 0 0 0 0.0 24.4 15.6 0.065 77.0 0.005 0.0 0.0 0.0 -6.7 26.5 997.9
55.244 -0.00002 359.99994 0.0 1.8 0.9 193.0 999.0 999.000 999.0 -0.056 -0.206 -0.0 0.0 0.0 0.0 0.0 0 0.0 5 0 0 0 0.0 24.4 15.6 0.065 77.0 0.005 0.0 0.0 0.0 27.8 24.4 1028.0
55.635 -0.00002 359.99994 0.0 0.4 0.2 191.9 999.0 999.000 999.0 -0.102 -0.176 0.1 0.0 0.0 0.0 0.0 0 0.0 0 0 0 0 0.0 24.4 15.6 0.065 77.0 0.005 0.0 0.0 0.0 -27.4 -7.2 978.4
56.243 -0.00002 359.99994 0.0 -1.5 -1.2 190.6 999.0 999.000 999.0 -0.102 -0.176 0.1 0.0 0.0 0.0 0.0 0 0.0 0 0 0 0 0.0 24.4 15.6 0.065 77.0 0.005 0.0 0.0 0.0 30.0 -21.3 1024.0
56.655 -0.00002 359.99994 0.0 -0.1 0.8 187.8 999.0 999.000 999.0 -0.161 -0.093 -0.1 0.0 0.0 0.0 0.0 0 0.0 5 0 0 0 0.0 24.4 15.6 0.065 77.0 0.005 0.0 0.0 0.0 -8.4 -13.6 1002.0
57.244 -0.00002 359.99994 0.0 0.3 1.4 187.1 999.0 999.000 999.0 -0.161 -0.093 -0.1 0.0 0.0 0.0 0.0 0 0.0 0 0 0 0 0.0 24.4 15.6 0.065 77.0 0.005 0.0 0.0 0.0 -32.7 -4.6 980.2
57.634 -0.00002 359.99994 0.0 -1.8 -0.6 185.8 999.0 999.000 999.0 -0.108 -0.157 -0.0 0.0 0.0 0.0 0.0 0 0.0 0 0 0 0 0.0 24.4 15.6 0.065 77.0 0.005 0.0 0.0 0.0 20.9 -13.7 1013.0
58.244 -0.00002 359.99994 0.0 0.3 0.0 183.8 999.0 999.000 999.0 -0.108 -0.157 -0.0 0.0 0.0 0.0 0.0 0 0.0 0 0 0 0 0.0 24.4 15.6 0.065 77.0 0.005 0.0 0.0 0.0 -26.9 11.5 992.8
58.634 -0.00002 359.99994 0.0 1.2 2.3 181.6 999.0 999.000 999.0 -0.189 -0.095 0.1 0.0 0.0 0.0 0.0 0 0.0 5 0 0 0 0.0 24.4 15.6 0.065 77.0 0.005 0.0 0.0 0.0 -11.8 1.8 986.9
59.243 -0.00002 359.99994 0.0 -0.6 0.8 179.8 999.0 999.000 999.0 -0.189 -0.095 0.1 0.0 0.0 0.0 0.0 0 0.0 0 0 0 0 0.0 24.4 15.6 0.065 77.0 0.005 0.0 0.0 0.0 -27.5 -10.3 987.5
59.635 -0.00002 359.99994 0.0 -0.3 0.0 177.0 999.0 999.000 999.0 0.090 -0.131 -0.1 0.0 0.0 0.0 0.0 0 0.0 0 0 0 0 0.0 24.4 15.6 0.065 77.0 0.005 0.0 0.0 0.0 -22.0 10.3 989.5
60.244 -0.00003 359.99994 0.0 2.5 1.3 171.1 999.0 999.000 999.0 0.090 -0.131 -0.1 0.0 0.0 0.0 0.0 0 0.0 0 0 0 0 0.0 24.4 15.6 0.065 77.0 0.005 0.0 0.0 0.0 -20.6 52.6 1002.0
60.633 -0.00003 359.99994 0.0 4.6 1.4 163.5 999.0 999.000 999.0 -0.059 0.029 0.0 0.0 0.0 0.0 0.0 0 0.0 0 0 0 0 0.0 24.4 15.6 0.065 77.0 0.005 0.0 0.0 0.0 -12.4 76.5 1002.0
61.246 -0.00003 359.99994 0.0 4.0 1.6 153.8 999.0 999.000 999.0 -0.059 0.029 0.0 0.0 0.0 0.0 0.0 0 0.0 0 0 0 0 0.0 24.4 15.6 0.065 77.0 0.005 0.0 0.0 0.0 -46.7 81.7 974.6
61.657 -0.00003 359.99994 0.0 8.1 0.6 142.7 999.0 999.000 999.0 -0.220 0.104 -0.0 0.0 0.0 0.0 0.0 0 0.0 0 0 0 0 0.0 24.4 15.6 0.065 77.0 0.005 0.0 0.0 0.0 18.2 126.4 1003.0
62.243 -0.00003 359.99994 0.1 10.3 -0.9 135.6 999.0 999.000 999.0 -0.220 0.104 -0.0 0.0 0.0 0.0 0.0 0 0.0 0 0 0 0 0.0 24.4 15.6 0.065 77.0 0.005 0.0 0.0 0.0 42.4 207.4 999.3
62.637 -0.00003 359.99994 0.0 10.6 -1.2 128.7 999.0 999.000 999.0 -0.110 0.089 0.0 0.0 0.0 0.0 0.0 0 0.0 5 0 0 0 0.0 24.4 15.6 0.065 77.0 0.005 0.0 0.0 0.0 55.2 95.3 1020.0
63.244 -0.00003 359.99994 0.1 4.2 -1.5 121.1 999.0 999.000 999.0 -0.110 0.089 0.0 0.0 0.0 0.0 0.0 0 0.0 0 0 0 0 0.0 24.4 15.6 0.065 77.0 0.005 0.0 0.0 0.0 0.1 75.2 969.6
63.634 -0.00003 359.99994 0.1 2.1 -2.3 114.9 999.0 999.000 999.0 -0.112 -0.136 0.0 0.0 0.0 0.0 0.0 0 0.0 0 0 0 0 0.0 24.4 15.6 0.065 77.0 0.005 0.0 0.0 0.0 38.2 40.5 987.8
64.246 -0.00003 359.99994 0.1 7.6 -2.8 109.6 999.0 999.000 999.0 -0.112 -0.136 0.0 0.0 0.0 0.0 0.0 0 0.0 0 0 0 0 0.0 24.4 15.6 0.065 77.0 0.005 0.0 0.0 0.0 98.9 147.5 1024.0
64.634 -0.00003 359.99995 0.0 -0.6 -1.5 104.3 999.0 999.000 999.0 0.055 0.010 0.0 0.0 0.0 0.0 0.0 0 0.0 0 0 0 0 0.0 24.4 15.6 0.065 77.0 0.005 0.0 0.0 0.0 17.2 -8.3 1004.0
65.244 -0.00003 359.99995 0.0 -1.5 -0.7 99.3 999.0 999.000 999.0 0.055 0.010 0.0 0.0 0.0 0.0 0.0 0 0.0 0 0 0 0 0.0 24.4 15.6 0.065 77.0 0.005 0.0 0.0 0.0 22.5 -38.6 986.7
65.636 -0.00003 359.99995 0.1 1.1 -1.4 96.9 999.0 999.000 999.0 0.013 0.132 0.0 0.0 0.0 0.0 0.0 0 0.0 0 0 0 0 0.0 24.4 15.6 0.065 77.0 0.005 0.0 0.0 0.0 38.5 36.4 995.3
66.245 -0.00003 359.99995 0.1 4.2 -2.7 94.2 999.0 999.000 999.0 0.013 0.132 0.0 0.0 0.0 0.0 0.0 0 0.0 0 0 0 0 0.0 24.4 15.6 0.065 77.0 0.005 0.0 0.0 0.0 70.3 92.8 1025.0
66.660 -0.00003 359.99995 0.1 13.6 -3.3 90.2 999.0 999.000 999.0 0.157 -0.025 -0.0 0.0 0.0 0.0 0.0 0 0.0 0 0 0 0 0.0 24.4 15.6 0.065 77.0 0.005 0.0 0.0 0.0 69.5 316.2 962.6
67.246 -0.00003 359.99995 0.1 9.9 -1.1 86.2 999.0 999.000 999.0 0.157 -0.025 -0.0 0.0 0.0 0.0 0.0 0 0.0 0 0 0 0 0.0 24.4 15.6 0.065 77.0 0.005 0.0 0.0 0.0 -32.5 102.3 998.9
67.636 -0.00003 359.99995 0.1 14.1 -2.3 81.0 999.0 999.000 999.0 0.037 -0.017 0.0 0.0 0.0 0.0 0.0 0 0.0 0 0 0 0 0.0 24.4 15.6 0.065 77.0 0.005 0.0 0.0 0.0 45.6 310.6 961.2
68.245 -0.00003 359.99995 0.1 11.7 -2.9 76.6 999.0 999.000 999.0 0.037 -0.017 0.0 0.0 0.0 0.0 0.0 0 0.0 0 0 0 0 0.0 24.4 15.6 0.065 77.0 0.005 0.0 0.0 0.0 65.5 240.3 960.9
68.637 -0.00003 359.99995 0.1 15.5 -1.5 71.1 999.0 999.000 999.0 -0.108 -0.067 -0.1 0.0 0.0 0.0 0.0 0 0.0 5 0 0 0 0.0 24.4 15.6 0.065 77.0 0.005 0.0 0.0 0.0 16.9 292.8 961.1
69.245 -0.00003 359.99995 0.1 15.5 -1.7 64.5 999.0 999.000 999.0 -0.108 -0.067 -0.1 0.0 0.0 0.0 0.0 0 0.0 0 0 0 0 0.0 24.4 15.6 0.065 77.0 0.005 0.0 0.0 0.0 20.1 253.5 948.2
69.636 -0.00003 359.99995 0.1 12.4 -0.6 58.9 999.0 999.000 999.0 0.122 0.262 0.0 0.0 0.0 0.0 0.0 0 0.0 0 0 0 0 0.0 24.4 15.6 0.065 77.0 0.005 0.0 0.0 0.0 33.1 191.0 975.1
70.246 -0.00003 359.99995 0.1 9.7 -1.4 50.6 999.0 999.000 999.0 0.122 0.262 0.0 0.0 0.0 0.0 0.0 0 0.0 5 0 0 0 0.0 24.4 15.6 0.065 77.0 0.005 0.0 0.0 0.0 14.8 170.8 999.6
70.635 -0.00003 359.99995 0.1 9.2 -3.2 42.5 999.0 999.000 999.0 0.063 0.130 -0.1 0.0 0.0 0.0 0.0 0 0.0 0 0 0 0 0.0 24.4 15.6 0.065 77.0 0.005 0.0 0.0 0.0 64.7 151.7 984.0
71.246 -0.00003 359.99995 0.1 3.5 -5.1 33.6 999.0 999.000 999.0 0.063 0.130 -0.1 0.0 0.0 0.0 0.0 0 0.0 0 0 0 0 0.0 24.4 15.6 0.065 77.0 0.005 0.0 0.0 0.0 121.4 32.0 1000.0
71.656 -0.00002 359.99995 0.1 -4.0 -6.5 22.4 999.0 999.000 999.0 -0.057 0.281 -0.1 0.0 0.0 0.0 0.0 0 0.0 0 0 0 0 0.0 24.4 15.6 0.065 77.0 0.005 0.0 0.0 0.0 98.7 -90.2 1000.0
72.245 -0.00002 359.99995 0.1 2.7 -4.8 11.8 999.0 999.000 999.0 -0.057 0.281 -0.1 0.0 0.0 0.0 0.0 0 0.0 0 0 0 0 0.0 24.4 15.6 0.065 77.0 0.005 0.0 0.0 0.0 72.4 77.9 1000.0
72.637 -0.00002 359.99995 0.0 4.5 -1.4 4.8 999.0 999.000 999.0 0.031 0.183 0.1 0.0 0.0 0.0 0.0 0 0.0 0 0 0 0 0.0 24.4 15.6 0.065 77.0 0.005 0.0 0.0 0.0 57.9 132.6 1018.0
73.246 -0.00002 359.99995 0.0 8.4 -2.4 0.7 999.0 999.000 999.0 0.031 0.183 0.1 0.0 0.0 0.0 0.0 0 0.0 0 0 0 0 0.0 24.4 15.6 0.065 77.0 0.005 0.0 0.0 0.0 19.6 154.3 955.4
73.634 -0.00002 359.99995 0.1 4.0 -0.3 357.5 999.0 999.000 999.0 0.137 0.185 -0.0 0.0 0.0 0.0 0.0 0 0.0 0 0 0 0 0.0 24.4 15.6 0.065 77.0 0.005 0.0 0.0 0.0 0.4 58.0 1008.0
74.247 -0.00002 359.99995 0.1 2.5 0.6 354.2 999.0 999.000 999.0 0.137 0.185 -0.0 0.0 0.0 0.0 0.0 0 0.0 0 0 0 0 0.0 24.4 15.6 0.065 77.0 0.005 0.0 0.0 0.0 -14.6 47.6 1000.0
74.636 -0.00002 359.99995 0.1 -0.2 1.7 352.9 999.0 999.000 999.0 0.056 0.202 -0.0 0.0 0.0 0.0 0.0 0 0.0 0 0 0 0 0.0 24.4 15.6 0.065 77.0 0.005 0.0 0.0 0.0 -34.5 31.3 1018.0
75.247 -0.00002 359.99995 0.1 9.1 -2.9 351.8 999.0 999.000 999.0 0.056 0.202 -0.0 0.0 0.0 0.0 0.0 0 0.0 0 0 0 0 0.0 24.4 15.6 0.065 77.0 0.005 0.0 0.0 0.0 0.3 123.0 1004.0
75.639 -0.00002 359.99995 0.1 -7.2 -5.0 348.8 999.0 999.000 999.0 -0.012 0.195 -0.1 0.0 0.0 0.0 0.0 0 0.0 0 0 0 0 0.0 24.4 15.6 0.065 77.0 0.005 0.0 0.0 0.0 105.4 -175.0 972.4
76.245 -0.00002 359.99995 0.1 -11.1 -5.4 348.5 999.0 999.000 999.0 -0.012 0.195 -0.1 0.0 0.0 0.0 0.0 0 0.0 0 0 0 0 0.0 24.4 15.6 0.065 77.0 0.005 0.0 0.0 0.0 89.8 -148.0 993.2
76.656 -0.00001 359.99995 0.1 -10.4 -2.2 348.5 999.0 999.000 999.0 -0.150 -0.080 0.1 0.0 0.0 0.0 0.0 0 0.0 0 0 0 0 0.0 24.4 15.6 0.065 77.0 0.005 0.0 0.0 0.0 32.1 -173.0 986.2
77.248 -0.00001 359.99995 0.0 -5.6 -0.4 349.2 999.0 999.000 999.0 -0.150 -0.080 0.1 0.0 0.0 0.0 0.0 0 0.0 0 0 0 0 0.0 24.4 15.6 0.065 77.0 0.005 0.0 0.0 0.0 -15.6 -65.2 984.1
77.637 -0.00001 359.99995 0.0 -5.3 0.3 349.9 999.0 999.000 999.0 -0.092 -0.025 0.1 0.0 0.0 0.0 0.0 0 0.0 0 0 0 0 0.0 24.4 15.6 0.065 77.0 0.005 0.0 0.0 0.0 -3.0 -68.0 1005.0
78.246 -0.00001 359.99995 0.1 -4.5 -1.3 350.5 999.0 999.000 999.0 -0.092 -0.025 0.1 0.0 0.0 0.0 0.0 0 0.0 0 0 0 0 0.0 24.4 15.6 0.065 77.0 0.005 0.0 0.0 0.0 25.9 -60.9 995.4
78.639 -0.00001 359.99995 0.1 5.8 -1.6 350.8 999.0 999.000 999.0 -0.112 0.212 -0.0 0.0 0.0 0.0 0.0 0 0.0 0 0 0 0 0.0 24.4 15.6 0.065 77.0 0.005 0.0 0.0 0.0 17.8 98.3 1008.0
79.246 -0.00001 359.99995 0.1 4.1 -0.7 350.3 999.0 999.000 999.0 -0.112 0.212 -0.0 0.0 0.0 0.0 0.0 0 0.0 0 0 0 0 0.0 24.4 15.6 0.065 77.0 0.005 0.0 0.0 0.0 14.0 86.7 1011.0
79.636 -0.00001 359.99995 0.1 4.0 0.6 351.4 999.0 999.000 999.0 0.075 -0.040 -0.0 0.0 0.0 0.0 0.0 0 0.0 0 0 0 0 0.0 24.4 15.6 0.065 77.0 0.005 0.0 0.0 0.0 -12.2 63.9 994.7
80.248 -0.00001 359.99995 0.0 3.7 1.0 351.0 999.0 999.000 999.0 0.075 -0.040 -0.0 0.0 0.0 0.0 0.0 0 0.0 0 0 0 0 0.0 24.4 15.6 0.065 77.0 0.005 0.0 0.0 0.0 -31.6 93.4 988.0
80.637 -0.00001 359.99995 0.0 5.1 0.8 350.6 999.0 999.000 999.0 0.045 -0.007 -0.0 0.0 0.0 0.0 0.0 0 0.0 0 0 0 0 0.0 24.4 15.6 0.065 77.0 0.005 0.0 0.0 0.0 -10.0 82.4 985.1
81.247 -0.00001 359.99995 0.1 5.9 0.9 350.8 999.0 999.000 999.0 0.045 -0.007 -0.0 0.0 0.0 0.0 0.0 0 0.0 0 0 0 0 0.0 24.4 15.6 0.065 77.0 0.005 0.0 0.0 0.0 -14.1 90.0 1006.0
81.658 -0.00001 359.99995 0.1 4.5 1.4 351.2 999.0 999.000 999.0 0.002 -0.051 -0.1 0.0 0.0 0.0 0.0 0 0.0 5 0 0 0 0.0 24.4 15.6 0.065 77.0 0.005 0.0 0.0 0.0 -33.9 85.6 998.2
82.247 -0.00001 359.99995 0.0 3.3 2.6 351.5 999.0 999.000 999.0 0.002 -0.051 -0.1 0.0 0.0 0.0 0.0 0 0.0 5 0 0 0 0.0 24.4 15.6 0.065 77.0 0.005 0.0 0.0 0.0 -55.7 51.4 985.2
82.637 -0.00001 359.99995 0.1 3.5 2.4 351.9 999.0 999.000 999.0 -0.021 -0.014 -0.0 0.0 0.0 0.0 0.0 0 0.0 5 0 0 0 0.0 24.4 15.6 0.065 77.0 0.005 0.0 0.0 0.0 -33.6 50.3 997.0
83.250 -0.00001 359.99995 0.1 6.1 2.3 351.8 999.0 999.000 999.0 -0.021 -0.014 -0.0 0.0 0.0 0.0 0.0 0 0.0 0 0 0 0 0.0 24.4 15.6 0.065 77.0 0.005 0.0 0.0 0.0 -35.0 124.2 1008.0
83.639 -0.00001 359.99995 0.1 3.9 1.5 353.1 999.0 999.000 999.0 -0.099 -0.102 -0.0 0.0 0.0 0.0 0.0 0 0.0 0 0 0 0 0.0 24.4 15.6 0.065 77.0 0.005 0.0 0.0 0.0 -31.6 52.6 1006.0
84.248 -0.00001 359.99995 0.0 2.9 3.0 353.3 999.0 999.000 999.0 -0.099 -0.102 -0.0 0.0 0.0 0.0 0.0 0 0.0 0 0 0 0 0.0 24.4 15.6 0.065 77.0 0.005 0.0 0.0 0.0 -46.5 59.6 989.0
84.639 -0.00001 359.99995 0.0 5.8 1.5 353.7 999.0 999.000 999.0 -0.031 0.081 -0.0 0.0 0.0 0.0 0.0 0 0.0 0 0 0 0 0.0 24.4 15.6 0.065 77.0 0.005 0.0 0.0 0.0 -25.3 109.8 993.9
85.247 -0.00001 359.99995 0.1 4.4 1.4 355.2 999.0 999.000 999.0 -0.031 0.081 -0.0 0.0 0.0 0.0 0.0 0 0.0 5 0 0 0 0.0 24.4 15.6 0.065 77.0 0.005 0.0 0.0 0.0 -27.8 61.4 1004.0
85.639 -0.00001 359.99995 0.0 3.7 0.8 355.4 999.0 999.000 999.0 -0.079 0.127 0.0 0.0 0.0 0.0 0.0 0 0.0 0 0 0 0 0.0 24.4 15.6 0.065 77.0 0.005 0.0 0.0 0.0 -17.1 64.7 996.2
86.248 -0.00000 359.99995 0.0 4.9 1.5 356.1 999.0 999.000 999.0 -0.079 0.127 0.0 0.0 0.0 0.0 0.0 0 0.0 0 0 0 0 0.0 24.4 15.6 0.065 77.0 0.005 0.0 0.0 0.0 -24.5 101.7 987.4
86.650 -0.00000 359.99995 0.0 4.7 0.7 357.0 999.0 999.000 999.0 -0.144 0.051 0.0 0.0 0.0 0.0 0.0 0 0.0 5 0 0 0 0.0 24.4 15.6 0.065 77.0 0.005 0.0 0.0 0.0 -1.5 63.5 1014.0
87.249 -0.00000 359.99995 0.1 5.7 0.8 358.9 999.0 999.000 999.0 -0.144 0.051 0.0 0.0 0.0 0.0 0.0 0 0.0 0 0 0 0 0.0 24.4 15.6 0.065 77.0 0.005 0.0 0.0 0.0 -17.9 104.9 1003.0
87.637 -0.00000 359.99995 0.0 3.4 0.9 359.5 999.0 999.000 999.0 -0.155 0.101 0.0 0.0 0.0 0.0 0.0 0 0.0 0 0 0 0 0.0 24.4 15.6 0.065 77.0 0.005 0.0 0.0 0.0 -12.8 51.7 994.8
88.246 -0.00000 359.99995 0.1 4.3 1.7 0.6 999.0 999.000 999.0 -0.155 0.101 0.0 0.0 0.0 0.0 0.0 0 0.0 0 0 0 0 0.0 24.4 15.6 0.065 77.0 0.005 0.0 0.0 0.0 -30.4 68.0 989.0
88.640 -0.00000 359.99995 0.1 5.7 0.3 0.0 999.0 999.000 999.0 -0.126 -0.120 -0.0 0.0 0.0 0.0 0.0 0 0.0 0 0 0 0 0.0 24.4 15.6 0.065 77.0 0.005 0.0 0.0 0.0 8.0 112.5 1044.0
89.248 0.00000 359.99995 0.1 3.7 1.8 0.9 330.0 999.000 999.0 -0.126 -0.120 -0.0 0.0 0.0 0.0 0.0 0 0.0 0 1 0 0 0.0 24.4 15.6 0.065 77.0 0.005 0.0 0.0 0.0 -48.3 51.1 963.4
89.637 0.00000 359.99995 0.0 3.3 2.5 358.8 330.0 999.000 999.0 0.003 0.050 0.1 0.0 0.0 0.0 0.0 0 0.0 0 1 0 0 0.0 24.4 15.6 0.065 77.0 0.005 0.0 0.0 0.0 -32.6 59.1 996.1
90.250 0.00000 359.99995 0.1 4.9 1.6 0.0 330.0 999.000 999.0 0.003 0.050 0.1 0.0 0.0 0.0 0.0 0 0.0 0 1 0 0 0.0 24.4 15.6 0.065 77.0 0.005 0.0 0.0 0.0 -32.4 92.5 987.8
90.638 0.00000 359.99995 0.1 4.7 -0.2 358.9 330.0 999.000 999.0 0.020 0.111 -0.0 0.0 0.0 0.0 0.0 0 0.0 0 1 0 0 0.0 24.4 15.6 0.065 77.0 0.005 0.0 0.0 0.0 15.0 69.3 1020.0
91.247 0.00000 359.99995 0.1 5.1 0.0 357.4 330.0 999.000 999.0 0.020 0.111 -0.0 0.0 0.0 0.0 0.0 0 0.0 5 1 0 0 0.0 24.4 15.6 0.065 77.0 0.005 0.0 0.0 0.0 -2.9 90.2 1000.0
91.661 0.00000 359.99995 0.1 4.9 0.8 355.8 330.0 999.000 999.0 -0.071 0.100 0.0 0.0 0.0 0.0 0.0 0 0.0 5 1 0 0 0.0 24.4 15.6 0.065 77.0 0.005 0.0 0.0 0.0 -15.9 92.3 996.2
92.249 0.00000 359.99995 0.0 3.6 3.1 355.4 330.0 999.000 999.0 -0.071 0.100 0.0 0.0 0.0 0.0 0.0 0 0.0 0 1 0 0 0.0 24.4 15.6 0.065 77.0 0.005 0.0 0.0 0.0 -58.7 44.1 983.1
92.638 0.00000 359.99995 0.0 4.5 2.4 352.5 330.0 999.000 999.0 -0.115 -0.101 0.0 0.0 0.0 0.0 0.0 0 0.0 0 1 0 0 0.0 24.4 15.6 0.065 77.0 0.005 0.0 0.0 0.0 -37.9 71.2 1000.0
93.250 0.00000 359.99995 0.1 5.7 2.1 351.9 330.0 999.000 999.0 -0.115 -0.101 0.0 0.0 0.0 0.0 0.0 0 0.0 0 1 0 0 0.0 24.4 15.6 0.065 77.0 0.005 0.0 0.0 0.0 -34.9 104.9 998.2
93.639 0.00000 359.99995 0.1 3.6 1.0 350.9 330.0 999.000 999.0 -0.077 0.017 -0.0 0.0 0.0 0.0 0.0 0 0.0 0 1 0 0 0.0 24.4 15.6 0.065 77.0 0.005 0.0 0.0 0.0 -18.4 56.8 1001.0
94.248 0.00001 359.99995 0.0 3.3 1.6 350.9 330.0 999.000 999.0 -0.077 0.017 -0.0 0.0 0.0 0.0 0.0 0 0.0 0 1 0 0 0.0 24.4 15.6 0.065 77.0 0.005 0.0 0.0 0.0 -34.7 55.5 975.6
94.640 0.00001 359.99995 0.1 5.6 1.3 348.1 330.0 999.000 999.0 0.026 -0.126 -0.0 0.0 0.0 0.0 0.0 0 0.0 0 1 0 0 0.0 24.4 15.6 0.065 77.0 0.005 0.0 0.0 0.0 -2.8 92.2 1019.0
95.248 0.00001 359.99995 0.1 5.3 -0.1 347.8 330.0 999.000 999.0 0.026 -0.126 -0.0 0.0 0.0 0.0 0.0 0 0.0 5 1 0 0 0.0 24.4 15.6 0.065 77.0 0.005 0.0 0.0 0.0 -13.5 92.0 980.5
95.639 0.00001 359.99995 0.0 3.6 1.1 346.0 330.0 999.000 999.0 -0.052 -0.100 -0.0 0.0 0.0 0.0 0.0 0 0.0 0 1 0 0 0.0 24.4 15.6 0.065 77.0 0.005 0.0 0.0 0.0 -8.7 38.6 1015.0
96.249 0.00001 359.99995 0.0 6.2 0.8 343.9 330.0 999.000 999.0 -0.052 -0.100 -0.0 0.0 0.0 0.0 0.0 0 0.0 0 1 0 0 0.0 24.4 15.6 0.065 77.0 0.005 0.0 0.0 0.0 -11.5 137.5 994.2
96.660 0.00001 359.99995 0.0 3.9 0.9 343.2 330.0 999.000 999.0 -0.244 -0.005 0.1 0.0 0.0 0.0 0.0 0 0.0 0 1 0 0 0.0 24.4 15.6 0.065 77.0 0.005 0.0 0.0 0.0 -11.4 8.4 997.9
97.249 0.00001 359.99995 0.0 -3.2 1.1 341.6 330.0 999.000 999.0 -0.244 -0.005 0.1 0.0 0.0 0.0 0.0 0 0.0 0 1 0 0 0.0 24.4 15.6 0.065 77.0 0.005 0.0 0.0 0.0 -6.8 -94.4 1012.0
97.639 0.00001 359.99995 0.0 -5.9 0.3 340.4 330.0 999.000 999.0 -0.153 0.083 -0.0 0.0 0.0 0.0 0.0 0 0.0 0 1 0 0 0.0 24.4 15.6 0.065 77.0 0.005 0.0 0.0 0.0 0.1 -102.0 994.1
98.248 0.00001 359.99995 0.0 -9.5 -1.0 341.9 330.0 999.000 999.0 -0.153 0.083 -0.0 0.0 0.0 0.0 0.0 0 0.0 0 1 0 0 0.0 24.4 15.6 0.065 77.0 0.005 0.0 0.0 0.0 3.0 -153.0 998.4
98.640 0.00001 359.99995 0.0 -7.2 -1.6 343.8 330.0 999.000 999.0 0.016 -0.006 0.0 0.0 0.0 0.0 0.0 0 0.0 0 1 0 0 0.0 24.4 15.6 0.065 77.0 0.005 0.0 0.0 0.0 52.5 -134.0 995.6
99.249 0.00001 359.99995 0.1 1.3 -2.4 348.1 330.0 999.000 999.0 0.016 -0.006 0.0 0.0 0.0 0.0 0.0 0 0.0 0 1 0 0 0.0 24.4 15.6 0.065 77.0 0.005 0.0 0.0 0.0 9.9 57.9 1007.0
99.637 0.00001 359.99995 0.1 11.5 -1.2 351.1 330.0 999.000 999.0 -0.097 -0.153 0.0 0.0 0.0 0.0 0.0 0 0.0 5 1 0 0 0.0 24.4 15.6 0.065 77.0 0.005 0.0 0.0 0.0 22.2 205.8 959.7
100.250 0.00001 359.99995 0.1 13.8 -1.9 350.6 330.0 999.000 999.0 -0.097 -0.153 0.0 0.0 0.0 0.0 0.0 0 0.0 0 1 0 0 0.0 24.4 15.6 0.065 77.0 0.005 0.0 0.0 0.0 37.1 236.7 985.1
100.639 0.00001 359.99995 0.1 8.0 -1.2 350.3 330.0 999.000 999.0 -0.055 -0.156 0.0 0.0 0.0 0.0 0.0 0 0.0 0 1 0 0 0.0 24.4 15.6 0.065 77.0 0.005 0.0 0.0 0.0 20.8 130.2 992.2
101.247 0.00001 359.99995 0.1 5.4 -1.4 349.6 330.0 999.000 999.0 -0.055 -0.156 0.0 0.0 0.0 0.0 0.0 0 0.0 5 1 0 0 0.0 24.4 15.6 0.065 77.0 0.005 0.0 0.0 0.0 15.9 74.3 982.9
101.662 0.00001 359.99995 0.1 -4.2 -2.2 348.9 330.0 999.000 999.0 -0.072 -0.135 0.0 0.0 0.0 0.0 0.0 0 0.0 0 1 0 0 0.0 24.4 15.6 0.065 77.0 0.005 0.0 0.0 0.0 40.0 -76.1 1009.0
102.250 0.00002 359.99995 0.1 -6.2 -1.6 349.3 330.0 999.000 999.0 -0.072 -0.135 0.0 0.0 0.0 0.0 0.0 0 0.0 0 1 0 0 0.0 24.4 15.6 0.065 77.0 0.005 0.0 0.0 0.0 18.7 -121.0 991.0
102.639 0.00002 359.99995 0.1 -6.2 -1.1 351.5 330.0 999.000 999.0 0.022 -0.042 0.0 0.0 0.0 0.0 0.0 0 0.0 0 1 0 0 0.0 24.4 15.6 0.065 77.0 0.005 0.0 0.0 0.0 24.8 -76.3 1003.0
103.251 0.00002 359.99995 0.1 1.0 -2.0 354.1 330.0 999.000 999.0 0.022 -0.042 0.0 0.0 0.0 0.0 0.0 0 0.0 0 1 0 0 0.0 24.4 15.6 0.065 77.0 0.005 0.0 0.0 0.0 24.0 -1.2 1004.0
103.640 0.00002 359.99995 0.0 -7.0 -1.0 356.5 330.0 999.000 999.0 -0.056 -0.030 0.0 0.0 0.0 0.0 0.0 0 0.0 0 1 0 0 0.0 24.4 15.6 0.065 77.0 0.005 0.0 0.0 0.0 16.8 -136.0 978.5
104.249 0.00002 359.99995 0.0 -3.6 0.5 0.1 330.0 999.000 999.0 -0.056 -0.030 0.0 0.0 0.0 0.0 0.0 0 0.0 0 1 0 0 0.0 24.4 15.6 0.065 77.0 0.005 0.0 0.0 0.0 -0.7 -39.3 1004.0
104.642 0.00002 359.99995 0.0 0.2 -0.4 1.7 330.0 999.000 999.0 0.069 -0.055 -0.0 0.0 0.0 0.0 0.0 0 0.0 0 1 0 0 0.0 24.4 15.6 0.065 77.0 0.005 0.0 0.0 0.0 -0.9 32.8 1017.0
105.249 0.00002 359.99995 0.1 -0.8 -0.1 4.6 330.0 999.000 999.0 0.069 -0.055 -0.0 0.0 0.0 0.0 0.0 0 0.0 0 1 0 0 0.0 24.4 15.6 0.065 77.0 0.005 0.0 0.0 0.0 -5.5 -17.3 975.0
105.639 0.00002 359.99995 0.1 3.3 -0.1 6.2 330.0 999.000 999.0 -0.017 0.027 0.0 0.0 0.0 0.0 0.0 0 0.0 0 1 0 0 0.0 24.4 15.6 0.065 77.0 0.005 0.0 0.0 0.0 9.4 71.0 1013.0
106.250 0.00002 359.99995 0.0 7.8 0.1 7.4 330.0 999.000 999.0 -0.017 0.027 0.0 0.0 0.0 0.0 0.0 0 0.0 0 1 0 0 0.0 24.4 15.6 0.065 77.0 0.005 0.0 0.0 0.0 -3.1 142.4 992.3
106.666 0.00002 359.99995 0.0 5.8 -0.2 7.9 330.0 999.000 999.0 -0.068 -0.021 0.0 0.0 0.0 0.0 0.0 0 0.0 0 1 0 0 0.0 24.4 15.6 0.065 77.0 0.005 0.0 0.0 0.0 3.7 106.3 992.1
107.250 0.00002 359.99995 0.1 5.0 -1.8 6.9 330.0 999.000 999.0 -0.068 -0.021 0.0 0.0 0.0 0.0 0.0 0 0.0 0 1 0 0 0.0 24.4 15.6 0.065 77.0 0.005 0.0 0.0 0.0 32.6 83.5 1009.0
107.642 0.00002 359.99995 0.1 11.6 -0.9 6.7 330.0 999.000 999.0 -0.034 0.047 0.0 0.0 0.0 0.0 0.0 0 0.0 0 1 0 0 0.0 24.4 15.6 0.065 77.0 0.005 0.0 0.0 0.0 5.1 250.4 964.8
108.250 0.00002 359.99995 0.0 7.5 -0.5 4.0 330.0 999.000 999.0 -0.034 0.047 0.0 0.0 0.0 0.0 0.0 0 0.0 0 1 0 0 0.0 24.4 15.6 0.065 77.0 0.005 0.0 0.0 0.0 12.1 156.7 984.3
108.641 0.00002 359.99995 0.0 4.6 -0.7 1.4 330.0 999.000 4.0 -0.025 -0.131 0.0 0.0 0.0 0.0 0.0 0 0.0 0 1 1 0 0.0 24.4 15.6 0.065 77.0 0.005 0.0 0.0 0.0 -22.1 71.6 980.2
109.251 0.00002 359.99995 0.0 -1.4 -0.6 359.2 330.0 999.000 4.0 -0.025 -0.131 0.0 0.0 0.0 -9.9 -9.9 0 0.0 0 1 1 0 0.0 24.4 15.6 0.065 77.0 0.005 0.0 0.0 0.0 -15.0 -65.3 1002.0
109.641 0.00002 359.99995 0.1 1.2 0.8 357.4 330.0 999.000 4.0 0.099 -0.089 -0.0 0.0 0.0 -9.9 -9.9 0 0.0 0 1 1 0 0.0 24.4 15.6 0.065 77.0 0.005 0.0 0.0 0.0 -40.2 11.2 996.2
110.251 0.00002 359.99995 0.1 -2.1 1.6 357.9 330.0 999.000 4.0 0.099 -0.089 -0.0 0.0 0.0 -9.9 -9.9 0 0.0 0 1 1 0 0.0 24.4 15.6 0.065 77.0 0.005 0.0 0.0 0.0 -8.6 17.2 1009.0
110.641 0.00002 359.99995 0.0 -1.0 0.4 358.0 330.0 999.000 4.0 0.003 -0.119 -0.0 0.0 0.0 -9.9 -9.9 0 0.0 0 1 1 0 0.0 24.4 15.6 0.065 77.0 0.005 0.0 0.0 0.0 -12.9 -28.6 997.6
111.250 0.00002 359.99995 0.0 -3.8 -1.4 359.8 330.0 999.000 4.0 0.003 -0.119 -0.0 0.0 0.0 -9.9 -9.9 0 0.0 0 1 1 0 0.0 24.4 15.6 0.065 77.0 0.005 0.0 0.0 0.0 58.1 -62.1 1015.0
111.662 0.00002 359.99995 0.0 1.3 -1.0 2.9 330.0 999.000 4.0 -0.175 0.011 -0.0 0.0 0.0 -9.9 -9.9 0 0.0 0 1 1 0 0.0 24.4 15.6 0.065 77.0 0.005 0.0 0.0 0.0 -3.6 60.8 977.8
112.250 0.00002 359.99995 0.0 6.7 -1.6 6.6 330.0 999.000 4.0 -0.175 0.011 -0.0 0.0 0.0 -9.9 -9.9 0 0.0 5 1 1 0 0.0 24.4 15.6 0.065 77.0 0.005 0.0 0.0 0.0 44.7 124.4 1002.0
112.639 0.00002 359.99995 0.0 5.0 -0.6 6.9 330.0 999.000 4.0 -0.001 -0.060 0.0 0.0 0.0 -9.9 -9.9 0 0.0 0 1 1 0 0.0 24.4 15.6 0.065 77.0 0.005 0.0 0.0 0.0 4.6 36.9 993.3
113.252 0.00002 359.99995 0.0 0.1 -1.8 9.0 330.0 999.000 4.0 -0.001 -0.060 0.0 0.0 0.0 -9.9 -9.9 0 0.0 0 1 1 0 0.0 24.4 15.6 0.065 77.0 0.005 0.0 0.0 0.0 3.2 -1.3 993.7
113.643 0.00003 359.99995 0.1 3.0 -1.3 11.9 330.0 999.000 4.0 0.006 -0.107 -0.0 0.0 0.0 -9.9 -9.9 0 0.0 0 1 1 0 0.0 24.4 15.6 0.065 77.0 0.005 0.0 0.0 0.0 32.5 91.4 987.0
114.251 0.00003 359.99995 0.1 10.6 -2.9 12.2 330.0 999.000 4.0 0.006 -0.107 -0.0 0.0 0.0 -9.9 -9.9 0 0.0 0 1 1 0 0.0 24.4 15.6 0.065 77.0 0.005 0.0 0.0 0.0 48.2 176.0 991.6
114.642 0.00003 359.99995 0.1 8.0 -2.6 13.3 330.0 999.000 4.0 -0.166 -0.016 0.0 0.0 0.0 -9.8 -9.8 0 0.0 0 1 1 0 0.0 24.4 15.6 0.065 77.0 0.005 0.0 0.0 0.0 22.0 149.2 998.3
115.250 0.00003 359.99995 0.1 13.5 0.5 14.8 330.0 999.000 4.0 -0.166 -0.016 0.0 0.0 0.0 -9.8 -9.8 0 0.0 5 1 1 0 0.0 24.4 15.6 0.065 77.0 0.005 0.0 0.0 0.0 -0.8 221.1 957.1
115.640 0.00003 359.99995 0.1 16.0 -1.7 12.9 330.0 999.000 4.0 -0.230 0.097 0.0 0.0 0.0 -9.8 -9.8 0 0.0 0 1 1 0 0.0 24.4 15.6 0.065 77.0 0.005 0.0 0.0 0.0 44.0 267.6 1013.0
116.252 0.00003 359.99995 0.1 6.5 -1.8 13.4 330.0 999.000 4.0 -0.230 0.097 0.0 0.0 0.0 -9.8 -9.8 0 0.0 0 1 1 0 0.0 24.4 15.6 0.065 77.0 0.005 0.0 0.0 0.0 21.6 147.0 962.5
116.666 0.00003 359.99995 0.0 11.1 0.5 12.5 330.0 999.000 4.0 -0.264 -0.088 0.0 0.0 0.0 -9.9 -9.9 0 0.0 5 1 1 0 0.0 24.4 15.6 0.065 77.0 0.005 0.0 0.0 0.0 1.2 172.0 983.4
117.250 0.00003 359.99995 0.1 9.5 -2.6 10.8 330.0 999.000 4.0 -0.264 -0.088 0.0 0.0 0.0 -9.9 -9.9 0 0.0 0 1 1 0 0.0 24.4 15.6 0.065 77.0 0.005 0.0 0.0 0.0 44.3 169.8 1008.0
117.642 0.00003 359.99995 0.1 10.1 -2.3 10.1 330.0 999.000 4.0 -0.111 -0.001 -0.1 0.0 0.0 -9.9 -9.9 0 0.0 0 1 1 0 0.0 24.4 15.6 0.065 77.0 0.005 0.0 0.0 0.0 26.5 181.3 962.5
118.252 0.00003 359.99995 0.1 9.2 -0.8 9.6 330.0 999.000 4.0 -0.111 -0.001 -0.1 0.0 0.0 -9.8 -9.8 0 0.0 0 1 1 0 0.0 24.4 15.6 0.065 77.0 0.005 0.0 0.0 0.0 23.7 145.0 989.2
118.641 0.00003 359.99995 0.1 5.7 -1.0 9.2 330.0 999.000 4.0 -0.093 0.075 0.0 0.0 0.0 -9.8 -9.8 0 0.0 5 1 1 0 0.0 24.4 15.6 0.065 77.0 0.005 0.0 0.0 0.0 7.9 89.3 1014.0
119.266 0.00003 359.99995 0.1 5.4 1.5 8.5 330.0 999.000 4.0 -0.093 0.075 0.0 0.0 0.0 -9.8 -9.8 0 0.0 0 1 1 0 0.0 24.4 15.6 0.065 77.0 0.005 0.0 0.0 0.0 -48.3 124.3 991.0
119.642 0.00003 359.99995 0.1 9.4 3.2 7.5 330.0 999.000 4.0 -0.140 0.091 0.0 0.0 0.0 -9.8 -9.8 14 11.7 8604 1 1 0 0.0 24.4 15.6 0.065 77.0 0.005 0.0 0.0 0.0 -152.0 210.1 936.3
120.251 0.00004 359.99995 0.1 28.0 0.6 7.3 330.0 999.000 4.0 -0.140 0.091 0.0 0.0 0.0 -9.8 -9.8 14 10.1 9198 1 1 0 0.0 24.4 15.6 0.065 77.0 0.005 0.0 0.0 0.0 -80.3 559.2 771.2
120.643 0.00004 359.99995 0.1 22.2 -1.2 8.0 330.0 999.000 4.0 -0.627 -0.032 -0.0 0.0 0.0 -9.8 -9.8 14 8.4 10518 1 1 0 0.0 24.4 15.6 0.065 77.0 0.005 0.0 0.0 0.0 62.1 268.5 1081.0
121.251 0.00004 359.99995 0.1 -1.5 -2.3 10.0 330.0 999.000 4.0 -0.627 -0.032 -0.0 0.0 0.0 -9.8 -9.8 14 8.4 11003 1 1 0 0.0 24.4 15.5 0.065 77.0 0.005 0.0 0.0 0.0 -42.6 -86.5 757.3
121.652 0.00005 359.99995 0.1 0.6 -4.3 13.7 330.0 999.000 4.0 -0.989 0.038 0.0 0.0 0.0 -9.8 -9.8 14 8.4 11118 1 1 0 0.0 24.4 15.5 0.065 77.0 0.005 0.0 0.0 0.0 18.6 22.9 874.1
122.253 0.00005 359.99995 0.1 -0.0 -4.0 18.6 330.0 999.000 4.0 -0.989 0.038 0.0 0.0 0.0 -9.8 -9.8 14 8.4 11023 1 1 0 0.0 24.4 15.5 0.065 77.0 0.005 0.0 0.0 0.0 82.3 -46.0 1048.0
122.642 0.00005 359.99996 0.1 -0.5 -4.1 23.3 330.0 999.000 4.0 -1.269 -0.036 0.0 0.0 0.0 -9.7 -9.7 14 10.1 10553 1 1 0 0.0 24.4 15.5 0.065 77.0 0.005 0.0 0.0 0.0 40.1 -13.9 931.4
123.252 0.00006 359.99996 0.1 6.7 -3.7 26.2 330.0 999.000 4.0 -1.269 -0.036 0.0 0.0 0.0 -9.7 -9.7 14 10.1 10838 1 1 0 0.0 24.4 15.5 0.065 77.0 0.005 0.0 0.0 0.0 47.4 172.0 859.2
123.642 0.00007 359.99996 0.1 9.4 -4.5 29.0 330.0 999.000 4.0 -1.427 0.014 0.1 0.0 0.0 -9.7 -9.7 14 8.4 11288 1 1 0 0.0 24.4 15.5 0.065 77.0 0.005 0.0 0.0 0.0 87.9 210.0 1037.0
124.251 0.00007 359.99997 0.1 9.3 -5.1 32.7 330.0 999.000 4.0 -1.427 0.014 0.1 0.0 0.0 -9.7 -9.7 14 10.1 11223 1 1 0 0.0 24.4 15.5 0.065 77.0 0.005 0.0 0.0 0.0 118.0 201.3 1070.0
124.643 0.00008 359.99997 0.2 6.8 -6.7 35.2 330.0 999.000 4.0 -1.305 0.079 0.1 0.0 0.0 -9.6 -9.6 14 10.0 11088 1 1 0 0.0 24.4 15.5 0.065 77.0 0.005 0.0 0.0 0.0 110.6 89.7 982.6
125.253 0.00008 359.99997 0.2 9.6 -9.7 37.8 330.0 999.000 4.0 -1.305 0.079 0.1 0.0 0.0 -9.6 -9.6 14 8.3 10678 1 1 0 0.0 24.4 15.5 0.065 77.0 0.005 0.0 0.0 0.0 158.2 142.5 963.5
125.642 0.00009 359.99998 0.3 11.9 -12.4 40.5 330.0 999.000 4.0 -1.397 -0.137 0.0 0.0 0.0 -9.4 -9.4 14 10.0 9293 1 1 0 0.0 24.4 15.5 0.065 77.0 0.005 0.0 0.0 0.0 205.2 258.8 943.4
126.253 0.00009 359.99998 0.5 21.2 -14.0 41.0 330.0 999.000 4.0 -1.397 -0.137 0.0 0.0 0.0 -9.1 -9.2 14 8.4 9223 1 1 0 0.0 24.4 15.5 0.065 77.0 0.005 0.0 0.0 0.0 221.1 368.8 856.7
126.655 0.00010 359.99999 0.6 26.8 -15.0 41.5 330.0 999.000 4.0 -1.441 -0.043 0.1 0.0 0.0 -8.8 -8.8 14 10.1 9228 1 1 0 0.0 24.4 15.5 0.065 77.0 0.005 0.0 0.0 0.0 261.9 421.8 856.1
127.253 0.00010 359.99999 0.7 24.3 -15.6 40.9 330.0 999.000 4.0 -1.441 -0.043 0.1 -29.0 -29.0 -8.5 -8.5 14 10.0 9183 1 1 0 0.0 24.4 15.5 0.065 77.0 0.005 0.0 0.0 0.0 290.5 383.0 909.9
127.644 0.00011 359.99999 0.9 4.0 -14.2 35.0 330.0 999.000 4.0 -1.600 0.168 0.1 -29.0 -29.0 -8.2 -8.2 14 8.4 9283 1 1 0 0.0 24.4 15.5 0.065 77.0 0.005 0.0 0.0 0.0 257.8 60.8 957.6
128.252 0.00011 360.00000 1.0 -13.1 -14.8 29.1 330.0 999.000 4.0 -1.600 0.168 0.1 -29.0 -29.0 -7.9 -7.9 14 8.3 9313 1 1 0 0.0 24.4 15.4 0.065 77.0 0.005 0.0 0.0 0.0 278.1 -234.0 943.2
128.641 0.00012 360.00000 1.1 -20.4 -17.1 23.5 330.0 999.000 4.0 -1.541 -0.081 0.0 -29.0 -29.0 -7.6 -7.6 14 10.0 9253 1 1 0 0.0 24.4 15.4 0.065 77.0 0.005 0.0 0.0 0.0 300.8 -287.0 897.4
129.254 0.00013 0.00000 1.3 -12.4 -20.3 17.7 330.0 999.000 4.0 -1.541 -0.081 0.0 -29.0 -29.0 -7.2 -7.2 14 10.1 9109 1 1 0 0.0 24.4 15.4 0.065 77.0 0.005 0.0 0.0 0.0 361.6 -146.0 906.6
129.643 0.00013 0.00000 1.5 -4.5 -22.5 11.3 330.0 999.000 4.0 -1.355 -0.092 0.1 -29.0 -29.0 -6.8 -6.8 14 10.1 9139 1 1 0 0.0 24.4 15.4 0.065 77.0 0.005 0.0 0.0 0.0 383.8 -35.1 922.0
130.251 0.00014 0.00000 1.7 1.2 -23.3 5.0 330.0 999.000 4.0 -1.355 -0.092 0.1 -29.0 -29.0 -6.4 -6.4 14 10.0 9084 1 1 0 0.0 24.4 15.4 0.065 77.0 0.005 0.0 0.0 0.0 400.3 56.3 912.7
130.644 0.00014 0.00000 1.9 1.8 -23.3 358.6 330.0 999.000 4.0 -1.225 -0.012 0.1 -29.0 -29.0 -5.8 -5.8 14 10.1 9134 1 1 0 0.0 24.4 15.4 0.065 77.0 0.005 0.0 0.0 0.0 413.5 60.7 925.2
131.253 0.00015 0.00000 2.1 2.5 -23.0 352.1 330.0 999.000 4.0 -1.225 -0.012 0.1 -28.6 -28.6 -5.3 -5.3 14 10.1 9203 1 1 0 0.0 24.4 15.4 0.065 77.0 0.005 0.0 0.0 0.0 381.1 65.3 909.1
131.662 0.00015 0.00000 2.3 2.4 -22.6 345.7 330.0 999.000 4.0 -1.377 -0.057 0.0 -22.1 -22.1 -4.8 -4.8 14 10.0 9154 1 1 0 0.0 24.4 15.4 0.065 77.0 0.005 0.0 0.0 0.0 386.2 32.7 922.5
132.253 0.00016 360.00000 2.5 5.2 -22.2 340.7 330.0 999.000 4.0 -1.377 -0.057 0.0 -15.7 -15.7 -4.3 -4.3 14 10.1 9159 1 1 0 0.0 24.4 15.4 0.065 77.0 0.005 0.0 0.0 0.0 384.5 91.4 950.9
132.643 0.00017 360.00000 2.7 7.7 -21.5 336.6 330.0 999.000 4.0 -1.357 -0.116 0.2 -10.7 -10.7 -3.7 -3.7 14 10.1 9134 1 1 0 0.0 24.4 15.4 0.065 77.0 0.005 0.0 0.0 0.0 383.9 99.0 943.0
133.253 0.00017 359.99999 3.0 10.1 -20.6 334.0 330.0 999.000 4.0 -1.357 -0.116 0.2 -6.6 -6.6 -3.1 -3.1 14 10.1 9154 1 1 0 0.0 24.4 15.4 0.065 77.0 0.005 0.0 0.0 0.0 359.8 176.2 943.9
133.644 0.00018 359.99999 3.2 12.4 -19.5 332.6 330.0 999.000 4.0 -1.416 -0.056 0.1 0.0 0.0 -2.6 -2.6 14 10.1 9198 1 1 0 0.0 24.4 15.4 0.065 77.0 0.005 0.0 0.0 0.0 332.9 224.5 923.8
134.253 0.00018 359.99999 3.4 17.7 -18.1 332.7 330.0 999.000 4.0 -1.416 -0.056 0.1 0.0 0.0 0.0 0.0 14 10.1 9208 1 1 0 0.0 24.4 15.4 0.065 77.0 0.005 0.0 0.0 0.0 320.0 274.5 940.5
134.643 0.00019 359.99999 3.6 23.4 -15.9 333.2 330.0 999.000 4.0 -1.549 -0.007 0.0 0.0 0.0 0.0 0.0 14 10.1 9303 1 1 0 0.0 24.4 15.4 0.065 77.0 0.005 0.0 0.0 0.0 270.2 419.5 890.4
135.253 0.00020 359.99998 3.8 27.4 -13.8 333.6 330.0 999.000 4.0 -1.549 -0.007 0.0 0.0 0.0 0.0 0.0 14 10.1 9348 1 1 0 0.0 24.4 15.4 0.065 77.0 0.005 0.0 0.0 0.0 244.6 482.4 878.1
135.656 0.00020 359.99998 4.0 30.1 -11.9 333.9 999.0 999.000 999.0 -1.623 -0.081 0.1 0.0 0.0 30.0 30.0 14 10.0 9268 0 0 0 0.0 24.4 15.4 0.065 77.0 0.005 0.0 0.0 0.0 201.4 469.1 846.0
136.254 0.00021 359.99998 4.1 22.4 -7.3 335.8 999.0 999.000 999.0 -1.623 -0.081 0.1 0.0 0.0 30.0 30.0 0 0.0 0 0 0 0 0.0 24.4 15.4 0.065 77.0 0.005 0.0 0.0 0.0 178.7 349.4 984.0
136.661 0.00021 359.99997 4.1 11.9 3.2 338.0 999.0 999.000 999.0 -1.451 0.009 0.1 0.0 0.0 30.0 30.0 0 0.0 0 0 0 0 0.0 24.4 15.4 0.065 77.0 0.005 0.0 0.0 0.0 -40.3 179.7 1008.0
137.252 0.00022 359.99997 4.0 7.0 11.6 338.0 999.0 999.000 999.0 -1.451 0.009 0.1 0.0 0.0 30.0 30.0 0 0.0 5 0 0 0 0.0 24.4 15.5 0.065 77.0 0.005 0.0 0.0 0.0 -196.0 103.9 988.6
137.645 0.00023 359.99997 4.0 4.3 18.4 337.2 999.0 999.000 999.0 -1.037 0.113 0.0 0.0 0.0 30.0 30.0 0 0.0 5 0 0 0 0.0 24.4 15.5 0.065 77.0 0.005 0.0 0.0 0.0 -323.0 61.1 949.6
138.253 0.00023 359.99997 3.8 3.1 23.9 336.1 999.0 999.000 999.0 -1.037 0.113 0.0 0.0 0.0 30.0 30.0 0 0.0 0 0 0 0 0.0 24.4 15.5 0.065 77.0 0.005 0.0 0.0 0.0 -421.0 46.8 923.2
138.642 0.00023 359.99997 3.7 3.0 28.9 336.1 999.0 999.000 999.0 -0.837 0.010 -0.0 0.0 0.0 30.0 30.0 0 0.0 0 0 0 0 0.0 24.4 15.5 0.065 77.0 0.005 0.0 0.0 0.0 -497.0 46.2 865.9
139.254 0.00024 359.99996 3.6 3.6 33.2 336.2 999.0 999.000 999.0 -0.837 0.010 -0.0 0.0 0.0 30.0 30.0 0 0.0 5 0 0 0 0.0 24.4 15.5 0.065 77.0 0.005 0.0 0.0 0.0 -563.0 53.3 827.2
139.643 0.00024 359.99996 3.4 4.2 37.0 336.3 999.0 999.000 999.0 -0.703 -0.041 -0.0 0.0 0.0 30.0 30.0 0 0.0 0 0 0 0 0.0 24.4 15.5 0.065 77.0 0.005 0.0 0.0 0.0 -617.0 65.5 796.2
140.254 0.00024 359.99996 3.2 4.6 40.2 336.4 999.0 999.000 999.0 -0.703 -0.041 -0.0 0.0 0.0 30.0 30.0 0 0.0 0 0 0 0 0.0 24.4 15.5 0.065 77.0 0.005 0.0 0.0 0.0 -658.0 59.3 752.8
140.645 0.00024 359.99996 3.1 4.5 43.0 336.5 999.0 999.000 999.0 -0.653 0.038 0.0 0.0 0.0 30.0 30.0 0 0.0 0 0 0 0 0.0 24.4 15.5 0.065 77.0 0.005 0.0 0.0 0.0 -693.0 56.5 721.1
141.253 0.00025 359.99996 2.9 4.9 45.5 336.5 999.0 999.000 999.0 -0.653 0.038 0.0 0.0 0.0 30.0 30.0 0 0.0 0 0 0 0 0.0 24.4 15.5 0.065 77.0 0.005 0.0 0.0 0.0 -722.0 58.5 692.4
141.663 0.00025 359.99996 2.7 5.1 47.7 336.7 999.0 999.000 999.0 -0.513 -0.017 -0.1 0.0 0.0 30.0 30.0 0 0.0 0 0 0 0 0.0 24.4 15.5 0.065 77.0 0.005 0.0 0.0 0.0 -747.0 59.8 665.2
142.255 0.00025 359.99996 2.5 4.7 49.6 336.8 999.0 999.000 999.0 -0.513 -0.017 -0.1 0.0 0.0 30.0 30.0 0 0.0 0 0 0 0 0.0 24.4 15.5 0.065 77.0 0.005 0.0 0.0 0.0 -767.0 51.0 641.5
142.644 0.00025 359.99996 2.4 4.8 51.3 337.1 999.0 999.000 999.0 -0.604 -0.009 -0.0 0.0 0.0 30.0 30.0 0 0.0 0 0 0 0 0.0 24.4 15.5 0.065 77.0 0.005 0.0 0.0 0.0 -786.0 50.0 624.3
143.253 0.00026 359.99996 2.2 4.5 52.9 337.2 999.0 999.000 999.0 -0.604 -0.009 -0.0 0.0 0.0 30.0 30.0 0 0.0 0 0 0 0 0.0 24.4 15.5 0.065 77.0 0.005 0.0 0.0 0.0 -802.0 45.3 600.4
143.645 0.00026 359.99995 2.0 4.6 54.4 337.3 999.0 999.000 999.0 -0.557 0.148 -0.0 0.0 0.0 30.0 30.0 0 0.0 0 0 0 0 0.0 24.4 15.5 0.065 77.0 0.005 0.0 0.0 0.0 -818.0 45.4 577.9
144.255 0.00026 359.99995 1.8 4.6 55.7 337.4 999.0 999.000 999.0 -0.557 0.148 -0.0 0.0 0.0 30.0 30.0 0 0.0 0 0 0 0 0.0 24.4 15.5 0.065 77.0 0.005 0.0 0.0 0.0 -832.0 43.8 559.4
144.644 0.00026 359.99995 1.6 4.5 57.0 337.5 999.0 999.000 999.0 -0.498 -0.129 -0.0 0.0 0.0 30.0 30.0 0 0.0 0 0 0 0 0.0 24.4 15.5 0.065 77.0 0.005 0.0 0.0 0.0 -845.0 39.1 541.0
145.255 0.00027 359.99995 1.4 4.6 58.4 337.7 999.0 999.000 999.0 -0.498 -0.129 -0.0 0.0 0.0 30.0 30.0 0 0.0 0 0 0 0 0.0 24.4 15.5 0.065 77.0 0.005 0.0 0.0 0.0 -856.0 40.7 516.3
145.644 0.00027 359.99995 1.2 5.1 59.6 338.2 999.0 999.000 999.0 -0.569 0.132 0.0 0.0 0.0 30.0 30.0 0 0.0 0 0 0 0 0.0 24.4 15.5 0.065 77.0 0.005 0.0 0.0 0.0 -863.0 45.2 505.3
146.254 0.00027 359.99995 1.0 4.8 60.5 338.1 999.0 999.000 999.0 -0.569 0.132 0.0 0.0 0.0 30.0 30.0 0 0.0 5 0 0 0 0.0 24.4 15.5 0.065 77.0 0.005 0.0 0.0 0.0 -876.0 36.2 490.4
146.664 0.00027 359.99995 0.8 5.0 61.6 338.2 999.0 999.000 999.0 -0.685 0.026 0.0 0.0 0.0 30.0 30.0 0 0.0 5 0 0 0 0.0 24.4 15.5 0.065 77.0 0.005 0.0 0.0 0.0 -881.0 41.8 467.5
147.254 0.00028 359.99995 0.6 6.0 62.1 339.9 999.0 999.000 999.0 -0.685 0.026 0.0 0.0 0.0 30.0 30.0 0 0.0 0 0 0 0 0.0 24.4 15.5 0.065 77.0 0.005 0.0 0.0 0.0 -892.0 52.7 472.3
147.645 0.00028 359.99995 0.4 4.9 63.5 340.2 999.0 999.000 999.0 -0.590 0.128 -0.0 0.0 0.0 30.0 30.0 0 0.0 0 0 0 0 0.0 24.4 15.5 0.065 77.0 0.005 0.0 0.0 0.0 -879.0 28.5 416.2
148.255 0.00028 359.99995 0.2 5.5 61.1 340.5 999.0 999.000 999.0 -0.590 0.128 -0.0 0.0 0.0 30.0 30.0 0 0.0 0 0 0 0 0.0 24.4 15.5 0.065 77.0 0.005 0.0 0.0 0.0 -802.0 49.0 463.0
148.645 0.00028 359.99995 0.3 5.4 47.9 341.6 999.0 999.000 999.0 -0.189 0.025 -0.2 0.0 0.0 30.0 30.0 0 0.0 0 0 0 0 0.0 24.4 15.5 0.065 77.0 0.005 0.0 0.0 0.0 -704.0 55.0 736.6
149.255 0.00028 359.99994 0.4 3.5 36.2 341.7 999.0 999.000 999.0 -0.189 0.025 -0.2 0.0 0.0 30.0 30.0 0 0.0 0 0 0 0 0.0 24.4 15.5 0.065 77.0 0.005 0.0 0.0 0.0 -580.0 33.2 818.8
149.647 0.00029 359.99994 0.4 4.3 27.8 342.3 999.0 999.000 999.0 -0.079 0.176 -0.3 0.0 0.0 30.0 30.0 0 0.0 0 0 0 0 0.0 24.4 15.5 0.065 77.0 0.005 0.0 0.0 0.0 -438.0 76.2 906.5
150.255 0.00029 359.99994 0.4 4.6 20.3 343.3 999.0 999.000 999.0 -0.079 0.176 -0.3 0.0 0.0 30.0 30.0 0 0.0 0 0 0 0 0.0 24.4 15.5 0.065 77.0 0.005 0.0 0.0 0.0 -340.0 68.8 951.6
150.646 0.00029 359.99994 0.4 3.5 15.8 344.0 999.0 999.000 999.0 -0.104 -0.004 -0.2 0.0 0.0 30.0 30.0 0 0.0 0 0 0 0 0.0 24.4 15.5 0.065 77.0 0.005 0.0 0.0 0.0 -256.0 62.3 959.3
151.255 0.00029 359.99994 0.4 4.6 10.4 344.9 999.0 999.000 999.0 -0.104 -0.004 -0.2 0.0 0.0 30.0 30.0 0 0.0 0 0 0 0 0.0 24.4 15.5 0.065 77.0 0.005 0.0 0.0 0.0 -171.0 82.3 987.9
151.664 0.00029 359.99994 0.4 4.5 6.4 344.8 999.0 999.000 999.0 -0.150 -0.008 -0.0 0.0 0.0 30.0 30.0 0 0.0 0 0 0 0 0.0 24.4 15.5 0.065 77.0 0.005 0.0 0.0 0.0 -106.0 75.5 987.9
152.256 0.00029 359.99994 0.4 4.9 3.1 345.0 999.0 999.000 999.0 -0.150 -0.008 -0.0 0.0 0.0 30.0 30.0 0 0.0 0 0 0 0 0.0 24.4 15.5 0.065 77.0 0.005 0.0 0.0 0.0 -36.4 87.3 998.5
152.645 0.00029 359.99994 0.4 4.8 -0.9 344.3 999.0 999.000 999.0 -0.133 0.014 0.0 0.0 0.0 30.0 30.0 0 0.0 0 0 0 0 0.0 24.4 15.5 0.065 77.0 0.005 0.0 0.0 0.0 18.9 77.6 1000.0
153.253 0.00029 359.99994 0.4 4.4 -3.1 344.1 999.0 999.000 999.0 -0.133 0.014 0.0 0.0 0.0 30.0 30.0 0 0.0 0 0 0 0 0.0 24.4 15.5 0.065 77.0 0.005 0.0 0.0 0.0 63.2 79.3 992.9
153.647 0.00029 359.99994 0.3 5.0 -6.3 344.4 999.0 999.000 999.0 0.020 0.082 0.0 0.0 0.0 30.0 30.0 0 0.0 0 0 0 0 0.0 24.4 15.5 0.065 77.0 0.005 0.0 0.0 0.0 119.1 87.1 995.7
154.255 0.00029 359.99994 0.3 5.0 -7.9 343.5 999.0 999.000 999.0 0.020 0.082 0.0 0.0 0.0 30.0 30.0 0 0.0 0 0 0 0 0.0 24.4 15.6 0.065 77.0 0.005 0.0 0.0 0.0 141.6 80.2 980.1
154.645 0.00029 359.99994 0.3 5.9 -9.1 343.2 999.0 999.000 999.0 -0.073 -0.037 0.1 0.0 0.0 30.0 30.0 0 0.0 5 0 0 0 0.0 24.4 15.6 0.065 77.0 0.005 0.0 0.0 0.0 162.9 111.1 988.0
155.257 0.00029 359.99994 0.2 6.5 -9.6 343.0 999.0 999.000 999.0 -0.073 -0.037 0.1 0.0 0.0 30.0 30.0 0 0.0 0 0 0 0 0.0 24.4 15.6 0.065 77.0 0.005 0.0 0.0 0.0 155.3 107.4 992.3
155.647 0.00029 359.99994 0.2 5.6 -7.0 343.0 999.0 999.000 999.0 0.047 -0.008 0.1 0.0 0.0 30.0 30.0 0 0.0 0 0 0 0 0.0 24.4 15.6 0.065 77.0 0.005 0.0 0.0 0.0 104.2 89.5 965.8
156.254 0.00029 359.99994 0.1 6.3 -4.4 341.6 999.0 999.000 999.0 0.047 -0.008 0.1 0.0 0.0 30.0 30.0 0 0.0 0 0 0 0 0.0 24.4 15.6 0.065 77.0 0.005 0.0 0.0 0.0 62.0 116.8 1003.0
156.668 0.00029 359.99994 0.1 7.1 1.1 343.0 999.0 999.000 999.0 -0.040 0.013 0.1 0.0 0.0 30.0 30.0 0 0.0 0 0 0 0 0.0 24.4 15.6 0.065 77.0 0.005 0.0 0.0 0.0 -24.8 124.8 992.6
157.255 0.00030 359.99994 0.0 5.2 2.6 343.1 999.0 999.000 999.0 -0.040 0.013 0.1 0.0 0.0 30.0 30.0 0 0.0 0 0 0 0 0.0 24.4 15.6 0.065 77.0 0.005 0.0 0.0 0.0 -62.7 80.1 931.7
157.645 0.00030 359.99994 0.1 5.9 0.2 343.3 999.0 999.000 999.0 -0.070 0.067 0.0 0.0 0.0 30.0 30.0 0 0.0 0 0 0 0 0.0 24.4 15.6 0.065 77.0 0.005 0.0 0.0 0.0 -1.1 114.1 1011.0
158.257 0.00030 359.99994 0.1 6.4 -2.1 344.3 999.0 999.000 999.0 -0.070 0.067 0.0 0.0 0.0 30.0 30.0 0 0.0 0 0 0 0 0.0 24.4 15.5 0.065 77.0 0.005 0.0 0.0 0.0 52.0 102.1 1010.0
158.647 0.00030 359.99994 0.1 6.8 -3.9 342.5 999.0 999.000 999.0 -0.242 0.055 -0.2 0.0 0.0 30.0 30.0 0 0.0 0 0 0 0 0.0 24.4 15.5 0.065 77.0 0.005 0.0 0.0 0.0 73.1 111.2 990.7
159.256 0.00030 359.99994 0.2 6.2 -5.1 341.5 999.0 999.000 999.0 -0.242 0.055 -0.2 0.0 0.0 30.0 30.0 0 0.0 0 0 0 0 0.0 24.4 15.6 0.065 77.0 0.005 0.0 0.0 0.0 70.1 106.3 979.8
159.648 0.00030 359.99994 0.2 4.2 -4.3 341.3 999.0 999.000 999.0 -0.107 -0.013 0.0 0.0 0.0 30.0 30.0 0 0.0 0 0 0 0 0.0 24.4 15.6 0.065 77.0 0.005 0.0 0.0 0.0 88.6 60.4 1015.0
160.256 0.00030 359.99994 0.2 5.4 -4.0 339.8 999.0 999.000 999.0 -0.107 -0.013 0.0 0.0 0.0 30.0 30.0 0 0.0 0 0 0 0 0.0 24.4 15.6 0.065 77.0 0.005 0.0 0.0 0.0 64.0 97.9 985.6
160.646 0.00030 359.99994 0.2 6.6 -4.3 338.4 999.0 999.000 999.0 -0.109 -0.007 -0.0 0.0 0.0 30.0 30.0 0 0.0 0 0 0 0 0.0 24.4 15.6 0.065 77.0 0.005 0.0 0.0 0.0 71.6 105.7 997.3
161.257 0.00030 359.99994 0.2 4.7 -3.1 338.2 999.0 999.000 999.0 -0.109 -0.007 -0.0 0.0 0.0 30.0 30.0 0 0.0 5 0 0 0 0.0 24.4 15.6 0.065 77.0 0.005 0.0 0.0 0.0 50.6 82.3 994.5
161.663 0.00030 359.99994 0.2 4.8 -2.6 337.7 999.0 999.000 999.0 0.045 0.116 0.0 0.0 0.0 30.0 30.0 0 0.0 0 0 0 0 0.0 24.4 15.6 0.065 77.0 0.005 0.0 0.0 0.0 47.6 66.0 1016.0
162.266 0.00030 359.99994 0.1 6.0 -2.2 337.1 999.0 999.000 999.0 0.045 0.116 0.0 0.0 0.0 30.0 30.0 0 0.0 0 0 0 0 0.0 24.4 15.6 0.065 77.0 0.005 0.0 0.0 0.0 29.7 115.9 969.3
162.659 0.00030 359.99994 0.1 7.2 -1.2 337.1 999.0 999.000 999.0 -0.186 -0.003 0.1 0.0 0.0 30.0 30.0 0 0.0 0 0 0 0 0.0 24.4 15.6 0.065 77.0 0.005 0.0 0.0 0.0 17.6 103.6 1004.0
163.257 0.00030 359.99994 0.1 4.7 -0.3 335.7 999.0 999.000 999.0 -0.186 -0.003 0.1 0.0 0.0 30.0 30.0 0 0.0 0 0 0 0 0.0 24.4 15.6 0.065 77.0 0.005 0.0 0.0 0.0 3.9 71.7 1010.0
163.647 0.00030 359.99994 0.1 5.6 0.3 336.7 999.0 999.000 999.0 -0.069 -0.109 0.1 0.0 0.0 30.0 30.0 0 0.0 5 0 0 0 0.0 24.4 15.6 0.065 77.0 0.005 0.0 0.0 0.0 -18.0 106.5 996.3
164.256 0.00030 359.99994 0.0 6.7 1.9 337.9 999.0 999.000 999.0 -0.069 -0.109 0.1 0.0 0.0 30.0 30.0 0 0.0 0 0 0 0 0.0 24.4 15.6 0.065 77.0 0.005 0.0 0.0 0.0 -27.8 143.1 976.2
164.645 0.00030 359.99994 0.1 8.0 -0.6 337.3 999.0 999.000 999.0 0.004 -0.047 0.0 0.0 0.0 30.0 30.0 0 0.0 5 0 0 0 0.0 24.4 15.6 0.065 77.0 0.005 0.0 0.0 0.0 25.5 22.0 1012.0
165.266 0.00030 359.99994 0.1 10.1 -0.7 337.0 999.0 999.000 999.0 0.004 -0.047 0.0 0.0 0.0 30.0 30.0 0 0.0 0 0 0 0 0.0 24.4 15.6 0.065 77.0 0.005 0.0 0.0 0.0 12.5 174.6 1004.0
165.657 0.00031 359.99994 0.0 7.0 1.3 337.0 999.0 999.000 999.0 -0.064 0.016 -0.0 0.0 0.0 30.0 30.0 0 0.0 0 0 0 0 0.0 24.4 15.6 0.065 77.0 0.005 0.0 0.0 0.0 -35.5 106.8 968.8
166.255 0.00031 359.99994 0.0 3.2 2.8 338.4 999.0 999.000 999.0 -0.064 0.016 -0.0 0.0 0.0 30.0 30.0 0 0.0 5 0 0 0 0.0 24.4 15.6 0.065 77.0 0.005 0.0 0.0 0.0 -40.4 57.1 996.9
166.671 0.00031 359.99994 0.1 5.4 0.7 340.0 999.0 999.000 999.0 0.095 -0.032 0.0 0.0 0.0 30.0 30.0 0 0.0 0 0 0 0 0.0 24.4 15.6 0.065 77.0 0.005 0.0 0.0 0.0 -17.2 109.0 1001.0
167.265 0.00031 359.99994 0.1 7.8 1.6 341.3 999.0 999.000 999.0 0.095 -0.032 0.0 0.0 0.0 30.0 30.0 0 0.0 0 0 0 0 0.0 24.4 15.6 0.065 77.0 0.005 0.0 0.0 0.0 -26.5 124.6 982.9
167.656 0.00031 359.99994 0.1 4.9 1.5 342.2 999.0 999.000 999.0 -0.015 -0.063 -0.0 0.0 0.0 30.0 30.0 0 0.0 0 0 0 0 0.0 24.4 15.6 0.065 77.0 0.005 0.0 0.0 0.0 -19.2 86.9 1014.0
168.258 0.00031 359.99994 0.1 3.9 1.1 342.9 999.0 999.000 999.0 -0.015 -0.063 -0.0 0.0 0.0 30.0 30.0 0 0.0 0 0 0 0 0.0 24.4 15.6 0.065 77.0 0.005 0.0 0.0 0.0 -34.8 54.0 989.2
168.647 0.00031 359.99994 0.1 5.0 2.8 344.6 999.0 999.000 999.0 -0.033 0.025 0.0 0.0 0.0 30.0 30.0 0 0.0 0 0 0 0 0.0 24.4 15.6 0.065 77.0 0.005 0.0 0.0 0.0 -38.8 87.3 992.5
169.256 0.00031 359.99994 0.1 6.9 2.4 344.6 999.0 999.000 999.0 -0.033 0.025 0.0 0.0 0.0 30.0 30.0 0 0.0 0 0 0 0 0.0 24.4 15.6 0.065 77.0 0.005 0.0 0.0 0.0 -42.8 129.9 1010.0
169.649 0.00031 359.99994 0.1 4.8 2.4 345.5 999.0 999.000 999.0 -0.132 0.055 0.0 0.0 0.0 30.0 30.0 0 0.0 0 0 0 0 0.0 24.4 15.6 0.065 77.0 0.005 0.0 0.0 0.0 -48.3 73.1 984.6
170.257 0.00031 359.99994 0.0 3.5 2.4 347.6 999.0 999.000 999.0 -0.132 0.055 0.0 0.0 0.0 30.0 30.0 0 0.0 0 0 0 0 0.0 24.4 15.6 0.065 77.0 0.005 0.0 0.0 0.0 -39.5 59.4 978.3
170.647 0.00031 359.99994 0.1 6.9 0.6 347.5 999.0 999.000 999.0 -0.070 0.033 -0.0 0.0 0.0 30.0 30.0 0 0.0 0 0 0 0 0.0 24.4 15.6 0.065 77.0 0.005 0.0 0.0 0.0 3.5 129.5 1001.0
171.258 0.00031 359.99994 0.1 6.6 -1.2 349.5 999.0 999.000 999.0 -0.070 0.033 -0.0 0.0 0.0 30.0 30.0 0 0.0 0 0 0 0 0.0 24.4 15.6 0.065 77.0 0.005 0.0 0.0 0.0 20.6 110.2 996.2
171.667 0.00031 359.99994 0.1 6.0 -1.6 348.6 999.0 999.000 999.0 -0.079 -0.014 -0.0 0.0 0.0 30.0 30.0 0 0.0 0 0 0 0 0.0 24.4 15.6 0.065 77.0 0.005 0.0 0.0 0.0 19.3 97.5 992.6
172.264 0.00031 359.99994 0.1 6.2 -1.2 350.2 999.0 999.000 999.0 -0.079 -0.014 -0.0 0.0 0.0 30.0 30.0 0 0.0 0 0 0 0 0.0 24.4 15.6 0.065 77.0 0.005 0.0 0.0 0.0 14.7 109.9 990.1
172.659 0.00031 359.99994 0.1 4.6 0.4 350.9 999.0 999.000 999.0 -0.150 -0.040 0.0 0.0 0.0 30.0 30.0 0 0.0 0 0 0 0 0.0 24.4 15.6 0.065 77.0 0.005 0.0 0.0 0.0 0.3 77.8 1012.0
173.258 0.00031 359.99994 0.1 7.0 1.1 350.8 999.0 999.000 999.0 -0.150 -0.040 0.0 0.0 0.0 30.0 30.0 0 0.0 0 0 0 0 0.0 24.4 15.6 0.065 77.0 0.005 0.0 0.0 0.0 -27.5 128.7 987.2
173.648 0.00031 359.99994 0.1 6.2 3.1 352.9 999.0 999.000 999.0 0.001 -0.074 0.0 0.0 0.0 30.0 30.0 0 0.0 0 0 0 0 0.0 24.4 15.6 0.065 77.0 0.005 0.0 0.0 0.0 -62.3 102.4 978.1
174.259 0.00031 359.99994 0.0 3.2 2.5 352.9 999.0 999.000 999.0 0.001 -0.074 0.0 0.0 0.0 30.0 30.0 0 0.0 0 0 0 0 0.0 24.4 15.6 0.065 77.0 0.005 0.0 0.0 0.0 -36.1 42.8 1016.0
174.648 0.00031 359.99994 0.1 6.1 2.5 355.4 999.0 999.000 999.0 -0.112 -0.091 0.0 0.0 0.0 30.0 30.0 0 0.0 5 0 0 0 0.0 24.4 15.6 0.065 77.0 0.005 0.0 0.0 0.0 -37.7 108.1 979.9
175.263 0.00031 359.99994 0.1 7.6 0.8 354.8 999.0 999.000 999.0 -0.112 -0.091 0.0 0.0 0.0 30.0 30.0 0 0.0 0 0 0 0 0.0 24.4 15.6 0.065 77.0 0.005 0.0 0.0 0.0 -12.0 132.7 1005.0
175.659 0.00031 359.99994 0.1 4.1 0.7 355.8 999.0 999.000 999.0 -0.091 0.011 0.0 0.0 0.0 30.0 30.0 0 0.0 0 0 0 0 0.0 24.4 15.6 0.065 77.0 0.005 0.0 0.0 0.0 -22.8 68.9 990.1
176.258 0.00031 359.99994 0.0 4.8 2.0 356.6 999.0 999.000 999.0 -0.091 0.011 0.0 0.0 0.0 30.0 30.0 0 0.0 0 0 0 0 0.0 24.4 15.6 0.065 77.0 0.005 0.0 0.0 0.0 -28.4 66.9 996.2
176.659 0.00031 359.99994 0.1 8.6 1.2 356.8 999.0 999.000 999.0 -0.086 0.063 0.0 0.0 0.0 30.0 30.0 0 0.0 0 0 0 0 0.0 24.4 15.6 0.065 77.0 0.005 0.0 0.0 0.0 -29.1 167.9 977.7
177.264 0.00032 359.99994 0.0 7.0 1.2 357.4 999.0 999.000 999.0 -0.086 0.063 0.0 0.0 0.0 30.0 30.0 0 0.0 0 0 0 0 0.0 24.4 15.6 0.065 77.0 0.005 0.0 0.0 0.0 -14.3 96.6 1009.0
177.656 0.00032 359.99994 0.1 3.9 1.5 357.9 999.0 999.000 999.0 -0.040 0.014 0.0 0.0 0.0 30.0 30.0 0 0.0 0 0 0 0 0.0 24.4 15.6 0.065 77.0 0.005 0.0 0.0 0.0 -26.4 70.1 987.2
178.259 0.00032 359.99994 0.1 5.5 0.9 358.8 999.0 999.000 999.0 -0.040 0.014 0.0 0.0 0.0 30.0 30.0 0 0.0 0 0 0 0 0.0 24.4 15.6 0.065 77.0 0.005 0.0 0.0 0.0 -19.3 95.9 1007.0
178.648 0.00032 359.99994 0.1 8.9 2.0 357.9 999.0 999.000 999.0 -0.227 0.011 -0.0 0.0 0.0 30.0 30.0 0 0.0 0 0 0 0 0.0 24.4 15.6 0.065 77.0 0.005 0.0 0.0 0.0 -31.5 169.9 998.0
179.257 0.00032 359.99994 0.1 5.9 2.4 358.7 999.0 999.000 999.0 -0.227 0.011 -0.0 0.0 0.0 30.0 30.0 0 0.0 0 0 0 0 0.0 24.4 15.6 0.065 77.0 0.005 0.0 0.0 0.0 -42.6 85.2 975.7
179.650 0.00032 359.99994 0.1 1.9 1.5 359.0 999.0 999.000 999.0 -0.144 -0.057 0.1 0.0 0.0 30.0 30.0 0 0.0 0 0 0 0 0.0 24.4 15.6 0.065 77.0 0.005 0.0 0.0 0.0 -32.9 7.0 1012.0
180.263 0.00032 359.99994 0.1 7.5 2.8 359.4 999.0 999.000 999.0 -0.144 -0.057 0.1 0.0 0.0 30.0 30.0 0 0.0 0 0 0 0 0.0 24.4 15.6 0.065 77.0 0.005 0.0 0.0 0.0 -53.1 164.8 988.7
180.657 0.00032 359.99994 0.0 8.0 3.5 359.0 999.0 999.000 999.0 0.011 -0.013 0.0 0.0 0.0 30.0 30.0 0 0.0 5 0 0 0 0.0 24.4 15.6 0.065 77.0 0.005 0.0 0.0 0.0 -56.4 162.2 967.3
181.260 0.00032 359.99994 0.1 18.7 2.5 355.4 999.0 999.000 999.0 0.011 -0.013 0.0 0.0 0.0 30.0 30.0 0 0.0 5 0 0 0 0.0 24.4 15.6 0.065 77.0 0.005 0.0 0.0 0.0 -65.1 419.3 928.9
181.668 0.00032 359.99994 0.1 28.5 0.4 345.0 999.0 999.000 999.0 -0.078 0.222 -0.0 0.0 0.0 30.0 30.0 0 0.0 0 0 0 0 0.0 24.4 15.6 0.065 77.0 0.005 0.0 0.0 0.0 -38.3 491.9 846.9
182.263 0.00032 359.99993 0.1 31.5 -0.1 333.5 999.0 999.000 999.0 -0.078 0.222 -0.0 0.0 0.0 30.0 30.0 0 0.0 0 0 0 0 0.0 24.4 15.6 0.065 77.0 0.005 0.0 0.0 0.0 -2.1 528.8 861.3
182.660 0.00032 359.99993 0.1 28.8 2.6 324.0 999.0 999.000 999.0 -0.492 0.276 -0.3 0.0 0.0 30.0 30.0 0 0.0 0 0 0 0 0.0 24.4 15.6 0.065 77.0 0.005 0.0 0.0 0.0 -44.0 449.9 912.6
183.259 0.00033 359.99993 0.1 20.5 7.4 316.4 999.0 999.000 999.0 -0.492 0.276 -0.3 0.0 0.0 30.0 30.0 0 0.0 0 0 0 0 0.0 24.4 15.6 0.065 77.0 0.005 0.0 0.0 0.0 -143.0 342.9 921.8
183.648 0.00033 359.99993 0.0 23.9 9.1 309.7 999.0 999.000 999.0 -0.497 0.355 -0.1 0.0 0.0 30.0 30.0 0 0.0 5 0 0 0 0.0 24.4 15.6 0.065 77.0 0.005 0.0 0.0 0.0 9.4 450.5 944.3
184.259 0.00033 359.99993 0.1 23.4 7.9 302.6 999.0 999.000 999.0 -0.497 0.355 -0.1 0.0 0.0 30.0 30.0 0 0.0 0 0 0 0 0.0 24.4 15.6 0.065 77.0 0.005 0.0 0.0 0.0 -170.0 429.7 888.5
184.649 0.00033 359.99993 0.1 23.2 4.4 292.8 999.0 999.000 999.0 -0.152 0.136 -0.1 0.0 0.0 30.0 30.0 0 0.0 0 0 0 0 0.0 24.4 15.6 0.065 77.0 0.005 0.0 0.0 0.0 -81.6 390.8 918.5
185.262 0.00033 359.99993 0.1 16.7 2.0 286.7 999.0 999.000 999.0 -0.152 0.136 -0.1 0.0 0.0 30.0 30.0 0 0.0 5 0 0 0 0.0 24.4 15.6 0.065 77.0 0.005 0.0 0.0 0.0 -9.2 267.5 956.9
185.660 0.00033 359.99992 0.0 21.9 1.5 284.6 999.0 999.000 999.0 -0.132 0.111 -0.1 0.0 0.0 30.0 30.0 0 0.0 0 0 0 0 0.0 24.4 15.6 0.065 77.0 0.005 0.0 0.0 0.0 -65.9 348.8 914.7
186.259 0.00033 359.99992 0.1 34.2 1.6 286.2 999.0 999.000 999.0 -0.132 0.111 -0.1 0.0 0.0 30.0 30.0 0 0.0 0 0 0 0 0.0 24.4 15.6 0.065 77.0 0.005 0.0 0.0 0.0 -20.9 643.6 805.5
186.649 0.00033 359.99992 0.1 56.0 4.2 286.9 999.0 999.000 999.0 -0.154 -0.060 0.0 0.0 0.0 30.0 30.0 0 0.0 0 0 0 0 0.0 24.4 15.6 0.065 77.0 0.005 0.0 0.0 0.0 -61.1 801.2 516.4
187.279 0.00033 359.99992 0.1 46.1 2.8 283.4 999.0 999.000 999.0 -0.154 -0.060 0.0 0.0 0.0 30.0 30.0 0 0.0 0 0 0 0 0.0 24.4 15.6 0.065 77.0 0.005 0.0 0.0 0.0 -6.0 730.0 755.7
187.659 0.00033 359.99992 0.1 32.2 1.4 279.6 999.0 999.000 999.0 -0.110 -0.007 -0.1 0.0 0.0 30.0 30.0 0 0.0 0 0 0 0 0.0 24.4 15.6 0.065 77.0 0.005 0.0 0.0 0.0 -74.6 555.2 835.1
188.259 0.00033 359.99992 0.1 58.7 4.0 275.5 999.0 999.000 999.0 -0.110 -0.007 -0.1 0.0 0.0 30.0 30.0 0 0.0 0 0 0 0 0.0 24.4 15.6 0.065 77.0 0.005 0.0 0.0 0.0 -89.2 830.8 488.0
188.651 0.00033 359.99992 0.1 56.2 1.2 270.4 999.0 999.000 999.0 -0.053 0.032 -0.1 0.0 0.0 30.0 30.0 0 0.0 0 0 0 0 0.0 24.4 15.6 0.065 77.0 0.005 0.0 0.0 0.0 -32.7 835.8 557.7
189.260 0.00033 359.99992 0.1 50.6 1.9 266.3 999.0 999.000 999.0 -0.053 0.032 -0.1 0.0 0.0 30.0 30.0 0 0.0 0 0 0 0 0.0 24.4 15.6 0.065 77.0 0.005 0.0 0.0 0.0 -15.6 839.4 650.1
189.650 0.00033 359.99992 0.1 51.2 0.4 265.2 999.0 999.000 999.0 -0.281 0.109 -0.1 0.0 0.0 30.0 30.0 0 0.0 0 0 0 0 0.0 24.4 15.6 0.065 77.0 0.005 0.0 0.0 0.0 -9.1 712.9 616.5
190.263 0.00033 359.99992 0.1 47.9 1.7 264.6 999.0 999.000 999.0 -0.281 0.109 -0.1 0.0 0.0 30.0 30.0 0 0.0 0 0 0 0 0.0 24.4 15.6 0.065 77.0 0.005 0.0 0.0 0.0 -29.5 753.8 635.2
190.660 0.00033 359.99992 0.1 53.6 1.3 262.9 999.0 999.000 999.0 -0.111 0.061 -0.1 0.0 0.0 30.0 30.0 0 0.0 5 0 0 0 0.0 24.4 15.6 0.065 77.0 0.005 0.0 0.0 0.0 -16.9 712.4 629.0
191.260 0.00033 359.99992 0.1 58.6 1.7 263.3 999.0 999.000 999.0 -0.111 0.061 -0.1 0.0 0.0 30.0 30.0 0 0.0 0 0 0 0 0.0 24.4 15.6 0.065 77.0 0.005 0.0 0.0 0.0 -31.0 859.9 545.1
191.650 0.00033 359.99991 0.1 61.7 1.3 267.3 999.0 999.000 999.0 -0.002 0.068 -0.1 0.0 0.0 30.0 30.0 0 0.0 5 0 0 0 0.0 24.4 15.6 0.065 77.0 0.005 0.0 0.0 0.0 -27.3 876.2 482.1
192.295 0.00033 359.99991 0.1 55.5 2.0 273.1 999.0 999.000 999.0 -0.002 0.068 -0.1 0.0 0.0 30.0 30.0 0 0.0 5 0 0 0 0.0 24.4 15.6 0.065 77.0 0.005 0.0 0.0 0.0 -63.0 790.0 587.6
192.661 0.00033 359.99991 0.1 45.9 1.5 277.2 999.0 999.000 999.0 0.117 0.086 0.0 0.0 0.0 30.0 30.0 0 0.0 0 0 0 0 0.0 24.4 15.6 0.065 77.0 0.005 0.0 0.0 0.0 -38.3 657.4 705.6
193.259 0.00033 359.99991 0.1 39.5 2.5 281.1 999.0 999.000 999.0 0.117 0.086 0.0 0.0 0.0 30.0 30.0 0 0.0 0 0 0 0 0.0 24.4 15.6 0.065 77.0 0.005 0.0 0.0 0.0 -42.5 636.7 791.1
193.648 0.00033 359.99991 0.1 38.6 3.7 285.5 999.0 999.000 999.0 -0.082 0.112 -0.1 0.0 0.0 30.0 30.0 0 0.0 5 0 0 0 0.0 24.4 15.6 0.065 77.0 0.005 0.0 0.0 0.0 -80.9 614.2 780.4
194.260 0.00033 359.99991 0.1 43.8 4.9 291.2 999.0 999.000 999.0 -0.082 0.112 -0.1 0.0 0.0 30.0 30.0 0 0.0 0 0 0 0 0.0 24.4 15.6 0.065 77.0 0.005 0.0 0.0 0.0 -117.0 706.7 721.7
194.649 0.00033 359.99991 0.1 46.5 5.5 298.1 999.0 999.000 999.0 -0.022 -0.143 0.1 0.0 0.0 30.0 30.0 0 0.0 0 0 0 0 0.0 24.4 15.6 0.065 77.0 0.005 0.0 0.0 0.0 -104.0 724.6 684.2
195.261 0.00033 359.99991 0.1 49.4 4.9 303.0 999.0 999.000 999.0 -0.022 -0.143 0.1 0.0 0.0 30.0 30.0 0 0.0 5 0 0 0 0.0 24.4 15.6 0.065 77.0 0.005 0.0 0.0 0.0 -70.6 753.7 678.6
195.661 0.00033 359.99991 0.1 38.8 3.5 303.2 999.0 999.000 999.0 -0.379 -0.161 0.1 0.0 0.0 30.0 30.0 0 0.0 0 0 0 0 0.0 24.4 15.6 0.065 77.0 0.005 0.0 0.0 0.0 -46.9 627.2 812.6
196.259 0.00033 359.99991 0.0 -1.0 0.9 304.5 999.0 999.000 999.0 -0.379 -0.161 0.1 0.0 0.0 30.0 30.0 0 0.0 0 0 0 0 0.0 24.4 15.6 0.065 77.0 0.005 0.0 0.0 0.0 25.6 4.0 1028.0
196.649 0.00033 359.99991 0.0 5.6 -1.1 307.1 999.0 999.000 999.0 0.045 -0.059 0.0 0.0 0.0 30.0 30.0 0 0.0 0 0 0 0 0.0 24.4 15.6 0.065 77.0 0.005 0.0 0.0 0.0 9.2 129.0 986.4
197.283 0.00033 359.99991 0.0 6.6 -0.2 307.0 999.0 999.000 999.0 0.045 -0.059 0.0 0.0 0.0 30.0 30.0 0 0.0 0 0 0 0 0.0 24.4 15.6 0.065 77.0 0.005 0.0 0.0 0.0 -19.2 158.1 994.9
197.660 0.00033 359.99991 0.0 10.1 -0.6 303.0 999.0 999.000 999.0 0.150 0.072 -0.0 0.0 0.0 30.0 30.0 0 0.0 5 0 0 0 0.0 24.4 15.6 0.065 77.0 0.005 0.0 0.0 0.0 4.8 172.8 971.5
198.260 0.00033 359.99991 0.0 8.5 -1.9 297.6 999.0 999.000 999.0 0.150 0.072 -0.0 0.0 0.0 30.0 30.0 0 0.0 0 0 0 0 0.0 24.4 15.6 0.065 77.0 0.005 0.0 0.0 0.0 34.6 133.3 976.2
198.651 0.00034 359.99990 0.0 8.6 0.8 293.2 999.0 999.000 999.0 -0.150 0.020 -0.0 0.0 0.0 30.0 30.0 0 0.0 5 0 0 0 0.0 24.4 15.6 0.065 77.0 0.005 0.0 0.0 0.0 -27.0 160.6 979.3
199.260 0.00034 359.99990 0.0 11.5 0.3 290.5 999.0 999.000 999.0 -0.150 0.020 -0.0 0.0 0.0 30.0 30.0 0 0.0 5 0 0 0 0.0 24.4 15.6 0.065 77.0 0.005 0.0 0.0 0.0 -4.8 206.7 975.4
199.651 0.00034 359.99990 0.0 9.9 -0.1 288.4 999.0 999.000 999.0 0.046 0.103 0.0 0.0 0.0 30.0 30.0 0 0.0 0 0 0 0 0.0 24.4 15.6 0.065 77.0 0.005 0.0 0.0 0.0 1.2 128.1 995.2
200.261 0.00034 359.99990 0.0 9.7 -0.3 288.6 999.0 999.000 999.0 0.046 0.103 0.0 0.0 0.0 30.0 30.0 0 0.0 5 0 0 0 0.0 24.4 15.6 0.065 77.0 0.005 0.0 0.0 0.0 -26.7 180.4 980.5
200.660 0.00034 359.99990 0.0 10.7 0.3 288.3 999.0 999.000 999.0 0.106 0.049 0.0 0.0 0.0 30.0 30.0 0 0.0 0 0 0 0 0.0 24.4 15.6 0.065 77.0 0.005 0.0 0.0 0.0 -3.7 199.0 993.6
201.270 0.00034 359.99990 0.0 11.0 0.5 286.7 999.0 999.000 999.0 0.106 0.049 0.0 0.0 0.0 30.0 30.0 0 0.0 0 0 0 0 0.0 24.4 15.6 0.065 77.0 0.005 0.0 0.0 0.0 -23.3 186.1 981.6
201.661 0.00034 359.99990 0.0 7.5 0.3 286.2 999.0 999.000 999.0 -0.001 -0.014 0.1 0.0 0.0 30.0 30.0 0 0.0 0 0 0 0 0.0 24.4 15.6 0.065 77.0 0.005 0.0 0.0 0.0 -15.9 118.4 966.5
202.282 0.00034 359.99990 0.0 10.0 0.0 285.1 999.0 999.000 999.0 -0.001 -0.014 0.1 0.0 0.0 30.0 30.0 0 0.0 0 0 0 0 0.0 24.4 15.6 0.065 77.0 0.005 0.0 0.0 0.0 4.6 188.8 1009.0
202.662 0.00034 359.99990 0.0 10.2 0.8 283.4 999.0 999.000 999.0 -0.140 -0.110 -0.0 0.0 0.0 30.0 30.0 0 0.0 0 0 0 0 0.0 24.4 15.6 0.065 77.0 0.005 0.0 0.0 0.0 -19.3 167.0 964.6
203.261 0.00034 359.99990 0.0 10.2 -0.5 281.2 999.0 999.000 999.0 -0.140 -0.110 -0.0 0.0 0.0 30.0 30.0 0 0.0 0 0 0 0 0.0 24.4 15.6 0.065 77.0 0.005 0.0 0.0 0.0 3.4 167.1 986.3
203.649 0.00034 359.99990 0.0 8.3 -0.9 279.7 999.0 999.000 999.0 0.011 -0.093 -0.0 0.0 0.0 30.0 30.0 0 0.0 0 0 0 0 0.0 24.4 15.6 0.065 77.0 0.005 0.0 0.0 0.0 4.6 143.6 984.6
204.270 0.00034 359.99990 0.0 7.1 -0.6 278.0 999.0 999.000 999.0 0.011 -0.093 -0.0 0.0 0.0 30.0 30.0 0 0.0 0 0 0 0 0.0 24.4 15.6 0.065 77.0 0.005 0.0 0.0 0.0 -2.9 113.3 994.4
204.661 0.00034 359.99990 0.0 10.4 0.3 278.0 999.0 999.000 999.0 -0.010 -0.100 0.0 0.0 0.0 30.0 30.0 0 0.0 5 0 0 0 0.0 24.4 15.6 0.065 77.0 0.005 0.0 0.0 0.0 -1.7 194.5 982.6
205.260 0.00034 359.99990 0.0 12.5 -0.0 276.5 999.0 999.000 999.0 -0.010 -0.100 0.0 0.0 0.0 30.0 30.0 0 0.0 0 0 0 0 0.0 24.4 15.6 0.065 77.0 0.005 0.0 0.0 0.0 7.2 207.4 977.9
205.663 0.00034 359.99990 0.0 11.2 -0.3 275.3 999.0 999.000 999.0 0.007 -0.223 0.0 0.0 0.0 30.0 30.0 0 0.0 0 0 0 0 0.0 24.4 15.6 0.065 77.0 0.005 0.0 0.0 0.0 -13.3 200.6 962.6
206.269 0.00034 359.99990 0.0 10.8 -0.9 273.2 999.0 999.000 999.0 0.007 -0.223 0.0 0.0 0.0 30.0 30.0 0 0.0 5 0 0 0 0.0 24.4 15.6 0.065 77.0 0.005 0.0 0.0 0.0 27.3 179.8 1008.0
206.660 0.00034 359.99990 0.0 8.1 0.7 271.3 999.0 999.000 999.0 -0.088 -0.103 0.0 0.0 0.0 30.0 30.0 0 0.0 5 0 0 0 0.0 24.4 15.6 0.065 77.0 0.005 0.0 0.0 0.0 -12.8 147.2 975.6
207.293 0.00034 359.99989 0.0 11.0 -0.6 270.7 999.0 999.000 999.0 -0.088 -0.103 0.0 0.0 0.0 30.0 30.0 0 0.0 0 0 0 0 0.0 24.4 15.6 0.065 77.0 0.005 0.0 0.0 0.0 4.4 182.4 986.3
207.662 0.00034 359.99989 0.0 10.2 -1.2 270.0 999.0 999.000 999.0 -0.015 0.003 -0.0 0.0 0.0 30.0 30.0 0 0.0 0 0 0 0 0.0 24.4 15.6 0.065 77.0 0.005 0.0 0.0 0.0 6.0 165.7 977.7
208.260 0.00034 359.99989 0.0 10.7 0.3 270.8 999.0 999.000 999.0 -0.015 0.003 -0.0 0.0 0.0 30.0 30.0 0 0.0 0 0 0 0 0.0 24.4 15.6 0.065 77.0 0.005 0.0 0.0 0.0 1.5 204.7 985.5
208.653 0.00034 359.99989 0.0 13.2 0.2 270.2 999.0 999.000 999.0 0.057 -0.186 0.0 0.0 0.0 30.0 30.0 0 0.0 0 0 0 0 0.0 24.4 15.6 0.065 77.0 0.005 0.0 0.0 0.0 -1.0 189.5 976.8
209.268 0.00034 359.99989 0.0 11.5 -0.7 268.9 999.0 999.000 999.0 0.057 -0.186 0.0 0.0 0.0 30.0 30.0 0 0.0 0 0 0 0 0.0 24.4 15.6 0.065 77.0 0.005 0.0 0.0 0.0 11.6 215.8 986.7
209.661 0.00034 359.99989 0.0 8.0 -0.2 267.5 999.0 999.000 999.0 -0.112 -0.137 0.1 0.0 0.0 30.0 30.0 0 0.0 0 0 0 0 0.0 24.4 15.6 0.065 77.0 0.005 0.0 0.0 0.0 -7.1 101.0 979.1
210.262 0.00034 359.99989 0.0 6.7 -1.7 267.4 999.0 999.000 999.0 -0.112 -0.137 0.1 0.0 0.0 30.0 30.0 0 0.0 0 0 0 0 0.0 24.4 15.6 0.065 77.0 0.005 0.0 0.0 0.0 -13.3 150.5 1003.0
210.662 0.00034 359.99989 0.0 11.9 0.1 265.6 999.0 999.000 999.0 -0.093 -0.079 0.0 0.0 0.0 30.0 30.0 0 0.0 0 0 0 0 0.0 24.4 15.6 0.065 77.0 0.005 0.0 0.0 0.0 19.7 209.7 950.5
211.268 0.00034 359.99989 0.0 9.3 -0.7 263.9 999.0 999.000 999.0 -0.093 -0.079 0.0 0.0 0.0 30.0 30.0 0 0.0 0 0 0 0 0.0 24.4 15.6 0.065 77.0 0.005 0.0 0.0 0.0 14.9 124.3 1003.0
211.662 0.00034 359.99989 0.0 3.5 0.3 263.2 999.0 999.000 999.0 0.010 -0.027 0.0 0.0 0.0 30.0 30.0 0 0.0 5 0 0 0 0.0 24.4 15.6 0.065 77.0 0.005 0.0 0.0 0.0 -8.0 90.2 971.6
212.292 0.00034 359.99989 0.0 2.6 -1.2 263.1 999.0 999.000 999.0 0.010 -0.027 0.0 0.0 0.0 30.0 30.0 0 0.0 0 0 0 0 0.0 24.4 15.6 0.065 77.0 0.005 0.0 0.0 0.0 14.1 41.7 992.9
212.662 0.00034 359.99989 0.1 18.6 -0.1 264.5 999.0 999.000 999.0 0.189 -0.053 0.0 0.0 0.0 30.0 30.0 0 0.0 0 0 0 0 0.0 24.4 15.6 0.065 77.0 0.005 0.0 0.0 0.0 -2.2 400.6 949.3
213.262 0.00034 359.99989 0.1 16.9 0.8 267.3 999.0 999.000 999.0 0.189 -0.053 0.0 0.0 0.0 30.0 30.0 0 0.0 5 0 0 0 0.0 24.4 15.6 0.065 77.0 0.005 0.0 0.0 0.0 -3.9 262.0 994.4
213.653 0.00034 359.99989 0.0 7.7 -0.3 268.3 999.0 999.000 999.0 0.056 0.047 0.1 0.0 0.0 30.0 30.0 0 0.0 0 0 0 0 0.0 24.4 15.6 0.065 77.0 0.005 0.0 0.0 0.0 -12.3 156.2 988.4
214.268 0.00034 359.99989 0.0 6.7 -1.1 268.3 999.0 999.000 999.0 0.056 0.047 0.1 0.0 0.0 30.0 30.0 0 0.0 0 0 0 0 0.0 24.4 15.6 0.065 77.0 0.005 0.0 0.0 0.0 -4.8 116.5 965.4
214.662 0.00034 359.99989 0.0 0.9 -1.7 267.7 999.0 999.000 999.0 0.080 -0.186 0.1 0.0 0.0 30.0 30.0 0 0.0 0 0 0 0 0.0 24.4 15.6 0.065 77.0 0.005 0.0 0.0 0.0 14.5 34.9 986.4
215.261 0.00034 359.99988 0.0 2.9 -2.2 266.0 999.0 999.000 999.0 0.080 -0.186 0.1 0.0 0.0 30.0 30.0 0 0.0 5 0 0 0 0.0 24.4 15.6 0.065 77.0 0.005 0.0 0.0 0.0 11.8 49.2 992.6
215.663 0.00034 359.99988 0.0 -0.6 -1.0 265.5 999.0 999.000 999.0 0.140 -0.070 0.0 0.0 0.0 30.0 30.0 0 0.0 5 0 0 0 0.0 24.4 15.6 0.065 77.0 0.005 0.0 0.0 0.0 15.4 -20.4 977.9
216.268 0.00034 359.99988 0.0 2.6 -1.3 264.0 999.0 999.000 999.0 0.140 -0.070 0.0 0.0 0.0 30.0 30.0 0 0.0 5 0 0 0 0.0 24.4 15.6 0.065 77.0 0.005 0.0 0.0 0.0 -28.3 -1.9 972.7
216.661 0.00034 359.99988 0.0 1.4 -2.4 263.1 999.0 999.000 999.0 0.106 -0.032 0.0 0.0 0.0 30.0 30.0 0 0.0 0 0 0 0 0.0 24.4 15.6 0.065 77.0 0.005 0.0 0.0 0.0 60.4 16.9 1023.0
217.290 0.00034 359.99988 0.0 2.1 -1.0 263.7 999.0 999.000 999.0 0.106 -0.032 0.0 0.0 0.0 30.0 30.0 0 0.0 5 0 0 0 0.0 24.4 15.6 0.065 77.0 0.005 0.0 0.0 0.0 15.0 24.8 973.7
217.662 0.00034 359.99988 0.0 3.1 -2.5 263.2 999.0 999.000 999.0 0.023 -0.189 0.0 0.0 0.0 30.0 30.0 0 0.0 0 0 0 0 0.0 24.4 15.6 0.065 77.0 0.005 0.0 0.0 0.0 57.7 47.2 1057.0
218.270 0.00034 359.99988 0.0 -1.8 -2.4 262.0 999.0 999.000 999.0 0.023 -0.189 0.0 0.0 0.0 30.0 30.0 0 0.0 0 0 0 0 0.0 24.4 15.6 0.065 77.0 0.005 0.0 0.0 0.0 26.0 -27.5 990.9
218.664 0.00034 359.99988 0.0 -0.4 -2.2 263.8 999.0 999.000 999.0 0.030 -0.220 0.0 0.0 0.0 30.0 30.0 0 0.0 0 0 0 0 0.0 24.4 15.6 0.065 77.0 0.005 0.0 0.0 0.0 32.0 -0.3 984.3
219.262 0.00034 359.99988 0.0 0.9 -3.2 263.4 999.0 999.000 999.0 0.030 -0.220 0.0 0.0 0.0 30.0 30.0 0 0.0 0 0 0 0 0.0 24.4 15.6 0.065 77.0 0.005 0.0 0.0 0.0 52.4 6.3 1034.0