7.389 0.00000 0.00000 0.1 10.6 1.4 178.1 999.0 999.000 999.0 nan nan nan 0.0 0.0 0.0 0.0 0 0.0 0 0 0 0 0.0 0.0 0.0 0.000 0.0 0.000 0.0 0.0 0.0 -26.8 187.9 1001.0
7.887 0.00000 0.00000 0.1 5.5 2.0 178.2 999.0 999.000 999.0 nan nan nan 0.0 0.0 0.0 0.0 0 0.0 0 0 0 0 0.0 24.1 15.5 0.065 76.0 0.005 0.0 0.0 0.0 -33.6 83.0 978.5
8.386 0.00000 0.00000 0.1 4.1 1.1 177.4 999.0 999.000 999.0 nan nan nan 0.0 0.0 0.0 0.0 0 0.0 0 0 0 0 0.0 24.1 15.5 0.065 76.0 0.005 0.0 0.0 0.0 -14.7 71.2 1006.0
8.889 0.00000 0.00000 0.1 7.5 0.9 177.7 999.0 999.000 999.0 nan nan nan 0.0 0.0 0.0 0.0 0 0.0 0 0 0 0 0.0 24.1 15.5 0.065 76.0 0.005 0.0 0.0 0.0 -18.1 143.4 990.3
9.287 -0.00000 0.00000 0.1 9.2 0.7 177.4 999.0 999.000 999.0 0.069 0.003 -0.0 0.0 0.0 0.0 0.0 0 0.0 0 0 0 0 0.0 24.1 15.5 0.065 76.0 0.005 0.0 0.0 0.0 -6.5 152.8 982.0
9.887 -0.00000 0.00000 0.0 5.9 0.8 177.6 999.0 999.000 999.0 0.069 0.003 -0.0 0.0 0.0 0.0 0.0 0 0.0 0 0 0 0 0.0 24.1 15.5 0.065 76.0 0.005 0.0 0.0 0.0 -10.8 113.9 999.3
10.289 -0.00000 0.00000 0.1 5.1 0.2 177.5 999.0 999.000 999.0 0.119 0.104 0.0 0.0 0.0 0.0 0.0 0 0.0 0 0 0 0 0.0 24.1 15.5 0.065 76.0 0.005 0.0 0.0 0.0 -8.8 94.5 976.9
10.887 -0.00000 0.00000 0.1 8.2 -0.4 176.9 999.0 999.000 999.0 0.119 0.104 0.0 0.0 0.0 0.0 0.0 0 0.0 0 0 0 0 0.0 24.1 15.5 0.065 76.0 0.005 0.0 0.0 0.0 18.1 161.6 1006.0
11.304 -0.00000 0.00000 0.1 9.7 0.5 176.6 999.0 999.000 999.0 0.010 -0.076 0.0 0.0 0.0 0.0 0.0 0 0.0 0 0 0 0 0.0 24.1 15.5 0.065 76.0 0.005 0.0 0.0 0.0 -5.4 155.3 980.0
11.889 -0.00000 0.00000 0.0 5.9 -0.3 176.6 999.0 999.000 999.0 0.010 -0.076 0.0 0.0 0.0 0.0 0.0 0 0.0 0 0 0 0 0.0 24.1 15.5 0.065 76.0 0.005 0.0 0.0 0.0 -4.2 90.5 1002.0
12.288 -0.00000 0.00000 0.1 5.3 0.7 176.5 999.0 999.000 999.0 0.080 0.153 0.0 0.0 0.0 0.0 0.0 0 0.0 0 0 0 0 0.0 24.1 15.5 0.065 76.0 0.005 0.0 0.0 0.0 -4.0 102.8 984.2
12.887 -0.00000 0.00000 0.1 8.5 0.3 176.5 999.0 999.000 999.0 0.080 0.153 0.0 0.0 0.0 0.0 0.0 0 0.0 0 0 0 0 0.0 24.1 15.5 0.065 76.0 0.005 0.0 0.0 0.0 -5.1 150.6 993.0
13.288 -0.00001 0.00000 0.1 8.1 0.2 176.7 999.0 999.000 999.0 0.144 -0.017 0.0 0.0 0.0 0.0 0.0 0 0.0 5 0 0 0 0.0 24.1 15.5 0.065 76.0 0.005 0.0 0.0 0.0 -6.5 147.9 998.6
13.887 -0.00001 0.00000 0.1 4.0 1.3 175.9 999.0 999.000 999.0 0.144 -0.017 0.0 0.0 0.0 0.0 0.0 0 0.0 5 0 0 0 0.0 24.1 15.5 0.065 76.0 0.005 0.0 0.0 0.0 -23.1 53.0 995.3
14.288 -0.00001 0.00000 0.1 6.2 2.0 175.9 999.0 999.000 999.0 0.074 0.016 0.0 0.0 0.0 0.0 0.0 0 0.0 5 0 0 0 0.0 24.1 15.5 0.065 76.0 0.005 0.0 0.0 0.0 -29.2 126.5 991.4
14.888 -0.00001 0.00000 0.1 8.3 1.4 175.5 999.0 999.000 2.0 0.074 0.016 0.0 0.0 0.0 0.0 0.0 0 0.0 0 0 1 0 0.0 24.1 15.5 0.065 76.0 0.005 0.0 0.0 0.0 -30.4 143.4 990.9
15.287 -0.00001 0.00000 0.1 6.8 1.6 175.5 999.0 999.000 2.0 0.083 0.044 0.0 0.0 0.0 -5.1 -5.1 0 0.0 5 0 1 0 0.0 24.1 15.5 0.065 76.0 0.005 0.0 0.0 0.0 -19.3 113.9 1005.0
15.898 -0.00001 0.00000 0.1 4.8 1.6 175.5 999.0 999.000 2.0 0.083 0.044 0.0 0.0 0.0 -5.2 -5.2 0 0.0 0 0 1 0 0.0 24.1 15.5 0.065 76.0 0.005 0.0 0.0 0.0 -23.7 86.4 996.4
16.302 -0.00001 0.00000 0.1 7.3 1.6 174.9 999.0 999.000 2.0 -0.012 -0.016 -0.0 0.0 0.0 -5.4 -5.4 0 0.0 0 0 1 0 0.0 24.2 15.5 0.065 76.0 0.005 0.0 0.0 0.0 -24.8 144.0 1012.0
16.896 -0.00001 0.00000 0.1 7.0 2.5 174.8 999.0 999.000 2.0 -0.012 -0.016 -0.0 0.0 0.0 -5.6 -5.6 0 0.0 0 0 1 0 0.0 24.2 15.5 0.065 76.0 0.005 0.0 0.0 0.0 -39.5 116.7 980.6
17.289 -0.00001 0.00000 0.1 5.8 2.2 174.7 999.0 999.000 2.0 0.080 -0.004 0.1 0.0 0.0 -5.8 -5.8 0 0.0 0 0 1 0 0.0 24.1 15.5 0.065 76.0 0.005 0.0 0.0 0.0 -38.7 83.7 994.0
17.898 -0.00001 0.00000 0.1 6.5 1.9 174.3 999.0 999.000 2.0 0.080 -0.004 0.1 0.0 0.0 -6.0 -6.0 0 0.0 0 0 1 0 0.0 24.1 15.5 0.065 76.0 0.005 0.0 0.0 0.0 -29.7 130.0 993.9
18.287 -0.00001 0.00000 0.1 7.2 1.0 173.9 999.0 999.000 2.0 0.005 -0.027 -0.0 0.0 0.0 -6.2 -6.2 0 0.0 0 0 1 0 0.0 24.1 15.5 0.065 76.0 0.005 0.0 0.0 0.0 -15.1 123.6 997.3
18.900 -0.00001 0.00000 0.1 6.4 0.7 174.6 999.0 999.000 2.0 0.005 -0.027 -0.0 0.0 0.0 -6.4 -6.4 0 0.0 5 0 1 0 0.0 24.1 15.5 0.065 76.0 0.005 0.0 0.0 0.0 -10.1 108.8 991.9
19.289 -0.00001 0.00000 0.1 6.6 0.9 174.4 190.0 999.000 2.0 0.117 -0.062 0.0 0.0 0.0 -6.6 -6.6 0 0.0 0 1 1 0 0.0 24.1 15.5 0.065 76.0 0.005 0.0 0.0 0.0 -19.8 112.1 985.6
19.897 -0.00001 0.00000 0.1 6.8 0.8 175.1 190.0 999.000 2.0 0.117 -0.062 0.0 0.0 0.0 -6.8 -6.8 0 0.0 0 1 1 0 0.0 24.1 15.5 0.065 76.0 0.005 0.0 0.0 0.0 -12.7 122.3 1006.0
20.290 -0.00001 0.00000 0.1 6.4 2.0 174.9 190.0 999.000 2.0 -0.046 0.021 0.0 0.0 0.0 -7.0 -7.0 0 0.0 5 1 1 0 0.0 24.1 15.5 0.065 76.0 0.005 0.0 0.0 0.0 -32.0 107.9 992.0
20.898 -0.00001 0.00000 0.1 6.6 1.9 175.0 190.0 999.000 2.0 -0.046 0.021 0.0 0.0 0.0 -7.2 -7.2 0 0.0 0 1 1 0 0.0 24.1 15.5 0.065 76.0 0.005 0.0 0.0 0.0 -34.1 107.5 1004.0
21.308 -0.00001 0.00000 0.1 6.3 2.3 175.3 190.0 999.000 2.0 0.037 -0.149 0.0 0.0 0.0 -7.4 -7.4 0 0.0 0 1 1 0 0.0 24.1 15.5 0.065 76.0 0.005 0.0 0.0 0.0 -38.9 105.5 993.4
21.899 -0.00001 0.00000 0.1 5.5 1.7 174.7 190.0 999.000 2.0 0.037 -0.149 0.0 0.0 0.0 -7.6 -7.6 0 0.0 0 1 1 0 0.0 24.1 15.5 0.065 76.0 0.005 0.0 0.0 0.0 -24.2 102.3 1006.0
22.288 -0.00001 0.00000 0.1 6.9 1.7 174.8 190.0 999.000 2.0 -0.077 -0.172 0.0 0.0 0.0 -7.8 -7.8 0 0.0 0 1 1 0 0.0 24.1 15.5 0.065 76.0 0.005 0.0 0.0 0.0 -31.0 125.9 997.9
22.911 -0.00001 0.00000 0.1 6.9 1.6 174.6 190.0 999.000 2.0 -0.077 -0.172 0.0 0.0 0.0 -7.9 -8.0 0 0.0 0 1 1 0 0.0 24.1 15.5 0.065 76.0 0.005 0.0 0.0 0.0 -26.7 121.0 988.5
23.290 -0.00001 0.00000 0.1 12.0 2.0 174.5 190.0 999.000 2.0 0.010 0.011 0.1 0.0 0.0 -8.2 -8.2 12 8.3 7989 1 1 0 0.0 24.1 15.5 0.065 76.0 0.005 0.0 0.0 0.0 -116.0 265.0 950.4
23.899 -0.00001 0.00000 0.1 31.5 0.5 174.4 190.0 999.000 2.0 0.010 0.011 0.1 0.0 0.0 -8.3 -8.3 12 0.0 8289 1 1 0 0.0 24.1 15.5 0.065 76.0 0.005 0.0 0.0 0.0 -58.3 511.2 796.4
24.289 -0.00002 0.00000 0.1 21.5 -1.6 176.7 190.0 999.000 2.0 -0.394 -0.092 0.0 0.0 0.0 -8.5 -8.5 12 0.0 9149 1 1 0 0.0 24.1 15.5 0.065 76.0 0.005 0.0 0.0 0.0 40.5 376.1 1041.0
24.900 -0.00002 0.00000 0.1 -0.0 -1.4 180.4 190.0 999.000 2.0 -0.394 -0.092 0.0 0.0 0.0 -8.7 -8.7 12 0.0 9398 1 1 0 0.0 24.1 15.5 0.065 76.0 0.005 0.0 0.0 0.0 1.7 -53.7 946.6
25.289 -0.00002 0.00000 0.1 1.0 -2.8 184.3 190.0 999.000 2.0 -0.722 -0.007 0.0 0.0 0.0 -8.9 -8.9 12 0.0 9688 1 1 0 0.0 24.1 15.4 0.065 76.0 0.005 0.0 0.0 0.0 17.4 -19.5 927.6
25.899 -0.00002 0.00000 0.1 3.4 -3.1 189.1 190.0 999.000 2.0 -0.722 -0.007 0.0 0.0 0.0 -9.1 -9.1 12 0.0 9713 1 1 0 0.0 24.1 15.4 0.065 76.0 0.005 0.0 0.0 0.0 52.7 95.9 1054.0
26.316 -0.00003 360.00000 0.1 2.2 -3.6 193.3 190.0 999.000 2.0 -0.928 -0.083 0.1 0.0 0.0 -9.2 -9.2 12 0.0 9718 1 1 0 0.0 24.1 15.4 0.065 76.0 0.005 0.0 0.0 0.0 41.9 -13.4 911.5
26.898 -0.00003 360.00000 0.1 4.3 -5.3 197.0 190.0 999.000 2.0 -0.928 -0.083 0.1 0.0 0.0 -9.4 -9.4 12 0.0 9403 1 1 0 0.0 24.1 15.4 0.065 76.0 0.005 0.0 0.0 0.0 63.5 27.3 889.9
27.290 -0.00004 360.00000 0.2 6.7 -6.6 199.9 190.0 999.000 2.0 -1.157 -0.031 0.0 0.0 0.0 -9.5 -9.5 12 0.0 9658 1 1 0 0.0 24.1 15.4 0.065 76.0 0.005 0.0 0.0 0.0 113.0 95.8 958.4
27.900 -0.00004 359.99999 0.2 9.8 -8.5 202.0 190.0 999.000 2.0 -1.157 -0.031 0.0 0.0 0.0 -9.6 -9.6 12 0.0 8789 1 1 0 0.0 24.1 15.4 0.065 76.0 0.005 0.0 0.0 0.0 196.4 148.0 1135.0
28.289 -0.00005 359.99999 0.3 16.1 -11.3 203.2 190.0 999.000 2.0 -1.192 -0.002 0.0 0.0 0.0 -9.6 -9.6 12 0.0 8299 1 1 0 0.0 24.1 15.4 0.065 76.0 0.005 0.0 0.0 0.0 201.7 256.5 935.4
28.900 -0.00005 359.99999 0.4 21.0 -14.0 202.9 190.0 999.000 2.0 -1.192 -0.002 0.0 0.0 0.0 -9.5 -9.5 12 0.0 8289 1 1 0 0.0 24.1 15.4 0.065 76.0 0.005 0.0 0.0 0.0 238.6 344.2 887.2
29.292 -0.00006 359.99999 0.6 24.5 -16.3 202.9 190.0 999.000 2.0 -1.258 -0.076 0.1 0.0 0.0 -9.4 -9.4 12 8.3 8319 1 1 0 0.0 24.1 15.4 0.065 76.0 0.005 0.0 0.0 0.0 289.1 418.0 875.7
29.997 -0.00006 359.99999 0.8 24.0 -18.3 201.5 190.0 999.000 2.0 -1.258 -0.076 0.1 -12.9 -12.9 -9.2 -9.2 12 8.4 8324 1 1 0 0.0 24.1 15.4 0.065 76.0 0.005 0.0 0.0 0.0 312.9 366.0 831.8
30.301 -0.00007 359.99998 0.9 17.6 -19.1 198.7 190.0 999.000 2.0 -1.329 0.051 0.1 -11.5 -11.5 -8.8 -8.8 12 8.4 8374 1 1 0 0.0 24.1 15.4 0.065 76.0 0.005 0.0 0.0 0.0 328.7 287.1 900.3
30.901 -0.00007 359.99998 1.1 10.8 -20.2 195.6 190.0 999.000 2.0 -1.329 0.051 0.1 -8.7 -8.7 -8.6 -8.6 12 0.0 8334 1 1 0 0.0 24.1 15.4 0.065 76.0 0.005 0.0 0.0 0.0 344.5 191.4 938.5
31.305 -0.00008 359.99998 1.3 8.5 -21.4 193.3 190.0 999.000 2.0 -1.451 -0.001 0.1 -5.6 -5.6 -8.2 -8.2 12 0.0 8274 1 1 0 0.0 24.1 15.4 0.065 76.0 0.005 0.0 0.0 0.0 358.0 129.6 902.9
31.901 -0.00009 359.99998 1.6 9.3 -22.4 192.7 190.0 999.000 2.0 -1.451 -0.001 0.1 -3.3 -3.3 -7.7 -7.7 12 0.0 8289 1 1 0 0.0 24.1 15.4 0.065 76.0 0.005 0.0 0.0 0.0 382.6 186.0 894.5
32.291 -0.00009 359.99998 1.8 13.2 -22.9 193.0 190.0 999.000 2.0 -1.520 0.041 0.1 -2.7 -2.7 0.0 0.0 12 8.4 8309 1 1 0 0.0 24.1 15.4 0.065 76.0 0.005 0.0 0.0 0.0 384.7 187.1 871.9
32.898 -0.00010 359.99998 2.0 16.3 -21.0 194.0 190.0 999.000 2.0 -1.520 0.041 0.1 -3.0 -3.0 0.0 0.0 12 0.0 8394 1 1 0 0.0 24.1 15.4 0.065 76.0 0.005 0.0 0.0 0.0 357.2 222.6 880.2
33.291 -0.00011 359.99997 2.3 19.3 -18.8 194.9 190.0 999.000 2.0 -1.603 -0.034 0.1 -4.0 -4.0 0.0 0.0 12 8.4 8454 1 1 0 0.0 24.1 15.4 0.065 76.0 0.005 0.0 0.0 0.0 319.0 322.6 907.5
33.900 -0.00011 359.99997 2.5 19.6 -16.7 195.8 190.0 999.000 2.0 -1.603 -0.034 0.1 -4.9 -4.9 0.0 0.0 12 8.4 8424 1 1 0 0.0 24.1 15.4 0.065 76.0 0.005 0.0 0.0 0.0 291.9 332.8 915.4
34.289 -0.00012 359.99997 2.7 18.9 -14.5 196.5 190.0 999.000 2.0 -1.556 -0.072 0.1 -5.8 -5.8 0.0 0.0 12 0.0 8399 1 1 0 0.0 24.1 15.4 0.065 76.0 0.005 0.0 0.0 0.0 263.1 334.2 950.5
34.901 -0.00013 359.99997 2.8 17.0 -13.0 196.8 190.0 999.000 2.0 -1.556 -0.072 0.1 -6.5 -6.5 -4.3 -4.3 12 0.0 8424 1 1 0 0.0 24.1 15.4 0.065 76.0 0.005 0.0 0.0 0.0 212.6 289.5 944.4
35.290 -0.00013 359.99997 3.0 15.2 -12.6 196.0 190.0 999.000 2.0 -1.478 0.021 0.1 -6.8 -6.8 -3.9 -3.9 12 8.3 8429 1 1 0 0.0 24.2 15.4 0.065 76.0 0.005 0.0 0.0 0.0 216.4 245.6 935.2
35.899 -0.00014 359.99996 3.1 13.6 -12.1 194.8 190.0 999.000 2.0 -1.478 0.021 0.1 -6.0 -6.0 -3.4 -3.4 12 0.0 8434 1 1 0 0.0 24.2 15.4 0.065 76.0 0.005 0.0 0.0 0.0 220.0 197.3 949.6
36.313 -0.00015 359.99996 3.2 13.8 -11.5 194.1 190.0 999.000 2.0 -1.407 -0.034 0.0 -4.8 -4.8 -3.0 -3.0 12 0.0 8399 1 1 0 0.0 24.2 15.4 0.065 76.0 0.005 0.0 0.0 0.0 196.7 268.5 957.5
36.901 -0.00015 359.99996 3.3 15.2 -10.9 194.0 190.0 999.000 2.0 -1.407 -0.034 0.0 -4.1 -4.1 -2.5 -2.5 12 8.4 8339 1 1 0 0.0 24.2 15.4 0.065 76.0 0.005 0.0 0.0 0.0 192.3 245.7 957.1
37.290 -0.00016 359.99996 3.4 16.7 -10.0 194.3 190.0 999.000 2.0 -1.575 -0.091 0.1 -4.0 -4.0 -2.1 -2.1 12 0.0 8339 1 1 0 0.0 24.2 15.4 0.065 76.0 0.005 0.0 0.0 0.0 167.5 293.7 948.9
37.901 -0.00017 359.99996 3.5 17.3 -9.0 194.9 190.0 999.000 2.0 -1.575 -0.091 0.1 -4.3 -4.3 -1.7 -1.7 12 8.4 8419 1 1 0 0.0 24.2 15.4 0.065 76.0 0.005 0.0 0.0 0.0 152.3 306.3 943.5
38.290 -0.00017 359.99996 3.6 17.4 -7.8 195.2 190.0 999.000 2.0 -1.482 0.047 0.1 -4.9 -4.9 -1.3 -1.3 12 8.4 8404 1 1 0 0.0 24.2 15.4 0.065 76.0 0.005 0.0 0.0 0.0 117.9 314.5 953.9
38.900 -0.00018 359.99995 3.7 17.3 -6.3 195.4 190.0 999.000 2.0 -1.482 0.047 0.1 -5.2 -5.2 -0.9 -0.9 12 0.0 8394 1 1 0 0.0 24.2 15.4 0.065 76.0 0.005 0.0 0.0 0.0 103.7 300.0 968.2
39.292 -0.00019 359.99995 3.7 17.0 -4.7 195.5 190.0 999.000 2.0 -1.545 -0.013 0.0 -5.4 -5.4 -0.6 -0.6 12 0.0 8394 1 1 0 0.0 24.1 15.4 0.065 76.0 0.005 0.0 0.0 0.0 83.2 301.1 973.7
39.901 -0.00019 359.99995 3.8 16.6 -3.0 195.3 190.0 999.000 2.0 -1.545 -0.013 0.0 -5.5 -5.5 -0.3 -0.3 12 8.4 8364 1 1 0 0.0 24.1 15.4 0.065 76.0 0.005 0.0 0.0 0.0 43.9 258.2 943.6
40.291 -0.00020 359.99995 3.8 16.5 -1.3 195.2 190.0 999.000 2.0 -1.399 -0.017 0.1 -5.3 -5.3 -0.0 -0.1 12 8.4 8394 1 1 0 0.0 24.1 15.4 0.065 76.0 0.005 0.0 0.0 0.0 14.8 260.4 941.1
40.901 -0.00020 359.99995 3.8 16.5 0.4 195.2 190.0 999.000 2.0 -1.399 -0.017 0.1 -5.2 -5.2 0.1 0.2 12 0.0 8404 1 1 0 0.0 24.1 15.4 0.065 76.0 0.005 0.0 0.0 0.0 0.3 255.1 971.3
41.317 -0.00021 359.99995 3.7 16.8 2.3 195.1 190.0 999.000 2.0 -1.504 -0.136 0.0 -5.2 -5.2 0.3 0.3 12 0.0 8389 1 1 0 0.0 24.1 15.4 0.065 76.0 0.005 0.0 0.0 0.0 -39.4 288.9 958.3
41.901 -0.00022 359.99994 3.7 16.8 3.9 194.9 190.0 999.000 2.0 -1.504 -0.136 0.0 -5.1 -5.1 0.4 0.4 12 8.4 8394 1 1 0 0.0 24.1 15.4 0.065 76.0 0.005 0.0 0.0 0.0 -78.6 273.2 947.1
42.292 -0.00022 359.99994 3.6 17.2 5.6 194.9 190.0 999.000 2.0 -1.486 -0.120 0.1 -4.9 -4.9 0.4 0.4 12 0.0 8369 1 1 0 0.0 24.1 15.4 0.065 76.0 0.005 0.0 0.0 0.0 -106.0 280.6 960.3
42.901 -0.00023 359.99994 3.5 17.4 7.3 195.0 190.0 999.000 2.0 -1.486 -0.120 0.1 -4.9 -4.9 0.3 0.4 12 0.0 8459 1 1 0 0.0 24.1 15.4 0.065 76.0 0.005 0.0 0.0 0.0 -119.0 313.4 966.3
43.292 -0.00024 359.99994 3.4 18.1 8.9 195.1 190.0 999.000 2.0 -1.622 -0.000 0.1 -5.0 -5.0 0.2 0.2 12 0.0 8464 1 1 0 0.0 24.1 15.4 0.065 76.0 0.005 0.0 0.0 0.0 -166.0 323.6 947.2
43.901 -0.00025 359.99994 3.2 18.2 10.5 195.3 190.0 999.000 2.0 -1.622 -0.000 0.1 -5.1 -5.1 0.1 0.1 12 8.4 8454 1 1 0 0.0 24.1 15.4 0.065 76.0 0.005 0.0 0.0 0.0 -185.0 333.7 956.8
44.291 -0.00025 359.99993 3.0 17.8 11.9 195.2 190.0 999.000 2.0 -1.711 -0.116 0.0 -5.3 -5.3 -0.2 -0.2 12 0.0 8414 1 1 0 0.0 24.1 15.4 0.065 76.0 0.005 0.0 0.0 0.0 -209.0 320.1 933.3
44.902 -0.00026 359.99993 2.8 17.7 13.2 195.1 190.0 999.000 2.0 -1.711 -0.116 0.0 -5.2 -5.2 -0.5 -0.5 12 0.0 8359 1 1 0 0.0 24.1 15.4 0.065 76.0 0.005 0.0 0.0 0.0 -232.0 295.2 950.0
45.291 -0.00027 359.99993 2.6 17.5 14.4 195.0 190.0 999.000 2.0 -1.573 -0.021 0.1 -5.1 -5.1 -0.9 -0.9 12 8.4 8399 1 1 0 0.0 24.1 15.4 0.065 76.0 0.005 0.0 0.0 0.0 -245.0 280.8 936.2
45.899 -0.00027 359.99993 2.4 17.2 15.5 194.6 190.0 999.000 2.0 -1.573 -0.021 0.1 -5.0 -5.0 -1.3 -1.3 12 8.4 8449 1 1 0 0.0 24.1 15.4 0.065 76.0 0.005 0.0 0.0 0.0 -279.0 307.3 912.6
46.313 -0.00028 359.99993 2.2 17.3 16.5 194.5 190.0 999.000 2.0 -1.534 -0.156 0.0 -4.6 -4.6 0.0 0.0 12 0.0 8434 1 1 0 0.0 24.1 15.4 0.065 76.0 0.005 0.0 0.0 0.0 -287.0 250.3 909.8
46.900 -0.00029 359.99993 1.9 18.2 17.8 194.6 190.0 999.000 2.0 -1.534 -0.156 0.0 -4.5 -4.5 0.0 0.0 12 0.0 8414 1 1 0 0.0 24.1 15.4 0.065 76.0 0.005 0.0 0.0 0.0 -301.0 332.7 917.9
47.290 -0.00029 359.99992 1.7 19.1 19.1 194.8 190.0 999.000 2.0 -1.452 -0.070 0.1 -4.6 -4.6 0.0 0.0 12 0.0 8414 1 1 0 0.0 24.1 15.4 0.065 76.0 0.005 0.0 0.0 0.0 -324.0 333.7 906.0
47.903 -0.00030 359.99992 1.4 19.9 20.4 195.1 190.0 999.000 2.0 -1.452 -0.070 0.1 -4.8 -4.8 0.0 0.0 12 0.0 8459 1 1 0 0.0 24.1 15.4 0.065 76.0 0.005 0.0 0.0 0.0 -368.0 336.7 871.6
48.292 -0.00031 359.99992 1.1 19.3 21.6 195.1 190.0 999.000 2.0 -1.561 -0.092 0.0 -5.1 -5.1 -4.5 -4.5 12 8.4 8449 1 1 0 0.0 24.1 15.4 0.065 76.0 0.005 0.0 0.0 0.0 -368.0 312.6 886.1
48.901 -0.00031 359.99992 0.8 18.0 21.5 194.4 190.0 999.000 2.0 -1.561 -0.092 0.0 -5.1 -5.1 -5.3 -5.3 12 0.0 8399 1 1 0 0.0 24.1 15.4 0.065 76.0 0.005 0.0 0.0 0.0 -366.0 271.5 885.9
49.293 -0.00032 359.99992 0.5 16.5 21.2 193.5 190.0 999.000 2.0 -1.554 -0.114 0.1 -4.4 -4.4 -6.2 -6.2 12 0.0 8394 1 1 0 0.0 24.1 15.4 0.065 76.0 0.005 0.0 0.0 0.0 -369.0 276.6 893.2
49.902 -0.00033 359.99992 0.2 15.9 20.3 192.7 190.0 999.000 2.0 -1.554 -0.114 0.1 -4.4 -4.4 -7.2 -7.1 12 0.0 8379 1 1 0 0.0 24.1 15.4 0.065 76.0 0.005 0.0 0.0 0.0 -350.0 267.4 882.1
50.291 -0.00033 359.99991 0.1 16.8 11.5 191.4 190.0 999.000 2.0 -1.531 0.027 0.0 -4.4 -4.4 -8.1 -8.1 12 8.4 8379 1 1 0 0.0 24.1 15.4 0.065 76.0 0.005 0.0 0.0 0.0 -154.0 270.0 863.0
50.902 -0.00034 359.99991 0.1 19.4 -1.5 189.6 190.0 999.000 2.0 -1.531 0.027 0.0 -4.4 -4.4 -8.6 -8.6 12 0.0 8574 1 1 0 0.0 24.1 15.4 0.065 76.0 0.005 0.0 0.0 0.0 45.2 335.4 936.5
51.308 -0.00035 359.99991 0.2 20.7 -5.2 188.6 190.0 999.000 2.0 -1.485 -0.140 -0.3 -4.4 -4.4 -8.6 -8.6 12 0.0 8544 1 1 0 0.0 24.1 15.4 0.065 76.0 0.005 0.0 0.0 0.0 104.4 356.7 939.4
51.902 -0.00035 359.99991 0.3 17.9 -7.3 187.6 190.0 999.000 2.0 -1.485 -0.140 -0.3 -4.4 -4.4 -8.5 -8.5 12 8.4 8419 1 1 0 0.0 24.1 15.4 0.065 76.0 0.005 0.0 0.0 0.0 137.2 306.8 965.6
52.294 -0.00036 359.99991 0.4 16.9 -9.3 186.6 190.0 999.000 2.0 -1.457 0.020 0.0 -4.4 -4.4 -8.5 -8.5 12 0.0 8379 1 1 0 0.0 24.1 15.4 0.065 76.0 0.005 0.0 0.0 0.0 171.7 292.5 967.2
52.902 -0.00037 359.99991 0.5 15.4 -10.7 185.7 190.0 999.000 2.0 -1.457 0.020 0.0 -4.4 -4.4 -8.5 -8.5 12 0.0 8339 1 1 0 0.0 24.1 15.4 0.065 76.0 0.005 0.0 0.0 0.0 184.9 259.7 936.2
53.306 -0.00037 359.99991 0.6 14.5 -11.7 184.6 190.0 999.000 2.0 -1.530 -0.169 0.1 -4.4 -4.4 -8.4 -8.4 12 0.0 6044 1 1 0 0.0 24.1 15.4 0.065 76.0 0.005 0.0 0.0 0.0 263.4 257.5 953.5
53.904 -0.00038 359.99991 0.6 9.2 -12.8 184.6 190.0 999.000 2.0 -1.530 -0.169 0.1 5.4 5.4 -8.3 -8.3 0 0.0 5 1 1 0 0.0 24.1 15.4 0.065 76.0 0.005 0.0 0.0 0.0 256.9 134.4 967.3
54.293 -0.00039 359.99991 0.7 9.3 -14.4 185.6 190.0 999.000 2.0 -1.389 -0.067 0.1 5.4 5.4 -8.2 -8.2 0 0.0 0 1 1 0 0.0 24.2 15.4 0.065 76.0 0.005 0.0 0.0 0.0 280.5 151.6 941.9
54.902 -0.00039 359.99991 0.8 10.3 -16.8 186.4 190.0 999.000 2.0 -1.389 -0.067 0.1 4.4 4.4 -8.1 -8.1 0 0.0 0 1 1 0 0.0 24.2 15.4 0.065 76.0 0.005 0.0 0.0 0.0 309.6 162.8 935.4
55.292 -0.00040 359.99991 0.9 9.9 -19.2 187.4 190.0 999.000 2.0 -0.944 0.092 0.1 3.6 3.6 -8.0 -8.0 0 0.0 5 1 1 0 0.0 24.1 15.5 0.065 76.0 0.005 0.0 0.0 0.0 337.3 158.8 926.6
55.903 -0.00040 359.99991 1.0 9.2 -21.3 188.0 190.0 999.000 2.0 -0.944 0.092 0.1 2.6 2.6 -7.9 -7.9 0 0.0 5 1 1 0 0.0 24.1 15.5 0.065 76.0 0.005 0.0 0.0 0.0 367.3 145.2 920.7
56.293 -0.00041 359.99991 1.1 8.3 -22.6 188.6 190.0 999.000 2.0 -0.904 0.011 0.1 0.0 0.0 -7.8 -7.8 0 0.0 0 1 1 0 0.0 24.1 15.5 0.065 76.0 0.005 0.0 0.0 0.0 389.3 129.4 913.7
56.921 -0.00041 359.99991 1.2 7.4 -23.8 188.8 190.0 999.000 2.0 -0.904 0.011 0.1 0.0 0.0 -7.6 -7.6 0 0.0 0 1 1 0 0.0 24.1 15.5 0.065 76.0 0.005 0.0 0.0 0.0 408.2 115.0 909.4
57.292 -0.00041 359.99990 1.3 6.5 -24.8 188.6 190.0 999.000 2.0 -0.534 0.075 0.1 0.0 0.0 -7.5 -7.5 0 0.0 0 1 1 0 0.0 24.1 15.5 0.065 76.0 0.005 0.0 0.0 0.0 420.1 103.4 903.9
57.903 -0.00041 359.99990 1.3 6.2 -25.8 188.4 190.0 999.000 2.0 -0.534 0.075 0.1 0.0 0.0 -7.4 -7.4 0 0.0 0 1 1 0 0.0 24.1 15.5 0.065 76.0 0.005 0.0 0.0 0.0 437.2 96.8 902.2
58.295 -0.00042 359.99990 1.4 6.2 -26.6 188.2 190.0 999.000 2.0 -0.540 0.085 0.1 0.0 0.0 -7.3 -7.3 0 0.0 0 1 1 0 0.0 24.1 15.5 0.065 76.0 0.005 0.0 0.0 0.0 452.2 96.5 892.3
58.902 -0.00042 359.99990 1.5 6.4 -27.3 188.0 190.0 999.000 2.0 -0.540 0.085 0.1 0.0 0.0 -7.2 -7.2 0 0.0 0 1 1 0 0.0 24.1 15.5 0.065 76.0 0.005 0.0 0.0 0.0 459.1 98.6 883.2
59.294 -0.00042 359.99990 1.5 6.0 -27.8 187.9 190.0 999.000 2.0 -0.559 0.031 0.1 0.0 0.0 -7.1 -7.1 0 0.0 5 1 1 0 0.0 24.1 15.5 0.065 76.0 0.005 0.0 0.0 0.0 468.7 90.9 882.8
59.905 -0.00042 359.99990 1.6 5.7 -28.3 187.9 190.0 999.000 2.0 -0.559 0.031 0.1 0.0 0.0 0.0 0.0 0 0.0 0 1 1 0 0.0 24.1 15.5 0.065 76.0 0.005 0.0 0.0 0.0 474.6 86.8 880.1
60.293 -0.00043 359.99990 1.6 5.6 -28.3 188.1 190.0 999.000 2.0 -0.471 0.001 0.1 0.0 0.0 0.0 0.0 0 0.0 0 1 1 0 0.0 24.1 15.5 0.065 76.0 0.005 0.0 0.0 0.0 475.3 85.5 878.3
60.904 -0.00043 359.99990 1.6 5.6 -28.1 188.3 190.0 999.000 2.0 -0.471 0.001 0.1 0.0 0.0 0.0 0.0 0 0.0 0 1 1 0 0.0 24.1 15.5 0.065 76.0 0.005 0.0 0.0 0.0 472.2 85.7 879.4
61.293 -0.00043 359.99990 1.7 5.4 -27.9 188.2 190.0 999.000 2.0 -0.268 -0.050 0.1 0.0 0.0 0.0 0.0 0 0.0 0 1 1 0 0.0 24.1 15.5 0.065 76.0 0.005 0.0 0.0 0.0 469.8 84.5 883.9
61.922 -0.00043 359.99990 1.7 5.3 -27.7 188.3 190.0 999.000 2.0 -0.268 -0.050 0.1 0.0 0.0 0.0 0.0 0 0.0 0 1 1 0 0.0 24.1 15.5 0.065 76.0 0.005 0.0 0.0 0.0 464.8 82.7 883.8
62.295 -0.00043 359.99990 1.7 5.3 -27.4 188.7 190.0 999.000 2.0 -0.442 -0.087 0.1 0.0 0.0 0.0 0.0 0 0.0 0 1 1 0 0.0 24.1 15.5 0.065 76.0 0.005 0.0 0.0 0.0 460.3 80.0 886.4
62.902 -0.00044 359.99990 1.7 5.2 -27.2 189.1 190.0 999.000 2.0 -0.442 -0.087 0.1 0.0 0.0 0.0 0.0 0 0.0 0 1 1 0 0.0 24.1 15.5 0.065 76.0 0.005 0.0 0.0 0.0 457.9 83.5 888.2
63.292 -0.00044 359.99990 1.7 5.8 -27.1 189.5 190.0 999.000 2.0 -0.221 -0.004 0.1 0.0 0.0 0.0 0.0 0 0.0 5 1 1 0 0.0 24.1 15.5 0.065 76.0 0.005 0.0 0.0 0.0 454.2 91.7 888.3
63.904 -0.00044 359.99990 1.7 5.5 -26.9 189.8 190.0 999.000 2.0 -0.221 -0.004 0.1 0.0 0.0 0.0 0.0 0 0.0 0 1 1 0 0.0 24.1 15.5 0.065 76.0 0.005 0.0 0.0 0.0 454.2 84.6 888.4
64.293 -0.00044 359.99990 1.7 5.1 -26.9 190.2 190.0 999.000 2.0 -0.193 0.149 0.2 0.0 0.0 0.0 0.0 0 0.0 5 1 1 0 0.0 24.1 15.5 0.065 76.0 0.005 0.0 0.0 0.0 453.0 80.3 890.5
64.903 -0.00044 359.99990 1.7 5.6 -26.9 190.7 190.0 999.000 2.0 -0.193 0.149 0.2 0.0 0.0 0.0 0.0 0 0.0 0 1 1 0 0.0 24.1 15.5 0.065 76.0 0.005 0.0 0.0 0.0 454.4 89.7 887.9
65.296 -0.00044 359.99990 1.7 5.9 -27.0 191.0 190.0 999.000 2.0 -0.173 -0.021 0.1 0.0 0.0 0.0 0.0 0 0.0 0 1 1 0 0.0 24.1 15.5 0.065 76.0 0.005 0.0 0.0 0.0 455.1 92.1 886.5
65.904 -0.00044 359.99990 1.6 5.7 -27.1 191.4 190.0 999.000 2.0 -0.173 -0.021 0.1 0.0 0.0 0.0 0.0 0 0.0 5 1 1 0 0.0 24.1 15.5 0.065 76.0 0.005 0.0 0.0 0.0 455.2 86.1 886.7
66.294 -0.00044 359.99990 1.6 5.5 -27.3 192.0 190.0 999.000 2.0 -0.053 -0.008 0.1 0.0 0.0 0.0 0.0 0 0.0 5 1 1 0 0.0 24.1 15.5 0.065 76.0 0.005 0.0 0.0 0.0 460.2 84.5 885.0
66.927 -0.00044 359.99990 1.6 5.6 -27.5 192.3 190.0 999.000 2.0 -0.053 -0.008 0.1 0.0 0.0 0.0 0.0 0 0.0 0 1 1 0 0.0 24.1 15.5 0.065 76.0 0.005 0.0 0.0 0.0 462.5 87.3 885.7
67.295 -0.00044 359.99990 1.5 5.4 -27.6 192.5 190.0 999.000 2.0 -0.019 0.123 0.1 0.0 0.0 0.0 0.0 0 0.0 0 1 1 0 0.0 24.1 15.5 0.065 76.0 0.005 0.0 0.0 0.0 465.1 82.3 886.7
67.904 -0.00045 359.99990 1.5 5.1 -27.9 192.9 190.0 999.000 2.0 -0.019 0.123 0.1 0.0 0.0 0.0 0.0 0 0.0 0 1 1 0 0.0 24.1 15.5 0.065 76.0 0.005 0.0 0.0 0.0 467.0 77.6 880.9
68.295 -0.00045 359.99990 1.4 5.1 -27.9 192.9 190.0 999.000 2.0 0.092 -0.031 0.2 -2.9 -2.9 -7.1 -7.1 0 0.0 5 1 1 0 0.0 24.1 15.5 0.065 76.0 0.005 0.0 0.0 0.0 469.2 77.8 880.1
68.904 -0.00045 359.99990 1.4 5.4 -27.9 193.0 190.0 999.000 2.0 0.092 -0.031 0.2 -2.9 -2.9 -7.2 -7.2 0 0.0 0 1 1 0 0.0 24.1 15.5 0.065 76.0 0.005 0.0 0.0 0.0 471.8 83.2 885.5
69.295 -0.00045 359.99990 1.3 5.3 -28.1 192.7 190.0 999.000 2.0 0.004 0.015 0.2 -3.0 -3.0 -7.4 -7.4 0 0.0 5 1 1 0 0.0 24.1 15.5 0.065 76.0 0.005 0.0 0.0 0.0 469.9 79.7 879.6
69.906 -0.00045 359.99990 1.3 4.8 -27.9 192.5 190.0 999.000 2.0 0.004 0.015 0.2 -2.7 -2.7 -7.6 -7.6 0 0.0 0 1 1 0 0.0 24.1 15.5 0.065 76.0 0.005 0.0 0.0 0.0 466.9 72.8 882.0
70.296 -0.00045 359.99990 1.2 5.2 -27.4 192.2 190.0 999.000 2.0 0.032 -0.009 0.1 0.0 0.0 -7.9 -7.9 0 0.0 0 1 1 0 0.0 24.2 15.5 0.065 76.0 0.005 0.0 0.0 0.0 462.3 80.0 887.3
70.905 -0.00045 359.99990 1.1 5.2 -27.2 191.9 190.0 999.000 2.0 0.032 -0.009 0.1 0.0 0.0 -8.1 -8.1 0 0.0 0 1 1 0 0.0 24.2 15.5 0.065 76.0 0.005 0.0 0.0 0.0 455.0 80.4 887.7
71.294 -0.00045 359.99990 1.1 4.6 -26.5 191.7 190.0 999.000 2.0 -0.018 -0.018 0.2 0.0 0.0 -8.3 -8.3 0 0.0 5 1 1 0 0.0 24.1 15.5 0.065 76.0 0.005 0.0 0.0 0.0 443.2 72.5 891.4
71.922 -0.00045 359.99990 1.0 5.1 -25.5 191.5 190.0 999.000 2.0 -0.018 -0.018 0.2 0.0 0.0 -8.6 -8.6 0 0.0 0 1 1 0 0.0 24.1 15.5 0.065 76.0 0.005 0.0 0.0 0.0 432.2 83.3 900.1
72.296 -0.00045 359.99990 0.9 5.4 -24.8 191.2 190.0 999.000 2.0 0.022 -0.116 0.1 0.0 0.0 -8.9 -8.9 0 0.0 0 1 1 0 0.0 24.1 15.5 0.065 76.0 0.005 0.0 0.0 0.0 414.1 84.6 911.6
72.904 -0.00045 359.99990 0.8 4.4 -23.7 191.1 190.0 999.000 2.0 0.022 -0.116 0.1 0.0 0.0 -9.2 -9.2 0 0.0 0 1 1 0 0.0 24.1 15.5 0.065 76.0 0.005 0.0 0.0 0.0 397.9 68.6 910.3
73.294 -0.00045 359.99990 0.8 4.6 -22.5 191.0 190.0 999.000 2.0 0.214 -0.030 0.1 0.0 0.0 -9.5 -9.5 0 0.0 0 1 1 0 0.0 24.1 15.5 0.065 76.0 0.005 0.0 0.0 0.0 379.5 77.0 918.6
73.906 -0.00045 359.99990 0.7 5.2 -21.3 190.7 190.0 999.000 2.0 0.214 -0.030 0.1 0.0 0.0 -9.8 -9.8 0 0.0 0 1 1 0 0.0 24.1 15.5 0.065 76.0 0.005 0.0 0.0 0.0 362.7 88.1 933.2
74.295 -0.00046 359.99990 0.6 4.6 -20.2 190.5 190.0 999.000 2.0 0.111 0.049 0.1 0.0 0.0 -10.2 -10.2 0 0.0 0 1 1 0 0.0 24.1 15.5 0.065 76.0 0.005 0.0 0.0 0.0 342.5 71.2 936.0
74.903 -0.00046 359.99990 0.5 4.8 -19.2 190.5 190.0 999.000 2.0 0.111 0.049 0.1 0.0 0.0 -10.5 -10.5 0 0.0 0 1 1 0 0.0 24.1 15.5 0.065 76.0 0.005 0.0 0.0 0.0 321.7 84.7 942.9
75.296 -0.00046 359.99990 0.4 5.7 -18.0 190.1 190.0 999.000 2.0 0.163 -0.093 0.1 0.0 0.0 -10.9 -10.9 0 0.0 0 1 1 0 0.0 24.1 15.5 0.065 76.0 0.005 0.0 0.0 0.0 304.1 91.9 942.8
75.904 -0.00046 359.99990 0.4 6.3 -16.2 190.0 190.0 999.000 2.0 0.163 -0.093 0.1 0.0 0.0 -11.2 -11.2 0 0.0 0 1 1 0 0.0 24.1 15.5 0.065 76.0 0.005 0.0 0.0 0.0 276.1 112.4 960.2
76.294 -0.00046 359.99990 0.3 8.0 -14.8 189.8 190.0 999.000 2.0 0.152 0.068 0.1 0.0 0.0 -11.6 -11.6 0 0.0 0 1 1 0 0.0 24.1 15.5 0.065 76.0 0.005 0.0 0.0 0.0 232.1 141.2 951.6
76.927 -0.00046 359.99990 0.2 6.9 -9.6 189.0 190.0 999.000 2.0 0.152 0.068 0.1 0.0 0.0 -11.9 -11.9 0 0.0 0 1 1 0 0.0 24.1 15.5 0.065 76.0 0.005 0.0 0.0 0.0 163.0 111.1 970.6
77.296 -0.00046 359.99990 0.2 7.9 -6.3 188.3 190.0 999.000 2.0 0.164 0.000 0.1 0.0 0.0 -12.3 -12.3 0 0.0 0 1 1 0 0.0 24.1 15.5 0.065 76.0 0.005 0.0 0.0 0.0 99.2 144.1 996.7
77.904 -0.00046 359.99990 0.1 6.4 -3.0 187.8 190.0 999.000 2.0 0.164 0.000 0.1 0.0 0.0 -12.6 -12.6 0 0.0 0 1 1 0 0.0 24.1 15.5 0.065 76.0 0.005 0.0 0.0 0.0 28.4 103.5 981.9
78.297 -0.00046 359.99990 0.1 5.2 0.9 186.8 190.0 999.000 2.0 0.071 0.007 0.1 0.0 0.0 -12.9 -12.9 0 0.0 0 1 1 0 0.0 24.1 15.5 0.065 76.0 0.005 0.0 0.0 0.0 -21.7 78.6 992.7
78.905 -0.00046 359.99990 0.1 6.0 3.2 185.9 190.0 999.000 2.0 0.071 0.007 0.1 0.0 0.0 -13.1 -13.1 0 0.0 0 1 1 0 0.0 24.1 15.5 0.065 76.0 0.005 0.0 0.0 0.0 -53.5 119.0 1007.0
79.295 -0.00046 359.99990 0.1 6.7 3.3 185.3 190.0 999.000 2.0 0.184 0.037 0.1 0.0 0.0 -13.4 -13.4 0 0.0 0 1 1 0 0.0 24.1 15.5 0.065 76.0 0.005 0.0 0.0 0.0 -74.8 114.6 988.5
79.908 -0.00046 359.99990 0.1 5.5 3.2 184.4 190.0 999.000 2.0 0.184 0.037 0.1 0.0 0.0 -13.6 -13.6 0 0.0 0 1 1 0 0.0 24.1 15.5 0.065 76.0 0.005 0.0 0.0 0.0 -57.3 100.4 974.0
80.297 -0.00046 359.99990 0.1 6.1 1.4 184.0 190.0 999.000 2.0 -0.019 -0.010 0.0 0.0 0.0 -13.8 -13.8 0 0.0 0 1 1 0 0.0 24.1 15.5 0.065 76.0 0.005 0.0 0.0 0.0 -9.2 117.6 1000.0
80.905 -0.00046 359.99990 0.1 7.2 -0.4 182.9 190.0 999.000 2.0 -0.019 -0.010 0.0 0.0 0.0 -14.0 -14.0 0 0.0 0 1 1 0 0.0 24.1 15.5 0.065 76.0 0.005 0.0 0.0 0.0 -1.0 114.4 985.4
81.297 -0.00047 359.99990 0.1 7.0 -1.7 182.8 190.0 999.000 2.0 0.073 0.102 -0.0 0.0 0.0 -14.1 -14.1 0 0.0 0 1 1 0 0.0 24.1 15.5 0.065 76.0 0.005 0.0 0.0 0.0 31.7 139.9 1004.0
81.928 -0.00047 359.99990 0.1 6.6 -1.5 182.3 190.0 999.000 2.0 0.073 0.102 -0.0 0.0 0.0 -14.3 -14.3 0 0.0 0 1 1 0 0.0 24.1 15.5 0.065 76.0 0.005 0.0 0.0 0.0 26.2 96.1 976.0
82.296 -0.00047 359.99990 0.1 8.0 -2.3 181.7 190.0 999.000 2.0 -0.002 0.013 0.0 0.0 0.0 -14.5 -14.5 0 0.0 0 1 1 0 0.0 24.1 15.5 0.065 76.0 0.005 0.0 0.0 0.0 42.2 158.9 1001.0
82.905 -0.00047 359.99990 0.1 7.2 -2.0 181.5 190.0 999.000 2.0 -0.002 0.013 0.0 0.0 0.0 -14.7 -14.7 0 0.0 0 1 1 0 0.0 24.1 15.5 0.065 76.0 0.005 0.0 0.0 0.0 34.3 116.0 992.5
83.295 -0.00047 359.99990 0.1 6.1 -1.2 181.3 190.0 999.000 2.0 -0.014 0.083 -0.0 0.0 0.0 -14.9 -14.9 0 0.0 0 1 1 0 0.0 24.1 15.5 0.065 76.0 0.005 0.0 0.0 0.0 15.3 106.6 986.4
83.906 -0.00047 359.99990 0.1 7.3 -0.7 181.1 190.0 999.000 2.0 -0.014 0.083 -0.0 0.0 0.0 -15.1 -15.1 0 0.0 0 1 1 0 0.0 24.1 15.5 0.065 76.0 0.005 0.0 0.0 0.0 16.5 138.8 998.8
84.296 -0.00047 359.99990 0.1 5.7 -0.1 180.6 190.0 999.000 2.0 0.121 0.008 0.1 0.0 0.0 -15.2 -15.2 0 0.0 0 1 1 0 0.0 24.1 15.5 0.065 76.0 0.005 0.0 0.0 0.0 -6.5 78.0 998.1
84.905 -0.00047 359.99990 0.1 6.3 0.8 180.9 190.0 999.000 2.0 0.121 0.008 0.1 0.0 0.0 -15.5 -15.5 0 0.0 0 1 1 0 0.0 24.1 15.5 0.065 76.0 0.005 0.0 0.0 0.0 -13.6 126.3 987.4
85.297 -0.00047 359.99990 0.1 5.9 1.9 180.0 190.0 999.000 2.0 0.174 -0.098 0.0 0.0 0.0 -15.7 -15.7 0 0.0 5 1 1 0 0.0 24.1 15.5 0.065 76.0 0.005 0.0 0.0 0.0 -23.1 94.4 1009.0
85.906 -0.00047 359.99990 0.1 6.5 1.1 179.9 190.0 999.000 2.0 0.174 -0.098 0.0 0.0 0.0 -15.9 -15.9 0 0.0 0 1 1 0 0.0 24.1 15.5 0.065 76.0 0.005 0.0 0.0 0.0 -32.3 127.6 993.0
86.296 -0.00047 359.99990 0.1 6.2 2.8 179.8 190.0 999.000 2.0 -0.036 0.060 0.1 0.0 0.0 -16.1 -16.1 0 0.0 5 1 1 0 0.0 24.1 15.5 0.065 76.0 0.005 0.0 0.0 0.0 -49.9 110.7 977.3
86.925 -0.00047 359.99990 0.0 6.4 2.6 178.3 190.0 999.000 2.0 -0.036 0.060 0.1 0.0 0.0 -16.3 -16.3 0 0.0 0 1 1 0 0.0 24.1 15.5 0.065 76.0 0.005 0.0 0.0 0.0 -35.5 94.1 1003.0
87.296 -0.00047 359.99990 0.1 7.9 1.1 178.7 190.0 999.000 2.0 0.068 0.054 -0.0 0.0 0.0 -16.5 -16.5 0 0.0 5 1 1 0 0.0 24.1 15.5 0.065 76.0 0.005 0.0 0.0 0.0 -31.4 149.9 971.1
87.904 -0.00047 359.99990 0.1 6.2 1.0 178.0 190.0 999.000 2.0 0.068 0.054 -0.0 0.0 0.0 -16.7 -16.7 0 0.0 0 1 1 0 0.0 24.1 15.5 0.065 76.0 0.005 0.0 0.0 0.0 -10.2 106.6 1001.0
88.298 -0.00047 359.99990 0.1 5.9 0.4 176.6 190.0 999.000 2.0 0.198 0.008 -0.0 0.0 0.0 -16.9 -16.9 0 0.0 0 1 1 0 0.0 24.1 15.5 0.065 76.0 0.005 0.0 0.0 0.0 -1.4 110.4 999.4
88.905 -0.00047 359.99990 0.1 8.2 -0.2 176.6 190.0 999.000 2.0 0.198 0.008 -0.0 0.0 0.0 -17.1 -17.1 0 0.0 0 1 1 0 0.0 24.1 15.5 0.065 76.0 0.005 0.0 0.0 0.0 -9.4 141.8 973.1
89.295 -0.00047 359.99990 0.1 8.5 0.8 176.2 190.0 999.000 2.0 0.086 0.064 0.1 0.0 0.0 -17.3 -17.3 0 0.0 0 1 1 0 0.0 24.1 15.5 0.065 76.0 0.005 0.0 0.0 0.0 -13.2 154.4 989.1
89.907 -0.00047 359.99990 0.0 5.8 1.2 175.1 190.0 999.000 2.0 0.086 0.064 0.1 0.0 0.0 -17.5 -17.5 0 0.0 0 1 1 0 0.0 24.1 15.5 0.065 76.0 0.005 0.0 0.0 0.0 -24.5 88.6 1004.0
90.297 -0.00048 359.99990 0.1 5.9 1.8 174.5 190.0 999.000 2.0 0.172 0.117 0.0 0.0 0.0 -17.7 -17.7 0 0.0 5 1 1 0 0.0 24.1 15.5 0.065 76.0 0.005 0.0 0.0 0.0 -34.2 111.1 976.0
90.905 -0.00048 359.99990 0.1 7.5 1.8 174.2 190.0 999.000 2.0 0.172 0.117 0.0 0.0 0.0 -17.9 -17.9 0 0.0 0 1 1 0 0.0 24.1 15.5 0.065 76.0 0.005 0.0 0.0 0.0 -29.1 138.2 1002.0
91.298 -0.00048 359.99990 0.1 6.7 2.1 173.4 190.0 999.000 2.0 0.065 0.112 0.0 0.0 0.0 -18.1 -18.1 0 0.0 0 1 1 0 0.0 24.1 15.5 0.065 76.0 0.005 0.0 0.0 0.0 -36.0 110.7 989.6
91.927 -0.00048 359.99990 0.1 5.5 2.2 173.3 190.0 999.000 2.0 0.065 0.112 0.0 0.0 0.0 -18.3 -18.2 0 0.0 0 1 1 0 0.0 24.1 15.5 0.065 76.0 0.005 0.0 0.0 0.0 -40.5 100.5 997.4
92.297 -0.00048 359.99990 0.1 6.2 2.7 171.9 190.0 999.000 2.0 0.023 -0.008 0.0 0.0 0.0 -18.4 -18.4 0 0.0 5 1 1 0 0.0 24.1 15.5 0.065 76.0 0.005 0.0 0.0 0.0 -41.3 111.4 996.5
92.907 -0.00048 359.99990 0.1 6.8 1.9 172.4 190.0 999.000 2.0 0.023 -0.008 0.0 0.0 0.0 -18.6 -18.6 0 0.0 0 1 1 0 0.0 24.1 15.5 0.065 76.0 0.005 0.0 0.0 0.0 -37.4 136.5 1001.0
93.297 -0.00048 359.99990 0.1 7.1 2.4 171.4 190.0 999.000 2.0 0.045 0.094 0.0 0.0 0.0 -18.8 -18.8 0 0.0 0 1 1 0 0.0 24.1 15.5 0.065 76.0 0.005 0.0 0.0 0.0 -44.3 110.8 957.1
93.907 -0.00048 359.99990 0.1 6.2 1.1 171.5 190.0 999.000 2.0 0.045 0.094 0.0 0.0 0.0 -19.0 -19.0 0 0.0 0 1 1 0 0.0 24.1 15.5 0.065 76.0 0.005 0.0 0.0 0.0 -3.6 117.7 1023.0
94.298 -0.00048 359.99990 0.1 6.6 -0.1 171.5 190.0 999.000 2.0 0.147 -0.063 -0.0 0.0 0.0 -19.2 -19.2 0 0.0 0 1 1 0 0.0 24.1 15.5 0.065 76.0 0.005 0.0 0.0 0.0 -17.4 116.5 983.9
94.907 -0.00048 359.99990 0.1 7.8 1.2 171.6 190.0 999.000 2.0 0.147 -0.063 -0.0 0.0 0.0 -19.4 -19.4 0 0.0 0 1 1 0 0.0 24.1 15.5 0.065 76.0 0.005 0.0 0.0 0.0 -8.1 129.7 976.9
95.297 -0.00048 359.99990 0.0 7.2 0.6 171.0 190.0 999.000 2.0 0.015 -0.036 0.0 0.0 0.0 -19.6 -19.6 0 0.0 5 1 1 0 0.0 24.1 15.5 0.065 76.0 0.005 0.0 0.0 0.0 -10.5 121.3 1005.0
95.906 -0.00048 359.99990 0.1 7.2 -0.2 171.3 190.0 999.000 2.0 0.015 -0.036 0.0 0.0 0.0 -19.8 -19.8 0 0.0 0 1 1 0 0.0 24.1 15.5 0.065 76.0 0.005 0.0 0.0 0.0 -6.3 120.1 994.6
96.297 -0.00048 359.99990 0.1 7.6 1.9 171.5 190.0 999.000 2.0 0.046 -0.134 0.0 0.0 0.0 -20.0 -20.0 0 0.0 0 1 1 0 0.0 24.1 15.5 0.065 76.0 0.005 0.0 0.0 0.0 -21.7 140.8 977.5
96.921 -0.00048 359.99990 0.1 6.5 1.0 171.4 190.0 999.000 2.0 0.046 -0.134 0.0 0.0 0.0 -20.2 -20.2 0 0.0 0 1 1 0 0.0 24.1 15.5 0.065 76.0 0.005 0.0 0.0 0.0 -19.0 119.7 1009.0
97.297 -0.00048 359.99990 0.1 6.7 1.4 170.4 190.0 999.000 2.0 0.109 0.008 -0.0 0.0 0.0 -20.4 -20.4 0 0.0 0 1 1 0 0.0 24.1 15.5 0.065 76.0 0.005 0.0 0.0 0.0 -45.2 108.4 987.3
97.906 -0.00048 359.99990 0.1 7.5 2.7 171.0 190.0 999.000 2.0 0.109 0.008 -0.0 0.0 0.0 -20.6 -20.6 0 0.0 0 1 1 0 0.0 24.1 15.5 0.065 76.0 0.005 0.0 0.0 0.0 -31.8 133.3 989.3
98.299 -0.00048 359.99990 0.1 8.0 2.0 169.8 190.0 999.000 2.0 0.090 0.016 0.0 0.0 0.0 -20.8 -20.8 0 0.0 0 1 1 0 0.0 24.1 15.5 0.065 76.0 0.005 0.0 0.0 0.0 -32.4 127.0 993.0
98.907 -0.00048 359.99990 0.1 6.7 0.6 170.8 190.0 999.000 2.0 0.090 0.016 0.0 0.0 0.0 -21.0 -21.0 0 0.0 0 1 1 0 0.0 24.1 15.5 0.065 76.0 0.005 0.0 0.0 0.0 -14.2 116.9 1007.0
99.296 -0.00048 359.99990 0.1 7.0 1.7 170.4 190.0 999.000 2.0 0.050 -0.033 0.0 0.0 0.0 -21.2 -21.2 0 0.0 5 1 1 0 0.0 24.1 15.5 0.065 76.0 0.005 0.0 0.0 0.0 -28.6 127.2 968.9
99.909 -0.00048 359.99990 0.1 6.7 1.0 170.2 190.0 999.000 2.0 0.050 -0.033 0.0 0.0 0.0 -21.4 -21.4 0 0.0 0 1 1 0 0.0 24.1 15.5 0.065 76.0 0.005 0.0 0.0 0.0 -9.6 96.6 1017.0
100.297 -0.00048 359.99990 0.1 7.6 1.0 170.4 190.0 999.000 2.0 -0.034 0.099 0.0 0.0 0.0 -21.6 -21.6 0 0.0 0 1 1 0 0.0 24.1 15.5 0.065 76.0 0.005 0.0 0.0 0.0 -23.5 143.3 977.9
100.906 -0.00049 359.99990 0.1 7.5 0.1 170.8 190.0 999.000 2.0 -0.034 0.099 0.0 0.0 0.0 -21.8 -21.8 0 0.0 5 1 1 0 0.0 24.1 15.5 0.065 76.0 0.005 0.0 0.0 0.0 2.1 119.9 1005.0
101.299 -0.00049 359.99990 0.1 6.4 1.2 171.1 190.0 999.000 2.0 -0.006 -0.021 0.0 0.0 0.0 -22.0 -22.0 0 0.0 0 1 1 0 0.0 24.1 15.5 0.065 76.0 0.005 0.0 0.0 0.0 -22.9 119.3 986.1
101.926 -0.00049 359.99990 0.1 8.1 0.8 171.4 190.0 999.000 2.0 -0.006 -0.021 0.0 0.0 0.0 -22.1 -22.1 0 0.0 5 1 1 0 0.0 24.1 15.5 0.065 76.0 0.005 0.0 0.0 0.0 -10.8 141.1 992.7
102.298 -0.00049 359.99990 0.1 8.2 1.2 172.0 190.0 999.000 2.0 0.013 -0.021 0.1 0.0 0.0 -22.4 -22.4 0 0.0 0 1 1 0 0.0 24.1 15.5 0.065 76.0 0.005 0.0 0.0 0.0 -27.5 145.8 999.3
102.909 -0.00049 359.99990 0.1 5.9 1.1 172.2 190.0 999.000 2.0 0.013 -0.021 0.1 0.0 0.0 -22.6 -22.6 0 0.0 0 1 1 0 0.0 24.1 15.5 0.065 76.0 0.005 0.0 0.0 0.0 -21.8 97.7 986.2
103.297 -0.00049 359.99990 0.1 5.6 1.4 171.9 190.0 999.000 2.0 0.129 -0.029 0.0 0.0 0.0 -22.7 -22.7 0 0.0 0 1 1 0 0.0 24.1 15.5 0.065 76.0 0.005 0.0 0.0 0.0 -19.7 101.8 989.4
103.907 -0.00049 359.99990 0.1 8.5 1.1 172.1 190.0 999.000 2.0 0.129 -0.029 0.0 0.0 0.0 -22.9 -22.9 0 0.0 0 1 1 0 0.0 24.1 15.5 0.065 76.0 0.005 0.0 0.0 0.0 -20.7 146.8 1001.0
104.299 -0.00049 359.99990 0.1 6.9 1.7 172.7 190.0 999.000 2.0 0.012 0.105 -0.0 0.0 0.0 -23.1 -23.1 0 0.0 0 1 1 0 0.0 24.1 15.5 0.065 76.0 0.005 0.0 0.0 0.0 -38.6 121.4 972.2
104.908 -0.00049 359.99990 0.1 6.2 1.3 172.4 190.0 999.000 2.0 0.012 0.105 -0.0 0.0 0.0 -23.3 -23.3 0 0.0 0 1 1 0 0.0 24.1 15.5 0.065 76.0 0.005 0.0 0.0 0.0 -5.5 110.6 1025.0
105.298 -0.00049 359.99990 0.1 6.5 2.0 172.4 190.0 999.000 2.0 0.041 -0.052 -0.0 0.0 0.0 -23.5 -23.5 0 0.0 0 1 1 0 0.0 24.1 15.5 0.065 76.0 0.005 0.0 0.0 0.0 -38.9 130.9 987.3
105.909 -0.00049 359.99990 0.1 7.0 1.7 171.5 190.0 999.000 2.0 0.041 -0.052 -0.0 0.0 0.0 -23.7 -23.7 0 0.0 0 1 1 0 0.0 24.1 15.5 0.065 76.0 0.005 0.0 0.0 0.0 -39.2 110.2 978.9
106.298 -0.00049 359.99990 0.1 7.3 1.3 171.8 190.0 999.000 2.0 0.229 -0.103 0.0 0.0 0.0 -23.9 -23.9 0 0.0 0 1 1 0 0.0 24.1 15.5 0.065 76.0 0.005 0.0 0.0 0.0 -9.3 133.0 1004.0
106.928 -0.00049 359.99990 0.1 7.0 1.9 171.7 190.0 999.000 2.0 0.229 -0.103 0.0 0.0 0.0 -24.1 -24.1 0 0.0 0 1 1 0 0.0 24.1 15.5 0.065 76.0 0.005 0.0 0.0 0.0 -22.9 126.1 991.2
107.300 -0.00049 359.99990 0.1 9.2 -0.6 172.2 190.0 999.000 2.0 0.042 -0.046 0.0 0.0 0.0 -24.3 -24.3 0 0.0 0 1 1 0 0.0 24.1 15.5 0.065 76.0 0.005 0.0 0.0 0.0 -3.7 175.3 988.8
107.908 -0.00049 359.99990 0.0 6.8 0.8 172.3 190.0 999.000 2.0 0.042 -0.046 0.0 0.0 0.0 -24.5 -24.5 0 0.0 0 1 1 0 0.0 24.1 15.5 0.065 76.0 0.005 0.0 0.0 0.0 -8.1 98.3 971.8
108.299 -0.00049 359.99990 0.0 7.4 0.3 172.7 190.0 999.000 2.0 0.144 -0.088 0.0 0.0 0.0 -24.7 -24.7 0 0.0 0 1 1 0 0.0 24.1 15.5 0.065 76.0 0.005 0.0 0.0 0.0 3.9 145.5 1008.0
108.909 -0.00049 359.99990 0.1 7.2 -0.2 172.1 190.0 999.000 2.0 0.144 -0.088 0.0 0.0 0.0 -24.9 -24.9 0 0.0 0 1 1 0 0.0 24.1 15.5 0.065 76.0 0.005 0.0 0.0 0.0 -3.9 113.1 991.8
109.298 -0.00049 359.99990 0.1 7.0 0.8 173.5 190.0 999.000 2.0 0.144 0.109 0.0 0.0 0.0 -25.1 -25.1 0 0.0 0 1 1 0 0.0 24.2 15.5 0.065 76.0 0.005 0.0 0.0 0.0 -13.7 133.2 984.1
109.909 -0.00050 359.99990 0.1 7.5 1.9 172.4 190.0 999.000 2.0 0.144 0.109 0.0 0.0 0.0 -25.3 -25.3 0 0.0 0 1 1 0 0.0 24.2 15.5 0.065 76.0 0.005 0.0 0.0 0.0 -24.5 121.3 992.5
110.298 -0.00050 359.99990 0.1 6.7 1.3 172.9 190.0 999.000 2.0 0.068 -0.097 0.0 0.0 0.0 -25.5 -25.5 0 0.0 0 1 1 0 0.0 24.1 15.5 0.065 76.0 0.005 0.0 0.0 0.0 -37.1 124.5 995.8
110.908 -0.00050 359.99990 0.1 6.0 2.3 172.7 190.0 999.000 2.0 0.068 -0.097 0.0 0.0 0.0 -25.6 -25.7 0 0.0 0 1 1 0 0.0 24.1 15.5 0.065 76.0 0.005 0.0 0.0 0.0 -37.7 104.0 993.5
111.299 -0.00050 359.99990 0.1 6.1 2.4 172.3 190.0 999.000 2.0 -0.020 0.024 0.0 0.0 0.0 -25.8 -25.9 0 0.0 0 1 1 0 0.0 24.1 15.5 0.065 76.0 0.005 0.0 0.0 0.0 -35.0 102.3 987.9
111.931 -0.00050 359.99990 0.1 7.0 1.5 171.9 190.0 999.000 2.0 -0.020 0.024 0.0 0.0 0.0 -26.0 -26.0 0 0.0 0 1 1 0 0.0 24.1 15.5 0.065 76.0 0.005 0.0 0.0 0.0 -21.7 131.4 1012.0
112.298 -0.00050 359.99990 0.1 6.7 0.9 172.0 190.0 999.000 2.0 0.024 0.026 -0.0 0.0 0.0 -26.2 -26.2 0 0.0 0 1 1 0 0.0 24.1 15.5 0.065 76.0 0.005 0.0 0.0 0.0 -3