6.841 0.00000 0.00000 0.0 7.2 1.3 229.5 999.0 999.000 999.0 nan nan nan 0.0 0.0 0.0 0.0 0 0.0 0 0 0 0 0.0 0.0 0.0 0.000 0.0 0.000 0.0 0.0 0.0 -11.9 131.3 1017.0
7.339 0.00000 0.00000 0.0 7.4 2.9 229.9 999.0 999.000 999.0 nan nan nan 0.0 0.0 0.0 0.0 0 0.0 0 0 0 0 0.0 24.1 15.5 0.065 76.0 0.005 0.0 0.0 0.0 -53.5 125.6 958.1
7.838 0.00000 0.00000 0.0 7.6 1.1 228.4 999.0 999.000 999.0 nan nan nan 0.0 0.0 0.0 0.0 0 0.0 0 0 0 0 0.0 24.1 15.5 0.065 76.0 0.005 0.0 0.0 0.0 -10.5 107.6 1005.0
8.341 0.00000 0.00000 0.0 7.3 0.9 229.8 999.0 999.000 999.0 nan nan nan 0.0 0.0 0.0 0.0 0 0.0 0 0 0 0 0.0 24.1 15.5 0.065 76.0 0.005 0.0 0.0 0.0 -18.5 163.2 993.4
8.740 -0.00000 360.00000 0.0 6.2 2.2 228.0 999.0 999.000 999.0 0.106 0.107 0.1 0.0 0.0 0.0 0.0 0 0.0 0 0 0 0 0.0 24.1 15.5 0.065 76.0 0.005 0.0 0.0 0.0 -32.2 46.2 971.3
9.339 -0.00000 360.00000 0.0 8.1 1.4 227.9 999.0 999.000 999.0 0.106 0.107 0.1 0.0 0.0 0.0 0.0 0 0.0 0 0 0 0 0.0 24.1 15.5 0.065 76.0 0.005 0.0 0.0 0.0 -10.1 149.8 1010.0
9.742 -0.00000 360.00000 0.1 6.1 0.9 228.3 999.0 999.000 999.0 -0.050 0.060 -0.0 0.0 0.0 0.0 0.0 0 0.0 0 0 0 0 0.0 24.1 15.5 0.065 76.0 0.005 0.0 0.0 0.0 -31.2 118.1 994.6
10.339 -0.00000 360.00000 0.0 5.5 2.7 226.9 999.0 999.000 999.0 -0.050 0.060 -0.0 0.0 0.0 0.0 0.0 0 0.0 0 0 0 0 0.0 24.1 15.5 0.065 76.0 0.005 0.0 0.0 0.0 -36.4 89.9 985.5
10.739 -0.00000 360.00000 0.0 7.9 2.7 226.8 999.0 999.000 999.0 -0.035 0.031 0.0 0.0 0.0 0.0 0.0 0 0.0 0 0 0 0 0.0 24.1 15.5 0.065 76.0 0.005 0.0 0.0 0.0 -43.7 142.5 985.0
11.342 -0.00000 360.00000 0.1 6.6 2.0 227.2 999.0 999.000 999.0 -0.035 0.031 0.0 0.0 0.0 0.0 0.0 0 0.0 0 0 0 0 0.0 24.1 15.5 0.065 76.0 0.005 0.0 0.0 0.0 -38.3 121.7 999.1
11.740 -0.00000 360.00000 0.0 6.7 2.8 226.3 999.0 999.000 999.0 0.034 0.091 0.0 0.0 0.0 0.0 0.0 0 0.0 0 0 0 0 0.0 24.1 15.5 0.065 76.0 0.005 0.0 0.0 0.0 -42.3 130.5 974.1
12.340 -0.00000 360.00000 0.0 7.1 2.4 226.0 999.0 999.000 999.0 0.034 0.091 0.0 0.0 0.0 0.0 0.0 0 0.0 0 0 0 0 0.0 24.1 15.5 0.065 76.0 0.005 0.0 0.0 0.0 -40.4 69.5 1006.0
12.742 -0.00000 360.00000 0.0 7.2 1.6 226.1 999.0 999.000 999.0 -0.104 -0.039 0.0 0.0 0.0 0.0 0.0 0 0.0 0 0 0 0 0.0 24.1 15.5 0.065 76.0 0.005 0.0 0.0 0.0 -23.6 157.8 997.2
13.340 -0.00000 360.00000 0.0 5.8 1.7 225.0 999.0 999.000 999.0 -0.104 -0.039 0.0 0.0 0.0 0.0 0.0 0 0.0 5 0 0 0 0.0 24.1 15.5 0.065 76.0 0.005 0.0 0.0 0.0 -15.1 68.1 1003.0
13.740 -0.00000 360.00000 0.0 8.0 0.8 224.8 999.0 999.000 999.0 -0.054 -0.045 0.0 0.0 0.0 0.0 0.0 0 0.0 0 0 0 0 0.0 24.1 15.5 0.065 76.0 0.005 0.0 0.0 0.0 -23.5 181.0 997.1
14.341 -0.00000 360.00000 0.0 7.6 1.9 224.2 999.0 999.000 999.0 -0.054 -0.045 0.0 0.0 0.0 0.0 0.0 0 0.0 0 0 0 0 0.0 24.1 15.5 0.065 76.0 0.005 0.0 0.0 0.0 -27.4 139.2 954.3
14.741 -0.00000 360.00000 0.0 6.7 1.1 223.3 999.0 999.000 999.0 -0.038 -0.180 -0.0 0.0 0.0 0.0 0.0 0 0.0 0 0 0 0 0.0 24.1 15.5 0.065 76.0 0.005 0.0 0.0 0.0 -18.2 97.6 1011.0
15.371 -0.00000 359.99999 0.0 6.7 1.9 223.8 210.0 999.000 999.0 -0.038 -0.180 -0.0 0.0 0.0 0.0 0.0 0 0.0 0 1 0 0 0.0 24.1 15.5 0.065 76.0 0.005 0.0 0.0 0.0 -46.0 120.5 963.9
15.742 -0.00001 359.99999 0.0 8.4 0.6 223.9 210.0 999.000 999.0 -0.110 -0.126 0.0 0.0 0.0 0.0 0.0 0 0.0 5 1 0 0 0.0 24.1 15.5 0.065 76.0 0.005 0.0 0.0 0.0 2.5 135.9 1014.0
16.350 -0.00001 359.99999 0.1 7.1 0.9 222.9 210.0 999.000 999.0 -0.110 -0.126 0.0 0.0 0.0 0.0 0.0 0 0.0 0 1 0 0 0.0 24.1 15.5 0.065 76.0 0.005 0.0 0.0 0.0 -14.3 109.9 990.1
16.742 -0.00001 359.99999 0.0 7.8 0.9 222.0 210.0 999.000 999.0 0.019 0.057 0.1 0.0 0.0 0.0 0.0 0 0.0 5 1 0 0 0.0 24.1 15.5 0.065 76.0 0.005 0.0 0.0 0.0 -25.4 138.9 994.6
17.351 -0.00001 359.99999 0.0 5.9 0.9 222.3 210.0 999.000 999.0 0.019 0.057 0.1 0.0 0.0 0.0 0.0 0 0.0 0 1 0 0 0.0 24.1 15.5 0.065 76.0 0.005 0.0 0.0 0.0 -12.8 101.8 1001.0
17.742 -0.00001 359.99999 0.1 6.1 2.0 220.3 210.0 999.000 999.0 -0.054 0.007 0.0 0.0 0.0 0.0 0.0 0 0.0 0 1 0 0 0.0 24.1 15.5 0.065 76.0 0.005 0.0 0.0 0.0 -29.2 101.8 990.2
18.351 -0.00001 359.99999 0.0 6.7 1.9 220.1 210.0 999.000 999.0 -0.054 0.007 0.0 0.0 0.0 0.0 0.0 0 0.0 5 1 0 0 0.0 24.1 15.5 0.065 76.0 0.005 0.0 0.0 0.0 -42.2 116.9 1000.0
18.743 -0.00001 359.99999 0.0 6.8 2.3 220.3 210.0 999.000 3.5 -0.094 -0.033 0.1 0.0 0.0 0.0 0.0 0 0.0 0 1 1 0 0.0 24.1 15.5 0.065 76.0 0.005 0.0 0.0 0.0 -25.8 111.2 1018.0
19.351 -0.00001 359.99999 0.1 4.8 1.6 218.7 210.0 999.000 3.5 -0.094 -0.033 0.1 0.0 0.0 -10.7 -10.7 0 0.0 0 1 1 0 0.0 24.1 15.5 0.065 76.0 0.005 0.0 0.0 0.0 -30.8 84.3 984.1
19.742 -0.00001 359.99999 0.0 7.1 1.1 217.9 210.0 999.000 3.5 -0.057 0.059 0.0 0.0 0.0 -11.0 -11.0 0 0.0 0 1 1 0 0.0 24.1 15.5 0.065 76.0 0.005 0.0 0.0 0.0 -22.3 129.2 996.7
20.360 -0.00001 359.99999 0.1 7.7 3.1 216.8 210.0 999.000 3.5 -0.057 0.059 0.0 0.0 0.0 -11.4 -11.4 0 0.0 5 1 1 0 0.0 24.1 15.5 0.065 76.0 0.005 0.0 0.0 0.0 -57.6 144.8 959.7
20.741 -0.00001 359.99999 0.0 5.3 1.4 215.9 210.0 999.000 3.5 -0.018 0.075 0.0 0.0 0.0 -11.7 -11.7 0 0.0 0 1 1 0 0.0 24.2 15.5 0.065 76.0 0.005 0.0 0.0 0.0 -18.3 72.8 1015.0
21.352 -0.00001 359.99999 0.1 5.7 0.8 215.2 210.0 999.000 3.5 -0.018 0.075 0.0 0.0 0.0 -12.1 -12.1 0 0.0 0 1 1 0 0.0 24.2 15.5 0.065 76.0 0.005 0.0 0.0 0.0 -14.7 112.7 997.4
21.741 -0.00001 359.99999 0.0 6.7 1.1 213.3 210.0 999.000 3.5 0.018 -0.016 0.0 0.0 0.0 -12.4 -12.4 0 0.0 5 1 1 0 0.0 24.1 15.5 0.065 76.0 0.005 0.0 0.0 0.0 -16.3 124.3 991.2
22.363 -0.00001 359.99999 0.0 7.3 1.8 213.7 210.0 999.000 3.5 0.018 -0.016 0.0 0.0 0.0 -12.8 -12.8 0 0.0 0 1 1 0 0.0 24.1 15.5 0.065 76.0 0.005 0.0 0.0 0.0 -36.5 154.6 977.1
22.743 -0.00001 359.99999 0.1 11.3 0.5 211.5 210.0 999.000 3.5 0.051 0.013 0.0 0.0 0.0 -13.2 -13.1 12 10.0 9238 1 1 0 0.0 24.1 15.5 0.065 76.0 0.005 0.0 0.0 0.0 -40.7 309.2 1126.0
23.352 -0.00001 359.99999 0.1 31.2 -2.1 212.6 210.0 999.000 3.5 0.051 0.013 0.0 0.0 0.0 -13.4 -13.4 12 8.3 8829 1 1 0 0.0 24.1 15.5 0.065 76.0 0.005 0.0 0.0 0.0 -2.8 579.8 829.2
23.741 -0.00001 359.99999 0.1 9.4 -1.6 214.7 210.0 999.000 3.5 -0.415 -0.137 0.0 0.0 0.0 -13.7 -13.7 12 0.0 9623 1 1 0 0.0 24.1 15.5 0.065 76.0 0.005 0.0 0.0 0.0 49.1 165.5 1155.0
24.353 -0.00001 359.99999 0.0 -2.4 -0.6 214.9 210.0 999.000 3.5 -0.415 -0.137 0.0 0.0 0.0 -14.1 -14.1 12 0.0 9718 1 1 0 0.0 24.1 15.5 0.065 76.0 0.005 0.0 0.0 0.0 16.8 -86.6 1013.0
24.742 -0.00002 359.99999 0.0 4.9 -1.3 217.9 210.0 999.000 3.5 -0.689 -0.017 0.0 0.0 0.0 -14.5 -14.5 12 0.0 9678 1 1 0 0.0 24.1 15.4 0.065 76.0 0.005 0.0 0.0 0.0 8.5 104.8 955.5
25.376 -0.00002 359.99998 0.0 1.9 -1.9 220.4 210.0 999.000 3.5 -0.689 -0.017 0.0 0.0 0.0 -14.8 -14.8 12 0.0 10223 1 1 0 0.0 24.1 15.4 0.065 76.0 0.005 0.0 0.0 0.0 42.8 -28.1 1002.0
25.743 -0.00002 359.99998 0.1 3.0 -1.4 222.2 210.0 999.000 3.5 -0.980 0.020 0.0 0.0 0.0 -15.2 -15.2 12 0.0 10048 1 1 0 0.0 24.1 15.4 0.065 76.0 0.005 0.0 0.0 0.0 -4.5 64.7 844.2
26.351 -0.00002 359.99998 0.1 3.1 -2.2 224.9 210.0 999.000 3.5 -0.980 0.020 0.0 0.0 0.0 -15.5 -15.5 12 0.0 10283 1 1 0 0.0 24.1 15.4 0.065 76.0 0.005 0.0 0.0 0.0 6.8 -20.9 878.4
26.741 -0.00003 359.99998 0.1 1.5 -1.9 226.9 210.0 999.000 3.5 -1.034 -0.126 0.0 0.0 0.0 -15.9 -15.8 12 8.4 10173 1 1 0 0.0 24.1 15.4 0.065 76.0 0.005 0.0 0.0 0.0 20.5 6.7 877.4
27.353 -0.00003 359.99997 0.1 0.9 -2.4 228.3 210.0 999.000 3.5 -1.034 -0.126 0.0 0.0 0.0 -16.2 -16.2 12 0.0 10348 1 1 0 0.0 24.1 15.4 0.065 76.0 0.005 0.0 0.0 0.0 56.1 73.2 1060.0
27.742 -0.00003 359.99997 0.1 2.1 -1.7 229.5 210.0 999.000 3.5 -1.070 -0.165 -0.0 0.0 0.0 -16.5 -16.5 12 0.0 10478 1 1 0 0.0 24.1 15.4 0.065 76.0 0.005 0.0 0.0 0.0 58.0 120.1 998.1
28.351 -0.00004 359.99996 0.1 5.6 -1.7 229.8 210.0 999.000 3.5 -1.070 -0.165 -0.0 0.0 0.0 -16.9 -16.9 12 0.0 10328 1 1 0 0.0 24.1 15.4 0.065 76.0 0.005 0.0 0.0 0.0 20.8 34.6 898.5
28.743 -0.00004 359.99996 0.1 7.9 -2.3 232.0 210.0 999.000 3.5 -1.249 -0.084 0.0 0.0 0.0 -17.2 -17.2 12 0.0 10533 1 1 0 0.0 24.1 15.4 0.065 76.0 0.005 0.0 0.0 0.0 59.5 138.0 1024.0
29.352 -0.00004 359.99996 0.1 3.7 -2.3 232.1 210.0 999.000 3.5 -1.249 -0.084 0.0 0.0 0.0 -17.6 -17.6 12 0.0 10333 1 1 0 0.0 24.1 15.4 0.065 76.0 0.005 0.0 0.0 0.0 71.9 62.3 1135.0
29.743 -0.00005 359.99995 0.1 6.1 -3.7 233.2 210.0 999.000 3.5 -1.287 0.116 0.1 0.0 0.0 -17.9 -17.9 12 0.0 10468 1 1 0 0.0 24.1 15.4 0.065 76.0 0.005 0.0 0.0 0.0 124.3 172.0 1136.0
30.376 -0.00005 359.99995 0.1 4.7 -4.5 233.1 210.0 999.000 3.5 -1.287 0.116 0.1 0.0 0.0 -18.2 -18.2 12 0.0 10518 1 1 0 0.0 24.1 15.4 0.065 76.0 0.005 0.0 0.0 0.0 124.2 118.9 1176.0
30.743 -0.00005 359.99994 0.1 2.9 -3.6 233.7 210.0 999.000 3.5 -1.169 -0.024 0.1 0.0 0.0 -18.5 -18.5 12 0.0 10323 1 1 0 0.0 24.1 15.4 0.065 76.0 0.005 0.0 0.0 0.0 52.7 -30.6 937.0
31.353 -0.00006 359.99994 0.1 2.3 -3.0 235.2 210.0 999.000 3.5 -1.169 -0.024 0.1 0.0 0.0 -18.9 -18.9 12 0.0 10658 1 1 0 0.0 24.1 15.4 0.065 76.0 0.005 0.0 0.0 0.0 56.8 39.6 974.0
31.744 -0.00006 359.99993 0.1 2.5 -2.6 236.9 210.0 999.000 3.5 -1.272 0.000 0.1 0.0 0.0 -19.3 -19.3 12 0.0 10603 1 1 0 0.0 24.1 15.4 0.065 76.0 0.005 0.0 0.0 0.0 6.9 7.3 889.5
32.352 -0.00006 359.99993 0.1 -0.2 -2.5 237.1 210.0 999.000 3.5 -1.272 0.000 0.1 0.0 0.0 -19.6 -19.6 12 0.0 10513 1 1 0 0.0 24.1 15.4 0.065 76.0 0.005 0.0 0.0 0.0 13.3 -64.0 790.2
32.744 -0.00007 359.99992 0.1 1.8 -3.7 238.5 210.0 999.000 3.5 -1.181 -0.082 0.1 0.0 0.0 -20.0 -20.0 12 0.0 10518 1 1 0 0.0 24.1 15.4 0.065 76.0 0.005 0.0 0.0 0.0 76.9 106.4 1094.0
33.352 -0.00007 359.99992 0.1 2.0 -4.3 240.3 210.0 999.000 3.5 -1.181 -0.082 0.1 0.0 0.0 -20.3 -20.3 12 0.0 10468 1 1 0 0.0 24.1 15.4 0.065 76.0 0.005 0.0 0.0 0.0 59.3 -4.0 1025.0
33.741 -0.00007 359.99991 0.1 -1.4 -2.3 241.3 210.0 999.000 3.5 -1.100 -0.072 0.2 0.0 0.0 -20.6 -20.6 12 0.0 10593 1 1 0 0.0 24.1 15.4 0.065 76.0 0.005 0.0 0.0 0.0 -7.5 -78.0 832.5
34.354 -0.00007 359.99991 0.1 -2.5 -2.9 243.2 210.0 999.000 3.5 -1.100 -0.072 0.2 0.0 0.0 -21.0 -21.0 12 0.0 10393 1 1 0 0.0 24.1 15.4 0.065 76.0 0.005 0.0 0.0 0.0 31.6 -56.5 823.9
34.743 -0.00008 359.99990 0.1 1.7 -3.6 243.2 210.0 999.000 3.5 -1.249 0.036 0.0 0.0 0.0 -21.4 -21.4 12 0.0 10698 1 1 0 0.0 24.1 15.4 0.065 76.0 0.005 0.0 0.0 0.0 58.2 25.6 939.6
35.371 -0.00008 359.99990 0.1 2.2 -5.2 244.0 210.0 999.000 3.5 -1.249 0.036 0.0 0.0 0.0 -21.6 -21.6 12 0.0 10678 1 1 0 0.0 24.1 15.4 0.065 76.0 0.005 0.0 0.0 0.0 49.4 51.3 872.3
35.744 -0.00008 359.99990 0.1 1.6 -4.8 244.5 210.0 999.000 3.5 -1.138 -0.012 0.0 0.0 0.0 -22.0 -21.9 12 0.0 10663 1 1 0 0.0 24.1 15.4 0.065 76.0 0.005 0.0 0.0 0.0 28.0 -4.2 763.1
36.353 -0.00008 359.99989 0.1 1.6 -4.0 245.7 210.0 999.000 3.5 -1.138 -0.012 0.0 0.0 0.0 -22.3 -22.3 12 0.0 10713 1 1 0 0.0 24.1 15.4 0.065 76.0 0.005 0.0 0.0 0.0 72.7 -14.4 946.1
36.742 -0.00008 359.99989 0.1 -2.7 -3.5 247.1 210.0 999.000 3.5 -1.209 0.039 0.1 0.0 0.0 -22.6 -22.6 12 0.0 10088 1 1 0 0.0 24.1 15.4 0.065 76.0 0.005 0.0 0.0 0.0 100.2 -42.7 1112.0
37.355 -0.00009 359.99988 0.1 2.9 -2.9 247.6 210.0 999.000 3.5 -1.209 0.039 0.1 0.0 0.0 -23.0 -23.0 12 0.0 10488 1 1 0 0.0 24.1 15.4 0.065 76.0 0.005 0.0 0.0 0.0 43.2 88.1 1012.0
37.743 -0.00009 359.99988 0.1 2.0 -3.2 249.1 210.0 999.000 3.5 -1.040 -0.011 0.1 0.0 0.0 -23.4 -23.4 12 0.0 10398 1 1 0 0.0 24.1 15.4 0.065 76.0 0.005 0.0 0.0 0.0 29.8 23.4 898.8
38.352 -0.00009 359.99987 0.1 2.2 -3.0 251.2 210.0 999.000 3.5 -1.040 -0.011 0.1 0.0 0.0 -23.8 -23.8 12 0.0 10468 1 1 0 0.0 24.1 15.4 0.065 76.0 0.005 0.0 0.0 0.0 23.2 -41.7 853.6
38.745 -0.00009 359.99987 0.1 -0.2 -4.3 253.3 210.0 999.000 3.5 -1.052 -0.011 0.1 0.0 0.0 -24.1 -24.1 12 0.0 10443 1 1 0 0.0 24.1 15.4 0.065 76.0 0.005 0.0 0.0 0.0 96.9 13.6 1003.0
39.353 -0.00009 359.99986 0.1 0.8 -3.7 253.6 210.0 999.000 3.5 -1.052 -0.011 0.1 0.0 0.0 -24.4 -24.4 12 0.0 10863 1 1 0 0.0 24.1 15.4 0.065 76.0 0.005 0.0 0.0 0.0 29.2 -10.5 856.8
39.743 -0.00009 359.99986 0.1 3.5 -2.6 254.5 210.0 999.000 3.5 -1.044 -0.112 0.1 0.0 0.0 -24.7 -24.7 12 0.0 10628 1 1 0 0.0 24.1 15.4 0.065 76.0 0.005 0.0 0.0 0.0 41.8 87.0 928.3
40.371 -0.00010 359.99985 0.0 1.5 -4.1 256.0 210.0 999.000 3.5 -1.044 -0.112 0.1 0.0 0.0 -25.1 -25.1 12 0.0 10663 1 1 0 0.0 24.1 15.4 0.065 76.0 0.005 0.0 0.0 0.0 35.0 -9.9 903.4
40.745 -0.00010 359.99985 0.1 3.1 -2.2 257.9 210.0 999.000 3.5 -1.206 -0.081 0.1 0.0 0.0 -25.5 -25.5 12 0.0 10593 1 1 0 0.0 24.1 15.4 0.065 76.0 0.005 0.0 0.0 0.0 57.0 44.8 1027.0
41.353 -0.00010 359.99984 0.1 3.3 -3.8 260.2 210.0 999.000 3.5 -1.206 -0.081 0.1 0.0 0.0 -25.8 -25.8 12 0.0 11093 1 1 0 0.0 24.1 15.4 0.065 76.0 0.005 0.0 0.0 0.0 109.7 146.3 1113.0
41.745 -0.00010 359.99984 0.1 -2.1 -3.5 261.1 210.0 999.000 3.5 -0.981 -0.010 0.0 0.0 0.0 -26.2 -26.2 12 0.0 10878 1 1 0 0.0 24.1 15.4 0.065 76.0 0.005 0.0 0.0 0.0 15.6 -90.0 827.0
42.353 -0.00010 359.99983 0.1 2.7 -2.8 263.0 210.0 999.000 3.5 -0.981 -0.010 0.0 0.0 0.0 -26.5 -26.5 12 0.0 11048 1 1 0 0.0 24.1 15.4 0.065 76.0 0.005 0.0 0.0 0.0 21.1 46.7 852.4
42.744 -0.00010 359.99983 0.0 -2.1 -3.9 265.3 210.0 999.000 3.5 -0.982 -0.081 0.0 0.0 0.0 -26.8 -26.8 12 0.0 10363 1 1 0 0.0 24.1 15.4 0.065 76.0 0.005 0.0 0.0 0.0 79.3 -94.9 1143.0
43.354 -0.00010 359.99983 0.0 -0.5 -1.6 266.3 210.0 999.000 3.5 -0.982 -0.081 0.0 0.0 0.0 -27.2 -27.2 12 0.0 10628 1 1 0 0.0 24.1 15.4 0.065 76.0 0.005 0.0 0.0 0.0 5.0 8.1 829.6
43.744 -0.00010 359.99982 0.0 3.8 -3.4 269.1 210.0 999.000 3.5 -1.048 -0.023 0.0 0.0 0.0 -27.5 -27.6 12 0.0 10863 1 1 0 0.0 24.1 15.4 0.065 76.0 0.005 0.0 0.0 0.0 42.0 88.8 950.3
44.354 -0.00010 359.99982 0.0 0.9 -2.9 269.7 210.0 999.000 3.5 -1.048 -0.023 0.0 0.0 0.0 -27.9 -27.9 12 0.0 10713 1 1 0 0.0 24.1 15.4 0.065 76.0 0.005 0.0 0.0 0.0 3.1 -8.2 769.9
44.744 -0.00010 359.99981 0.1 4.0 -2.9 271.8 210.0 999.000 3.5 -1.048 -0.096 0.1 0.0 0.0 -28.2 -28.3 12 0.0 10678 1 1 0 0.0 24.1 15.4 0.065 76.0 0.005 0.0 0.0 0.0 26.4 75.6 891.4
45.380 -0.00010 359.99981 0.0 0.1 -3.0 273.7 210.0 999.000 3.5 -1.048 -0.096 0.1 0.0 0.0 -28.6 -28.6 12 0.0 10918 1 1 0 0.0 24.1 15.4 0.065 76.0 0.005 0.0 0.0 0.0 94.8 25.3 1196.0
45.745 -0.00010 359.99980 0.1 1.3 -2.6 276.0 210.0 999.000 3.5 -0.982 -0.133 0.1 0.0 0.0 -28.9 -28.9 12 0.0 10878 1 1 0 0.0 24.1 15.4 0.065 76.0 0.005 0.0 0.0 0.0 119.1 36.8 1168.0
46.354 -0.00010 359.99980 0.1 2.7 -3.9 277.7 210.0 999.000 3.5 -0.982 -0.133 0.1 0.0 0.0 -29.3 -29.3 12 0.0 11043 1 1 0 0.0 24.1 15.4 0.065 76.0 0.005 0.0 0.0 0.0 46.3 16.5 996.9
46.743 -0.00010 359.99979 0.1 0.1 -2.0 280.0 210.0 999.000 3.5 -0.949 -0.098 0.0 0.0 0.0 -29.6 -29.6 12 0.0 10698 1 1 0 0.0 24.1 15.4 0.065 76.0 0.005 0.0 0.0 0.0 8.9 21.1 897.4
47.355 -0.00010 359.99979 0.0 2.3 -3.5 282.7 210.0 999.000 3.5 -0.949 -0.098 0.0 0.0 0.0 -30.0 -30.0 12 0.0 10538 1 1 0 0.0 24.1 15.4 0.065 76.0 0.005 0.0 0.0 0.0 30.0 36.2 874.9
47.744 -0.00009 359.99978 0.1 -0.5 -2.0 284.8 210.0 999.000 3.5 -0.914 0.015 0.0 0.0 0.0 -30.0 -30.0 12 0.0 10863 1 1 0 0.0 24.1 15.4 0.065 76.0 0.005 0.0 0.0 0.0 79.8 -7.7 1134.0
48.353 -0.00009 359.99978 0.0 0.9 -2.8 288.4 210.0 999.000 3.5 -0.914 0.015 0.0 0.0 0.0 -30.0 -30.0 12 0.0 10248 1 1 0 0.0 24.1 15.4 0.065 76.0 0.005 0.0 0.0 0.0 64.4 44.0 1088.0
48.746 -0.00009 359.99978 0.1 -3.2 -3.4 290.7 210.0 999.000 3.5 -0.844 0.049 -0.0 0.0 0.0 -30.0 -30.0 12 0.0 10868 1 1 0 0.0 24.1 15.4 0.065 76.0 0.005 0.0 0.0 0.0 43.3 -48.9 1024.0
49.354 -0.00009 359.99977 0.1 3.5 -2.3 292.8 210.0 999.000 3.5 -0.844 0.049 -0.0 0.0 0.0 -30.0 -30.0 12 0.0 10528 1 1 0 0.0 24.1 15.4 0.065 76.0 0.005 0.0 0.0 0.0 67.3 46.1 1143.0
49.743 -0.00009 359.99977 0.0 2.2 -2.9 297.1 210.0 999.000 3.5 -0.928 -0.079 0.1 0.0 0.0 -30.0 -30.0 12 0.0 10553 1 1 0 0.0 24.1 15.4 0.065 76.0 0.005 0.0 0.0 0.0 -4.3 10.5 850.1
50.377 -0.00009 359.99977 0.1 -1.9 -3.1 299.7 210.0 999.000 3.5 -0.928 -0.079 0.1 0.0 0.0 -30.0 -30.0 12 8.4 10508 1 1 0 0.0 24.1 15.4 0.065 76.0 0.005 0.0 0.0 0.0 45.5 14.6 1009.0
50.744 -0.00008 359.99976 0.1 -0.3 -3.5 301.5 210.0 999.000 3.5 -1.001 -0.133 0.0 0.0 0.0 -30.0 -30.0 12 0.0 10903 1 1 0 0.0 24.1 15.4 0.065 76.0 0.005 0.0 0.0 0.0 53.3 -42.6 856.8
51.353 -0.00008 359.99976 0.1 -1.5 -3.6 306.0 210.0 999.000 3.5 -1.001 -0.133 0.0 0.0 0.0 -30.0 -30.0 12 0.0 10493 1 1 0 0.0 24.1 15.4 0.065 76.0 0.005 0.0 0.0 0.0 5.8 -41.1 736.8
51.747 -0.00008 359.99976 0.1 -1.9 -3.1 308.8 210.0 999.000 3.5 -0.941 -0.101 0.1 0.0 0.0 -30.0 -30.0 12 0.0 10793 1 1 0 0.0 24.1 15.4 0.065 76.0 0.005 0.0 0.0 0.0 -0.7 -44.4 733.3
52.354 -0.00008 359.99975 0.0 -2.1 -1.9 312.6 210.0 999.000 3.5 -0.941 -0.101 0.1 0.0 0.0 -30.0 -30.0 12 0.0 10638 1 1 0 0.0 24.1 15.4 0.065 76.0 0.005 0.0 0.0 0.0 13.2 3.8 930.4
52.758 -0.00007 359.99975 0.0 0.9 -2.8 316.4 210.0 999.000 3.5 -0.958 -0.090 0.1 0.0 0.0 -30.0 -30.0 0 0.0 10498 1 1 0 0.0 24.1 15.4 0.065 76.0 0.005 0.0 0.0 0.0 35.1 -32.4 983.9
53.357 -0.00007 359.99975 0.0 -3.8 -2.3 317.8 210.0 999.000 3.5 -0.958 -0.090 0.1 0.0 0.0 -30.0 -30.0 0 0.0 0 1 1 0 0.0 24.1 15.4 0.065 76.0 0.005 0.0 0.0 0.0 44.1 -51.8 999.3
53.745 -0.00007 359.99974 0.0 -0.3 -1.7 319.8 210.0 999.000 3.5 -0.956 -0.050 0.1 0.0 0.0 -30.0 -30.0 0 0.0 0 1 1 0 0.0 24.1 15.4 0.065 76.0 0.005 0.0 0.0 0.0 45.0 -7.5 1015.0
54.355 -0.00006 359.99974 0.0 -0.8 -0.9 321.3 210.0 999.000 3.5 -0.956 -0.050 0.1 0.0 0.0 -30.0 -30.0 0 0.0 0 1 1 0 0.0 24.1 15.4 0.065 76.0 0.005 0.0 0.0 0.0 18.2 -12.3 985.4
54.747 -0.00006 359.99974 0.0 3.0 -1.7 322.2 210.0 999.000 3.5 -0.702 -0.082 0.0 0.0 0.0 -30.0 -30.0 0 0.0 0 1 1 0 0.0 24.1 15.5 0.065 76.0 0.005 0.0 0.0 0.0 25.1 73.8 1001.0
55.355 -0.00006 359.99974 0.0 6.5 -1.1 324.0 210.0 999.000 3.5 -0.702 -0.082 0.0 0.0 0.0 -30.0 -30.0 0 0.0 0 1 1 0 0.0 24.1 15.5 0.065 76.0 0.005 0.0 0.0 0.0 12.7 122.3 982.4
55.745 -0.00006 359.99974 0.0 7.9 -0.4 326.4 210.0 999.000 3.5 -0.524 0.143 0.0 0.0 0.0 -30.0 -30.0 0 0.0 0 1 1 0 0.0 24.1 15.5 0.065 76.0 0.005 0.0 0.0 0.0 4.1 144.6 996.1
56.356 -0.00005 359.99973 0.0 5.1 -1.3 327.9 210.0 999.000 3.5 -0.524 0.143 0.0 0.0 0.0 -30.0 -30.0 0 0.0 5 1 1 0 0.0 24.1 15.5 0.065 76.0 0.005 0.0 0.0 0.0 31.7 69.8 1005.0
56.746 -0.00005 359.99973 0.0 5.6 -0.4 329.4 210.0 999.000 3.5 -0.509 -0.020 -0.0 0.0 0.0 -30.0 -30.0 0 0.0 0 1 1 0 0.0 24.1 15.5 0.065 76.0 0.005 0.0 0.0 0.0 -8.5 135.1 983.2
57.355 -0.00005 359.99973 0.0 7.1 -0.3 330.9 210.0 999.000 3.5 -0.509 -0.020 -0.0 0.0 0.0 -30.0 -30.0 0 0.0 0 1 1 0 0.0 24.1 15.5 0.065 76.0 0.005 0.0 0.0 0.0 0.2 102.7 983.1
57.747 -0.00005 359.99973 0.0 7.1 0.2 332.0 210.0 999.000 3.5 -0.284 -0.049 0.0 0.0 0.0 -30.0 -30.0 0 0.0 0 1 1 0 0.0 24.1 15.5 0.065 76.0 0.005 0.0 0.0 0.0 -3.0 143.0 984.5
58.355 -0.00005 359.99973 0.0 7.0 -0.1 333.4 210.0 999.000 3.5 -0.284 -0.049 0.0 0.0 0.0 -30.0 -30.0 0 0.0 0 1 1 0 0.0 24.1 15.5 0.065 76.0 0.005 0.0 0.0 0.0 -1.5 116.3 1012.0
58.746 -0.00005 359.99973 0.0 7.1 0.0 334.9 210.0 999.000 3.5 -0.384 0.010 0.0 0.0 0.0 -30.0 -30.0 0 0.0 0 1 1 0 0.0 24.1 15.5 0.065 76.0 0.005 0.0 0.0 0.0 -12.1 116.6 965.3
59.355 -0.00004 359.99973 0.0 7.7 0.6 335.8 210.0 999.000 3.5 -0.384 0.010 0.0 0.0 0.0 -30.0 -30.0 0 0.0 5 1 1 0 0.0 24.1 15.5 0.065 76.0 0.005 0.0 0.0 0.0 -4.1 146.4 993.0
59.745 -0.00004 359.99973 0.0 7.4 -0.9 336.3 210.0 999.000 3.5 -0.320 -0.059 -0.0 0.0 0.0 -30.0 -30.0 0 0.0 0 1 1 0 0.0 24.1 15.5 0.065 76.0 0.005 0.0 0.0 0.0 21.8 120.0 1020.0
60.357 -0.00004 359.99973 0.0 7.2 0.2 336.6 210.0 999.000 3.5 -0.320 -0.059 -0.0 0.0 0.0 -30.0 -30.0 0 0.0 5 1 1 0 0.0 24.1 15.5 0.065 76.0 0.005 0.0 0.0 0.0 -8.5 111.4 986.8
60.768 -0.00004 359.99973 0.0 6.3 0.9 336.3 210.0 999.000 3.5 -0.299 0.114 0.0 0.0 0.0 -30.0 -30.0 0 0.0 0 1 1 0 0.0 24.1 15.5 0.065 76.0 0.005 0.0 0.0 0.0 -17.2 126.3 977.8
61.354 -0.00004 359.99973 0.0 6.8 0.7 336.1 210.0 999.000 3.5 -0.299 0.114 0.0 0.0 0.0 -30.0 -30.0 0 0.0 0 1 1 0 0.0 24.1 15.5 0.065 76.0 0.005 0.0 0.0 0.0 -7.6 112.6 1016.0
61.747 -0.00004 359.99973 0.1 6.5 0.8 336.0 210.0 999.000 3.5 -0.284 -0.053 -0.0 0.0 0.0 -30.0 -30.0 0 0.0 0 1 1 0 0.0 24.1 15.5 0.065 76.0 0.005 0.0 0.0 0.0 -17.5 122.7 970.0
62.356 -0.00004 359.99973 0.0 4.9 0.7 335.3 210.0 999.000 3.5 -0.284 -0.053 -0.0 0.0 0.0 -30.0 -30.0 0 0.0 0 1 1 0 0.0 24.1 15.5 0.065 76.0 0.005 0.0 0.0 0.0 -11.4 84.6 1009.0
62.745 -0.00004 359.99973 0.0 6.5 1.4 335.9 210.0 999.000 3.5 -0.176 -0.084 0.0 0.0 0.0 -30.0 -30.0 0 0.0 0 1 1 0 0.0 24.1 15.5 0.065 76.0 0.005 0.0 0.0 0.0 -24.4 112.0 996.3
63.358 -0.00004 359.99973 0.0 6.9 0.6 335.4 210.0 999.000 3.5 -0.176 -0.084 0.0 0.0 0.0 -30.0 -30.0 0 0.0 5 1 1 0 0.0 24.1 15.5 0.065 76.0 0.005 0.0 0.0 0.0 -4.8 107.7 987.6
63.746 -0.00003 359.99972 0.1 5.7 0.2 332.9 210.0 999.000 3.5 -0.417 0.076 0.0 0.0 0.0 -30.0 -30.0 0 0.0 0 1 1 0 0.0 24.1 15.5 0.065 76.0 0.005 0.0 0.0 0.0 -6.5 112.7 1011.0
64.355 -0.00003 359.99972 0.0 5.7 1.0 333.1 210.0 999.000 3.5 -0.417 0.076 0.0 0.0 0.0 -30.0 -30.0 0 0.0 0 1 1 0 0.0 24.1 15.5 0.065 76.0 0.005 0.0 0.0 0.0 -24.2 91.9 971.4
64.748 -0.00003 359.99972 0.0 6.9 1.0 331.7 210.0 999.000 3.5 -0.301 0.000 0.0 0.0 0.0 -30.0 -30.0 0 0.0 5 1 1 0 0.0 24.1 15.5 0.065 76.0 0.005 0.0 0.0 0.0 -15.7 121.4 991.8
65.356 -0.00003 359.99972 0.0 6.4 0.6 331.0 210.0 999.000 3.5 -0.301 0.000 0.0 0.0 0.0 -30.0 -30.0 0 0.0 0 1 1 0 0.0 24.1 15.5 0.065 76.0 0.005 0.0 0.0 0.0 -12.0 97.8 989.0
65.767 -0.00003 359.99972 0.1 5.7 0.7 330.9 210.0 999.000 3.5 -0.238 -0.061 0.0 0.0 0.0 -30.0 -30.0 0 0.0 0 1 1 0 0.0 24.1 15.5 0.065 76.0 0.005 0.0 0.0 0.0 -13.7 97.5 1005.0
66.358 -0.00003 359.99972 0.0 6.6 0.5 328.6 210.0 999.000 3.5 -0.238 -0.061 0.0 0.0 0.0 -30.0 -30.0 0 0.0 0 1 1 0 0.0 24.1 15.5 0.065 76.0 0.005 0.0 0.0 0.0 -6.5 134.9 982.6
66.747 -0.00003 359.99972 0.0 6.5 1.1 329.0 210.0 999.000 3.5 -0.107 -0.049 -0.0 0.0 0.0 -30.0 -30.0 0 0.0 0 1 1 0 0.0 24.1 15.5 0.065 76.0 0.005 0.0 0.0 0.0 -25.4 102.1 994.7
67.356 -0.00003 359.99972 0.0 6.7 0.7 327.6 210.0 999.000 3.5 -0.107 -0.049 -0.0 0.0 0.0 -30.0 -30.0 0 0.0 0 1 1 0 0.0 24.1 15.5 0.065 76.0 0.005 0.0 0.0 0.0 -7.1 128.2 996.3
67.748 -0.00003 359.99972 0.0 6.7 0.8 327.9 210.0 999.000 3.5 -0.202 -0.095 -0.0 0.0 0.0 -30.0 -30.0 0 0.0 0 1 1 0 0.0 24.1 15.5 0.065 76.0 0.005 0.0 0.0 0.0 -10.6 118.7 1010.0
68.357 -0.00002 359.99972 0.0 7.1 1.6 326.7 210.0 999.000 3.5 -0.202 -0.095 -0.0 0.0 0.0 -30.0 -30.0 0 0.0 0 1 1 0 0.0 24.1 15.5 0.065 76.0 0.005 0.0 0.0 0.0 -31.9 112.9 965.6
68.747 -0.00002 359.99972 0.0 7.8 -0.2 325.9 210.0 999.000 3.5 -0.063 -0.093 -0.0 0.0 0.0 -30.0 -30.0 0 0.0 0 1 1 0 0.0 24.1 15.5 0.065 76.0 0.005 0.0 0.0 0.0 1.4 154.3 1007.0
69.358 -0.00002 359.99972 0.0 6.7 1.2 325.6 210.0 999.000 3.5 -0.063 -0.093 -0.0 0.0 0.0 -30.0 -30.0 0 0.0 0 1 1 0 0.0 24.1 15.5 0.065 76.0 0.005 0.0 0.0 0.0 -19.1 114.3 994.2
69.747 -0.00002 359.99972 0.0 7.2 0.8 324.7 210.0 999.000 3.5 -0.063 -0.087 0.0 0.0 0.0 -30.0 -30.0 0 0.0 0 1 1 0 0.0 24.1 15.5 0.065 76.0 0.005 0.0 0.0 0.0 -13.5 120.3 1001.0
70.357 -0.00002 359.99972 0.0 7.0 1.2 324.0 210.0 999.000 3.5 -0.063 -0.087 0.0 0.0 0.0 -30.0 -30.0 0 0.0 0 1 1 0 0.0 24.1 15.5 0.065 76.0 0.005 0.0 0.0 0.0 -26.0 108.9 975.5
70.770 -0.00002 359.99972 0.0 5.5 0.5 323.6 210.0 999.000 3.5 -0.091 -0.149 0.1 0.0 0.0 -30.0 -30.0 0 0.0 0 1 1 0 0.0 24.1 15.5 0.065 76.0 0.005 0.0 0.0 0.0 1.1 115.9 1007.0
71.356 -0.00002 359.99972 0.0 6.7 1.3 321.5 210.0 999.000 3.5 -0.091 -0.149 0.1 0.0 0.0 -30.0 -30.0 0 0.0 0 1 1 0 0.0 24.1 15.5 0.065 76.0 0.005 0.0 0.0 0.0 -27.4 110.5 982.4
71.748 -0.00002 359.99972 0.0 9.7 0.2 322.2 210.0 999.000 3.5 -0.092 0.017 0.0 0.0 0.0 -30.0 -30.0 0 0.0 0 1 1 0 0.0 24.1 15.5 0.065 76.0 0.005 0.0 0.0 0.0 -6.7 172.8 988.5
72.358 -0.00002 359.99972 0.1 6.8 0.9 320.5 210.0 999.000 3.5 -0.092 0.017 0.0 0.0 0.0 -30.0 -30.0 0 0.0 0 1 1 0 0.0 24.1 15.5 0.065 76.0 0.005 0.0 0.0 0.0 -7.9 106.8 992.0
72.747 -0.00002 359.99972 0.1 5.3 0.3 320.1 210.0 999.000 3.5 -0.171 0.149 -0.0 0.0 0.0 -30.0 -30.0 0 0.0 0 1 1 0 0.0 24.1 15.5 0.065 76.0 0.005 0.0 0.0 0.0 -6.5 107.0 994.1
73.358 -0.00002 359.99972 0.0 5.5 0.5 320.2 210.0 999.000 3.5 -0.171 0.149 -0.0 0.0 0.0 -30.0 -30.0 0 0.0 0 1 1 0 0.0 24.1 15.5 0.065 76.0 0.005 0.0 0.0 0.0 -14.3 105.5 1006.0
73.748 -0.00002 359.99972 0.0 8.3 1.5 319.8 210.0 999.000 3.5 -0.112 -0.060 0.0 0.0 0.0 -30.0 -30.0 0 0.0 0 1 1 0 0.0 24.1 15.5 0.065 76.0 0.005 0.0 0.0 0.0 -13.9 135.5 988.9
74.357 -0.00002 359.99971 0.0 7.2 0.9 319.0 210.0 999.000 3.5 -0.112 -0.060 0.0 0.0 0.0 -30.0 -30.0 0 0.0 0 1 1 0 0.0 24.1 15.5 0.065 76.0 0.005 0.0 0.0 0.0 -29.2 132.0 984.7
74.749 -0.00002 359.99971 0.0 5.5 1.6 319.2 210.0 999.000 3.5 -0.292 -0.105 0.0 0.0 0.0 -30.0 -30.0 0 0.0 0 1 1 0 0.0 24.1 15.5 0.065 76.0 0.005 0.0 0.0 0.0 -18.3 98.6 1019.0
75.357 -0.00002 359.99971 0.0 6.4 1.8 319.2 210.0 999.000 3.5 -0.292 -0.105 0.0 0.0 0.0 -30.0 -30.0 0 0.0 5 1 1 0 0.0 24.1 15.5 0.065 76.0 0.005 0.0 0.0 0.0 -35.0 117.7 971.8
75.766 -0.00002 359.99971 0.0 7.5 2.0 319.1 210.0 999.000 3.5 -0.138 -0.162 0.0 0.0 0.0 -30.0 -30.0 0 0.0 0 1 1 0 0.0 24.1 15.5 0.065 76.0 0.005 0.0 0.0 0.0 -38.8 139.0 979.9
76.359 -0.00002 359.99971 0.0 6.3 1.2 319.7 210.0 999.000 3.5 -0.138 -0.162 0.0 0.0 0.0 -30.0 -30.0 0 0.0 0 1 1 0 0.0 24.1 15.5 0.065 76.0 0.005 0.0 0.0 0.0 -7.1 112.8 1005.0
76.748 -0.00001 359.99971 0.0 7.8 0.7 318.0 210.0 999.000 3.5 0.014 -0.019 0.0 0.0 0.0 -30.0 -30.0 0 0.0 0 1 1 0 0.0 24.1 15.5 0.065 76.0 0.005 0.0 0.0 0.0 -16.5 139.7 981.4
77.356 -0.00001 359.99971 0.0 7.8 0.6 318.6 210.0 999.000 3.5 0.014 -0.019 0.0 0.0 0.0 -30.0 -30.0 0 0.0 0 1 1 0 0.0 24.1 15.5 0.065 76.0 0.005 0.0 0.0 0.0 -6.9 144.6 986.4
77.750 -0.00001 359.99971 0.0 5.7 0.9 316.8 210.0 999.000 3.5 -0.235 0.044 0.0 0.0 0.0 -30.0 -30.0 0 0.0 0 1 1 0 0.0 24.1 15.5 0.065 76.0 0.005 0.0 0.0 0.0 -17.2 81.4 998.3
78.358 -0.00001 359.99971 0.0 6.6 1.4 317.8 210.0 999.000 3.5 -0.235 0.044 0.0 0.0 0.0 -30.0 -30.0 0 0.0 0 1 1 0 0.0 24.1 15.5 0.065 76.0 0.005 0.0 0.0 0.0 -21.7 111.8 1000.0
78.747 -0.00001 359.99971 0.0 6.0 2.1 317.2 210.0 999.000 3.5 0.003 0.052 0.0 0.0 0.0 -30.0 -30.0 0 0.0 0 1 1 0 0.0 24.1 15.5 0.065 76.0 0.005 0.0 0.0 0.0 -48.9 120.8 978.9
79.359 -0.00001 359.99971 0.0 7.1 2.1 318.0 210.0 999.000 3.5 0.003 0.052 0.0 0.0 0.0 -30.0 -30.0 0 0.0 0 1 1 0 0.0 24.1 15.5 0.065 76.0 0.005 0.0 0.0 0.0 -28.4 104.1 991.1
79.749 -0.00001 359.99971 0.1 6.3 2.0 317.4 210.0 999.000 3.5 -0.051 -0.053 -0.0 0.0 0.0 -30.0 -30.0 0 0.0 0 1 1 0 0.0 24.1 15.5 0.065 76.0 0.005 0.0 0.0 0.0 -40.8 104.5 992.5
80.357 -0.00001 359.99971 0.0 6.0 1.1 318.2 210.0 999.000 3.5 -0.051 -0.053 -0.0 0.0 0.0 -30.0 -30.0 0 0.0 0 1 1 0 0.0 24.1 15.5 0.065 76.0 0.005 0.0 0.0 0.0 -24.5 97.9 996.1
80.784 -0.00001 359.99971 0.1 6.7 3.0 318.4 999.0 999.000 999.0 -0.087 0.017 0.0 0.0 0.0 -30.0 -30.0 0 0.0 0 0 0 0 0.0 24.1 15.5 0.065 76.0 0.005 0.0 0.0 0.0 -35.8 113.7 983.4
81.358 -0.00001 359.99971 0.0 6.4 0.3 317.9 999.0 999.000 999.0 -0.087 0.017 0.0 0.0 0.0 0.0 0.0 0 0.0 0 0 0 0 0.0 24.1 15.5 0.065 76.0 0.005 0.0 0.0 0.0 -0.2 98.4 1029.0
81.748 -0.00001 359.99971 0.0 6.5 1.6 318.4 999.0 999.000 999.0 -0.157 -0.035 0.0 0.0 0.0 0.0 0.0 0 0.0 0 0 0 0 0.0 24.1 15.5 0.065 76.0 0.005 0.0 0.0 0.0 -39.5 84.4 980.5
82.359 -0.00001 359.99971 0.0 6.8 1.0 318.1 999.0 999.000 999.0 -0.157 -0.035 0.0 0.0 0.0 0.0 0.0 0 0.0 0 0 0 0 0.0 24.1 15.5 0.065 76.0 0.005 0.0 0.0 0.0 -10.2 144.4 1000.0
82.750 -0.00001 359.99971 0.0 7.5 0.6 318.4 999.0 999.000 999.0 -0.065 -0.135 -0.0 0.0 0.0 0.0 0.0 0 0.0 0 0 0 0 0.0 24.1 15.5 0.065 76.0 0.005 0.0 0.0 0.0 -10.1 131.6 995.0
83.358 -0.00001 359.99971 0.0 7.1 1.3 317.8 999.0 999.000 999.0 -0.065 -0.135 -0.0 0.0 0.0 0.0 0.0 0 0.0 0 0 0 0 0.0 24.1 15.5 0.065 76.0 0.005 0.0 0.0 0.0 -26.1 99.5 990.0
83.751 -0.00001 359.99971 0.0 7.5 0.9 318.3 999.0 999.000 999.0 -0.078 -0.012 0.0 0.0 0.0 0.0 0.0 0 0.0 0 0 0 0 0.0 24.1 15.5 0.065 76.0 0.005 0.0 0.0 0.0 -17.4 123.6 992.3
84.358 -0.00001 359.99971 0.0 6.6 1.6 318.1 999.0 999.000 999.0 -0.078 -0.012 0.0 0.0 0.0 0.0 0.0 0 0.0 0 0 0 0 0.0 24.1 15.5 0.065 76.0 0.005 0.0 0.0 0.0 -20.9 137.5 1002.0
84.749 -0.00001 359.99971 0.0 6.0 1.5 318.0 999.0 999.000 999.0 -0.099 -0.076 0.1 0.0 0.0 0.0 0.0 0 0.0 0 0 0 0 0.0 24.1 15.5 0.065 76.0 0.005 0.0 0.0 0.0 -20.8 101.3 998.9
85.358 -0.00001 359.99971 0.0 6.6 2.1 318.4 999.0 999.000 999.0 -0.099 -0.076 0.1 0.0 0.0 0.0 0.0 0 0.0 0 0 0 0 0.0 24.1 15.5 0.065 76.0 0.005 0.0 0.0 0.0 -51.9 113.3 955.3
85.776 -0.00001 359.99971 0.0 7.1 1.5 317.6 999.0 999.000 999.0 0.000 0.060 0.0 0.0 0.0 0.0 0.0 0 0.0 0 0 0 0 0.0 24.1 15.5 0.065 76.0 0.005 0.0 0.0 0.0 -28.5 129.1 1005.0
86.360 -0.00001 359.99971 0.0 6.4 2.5 318.5 999.0 999.000 999.0 0.000 0.060 0.0 0.0 0.0 0.0 0.0 0 0.0 0 0 0 0 0.0 24.1 15.5 0.065 76.0 0.005 0.0 0.0 0.0 -37.0 101.9 997.2
86.753 -0.00001 359.99970 0.0 6.3 2.0 318.2 999.0 999.000 999.0 -0.139 0.034 -0.0 0.0 0.0 0.0 0.0 0 0.0 0 0 0 0 0.0 24.1 15.5 0.065 76.0 0.005 0.0 0.0 0.0 -44.0 110.6 975.0
87.358 -0.00001 359.99970 0.1 6.1 0.7 319.2 999.0 999.000 999.0 -0.139 0.034 -0.0 0.0 0.0 0.0 0.0 0 0.0 0 0 0 0 0.0 24.1 15.5 0.065 76.0 0.005 0.0 0.0 0.0 -6.1 96.8 1005.0
87.751 -0.00001 359.99970 0.1 8.4 0.6 318.7 999.0 999.000 999.0 -0.006 -0.110 -0.0 0.0 0.0 0.0 0.0 0 0.0 0 0 0 0 0.0 24.1 15.5 0.065 76.0 0.005 0.0 0.0 0.0 -13.0 176.3 992.3
88.359 -0.00001 359.99970 0.0 6.2 1.0 317.7 999.0 999.000 999.0 -0.006 -0.110 -0.0 0.0 0.0 0.0 0.0 0 0.0 0 0 0 0 0.0 24.1 15.5 0.065 76.0 0.005 0.0 0.0 0.0 -26.2 89.3 973.1
88.750 -0.00001 359.99970 0.0 7.6 1.0 319.1 999.0 999.000 999.0 -0.133 0.059 0.0 0.0 0.0 0.0 0.0 0 0.0 5 0 0 0 0.0 24.1 15.5 0.065 76.0 0.005 0.0 0.0 0.0 -8.8 140.2 999.8
89.360 -0.00000 359.99970 0.0 6.6 0.4 317.6 999.0 999.000 999.0 -0.133 0.059 0.0 0.0 0.0 0.0 0.0 0 0.0 0 0 0 0 0.0 24.1 15.5 0.065 76.0 0.005 0.0 0.0 0.0 -16.6 118.2 983.6
89.752 -0.00000 359.99970 0.0 6.5 1.6 318.4 999.0 999.000 999.0 -0.024 -0.093 -0.0 0.0 0.0 0.0 0.0 0 0.0 0 0 0 0 0.0 24.1 15.5 0.065 76.0 0.005 0.0 0.0 0.0 -20.3 109.6 1010.0
90.358 -0.00000 359.99970 0.0 5.5 1.9 319.1 999.0 999.000 999.0 -0.024 -0.093 -0.0 0.0 0.0 0.0 0.0 0 0.0 0 0 0 0 0.0 24.1 15.5 0.065 76.0 0.005 0.0 0.0 0.0 -44.5 87.1 976.0
90.775 -0.00000 359.99970 0.0 7.0 1.5 318.3 999.0 999.000 999.0 -0.144 0.082 0.0 0.0 0.0 0.0 0.0 0 0.0 0 0 0 0 0.0 24.1 15.5 0.065 76.0 0.005 0.0 0.0 0.0 -17.3 129.0 1010.0
91.359 -0.00000 359.99970 0.1 7.9 1.7 319.0 999.0 999.000 999.0 -0.144 0.082 0.0 0.0 0.0 0.0 0.0 0 0.0 0 0 0 0 0.0 24.1 15.5 0.065 76.0 0.005 0.0 0.0 0.0 -35.7 112.5 987.8
91.749 -0.00000 359.99970 0.0 5.6 1.9 318.3 999.0 999.000 999.0 -0.186 0.082 0.0 0.0 0.0 0.0 0.0 0 0.0 0 0 0 0 0.0 24.1 15.5 0.065 76.0 0.005 0.0 0.0 0.0 -26.1 98.3 990.3
92.361 -0.00000 359.99970 0.0 6.5 1.5 318.8 999.0 999.000 999.0 -0.186 0.082 0.0 0.0 0.0 0.0 0.0 0 0.0 0 0 0 0 0.0 24.1 15.5 0.065 76.0 0.005 0.0 0.0 0.0 -43.5 94.6 970.4
92.751 -0.00000 359.99970 0.1 8.5 0.3 318.9 999.0 999.000 999.0 -0.042 0.029 -0.0 0.0 0.0 0.0 0.0 0 0.0 0 0 0 0 0.0 24.1 15.5 0.065 76.0 0.005 0.0 0.0 0.0 11.3 180.2 1018.0
93.358 -0.00000 359.99970 0.0 7.4 1.3 317.7 999.0 999.000 999.0 -0.042 0.029 -0.0 0.0 0.0 0.0 0.0 0 0.0 0 0 0 0 0.0 24.1 15.5 0.065 76.0 0.005 0.0 0.0 0.0 -34.3 115.6 961.3
93.752 -0.00000 359.99970 0.0 6.4 0.7 319.4 999.0 999.000 999.0 -0.071 0.020 0.1 0.0 0.0 0.0 0.0 0 0.0 0 0 0 0 0.0 24.1 15.5 0.065 76.0 0.005 0.0 0.0 0.0 -0.9 99.2 1005.0
94.359 -0.00000 359.99970 0.1 7.9 0.4 318.9 999.0 999.000 999.0 -0.071 0.020 0.1 0.0 0.0 0.0 0.0 0 0.0 0 0 0 0 0.0 24.1 15.5 0.065 76.0 0.005 0.0 0.0 0.0 -11.5 165.1 985.1
94.750 -0.00000 359.99970 0.0 7.7 1.0 319.7 999.0 999.000 999.0 0.091 -0.114 0.0 0.0 0.0 0.0 0.0 0 0.0 0 0 0 0 0.0 24.2 15.5 0.065 76.0 0.005 0.0 0.0 0.0 -25.7 95.6 981.6
95.362 0.00000 359.99970 0.0 5.9 1.6 320.0 999.0 999.000 999.0 0.091 -0.114 0.0 0.0 0.0 0.0 0.0 0 0.0 0 0 0 0 0.0 24.2 15.5 0.065 76.0 0.005 0.0 0.0 0.0 -21.9 141.9 997.0
95.767 0.00000 359.99970 0.0 6.0 1.3 320.4 999.0 999.000 999.0 -0.174 0.033 0.1 0.0 0.0 0.0 0.0 0 0.0 0 0 0 0 0.0 24.1 15.5 0.065 76.0 0.005 0.0 0.0 0.0 -20.8 101.3 987.8
96.360 0.00000 359.99970 0.0 8.2 0.8 321.0 999.0 999.000 999.0 -0.174 0.033 0.1 0.0 0.0 0.0 0.0 0 0.0 0 0 0 0 0.0 24.1 15.5 0.065 76.0 0.005 0.0 0.0 0.0 -32.0 141.0 978.3
96.751 0.00000 359.99970 0.0 5.7 1.1 320.5 999.0 999.000 999.0 -0.101 -0.041 0.0 0.0 0.0 0.0 0.0 0 0.0 0 0 0 0 0.0 24.2 15.5 0.065 76.0 0.005 0.0 0.0 0.0 -3.7 101.9 1013.0
97.359 0.00000 359.99970 0.0 5.1 1.1 321.5 999.0 999.000 999.0 -0.101 -0.041 0.0 0.0 0.0 0.0 0.0 0 0.0 0 0 0 0 0.0 24.2 15.5 0.065 76.0 0.005 0.0 0.0 0.0 -14.7 63.8 1004.0
97.751 0.00000 359.99970 0.1 7.0 0.4 321.6 999.0 999.000 999.0 -0.177 0.083 -0.0 0.0 0.0 0.0 0.0 0 0.0 0 0 0 0 0.0 24.2 15.5 0.065 76.0 0.005 0.0 0.0 0.0 -17.8 121.3 970.1
98.361 0.00000 359.99970 0.0 8.9 1.0 320.5 999.0 999.000 999.0 -0.177 0.083 -0.0 0.0 0.0 0.0 0.0 0 0.0 0 0 0 0 0.0 24.2 15.5 0.065 76.0 0.005 0.0 0.0 0.0 -13.0 165.7 997.2
98.751 0.00000 359.99969 0.0 4.9 0.9 321.4 999.0 999.000 999.0 -0.149 0.008 0.0 0.0 0.0 0.0 0.0 0 0.0 0 0 0 0 0.0 24.1 15.5 0.065 76.0 0.005 0.0 0.0 0.0 -15.0 37.5 1011.0
99.360 0.00000 359.99969 0.0 3.8 1.2 320.9 999.0 999.000 999.0 -0.149 0.008 0.0 0.0 0.0 0.0 0.0 0 0.0 0 0 0 0 0.0 24.1 15.5 0.065 76.0 0.005 0.0 0.0 0.0 -22.5 67.8 983.7
99.753 0.00001 359.99969 0.0 7.6 0.5 320.9 999.0 999.000 999.0 -0.058 0.061 -0.0 0.0 0.0 0.0 0.0 0 0.0 0 0 0 0 0.0 24.1 15.5 0.065 76.0 0.005 0.0 0.0 0.0 -10.9 180.8 980.5
100.361 0.00001 359.99969 0.0 8.0 1.6 320.9 999.0 999.000 999.0 -0.058 0.061 -0.0 0.0 0.0 0.0 0.0 0 0.0 0 0 0 0 0.0 24.1 15.5 0.065 76.0 0.005 0.0 0.0 0.0 -29.1 113.4 982.3
100.774 0.00001 359.99969 0.0 6.9 0.7 321.4 999.0 999.000 999.0 -0.054 -0.080 -0.0 0.0 0.0 0.0 0.0 0 0.0 0 0 0 0 0.0 24.2 15.5 0.065 76.0 0.005 0.0 0.0 0.0 -9.1 116.2 1012.0
101.362 0.00001 359.99969 0.0 5.3 1.6 320.8 999.0 999.000 999.0 -0.054 -0.080 -0.0 0.0 0.0 0.0 0.0 0 0.0 0 0 0 0 0.0 24.2 15.5 0.065 76.0 0.005 0.0 0.0 0.0 -39.5 88.2 982.9
101.751 0.00001 359.99969 0.0 6.4 1.5 322.0 999.0 999.000 999.0 -0.257 0.094 0.0 0.0 0.0 0.0 0.0 0 0.0 0 0 0 0 0.0 24.1 15.5 0.065 76.0 0.005 0.0 0.0 0.0 -21.7 155.5 985.0
102.362 0.00001 359.99969 0.0 7.4 0.6 321.3 999.0 999.000 999.0 -0.257 0.094 0.0 0.0 0.0 0.0 0.0 0 0.0 0 0 0 0 0.0 24.1 15.5 0.065 76.0 0.005 0.0 0.0 0.0 -4.8 139.0 994.1
102.751 0.00001 359.99969 0.0 9.0 0.3 320.7 999.0 999.000 999.0 -0.037 -0.020 -0.0 0.0 0.0 0.0 0.0 0 0.0 0 0 0 0 0.0 24.2 15.5 0.065 76.0 0.005 0.0 0.0 0.0 -16.1 120.5 990.9
103.361 0.00001 359.99969 0.0 6.6 0.9 321.1 999.0 999.000 999.0 -0.037 -0.020 -0.0 0.0 0.0 0.0 0.0 0 0.0 0 0 0 0 0.0 24.2 15.5 0.065 76.0 0.005 0.0 0.0 0.0 -4.3 121.9 1007.0
103.752 0.00001 359.99969 0.0 4.5 1.4 320.4 999.0 999.000 999.0 -0.171 -0.041 0.1 0.0 0.0 0.0 0.0 0 0.0 0 0 0 0 0.0 24.2 15.5 0.065 76.0 0.005 0.0 0.0 0.0 -28.7 86.5 986.2
104.361 0.00001 359.99969 0.0 7.5 0.9 320.6 999.0 999.000 999.0 -0.171 -0.041 0.1 0.0 0.0 0.0 0.0 0 0.0 0 0 0 0 0.0 24.2 15.5 0.065 76.0 0.005 0.0 0.0 0.0 -12.8 157.4 999.3
104.750 0.00001 359.99969 0.1 7.2 2.2 320.2 999.0 999.000 999.0 -0.024 0.032 0.0 0.0 0.0 0.0 0.0 0 0.0 0 0 0 0 0.0 24.2 15.5 0.065 76.0 0.005 0.0 0.0 0.0 -41.0 112.5 985.2
105.363 0.00001 359.99969 0.0 6.6 1.8 320.1 999.0 999.000 999.0 -0.024 0.032 0.0 0.0 0.0 0.0 0.0 0 0.0 0 0 0 0 0.0 24.2 15.5 0.065 76.0 0.005 0.0 0.0 0.0 -28.9 109.6 997.6
105.773 0.00001 359.99969 0.0 5.0 2.1 319.4 999.0 999.000 999.0 0.073 -0.053 0.0 0.0 0.0 0.0 0.0 0 0.0 0 0 0 0 0.0 24.2 15.5 0.065 76.0 0.005 0.0 0.0 0.0 -31.6 87.0 997.4
106.360 0.00001 359.99969 0.0 6.2 1.2 319.6 999.0 999.000 999.0 0.073 -0.053 0.0 0.0 0.0 0.0 0.0 0 0.0 0 0 0 0 0.0 24.2 15.5 0.065 76.0 0.005 0.0 0.0 0.0 -28.6 94.9 986.6
106.752 0.00001 359.99969 0.0 6.7 2.1 319.3 999.0 999.000 999.0 -0.169 -0.090 0.0 0.0 0.0 0.0 0.0 0 0.0 0 0 0 0 0.0 24.2 15.5 0.065 76.0 0.005 0.0 0.0 0.0 -40.0 130.0 979.3
107.361 0.00001 359.99969 0.0 6.4 1.4 318.8 999.0 999.000 999.0 -0.169 -0.090 0.0 0.0 0.0 0.0 0.0 0 0.0 0 0 0 0 0.0 24.2 15.5 0.065 76.0 0.005 0.0 0.0 0.0 -16.9 96.7 988.1
107.751 0.00001 359.99969 0.0 5.0 0.9 318.6 999.0 999.000 999.0 -0.123 -0.053 0.0 0.0 0.0 0.0 0.0 0 0.0 0 0 0 0 0.0 24.2 15.5 0.065 76.0 0.005 0.0 0.0 0.0 -20.9 95.4 999.3
108.362 0.00001 359.99969 0.0 7.1 1.8 318.8 999.0 999.000 999.0 -0.123 -0.053 0.0 0.0 0.0 0.0 0.0 0 0.0 0 0 0 0 0.0 24.2 15.5 0.065 76.0 0.005 0.0 0.0 0.0 -28.3 141.6 974.8
108.751 0.00001 359.99969 0.0 8.0 1.1 317.6 999.0 999.000 999.0 -0.117 -0.003 0.0 0.0 0.0 0.0 0.0 0 0.0 0 0 0 0 0.0 24.2 15.5 0.065 76.0 0.005 0.0 0.0 0.0 -19.3 130.1 999.8
109.361 0.00001 359.99969 0.0 5.6 1.3 318.4 999.0 999.000 999.0 -0.117 -0.003 0.0 0.0 0.0 0.0 0.0 0 0.0 0 0 0 0 0.0 24.2 15.5 0.065 76.0 0.005 0.0 0.0 0.0 -20.1 91.2 991.0
109.752 0.00001 359.99969 0.0 5.0 1.4 316.8 999.0 999.000 999.0 -0.162 -0.102 -0.0 0.0 0.0 0.0 0.0 0 0.0 0 0 0 0 0.0 24.2 15.5 0.065 76.0 0.005 0.0 0.0 0.0 -30.1 108.6 980.1
110.361 0.00002 359.99969 0.0 7.4 0.5 317.5 999.0 999.000 999.0 -0.162 -0.102 -0.0 0.0 0.0 0.0 0.0 0 0.0 0 0 0 0 0.0 24.2 15.5 0.065 76.0 0.005 0.0 0.0 0.0 -12.5 118.5 984.4
110.772 0.00002 359.99969 0.0 9.1 1.4 317.0 999.0 999.000 999.0 0.032 -0.226 -0.0 0.0 0.0 0.0 0.0 0 0.0 0 0 0 0 0.0 24.2 15.5 0.065 76.0 0.005 0.0 0.0 0.0 -22.2 147.3 986.6
111.363 0.00002 359.99968 0.0 7.1 0.2 316.3 999.0 999.000 999.0 0.032 -0.226 -0.0 0.0 0.0 0.0 0.0 0 0.0 0 0 0 0 0.0 24.2 15.5 0.065 76.0 0.005 0.0 0.0 0.0 -6.6 144.7 996.1
111.752 0.00002 359.99968 0.0 4.6 1.2 316.5 999.0 999.000 999.0 -0.042 -0.194 -0.0 0.0 0.0 0.0 0.0 0 0.0 0 0 0 0 0.0 24.2 15.5 0.065 76.0 0.005 0.0 0.0 0.0 -26.4 56.1 998.8
112.362 0.00002 359.99968 0.0 7.4 1.8 316.5 999.0 999.000 999.0 -0.042 -0.194 -0.0 0.0 0.0 0.0 0.0 0 0.0 0 0 0 0 0.0 24.2 15.5 0.065 76.0 0.005 0.0 0.0 0.0 -24.3 147.4 995.0
112.752 0.00002 359.99968 0.0 7.1 2.4 317.3 999.0 999.000 999.0 0.000 0.014 0.0 0.0 0.0 0.0 0.0 0 0.0 0 0 0 0 0.0 24.2 15.5 0.065 76.0 0.005 0.0 0.0 0.0 -47.7 122.2 986.5
113.361 0.00002 359.99968 0.0 5.8 1.9 318.1 999.0 999.000 999.0 0.000 0.014 0.0 0.0 0.0 0.0 0.0 0 0.0 0 0 0 0 0.0 24.2 15.5 0.065 76.0 0.005 0.0 0.0 0.0 -26.9 84.5 1014.0
113.753 0.00002 359.99968 0.1 7.3 1.4 317.9 999.0 999.000 999.0 -0.134 0.020 0.0 0.0 0.0 0.0 0.0 0 0.0 0 0 0 0 0.0 24.2 15.5 0.065 76.0 0.005 0.0 0.0 0.0 -16.3 177.7 983.5
114.362 0.00002 359.99968 0.0 7.0 1.1 317.5 999.0 999.000 999.0 -0.134 0.020 0.0 0.0 0.0 0.0 0.0 0 0.0 0 0 0 0 0.0 24.2 15.5 0.065 76.0 0.005 0.0 0.0 0.0 -26.1 70.1 986.6
114.751 0.00002 359.99968 0.0 6.1 0.2 318.0 999.0 999.000 999.0 -0.187 -0.037 0.0 0.0 0.0 0.0 0.0 0 0.0 0 0 0 0 0.0 24.2 15.5 0.065 76.0 0.005 0.0 0.0 0.0 2.7 122.5 1001.0
115.363 0.00002 359.99968 0.0 6.3 1.2 316.8 999.0 999.000 999.0 -0.187 -0.037 0.0 0.0 0.0 0.0 0.0 0 0.0 0 0 0 0 0.0 24.2 15.5 0.065 76.0 0.005 0.0 0.0 0.0 -24.9 123.5 984.9
115.773 0.00002 359.99968 0.0 7.1 0.5 317.5 999.0 999.000 999.0 -0.094 -0.033 0.0 0.0 0.0 0.0 0.0 0 0.0 5 0 0 0 0.0 24.2 15.5 0.065 76.0 0.005 0.0 0.0 0.0 -10.0 78.6 1000.0
116.361 0.00002 359.99968 0.1 7.6 1.7 317.8 999.0 999.000 999.0 -0.094 -0.033 0.0 0.0 0.0 0.0 0.0 0 0.0 0 0 0 0 0.0 24.2 15.5 0.065 76.0 0.005 0.0 0.0 0.0 -32.1 161.9 990.7
116.754 0.00002 359.99968 0.0 4.1 1.7 317.9 999.0 999.000 999.0 -0.132 -0.068 -0.0 0.0 0.0 0.0 0.0 0 0.0 0 0 0 0 0.0 24.2 15.5 0.065 76.0 0.005 0.0 0.0 0.0 -30.3 34.8 999.3
117.361 0.00002 359.99968 0.0 6.9 3.0 319.5 999.0 999.000 999.0 -0.132 -0.068 -0.0 0.0 0.0 0.0 0.0 0 0.0 0 0 0 0 0.0 24.2 15.5 0.065 76.0 0.005 0.0 0.0 0.0 -56.5 114.2 963.3
117.751 0.00002 359.99968 0.0 24.4 3.4 319.6 999.0 999.000 999.0 -0.114 -0.017 0.1 0.0 0.0 0.0 0.0 0 0.0 0 0 0 0 0.0 24.2 15.5 0.065 76.0 0.005 0.0 0.0 0.0 1.8 552.0 829.8
118.364 0.00002 359.99968 0.0 33.7 3.2 316.6 999.0 999.000 999.0 -0.114 -0.017 0.1 0.0 0.0 0.0 0.0 0 0.0 0 0 0 0 0.0 24.2 15.5 0.065 76.0 0.005 0.0 0.0 0.0 39.5 594.9 866.1
118.752 0.00002 359.99968 0.0 27.4 2.7 312.5 999.0 999.000 999.0 0.320 -0.117 0.0 0.0 0.0 0.0 0.0 0 0.0 0 0 0 0 0.0 24.2 15.5 0.065 76.0 0.005 0.0 0.0 0.0 -38.8 443.4 895.4
119.361 0.00002 359.99968 0.0 21.9 3.6 309.8 999.0 999.000 999.0 0.320 -0.117 0.0 0.0 0.0 0.0 0.0 0 0.0 0 0 0 0 0.0 24.2 15.5 0.065 76.0 0.005 0.0 0.0 0.0 -75.9 401.3 893.5
119.754 0.00003 359.99967 0.1 26.1 3.2 307.8 999.0 999.000 999.0 0.613 -0.117 0.1 0.0 0.0 0.0 0.0 0 0.0 0 0 0 0 0.0 24.2 15.5 0.065 76.0 0.005 0.0 0.0 0.0 -95.8 417.1 928.4
120.362 0.00003 359.99967 0.1 27.6 5.0 304.7 999.0 999.000 999.0 0.613 -0.117 0.1 0.0 0.0 0.0 0.0 0 0.0 5 0 0 0 0.0 24.2 15.5 0.065 76.0 0.005 0.0 0.0 0.0 -96.9 450.1 857.4
120.772 0.00003 359.99967 0.1 28.3 3.7 297.8 999.0 999.000 999.0 0.587 0.151 -0.0 0.0 0.0 0.0 0.0 0 0.0 0 0 0 0 0.0 24.2 15.5 0.065 76.0 0.005 0.0 0.0 0.0 -101.0 447.1 860.9
121.366 0.00003 359.99967 0.1 28.4 3.7 292.7 999.0 999.000 999.0 0.587 0.151 -0.0 0.0 0.0 0.0 0.0 0 0.0 0 0 0 0 0.0 24.2 15.5 0.065 76.0 0.005 0.0 0.0 0.0 -73.4 445.1 938.7
121.753 0.00003 359.99967 0.1 31.7 2.9 287.6 999.0 999.000 999.0 0.411 0.063 -0.0 0.0 0.0 0.0 0.0 0 0.0 0 0 0 0 0.0 24.2 15.5 0.065 76.0 0.005 0.0 0.0 0.0 -10.3 586.5 847.0
122.363 0.00003 359.99966 0.2 32.9 -8.1 282.1 999.0 999.000 999.0 0.411 0.063 -0.0 0.0 0.0 0.0 0.0 0 0.0 0 0 0 0 0.0 24.2 15.5 0.065 76.0 0.005 0.0 0.0 0.0 189.9 406.6 967.3
122.755 0.00003 359.99966 0.2 3.6 -8.1 280.3 999.0 999.000 999.0 0.309 0.009 -0.2 0.0 0.0 0.0 0.0 0 0.0 0 0 0 0 0.0 24.2 15.5 0.065 76.0 0.005 0.0 0.0 0.0 149.7 106.1 997.5
123.363 0.00003 359.99966 0.2 29.6 -3.4 278.8 999.0 999.000 999.0 0.309 0.009 -0.2 0.0 0.0 0.0 0.0 0 0.0 0 0 0 0 0.0 24.2 15.5 0.065 76.0 0.005 0.0 0.0 0.0 76.6 647.5 833.0
123.767 0.00003 359.99966 0.2 67.3 -1.7 274.4 999.0 999.000 999.0 0.261 0.052 0.1 0.0 0.0 30.0 30.0 0 0.0 0 0 0 0 0.0 24.2 15.5 0.065 76.0 0.005 0.0 0.0 0.0 45.1 1061.0 94.4
124.364 0.00003 359.99966 0.1 145.8 2.7 269.4 999.0 999.000 999.0 0.261 0.052 0.1 0.0 0.0 30.0 30.0 0 0.0 0 0 0 0 0.0 24.2 15.5 0.065 76.0 0.005 0.0 0.0 0.0 -79.0 628.2 -686.0
124.753 0.00003 359.99965 0.1 121.8 1.9 266.2 999.0 999.000 999.0 0.265 -0.418 -0.1 0.0 0.0 30.0 30.0 0 0.0 0 0 0 0 0.0 24.2 15.5 0.065 76.0 0.005 0.0 0.0 0.0 -28.8 920.8 -247.0
125.363 0.00003 359.99965 0.2 17.7 -0.3 268.7 999.0 999.000 999.0 0.265 -0.418 -0.1 0.0 0.0 30.0 30.0 0 0.0 0 0 0 0 0.0 24.2 15.5 0.065 76.0 0.005 0.0 0.0 0.0 2.8 276.2 947.0
125.778 0.00003 359.99965 0.2 33.7 0.1 264.9 999.0 999.000 999.0 0.202 -0.022 0.1 0.0 0.0 30.0 30.0 0 0.0 5 0 0 0 0.0 24.2 15.5 0.065 76.0 0.005 0.0 0.0 0.0 -16.8 935.9 537.9
126.362 0.00003 359.99965 0.1 141.5 4.0 254.5 999.0 999.000 999.0 0.202 -0.022 0.1 0.0 0.0 30.0 30.0 0 0.0 0 0 0 0 0.0 24.2 15.5 0.065 76.0 0.005 0.0 0.0 0.0 -45.0 572.1 -850.0
126.755 0.00003 359.99965 0.1 132.2 5.1 249.6 999.0 999.000 999.0 0.186 -0.203 -0.2 0.0 0.0 30.0 30.0 0 0.0 0 0 0 0 0.0 24.2 15.5 0.065 76.0 0.005 0.0 0.0 0.0 -111.0 910.4 -439.0
127.363 0.00003 359.99965 0.1 25.8 3.5 249.8 999.0 999.000 999.0 0.186 -0.203 -0.2 0.0 0.0 30.0 30.0 0 0.0 0 0 0 0 0.0 24.2 15.5 0.065 76.0 0.005 0.0 0.0 0.0 -58.6 286.0 932.3
127.754 0.00003 359.99965 0.1 4.4 4.1 248.0 999.0 999.000 999.0 0.373 0.274 0.0 0.0 0.0 30.0 30.0 0 0.0 5 0 0 0 0.0 24.2 15.5 0.065 76.0 0.005 0.0 0.0 0.0 -106.0 -11.8 959.8
128.365 0.00003 359.99964 0.1 -2.7 6.2 252.2 999.0 999.000 999.0 0.373 0.274 0.0 0.0 0.0 30.0 30.0 0 0.0 0 0 0 0 0.0 24.2 15.5 0.065 76.0 0.005 0.0 0.0 0.0 -8.0 -120.0 993.6
128.754 0.00003 359.99964 0.1 2.6 5.4 264.9 999.0 999.000 999.0 0.148 -0.142 0.1 0.0 0.0 30.0 30.0 0 0.0 0 0 0 0 0.0 24.2 15.5 0.065 76.0 0.005 0.0 0.0 0.0 -103.0 110.4 1016.0
129.362 0.00003 359.99964 0.1 8.9 2.6 276.5 999.0 999.000 999.0 0.148 -0.142 0.1 0.0 0.0 30.0 30.0 0 0.0 0 0 0 0 0.0 24.2 15.5 0.065 76.0 0.005 0.0 0.0 0.0 -52.3 190.2 953.2
129.755 0.00003 359.99964 0.1 7.1 -2.2 282.2 999.0 999.000 999.0 0.475 -0.323 0.0 0.0 0.0 30.0 30.0 0 0.0 0 0 0 0 0.0 24.2 15.5 0.065 76.0 0.005 0.0 0.0 0.0 54.1 113.9 997.1
130.363 0.00003 359.99964 0.2 5.3 -6.9 287.2 999.0 999.000 999.0 0.475 -0.323 0.0 0.0 0.0 30.0 30.0 0 0.0 0 0 0 0 0.0 24.2 15.5 0.065 76.0 0.005 0.0 0.0 0.0 131.5 114.5 989.8
130.773 0.00003 359.99964 0.2 8.7 -9.8 290.4 999.0 999.000 999.0 0.146 -0.018 -0.1 0.0 0.0 30.0 30.0 0 0.0 0 0 0 0 0.0 24.2 15.5 0.065 76.0 0.005 0.0 0.0 0.0 158.8 162.4 949.7
131.365 0.00003 359.99964 0.2 7.6 -10.2 292.0 999.0 999.000 999.0 0.146 -0.018 -0.1 0.0 0.0 30.0 30.0 0 0.0 0 0 0 0 0.0 24.2 15.5 0.065 76.0 0.005 0.0 0.0 0.0 186.2 115.7 981.0
131.754 0.00003 359.99963 0.3 9.5 -10.3 292.4 999.0 999.000 999.0 0.185 0.006 -0.1 0.0 0.0 30.0 30.0 0 0.0 0 0 0 0 0.0 24.2 15.5 0.065 76.0 0.005 0.0 0.0 0.0 188.2 153.6 972.2
132.363 0.00003 359.99963 0.3 9.6 -11.8 291.8 999.0 999.000 999.0 0.185 0.006 -0.1 0.0 0.0 30.0 30.0 0 0.0 0 0 0 0 0.0 24.2 15.5 0.065 76.0 0.005 0.0 0.0 0.0 209.9 149.7 977.3
132.755 0.00003 359.99963 0.3 6.7 -13.8 290.9 999.0 999.000 999.0 0.363 0.180 -0.1 0.0 0.0 30.0 30.0 0 0.0 0 0 0 0 0.0 24.2 15.5 0.065 76.0 0.005 0.0 0.0 0.0 242.0 112.6 961.2
133.364 0.00003 359.99963 0.4 6.1 -15.5 290.4 999.0 999.000 999.0 0.363 0.180 -0.1 0.0 0.0 30.0 30.0 0 0.0 0 0 0 0 0.0 24.2 15.5 0.065 76.0 0.005 0.0 0.0 0.0 274.7 103.1 953.2
133.754 0.00003 359.99963 0.4 8.7 -16.9 289.2 999.0 999.000 999.0 0.086 0.198 -0.1 0.0 0.0 30.0 30.0 0 0.0 5 0 0 0 0.0 24.2 15.5 0.065 76.0 0.005 0.0 0.0 0.0 299.4 134.7 960.7
134.365 0.00003 359.99963 0.4 8.2 -18.1 287.9 999.0 999.000 999.0 0.086 0.198 -0.1 0.0 0.0 30.0 30.0 0 0.0 0 0 0 0 0.0 24.2 15.5 0.065 76.0 0.005 0.0 0.0 0.0 310.1 126.8 939.3
134.754 0.00003 359.99963 0.4 6.4 -18.8 286.8 999.0 999.000 999.0 0.142 0.197 -0.0 0.0 0.0 30.0 30.0 0 0.0 0 0 0 0 0.0 24.2 15.5 0.065 76.0 0.005 0.0 0.0 0.0 325.5 109.3 934.5
135.364 0.00003 359.99963 0.4 7.6 -18.2 285.4 999.0 999.000 999.0 0.142 0.197 -0.0 0.0 0.0 30.0 30.0 0 0.0 0 0 0 0 0.0 24.2 15.5 0.065 76.0 0.005 0.0 0.0 0.0 312.1 126.8 948.0
135.778 0.00003 359.99962 0.4 7.7 -18.3 283.7 999.0 999.000 999.0 -0.045 -0.150 -0.1 0.0 0.0 30.0 30.0 0 0.0 0 0 0 0 0.0 24.2 15.5 0.065 76.0 0.005 0.0 0.0 0.0 306.4 121.3 935.0
136.364 0.00003 359.99962 0.4 8.2 -16.8 281.5 999.0 999.000 999.0 -0.045 -0.150 -0.1 0.0 0.0 30.0 30.0 0 0.0 5 0 0 0 0.0 24.2 15.5 0.065 76.0 0.005 0.0 0.0 0.0 287.4 129.9 956.2
136.755 0.00003 359.99962 0.4 8.0 -16.3 279.7 999.0 999.000 999.0 0.168 0.127 0.0 0.0 0.0 30.0 30.0 0 0.0 5 0 0 0 0.0 24.2 15.5 0.065 76.0 0.005 0.0 0.0 0.0 279.5 133.9 957.8
137.366 0.00003 359.99962 0.4 5.9 -15.5 277.5 999.0 999.000 999.0 0.168 0.127 0.0 0.0 0.0 30.0 30.0 0 0.0 0 0 0 0 0.0 24.2 15.5 0.065 76.0 0.005 0.0 0.0 0.0 263.8 98.0 947.7
137.756 0.00003 359.99962 0.3 7.4 -14.5 275.0 999.0 999.000 999.0 -0.004 0.138 0.0 0.0 0.0 30.0 30.0 0 0.0 0 0 0 0 0.0 24.2 15.5 0.065 76.0 0.005 0.0 0.0 0.0 248.7 127.0 970.0
138.365 0.00003 359.99962 0.3 7.5 -13.6 272.4 999.0 999.000 999.0 -0.004 0.138 0.0 0.0 0.0 30.0 30.0 0 0.0 0 0 0 0 0.0 24.2 15.5 0.065 76.0 0.005 0.0 0.0 0.0 230.9 125.5 962.1
138.756 0.00003 359.99962 0.3 7.2 -12.5 269.8 999.0 999.000 999.0 0.029 -0.054 0.1 0.0 0.0 30.0 30.0 0 0.0 0 0 0 0 0.0 24.2 15.5 0.065 76.0 0.005 0.0 0.0 0.0 213.1 127.6 969.8
139.365 0.00003 359.99962 0.3 7.6 -10.9 268.9 999.0 999.000 999.0 0.029 -0.054 0.1 0.0 0.0 30.0 30.0 0 0.0 0 0 0 0 0.0 24.2 15.5 0.065 76.0 0.005 0.0 0.0 0.0 188.0 127.2 977.2
139.756 0.00003 359.99962 0.3 9.6 -9.9 268.6 999.0 999.000 999.0 0.312 0.114 0.0 0.0 0.0 30.0 30.0 0 0.0 0 0 0 0 0.0 24.2 15.5 0.065 76.0 0.005 0.0 0.0 0.0 171.4 168.3 974.7
140.364 0.00003 359.99962 0.2 7.7 -9.0 268.9 999.0 999.000 999.0 0.312 0.114 0.0 0.0 0.0 30.0 30.0 0 0.0 0 0 0 0 0.0 24.2 15.5 0.065 76.0 0.005 0.0 0.0 0.0 147.0 139.4 971.1
140.781 0.00003 359.99962 0.2 5.7 -7.1 269.2 999.0 999.000 999.0 -0.018 0.152 0.1 0.0 0.0 30.0 30.0 0 0.0 0 0 0 0 0.0 24.2 15.5 0.065 76.0 0.005 0.0 0.0 0.0 124.1 73.6 1004.0
141.366 0.00003 359.99962 0.2 8.6 -6.0 268.9 999.0 999.000 999.0 -0.018 0.152 0.1 0.0 0.0 30.0 30.0 0 0.0 0 0 0 0 0.0 24.2 15.5 0.065 76.0 0.005 0.0 0.0 0.0 101.3 188.6 976.5
141.757 0.00003 359.99962 0.2 8.3 -4.6 269.1 999.0 999.000 999.0 -0.027 0.053 0.0 0.0 0.0 30.0 30.0 0 0.0 0 0 0 0 0.0 24.2 15.5 0.065 76.0 0.005 0.0 0.0 0.0 63.9 127.0 967.2
142.366 0.00003 359.99961 0.1 6.7 -2.9 268.9 999.0 999.000 999.0 -0.027 0.053 0.0 0.0 0.0 30.0 30.0 0 0.0 0 0 0 0 0.0 24.2 15.5 0.065 76.0 0.005 0.0 0.0 0.0 58.8 97.5 1017.0
142.757 0.00003 359.99961 0.1 6.2 -1.4 268.5 999.0 999.000 999.0 0.116 0.135 0.1 0.0 0.0 30.0 30.0 0 0.0 0 0 0 0 0.0 24.2 15.5 0.065 76.0 0.005 0.0 0.0 0.0 18.0 135.6 980.2
143.365 0.00003 359.99961 0.1 7.7 -0.3 267.6 999.0 999.000 999.0 0.116 0.135 0.1 0.0 0.0 30.0 30.0 0 0.0 0 0 0 0 0.0 24.2 15.5 0.065 76.0 0.005 0.0 0.0 0.0 -6.0 115.2 976.0
143.754 0.00003 359.99961 0.1 8.2 1.2 267.4 999.0 999.000 999.0 -0.063 0.158 -0.0 0.0 0.0 30.0 30.0 0 0.0 0 0 0 0 0.0 24.2 15.5 0.065 76.0 0.005 0.0 0.0 0.0 -10.5 148.4 1033.0
144.367 0.00003 359.99961 0.1 5.7 2.2 266.6 999.0 999.000 999.0 -0.063 0.158 -0.0 0.0 0.0 30.0 30.0 0 0.0 0 0 0 0 0.0 24.2 15.5 0.065 76.0 0.005 0.0 0.0 0.0 -42.6 124.9 986.3
144.756 0.00003 359.99961 0.0 7.9 2.5 266.2 999.0 999.000 999.0 0.012 0.158 0.1 0.0 0.0 30.0 30.0 0 0.0 0 0 0 0 0.0 24.2 15.5 0.065 76.0 0.005 0.0 0.0 0.0 -48.3 159.6 971.6
145.364 0.00003 359.99961 0.1 9.4 0.9 265.8 999.0 999.000 999.0 0.012 0.158 0.1 0.0 0.0 30.0 30.0 0 0.0 0 0 0 0 0.0 24.2 15.5 0.065 76.0 0.005 0.0 0.0 0.0 -13.6 176.4 967.1
145.772 0.00003 359.99961 0.1 7.1 -0.2 265.6 999.0 999.000 999.0 0.076 0.063 -0.0 0.0 0.0 30.0 30.0 0 0.0 0 0 0 0 0.0 24.2 15.5 0.065 76.0 0.005 0.0 0.0 0.0 2.3 94.6 957.9
146.365 0.00003 359.99961 0.1 6.8 -2.1 265.2 999.0 999.000 999.0 0.076 0.063 -0.0 0.0 0.0 30.0 30.0 0 0.0 0 0 0 0 0.0 24.2 15.5 0.065 76.0 0.005 0.0 0.0 0.0 49.1 88.2 1036.0
146.755 0.00003 359.99961 0.1 10.4 -2.3 264.8 999.0 999.000 999.0 0.020 0.059 -0.0 0.0 0.0 30.0 30.0 0 0.0 0 0 0 0 0.0 24.2 15.5 0.065 76.0 0.005 0.0 0.0 0.0 38.9 216.2 993.7
147.366 0.00003 359.99961 0.1 9.0 -1.9 263.8 999.0 999.000 999.0 0.020 0.059 -0.0 0.0 0.0 30.0 30.0 0 0.0 0 0 0 0 0.0 24.2 15.5 0.065 76.0 0.005 0.0 0.0 0.0 31.8 160.7 969.6
147.757 0.00003 359.99961 0.1 7.9 -1.5 262.2 999.0 999.000 999.0 0.020 0.181 -0.0 0.0 0.0 30.0 30.0 0 0.0 5 0 0 0 0.0 24.2 15.5 0.065 76.0 0.005 0.0 0.0 0.0 26.6 122.6 998.8
148.365 0.00003 359.99961 0.1 6.5 -1.7 261.2 999.0 999.000 999.0 0.020 0.181 -0.0 0.0 0.0 30.0 30.0 0 0.0 5 0 0 0 0.0 24.2 15.5 0.065 76.0 0.005 0.0 0.0 0.0 27.8 114.5 1012.0
148.757 0.00003 359.99961 0.1 9.1 -0.2 260.5 999.0 999.000 999.0 0.112 0.036 0.0 0.0 0.0 30.0 30.0 0 0.0 0 0 0 0 0.0 24.2 15.5 0.065 76.0 0.005 0.0 0.0 0.0 -2.1 198.8 962.7
149.366 0.00003 359.99961 0.1 7.8 0.4 259.3 999.0 999.000 999.0 0.112 0.036 0.0 0.0 0.0 30.0 30.0 0 0.0 0 0 0 0 0.0 24.2 15.5 0.065 76.0 0.005 0.0 0.0 0.0 -10.3 121.7 977.8
149.756 0.00003 359.99961 0.1 5.3 0.5 258.5 999.0 999.000 999.0 -0.092 0.074 0.0 0.0 0.0 30.0 30.0 0 0.0 0 0 0 0 0.0 24.2 15.5 0.065 76.0 0.005 0.0 0.0 0.0 -18.6 57.4 995.2
150.366 0.00003 359.99960 0.1 6.7 1.3 258.1 999.0 999.000 999.0 -0.092 0.074 0.0 0.0 0.0 30.0 30.0 0 0.0 0 0 0 0 0.0 24.2 15.5 0.065 76.0 0.005 0.0 0.0 0.0 -15.0 116.0 1023.0
150.774 0.00003 359.99960 0.1 8.7 2.0 257.3 210.0 999.000 999.0 0.058 0.056 0.0 0.0 0.0 30.0 30.0 0 0.0 5 1 0 0 0.0 24.2 15.5 0.065 76.0 0.005 0.0 0.0 0.0 -29.6 173.9 1004.0
151.366 0.00003 359.99960 0.1 6.3 2.3 256.4 210.0 999.000 999.0 0.058 0.056 0.0 0.0 0.0 30.0 30.0 0 0.0 5 1 0 0 0.0 24.2 15.5 0.065 76.0 0.005 0.0 0.0 0.0 -51.8 113.9 976.1
151.757 0.00003 359.99960 0.1 6.4 2.4 255.1 210.0 999.000 999.0 0.176 0.102 -0.0 0.0 0.0 30.0 30.0 0 0.0 0 1 0 0 0.0 24.2 15.5 0.065 76.0 0.005 0.0 0.0 0.0 -44.5 100.4 996.7
152.366 0.00003 359.99960 0.1 9.0 1.1 255.4 210.0 999.000 999.0 0.176 0.102 -0.0 0.0 0.0 30.0 30.0 0 0.0 0 1 0 0 0.0 24.2 15.5 0.065 76.0 0.005 0.0 0.0 0.0 -8.3 192.1 1026.0
152.757 0.00003 359.99960 0.1 7.2 1.3 252.9 210.0 999.000 999.0 0.037 -0.019 0.0 0.0 0.0 30.0 30.0 0 0.0 0 1 0 0 0.0 24.2 15.5 0.065 76.0 0.005 0.0 0.0 0.0 -20.0 159.7 979.1
153.366 0.00003 359.99960 0.1 8.1 0.1 251.6 210.0 999.000 999.0 0.037 -0.019 0.0 0.0 0.0 30.0 30.0 0 0.0 0 1 0 0 0.0 24.2 15.5 0.065 76.0 0.005 0.0 0.0 0.0 -0.8 150.9 999.0
153.756 0.00003 359.99960 0.1 9.4 0.7 249.3 210.0 999.000 999.0 0.006 0.106 -0.0 0.0 0.0 30.0 30.0 0 0.0 0 1 0 0 0.0 24.2 15.5 0.065 76.0 0.005 0.0 0.0 0.0 -12.2 170.9 987.4
154.367 0.00003 359.99960 0.1 7.8 0.8 248.6 210.0 999.000 999.0 0.006 0.106 -0.0 0.0 0.0 30.0 30.0 0 0.0 0 1 0 0 0.0 24.2 15.5 0.065 76.0 0.005 0.0 0.0 0.0 -13.0 152.9 989.5
154.756 0.00003 359.99960 0.1 7.8 0.8 246.8 210.0 999.000 999.0 -0.056 0.076 -0.1 0.0 0.0 30.0 30.0 0 0.0 0 1 0 0 0.0 24.2 15.5 0.065 76.0 0.005 0.0 0.0 0.0 -26.2 149.1 964.2
155.365 0.00003 359.99960 0.1 7.6 1.0 245.4 210.0 999.000 999.0 -0.056 0.076 -0.1 0.0 0.0 30.0 30.0 0 0.0 0 1 0 0 0.0 24.2 15.5 0.065 76.0 0.005 0.0 0.0 0.0 -20.9 113.1 991.4
155.777 0.00003 359.99960 0.1 6.8 1.2 244.4 210.0 999.000 999.0 -0.015 -0.017 0.0 0.0 0.0 30.0 30.0 0 0.0 0 1 0 0 0.0 24.2 15.5 0.065 76.0 0.005 0.0 0.0 0.0 -19.8 112.7 1008.0
156.367 0.00003 359.99960 0.1 7.4 2.6 243.3 210.0 999.000 999.0 -0.015 -0.017 0.0 0.0 0.0 30.0 30.0 0 0.0 0 1 0 0 0.0 24.2 15.5 0.065 76.0 0.005 0.0 0.0 0.0 -44.0 159.9 979.1
156.756 0.00003 359.99960 0.1 6.8 2.1 242.7 210.0 999.000 999.0 0.167 0.079 0.0 0.0 0.0 30.0 30.0 0 0.0 0 1 0 0 0.0 24.2 15.5 0.065 76.0 0.005 0.0 0.0 0.0 -47.5 113.1 997.9
157.368 0.00003 359.99960 0.1 7.8 2.6 241.7 210.0 999.000 999.0 0.167 0.079 0.0 0.0 0.0 30.0 30.0 0 0.0 0 1 0 0 0.0 24.2 15.5 0.065 76.0 0.005 0.0 0.0 0.0 -32.2 163.7 1013.0
157.759 0.00003 359.99960 0.1 7.1 2.0 240.9 210.0 999.000 999.0 -0.054 0.021 -0.0 0.0 0.0 30.0 30.0 0 0.0 0 1 0 0 0.0 24.2 15.5 0.065 76.0 0.005 0.0 0.0 0.0 -33.6 145.1 989.6
158.367 0.00003 359.99960 0.1 6.7 1.6 238.8 220.0 999.000 999.0 -0.054 0.021 -0.0 0.0 0.0 30.0 30.0 0 0.0 5 1 0 0 0.0 24.2 15.5 0.065 76.0 0.005 0.0 0.0 0.0 -31.5 117.1 996.1
158.759 0.00003 359.99960 0.1 8.8 1.7 237.4 220.0 999.000 3.5 -0.022 0.071 0.0 0.0 0.0 30.0 30.0 0 0.0 0 1 1 0 0.0 24.2 15.5 0.065 76.0 0.005 0.0 0.0 0.0 -18.7 165.4 1007.0
159.367 0.00003 359.99960 0.1 8.4 1.0 236.3 220.0 999.000 3.5 -0.022 0.071 0.0 0.0 0.0 -10.7 -10.7 0 0.0 0 1 1 0 0.0 24.2 15.5 0.065 76.0 0.005 0.0 0.0 0.0 -26.8 203.7 972.0
159.756 0.00003 359.99960 0.1 5.7 1.5 233.9 220.0 999.000 3.5 -0.059 0.075 -0.0 0.0 0.0 -11.0 -11.0 0 0.0 0 1 1 0 0.0 24.2 15.5 0.065 76.0 0.005 0.0 0.0 0.0 -24.4 93.1 982.5
160.369 0.00003 359.99960 0.1 8.4 0.8 231.9 220.0 999.000 3.5 -0.059 0.075 -0.0 0.0 0.0 -11.4 -11.4 0 0.0 0 1 1 0 0.0 24.2 15.5 0.065 76.0 0.005 0.0 0.0 0.0 -17.8 157.6 989.1
160.781 0.00003 359.99960 0.1 9.4 1.1 230.4 220.0 999.000 3.5 -0.141 -0.051 -0.0 0.0 0.0 -11.7 -11.7 0 0.0 0 1 1 0 0.0 24.2 15.5 0.065 76.0 0.005 0.0 0.0 0.0 -18.3 194.7 990.2
161.366 0.00003 359.99960 0.1 6.3 1.1 228.9 220.0 999.000 3.5 -0.141 -0.051 -0.0 0.0 0.0 -12.0 -12.0 0 0.0 0 1 1 0 0.0 24.2 15.5 0.065 76.0 0.005 0.0 0.0 0.0 -28.1 111.4 977.7
161.759 0.00003 359.99959 0.1 7.1 1.6 226.4 220.0 999.000 3.5 -0.088 0.221 0.0 0.0 0.0 -12.4 -12.4 0 0.0 0 1 1 0 0.0 24.2 15.5 0.065 76.0 0.005 0.0 0.0 0.0 -26.9 120.5 984.1
162.367 0.00003 359.99959 0.1 8.8 1.7 226.1 220.0 999.000 3.5 -0.088 0.221 0.0 0.0 0.0 -12.8 -12.8 0 0.0 0 1 1 0 0.0 24.2 15.5 0.065 76.0 0.005 0.0 0.0 0.0 -28.8 175.7 985.6
162.758 0.00003 359.99959 0.1 7.1 1.7 224.8 220.0 999.000 3.5 -0.072 0.104 -0.0 0.0 0.0 -13.1 -13.1 0 0.0 0 1 1 0 0.0 24.2 15.5 0.065 76.0 0.005 0.0 0.0 0.0 -29.4 126.7 987.9
163.381 0.00003 359.99959 0.1 7.0 1.7 222.6 220.0 999.000 3.5 -0.072 0.104 -0.0 0.0 0.0 -13.4 -13.4 0 0.0 0 1 1 0 0.0 24.2 15.5 0.065 76.0 0.005 0.0 0.0 0.0 -30.0 139.8 988.9
163.758 0.00003 359.99959 0.1 13.2 1.4 221.0 220.0 999.000 3.5 -0.115 -0.156 -0.1 0.0 0.0 -13.8 -13.7 12 8.4 7999 1 1 0 0.0 24.2 15.5 0.065 76.0 0.005 0.0 0.0 0.0 -105.0 264.5 954.5
164.368 0.00003 359.99959 0.1 29.2 1.3 220.8 220.0 999.000 3.5 -0.115 -0.156 -0.1 0.0 0.0 -14.0 -14.0 12 8.4 7919 1 1 0 0.0 24.2 15.5 0.065 76.0 0.005 0.0 0.0 0.0 -74.7 496.4 864.6
164.759 0.00002 359.99959 0.1 24.3 -1.0 220.5 220.0 999.000 3.5 -0.396 -0.040 -0.0 0.0 0.0 -14.3 -14.3 12 0.0 8884 1 1 0 0.0 24.2 15.5 0.065 76.0 0.005 0.0 0.0 0.0 -35.8 224.6 784.8
165.367 0.00002 359.99959 0.1 2.6 -3.0 221.7 220.0 999.000 3.5 -0.396 -0.040 -0.0 0.0 0.0 -14.7 -14.7 12 0.0 10043 1 1 0 0.0 24.2 15.5 0.065 76.0 0.005 0.0 0.0 0.0 51.2 13.4 1081.0
165.779 0.00002 359.99959 0.1 2.5 -3.0 223.4 220.0 999.000 3.5 -0.787 0.072 0.0 0.0 0.0 -15.1 -15.1 12 0.0 9813 1 1 0 0.0 24.2 15.4 0.065 76.0 0.005 0.0 0.0 0.0 8.5 -38.5 865.3
166.370 0.00002 359.99958 0.1 4.6 -4.5 222.7 220.0 999.000 3.5 -0.787 0.072 0.0 0.0 0.0 -15.4 -15.4 12 0.0 10268 1 1 0 0.0 24.2 15.4 0.065 76.0 0.005 0.0 0.0 0.0 97.4 148.5 1101.0
166.759 0.00001 359.99958 0.1 4.0 -6.1 220.6 220.0 999.000 3.5 -1.118 0.032 0.1 0.0 0.0 -15.7 -15.7 12 0.0 9693 1 1 0 0.0 24.2 15.4 0.065 76.0 0.005 0.0 0.0 0.0 132.8 90.8 1115.0
167.368 0.00001 359.99958 0.2 10.0 -8.0 220.2 220.0 999.000 3.5 -1.118 0.032 0.1 0.0 0.0 -15.9 -15.9 12 0.0 10228 1 1 0 0.0 24.2 15.4 0.065 76.0 0.005 0.0 0.0 0.0 197.0 227.1 1077.0
167.760 0.00001 359.99957 0.2 14.8 -11.0 221.6 220.0 999.000 3.5 -1.172 -0.052 0.1 0.0 0.0 -16.1 -16.1 12 0.0 10053 1 1 0 0.0 24.2 15.4 0.065 76.0 0.005 0.0 0.0 0.0 202.4 216.1 923.2
168.367 0.00000 359.99957 0.3 11.3 -14.4 223.4 220.0 999.000 3.5 -1.172 -0.052 0.1 0.0 0.0 -16.3 -16.3 12 0.0 9328 1 1 0 0.0 24.2 15.4 0.065 76.0 0.005 0.0 0.0 0.0 232.0 100.3 849.4
168.759 -0.00000 359.99957 0.5 17.1 -17.4 224.5 220.0 999.000 3.5 -1.144 -0.037 0.0 0.0 0.0 -16.3 -16.3 12 8.4 8299 1 1 0 0.0 24.2 15.4 0.065 76.0 0.005 0.0 0.0 0.0 300.4 289.5 885.7
169.367 -0.00001 359.99956 0.7 20.4 -21.8 223.7 220.0 999.000 3.5 -1.144 -0.037 0.0 0.0 0.0 -16.2 -16.2 12 8.4 8224 1 1 0 0.0 24.2 15.4 0.065 76.0 0.005 0.0 0.0 0.0 360.3 316.4 851.9
169.757 -0.00001 359.99956 0.9 23.6 -26.0 221.4 220.0 999.000 3.5 -1.201 -0.044 0.1 -3.7 -3.7 -15.9 -15.9 12 0.0 8224 1 1 0 0.0 24.2 15.4 0.065 76.0 0.005 0.0 0.0 0.0 439.0 337.1 782.9
170.370 -0.00001 359.99956 1.1 20.1 -29.5 218.6 220.0 999.000 3.5 -1.201 -0.044 0.1 0.0 0.0 -15.5 -15.5 12 0.0 8229 1 1 0 0.0 24.2 15.4 0.065 76.0 0.005 0.0 0.0 0.0 503.9 304.0 794.1
170.789 -0.00002 359.99955 1.4 15.9 -33.2 216.2 220.0 999.000 3.5 -1.280 0.034 0.1 0.0 0.0 -15.0 -15.0 12 8.4 8224 1 1 0 0.0 24.2 15.4 0.065 76.0 0.005 0.0 0.0 0.0 547.1 245.4 778.7
171.367 -0.00002 359.99955 1.8 14.3 -36.4 215.0 220.0 999.000 3.5 -1.280 0.034 0.1 3.8 3.8 -14.2 -14.2 12 8.4 8284 1 1 0 0.0 24.2 15.4 0.065 76.0 0.005 0.0 0.0 0.0 585.2 211.5 744.7
171.760 -0.00003 359.99955 2.1 16.2 -39.6 215.3 220.0 999.000 3.5 -1.369 -0.059 0.1 5.0 5.0 -13.5 -13.5 12 0.0 8319 1 1 0 0.0 24.2 15.4 0.065 76.0 0.005 0.0 0.0 0.0 638.3 197.4 726.0
172.384 -0.00003 359.99954 2.5 20.6 -42.5 216.5 999.0 999.000 999.0 -1.369 -0.059 0.1 0.0 0.0 30.0 30.0 0 0.0 5964 0 0 0 0.0 6270.8 15.4 0.065 76.0 0.005 0.0 0.0 0.0 680.1 268.9 682.4
172.768 -0.00004 359.99954 2.9 15.3 -41.8 217.9 999.0 999.000 999.0 -1.445 -0.078 0.1 0.0 0.0 30.0 30.0 0 0.0 0 0 0 0 0.0 24.2 15.4 0.065 76.0 0.005 0.0 0.0 0.0 712.4 164.1 744.5
173.369 -0.00004 359.99953 3.2 6.4 -33.7 219.3 999.0 999.000 999.0 -1.445 -0.078 0.1 0.0 0.0 30.0 30.0 0 0.0 0 0 0 0 0.0 24.2 15.4 0.065 76.0 0.005 0.0 0.0 0.0 573.3 77.3 862.8
173.759 -0.00005 359.99953 3.4 2.3 -25.0 219.1 999.0 999.000 999.0 -1.024 -0.070 0.2 0.0 0.0 30.0 30.0 0 0.0 0 0 0 0 0.0 24.2 15.4 0.065 76.0 0.005 0.0 0.0 0.0 426.3 33.0 931.5
174.368 -0.00005 359.99953 3.6 1.4 -17.4 218.1 999.0 999.000 999.0 -1.024 -0.070 0.2 0.0 0.0 30.0 30.0 0 0.0 0 0 0 0 0.0 24.2 15.4 0.065 76.0 0.005 0.0 0.0 0.0 300.2 25.7 974.5
174.760 -0.00005 359.99953 3.7 2.5 -11.5 217.1 999.0 999.000 999.0 -0.678 -0.081 0.0 0.0 0.0 30.0 30.0 0 0.0 0 0 0 0 0.0 24.2 15.5 0.065 76.0 0.005 0.0 0.0 0.0 191.0 47.0 992.2
175.369 -0.00006 359.99953 3.7 3.8 -6.7 216.7 999.0 999.000 999.0 -0.678 -0.081 0.0 0.0 0.0 30.0 30.0 0 0.0 0 0 0 0 0.0 24.2 15.5 0.065 76.0 0.005 0.0 0.0 0.0 106.7 66.8 1000.0
175.783 -0.00006 359.99952 3.8 4.0 -2.6 216.9 999.0 999.000 999.0 -0.442 -0.068 -0.0 0.0 0.0 30.0 30.0 0 0.0 5 0 0 0 0.0 24.2 15.5 0.065 76.0 0.005 0.0 0.0 0.0 36.7 72.5 1003.0
176.371 -0.00006 359.99952 3.8 4.6 0.3 217.6 999.0 999.000 999.0 -0.442 -0.068 -0.0 0.0 0.0 30.0 30.0 0 0.0 0 0 0 0 0.0 24.2 15.5 0.065 76.0 0.005 0.0 0.0 0.0 -15.2 81.9 1000.0
176.759 -0.00006 359.99952 3.8 4.8 2.7 218.4 999.0 999.000 999.0 -0.363 0.081 0.0 0.0 0.0 30.0 30.0 0 0.0 0 0 0 0 0.0 24.2 15.5 0.065 76.0 0.005 0.0 0.0 0.0 -54.5 82.6 999.0
177.369 -0.00006 359.99952 3.8 4.8 4.4 219.2 999.0 999.000 999.0 -0.363 0.081 0.0 0.0 0.0 30.0 30.0 0 0.0 0 0 0 0 0.0 24.2 15.5 0.065 76.0 0.005 0.0 0.0 0.0 -84.1 84.5 995.1
177.760 -0.00006 359.99952 3.8 5.3 5.7 220.0 999.0 999.000 999.0 -0.443 0.043 0.0 0.0 0.0 30.0 30.0 0 0.0 0 0 0 0 0.0 24.2 15.5 0.065 76.0 0.005 0.0 0.0 0.0 -102.0 93.9 992.3
178.369 -0.00006 359.99952 3.8 5.2 6.4 221.0 999.0 999.000 999.0 -0.443 0.043 0.0 0.0 0.0 30.0 30.0 0 0.0 0 0 0 0 0.0 24.2 15.5 0.065 76.0 0.005 0.0 0.0 0.0 -113.0 89.1 989.0
178.760 -0.00007 359.99952 3.7 5.2 6.7 222.0 999.0 999.000 999.0 -0.331 -0.075 0.0 0.0 0.0 30.0 30.0 0 0.0 0 0 0 0 0.0 24.2 15.5 0.065 76.0 0.005 0.0 0.0 0.0 -114.0 92.2 989.5
179.371 -0.00007 359.99952 3.7 5.2 6.5 223.0 999.0 999.000 999.0 -0.331 -0.075 0.0 0.0 0.0 30.0 30.0 0 0.0 0 0 0 0 0.0 24.2 15.5 0.065 76.0 0.005 0.0 0.0 0.0 -112.0 91.5 990.3
179.759 -0.00007 359.99951 3.7 5.1 5.8 224.1 999.0 999.000 999.0 -0.335 -0.089 0.0 0.0 0.0 30.0 30.0 0 0.0 0 0 0 0 0.0 24.2 15.5 0.065 76.0 0.005 0.0 0.0 0.0 -97.8 90.3 990.4
180.370 -0.00007 359.99951 3.7 5.2 4.7 225.5 999.0 999.000 999.0 -0.335 -0.089 0.0 0.0 0.0 30.0 30.0 0 0.0 0 0 0 0 0.0 24.2 15.5 0.065 76.0 0.005 0.0 0.0 0.0 -76.5 92.0 993.1
180.786 -0.00007 359.99951 3.7 5.4 3.0 226.9 999.0 999.000 999.0 -0.299 -0.076 -0.0 0.0 0.0 30.0 30.0 0 0.0 0 0 0 0 0.0 24.2 15.5 0.065 76.0 0.005 0.0 0.0 0.0 -46.4 94.4 993.3
181.369 -0.00007 359.99951 3.7 5.3 1.0 227.3 999.0 999.000 999.0 -0.299 -0.076 -0.0 0.0 0.0 30.0 30.0 0 0.0 0 0 0 0 0.0 24.2 15.5 0.065 76.0 0.005 0.0 0.0 0.0 -12.3 91.9 996.0
181.760 -0.00007 359.99951 3.7 5.4 -1.3 226.9 999.0 999.000 999.0 -0.140 0.028 -0.0 0.0 0.0 30.0 30.0 0 0.0 0 0 0 0 0.0 24.2 15.5 0.065 76.0 0.005 0.0 0.0 0.0 31.3 95.5 994.6
182.370 -0.00007 359.99951 3.7 5.6 -3.9 226.3 999.0 999.000 999.0 -0.140 0.028 -0.0 0.0 0.0 30.0 30.0 0 0.0 0 0 0 0 0.0 24.2 15.5 0.065 76.0 0.005 0.0 0.0 0.0 75.5 98.5 991.0
182.759 -0.00007 359.99951 3.7 5.7 -6.7 225.8 999.0 999.000 999.0 -0.245 -0.042 0.0 0.0 0.0 30.0 30.0 0 0.0 0 0 0 0 0.0 24.2 15.5 0.065 76.0 0.005 0.0 0.0 0.0 124.7 99.4 987.0
183.371 -0.00007 359.99951 3.7 5.7 -9.5 225.3 999.0 999.000 999.0 -0.245 -0.042 0.0 0.0 0.0 30.0 30.0 0 0.0 0 0 0 0 0.0 24.2 15.5 0.065 76.0 0.005 0.0 0.0 0.0 173.0 98.3 980.4
183.760 -0.00007 359.99951 3.7 5.9 -12.3 224.9 999.0 999.000 999.0 -0.044 0.098 -0.0 0.0 0.0 30.0 30.0 0 0.0 0 0 0 0 0.0 24.2 15.5 0.065 76.0 0.005 0.0 0.0 0.0 220.3 101.9 972.2
184.369 -0.00007 359.99951 3.7 6.0 -15.0 224.7 999.0 999.000 999.0 -0.044 0.098 -0.0 0.0 0.0 30.0 30.0 0 0.0 0 0 0 0 0.0 24.2 15.5 0.065 76.0 0.005 0.0 0.0 0.0 265.2 100.5 959.9
184.762 -0.00007 359.99951 3.6 5.8 -17.4 224.6 999.0 999.000 999.0 -0.076 0.061 0.1 0.0 0.0 30.0 30.0 0 0.0 0 0 0 0 0.0 24.2 15.5 0.065 76.0 0.005 0.0 0.0 0.0 307.3 95.2 949.5
185.370 -0.00007 359.99951 3.6 5.7 -19.7 224.5 999.0 999.000 999.0 -0.076 0.061 0.1 0.0 0.0 30.0 30.0 0 0.0 0 0 0 0 0.0 24.2 15.5 0.065 76.0 0.005 0.0 0.0 0.0 344.0 93.2 935.5
185.783 -0.00008 359.99951 3.6 5.9 -21.9 224.5 999.0 999.000 999.0 -0.123 0.048 0.0 0.0 0.0 30.0 30.0 0 0.0 5 0 0 0 0.0 24.2 15.5 0.065 76.0 0.005 0.0 0.0 0.0 377.9 95.7 919.7
186.371 -0.00008 359.99951 3.6 6.0 -23.7 224.4 999.0 999.000 999.0 -0.123 0.048 0.0 0.0 0.0 30.0 30.0 0 0.0 0 0 0 0 0.0 24.2 65.4 0.065 76.0 0.005 0.0 0.0 0.0 409.1 95.6 910.5
186.760 -0.00008 359.99951 3.6 6.0 -25.5 224.2 999.0 999.000 999.0 0.111 -0.003 0.1 0.0 0.0 30.0 30.0 0 0.0 5 0 0 0 0.0 24.2 15.5 0.065 76.0 0.005 0.0 0.0 0.0 437.4 93.7 898.4
187.369 -0.00008 359.99951 3.5 5.8 -27.1 223.9 999.0 999.000 999.0 0.111 -0.003 0.1 0.0 0.0 30.0 30.0 0 0.0 0 0 0 0 0.0 24.2 15.5 0.065 76.0 0.005 0.0 0.0 0.0 460.3 88.9 884.6
187.762 -0.00008 359.99951 3.5 5.7 -28.5 223.4 999.0 999.000 999.0 0.035 0.116 0.1 0.0 0.0 30.0 30.0 0 0.0 5 0 0 0 0.0 24.2 15.5 0.065 76.0 0.005 0.0 0.0 0.0 482.1 89.3 875.0
188.371 -0.00008 359.99951 3.4 5.9 -29.7 222.9 999.0 999.000 999.0 0.035 0.116 0.1 0.0 0.0 30.0 30.0 0 0.0 0 0 0 0 0.0 24.2 15.5 0.065 76.0 0.005 0.0 0.0 0.0 498.1 88.7 865.7
188.760 -0.00008 359.99950 3.4 5.9 -30.7 222.2 999.0 999.000 999.0 -0.078 0.012 0.1 0.0 0.0 30.0 30.0 0 0.0 0 0 0 0 0.0 24.2 15.5 0.065 76.0 0.005 0.0 0.0 0.0 513.5 89.0 855.8
189.373 -0.00008 359.99950 3.3 5.8 -31.5 221.4 999.0 999.000 999.0 -0.078 0.012 0.1 0.0 0.0 30.0 30.0 0 0.0 0 0 0 0 0.0 24.2 15.5 0.065 76.0 0.005 0.0 0.0 0.0 525.6 86.8 849.6
189.760 -0.00008 359.99950 3.3 5.8 -32.1 220.4 999.0 999.000 999.0 0.046 0.004 0.1 0.0 0.0 30.0 30.0 0 0.0 0 0 0 0 0.0 24.2 15.5 0.065 76.0 0.005 0.0 0.0 0.0 535.2 86.1 844.6
190.370 -0.00008 359.99950 3.2 5.9 -32.5 219.3 999.0 999.000 999.0 0.046 0.004 0.1 0.0 0.0 30.0 30.0 0 0.0 0 0 0 0 0.0 24.2 15.5 0.065 76.0 0.005 0.0 0.0 0.0 539.5 85.9 840.8
190.778 -0.00008 359.99950 3.1 5.9 -32.6 218.1 999.0 999.000 999.0 0.270 0.060 0.1 0.0 0.0 30.0 30.0 0 0.0 0 0 0 0 0.0 24.2 15.5 0.065 76.0 0.005 0.0 0.0 0.0 538.9 83.3 839.2
191.371 -0.00008 359.99950 3.0 6.0 -32.6 217.1 999.0 999.000 999.0 0.270 0.060 0.1 0.0 0.0 30.0 30.0 0 0.0 0 0 0 0 0.0 24.2 15.5 0.065 76.0 0.005 0.0 0.0 0.0 538.9 86.9 839.7
191.761 -0.00008 359.99950 2.9 6.0 -32.3 215.8 999.0 999.000 999.0 0.385 -0.013 0.1 0.0 0.0 30.0 30.0 0 0.0 0 0 0 0 0.0 24.2 15.5 0.065 76.0 0.005 0.0 0.0 0.0 535.6 88.3 844.2
192.381 -0.00008 359.99950 2.8 6.0 -31.9 214.4 999.0 999.000 999.0 0.385 -0.013 0.1 0.0 0.0 30.0 30.0 0 0.0 0 0 0 0 0.0 24.2 15.5 0.065 76.0 0.005 0.0 0.0 0.0 528.7 87.4 847.9
192.770 -0.00009 359.99950 2.7 5.8 -31.3 213.0 999.0 999.000 999.0 0.213 0.110 0.1 0.0 0.0 30.0 30.0 0 0.0 0 0 0 0 0.0 24.2 15.5 0.065 76.0 0.005 0.0 0.0 0.0 519.5 86.6 851.4
193.371 -0.00009 359.99950 2.6 5.9 -30.5 211.7 999.0 999.000 999.0 0.213 0.110 0.1 0.0 0.0 30.0 30.0 0 0.0 0 0 0 0 0.0 24.2 15.5 0.065 76.0 0.005 0.0 0.0 0.0 505.2 88.7 858.8
193.761 -0.00009 359.99950 2.5 6.0 -29.6 210.6 999.0 999.000 999.0 0.167 0.002 0.2 0.0 0.0 30.0 30.0 0 0.0 0 0 0 0 0.0 24.2 15.5 0.065 76.0 0.005 0.0 0.0 0.0 492.8 91.2 866.4
194.369 -0.00009 359.99950 2.4 5.9 -28.7 209.5 999.0 999.000 999.0 0.167 0.002 0.2 0.0 0.0 30.0 30.0 0 0.0 0 0 0 0 0.0 24.2 15.5 0.065 76.0 0.005 0.0 0.0 0.0 479.7 90.8 874.1
194.762 -0.00009 359.99950 2.3 5.9 -27.8 208.5 999.0 999.000 999.0 0.244 0.125 0.2 0.0 0.0 30.0 30.0 0 0.0 0 0 0 0 0.0 24.2 15.5 0.065 76.0 0.005 0.0 0.0 0.0 463.1 91.0 879.9
195.380 -0.00009 359.99950 2.2 5.8 -27.0 207.6 999.0 999.000 999.0 0.244 0.125 0.2 0.0 0.0 30.0 30.0 0 0.0 0 0 0 0 0.0 24.2 15.5 0.065 76.0 0.005 0.0 0.0 0.0 451.0 90.9 885.7
195.790 -0.00009 359.99950 2.1 6.0 -26.3 206.8 999.0 999.000 999.0 0.228 0.054 0.1 0.0 0.0 30.0 30.0 0 0.0 5 0 0 0 0.0 24.2 15.5 0.065 76.0 0.005 0.0 0.0 0.0 442.2 93.7 893.4
196.372 -0.00009 359.99950 2.0 6.0 -25.8 206.3 999.0 999.000 999.0 0.228 0.054 0.1 0.0 0.0 30.0 30.0 0 0.0 0 0 0 0 0.0 24.2 15.5 0.065 76.0 0.005 0.0 0.0 0.0 432.5 92.8 896.1
196.761 -0.00009 359.99949 1.9 6.0 -25.3 205.9 999.0 999.000 999.0 0.205 -0.070 0.2 0.0 0.0 30.0 30.0 0 0.0 0 0 0 0 0.0 24.2 15.5 0.065 76.0 0.005 0.0 0.0 0.0 425.0 93.7 897.9
197.369 -0.00009 359.99949 1.8 5.9 -24.9 205.4 999.0 999.000 999.0 0.205 -0.070 0.2 0.0 0.0 30.0 30.0 0 0.0 0 0 0 0 0.0 24.2 15.5 0.065 76.0 0.005 0.0 0.0 0.0 418.9 93.8 901.5
197.763 -0.00010 359.99949 1.7 5.9 -24.5 205.1 999.0 999.000 999.0 0.398 0.162 0.1 0.0 0.0 30.0 30.0 0 0.0 0 0 0 0 0.0 24.2 15.5 0.065 76.0 0.005 0.0 0.0 0.0 412.4 93.6 904.4
198.370 -0.00010 359.99949 1.6 6.1 -24.2 205.0 999.0 999.000 999.0 0.398 0.162 0.1 0.0 0.0 30.0 30.0 0 0.0 0 0 0 0 0.0 24.2 15.5 0.065 76.0 0.005 0.0 0.0 0.0 407.8 97.7 905.7
198.760 -0.00010 359.99949 1.5 6.2 -23.9 204.9 999.0 999.000 999.0 0.277 -0.086 0.1 0.0 0.0 30.0 30.0 0 0.0 0 0 0 0 0.0 24.2 15.5 0.065 76.0 0.005 0.0 0.0 0.0 404.2 97.2 909.8
199.372 -0.00010 359.99949 1.4 6.0 -23.6 205.2 999.0 999.000 999.0 0.277 -0.086 0.1 0.0 0.0 30.0 30.0 0 0.0 0 0 0 0 0.0 24.2 15.5 0.065 76.0 0.005 0.0 0.0 0.0 398.3 95.6 913.2
199.761 -0.00010 359.99949 1.3 6.0 -23.2 205.5 999.0 999.000 999.0 0.189 -0.071 0.2 0.0 0.0 30.0 30.0 0 0.0 0 0 0 0 0.0 24.2 15.5 0.065 76.0 0.005 0.0 0.0 0.0 393.2 94.9 914.0
200.380 -0.00010 359.99949 1.2 6.1 -22.9 206.0 999.0 999.000 999.0 0.189 -0.071 0.2 0.0 0.0 30.0 30.0 0 0.0 0 0 0 0 0.0 24.2 15.5 0.065 76.0 0.005 0.0 0.0 0.0 386.4 97.9 915.1
200.792 -0.00010 359.99949 1.1 6.1 -22.5 206.4 999.0 999.000 999.0 0.309 -0.043 0.1 0.0 0.0 30.0 30.0 0 0.0 0 0 0 0 0.0 24.2 15.5 0.065 76.0 0.005 0.0 0.0 0.0 384.3 98.2 919.8
201.373 -0.00011 359.99949 1.0 6.1 -22.3 207.0 999.0 999.000 999.0 0.309 -0.043 0.1 0.0 0.0 30.0 30.0 0 0.0 0 0 0 0 0.0 24.2 15.5 0.065 76.0 0.005 0.0 0.0 0.0 376.9 97.7 922.2
201.761 -0.00011 359.99949 0.9 6.3 -22.1 207.8 999.0 999.000 999.0 0.337 0.018 0.1 0.0 0.0 30.0 30.0 0 0.0 0 0 0 0 0.0 24.2 15.5 0.065 76.0 0.005 0.0 0.0 0.0 373.2 104.0 916.7
202.379 -0.00011 359.99949 0.7 6.4 -21.8 208.3 999.0 999.000 999.0 0.337 0.018 0.1 0.0 0.0 30.0 30.0 0 0.0 0 0 0 0 0.0 24.2 15.5 0.065 76.0 0.005 0.0 0.0 0.0 373.9 103.1 919.0
202.772 -0.00011 359.99949 0.6 6.1 -21.5 208.6 999.0 999.000 999.0 0.267 -0.079 0.1 0.0 0.0 30.0 30.0 0 0.0 0 0 0 0 0.0 24.2 15.5 0.065 76.0 0.005 0.0 0.0 0.0 370.3 95.4 932.2
203.372 -0.00011 359.99949 0.5 6.0 -21.7 209.8 999.0 999.000 999.0 0.267 -0.079 0.1 0.0 0.0 30.0 30.0 0 0.0 0 0 0 0 0.0 24.2 15.5 0.065 76.0 0.005 0.0 0.0 0.0 364.4 102.8 922.9
203.764 -0.00011 359.99948 0.4 7.0 -21.4 210.0 999.0 999.000 999.0 0.389 -0.116 0.2 0.0 0.0 30.0 30.0 0 0.0 0 0 0 0 0.0 24.2 15.5 0.065 76.0 0.005 0.0 0.0 0.0 352.1 120.5 916.9
204.372 -0.00011 359.99948 0.4 7.2 -18.7 210.6 999.0 999.000 999.0 0.389 -0.116 0.2 0.0 0.0 30.0 30.0 0 0.0 0 0 0 0 0.0 24.2 15.5 0.065 76.0 0.005 0.0 0.0 0.0 300.9 111.0 937.0
204.763 -0.00012 359.99948 0.3 7.2 -13.0 210.9 999.0 999.000 999.0 0.227 -0.058 0.1 0.0 0.0 30.0 30.0 0 0.0 0 0 0 0 0.0 24.2 15.5 0.065 76.0 0.005 0.0 0.0 0.0 204.8 126.4 978.3
205.379 -0.00012 359.99948 0.2 10.6 -7.1 212.1 999.0 999.000 999.0 0.227 -0.058 0.1 0.0 0.0 30.0 30.0 0 0.0 0 0 0 0 0.0 24.2 15.5 0.065 76.0 0.005 0.0 0.0 0.0 95.5 200.1 962.2
205.794 -0.00012 359.99948 0.1 10.0 -1.5 212.3 999.0 999.000 999.0 0.209 -0.104 0.1 0.0 0.0 30.0 30.0 0 0.0 0 0 0 0 0.0 24.2 15.5 0.065 76.0 0.005 0.0 0.0 0.0 20.9 157.3 983.8
206.373 -0.00012 359.99948 0.1 5.0 1.6 212.6 999.0 999.000 999.0 0.209 -0.104 0.1 0.0 0.0 30.0 30.0 0 0.0 0 0 0 0 0.0 24.2 15.5 0.065 76.0 0.005 0.0 0.0 0.0 -31.3 87.4 1004.0
206.762 -0.00012 359.99948 0.1 6.3 4.1 212.5 999.0 999.000 999.0 0.137 -0.109 0.1 0.0 0.0 30.0 30.0 0 0.0 5 0 0 0 0.0 24.2 15.5 0.065 76.0 0.005 0.0 0.0 0.0 -86.2 115.4 941.4
207.379 -0.00012 359.99948 0.1 8.9 3.6 212.4 999.0 999.000 999.0 0.137 -0.109 0.1 0.0 0.0 30.0 30.0 0 0.0 0 0 0 0 0.0 24.2 15.5 0.065 76.0 0.005 0.0 0.0 0.0 -47.0 148.6 1022.0
207.774 -0.00012 359.99948 0.1 8.2 2.4 212.6 999.0 999.000 999.0 0.125 0.030 0.0 0.0 0.0 30.0 30.0 0 0.0 0 0 0 0 0.0 24.2 15.5 0.065 76.0 0.005 0.0 0.0 0.0 -36.8 175.0 971.4
208.372 -0.00012 359.99948 0.1 7.5 0.8 211.8 999.0 999.000 999.0 0.125 0.030 0.0 0.0 0.0 30.0 30.0 0 0.0 0 0 0 0 0.0 24.2 15.5 0.065 76.0 0.005 0.0 0.0 0.0 -13.5 101.8 997.7
208.761 -0.00012 359.99948 0.1 8.8 -0.0 212.8 999.0 999.000 999.0 0.054 -0.144 -0.0 0.0 0.0 30.0 30.0 0 0.0 0 0 0 0 0.0 24.2 15.5 0.065 76.0 0.005 0.0 0.0 0.0 8.9 174.0 997.3
209.374 -0.00012 359.99948 0.1 8.3 0.7 212.6 999.0 999.000 999.0 0.054 -0.144 -0.0 0.0 0.0 30.0 30.0 0 0.0 0 0 0 0 0.0 24.2 15.5 0.065 76.0 0.005 0.0 0.0 0.0 -7.4 148.4 975.8
209.762 -0.00012 359.99948 0.1 10.3 -0.4 211.8 999.0 999.000 999.0 0.120 -0.047 0.0 0.0 0.0 30.0 30.0 0 0.0 0 0 0 0 0.0 24.2 15.5 0.065 76.0 0.005 0.0 0.0 0.0 1.4 188.5 990.5
210.379 -0.00012 359.99948 0.1 6.8 0.7 213.5 999.0 999.000 999.0 0.120 -0.047 0.0 0.0 0.0 30.0 30.0 0 0.0 0 0 0 0 0.0 24.2 15.5 0.065 76.0 0.005 0.0 0.0 0.0 -17.6 118.5 969.4
210.805 -0.00012 359.99948 0.1 8.6 1.1 212.5 999.0 999.000 999.0 0.150 0.004 0.0 0.0 0.0 30.0 30.0 0 0.0 0 0 0 0 0.0 24.2 15.5 0.065 76.0 0.005 0.0 0.0 0.0 -13.2 170.2 997.8
211.374 -0.00012 359.99948 0.1 10.6 0.7 214.0 999.0 999.000 999.0 0.150 0.004 0.0 0.0 0.0 30.0 30.0 0 0.0 0 0 0 0 0.0 24.2 15.5 0.065 76.0 0.005 0.0 0.0 0.0 -19.1 218.5 976.9
211.762 -0.00013 359.99948 0.1 6.0 1.2 213.2 999.0 999.000 999.0 0.188 -0.034 0.1 0.0 0.0 30.0 30.0 0 0.0 0 0 0 0 0.0 24.2 15.5 0.065 76.0 0.005 0.0 0.0 0.0 -20.3 92.3 974.4
212.379 -0.00013 359.99948 0.1 7.3 0.9 213.1 999.0 999.000 999.0 0.188 -0.034 0.1 0.0 0.0 30.0 30.0 0 0.0 5 0 0 0 0.0 24.2 15.5 0.065 76.0 0.005 0.0 0.0 0.0 -4.2 147.6 1021.0
212.773 -0.00013 359.99948 0.1 10.0 1.4 213.9 999.0 999.000 999.0 0.124 -0.065 0.0 0.0 0.0 30.0 30.0 0 0.0 0 0 0 0 0.0 24.2 15.5 0.065 76.0 0.005 0.0 0.0 0.0 -47.4 194.4 920.6
213.372 -0.00013 359.99948 0.1 6.8 0.8 213.6 999.0 999.000 999.0 0.124 -0.065 0.0 0.0 0.0 30.0 30.0 0 0.0 0 0 0 0 0.0 24.2 15.5 0.065 76.0 0.005 0.0 0.0 0.0 -0.6 74.6 1047.0
213.764 -0.00013 359.99948 0.1 7.7 0.9 215.1 999.0 999.000 999.0 0.116 -0.082 -0.0 0.0 0.0 30.0 30.0 0 0.0 0 0 0 0 0.0 24.2 15.5 0.065 76.0 0.005 0.0 0.0 0.0 -12.5 218.4 953.5
214.373 -0.00013 359.99948 0.1 8.4 0.3 214.8 999.0 999.000 999.0 0.116 -0.082 -0.0 0.0 0.0 30.0 30.0 0 0.0 0 0 0 0 0.0 24.2 15.5 0.065 76.0 0.005 0.0 0.0 0.0 -6.7 95.8 1001.0
214.763 -0.00013 359.99947 0.1 11.1 -0.1 216.0 999.0 999.000 999.0 0.055 0.031 -0.0 0.0 0.0 30.0 30.0 0 0.0 5 0 0 0 0.0 24.2 15.5 0.065 76.0 0.005 0.0 0.0 0.0 -5.7 238.3 964.7
215.378 -0.00013 359.99947 0.0 7.2 0.9 215.7 999.0 999.000 999.0 0.055 0.031 -0.0 0.0 0.0 30.0 30.0 0 0.0 0 0 0 0 0.0 24.2 15.5 0.065 76.0 0.005 0.0 0.0 0.0 -2.3 73.2 1004.0
215.795 -0.00013 359.99947 0.1 9.8 0.1 217.0 999.0 999.000 999.0 0.082 -0.127 0.0 0.0 0.0 30.0 30.0 0 0.0 0 0 0 0 0.0 24.2 15.5 0.065 76.0 0.005 0.0 0.0 0.0 -9.1 214.6 982.5
216.373 -0.00013 359.99947 0.1 7.4 0.7 217.9 999.0 999.000 999.0 0.082 -0.127 0.0 0.0 0.0 30.0 30.0 0 0.0 5 0 0 0 0.0 24.2 15.5 0.065 76.0 0.005 0.0 0.0 0.0 -17.3 130.8 973.7
216.765 -0.00013 359.99947 0.1 7.2 0.5 217.2 999.0 999.000 999.0 0.085 0.010 -0.0 0.0 0.0 30.0 30.0 0 0.0 0 0 0 0 0.0 24.2 15.5 0.065 76.0 0.005 0.0 0.0 0.0 -9.8 121.3 997.9
217.377 -0.00013 359.99947 0.1 7.6 1.5 218.8 999.0 999.000 999.0 0.085 0.010 -0.0 0.0 0.0 30.0 30.0 0 0.0 0 0 0 0 0.0 24.2 15.5 0.065 76.0 0.005 0.0 0.0 0.0 -26.2 153.8 1003.0
217.774 -0.00013 359.99947 0.1 8.5 2.3 218.6 999.0 999.000 999.0 0.111 0.040 0.0 0.0 0.0 30.0 30.0 0 0.0 0 0 0 0 0.0 24.2 15.5 0.065 75.0 0.005 0.0 0.0 0.0 -39.3 153.8 968.7
218.374 -0.00013 359.99947 0.1 7.1 1.2 220.2 999.0 999.000 999.0 0.111 0.040 0.0 0.0 0.0 30.0 30.0 0 0.0 0 0 0 0 0.0 24.2 15.5 0.065 75.0 0.005 0.0 0.0 0.0 -14.9 107.6 1022.0
218.764 -0.00013 359.99947 0.1 6.0 1.1 221.5 999.0 999.000 999.0 0.175 0.006 -0.0 0.0 0.0 30.0 30.0 0 0.0 0 0 0 0 0.0 24.2 15.5 0.065 75.0 0.005 0.0 0.0 0.0 -18.6 162.8 990.6
219.374 -0.00013 359.99947 0.1 6.7 0.8 221.2 999.0 999.000 999.0 0.175 0.006 -0.0 0.0 0.0 30.0 30.0 0 0.0 0 0 0 0 0.0 24.2 15.5 0.065 75.0 0.005 0.0 0.0 0.0 -23.0 103.5 971.1
219.765 -0.00013 359.99947 0.1 8.7 1.2 222.3 999.0 999.000 999.0 0.038 0.027 0.0 0.0 0.0 30.0 30.0 0 0.0 0 0 0 0 0.0 24.2 15.5 0.065 75.0 0.005 0.0 0.0 0.0 -15.8 150.5 1007.0
220.377 -0.00013 359.99947 0.1 7.5 1.6 221.9 999.0 999.000 999.0 0.038 0.027 0.0 0.0 0.0 30.0 30.0 0 0.0 0 0 0 0 0.0 24.2 15.5 0.065 75.0 0.005 0.0 0.0 0.0 -32.6 123.9 981.5
220.796 -0.00013 359.99947 0.1 7.6 1.8 222.5 999.0 999.000 999.0 0.140 0.068 0.1 0.0 0.0 30.0 30.0 0 0.0 0 0 0 0 0.0 24.2 15.5 0.065 75.0 0.005 0.0 0.0 0.0 -15.0 158.2 1026.0
221.374 -0.00013 359.99947 0.1 7.0 0.1 222.5 999.0 999.000 999.0 0.140 0.068 0.1 0.0 0.0 30.0 30.0 0 0.0 0 0 0 0 0.0 24.2 15.5 0.065 75.0 0.005 0.0 0.0 0.0 -10.2 150.7 974.9
221.763 -0.00013 359.99947 0.1 8.4 1.2 221.5 999.0 999.000 999.0 0.110 0.034 -0.0 0.0 0.0 30.0 30.0 0 0.0 0 0 0 0 0.0 24.2 15.5 0.065 75.0 0.005 0.0 0.0 0.0 -16.3 132.5 988.2
222.377 -0.00013 359.99947 0.1 8.5 -0.1 220.9 999.0 999.000 999.0 0.110 0.034 -0.0 0.0 0.0 30.0 30.0 0 0.0 0 0 0 0 0.0 24.2 15.5 0.065 75.0 0.005 0.0 0.0 0.0 -1.4 158.7 994.5
222.774 -0.00014 359.99947 0.1 7.7 0.9 221.0 999.0 999.000 999.0 0.155 0.146 0.0 0.0 0.0 30.0 30.0 0 0.0 0 0 0 0 0.0 24.2 15.5 0.065 75.0 0.005 0.0 0.0 0.0 -18.4 181.0 1002.0
223.372 -0.00014 359.99947 0.1 9.5 1.0 220.9 999.0 999.000 999.0 0.155 0.146 0.0 0.0 0.0 30.0 30.0 0 0.0 5 0 0 0 0.0 24.1 15.5 0.065 75.0 0.005 0.0 0.0 0.0 -19.8 176.3 948.2
223.766 -0.00014 359.99947 0.1 9.2 -0.1 220.0 999.0 999.000 999.0 0.071 -0.024 0.0 0.0 0.0 30.0 30.0 0 0.0 0 0 0 0 0.0 24.1 15.5 0.065 75.0 0.005 0.0 0.0 0.0 2.8 112.3 1004.0
224.374 -0.00014 359.99947 0.1 6.9 -0.4 220.7 999.0 999.000 999.0 0.071 -0.024 0.0 0.0 0.0 30.0 30.0 0 0.0 0 0 0 0 0.0 24.2 15.5 0.065 75.0 0.005 0.0 0.0 0.0 10.8 167.8 1001.0
224.763 -0.00014 359.99947 0.0 6.9 0.0 219.2 999.0 999.000 999.0 0.043 -0.067 -0.0 0.0 0.0 30.0 30.0 0 0.0 0 0 0 0 0.0 24.2 15.5 0.065 75.0 0.005 0.0 0.0 0.0 -5.0 124.4 976.9
225.376 -0.00014 359.99947 0.1 11.4 0.5 219.2 999.0 999.000 999.0 0.043 -0.067 -0.0 0.0 0.0 30.0 30.0 0 0.0 0 0 0 0 0.0 24.2 15.5 0.065 75.0 0.005 0.0 0.0 0.0 0.9 193.6 1004.0
225.796 -0.00014 359.99947 0.1 8.1 -0.1 219.0 999.0 999.000 999.0 0.212 -0.195 0.0 0.0 0.0 30.0 30.0 0 0.0 0 0 0 0 0.0 24.2 15.5 0.065 75.0 0.005 0.0 0.0 0.0 -7.5 187.4 980.9
226.374 -0.00014 359.99947 0.1 5.6 1.2 218.1 999.0 999.000 999.0 0.212 -0.195 0.0 0.0 0.0 30.0 30.0 0 0.0 0 0 0 0 0.0 24.2 15.5 0.065 75.0 0.005 0.0 0.0 0.0 -27.4 117.1 968.6
226.767 -0.00014 359.99947 0.1 8.0 1.0 215.8 999.0 999.000 999.0 -0.054 0.086 0.0 0.0 0.0 30.0 30.0 0 0.0 0 0 0 0 0.0 24.2 15.5 0.065 75.0 0.005 0.0 0.0 0.0 -7.6 123.2 1028.0
227.376 -0.00014 359.99947 0.1 9.3 0.8 216.8 999.0 999.000 999.0 -0.054 0.086 0.0 0.0 0.0 30.0 30.0 0 0.0 0 0 0 0 0.0 24.2 15.5 0.065 75.0 0.005 0.0 0.0 0.0 -16.0 218.0 998.4
227.774 -0.00014 359.99947 0.1 6.1 2.0 214.6 999.0 999.000 999.0 -0.104 -0.067 0.0 0.0 0.0 30.0 30.0 0 0.0 0 0 0 0 0.0 24.2 15.5 0.065 75.0 0.005 0.0 0.0 0.0 -34.2 119.4 962.9
228.376 -0.00014 359.99946 0.1 7.1 0.3 212.8 999.0 999.000 999.0 -0.104 -0.067 0.0 0.0 0.0 30.0 30.0 0 0.0 0 0 0 0 0.0 24.2 15.5 0.065 75.0 0.005 0.0 0.0 0.0 -5.5 117.4 1026.0
228.766 -0