7.516 0.00000 0.00000 0.0 7.6 1.8 101.6 999.0 999.000 999.0 nan nan nan 0.0 0.0 0.0 0.0 0 0.0 5 0 0 0 0.0 0.0 0.0 0.000 0.0 0.000 0.0 0.0 0.0 -31.9 96.5 1011.0
8.017 0.00000 0.00000 0.0 7.7 1.5 102.1 999.0 999.000 999.0 nan nan nan 0.0 0.0 0.0 0.0 0 0.0 5 0 0 0 0.0 24.2 15.5 0.065 75.0 0.005 0.0 0.0 0.0 -26.4 139.2 996.2
8.516 0.00000 0.00000 0.0 8.3 2.1 101.7 999.0 999.000 999.0 nan nan nan 0.0 0.0 0.0 0.0 0 0.0 5 0 0 0 0.0 24.2 15.5 0.065 75.0 0.005 0.0 0.0 0.0 -31.1 135.4 978.7
9.015 0.00000 0.00000 0.0 9.3 1.0 102.1 999.0 999.000 999.0 nan nan nan 0.0 0.0 0.0 0.0 0 0.0 5 0 0 0 0.0 24.2 15.5 0.065 75.0 0.005 0.0 0.0 0.0 -25.5 154.6 1003.0
9.417 -0.00000 0.00000 0.0 6.9 1.6 101.3 999.0 999.000 999.0 0.036 0.067 -0.0 0.0 0.0 0.0 0.0 0 0.0 0 0 0 0 0.0 24.2 15.5 0.065 75.0 0.005 0.0 0.0 0.0 -23.0 122.5 995.3
10.016 -0.00000 0.00000 0.1 7.1 1.6 102.1 999.0 999.000 999.0 0.036 0.067 -0.0 0.0 0.0 0.0 0.0 0 0.0 0 0 0 0 0.0 24.2 15.5 0.065 75.0 0.005 0.0 0.0 0.0 -23.7 107.0 992.4
10.416 -0.00000 0.00000 0.0 9.5 0.9 101.8 999.0 999.000 999.0 0.021 0.076 0.0 0.0 0.0 0.0 0.0 0 0.0 0 0 0 0 0.0 24.2 15.5 0.065 75.0 0.005 0.0 0.0 0.0 -23.0 168.4 991.4
11.018 -0.00000 0.00000 0.1 8.5 1.8 101.6 999.0 999.000 999.0 0.021 0.076 0.0 0.0 0.0 0.0 0.0 0 0.0 5 0 0 0 0.0 24.2 15.5 0.065 75.0 0.005 0.0 0.0 0.0 -22.5 138.6 996.6
11.435 -0.00000 0.00000 0.0 7.0 1.0 101.3 999.0 999.000 999.0 -0.207 0.017 0.1 0.0 0.0 0.0 0.0 0 0.0 0 0 0 0 0.0 24.2 15.5 0.065 75.0 0.005 0.0 0.0 0.0 -23.8 103.2 990.9
12.016 -0.00000 0.00000 0.0 8.2 1.9 101.5 999.0 999.000 999.0 -0.207 0.017 0.1 0.0 0.0 0.0 0.0 0 0.0 0 0 0 0 0.0 24.2 15.5 0.065 75.0 0.005 0.0 0.0 0.0 -24.1 167.0 1002.0
12.417 -0.00000 0.00000 0.0 8.4 1.5 101.4 999.0 999.000 999.0 0.041 -0.050 0.0 0.0 0.0 0.0 0.0 0 0.0 5 0 0 0 0.0 24.2 15.5 0.065 75.0 0.005 0.0 0.0 0.0 -34.6 152.1 974.1
13.016 -0.00000 0.00000 0.0 7.3 2.1 101.1 999.0 999.000 999.0 0.041 -0.050 0.0 0.0 0.0 0.0 0.0 0 0.0 0 0 0 0 0.0 24.2 15.5 0.065 75.0 0.005 0.0 0.0 0.0 -26.5 110.9 1010.0
13.417 -0.00000 0.00000 0.0 7.5 1.8 101.6 999.0 999.000 999.0 -0.097 -0.063 0.0 0.0 0.0 0.0 0.0 0 0.0 0 0 0 0 0.0 24.2 15.5 0.065 75.0 0.005 0.0 0.0 0.0 -37.2 120.3 988.5
14.017 -0.00000 0.00000 0.0 9.0 2.6 101.1 999.0 999.000 999.0 -0.097 -0.063 0.0 0.0 0.0 0.0 0.0 0 0.0 0 0 0 0 0.0 24.2 15.5 0.065 75.0 0.005 0.0 0.0 0.0 -38.7 170.0 975.8
14.416 -0.00000 0.00001 0.1 8.6 1.2 101.5 999.0 999.000 999.0 -0.080 0.022 -0.0 0.0 0.0 0.0 0.0 0 0.0 0 0 0 0 0.0 24.2 15.5 0.065 75.0 0.005 0.0 0.0 0.0 -17.8 192.2 998.4
15.017 -0.00000 0.00001 0.0 8.8 0.8 100.8 999.0 999.000 999.0 -0.080 0.022 -0.0 0.0 0.0 0.0 0.0 0 0.0 5 0 0 0 0.0 24.2 15.5 0.065 75.0 0.005 0.0 0.0 0.0 -18.5 111.6 979.0
15.417 -0.00000 0.00001 0.1 7.5 1.6 102.0 999.0 999.000 999.0 -0.049 0.197 -0.0 0.0 0.0 0.0 0.0 0 0.0 5 0 0 0 0.0 24.2 15.5 0.065 75.0 0.005 0.0 0.0 0.0 -28.6 117.4 993.6
16.026 -0.00000 0.00001 0.0 7.6 1.6 101.2 999.0 999.000 999.0 -0.049 0.197 -0.0 0.0 0.0 0.0 0.0 0 0.0 5 0 0 0 0.0 24.2 15.5 0.065 75.0 0.005 0.0 0.0 0.0 -21.9 146.0 1005.0
16.434 -0.00000 0.00001 0.1 9.7 0.7 102.1 999.0 999.000 999.0 -0.182 0.074 -0.0 0.0 0.0 0.0 0.0 0 0.0 0 0 0 0 0.0 24.2 15.5 0.065 75.0 0.005 0.0 0.0 0.0 -4.4 146.5 995.3
17.026 -0.00000 0.00001 0.0 8.5 1.0 101.6 999.0 999.000 999.0 -0.182 0.074 -0.0 0.0 0.0 0.0 0.0 0 0.0 5 0 0 0 0.0 24.2 15.5 0.065 75.0 0.005 0.0 0.0 0.0 -33.2 181.5 969.3
17.416 -0.00000 0.00001 0.0 8.2 1.5 102.3 999.0 999.000 999.0 0.004 0.005 0.1 0.0 0.0 0.0 0.0 0 0.0 0 0 0 0 0.0 24.2 15.5 0.065 75.0 0.005 0.0 0.0 0.0 -22.1 128.6 990.9
18.029 -0.00000 0.00001 0.1 11.0 0.9 101.8 115.0 999.000 999.0 0.004 0.005 0.1 0.0 0.0 0.0 0.0 0 0.0 0 1 0 0 0.0 24.2 15.5 0.065 75.0 0.005 0.0 0.0 0.0 -18.3 208.8 962.5
18.417 -0.00000 0.00001 0.1 8.0 -0.3 102.6 115.0 999.000 999.0 -0.041 -0.042 -0.0 0.0 0.0 0.0 0.0 0 0.0 0 1 0 0 0.0 24.2 15.5 0.065 75.0 0.005 0.0 0.0 0.0 16.3 111.2 1022.0
19.026 -0.00000 0.00001 0.0 5.7 1.3 102.7 115.0 999.000 999.0 -0.041 -0.042 -0.0 0.0 0.0 0.0 0.0 0 0.0 0 1 0 0 0.0 24.2 15.5 0.065 75.0 0.005 0.0 0.0 0.0 -34.4 116.8 980.2
19.419 -0.00000 0.00001 0.0 8.1 1.4 102.7 115.0 999.000 999.0 0.024 0.080 0.0 0.0 0.0 0.0 0.0 0 0.0 0 1 0 0 0.0 24.2 15.5 0.065 75.0 0.005 0.0 0.0 0.0 -26.3 115.8 983.2
20.026 -0.00000 0.00001 0.1 9.2 1.3 102.3 115.0 999.000 999.0 0.024 0.080 0.0 0.0 0.0 0.0 0.0 0 0.0 0 1 0 0 0.0 24.2 15.5 0.065 75.0 0.005 0.0 0.0 0.0 -27.4 171.5 965.2
20.416 -0.00000 0.00001 0.1 6.8 1.4 102.9 115.0 999.000 999.0 -0.081 0.060 -0.1 0.0 0.0 0.0 0.0 0 0.0 5 1 0 0 0.0 24.2 15.5 0.065 75.0 0.005 0.0 0.0 0.0 -10.1 108.1 1050.0
21.030 -0.00000 0.00001 0.1 4.7 3.6 102.5 115.0 999.000 3.0 -0.081 0.060 -0.1 0.0 0.0 0.0 0.0 0 0.0 0 1 1 0 0.0 24.2 15.5 0.065 75.0 0.005 0.0 0.0 0.0 -84.6 49.3 960.3
21.439 -0.00000 0.00001 0.0 7.6 3.2 102.3 115.0 999.000 3.0 -0.088 -0.052 0.0 0.0 0.0 -7.5 -7.5 0 0.0 0 1 1 0 0.0 24.2 15.5 0.065 75.0 0.005 0.0 0.0 0.0 -49.9 149.2 978.9
22.026 -0.00000 0.00001 0.1 9.6 2.3 102.7 115.0 999.000 3.0 -0.088 -0.052 0.0 0.0 0.0 -7.7 -7.7 0 0.0 0 1 1 0 0.0 24.2 15.5 0.065 75.0 0.005 0.0 0.0 0.0 -33.1 167.7 1017.0
22.420 -0.00000 0.00001 0.0 7.4 2.1 102.5 115.0 999.000 3.0 0.018 -0.067 -0.0 0.0 0.0 -7.8 -7.8 0 0.0 0 1 1 0 0.0 24.2 15.5 0.065 75.0 0.005 0.0 0.0 0.0 -39.0 88.1 983.4
23.028 -0.00000 0.00001 0.0 5.0 1.5 102.6 115.0 999.000 3.0 0.018 -0.067 -0.0 0.0 0.0 -8.0 -8.0 0 0.0 0 1 1 0 0.0 24.2 15.5 0.065 75.0 0.005 0.0 0.0 0.0 -26.3 59.7 988.6
23.418 -0.00000 0.00001 0.0 9.2 0.2 102.7 115.0 999.000 3.0 -0.157 0.180 -0.0 0.0 0.0 -8.1 -8.1 0 0.0 0 1 1 0 0.0 24.2 15.5 0.065 75.0 0.005 0.0 0.0 0.0 5.8 189.1 1019.0
24.029 -0.00000 0.00002 0.0 10.6 1.5 102.6 115.0 999.000 3.0 -0.157 0.180 -0.0 0.0 0.0 -8.3 -8.3 0 0.0 0 1 1 0 0.0 24.2 15.5 0.065 75.0 0.005 0.0 0.0 0.0 -32.4 173.5 962.4
24.418 -0.00000 0.00002 0.0 8.3 0.5 102.6 115.0 999.000 3.0 -0.058 0.092 0.1 0.0 0.0 -8.4 -8.4 0 0.0 0 1 1 0 0.0 24.2 15.5 0.065 75.0 0.005 0.0 0.0 0.0 -2.2 145.2 1012.0
25.028 -0.00000 0.00002 0.0 5.2 1.6 102.8 115.0 999.000 3.0 -0.058 0.092 0.1 0.0 0.0 -8.6 -8.6 0 0.0 5 1 1 0 0.0 24.2 15.5 0.065 75.0 0.005 0.0 0.0 0.0 -41.3 86.4 954.6
25.419 -0.00000 0.00002 0.0 9.2 0.7 102.9 115.0 999.000 3.0 -0.027 -0.025 0.0 0.0 0.0 -8.7 -8.7 0 0.0 0 1 1 0 0.0 24.2 15.5 0.065 75.0 0.005 0.0 0.0 0.0 -12.6 186.8 1006.0
26.028 -0.00000 0.00002 0.1 10.8 2.8 102.9 115.0 999.000 3.0 -0.027 -0.025 0.0 0.0 0.0 -8.9 -8.8 0 0.0 0 1 1 0 0.0 24.2 15.5 0.065 75.0 0.005 0.0 0.0 0.0 -48.2 193.6 970.9
26.439 -0.00000 0.00002 0.0 5.6 1.0 103.0 115.0 999.000 3.0 -0.012 -0.006 0.0 0.0 0.0 -9.0 -9.0 0 0.0 0 1 1 0 0.0 24.2 15.5 0.065 75.0 0.005 0.0 0.0 0.0 -25.7 59.2 989.5
27.029 -0.00000 0.00002 0.0 5.7 2.2 102.9 115.0 999.000 3.0 -0.012 -0.006 0.0 0.0 0.0 -9.1 -9.2 0 0.0 0 1 1 0 0.0 24.2 15.5 0.065 75.0 0.005 0.0 0.0 0.0 -39.3 133.0 988.7
27.418 -0.00000 0.00002 0.0 9.4 1.5 103.7 115.0 999.000 3.0 -0.120 -0.064 0.0 0.0 0.0 -9.3 -9.3 0 0.0 0 1 1 0 0.0 24.2 15.5 0.065 75.0 0.005 0.0 0.0 0.0 -25.7 184.6 992.8
28.029 -0.00000 0.00002 0.0 9.7 1.3 103.0 115.0 999.000 3.0 -0.120 -0.064 0.0 0.0 0.0 -9.4 -9.4 0 0.0 0 1 1 0 0.0 24.2 15.5 0.065 75.0 0.005 0.0 0.0 0.0 -11.5 134.8 1005.0
28.419 -0.00000 0.00002 0.0 6.5 0.7 103.7 115.0 999.000 3.0 -0.021 0.068 -0.0 0.0 0.0 -9.6 -9.6 0 0.0 0 1 1 0 0.0 24.2 15.5 0.065 75.0 0.005 0.0 0.0 0.0 -27.9 91.9 970.7
29.041 -0.00000 0.00002 0.0 7.1 1.2 104.1 115.0 999.000 3.0 -0.021 0.068 -0.0 0.0 0.0 -9.8 -9.7 0 0.0 5 1 1 0 0.0 24.2 15.5 0.065 75.0 0.005 0.0 0.0 0.0 -8.4 153.4 1018.0
29.420 -0.00000 0.00002 0.1 14.4 0.7 103.8 115.0 999.000 3.0 -0.253 -0.028 -0.0 0.0 0.0 -9.9 -9.9 11 8.4 8204 1 1 0 0.0 24.2 15.5 0.065 75.0 0.005 0.0 0.0 0.0 -104.0 263.2 731.7
30.028 -0.00000 0.00002 0.1 29.1 -0.3 104.1 115.0 999.000 3.0 -0.253 -0.028 -0.0 0.0 0.0 -10.0 -10.0 11 0.0 7834 1 1 0 0.0 24.2 15.5 0.065 75.0 0.005 0.0 0.0 0.0 -36.5 473.5 849.6
30.417 -0.00001 0.00002 0.1 16.3 -0.9 105.7 115.0 999.000 3.0 -0.353 -0.072 -0.0 0.0 0.0 -10.1 -10.1 11 0.0 8464 1 1 0 0.0 24.2 15.5 0.065 75.0 0.005 0.0 0.0 0.0 -20.3 248.5 908.0
31.030 -0.00001 0.00002 0.1 6.0 -0.5 107.8 115.0 999.000 3.0 -0.353 -0.072 -0.0 0.0 0.0 -10.3 -10.3 11 0.0 8769 1 1 0 0.0 24.2 15.4 0.065 75.0 0.005 0.0 0.0 0.0 42.5 204.5 1135.0
31.470 -0.00001 0.00003 0.0 4.4 -0.8 109.8 115.0 999.000 3.0 -0.786 -0.076 0.0 0.0 0.0 -10.5 -10.5 11 0.0 8799 1 1 0 0.0 24.2 15.4 0.065 75.0 0.005 0.0 0.0 0.0 1.5 15.1 1016.0
32.027 -0.00001 0.00003 0.0 -0.4 -1.4 111.4 115.0 999.000 3.0 -0.786 -0.076 0.0 0.0 0.0 -10.6 -10.6 11 0.0 8859 1 1 0 0.0 24.2 15.4 0.065 75.0 0.005 0.0 0.0 0.0 46.9 -105.0 1042.0
32.420 -0.00001 0.00004 0.1 2.4 -2.9 113.1 115.0 999.000 3.0 -1.095 0.014 0.0 0.0 0.0 -10.8 -10.8 11 0.0 8679 1 1 0 0.0 24.2 15.4 0.065 75.0 0.005 0.0 0.0 0.0 19.8 -2.3 961.1
33.028 -0.00001 0.00004 0.1 3.3 -1.8 113.4 115.0 999.000 3.0 -1.095 0.014 0.0 0.0 0.0 -10.9 -10.9 11 0.0 9228 1 1 0 0.0 24.2 15.4 0.065 75.0 0.005 0.0 0.0 0.0 27.2 64.0 972.8
33.418 -0.00001 0.00004 0.1 3.9 -0.5 115.4 115.0 999.000 3.0 -1.130 -0.040 0.1 0.0 0.0 -11.0 -11.0 11 0.0 9064 1 1 0 0.0 24.2 15.4 0.065 75.0 0.005 0.0 0.0 0.0 36.0 119.3 1013.0
34.030 -0.00002 0.00005 0.1 3.5 -2.1 117.9 115.0 999.000 3.0 -1.130 -0.040 0.1 0.0 0.0 -11.2 -11.2 11 0.0 9288 1 1 0 0.0 24.2 15.4 0.065 75.0 0.005 0.0 0.0 0.0 24.0 15.7 944.4
34.418 -0.00002 0.00005 0.1 0.1 -1.6 118.5 115.0 999.000 3.0 -1.114 -0.071 0.0 0.0 0.0 -11.3 -11.3 11 0.0 9169 1 1 0 0.0 24.2 15.4 0.065 75.0 0.005 0.0 0.0 0.0 29.7 19.1 995.4
35.028 -0.00002 0.00006 0.0 2.7 -2.1 118.3 115.0 999.000 3.0 -1.114 -0.071 0.0 0.0 0.0 -11.5 -11.5 11 0.0 9029 1 1 0 0.0 24.2 15.4 0.065 75.0 0.005 0.0 0.0 0.0 41.0 135.6 1042.0
35.420 -0.00002 0.00006 0.1 6.0 -2.7 119.3 115.0 999.000 3.0 -1.136 -0.046 0.1 0.0 0.0 -11.6 -11.7 11 0.0 9044 1 1 0 0.0 24.2 15.4 0.065 75.0 0.005 0.0 0.0 0.0 3.4 -10.6 918.9
36.029 -0.00003 0.00007 0.1 4.4 -2.5 121.1 115.0 999.000 3.0 -1.136 -0.046 0.1 0.0 0.0 -11.8 -11.8 11 0.0 9094 1 1 0 0.0 24.2 15.4 0.065 75.0 0.005 0.0 0.0 0.0 51.0 151.5 1024.0
36.442 -0.00003 0.00007 0.1 1.7 -2.3 122.5 115.0 999.000 3.0 -1.101 0.100 0.0 0.0 0.0 -11.9 -11.9 11 0.0 9268 1 1 0 0.0 24.2 15.4 0.065 75.0 0.005 0.0 0.0 0.0 31.8 9.2 931.6
37.030 -0.00003 0.00008 0.1 2.7 -3.6 123.0 115.0 999.000 3.0 -1.101 0.100 0.0 0.0 0.0 -12.1 -12.0 11 0.0 9353 1 1 0 0.0 24.2 15.4 0.065 75.0 0.005 0.0 0.0 0.0 91.0 214.2 1067.0
37.419 -0.00004 0.00008 0.1 4.9 -4.6 123.6 115.0 999.000 3.0 -1.229 0.140 0.0 0.0 0.0 -12.2 -12.2 11 0.0 9403 1 1 0 0.0 24.2 15.4 0.065 75.0 0.005 0.0 0.0 0.0 112.0 196.1 1073.0
38.029 -0.00004 0.00008 0.1 2.6 -3.9 124.9 115.0 999.000 3.0 -1.229 0.140 0.0 0.0 0.0 -12.3 -12.3 11 0.0 9283 1 1 0 0.0 24.2 15.4 0.065 75.0 0.005 0.0 0.0 0.0 89.7 34.2 1061.0
38.420 -0.00004 0.00009 0.1 2.8 -2.5 126.2 115.0 999.000 3.0 -1.335 0.054 0.2 0.0 0.0 -12.4 -12.4 11 0.0 9388 1 1 0 0.0 24.2 15.4 0.065 75.0 0.005 0.0 0.0 0.0 36.4 -35.6 932.9
39.029 -0.00005 0.00009 0.0 1.7 -1.3 127.4 115.0 999.000 3.0 -1.335 0.054 0.2 0.0 0.0 -12.7 -12.7 11 0.0 9413 1 1 0 0.0 24.2 15.4 0.065 75.0 0.005 0.0 0.0 0.0 17.8 136.4 957.5
39.420 -0.00005 0.00010 0.1 3.4 -2.4 128.8 115.0 999.000 3.0 -1.289 -0.057 0.0 0.0 0.0 -12.8 -12.8 11 0.0 9318 1 1 0 0.0 24.2 15.4 0.065 75.0 0.005 0.0 0.0 0.0 27.1 20.3 903.3
40.030 -0.00005 0.00010 0.1 2.7 -3.4 129.8 115.0 999.000 3.0 -1.289 -0.057 0.0 0.0 0.0 -12.9 -12.9 11 0.0 9313 1 1 0 0.0 24.2 15.4 0.065 75.0 0.005 0.0 0.0 0.0 51.5 -57.1 964.0
40.419 -0.00006 0.00011 0.1 2.1 -3.1 130.5 115.0 999.000 3.0 -1.134 0.072 0.0 0.0 0.0 -13.1 -13.1 11 0.0 9253 1 1 0 0.0 24.2 15.4 0.065 75.0 0.005 0.0 0.0 0.0 78.6 202.5 1106.0
41.030 -0.00006 0.00011 0.1 1.4 -2.7 131.3 115.0 999.000 3.0 -1.134 0.072 0.0 0.0 0.0 -13.2 -13.2 11 0.0 9338 1 1 0 0.0 24.2 15.4 0.065 75.0 0.005 0.0 0.0 0.0 3.7 -30.2 869.8
41.444 -0.00006 0.00011 0.1 1.3 -3.0 132.0 115.0 999.000 3.0 -1.061 -0.056 0.1 0.0 0.0 -13.4 -13.4 11 0.0 9428 1 1 0 0.0 24.2 15.4 0.065 75.0 0.005 0.0 0.0 0.0 90.6 172.5 1096.0
42.028 -0.00007 0.00012 0.1 3.9 -3.1 133.4 115.0 999.000 3.0 -1.061 -0.056 0.1 0.0 0.0 -13.5 -13.5 11 0.0 9398 1 1 0 0.0 24.2 15.4 0.065 75.0 0.005 0.0 0.0 0.0 111.5 161.5 1128.0
42.421 -0.00007 0.00012 0.1 4.9 -4.9 134.8 115.0 999.000 3.0 -1.279 0.032 0.1 0.0 0.0 -13.6 -13.6 11 0.0 9298 1 1 0 0.0 24.2 15.4 0.065 75.0 0.005 0.0 0.0 0.0 87.9 -32.9 954.2
43.029 -0.00007 0.00013 0.1 3.2 -6.2 135.8 115.0 999.000 3.0 -1.279 0.032 0.1 0.0 0.0 -13.7 -13.7 11 0.0 9418 1 1 0 0.0 24.2 15.4 0.065 75.0 0.005 0.0 0.0 0.0 154.9 137.7 1113.0
43.418 -0.00008 0.00013 0.2 1.7 -8.1 136.7 115.0 999.000 3.0 -1.240 0.022 0.1 0.0 0.0 -13.8 -13.8 11 0.0 9373 1 1 0 0.0 24.2 15.4 0.065 75.0 0.005 0.0 0.0 0.0 175.5 116.0 1096.0
44.031 -0.00008 0.00013 0.2 6.1 -8.6 138.0 115.0 999.000 3.0 -1.240 0.022 0.1 0.0 0.0 -13.9 -13.9 11 0.0 9373 1 1 0 0.0 24.2 15.4 0.065 75.0 0.005 0.0 0.0 0.0 126.8 32.4 916.3
44.420 -0.00009 0.00014 0.2 8.2 -8.4 138.8 115.0 999.000 3.0 -1.298 -0.058 0.1 0.0 0.0 -14.0 -13.9 11 0.0 8984 1 1 0 0.0 24.2 15.4 0.065 75.0 0.005 0.0 0.0 0.0 132.6 51.2 960.2
45.028 -0.00009 0.00014 0.2 8.3 -9.1 139.0 115.0 999.000 3.0 -1.298 -0.058 0.1 0.0 0.0 -14.0 -14.0 11 0.0 9004 1 1 0 0.0 24.2 15.4 0.065 75.0 0.005 0.0 0.0 0.0 208.4 208.4 1104.0
45.422 -0.00010 0.00015 0.3 9.4 -12.6 139.2 115.0 999.000 3.0 -1.231 -0.035 0.1 0.0 0.0 -14.1 -14.1 11 0.0 8814 1 1 0 0.0 24.2 15.4 0.065 75.0 0.005 0.0 0.0 0.0 228.6 166.5 1021.0
46.030 -0.00010 0.00015 0.4 7.0 -17.9 140.6 115.0 999.000 3.0 -1.231 -0.035 0.1 0.0 0.0 -14.1 -14.1 11 0.0 9248 1 1 0 0.0 24.2 15.4 0.065 75.0 0.005 0.0 0.0 0.0 304.4 160.4 940.1
46.443 -0.00010 0.00015 0.5 7.9 -23.5 142.2 115.0 999.000 3.0 -1.102 -0.091 0.1 0.0 0.0 -14.0 -14.0 11 0.0 8254 1 1 0 0.0 24.2 15.4 0.065 75.0 0.005 0.0 0.0 0.0 394.3 288.5 943.2
47.032 -0.00011 0.00015 0.7 12.7 -26.4 142.4 115.0 999.000 3.0 -1.102 -0.091 0.1 -27.2 -27.2 -13.8 -13.8 11 0.0 7629 1 1 0 0.0 24.2 15.4 0.065 75.0 0.005 0.0 0.0 0.0 453.1 209.8 838.5
47.420 -0.00011 0.00016 0.8 5.1 -27.5 136.2 115.0 999.000 3.0 -0.950 0.228 0.2 -27.4 -27.4 -13.5 -13.5 11 0.0 7799 1 1 0 0.0 24.2 15.4 0.065 75.0 0.005 0.0 0.0 0.0 462.1 94.4 872.4
48.029 -0.00011 0.00016 1.0 -4.4 -28.1 129.1 115.0 999.000 3.0 -0.950 0.228 0.2 -21.2 -21.2 -13.2 -13.2 11 0.0 7794 1 1 0 0.0 24.2 15.4 0.065 75.0 0.005 0.0 0.0 0.0 471.0 -64.9 882.0
48.423 -0.00012 0.00017 1.2 -4.4 -29.2 123.5 115.0 999.000 3.0 -1.102 -0.062 0.2 -14.1 -14.1 -12.8 -12.8 11 0.0 7764 1 1 0 0.0 24.2 15.4 0.065 75.0 0.005 0.0 0.0 0.0 484.0 -41.2 862.2
49.031 -0.00012 0.00017 1.4 -1.6 -30.3 119.6 115.0 999.000 3.0 -1.102 -0.062 0.2 -8.5 -8.5 -12.4 -12.4 11 0.0 7654 1 1 0 0.0 24.2 15.4 0.065 75.0 0.005 0.0 0.0 0.0 487.3 -24.3 851.9
49.420 -0.00012 0.00017 1.7 -2.4 -31.7 117.7 115.0 999.000 3.0 -1.107 -0.091 0.1 -4.6 -4.6 -11.9 -11.9 11 0.0 7689 1 1 0 0.0 24.2 15.4 0.065 75.0 0.005 0.0 0.0 0.0 522.5 -16.6 824.0
50.031 -0.00012 0.00018 2.0 -2.3 -33.0 117.2 115.0 999.000 3.0 -1.107 -0.091 0.1 -2.7 -2.7 -11.4 -11.4 11 0.0 7689 1 1 0 0.0 24.2 15.4 0.065 75.0 0.005 0.0 0.0 0.0 536.9 -27.0 805.3
50.421 -0.00013 0.00018 2.3 -0.3 -34.0 117.3 115.0 999.000 3.0 -1.194 -0.122 0.1 0.0 0.0 -10.8 -10.8 11 0.0 7704 1 1 0 0.0 24.2 15.4 0.065 75.0 0.005 0.0 0.0 0.0 548.2 -9.4 821.6
51.030 -0.00013 0.00019 2.6 3.4 -34.7 118.0 115.0 999.000 3.0 -1.194 -0.122 0.1 0.0 0.0 -10.1 -10.1 11 0.0 7729 1 1 0 0.0 24.2 15.4 0.065 75.0 0.005 0.0 0.0 0.0 562.7 54.4 797.7
51.442 -0.00013 0.00019 2.9 7.0 -34.8 118.6 115.0 999.000 3.0 -1.467 -0.141 0.1 -3.0 -3.0 0.0 0.0 11 0.0 7729 1 1 0 0.0 24.2 15.4 0.065 75.0 0.005 0.0 0.0 0.0 570.6 86.0 820.7
52.031 -0.00014 0.00020 3.2 9.2 -32.1 118.4 115.0 999.000 3.0 -1.467 -0.141 0.1 -3.6 -3.6 0.0 0.0 11 0.0 7749 1 1 0 0.0 24.2 15.4 0.065 75.0 0.005 0.0 0.0 0.0 519.7 116.7 857.2
52.421 -0.00014 0.00021 3.5 9.3 -28.9 118.0 115.0 999.000 3.0 -1.267 0.019 0.2 -3.4 -3.4 0.0 0.0 11 0.0 7754 1 1 0 0.0 24.2 15.4 0.065 75.0 0.005 0.0 0.0 0.0 482.5 123.6 862.2
53.033 -0.00014 0.00021 3.7 9.2 -25.9 117.9 115.0 999.000 3.0 -1.267 0.019 0.2 -3.0 -3.0 0.0 0.0 11 0.0 7794 1 1 0 0.0 24.2 15.4 0.065 75.0 0.005 0.0 0.0 0.0 434.6 154.9 893.4
53.422 -0.00014 0.00022 4.0 8.6 -23.3 117.9 115.0 999.000 3.0 -1.284 -0.068 0.1 -2.9 -2.9 -6.3 -6.3 11 0.0 7799 1 1 0 0.0 24.2 15.4 0.065 75.0 0.005 0.0 0.0 0.0 393.9 131.9 932.6
54.031 -0.00015 0.00022 4.2 7.5 -22.6 117.7 115.0 999.000 3.0 -1.284 -0.068 0.1 -2.9 -2.9 -5.7 -5.7 11 0.0 7804 1 1 0 0.0 24.2 15.4 0.065 75.0 0.005 0.0 0.0 0.0 391.2 148.1 929.6
54.424 -0.00015 0.00023 4.4 7.3 -22.1 117.4 115.0 999.000 3.0 -1.364 -0.055 0.1 -2.7 -2.7 -5.1 -5.1 11 0.0 7759 1 1 0 0.0 24.2 15.4 0.065 75.0 0.005 0.0 0.0 0.0 384.1 118.2 916.8
55.032 -0.00015 0.00023 4.6 7.9 -21.2 117.5 115.0 999.000 3.0 -1.364 -0.055 0.1 0.0 0.0 -4.5 -4.5 11 0.0 7769 1 1 0 0.0 24.2 15.4 0.065 75.0 0.005 0.0 0.0 0.0 365.7 120.2 928.9
55.422 -0.00015 0.00024 4.8 9.6 -20.2 118.1 115.0 999.000 3.0 -1.425 -0.083 0.1 0.0 0.0 -3.8 -3.8 11 0.0 7789 1 1 0 0.0 24.2 15.4 0.065 75.0 0.005 0.0 0.0 0.0 348.4 116.8 910.8
56.033 -0.00016 0.00024 5.0 10.8 -18.9 118.9 115.0 999.000 3.0 -1.425 -0.083 0.1 -3.1 -3.1 -3.3 -3.3 11 0.0 7844 1 1 0 0.0 24.2 15.4 0.065 75.0 0.005 0.0 0.0 0.0 314.2 173.6 920.4
56.440 -0.00016 0.00025 5.2 9.4 -17.4 119.0 115.0 999.000 3.0 -1.578 0.079 0.1 -3.9 -3.9 -2.7 -2.7 11 0.0 7799 1 1 0 0.0 24.2 15.4 0.065 75.0 0.005 0.0 0.0 0.0 303.6 182.2 950.2
57.032 -0.00016 0.00026 5.3 7.7 -15.8 118.9 115.0 999.000 3.0 -1.578 0.079 0.1 -4.0 -4.0 -2.2 -2.2 11 0.0 7789 1 1 0 0.0 24.2 15.4 0.065 75.0 0.005 0.0 0.0 0.0 276.1 147.8 1002.0
57.424 -0.00017 0.00026 5.5 6.5 -14.0 118.3 115.0 999.000 3.0 -1.457 0.013 0.1 -3.9 -3.9 -1.7 -1.7 11 0.0 7774 1 1 0 0.0 24.2 15.4 0.065 75.0 0.005 0.0 0.0 0.0 235.7 141.4 982.3
58.031 -0.00017 0.00027 5.6 6.1 -12.0 117.6 115.0 999.000 3.0 -1.457 0.013 0.1 -3.3 -3.3 -1.2 -1.2 11 0.0 7809 1 1 0 0.0 24.2 15.4 0.065 75.0 0.005 0.0 0.0 0.0 201.4 89.4 954.2
58.423 -0.00017 0.00027 5.7 6.3 -10.0 116.8 115.0 999.000 3.0 -1.375 0.066 0.1 -2.6 -2.6 -0.8 -0.8 11 0.0 7814 1 1 0 0.0 24.2 15.4 0.065 75.0 0.005 0.0 0.0 0.0 171.5 119.1 985.0
59.032 -0.00018 0.00028 5.7 8.1 -7.8 116.0 115.0 999.000 3.0 -1.375 0.066 0.1 0.0 0.0 -0.5 -0.4 11 0.0 7834 1 1 0 0.0 24.2 15.4 0.065 75.0 0.005 0.0 0.0 0.0 129.4 146.3 988.7
59.435 -0.00018 0.00028 5.8 10.5 -5.6 115.8 115.0 999.000 3.0 -1.439 -0.014 0.1 0.0 0.0 -0.1 -0.1 0 0.0 7854 1 1 0 0.0 24.2 15.4 0.065 75.0 0.005 0.0 0.0 0.0 141.0 155.9 950.6
60.033 -0.00018 0.00029 5.8 6.4 -3.6 115.7 115.0 999.000 3.0 -1.439 -0.014 0.1 0.0 0.0 0.1 0.1 0 0.0 5 1 1 0 0.0 24.2 15.4 0.065 75.0 0.005 0.0 0.0 0.0 91.3 92.2 994.6
60.422 -0.00018 0.00030 5.8 4.7 -2.0 115.5 115.0 999.000 3.0 -1.293 -0.087 0.0 0.0 0.0 0.3 0.3 0 0.0 0 1 1 0 0.0 24.2 15.4 0.065 75.0 0.005 0.0 0.0 0.0 48.6 80.3 999.8
61.031 -0.00019 0.00030 5.7 3.6 -1.0 115.4 115.0 999.000 3.0 -1.293 -0.087 0.0 0.0 0.0 0.4 0.4 0 0.0 0 1 1 0 0.0 24.2 15.4 0.065 75.0 0.005 0.0 0.0 0.0 22.4 62.8 1002.0
61.440 -0.00019 0.00030 5.7 3.6 -0.1 115.4 115.0 999.000 3.0 -0.981 0.022 0.1 0.0 0.0 0.4 0.4 0 0.0 0 1 1 0 0.0 24.2 15.4 0.065 75.0 0.005 0.0 0.0 0.0 1.1 61.2 1002.0
62.032 -0.00019 0.00031 5.7 3.9 0.7 114.9 115.0 999.000 3.0 -0.981 0.022 0.1 0.0 0.0 0.5 0.5 0 0.0 0 1 1 0 0.0 24.2 15.4 0.065 75.0 0.005 0.0 0.0 0.0 -16.2 69.2 1000.0
62.421 -0.00019 0.00031 5.6 4.6 1.5 114.3 115.0 999.000 3.0 -0.915 -0.116 0.1 0.0 0.0 0.5 0.5 0 0.0 0 1 1 0 0.0 24.2 15.4 0.065 75.0 0.005 0.0 0.0 0.0 -30.3 81.8 997.3
63.033 -0.00019 0.00032 5.5 4.9 2.1 113.6 115.0 999.000 3.0 -0.915 -0.116 0.1 0.0 0.0 0.5 0.5 0 0.0 0 1 1 0 0.0 24.2 15.4 0.065 75.0 0.005 0.0 0.0 0.0 -38.8 83.4 998.3
63.422 -0.00020 0.00032 5.5 4.8 2.6 112.8 115.0 999.000 3.0 -0.761 -0.119 0.1 0.0 0.0 0.4 0.4 0 0.0 5 1 1 0 0.0 24.2 15.4 0.065 75.0 0.005 0.0 0.0 0.0 -47.7 82.3 997.2
64.031 -0.00020 0.00032 5.4 5.0 3.1 112.0 115.0 999.000 3.0 -0.761 -0.119 0.1 0.0 0.0 0.4 0.4 0 0.0 0 1 1 0 0.0 24.2 15.4 0.065 75.0 0.005 0.0 0.0 0.0 -55.6 87.6 998.5
64.423 -0.00020 0.00033 5.3 5.2 3.5 111.2 115.0 999.000 3.0 -0.626 0.033 0.1 3.0 3.0 0.3 0.3 0 0.0 0 1 1 0 0.0 24.2 15.4 0.065 75.0 0.005 0.0 0.0 0.0 -64.4 93.7 992.4
65.032 -0.00020 0.00033 5.2 5.8 3.7 110.7 115.0 999.000 3.0 -0.626 0.033 0.1 3.8 3.8 0.3 0.3 0 0.0 0 1 1 0 0.0 24.2 15.4 0.065 75.0 0.005 0.0 0.0 0.0 -68.5 102.3 992.5
65.422 -0.00020 0.00033 5.2 6.1 3.8 110.1 115.0 999.000 3.0 -0.567 -0.017 0.1 4.3 4.3 0.2 0.2 0 0.0 0 1 1 0 0.0 24.2 15.4 0.065 75.0 0.005 0.0 0.0 0.0 -71.1 107.0 991.6
66.033 -0.00020 0.00033 5.1 6.7 3.9 109.7 115.0 999.000 3.0 -0.567 -0.017 0.1 4.9 4.9 0.1 0.1 0 0.0 0 1 1 0 0.0 24.2 15.4 0.065 75.0 0.005 0.0 0.0 0.0 -69.0 116.4 991.9
66.422 -0.00020 0.00034 5.0 6.9 4.0 109.5 115.0 999.000 3.0 -0.591 0.009 0.2 5.3 5.3 0.0 0.0 0 0.0 0 1 1 0 0.0 24.2 15.4 0.065 75.0 0.005 0.0 0.0 0.0 -72.1 119.0 987.2
67.033 -0.00020 0.00034 4.9 7.1 4.2 109.4 115.0 999.000 3.0 -0.591 0.009 0.2 5.5 5.5 -0.1 -0.1 0 0.0 0 1 1 0 0.0 24.2 15.4 0.065 75.0 0.005 0.0 0.0 0.0 -76.5 122.4 990.0
67.424 -0.00020 0.00034 4.8 7.2 4.4 109.5 115.0 999.000 3.0 -0.612 0.074 0.1 5.6 5.6 -0.2 -0.2 0 0.0 5 1 1 0 0.0 24.2 15.4 0.065 75.0 0.005 0.0 0.0 0.0 -76.8 125.1 990.3
68.032 -0.00020 0.00034 4.8 6.9 4.6 109.5 115.0 999.000 3.0 -0.612 0.074 0.1 5.5 5.5 -0.3 -0.3 0 0.0 0 1 1 0 0.0 24.2 15.4 0.065 75.0 0.005 0.0 0.0 0.0 -80.3 118.6 991.8
68.424 -0.00020 0.00034 4.7 6.8 4.9 109.6 115.0 999.000 3.0 -0.396 -0.123 0.1 5.5 5.5 -0.4 -0.4 0 0.0 0 1 1 0 0.0 24.2 15.4 0.065 75.0 0.005 0.0 0.0 0.0 -84.3 117.9 992.1
69.032 -0.00021 0.00035 4.6 6.6 5.1 109.8 115.0 999.000 3.0 -0.396 -0.123 0.1 5.4 5.4 -0.6 -0.5 0 0.0 0 1 1 0 0.0 24.2 15.4 0.065 75.0 0.005 0.0 0.0 0.0 -89.0 116.3 991.5
69.422 -0.00021 0.00035 4.5 6.7 5.3 109.9 115.0 999.000 3.0 -0.484 0.007 0.1 5.2 5.2 -0.7 -0.7 0 0.0 0 1 1 0 0.0 24.2 15.4 0.065 75.0 0.005 0.0 0.0 0.0 -95.0 117.7 989.6
70.034 -0.00021 0.00035 4.4 6.5 5.5 110.2 115.0 999.000 3.0 -0.484 0.007 0.1 5.1 5.1 -0.8 -0.8 0 0.0 5 1 1 0 0.0 24.2 15.4 0.065 75.0 0.005 0.0 0.0 0.0 -99.5 113.2 987.6
70.423 -0.00021 0.00035 4.3 6.3 5.7 110.4 115.0 999.000 3.0 -0.220 -0.001 0.1 4.8 4.8 -1.0 -1.0 0 0.0 0 1 1 0 0.0 24.2 15.4 0.065 75.0 0.005 0.0 0.0 0.0 -98.4 107.9 992.4
71.032 -0.00021 0.00035 4.2 6.5 5.8 110.6 115.0 999.000 3.0 -0.220 -0.001 0.1 4.6 4.6 -1.1 -1.1 0 0.0 0 1 1 0 0.0 24.2 15.4 0.065 75.0 0.005 0.0 0.0 0.0 -100.0 114.9 988.7
71.425 -0.00021 0.00035 4.2 7.0 5.8 110.8 115.0 999.000 3.0 -0.319 -0.094 0.2 4.4 4.4 -1.3 -1.3 0 0.0 0 1 1 0 0.0 24.2 15.4 0.065 75.0 0.005 0.0 0.0 0.0 -102.0 118.1 984.8
72.056 -0.00021 0.00036 4.1 6.3 5.9 111.1 115.0 999.000 3.0 -0.319 -0.094 0.2 4.2 4.2 -1.4 -1.4 0 0.0 5 1 1 0 0.0 24.2 15.4 0.065 75.0 0.005 0.0 0.0 0.0 -101.0 109.8 989.3
72.423 -0.00021 0.00036 4.0 6.3 5.9 111.4 115.0 999.000 3.0 -0.363 0.061 0.1 3.9 3.9 -1.6 -1.6 0 0.0 0 1 1 0 0.0 24.2 15.4 0.065 75.0 0.005 0.0 0.0 0.0 -101.0 111.3 989.5
73.034 -0.00021 0.00036 3.9 6.4 5.9 111.7 115.0 999.000 3.0 -0.363 0.061 0.1 3.6 3.6 -1.8 -1.8 0 0.0 0 1 1 0 0.0 24.2 15.4 0.065 75.0 0.005 0.0 0.0 0.0 -104.0 111.9 988.5
73.422 -0.00021 0.00036 3.8 6.6 6.0 112.1 115.0 999.000 3.0 -0.449 0.153 0.2 3.3 3.3 -1.9 -2.0 0 0.0 0 1 1 0 0.0 24.2 15.4 0.065 75.0 0.005 0.0 0.0 0.0 -104.0 114.9 990.3
74.032 -0.00021 0.00036 3.7 6.6 6.0 112.5 115.0 999.000 3.0 -0.449 0.153 0.2 2.9 2.9 -2.1 -2.1 0 0.0 0 1 1 0 0.0 24.2 15.4 0.065 75.0 0.005 0.0 0.0 0.0 -104.0 113.6 989.3
74.425 -0.00021 0.00037 3.6 6.0 6.0 112.8 115.0 999.000 3.0 -0.332 -0.019 0.1 0.0 0.0 -2.3 -2.3 0 0.0 0 1 1 0 0.0 24.2 15.4 0.065 75.0 0.005 0.0 0.0 0.0 -106.0 103.3 988.1
75.033 -0.00021 0.00037 3.5 6.3 6.1 113.1 115.0 999.000 3.0 -0.332 -0.019 0.1 0.0 0.0 -2.5 -2.5 0 0.0 5 1 1 0 0.0 24.2 15.4 0.065 75.0 0.005 0.0 0.0 0.0 -105.0 109.3 990.0
75.423 -0.00021 0.00037 3.5 6.4 6.1 113.4 115.0 999.000 3.0 -0.358 0.005 0.2 0.0 0.0 -2.7 -2.7 0 0.0 0 1 1 0 0.0 24.2 15.4 0.065 75.0 0.005 0.0 0.0 0.0 -107.0 113.6 986.2
76.035 -0.00021 0.00037 3.4 6.9 6.1 113.7 115.0 999.000 3.0 -0.358 0.005 0.2 0.0 0.0 0.0 0.0 0 0.0 0 1 1 0 0.0 24.2 15.4 0.065 75.0 0.005 0.0 0.0 0.0 -104.0 119.1 989.0
76.423 -0.00022 0.00037 3.3 6.9 6.1 114.1 115.0 999.000 3.0 -0.338 0.041 0.1 0.0 0.0 0.0 0.0 0 0.0 0 1 1 0 0.0 24.2 15.4 0.065 75.0 0.005 0.0 0.0 0.0 -106.0 121.5 988.2
77.064 -0.00022 0.00037 3.2 6.7 6.2 114.5 115.0 999.000 3.0 -0.338 0.041 0.1 0.0 0.0 0.0 0.0 0 0.0 0 1 1 0 0.0 24.2 15.4 0.065 75.0 0.005 0.0 0.0 0.0 -109.0 116.8 987.0
77.435 -0.00022 0.00037 3.1 6.7 6.4 114.9 115.0 999.000 3.0 -0.105 0.017 0.2 0.0 0.0 0.0 0.0 0 0.0 0 1 1 0 0.0 24.2 15.4 0.065 75.0 0.005 0.0 0.0 0.0 -112.0 116.7 991.8
78.033 -0.00022 0.00037 3.0 6.8 6.5 115.4 115.0 999.000 3.0 -0.105 0.017 0.2 0.0 0.0 0.0 0.0 0 0.0 0 1 1 0 0.0 24.2 15.4 0.065 75.0 0.005 0.0 0.0 0.0 -112.0 120.2 989.4
78.424 -0.00022 0.00038 2.9 6.8 6.5 115.8 115.0 999.000 3.0 -0.321 -0.084 0.2 0.0 0.0 0.0 0.0 0 0.0 5 1 1 0 0.0 24.2 15.4 0.065 75.0 0.005 0.0 0.0 0.0 -114.0 117.0 988.4
79.036 -0.00022 0.00038 2.8 6.5 6.6 116.3 115.0 999.000 3.0 -0.321 -0.084 0.2 0.0 0.0 0.0 0.0 0 0.0 0 1 1 0 0.0 24.2 15.4 0.065 75.0 0.005 0.0 0.0 0.0 -113.0 113.4 986.2
79.424 -0.00022 0.00038 2.8 6.5 6.6 116.7 115.0 999.000 3.0 -0.244 0.011 0.2 0.0 0.0 0.0 0.0 0 0.0 0 1 1 0 0.0 24.2 15.4 0.065 75.0 0.005 0.0 0.0 0.0 -116.0 115.0 986.6
80.034 -0.00022 0.00038 2.7 7.1 6.7 117.1 115.0 999.000 3.0 -0.244 0.011 0.2 0.0 0.0 0.0 0.0 0 0.0 5 1 1 0 0.0 24.2 15.4 0.065 75.0 0.005 0.0 0.0 0.0 -116.0 121.2 986.8
80.426 -0.00022 0.00038 2.6 6.5 6.7 117.4 115.0 999.000 3.0 -0.398 -0.114 0.1 0.0 0.0 0.0 0.0 0 0.0 0 1 1 0 0.0 24.2 15.4 0.065 75.0 0.005 0.0 0.0 0.0 -115.0 110.7 987.5
81.035 -0.00022 0.00038 2.5 5.8 6.7 117.6 115.0 999.000 3.0 -0.398 -0.114 0.1 0.0 0.0 0.0 0.0 0 0.0 5 1 1 0 0.0 24.2 15.4 0.065 75.0 0.005 0.0 0.0 0.0 -115.0 98.3 987.5
81.425 -0.00022 0.00039 2.4 5.7 6.7 117.5 115.0 999.000 3.0 -0.320 -0.053 0.2 -2.6 -2.6 -5.4 -5.3 0 0.0 0 1 1 0 0.0 24.2 15.4 0.065 75.0 0.005 0.0 0.0 0.0 -115.0 97.8 994.9
82.058 -0.00022 0.00039 2.3 5.4 6.6 117.4 115.0 999.000 3.0 -0.320 -0.053 0.2 0.0 0.0 -5.6 -5.6 0 0.0 0 1 1 0 0.0 24.2 15.4 0.065 75.0 0.005 0.0 0.0 0.0 -115.0 92.4 990.1
82.426 -0.00022 0.00039 2.2 4.7 6.5 117.2 115.0 999.000 3.0 -0.193 -0.060 0.2 0.0 0.0 -5.9 -5.9 0 0.0 0 1 1 0 0.0 24.2 15.4 0.065 75.0 0.005 0.0 0.0 0.0 -113.0 78.7 990.6
83.035 -0.00022 0.00039 2.1 4.4 6.4 117.0 115.0 999.000 3.0 -0.193 -0.060 0.2 0.0 0.0 -6.1 -6.1 0 0.0 0 1 1 0 0.0 24.2 15.4 0.065 75.0 0.005 0.0 0.0 0.0 -111.0 77.5 991.0
83.426 -0.00022 0.00039 2.1 4.5 6.4 116.9 115.0 999.000 3.0 -0.260 0.069 0.2 0.0 0.0 -6.4 -6.4 0 0.0 0 1 1 0 0.0 24.2 15.4 0.065 75.0 0.005 0.0 0.0 0.0 -111.0 79.7 989.7
84.036 -0.00023 0.00039 2.0 4.6 6.4 116.8 115.0 999.000 3.0 -0.260 0.069 0.2 0.0 0.0 -6.6 -6.6 0 0.0 0 1 1 0 0.0 24.2 15.4 0.065 75.0 0.005 0.0 0.0 0.0 -111.0 78.9 992.6
84.426 -0.00023 0.00039 1.9 4.4 6.4 116.8 115.0 999.000 3.0 -0.315 -0.114 0.2 0.0 0.0 -6.9 -6.9 0 0.0 0 1 1 0 0.0 24.2 15.4 0.065 75.0 0.005 0.0 0.0 0.0 -111.0 74.6 991.7
85.036 -0.00023 0.00039 1.8 4.9 6.3 116.8 115.0 999.000 3.0 -0.315 -0.114 0.2 0.0 0.0 -7.2 -7.2 0 0.0 5 1 1 0 0.0 24.2 15.4 0.065 75.0 0.005 0.0 0.0 0.0 -109.0 84.5 991.9
85.426 -0.00023 0.00040 1.7 4.9 6.3 116.8 115.0 999.000 3.0 -0.335 0.025 0.2 0.0 0.0 -7.4 -7.5 0 0.0 0 1 1 0 0.0 24.2 15.4 0.065 75.0 0.005 0.0 0.0 0.0 -110.0 84.6 990.2
86.036 -0.00023 0.00040 1.6 4.8 6.4 116.6 115.0 999.000 3.0 -0.335 0.025 0.2 0.0 0.0 -7.7 -7.7 0 0.0 0 1 1 0 0.0 24.2 15.4 0.065 75.0 0.005 0.0 0.0 0.0 -109.0 82.6 990.9
86.425 -0.00023 0.00040 1.5 5.3 6.5 116.6 115.0 999.000 3.0 -0.272 0.090 0.1 0.0 0.0 -8.0 -8.0 0 0.0 0 1 1 0 0.0 24.2 15.4 0.065 75.0 0.005 0.0 0.0 0.0 -112.0 93.6 990.8
87.053 -0.00023 0.00040 1.4 5.9 6.6 116.5 115.0 999.000 3.0 -0.272 0.090 0.1 0.0 0.0 -8.3 -8.3 0 0.0 0 1 1 0 0.0 24.2 15.4 0.065 75.0 0.005 0.0 0.0 0.0 -115.0 102.4 989.3
87.426 -0.00023 0.00040 1.4 5.9 6.8 116.4 115.0 999.000 3.0 -0.239 -0.069 0.2 0.0 0.0 -8.6 -8.6 0 0.0 0 1 1 0 0.0 24.2 15.4 0.065 75.0 0.005 0.0 0.0 0.0 -120.0 98.7 987.7
88.035 -0.00023 0.00040 1.3 6.1 6.9 116.6 115.0 999.000 3.0 -0.239 -0.069 0.2 0.0 0.0 -8.9 -8.9 0 0.0 0 1 1 0 0.0 24.2 15.4 0.065 75.0 0.005 0.0 0.0 0.0 -120.0 106.5 983.5
88.424 -0.00023 0.00040 1.2 6.8 7.0 117.1 115.0 999.000 3.0 -0.267 -0.107 0.2 0.0 0.0 -9.2 -9.2 0 0.0 0 1 1 0 0.0 24.2 15.4 0.065 75.0 0.005 0.0 0.0 0.0 -120.0 116.9 991.0
89.037 -0.00023 0.00041 1.1 6.7 6.9 117.9 115.0 999.000 3.0 -0.267 -0.107 0.2 0.0 0.0 -9.6 -9.5 0 0.0 0 1 1 0 0.0 24.2 15.4 0.065 75.0 0.005 0.0 0.0 0.0 -118.0 115.8 989.8
89.426 -0.00023 0.00041 1.0 6.7 6.8 118.8 115.0 999.000 3.0 -0.356 -0.046 0.2 -2.9 -2.9 -9.9 -9.9 0 0.0 0 1 1 0 0.0 24.2 15.4 0.065 75.0 0.005 0.0 0.0 0.0 -117.0 118.3 984.1
90.034 -0.00023 0.00041 0.9 7.0 6.6 119.8 115.0 999.000 3.0 -0.356 -0.046 0.2 -3.8 -3.8 -10.2 -10.2 0 0.0 0 1 1 0 0.0 24.2 15.4 0.065 75.0 0.005 0.0 0.0 0.0 -113.0 119.9 987.6
90.426 -0.00023 0.00041 0.8 6.4 6.2 120.6 115.0 999.000 3.0 -0.276 -0.090 0.1 -4.8 -4.8 -10.5 -10.5 0 0.0 0 1 1 0 0.0 24.2 15.4 0.065 75.0 0.005 0.0 0.0 0.0 -107.0 110.5 991.9
91.035 -0.00024 0.00041 0.7 6.3 6.1 121.2 115.0 999.000 3.0 -0.276 -0.090 0.1 -5.6 -5.6 -10.9 -10.9 0 0.0 0 1 1 0 0.0 24.2 15.4 0.065 75.0 0.005 0.0 0.0 0.0 -108.0 112.0 986.9
91.425 -0.00024 0.00041 0.6 6.7 6.1 121.3 115.0 999.000 3.0 -0.276 0.144 0.2 -6.2 -6.2 -11.2 -11.2 0 0.0 0 1 1 0 0.0 24.2 15.4 0.065 75.0 0.005 0.0 0.0 0.0 -107.0 114.9 987.6
92.053 -0.00024 0.00041 0.5 6.4 6.2 121.1 115.0 999.000 3.0 -0.276 0.144 0.2 -6.3 -6.3 -11.6 -11.6 0 0.0 0 1 1 0 0.0 24.2 15.4 0.065 75.0 0.005 0.0 0.0 0.0 -114.0 107.3 993.9
92.426 -0.00024 0.00041 0.4 5.0 7.1 120.2 115.0 999.000 3.0 -0.293 -0.038 0.2 -6.1 -6.1 -12.0 -12.0 0 0.0 0 1 1 0 0.0 24.2 15.4 0.065 75.0 0.005 0.0 0.0 0.0 -124.0 83.1 978.9
93.035 -0.00024 0.00042 0.3 4.2 7.0 119.2 115.0 999.000 3.0 -0.293 -0.038 0.2 -6.1 -6.1 -12.3 -12.3 0 0.0 0 1 1 0 0.0 24.2 15.4 0.065 75.0 0.005 0.0 0.0 0.0 -116.0 64.7 1003.0
93.427 -0.00024 0.00042 0.2 4.2 7.5 118.2 115.0 999.000 3.0 -0.339 0.062 0.2 -6.1 -6.1 -12.8 -12.7 0 0.0 0 1 1 0 0.0 24.2 15.4 0.065 75.0 0.005 0.0 0.0 0.0 -133.0 74.0 978.6
94.036 -0.00024 0.00042 0.1 4.5 7.6 117.1 115.0 999.000 3.0 -0.339 0.062 0.2 -6.1 -6.1 -13.1 -13.1 0 0.0 5 1 1 0 0.0 24.2 15.4 0.065 75.0 0.005 0.0 0.0 0.0 -123.0 77.7 993.5
94.426 -0.00024 0.00042 0.0 5.9 6.4 116.7 115.0 999.000 3.0 -0.179 0.104 0.1 -6.1 -6.1 -13.5 -13.5 0 0.0 0 1 1 0 0.0 24.2 15.4 0.065 75.0 0.005 0.0 0.0 0.0 -103.0 119.7 922.6
95.037 -0.00024 0.00042 0.1 8.4 0.1 115.7 115.0 999.000 3.0 -0.179 0.104 0.1 -6.1 -6.1 -13.8 -13.8 0 0.0 5 1 1 0 0.0 24.2 15.4 0.065 75.0 0.005 0.0 0.0 0.0 25.5 148.7 1001.0
95.426 -0.00024 0.00042 0.1 9.5 -3.6 115.7 115.0 999.000 3.0 -0.305 0.089 -0.1 -6.1 -6.1 -14.0 -14.0 0 0.0 0 1 1 0 0.0 24.2 15.4 0.065 75.0 0.005 0.0 0.0 0.0 63.6 166.9 984.3
96.036 -0.00024 0.00042 0.1 7.6 -1.9 114.6 115.0 999.000 3.0 -0.305 0.089 -0.1 -6.1 -6.1 -14.0 -14.0 0 0.0 0 1 1 0 0.0 24.2 15.4 0.065 75.0 0.005 0.0 0.0 0.0 25.7 135.5 1000.0
96.426 -0.00024 0.00043 0.1 6.3 0.1 114.2 115.0 999.000 3.0 -0.295 0.022 0.0 -6.1 -6.1 -14.2 -14.2 0 0.0 0 1 1 0 0.0 24.2 15.4 0.065 75.0 0.005 0.0 0.0 0.0 -0.3 87.2 1010.0
97.053 -0.00024 0.00043 0.0 9.4 1.9 113.6 115.0 999.000 3.0 -0.295 0.022 0.0 -6.1 -6.1 -14.4 -14.4 0 0.0 0 1 1 0 0.0 24.2 15.4 0.065 75.0 0.005 0.0 0.0 0.0 -31.0 176.3 950.8
97.427 -0.00024 0.00043 0.0 9.6 -0.4 113.9 115.0 999.000 3.0 -0.285 0.010 0.0 -6.1 -6.1 -14.6 -14.6 0 0.0 0 1 1 0 0.0 24.2 15.4 0.065 75.0 0.005 0.0 0.0 0.0 17.8 172.1 1015.0
98.036 -0.00024 0.00043 0.1 7.5 0.2 112.9 115.0 999.000 3.0 -0.285 0.010 0.0 -6.1 -6.1 -14.7 -14.7 0 0.0 0 1 1 0 0.0 24.2 15.4 0.065 75.0 0.005 0.0 0.0 0.0 -3.5 122.2 988.9
98.425 -0.00025 0.00043 0.0 9.1 0.4 112.9 115.0 999.000 3.0 -0.359 0.120 0.0 -6.1 -6.1 -14.8 -14.8 0 0.0 0 1 1 0 0.0 24.2 15.4 0.065 75.0 0.005 0.0 0.0 0.0 -14.6 150.4 980.2
99.037 -0.00025 0.00043 0.0 8.6 1.9 112.8 115.0 999.000 3.0 -0.359 0.120 0.0 -6.1 -6.1 -15.0 -15.0 0 0.0 0 1 1 0 0.0 24.2 15.4 0.065 75.0 0.005 0.0 0.0 0.0 -26.5 161.8 975.6
99.426 -0.00025 0.00043 0.1 7.0 0.8 112.7 115.0 999.000 3.0 -0.211 0.123 0.0 -6.1 -6.1 -15.2 -15.2 0 0.0 0 1 1 0 0.0 24.2 15.4 0.065 75.0 0.005 0.0 0.0 0.0 -6.9 98.2 1015.0
100.035 -0.00025 0.00043 0.0 7.8 1.5 112.5 115.0 999.000 3.0 -0.211 0.123 0.0 -6.1 -6.1 -15.3 -15.3 0 0.0 5 1 1 0 0.0 24.2 15.4 0.065 75.0 0.005 0.0 0.0 0.0 -39.9 145.4 981.2
100.428 -0.00025 0.00043 0.0 7.1 2.1 112.7 115.0 999.000 3.0 -0.200 0.009 0.0 -6.1 -6.1 -15.4 -15.4 0 0.0 0 1 1 0 0.0 24.2 15.4 0.065 75.0 0.005 0.0 0.0 0.0 -29.8 115.7 986.5
101.036 -0.00025 0.00044 0.1 7.8 1.8 113.1 115.0 999.000 3.0 -0.200 0.009 0.0 -6.1 -6.1 -15.6 -15.6 0 0.0 0 1 1 0 0.0 24.2 15.4 0.065 75.0 0.005 0.0 0.0 0.0 -26.0 142.3 997.8
101.425 -0.00025 0.00044 0.0 8.3 1.2 113.6 115.0 999.000 3.0 -0.087 0.013 0.0 -6.1 -6.1 -15.7 -15.7 0 0.0 0 1 1 0 0.0 24.2 15.4 0.065 75.0 0.005 0.0 0.0 0.0 -18.8 132.8 993.0
102.053 -0.00025 0.00044 0.0 7.9 1.9 113.6 115.0 999.000 3.0 -0.087 0.013 0.0 -6.1 -6.1 -15.9 -15.9 0 0.0 0 1 1 0 0.0 24.2 15.4 0.065 75.0 0.005 0.0 0.0 0.0 -35.9 119.6 977.5
102.427 -0.00025 0.00044 0.0 6.9 0.7 114.8 115.0 999.000 3.0 -0.229 -0.059 0.0 -6.1 -6.1 -16.0 -16.0 0 0.0 0 1 1 0 0.0 24.2 15.4 0.065 75.0 0.005 0.0 0.0 0.0 -5.6 126.7 1007.0
103.035 -0.00025 0.00044 0.0 8.2 1.2 114.8 115.0 999.000 3.0 -0.229 -0.059 0.0 -6.1 -6.1 -16.2 -16.2 0 0.0 0 1 1 0 0.0 24.2 15.4 0.065 75.0 0.005 0.0 0.0 0.0 -17.2 136.1 992.8
103.428 -0.00025 0.00044 0.0 7.9 1.1 114.9 115.0 999.000 3.0 -0.100 0.019 0.0 -6.1 -6.1 -16.3 -16.3 0 0.0 5 1 1 0 0.0 24.2 15.4 0.065 75.0 0.005 0.0 0.0 0.0 -27.4 123.5 985.0
104.036 -0.00025 0.00044 0.0 6.4 1.6 115.6 115.0 999.000 3.0 -0.100 0.019 0.0 -6.1 -6.1 -16.5 -16.5 0 0.0 0 1 1 0 0.0 24.2 15.4 0.065 75.0 0.005 0.0 0.0 0.0 -24.0 124.1 986.1
104.426 -0.00025 0.00044 0.1 7.3 1.1 115.1 115.0 999.000 3.0 -0.017 0.060 -0.0 -6.1 -6.1 -16.6 -16.6 0 0.0 0 1 1 0 0.0 24.2 15.4 0.065 75.0 0.005 0.0 0.0 0.0 -10.9 124.8 1007.0
105.038 -0.00025 0.00044 0.1 8.0 1.4 115.9 115.0 999.000 3.0 -0.017 0.060 -0.0 -6.1 -6.1 -16.8 -16.8 0 0.0 0 1 1 0 0.0 24.2 15.4 0.065 75.0 0.005 0.0 0.0 0.0 -25.0 146.3 998.2
105.427 -0.00025 0.00044 0.0 6.5 1.1 115.8 115.0 999.000 3.0 -0.056 0.030 0.0 -6.1 -6.1 -16.9 -16.9 0 0.0 0 1 1 0 0.0 24.2 15.4 0.065 75.0 0.005 0.0 0.0 0.0 -23.5 112.5 973.9
106.036 -0.00025 0.00044 0.0 6.5 1.4 115.6 115.0 999.000 3.0 -0.056 0.030 0.0 -6.1 -6.1 -17.1 -17.1 0 0.0 0 1 1 0 0.0 24.2 15.4 0.065 75.0 0.005 0.0 0.0 0.0 -9.5 105.5 1017.0
106.428 -0.00025 0.00044 0.1 7.9 0.6 115.6 115.0 999.000 3.0 -0.131 -0.035 0.0 -6.1 -6.1 -17.2 -17.2 0 0.0 0 1 1 0 0.0 24.2 15.4 0.065 75.0 0.005 0.0 0.0 0.0 -14.6 141.1 1002.0
107.058 -0.00025 0.00044 0.0 7.2 1.8 116.0 115.0 999.000 3.0 -0.131 -0.035 0.0 -6.1 -6.1 -17.4 -17.4 0 0.0 0 1 1 0 0.0 24.2 15.4 0.065 75.0 0.005 0.0 0.0 0.0 -28.2 123.3 985.8
107.427 -0.00025 0.00044 0.0 6.9 1.2 115.1 115.0 999.000 3.0 -0.092 0.082 0.0 -6.1 -6.1 -17.5 -17.5 0 0.0 0 1 1 0 0.0 24.2 15.4 0.065 75.0 0.005 0.0 0.0 0.0 -21.6 112.0 987.4
108.039 -0.00025 0.00044 0.0 7.5 0.7 115.7 115.0 999.000 3.0 -0.092 0.082 0.0 -6.1 -6.1 -17.7 -17.7 0 0.0 0 1 1 0 0.0 24.2 15.4 0.065 75.0 0.005 0.0 0.0 0.0 -12.6 136.0 998.9
108.428 -0.00025 0.00044 0.0 7.2 2.1 115.2 115.0 999.000 3.0 -0.116 0.039 0.0 -6.1 -6.1 -17.8 -17.8 0 0.0 5 1 1 0 0.0 24.2 15.4 0.065 75.0 0.005 0.0 0.0 0.0 -34.6 122.6 994.5
109.037 -0.00025 0.00044 0.0 6.7 1.5 114.9 115.0 999.000 3.0 -0.116 0.039 0.0 -6.1 -6.1 -18.0 -17.9 0 0.0 0 1 1 0 0.0 24.2 15.4 0.065 75.0 0.005 0.0 0.0 0.0 -26.4 120.4 992.6
109.428 -0.00025 0.00044 0.1 7.8 2.0 114.7 115.0 999.000 3.0 -0.033 0.075 0.0 -6.1 -6.1 -18.1 -18.1 0 0.0 0 1 1 0 0.0 24.2 15.4 0.065 75.0 0.005 0.0 0.0 0.0 -34.3 128.9 982.7
110.036 -0.00025 0.00044 0.1 7.1 1.4 114.7 115.0 999.000 3.0 -0.033 0.075 0.0 -6.1 -6.1 -18.3 -18.2 0 0.0 0 1 1 0 0.0 24.2 15.4 0.065 75.0 0.005 0.0 0.0 0.0 -21.8 139.2 1003.0
110.428 -0.00025 0.00044 0.0 6.6 2.9 114.4 115.0 999.000 3.0 -0.119 -0.078 -0.0 -6.1 -6.1 -18.4 -18.4 0 0.0 0 1 1 0 0.0 24.2 15.4 0.065 75.0 0.005 0.0 0.0 0.0 -46.3 72.8 991.7
111.038 -0.00025 0.00045 0.0 7.5 2.2 114.2 115.0 999.000 3.0 -0.119 -0.078 -0.0 -6.1 -6.1 -18.5 -18.5 0 0.0 0 1 1 0 0.0 24.2 15.4 0.065 75.0 0.005 0.0 0.0 0.0 -41.4 164.8 967.0
111.429 -0.00025 0.00045 0.0 7.1 1.8 113.6 115.0 999.000 3.0 -0.157 -0.094 -0.0 -6.1 -6.1 -18.7 -18.7 0 0.0 0 1 1 0 0.0 24.2 15.4 0.065 75.0 0.005 0.0 0.0 0.0 -28.0 93.0 1014.0
112.059 -0.00025 0.00045 0.1 7.8 1.7 113.7 115.0 999.000 3.0 -0.157 -0.094 -0.0 -6.1 -6.1 -18.9 -18.8 0 0.0 0 1 1 0 0.0 24.2 15.4 0.065 75.0 0.005 0.0 0.0 0.0 -15.6 145.0 1016.0
112.430 -0.00025 0.00045 0.0 6.8 2.0 113.9 115.0 999.000 3.0 -0.073 -0.182 0.0 -6.1 -6.1 -19.0 -19.0 0 0.0 5 1 1 0 0.0 24.2 15.4 0.065 75.0 0.005 0.0 0.0 0.0 -36.5 87.2 978.0
113.038 -0.00025 0.00045 0.1 8.5 1.4 112.9 115.0 999.000 3.0 -0.073 -0.182 0.0 -6.1 -6.1 -19.1 -19.1 0 0.0 0 1 1 0 0.0 24.2 15.4 0.065 75.0 0.005 0.0 0.0 0.0 -16.7 167.2 991.6
113.430 -0.00025 0.00045 0.0 7.9 1.1 113.6 115.0 999.000 3.0 -0.104 0.108 -0.0 -6.1 -6.1 -19.3 -19.3 0 0.0 0 1 1 0 0.0 24.2 15.4 0.065 75.0 0.005 0.0 0.0 0.0 -23.3 135.8 986.2
114.038 -0.00025 0.00045 0.0 7.2 1.1 113.2 115.0 999.000 3.0 -0.104 0.108 -0.0 -6.1 -6.1 -19.4 -19.4 0 0.0 0 1 1 0 0.0 24.2 15.4 0.065 75.0 0.005 0.0 0.0 0.0 -10.8 121.1 993.3
114.427 -0.00025 0.00045 0.0 7.5 1.6 112.8 115.0 999.000 3.0 0.005 -0.064 0.0 -6.1 -6.1 -19.6 -19.6 0 0.0 0 1 1 0 0.0 24.2 15.4 0.065 75.0 0.005 0.0 0.0 0.0 -26.8 106.3 980.4
115.040 -0.00025 0.00045 0.1 8.5 0.3 113.3 115.0 999.000 3.0 0.005 -0.064 0.0 -6.1 -6.1 -19.7 -19.7 0 0.0 0 1 1 0 0.0 24.2 15.4 0.065 75.0 0.005 0.0 0.0 0.0 -3.9 148.9 1013.0
115.427 -0.00025 0.00045 0.0 6.6 2.0 112.8 115.0 999.000 3.0 -0.065 -0.055 -0.0 -6.1 -6.1 -19.9 -19.9 0 0.0 0 1 1 0 0.0 24.2 15.4 0.065 75.0 0.005 0.0 0.0 0.0 -36.5 101.1 980.8
116.037 -0.00025 0.00045 0.0 7.2 1.9 113.0 115.0 999.000 3.0 -0.065 -0.055 -0.0 -6.1 -6.1 -20.0 -20.0 0 0.0 0 1 1 0 0.0 24.2 15.4 0.065 75.0 0.005 0.0 0.0 0.0 -21.0 131.4 1001.0
116.430 -0.00025 0.00045 0.0 7.9 1.8 112.4 115.0 999.000 3.0 -0.169 0.052 0.0 -6.1 -6.1 -20.2 -20.2 0 0.0 0 1 1 0 0.0 24.2 15.4 0.065 75.0 0.005 0.0 0.0 0.0 -31.8 139.5 976.2
117.062 -0.00026 0.00045 0.1 6.7 1.0 112.4 115.0 999.000 3.0 -0.169 0.052 0.0 -6.1 -6.1 -20.3 -20.3 0 0.0 5 1 1 0 0.0 24.2 15.4 0.065 75.0 0.005 0.0 0.0 0.0 -4.7 100.0 1013.0
117.427 -0.00026 0.00045 0.0 7.7 1.5 111.9 115.0 999.000 3.0 -0.181 0.132 -0.0 -6.1 -6.1 -20.5 -20.5 0 0.0 0 1 1 0 0.0 24.2 15.4 0.065 75.0 0.005 0.0 0.0 0.0 -46.2 154.2 960.1
118.039 -0.00026 0.00045 0.0 7.8 1.1 112.1 115.0 999.000 3.0 -0.181 0.132 -0.0 -6.1 -6.1 -20.6 -20.6 0 0.0 0 1 1 0 0.0 24.2 15.4 0.065 75.0 0.005 0.0 0.0 0.0 -5.5 124.2 1001.0
118.428 -0.00026 0.00045 0.0 7.7 0.5 112.1 115.0 999.000 3.0 -0.006 -0.022 -0.0 -6.1 -6.1 -20.8 -20.8 0 0.0 0 1 1 0 0.0 24.2 15.4 0.065 75.0 0.005 0.0 0.0 0.0 -15.1 140.3 986.8
119.038 -0.00026 0.00045 0.0 7.6 1.6 112.1 115.0 999.000 3.0 -0.006 -0.022 -0.0 -6.1 -6.1 -20.9 -20.9 0 0.0 0 1 1 0 0.0 24.2 15.4 0.065 75.0 0.005 0.0 0.0 0.0 -21.6 123.1 996.5
119.429 -0.00026 0.00045 0.0 8.0 1.3 112.2 115.0 999.000 3.0 0.029 -0.031 -0.0 -6.1 -6.1 -21.1 -21.1 0 0.0 0 1 1 0 0.0 24.2 15.4 0.065 75.0 0.005 0.0 0.0 0.0 -29.8 125.8 974.4
120.040 -0.00026 0.00046 0.1 7.5 1.6 112.3 115.0 999.000 3.0 0.029 -0.031 -0.0 -6.1 -6.1 -21.2 -21.2 0 0.0 0 1 1 0 0.0 24.2 15.4 0.065 75.0 0.005 0.0 0.0 0.0 -24.6 128.0 996.8
120.429 -0.00026 0.00046 0.0 7.2 1.6 112.3 115.0 999.000 3.0 -0.127 -0.057 0.0 -6.1 -6.1 -21.3 -21.3 0 0.0 0 1 1 0 0.0 24.2 15.4 0.065 75.0 0.005 0.0 0.0 0.0 -27.8 142.2 993.5
121.040 -0.00026 0.00046 0.0 6.5 2.1 112.3 115.0 999.000 3.0 -0.127 -0.057 0.0 -6.1 -6.1 -21.5 -21.5 0 0.0 0 1 1 0 0.0 24.2 15.4 0.065 75.0 0.005 0.0 0.0 0.0 -41.1 98.6 976.7
121.429 -0.00026 0.00046 0.1 7.8 1.9 112.0 115.0 999.000 3.0 -0.167 0.080 0.0 -6.1 -6.1 -21.7 -21.7 0 0.0 0 1 1 0 0.0 24.2 15.4 0.065 75.0 0.005 0.0 0.0 0.0 -19.8 139.7 1012.0
122.059 -0.00026 0.00046 0.0 7.5 1.7 112.0 115.0 999.000 3.0 -0.167 0.080 0.0 -6.1 -6.1 -21.8 -21.8 0 0.0 0 1 1 0 0.0 24.2 15.4 0.065 75.0 0.005 0.0 0.0 0.0 -36.1 129.7 978.4
122.430 -0.00026 0.00046 0.1 7.0 1.1 111.8 115.0 999.000 3.0 0.087 0.108 0.0 -6.1 -6.1 -22.0 -22.0 0 0.0 0 1 1 0 0.0 24.2 15.4 0.065 75.0 0.005 0.0 0.0 0.0 -22.3 109.0 992.9
123.038 -0.00026 0.00046 0.0 7.2 1.3 112.2 115.0 999.000 3.0 0.087 0.108 0.0 -6.1 -6.1 -22.1 -22.1 0 0.0 0 1 1 0 0.0 24.2 15.4 0.065 75.0 0.005 0.0 0.0 0.0 -16.9 140.4 1003.0
123.430 -0.00026 0.00046 0.0 7.6 1.4 112.2 115.0 999.000 3.0 -0.071 0.006 -0.0 -6.1 -6.1 -22.2 -22.2 0 0.0 0 1 1 0 0.0 24.2 15.4 0.065 75.0 0.005 0.0 0.0 0.0 -22.6 134.1 983.1
124.038 -0.00026 0.00046 0.0 7.2 2.0 111.9 115.0 999.000 3.0 -0.071 0.006 -0.0 -6.1 -6.1 -22.4 -22.4 0 0.0 0 1 1 0 0.0 24.2 15.4 0.065 75.0 0.005 0.0 0.0 0.0 -35.5 135.2 973.9
124.427 -0.00026 0.00046 0.1 8.1 0.8 111.9 115.0 999.000 3.0 -0.166 -0.127 0.0 -6.1 -6.1 -22.6 -22.5 0 0.0 0 1 1 0 0.0 24.2 15.4 0.065 75.0 0.005 0.0 0.0 0.0 -14.7 149.1 1011.0

