7.276 0.00000 0.00000 0.0 3.2 -1.0 275.1 999.0 999.000 999.0 nan nan nan 0.0 0.0 0.0 0.0 0 0.0 0 0 0 0 0.0 0.0 0.0 0.000 0.0 0.000 0.0 0.0 0.0 20.0 100.1 986.6
7.777 0.00000 0.00000 0.1 8.2 -1.4 275.7 999.0 999.000 999.0 nan nan nan 0.0 0.0 0.0 0.0 0 0.0 0 0 0 0 0.0 24.2 15.6 0.065 77.0 0.005 0.0 0.0 0.0 18.0 130.1 997.1
8.276 0.00000 0.00000 0.0 9.8 -0.5 274.6 999.0 999.000 999.0 nan nan nan 0.0 0.0 0.0 0.0 0 0.0 0 0 0 0 0.0 24.2 15.6 0.065 77.0 0.005 0.0 0.0 0.0 39.1 166.2 984.0
8.776 0.00000 0.00000 0.0 3.5 -0.9 274.4 999.0 999.000 999.0 nan nan nan 0.0 0.0 0.0 0.0 0 0.0 0 0 0 0 0.0 24.4 15.6 0.065 77.0 0.005 0.0 0.0 0.0 -2.5 47.5 1001.0
9.178 0.00000 360.00000 0.1 1.3 -0.3 276.5 999.0 999.000 999.0 -0.177 -0.020 -0.0 0.0 0.0 0.0 0.0 0 0.0 0 0 0 0 0.0 24.4 15.6 0.065 77.0 0.005 0.0 0.0 0.0 11.1 27.5 1000.0
9.776 0.00000 360.00000 0.1 5.9 -2.0 275.0 999.0 999.000 999.0 -0.177 -0.020 -0.0 0.0 0.0 0.0 0.0 0 0.0 0 0 0 0 0.0 24.4 15.6 0.065 77.0 0.005 0.0 0.0 0.0 44.9 113.2 1012.0
10.177 0.00000 360.00000 0.0 5.4 -1.3 274.9 999.0 999.000 999.0 -0.194 -0.029 0.0 0.0 0.0 0.0 0.0 0 0.0 0 0 0 0 0.0 24.4 15.6 0.065 77.0 0.005 0.0 0.0 0.0 14.0 80.0 990.5
10.776 0.00000 360.00000 0.0 -1.8 0.3 275.4 999.0 999.000 999.0 -0.194 -0.029 0.0 0.0 0.0 0.0 0.0 0 0.0 0 0 0 0 0.0 24.4 15.5 0.065 77.0 0.005 0.0 0.0 0.0 3.2 -20.4 985.2
11.194 0.00000 360.00000 0.0 6.5 -1.1 275.7 999.0 999.000 999.0 -0.154 0.070 0.0 0.0 0.0 0.0 0.0 0 0.0 0 0 0 0 0.0 24.4 15.5 0.065 77.0 0.005 0.0 0.0 0.0 23.1 112.1 997.5
11.778 0.00000 360.00000 0.0 8.3 -1.4 276.3 999.0 999.000 999.0 -0.154 0.070 0.0 0.0 0.0 0.0 0.0 0 0.0 0 0 0 0 0.0 24.2 15.6 0.065 77.0 0.005 0.0 0.0 0.0 17.0 129.0 994.6
12.177 0.00000 359.99999 0.0 0.9 -0.4 278.0 999.0 999.000 999.0 -0.157 0.030 -0.0 0.0 0.0 0.0 0.0 0 0.0 0 0 0 0 0.0 24.2 15.6 0.065 77.0 0.005 0.0 0.0 0.0 22.3 34.0 1019.0
12.775 0.00000 359.99999 0.0 6.8 -1.2 278.6 999.0 999.000 999.0 -0.157 0.030 -0.0 0.0 0.0 0.0 0.0 0 0.0 0 0 0 0 0.0 24.2 15.6 0.065 77.0 0.005 0.0 0.0 0.0 12.2 122.0 987.9
13.178 0.00000 359.99999 0.0 1.7 0.1 278.1 999.0 999.000 999.0 -0.078 0.011 0.1 0.0 0.0 0.0 0.0 0 0.0 0 0 0 0 0.0 24.2 15.6 0.065 77.0 0.005 0.0 0.0 0.0 -2.7 4.7 971.3
13.776 0.00000 359.99999 0.0 2.6 -1.0 279.0 999.0 999.000 999.0 -0.078 0.011 0.1 0.0 0.0 0.0 0.0 0 0.0 0 0 0 0 0.0 24.2 15.6 0.065 77.0 0.005 0.0 0.0 0.0 29.0 56.6 1017.0
14.177 0.00000 359.99999 0.0 6.0 -1.2 278.6 999.0 999.000 999.0 0.013 -0.056 -0.0 0.0 0.0 0.0 0.0 0 0.0 5 0 0 0 0.0 24.2 15.6 0.065 77.0 0.005 0.0 0.0 0.0 16.1 107.5 988.8
14.778 0.00000 359.99999 0.0 8.9 -0.4 277.9 999.0 999.000 999.0 0.013 -0.056 -0.0 0.0 0.0 0.0 0.0 0 0.0 0 0 0 0 0.0 24.4 15.6 0.065 77.0 0.005 0.0 0.0 0.0 20.5 121.8 999.8
15.177 0.00000 359.99999 0.0 0.8 -0.5 278.6 999.0 999.000 999.0 -0.090 0.120 0.0 0.0 0.0 0.0 0.0 0 0.0 0 0 0 0 0.0 24.4 15.6 0.065 77.0 0.005 0.0 0.0 0.0 0.5 51.5 999.8
15.786 0.00000 359.99999 0.0 1.9 -0.6 279.0 999.0 999.000 999.0 -0.090 0.120 0.0 0.0 0.0 0.0 0.0 0 0.0 0 0 0 0 0.0 24.4 15.6 0.065 77.0 0.005 0.0 0.0 0.0 28.9 10.1 1006.0
16.195 0.00000 359.99999 0.0 5.9 -0.5 280.4 999.0 999.000 999.0 -0.055 -0.011 0.1 0.0 0.0 0.0 0.0 0 0.0 0 0 0 0 0.0 24.4 15.6 0.065 77.0 0.005 0.0 0.0 0.0 -11.1 124.5 971.1
16.787 0.00000 359.99999 0.0 0.0 -0.3 280.3 999.0 999.000 999.0 -0.055 -0.011 0.1 0.0 0.0 0.0 0.0 0 0.0 0 0 0 0 0.0 24.2 15.6 0.065 77.0 0.005 0.0 0.0 0.0 17.2 -51.0 1007.0
17.177 0.00000 359.99999 0.1 2.5 -0.3 281.7 999.0 999.000 999.0 -0.004 -0.071 0.0 0.0 0.0 0.0 0.0 0 0.0 0 0 0 0 0.0 24.2 15.6 0.065 77.0 0.005 0.0 0.0 0.0 7.0 51.8 1006.0
17.788 0.00000 359.99999 0.0 2.4 -2.3 280.7 999.0 999.000 999.0 -0.004 -0.071 0.0 0.0 0.0 0.0 0.0 0 0.0 0 0 0 0 0.0 24.2 15.6 0.065 77.0 0.005 0.0 0.0 0.0 47.3 77.0 998.3
18.177 0.00000 359.99999 0.1 -0.3 -1.4 281.2 999.0 999.000 999.0 -0.071 -0.120 -0.0 0.0 0.0 0.0 0.0 0 0.0 0 0 0 0 0.0 24.2 15.6 0.065 77.0 0.005 0.0 0.0 0.0 16.6 -58.8 972.7
18.787 0.00000 359.99999 0.1 3.8 -3.2 282.3 999.0 999.000 999.0 -0.071 -0.120 -0.0 0.0 0.0 0.0 0.0 0 0.0 0 0 0 0 0.0 24.4 15.6 0.065 77.0 0.005 0.0 0.0 0.0 60.4 91.8 1025.0
19.178 0.00000 359.99999 0.1 -2.4 -2.3 281.4 999.0 999.000 999.0 -0.035 -0.032 0.0 0.0 0.0 0.0 0.0 0 0.0 0 0 0 0 0.0 24.4 15.6 0.065 77.0 0.005 0.0 0.0 0.0 41.5 -23.8 980.9
19.787 0.00000 359.99999 0.1 1.3 -3.4 282.9 999.0 999.000 999.0 -0.035 -0.032 0.0 0.0 0.0 0.0 0.0 0 0.0 0 0 0 0 0.0 24.4 15.6 0.065 77.0 0.005 0.0 0.0 0.0 66.3 22.6 1022.0
20.177 0.00000 359.99999 0.1 3.7 -3.0 282.9 999.0 999.000 999.0 0.071 -0.195 -0.1 0.0 0.0 0.0 0.0 0 0.0 0 0 0 0 0.0 24.4 15.6 0.065 77.0 0.005 0.0 0.0 0.0 53.4 35.7 995.6
20.788 0.00000 359.99999 0.1 -1.5 -3.0 283.4 999.0 999.000 999.0 0.071 -0.195 -0.1 0.0 0.0 0.0 0.0 0 0.0 0 0 0 0 0.0 24.2 15.5 0.065 77.0 0.005 0.0 0.0 0.0 38.0 32.4 972.3
21.196 0.00000 359.99999 0.1 1.9 -2.5 284.5 999.0 999.000 999.0 -0.138 -0.039 0.0 0.0 0.0 0.0 0.0 0 0.0 0 0 0 0 0.0 24.2 15.5 0.065 77.0 0.005 0.0 0.0 0.0 56.9 -8.0 1028.0
21.788 0.00000 359.99998 0.1 7.1 -2.3 285.7 999.0 999.000 999.0 -0.138 -0.039 0.0 0.0 0.0 0.0 0.0 0 0.0 0 0 0 0 0.0 24.2 15.6 0.065 77.0 0.005 0.0 0.0 0.0 24.4 134.7 983.6
22.179 0.00000 359.99998 0.1 4.2 -2.1 285.8 999.0 999.000 999.0 0.040 0.131 -0.0 0.0 0.0 0.0 0.0 0 0.0 0 0 0 0 0.0 24.2 15.6 0.065 77.0 0.005 0.0 0.0 0.0 26.0 93.5 971.9
22.787 0.00000 359.99998 0.1 1.5 -1.7 287.3 999.0 999.000 999.0 0.040 0.131 -0.0 0.0 0.0 0.0 0.0 0 0.0 0 0 0 0 0.0 24.2 15.6 0.065 77.0 0.005 0.0 0.0 0.0 22.0 -8.2 1007.0
23.178 0.00000 359.99998 0.0 1.4 -2.1 287.4 999.0 999.000 999.0 -0.268 0.006 -0.0 0.0 0.0 0.0 0.0 0 0.0 0 0 0 0 0.0 24.2 15.6 0.065 77.0 0.005 0.0 0.0 0.0 40.2 73.9 991.2
23.787 0.00000 359.99998 0.0 3.0 -1.4 287.4 999.0 999.000 999.0 -0.268 0.006 -0.0 0.0 0.0 0.0 0.0 0 0.0 0 0 0 0 0.0 24.4 15.6 0.065 77.0 0.005 0.0 0.0 0.0 32.0 -1.8 986.3
24.177 0.00000 359.99998 0.0 -2.5 -1.1 287.5 999.0 999.000 999.0 -0.128 0.016 0.0 0.0 0.0 0.0 0.0 0 0.0 0 0 0 0 0.0 24.4 15.6 0.065 77.0 0.005 0.0 0.0 0.0 11.5 -52.4 1006.0
24.789 0.00000 359.99998 0.0 -2.5 -0.8 289.3 999.0 999.000 999.0 -0.128 0.016 0.0 0.0 0.0 0.0 0.0 0 0.0 0 0 0 0 0.0 24.2 15.6 0.065 77.0 0.005 0.0 0.0 0.0 22.9 -63.7 986.6
25.179 0.00000 359.99998 0.0 -0.1 -3.0 289.2 999.0 999.000 999.0 -0.146 -0.098 -0.0 0.0 0.0 0.0 0.0 0 0.0 0 0 0 0 0.0 24.2 15.6 0.065 77.0 0.005 0.0 0.0 0.0 78.1 -77.0 987.8
25.786 0.00000 359.99998 0.0 -3.8 -3.7 290.5 999.0 999.000 999.0 -0.146 -0.098 -0.0 0.0 0.0 0.0 0.0 0 0.0 0 0 0 0 0.0 24.2 15.6 0.065 77.0 0.005 0.0 0.0 0.0 53.7 -93.7 1007.0
26.203 0.00000 359.99998 0.1 1.6 -3.2 292.3 999.0 999.000 999.0 -0.016 -0.023 -0.0 0.0 0.0 0.0 0.0 0 0.0 0 0 0 0 0.0 24.2 15.6 0.065 77.0 0.005 0.0 0.0 0.0 48.9 88.5 970.5
26.788 0.00000 359.99998 0.1 -2.2 -5.3 291.4 999.0 999.000 999.0 -0.016 -0.023 -0.0 0.0 0.0 0.0 0.0 0 0.0 0 0 0 0 0.0 24.2 15.6 0.065 77.0 0.005 0.0 0.0 0.0 107.4 -59.7 1005.0
27.177 0.00000 359.99998 0.1 -3.8 -2.7 289.6 999.0 999.000 999.0 -0.114 -0.098 0.0 0.0 0.0 0.0 0.0 0 0.0 0 0 0 0 0.0 24.2 15.6 0.065 77.0 0.005 0.0 0.0 0.0 49.9 -96.1 999.9
27.790 0.00001 359.99998 0.0 -3.6 -3.5 291.0 999.0 999.000 999.0 -0.114 -0.098 0.0 0.0 0.0 0.0 0.0 0 0.0 0 0 0 0 0.0 24.2 15.6 0.065 77.0 0.005 0.0 0.0 0.0 57.3 -47.6 988.5
28.177 0.00001 359.99998 0.0 0.6 -2.5 292.0 999.0 999.000 999.0 0.040 -0.205 -0.0 0.0 0.0 0.0 0.0 0 0.0 0 0 0 0 0.0 24.2 15.6 0.065 77.0 0.005 0.0 0.0 0.0 32.3 8.9 970.8
28.787 0.00001 359.99998 0.0 -0.2 -2.4 293.7 999.0 999.000 999.0 0.040 -0.205 -0.0 0.0 0.0 0.0 0.0 0 0.0 0 0 0 0 0.0 24.4 15.6 0.065 77.0 0.005 0.0 0.0 0.0 53.6 34.1 1044.0
29.181 0.00001 359.99997 0.1 6.1 -2.1 295.5 999.0 999.000 999.0 -0.071 -0.089 0.0 0.0 0.0 0.0 0.0 0 0.0 0 0 0 0 0.0 24.4 15.6 0.065 77.0 0.005 0.0 0.0 0.0 42.9 92.9 989.4
29.788 0.00001 359.99997 0.0 3.3 -2.7 295.3 999.0 999.000 999.0 -0.071 -0.089 0.0 0.0 0.0 0.0 0.0 0 0.0 0 0 0 0 0.0 24.2 15.6 0.065 77.0 0.005 0.0 0.0 0.0 52.6 49.2 1012.0
30.178 0.00001 359.99997 0.1 3.1 -1.7 296.6 999.0 999.000 999.0 -0.077 -0.075 -0.0 0.0 0.0 0.0 0.0 0 0.0 0 0 0 0 0.0 24.2 15.6 0.065 77.0 0.005 0.0 0.0 0.0 32.5 76.5 1005.0
30.790 0.00001 359.99997 0.0 5.6 -2.3 295.9 999.0 999.000 999.0 -0.077 -0.075 -0.0 0.0 0.0 0.0 0.0 0 0.0 0 0 0 0 0.0 24.2 15.5 0.065 77.0 0.005 0.0 0.0 0.0 40.9 87.3 989.2
31.203 0.00001 359.99997 0.1 1.6 -3.4 295.8 999.0 999.000 999.0 0.020 0.160 0.0 0.0 0.0 0.0 0.0 0 0.0 0 0 0 0 0.0 24.2 15.5 0.065 77.0 0.005 0.0 0.0 0.0 44.0 22.1 994.5
31.788 0.00001 359.99997 0.1 -4.6 -2.9 296.6 999.0 999.000 999.0 0.020 0.160 0.0 0.0 0.0 0.0 0.0 0 0.0 0 0 0 0 0.0 24.2 15.6 0.065 77.0 0.005 0.0 0.0 0.0 77.3 -88.8 1007.0
32.182 0.00001 359.99997 0.1 -1.9 -3.3 296.6 999.0 999.000 999.0 -0.103 0.109 0.0 0.0 0.0 0.0 0.0 0 0.0 0 0 0 0 0.0 24.2 15.6 0.065 77.0 0.005 0.0 0.0 0.0 50.4 4.0 1005.0
32.789 0.00001 359.99997 0.1 0.5 -3.4 296.2 999.0 999.000 999.0 -0.103 0.109 0.0 0.0 0.0 0.0 0.0 0 0.0 0 0 0 0 0.0 24.4 15.6 0.065 77.0 0.005 0.0 0.0 0.0 62.8 -5.3 985.4
33.179 0.00001 359.99997 0.1 3.0 -1.8 295.0 999.0 999.000 999.0 -0.298 -0.060 0.0 0.0 0.0 0.0 0.0 0 0.0 0 0 0 0 0.0 24.4 15.6 0.065 77.0 0.005 0.0 0.0 0.0 29.8 65.7 999.1
33.790 0.00001 359.99997 0.1 3.7 -3.5 296.7 999.0 999.000 999.0 -0.298 -0.060 0.0 0.0 0.0 0.0 0.0 0 0.0 0 0 0 0 0.0 24.2 15.6 0.065 77.0 0.005 0.0 0.0 0.0 68.7 32.5 992.2
34.180 0.00001 359.99997 0.1 3.0 -5.3 299.3 999.0 999.000 999.0 -0.107 -0.101 -0.1 0.0 0.0 0.0 0.0 0 0.0 0 0 0 0 0.0 24.2 15.6 0.065 77.0 0.005 0.0 0.0 0.0 117.1 43.7 981.0
34.789 0.00001 359.99997 0.1 -1.3 -8.1 300.5 999.0 999.000 999.0 -0.107 -0.101 -0.1 0.0 0.0 0.0 0.0 0 0.0 0 0 0 0 0.0 6270.8 15.6 0.065 77.0 0.005 0.0 0.0 0.0 182.9 -13.5 1001.0
35.182 0.00001 359.99997 0.2 -3.4 -9.9 300.7 999.0 999.000 999.0 -0.056 0.071 -0.1 0.0 0.0 0.0 0.0 0 0.0 0 0 0 0 0.0 24.2 15.6 0.065 77.0 0.005 0.0 0.0 0.0 172.1 -53.0 985.0
35.790 0.00001 359.99997 0.2 1.7 -10.6 300.4 999.0 999.000 999.0 -0.056 0.071 -0.1 0.0 0.0 0.0 0.0 0 0.0 0 0 0 0 0.0 24.2 15.6 0.065 77.0 0.005 0.0 0.0 0.0 160.9 33.8 979.1
36.206 0.00001 359.99997 0.3 3.4 -10.4 300.3 999.0 999.000 999.0 0.223 -0.024 -0.1 0.0 0.0 0.0 0.0 0 0.0 0 0 0 0 0.0 24.2 15.6 0.065 77.0 0.005 0.0 0.0 0.0 187.6 49.1 984.7
36.789 0.00001 359.99996 0.3 1.3 -12.9 298.7 999.0 999.000 999.0 0.223 -0.024 -0.1 0.0 0.0 0.0 0.0 0 0.0 0 0 0 0 0.0 24.4 15.6 0.065 77.0 0.005 0.0 0.0 0.0 230.1 26.5 983.1
37.179 0.00001 359.99996 0.3 0.5 -13.6 297.3 999.0 999.000 999.0 -0.024 -0.029 -0.1 0.0 0.0 0.0 0.0 0 0.0 0 0 0 0 0.0 24.4 15.6 0.065 77.0 0.005 0.0 0.0 0.0 264.0 -1.6 967.2
37.790 0.00001 359.99996 0.3 6.5 -13.9 295.7 999.0 999.000 999.0 -0.024 -0.029 -0.1 0.0 0.0 0.0 0.0 0 0.0 0 0 0 0 0.0 24.2 15.6 0.065 77.0 0.005 0.0 0.0 0.0 246.8 115.5 978.8
38.180 0.00001 359.99996 0.3 4.0 -13.3 294.8 999.0 999.000 999.0 0.014 -0.142 0.0 0.0 0.0 0.0 0.0 0 0.0 0 0 0 0 0.0 24.2 15.6 0.065 77.0 0.005 0.0 0.0 0.0 228.4 65.1 968.4
38.790 0.00001 359.99996 0.3 5.4 -11.6 293.7 999.0 999.000 999.0 0.014 -0.142 0.0 0.0 0.0 0.0 0.0 0 0.0 0 0 0 0 0.0 24.4 15.6 0.065 77.0 0.005 0.0 0.0 0.0 196.8 109.9 982.1
39.181 0.00001 359.99996 0.3 7.5 -9.6 293.5 999.0 999.000 999.0 0.096 -0.121 0.1 0.0 0.0 0.0 0.0 0 0.0 0 0 0 0 0.0 24.4 15.6 0.065 77.0 0.005 0.0 0.0 0.0 155.7 110.7 974.2
39.789 0.00001 359.99996 0.2 5.4 -6.9 293.9 999.0 999.000 999.0 0.096 -0.121 0.1 0.0 0.0 0.0 0.0 0 0.0 0 0 0 0 0.0 24.2 15.6 0.065 77.0 0.005 0.0 0.0 0.0 117.2 87.6 1002.0
40.179 0.00001 359.99996 0.2 2.8 -4.6 296.4 315.0 999.000 999.0 0.067 0.110 0.1 0.0 0.0 0.0 0.0 0 0.0 0 1 0 0 0.0 24.2 15.6 0.065 77.0 0.005 0.0 0.0 0.0 63.2 60.4 984.7
40.791 0.00001 359.99996 0.2 7.6 -2.3 298.3 315.0 999.000 999.0 0.067 0.110 0.1 0.0 0.0 0.0 0.0 0 0.0 0 1 0 0 0.0 24.2 15.6 0.065 77.0 0.005 0.0 0.0 0.0 35.6 141.0 1001.0
41.200 0.00001 359.99996 0.1 8.1 0.3 300.8 315.0 999.000 999.0 0.013 -0.123 0.1 0.0 0.0 0.0 0.0 0 0.0 0 1 0 0 0.0 24.2 15.6 0.065 77.0 0.005 0.0 0.0 0.0 -12.1 135.0 976.0
41.791 0.00001 359.99996 0.1 6.6 1.7 302.1 315.0 999.000 999.0 0.013 -0.123 0.1 0.0 0.0 0.0 0.0 0 0.0 0 1 0 0 0.0 24.4 15.6 0.065 77.0 0.005 0.0 0.0 0.0 -29.1 121.0 1000.0
42.182 0.00001 359.99996 0.1 6.9 2.9 304.9 315.0 999.000 999.0 -0.091 0.022 0.1 0.0 0.0 0.0 0.0 0 0.0 0 1 0 0 0.0 24.4 15.6 0.065 77.0 0.005 0.0 0.0 0.0 -68.3 130.1 966.8
42.789 0.00002 359.99996 0.1 4.8 1.9 306.0 315.0 999.000 999.0 -0.091 0.022 0.1 0.0 0.0 0.0 0.0 0 0.0 5 1 0 0 0.0 24.2 15.6 0.065 77.0 0.005 0.0 0.0 0.0 -22.9 82.9 988.9
43.180 0.00002 359.99996 0.1 6.6 -0.4 307.9 315.0 999.000 999.0 -0.058 -0.018 0.0 0.0 0.0 0.0 0.0 0 0.0 0 1 0 0 0.0 24.2 15.6 0.065 77.0 0.005 0.0 0.0 0.0 11.9 96.1 1005.0
43.792 0.00002 359.99996 0.1 1.0 -0.4 309.7 315.0 999.000 999.0 -0.058 -0.018 0.0 0.0 0.0 0.0 0.0 0 0.0 0 1 0 0 0.0 24.4 15.6 0.065 77.0 0.005 0.0 0.0 0.0 9.6 33.2 975.3
44.181 0.00002 359.99996 0.1 5.8 -1.3 311.0 315.0 999.000 999.0 0.007 0.018 -0.0 0.0 0.0 0.0 0.0 0 0.0 0 1 0 0 0.0 24.4 15.6 0.065 77.0 0.005 0.0 0.0 0.0 25.4 95.2 1017.0
44.790 0.00002 359.99996 0.1 6.0 -0.8 314.4 315.0 999.000 3.0 0.007 0.018 -0.0 0.0 0.0 0.0 0.0 0 0.0 5 1 1 0 0.0 24.2 15.6 0.065 77.0 0.005 0.0 0.0 0.0 3.0 113.9 978.8
45.182 0.00002 359.99996 0.1 5.0 1.1 315.8 315.0 999.000 3.0 -0.068 0.006 0.1 0.0 0.0 -2.9 -2.9 0 0.0 0 1 1 0 0.0 24.2 15.6 0.065 77.0 0.005 0.0 0.0 0.0 -12.3 54.4 998.5
45.790 0.00002 359.99996 0.1 6.8 1.3 318.4 315.0 999.000 3.0 -0.068 0.006 0.1 0.0 0.0 -2.9 -2.9 0 0.0 0 1 1 0 0.0 24.2 15.6 0.065 77.0 0.005 0.0 0.0 0.0 -26.0 136.1 1017.0
46.204 0.00002 359.99996 0.1 8.0 2.9 319.6 315.0 999.000 3.0 0.139 -0.057 -0.0 0.0 0.0 -2.9 -2.9 0 0.0 0 1 1 0 0.0 24.2 15.6 0.065 77.0 0.005 0.0 0.0 0.0 -64.1 144.3 976.3
46.792 0.00002 359.99996 0.1 6.7 3.2 321.8 315.0 999.000 3.0 0.139 -0.057 -0.0 0.0 0.0 -3.0 -2.9 0 0.0 0 1 1 0 0.0 24.2 15.6 0.065 77.0 0.005 0.0 0.0 0.0 -48.7 99.6 982.1
47.181 0.00002 359.99995 0.1 4.6 2.0 322.9 315.0 999.000 3.0 -0.092 0.136 0.0 0.0 0.0 -3.0 -2.9 0 0.0 0 1 1 0 0.0 24.2 15.6 0.065 77.0 0.005 0.0 0.0 0.0 -25.6 77.6 1008.0
47.790 0.00002 359.99995 0.1 6.1 1.0 324.8 315.0 999.000 3.0 -0.092 0.136 0.0 0.0 0.0 -2.9 -2.9 0 0.0 0 1 1 0 0.0 24.2 15.6 0.065 77.0 0.005 0.0 0.0 0.0 -21.8 110.2 1005.0
48.182 0.00002 359.99995 0.1 6.9 1.6 325.9 315.0 999.000 3.0 0.013 -0.050 0.0 0.0 0.0 -2.9 -2.9 0 0.0 0 1 1 0 0.0 24.2 15.6 0.065 77.0 0.005 0.0 0.0 0.0 -24.7 113.3 974.5
48.791 0.00002 359.99995 0.1 5.3 1.7 326.7 315.0 999.000 3.0 0.013 -0.050 0.0 0.0 0.0 -2.9 -2.9 0 0.0 0 1 1 0 0.0 24.2 15.6 0.065 77.0 0.005 0.0 0.0 0.0 -27.2 103.8 991.8
49.182 0.00002 359.99995 0.1 7.9 1.8 329.3 315.0 999.000 3.0 -0.041 -0.042 -0.0 0.0 0.0 -2.9 -2.9 0 0.0 0 1 1 0 0.0 24.2 15.6 0.065 77.0 0.005 0.0 0.0 0.0 -32.6 124.5 994.6
49.792 0.00002 359.99995 0.1 8.7 2.7 328.9 315.0 999.000 3.0 -0.041 -0.042 -0.0 0.0 0.0 -3.0 -2.9 0 0.0 0 1 1 0 0.0 24.2 15.6 0.065 77.0 0.005 0.0 0.0 0.0 -55.9 170.1 959.9
50.180 0.00002 359.99995 0.1 5.8 2.3 330.2 315.0 999.000 3.0 -0.042 -0.126 0.0 0.0 0.0 -3.0 -2.9 0 0.0 0 1 1 0 0.0 24.2 15.6 0.065 77.0 0.005 0.0 0.0 0.0 -15.9 101.7 1016.0
50.792 0.00002 359.99995 0.1 4.9 1.4 331.2 315.0 999.000 3.0 -0.042 -0.126 0.0 0.0 0.0 -3.0 -2.9 0 0.0 0 1 1 0 0.0 24.2 15.6 0.065 77.0 0.005 0.0 0.0 0.0 -27.4 89.1 1004.0
51.205 0.00002 359.99995 0.1 9.2 1.3 331.5 315.0 999.000 3.0 0.025 -0.088 0.0 0.0 0.0 -2.9 -2.9 0 0.0 5 1 1 0 0.0 24.2 15.6 0.065 77.0 0.005 0.0 0.0 0.0 -24.0 178.7 983.6
51.791 0.00002 359.99995 0.1 8.4 2.7 332.4 315.0 999.000 3.0 0.025 -0.088 0.0 0.0 0.0 -2.9 -2.9 0 0.0 0 1 1 0 0.0 24.2 15.6 0.065 77.0 0.005 0.0 0.0 0.0 -41.5 146.4 1000.0
52.183 0.00002 359.99995 0.1 6.4 2.0 333.7 315.0 999.000 3.0 -0.022 -0.195 0.0 0.0 0.0 -2.9 -2.9 0 0.0 0 1 1 0 0.0 24.2 15.6 0.065 77.0 0.005 0.0 0.0 0.0 -36.9 105.5 981.6
52.791 0.00002 359.99995 0.1 5.7 2.2 333.6 315.0 999.000 3.0 -0.022 -0.195 0.0 0.0 0.0 -3.0 -2.9 0 0.0 0 1 1 0 0.0 24.2 15.6 0.065 77.0 0.005 0.0 0.0 0.0 -43.9 94.4 987.6
53.180 0.00002 359.99995 0.1 6.8 0.3 335.0 315.0 999.000 3.0 0.089 0.039 0.0 0.0 0.0 -3.0 -2.9 0 0.0 0 1 1 0 0.0 24.2 15.6 0.065 77.0 0.005 0.0 0.0 0.0 -3.3 118.1 1012.0
53.793 0.00002 359.99995 0.1 7.2 1.4 334.9 315.0 999.000 3.0 0.089 0.039 0.0 0.0 0.0 -2.9 -2.9 0 0.0 0 1 1 0 0.0 24.2 15.6 0.065 77.0 0.005 0.0 0.0 0.0 -19.6 117.7 981.4
54.181 0.00002 359.99995 0.1 6.1 -0.1 334.6 315.0 999.000 3.0 -0.066 -0.080 -0.0 0.0 0.0 -2.9 -2.9 0 0.0 0 1 1 0 0.0 24.2 15.6 0.065 77.0 0.005 0.0 0.0 0.0 -1.4 105.5 992.8
54.790 0.00002 359.99995 0.1 6.5 0.7 335.2 315.0 999.000 3.0 -0.066 -0.080 -0.0 0.0 0.0 -2.9 -2.9 0 0.0 0 1 1 0 0.0 24.4 15.6 0.065 77.0 0.005 0.0 0.0 0.0 -21.8 110.9 1000.0
55.183 0.00003 359.99995 0.0 7.5 1.5 336.1 315.0 999.000 3.0 -0.111 0.123 0.0 0.0 0.0 -2.9 -2.9 0 0.0 0 1 1 0 0.0 24.4 15.6 0.065 77.0 0.005 0.0 0.0 0.0 -34.3 119.2 969.8
55.791 0.00003 359.99995 0.1 7.2 1.5 336.4 315.0 999.000 3.0 -0.111 0.123 0.0 0.0 0.0 -3.0 -2.9 0 0.0 0 1 1 0 0.0 24.2 15.6 0.065 77.0 0.005 0.0 0.0 0.0 -13.6 155.1 1004.0
56.201 0.00003 359.99995 0.1 5.4 -0.3 336.7 315.0 999.000 3.0 -0.109 0.008 -0.1 0.0 0.0 -2.9 -2.9 0 0.0 0 1 1 0 0.0 24.2 15.6 0.065 77.0 0.005 0.0 0.0 0.0 2.1 75.1 1008.0
56.806 0.00003 359.99995 0.1 5.8 0.6 336.8 315.0 999.000 3.0 -0.109 0.008 -0.1 0.0 0.0 -2.9 -2.9 0 0.0 0 1 1 0 0.0 24.2 15.6 0.065 77.0 0.005 0.0 0.0 0.0 -22.9 114.6 967.1
57.183 0.00003 359.99995 0.1 13.5 1.3 337.6 315.0 999.000 3.0 0.020 -0.037 0.1 0.0 0.0 -2.9 -2.9 12 11.7 7769 1 1 0 0.0 24.2 15.6 0.065 77.0 0.005 0.0 0.0 0.0 -82.7 302.1 993.3
57.804 0.00003 359.99995 0.1 31.0 1.3 338.2 999.0 999.000 999.0 0.020 -0.037 0.1 0.0 0.0 30.0 30.0 0 0.0 6604 0 0 0 0.0 24.2 15.6 0.065 77.0 0.005 0.0 0.0 0.0 -86.2 516.4 827.0
58.185 0.00003 359.99995 0.1 15.2 -0.4 338.7 999.0 999.000 999.0 -0.486 -0.029 0.0 0.0 0.0 30.0 30.0 0 0.0 0 0 0 0 0.0 24.2 15.6 0.065 77.0 0.005 0.0 0.0 0.0 21.0 164.4 1005.0
58.791 0.00003 359.99995 0.0 -4.3 1.3 339.7 999.0 999.000 999.0 -0.486 -0.029 0.0 0.0 0.0 30.0 30.0 0 0.0 0 0 0 0 0.0 24.2 15.5 0.065 77.0 0.005 0.0 0.0 0.0 -32.3 -78.8 973.7
59.182 0.00003 359.99995 0.0 1.4 4.2 341.7 999.0 999.000 999.0 -0.521 -0.060 0.0 0.0 0.0 30.0 30.0 0 0.0 0 0 0 0 0.0 24.2 15.5 0.065 77.0 0.005 0.0 0.0 0.0 -78.8 68.2 988.0
59.793 0.00004 359.99995 0.1 7.3 3.9 343.0 999.0 999.000 999.0 -0.521 -0.060 0.0 0.0 0.0 30.0 30.0 0 0.0 0 0 0 0 0.0 24.2 15.5 0.065 77.0 0.005 0.0 0.0 0.0 -63.2 118.2 997.4
60.182 0.00004 359.99995 0.1 5.0 4.9 344.6 999.0 999.000 999.0 -0.554 0.063 -0.1 0.0 0.0 30.0 30.0 0 0.0 0 0 0 0 0.0 24.2 15.5 0.065 77.0 0.005 0.0 0.0 0.0 -90.2 57.7 997.3
60.792 0.00004 359.99995 0.1 3.9 5.7 345.5 999.0 999.000 999.0 -0.554 0.063 -0.1 0.0 0.0 30.0 30.0 0 0.0 0 0 0 0 0.0 24.2 15.5 0.065 77.0 0.005 0.0 0.0 0.0 -92.2 81.8 1013.0
61.214 0.00004 359.99995 0.1 6.2 6.3 346.4 999.0 999.000 999.0 -0.405 -0.073 -0.1 0.0 0.0 30.0 30.0 0 0.0 0 0 0 0 0.0 24.2 15.5 0.065 77.0 0.005 0.0 0.0 0.0 -113.0 124.4 974.1
61.792 0.00004 359.99994 0.1 5.4 5.8 348.3 999.0 999.000 999.0 -0.405 -0.073 -0.1 0.0 0.0 30.0 30.0 0 0.0 0 0 0 0 0.0 24.2 15.5 0.065 77.0 0.005 0.0 0.0 0.0 -108.0 80.9 992.7
62.183 0.00005 359.99994 0.1 6.4 5.3 347.9 999.0 999.000 999.0 -0.387 0.076 -0.0 0.0 0.0 30.0 30.0 0 0.0 0 0 0 0 0.0 24.2 15.5 0.065 77.0 0.005 0.0 0.0 0.0 -85.1 124.1 990.3
62.794 0.00005 359.99994 0.1 7.7 4.5 349.3 999.0 999.000 999.0 -0.387 0.076 -0.0 0.0 0.0 30.0 30.0 0 0.0 0 0 0 0 0.0 24.2 15.5 0.065 77.0 0.005 0.0 0.0 0.0 -82.0 135.5 975.8
63.183 0.00005 359.99994 0.1 6.4 4.1 349.6 999.0 999.000 999.0 -0.194 0.127 -0.0 0.0 0.0 30.0 30.0 0 0.0 0 0 0 0 0.0 24.2 15.5 0.065 77.0 0.005 0.0 0.0 0.0 -62.6 116.7 1002.0
63.793 0.00005 359.99994 0.1 4.8 2.5 349.9 999.0 999.000 999.0 -0.194 0.127 -0.0 0.0 0.0 30.0 30.0 0 0.0 0 0 0 0 0.0 24.2 15.5 0.065 77.0 0.005 0.0 0.0 0.0 -57.2 66.5 991.3
64.184 0.00005 359.99994 0.1 6.2 2.3 350.1 999.0 999.000 999.0 -0.191 0.121 0.0 0.0 0.0 30.0 30.0 0 0.0 0 0 0 0 0.0 24.2 15.5 0.065 77.0 0.005 0.0 0.0 0.0 -33.0 132.3 989.6
64.792 0.00005 359.99994 0.1 6.6 0.4 350.2 999.0 999.000 999.0 -0.191 0.121 0.0 0.0 0.0 30.0 30.0 0 0.0 0 0 0 0 0.0 24.2 15.5 0.065 77.0 0.005 0.0 0.0 0.0 2.9 101.4 994.5
65.184 0.00005 359.99994 0.1 7.7 0.0 349.4 999.0 999.000 999.0 -0.257 -0.064 -0.0 0.0 0.0 30.0 30.0 0 0.0 0 0 0 0 0.0 24.2 15.5 0.065 77.0 0.005 0.0 0.0 0.0 -20.4 148.7 981.9
65.793 0.00005 359.99994 0.0 6.4 0.3 350.2 999.0 999.000 999.0 -0.257 -0.064 -0.0 0.0 0.0 30.0 30.0 0 0.0 0 0 0 0 0.0 24.2 15.5 0.065 77.0 0.005 0.0 0.0 0.0 -5.2 95.2 996.8
66.183 0.00006 359.99994 0.1 5.3 1.7 350.0 999.0 999.000 999.0 -0.241 -0.013 0.0 0.0 0.0 30.0 30.0 0 0.0 0 0 0 0 0.0 24.2 15.5 0.065 77.0 0.005 0.0 0.0 0.0 -24.6 117.7 976.5
66.794 0.00006 359.99994 0.1 7.4 0.0 350.5 999.0 999.000 999.0 -0.241 -0.013 0.0 0.0 0.0 30.0 30.0 0 0.0 0 0 0 0 0.0 24.2 15.5 0.065 77.0 0.005 0.0 0.0 0.0 -2.4 120.0 998.8
67.186 0.00006 359.99994 0.1 7.3 1.0 349.6 999.0 999.000 999.0 -0.200 -0.110 -0.1 0.0 0.0 30.0 30.0 0 0.0 0 0 0 0 0.0 24.2 15.5 0.065 77.0 0.005 0.0 0.0 0.0 -26.7 134.0 1009.0
67.791 0.00006 359.99994 0.1 6.4 2.9 350.4 999.0 999.000 999.0 -0.200 -0.110 -0.1 0.0 0.0 30.0 30.0 0 0.0 0 0 0 0 0.0 24.2 15.5 0.065 77.0 0.005 0.0 0.0 0.0 -46.1 116.0 980.3
68.185 0.00006 359.99994 0.1 5.0 3.3 350.8 999.0 999.000 999.0 -0.238 0.035 0.0 0.0 0.0 30.0 30.0 0 0.0 5 0 0 0 0.0 24.2 15.5 0.065 77.0 0.005 0.0 0.0 0.0 -64.1 75.7 974.5
68.806 0.00006 359.99994 0.1 5.4 1.3 351.7 999.0 999.000 999.0 -0.238 0.035 0.0 0.0 0.0 30.0 30.0 0 0.0 0 0 0 0 0.0 24.4 15.5 0.065 77.0 0.005 0.0 0.0 0.0 -12.5 97.2 1019.0
69.184 0.00006 359.99994 0.1 6.1 1.7 351.3 999.0 999.000 999.0 -0.251 -0.096 -0.1 0.0 0.0 0.0 0.0 0 0.0 5 0 0 0 0.0 24.4 15.5 0.065 77.0 0.005 0.0 0.0 0.0 -27.6 96.5 1003.0
69.795 0.00006 359.99994 0.1 6.8 0.9 351.0 999.0 999.000 999.0 -0.251 -0.096 -0.1 0.0 0.0 0.0 0.0 0 0.0 0 0 0 0 0.0 24.4 15.5 0.065 77.0 0.005 0.0 0.0 0.0 -7.6 130.8 995.4
70.185 0.00007 359.99994 0.1 6.1 1.3 352.1 999.0 999.000 999.0 -0.229 -0.155 0.0 0.0 0.0 0.0 0.0 0 0.0 0 0 0 0 0.0 24.4 15.5 0.065 77.0 0.005 0.0 0.0 0.0 -31.9 109.9 994.0
70.793 0.00007 359.99994 0.1 7.3 1.5 350.9 999.0 999.000 999.0 -0.229 -0.155 0.0 0.0 0.0 0.0 0.0 0 0.0 0 0 0 0 0.0 24.4 15.5 0.065 77.0 0.005 0.0 0.0 0.0 -15.4 140.7 995.2
71.202 0.00007 359.99994 0.0 6.4 1.0 351.7 999.0 999.000 999.0 -0.281 -0.015 0.0 0.0 0.0 0.0 0.0 0 0.0 0 0 0 0 0.0 24.4 15.5 0.065 77.0 0.005 0.0 0.0 0.0 -25.2 115.4 977.4
71.794 0.00007 359.99994 0.1 5.9 0.6 351.5 999.0 999.000 999.0 -0.281 -0.015 0.0 0.0 0.0 0.0 0.0 0 0.0 0 0 0 0 0.0 24.4 15.5 0.065 77.0 0.005 0.0 0.0 0.0 -5.5 109.0 997.3
72.183 0.00007 359.99994 0.1 7.4 -0.3 351.0 999.0 999.000 999.0 -0.198 0.005 -0.0 0.0 0.0 0.0 0.0 0 0.0 0 0 0 0 0.0 24.4 15.5 0.065 77.0 0.005 0.0 0.0 0.0 5.9 135.1 998.9
72.794 0.00007 359.99994 0.1 7.0 0.9 351.3 999.0 999.000 999.0 -0.198 0.005 -0.0 0.0 0.0 0.0 0.0 0 0.0 0 0 0 0 0.0 24.4 15.5 0.065 77.0 0.005 0.0 0.0 0.0 -25.5 125.9 984.8
73.184 0.00007 359.99994 0.0 6.3 1.5 351.0 999.0 999.000 999.0 -0.057 0.100 0.0 0.0 0.0 0.0 0.0 0 0.0 0 0 0 0 0.0 24.4 15.5 0.065 77.0 0.005 0.0 0.0 0.0 -20.5 120.4 1001.0
73.793 0.00007 359.99994 0.1 8.8 2.1 351.4 999.0 999.000 999.0 -0.057 0.100 0.0 0.0 0.0 0.0 0.0 0 0.0 0 0 0 0 0.0 24.4 15.6 0.065 77.0 0.005 0.0 0.0 0.0 -34.2 165.2 983.8
74.187 0.00007 359.99994 0.1 6.2 1.1 351.3 999.0 999.000 999.0 -0.244 -0.023 -0.0 0.0 0.0 0.0 0.0 0 0.0 0 0 0 0 0.0 24.4 15.6 0.065 77.0 0.005 0.0 0.0 0.0 -21.9 97.1 991.4
74.794 0.00007 359.99994 0.1 5.3 0.8 351.2 999.0 999.000 999.0 -0.244 -0.023 -0.0 0.0 0.0 0.0 0.0 0 0.0 0 0 0 0 0.0 24.4 15.5 0.065 77.0 0.005 0.0 0.0 0.0 -16.4 92.7 1010.0
75.197 0.00007 359.99994 0.1 7.8 1.6 350.9 999.0 999.000 999.0 -0.148 -0.095 0.0 0.0 0.0 0.0 0.0 0 0.0 0 0 0 0 0.0 24.4 15.5 0.065 77.0 0.005 0.0 0.0 0.0 -25.8 149.3 986.3
75.795 0.00008 359.99994 0.1 18.9 2.1 351.3 999.0 999.000 999.0 -0.148 -0.095 0.0 0.0 0.0 0.0 0.0 12 0.0 7799 0 0 0 0.0 24.4 15.5 0.065 77.0 0.005 0.0 0.0 0.0 -86.3 400.3 932.5
76.218 0.00008 359.99994 0.1 30.2 0.2 351.5 999.0 999.000 999.0 -0.205 -0.086 0.0 0.0 0.0 30.0 30.0 12 8.3 7954 0 0 0 0.0 24.4 15.5 0.065 77.0 0.005 0.0 0.0 0.0 -22.2 496.7 980.2
76.794 0.00008 359.99994 0.1 15.8 0.6 351.2 999.0 999.000 999.0 -0.205 -0.086 0.0 0.0 0.0 30.0 30.0 0 0.0 5 0 0 0 0.0 24.4 15.5 0.065 77.0 0.005 0.0 0.0 0.0 0.3 202.0 981.6
77.184 0.00008 359.99994 0.0 -2.0 1.9 352.2 999.0 999.000 999.0 -0.737 -0.072 -0.0 0.0 0.0 30.0 30.0 0 0.0 0 0 0 0 0.0 24.4 15.5 0.065 77.0 0.005 0.0 0.0 0.0 -27.8 -52.8 1019.0
77.794 0.00008 359.99994 0.1 4.3 4.4 353.2 999.0 999.000 999.0 -0.737 -0.072 -0.0 0.0 0.0 30.0 30.0 0 0.0 0 0 0 0 0.0 24.4 15.5 0.065 77.0 0.005 0.0 0.0 0.0 -91.1 103.7 957.3
78.185 0.00009 359.99994 0.1 7.9 5.5 352.8 999.0 999.000 999.0 -0.550 -0.122 -0.0 0.0 0.0 30.0 30.0 0 0.0 0 0 0 0 0.0 24.4 15.5 0.065 77.0 0.005 0.0 0.0 0.0 -92.8 119.3 1001.0
78.794 0.00009 359.99994 0.1 5.6 5.2 352.9 999.0 999.000 999.0 -0.550 -0.122 -0.0 0.0 0.0 30.0 30.0 0 0.0 0 0 0 0 0.0 24.4 15.5 0.065 77.0 0.005 0.0 0.0 0.0 -91.5 114.8 1001.0
79.183 0.00009 359.99994 0.1 7.1 7.2 353.9 999.0 999.000 999.0 -0.469 0.012 -0.1 0.0 0.0 30.0 30.0 0 0.0 0 0 0 0 0.0 24.4 15.5 0.065 77.0 0.005 0.0 0.0 0.0 -132.0 115.7 981.8
79.796 0.00009 359.99994 0.1 4.0 7.2 352.9 999.0 999.000 999.0 -0.469 0.012 -0.1 0.0 0.0 30.0 30.0 0 0.0 0 0 0 0 0.0 24.4 15.5 0.065 77.0 0.005 0.0 0.0 0.0 -129.0 59.3 997.0
80.185 0.00010 359.99994 0.1 4.4 6.8 353.6 999.0 999.000 999.0 -0.480 -0.012 -0.1 0.0 0.0 30.0 30.0 0 0.0 0 0 0 0 0.0 24.4 15.5 0.065 77.0 0.005 0.0 0.0 0.0 -114.0 90.6 990.5
80.793 0.00010 359.99994 0.1 6.6 6.3 353.4 999.0 999.000 999.0 -0.480 -0.012 -0.1 0.0 0.0 30.0 30.0 0 0.0 0 0 0 0 0.0 24.4 15.5 0.065 77.0 0.005 0.0 0.0 0.0 -117.0 98.9 976.6
81.206 0.00010 359.99994 0.1 8.8 3.6 351.8 999.0 999.000 999.0 -0.334 -0.064 -0.0 0.0 0.0 30.0 30.0 0 0.0 0 0 0 0 0.0 24.4 15.5 0.065 77.0 0.005 0.0 0.0 0.0 -48.7 171.8 1004.0
81.794 0.00010 359.99994 0.1 5.7 2.5 350.1 999.0 999.000 999.0 -0.334 -0.064 -0.0 0.0 0.0 30.0 30.0 0 0.0 0 0 0 0 0.0 24.4 15.5 0.065 77.0 0.005 0.0 0.0 0.0 -56.4 77.8 1006.0
82.184 0.00010 359.99994 0.1 5.0 3.0 350.3 999.0 999.000 999.0 -0.412 0.023 0.0 0.0 0.0 30.0 30.0 0 0.0 0 0 0 0 0.0 24.4 15.5 0.065 77.0 0.005 0.0 0.0 0.0 -44.5 95.2 982.9
82.796 0.00010 359.99994 0.1 5.6 2.4 348.5 999.0 999.000 999.0 -0.412 0.023 0.0 0.0 0.0 30.0 30.0 0 0.0 0 0 0 0 0.0 24.4 15.5 0.065 77.0 0.005 0.0 0.0 0.0 -64.2 102.0 993.7
83.185 0.00011 359.99994 0.1 9.0 2.8 349.0 999.0 999.000 999.0 -0.284 -0.093 0.0 0.0 0.0 30.0 30.0 0 0.0 0 0 0 0 0.0 24.4 15.5 0.065 77.0 0.005 0.0 0.0 0.0 -36.0 163.0 982.9
83.794 0.00011 359.99994 0.1 6.9 0.7 348.1 999.0 999.000 999.0 -0.284 -0.093 0.0 0.0 0.0 30.0 30.0 0 0.0 0 0 0 0 0.0 24.4 15.5 0.065 77.0 0.005 0.0 0.0 0.0 -7.1 115.2 1009.0
84.186 0.00011 359.99993 0.1 5.2 -0.6 348.6 999.0 999.000 999.0 -0.321 0.234 -0.0 0.0 0.0 30.0 30.0 0 0.0 0 0 0 0 0.0 24.4 15.5 0.065 77.0 0.005 0.0 0.0 0.0 -5.5 102.4 976.1
84.794 0.00011 359.99993 0.0 7.3 -1.5 348.9 999.0 999.000 999.0 -0.321 0.234 -0.0 0.0 0.0 30.0 30.0 0 0.0 0 0 0 0 0.0 24.4 15.5 0.065 77.0 0.005 0.0 0.0 0.0 26.7 100.3 1017.0
85.185 0.00011 359.99993 0.1 11.3 1.8 349.4 999.0 999.000 999.0 -0.293 0.180 0.0 0.0 0.0 30.0 30.0 0 0.0 0 0 0 0 0.0 24.4 15.5 0.065 77.0 0.005 0.0 0.0 0.0 -22.4 223.5 966.4
85.796 0.00011 359.99993 0.1 7.4 -0.3 350.5 999.0 999.000 999.0 -0.293 0.180 0.0 0.0 0.0 30.0 30.0 0 0.0 0 0 0 0 0.0 24.4 15.5 0.065 77.0 0.005 0.0 0.0 0.0 -6.5 88.5 1015.0
86.206 0.00011 359.99993 0.1 4.1 2.2 352.7 999.0 999.000 999.0 -0.297 0.058 -0.0 0.0 0.0 30.0 30.0 0 0.0 0 0 0 0 0.0 24.4 15.5 0.065 77.0 0.005 0.0 0.0 0.0 -36.3 91.5 1001.0
86.795 0.00012 359.99993 0.1 6.1 0.9 354.4 999.0 999.000 999.0 -0.297 0.058 -0.0 0.0 0.0 30.0 30.0 0 0.0 0 0 0 0 0.0 24.4 15.5 0.065 77.0 0.005 0.0 0.0 0.0 -7.9 108.3 1001.0
87.186 0.00012 359.99993 0.1 8.7 1.2 356.6 999.0 999.000 999.0 -0.254 -0.123 0.0 0.0 0.0 30.0 30.0 0 0.0 0 0 0 0 0.0 24.4 15.5 0.065 77.0 0.005 0.0 0.0 0.0 -35.3 169.1 981.3
87.795 0.00012 359.99993 0.0 7.3 1.3 357.5 999.0 999.000 999.0 -0.254 -0.123 0.0 0.0 0.0 30.0 30.0 0 0.0 0 0 0 0 0.0 24.4 15.5 0.065 77.0 0.005 0.0 0.0 0.0 -21.0 94.8 979.6
88.186 0.00012 359.99993 0.0 5.7 1.0 1.1 999.0 999.000 999.0 -0.021 -0.105 0.1 0.0 0.0 30.0 30.0 0 0.0 0 0 0 0 0.0 24.4 15.5 0.065 77.0 0.005 0.0 0.0 0.0 -9.0 96.9 1009.0
88.796 0.00012 359.99993 0.1 5.1 -0.4 1.9 999.0 999.000 999.0 -0.021 -0.105 0.1 0.0 0.0 30.0 30.0 0 0.0 0 0 0 0 0.0 24.4 15.5 0.065 77.0 0.005 0.0 0.0 0.0 3.1 73.2 993.2
89.185 0.00012 359.99993 0.1 8.4 0.1 4.2 999.0 999.000 999.0 -0.160 0.046 0.0 0.0 0.0 30.0 30.0 0 0.0 5 0 0 0 0.0 24.4 15.5 0.065 77.0 0.005 0.0 0.0 0.0 -6.6 171.5 995.9
89.796 0.00012 359.99993 0.1 7.0 1.1 6.0 999.0 999.000 999.0 -0.160 0.046 0.0 0.0 0.0 30.0 30.0 0 0.0 0 0 0 0 0.0 24.4 15.5 0.065 77.0 0.005 0.0 0.0 0.0 -21.9 103.3 989.3
90.187 0.00012 359.99993 0.0 5.3 0.9 6.8 999.0 999.000 999.0 -