7.046 0.00000 0.00000 0.0 6.1 1.2 63.1 999.0 999.000 999.0 nan nan nan 0.0 0.0 0.0 0.0 0 0.0 0 0 0 0 0.0 0.0 0.0 0.000 0.0 0.000 0.0 0.0 0.0 -9.0 94.9 1015.0
7.547 0.00000 0.00000 0.1 7.6 1.5 63.3 999.0 999.000 999.0 nan nan nan 0.0 0.0 0.0 0.0 0 0.0 0 0 0 0 0.0 24.2 15.5 0.065 77.0 0.005 0.0 0.0 0.0 -27.5 140.5 966.2
8.047 0.00000 0.00000 0.0 5.7 0.1 63.1 999.0 999.000 999.0 nan nan nan 0.0 0.0 0.0 0.0 0 0.0 0 0 0 0 0.0 24.2 15.5 0.065 77.0 0.005 0.0 0.0 0.0 -11.1 93.1 1011.0
8.546 0.00000 0.00000 0.1 5.9 1.7 63.4 999.0 999.000 999.0 nan nan nan 0.0 0.0 0.0 0.0 0 0.0 0 0 0 0 0.0 24.4 15.5 0.065 77.0 0.005 0.0 0.0 0.0 -17.5 85.4 987.8
8.948 0.00000 0.00000 0.1 7.3 0.8 63.6 999.0 999.000 999.0 -0.078 0.042 -0.0 0.0 0.0 0.0 0.0 0 0.0 0 0 0 0 0.0 24.4 15.5 0.065 77.0 0.005 0.0 0.0 0.0 -23.1 174.5 974.5
9.547 0.00000 0.00000 0.1 5.5 1.2 63.0 999.0 999.000 999.0 -0.078 0.042 -0.0 0.0 0.0 0.0 0.0 0 0.0 0 0 0 0 0.0 24.2 15.5 0.065 77.0 0.005 0.0 0.0 0.0 -17.0 62.5 1000.0
9.946 0.00000 0.00000 0.1 6.7 1.3 63.0 999.0 999.000 999.0 0.018 -0.083 0.0 0.0 0.0 0.0 0.0 0 0.0 0 0 0 0 0.0 24.2 15.5 0.065 77.0 0.005 0.0 0.0 0.0 -24.5 131.9 977.7
10.548 0.00000 0.00000 0.1 7.9 0.9 62.5 999.0 999.000 999.0 0.018 -0.083 0.0 0.0 0.0 0.0 0.0 0 0.0 0 0 0 0 0.0 24.4 15.5 0.065 77.0 0.005 0.0 0.0 0.0 -20.5 167.0 1003.0
10.947 0.00000 0.00000 0.1 5.6 1.9 62.4 999.0 999.000 999.0 -0.172 -0.031 0.0 0.0 0.0 0.0 0.0 0 0.0 0 0 0 0 0.0 24.4 15.5 0.065 77.0 0.005 0.0 0.0 0.0 -16.4 63.1 1001.0
11.545 0.00000 0.00000 0.1 5.0 1.1 63.5 999.0 999.000 999.0 -0.172 -0.031 0.0 0.0 0.0 0.0 0.0 0 0.0 0 0 0 0 0.0 24.4 15.5 0.065 77.0 0.005 0.0 0.0 0.0 -30.7 110.0 982.5
11.948 0.00000 0.00000 0.1 6.2 0.8 63.1 999.0 999.000 999.0 -0.013 -0.022 0.0 0.0 0.0 0.0 0.0 0 0.0 5 0 0 0 0.0 24.4 15.5 0.065 77.0 0.005 0.0 0.0 0.0 -13.5 114.7 985.0
12.546 0.00000 0.00000 0.1 7.5 0.6 63.0 999.0 999.000 999.0 -0.013 -0.022 0.0 0.0 0.0 0.0 0.0 0 0.0 0 0 0 0 0.0 24.2 15.5 0.065 77.0 0.005 0.0 0.0 0.0 -13.7 133.2 1006.0
12.946 0.00000 0.00000 0.1 7.5 1.5 63.1 999.0 999.000 999.0 0.023 -0.007 0.0 0.0 0.0 0.0 0.0 0 0.0 0 0 0 0 0.0 24.2 15.5 0.065 77.0 0.005 0.0 0.0 0.0 -23.6 126.7 986.4
13.549 0.00000 0.00000 0.0 5.4 1.0 62.5 999.0 999.000 999.0 0.023 -0.007 0.0 0.0 0.0 0.0 0.0 0 0.0 0 0 0 0 0.0 24.4 15.5 0.065 77.0 0.005 0.0 0.0 0.0 -19.1 84.7 984.3
13.947 0.00000 0.00000 0.0 5.9 0.4 62.4 999.0 999.000 999.0 -0.101 -0.004 -0.0 0.0 0.0 0.0 0.0 0 0.0 0 0 0 0 0.0 24.4 15.5 0.065 77.0 0.005 0.0 0.0 0.0 -5.3 110.9 1013.0
14.546 0.00000 0.00000 0.1 7.7 0.5 62.6 999.0 999.000 999.0 -0.101 -0.004 -0.0 0.0 0.0 0.0 0.0 0 0.0 0 0 0 0 0.0 24.4 15.5 0.065 77.0 0.005 0.0 0.0 0.0 -13.0 129.8 959.8
14.960 0.00000 0.00000 0.0 7.5 0.1 62.3 999.0 999.000 999.0 0.009 0.186 0.0 0.0 0.0 0.0 0.0 0 0.0 0 0 0 0 0.0 24.4 15.5 0.065 77.0 0.005 0.0 0.0 0.0 7.9 145.7 1023.0
15.558 0.00000 0.00001 0.0 4.2 0.5 62.6 999.0 999.000 999.0 0.009 0.186 0.0 0.0 0.0 0.0 0.0 0 0.0 0 0 0 0 0.0 24.4 15.5 0.065 77.0 0.005 0.0 0.0 0.0 -18.7 47.9 974.5
15.947 0.00000 0.00001 0.1 6.9 0.0 62.6 999.0 999.000 999.0 0.019 -0.020 -0.0 0.0 0.0 0.0 0.0 0 0.0 0 0 0 0 0.0 24.4 15.5 0.065 77.0 0.005 0.0 0.0 0.0 -7.9 132.4 990.4
16.558 0.00000 0.00001 0.1 8.7 1.5 62.5 999.0 999.000 999.0 0.019 -0.020 -0.0 0.0 0.0 0.0 0.0 0 0.0 0 0 0 0 0.0 24.4 15.5 0.065 77.0 0.005 0.0 0.0 0.0 -3.6 174.1 1008.0
16.948 0.00000 0.00001 0.1 5.4 1.0 62.2 999.0 999.000 999.0 -0.023 0.035 0.0 0.0 0.0 0.0 0.0 0 0.0 0 0 0 0 0.0 24.4 15.5 0.065 77.0 0.005 0.0 0.0 0.0 -38.1 68.6 980.6
17.557 0.00000 0.00001 0.0 4.7 1.0 62.1 999.0 999.000 999.0 -0.023 0.035 0.0 0.0 0.0 0.0 0.0 0 0.0 0 0 0 0 0.0 24.2 15.5 0.065 77.0 0.005 0.0 0.0 0.0 -13.6 86.1 1005.0
17.949 0.00000 0.00001 0.1 7.0 2.1 62.3 999.0 999.000 999.0 -0.142 -0.057 -0.0 0.0 0.0 0.0 0.0 0 0.0 0 0 0 0 0.0 24.2 15.5 0.065 77.0 0.005 0.0 0.0 0.0 -22.2 124.1 990.4
18.557 0.00000 0.00001 0.1 7.3 -0.2 63.5 999.0 999.000 999.0 -0.142 -0.057 -0.0 0.0 0.0 0.0 0.0 0 0.0 0 0 0 0 0.0 24.4 15.5 0.065 77.0 0.005 0.0 0.0 0.0 -0.2 142.7 988.1
18.948 0.00000 0.00001 0.0 4.1 0.4 62.8 80.0 999.000 999.0 -0.026 0.051 -0.0 0.0 0.0 0.0 0.0 0 0.0 0 1 0 0 0.0 24.4 15.5 0.065 77.0 0.005 0.0 0.0 0.0 -15.2 57.8 990.4
19.558 0.00000 0.00001 0.0 4.9 0.2 63.4 80.0 999.000 999.0 -0.026 0.051 -0.0 0.0 0.0 0.0 0.0 0 0.0 0 1 0 0 0.0 24.4 15.5 0.065 77.0 0.005 0.0 0.0 0.0 8.1 96.3 1010.0
19.973 0.00000 0.00001 0.1 8.4 -0.1 63.3 80.0 999.000 999.0 -0.081 -0.046 -0.0 0.0 0.0 0.0 0.0 0 0.0 5 1 0 0 0.0 24.4 15.5 0.065 77.0 0.005 0.0 0.0 0.0 -7.7 143.0 970.9
20.558 0.00000 0.00001 0.1 6.7 0.6 63.6 80.0 999.000 999.0 -0.081 -0.046 -0.0 0.0 0.0 0.0 0.0 0 0.0 5 1 0 0 0.0 24.4 15.5 0.065 77.0 0.005 0.0 0.0 0.0 -2.0 106.5 999.1
20.950 0.00000 0.00001 0.0 4.9 0.4 64.0 80.0 999.000 999.0 0.008 -0.063 0.0 0.0 0.0 0.0 0.0 0 0.0 0 1 0 0 0.0 24.4 15.5 0.065 77.0 0.005 0.0 0.0 0.0 -26.3 86.7 983.1
21.558 0.00000 0.00001 0.0 6.6 1.0 63.1 80.0 999.000 999.0 0.008 -0.063 0.0 0.0 0.0 0.0 0.0 0 0.0 0 1 0 0 0.0 24.4 15.6 0.065 77.0 0.005 0.0 0.0 0.0 -11.9 119.7 1011.0
21.950 0.00000 0.00001 0.1 9.0 1.4 63.2 80.0 999.000 3.0 -0.007 0.027 -0.0 0.0 0.0 0.0 0.0 0 0.0 0 1 1 0 0.0 24.4 15.6 0.065 77.0 0.005 0.0 0.0 0.0 -26.4 159.0 988.7
22.559 0.00000 0.00001 0.1 6.1 1.6 62.6 80.0 999.000 3.0 -0.007 0.027 -0.0 0.0 0.0 -29.4 -29.4 0 0.0 0 1 1 0 0.0 24.4 15.5 0.065 77.0 0.005 0.0 0.0 0.0 -20.8 94.7 1007.0
22.956 0.00001 0.00001 0.1 5.8 1.7 62.4 80.0 999.000 3.0 -0.005 -0.087 -0.0 0.0 0.0 -29.5 -29.5 0 0.0 0 1 1 0 0.0 24.4 15.5 0.065 77.0 0.005 0.0 0.0 0.0 -38.9 108.0 979.6
23.559 0.00001 0.00001 0.1 7.0 1.4 61.9 80.0 999.000 3.0 -0.005 -0.087 -0.0 0.0 0.0 -29.5 -29.5 0 0.0 0 1 1 0 0.0 24.4 15.6 0.065 77.0 0.005 0.0 0.0 0.0 -15.7 106.8 1006.0
23.949 0.00001 0.00001 0.1 7.0 1.5 62.7 80.0 999.000 3.0 -0.074 -0.063 -0.0 0.0 0.0 -29.5 -29.5 0 0.0 0 1 1 0 0.0 24.4 15.6 0.065 77.0 0.005 0.0 0.0 0.0 -23.4 143.2 987.2
24.556 0.00001 0.00001 0.0 4.0 0.2 61.8 80.0 999.000 3.0 -0.074 -0.063 -0.0 0.0 0.0 -29.4 -29.4 0 0.0 0 1 1 0 0.0 24.4 15.6 0.065 77.0 0.005 0.0 0.0 0.0 1.9 49.8 1012.0
24.983 0.00001 0.00001 0.0 7.4 0.8 62.1 80.0 999.000 3.0 -0.090 0.076 0.0 0.0 0.0 -29.5 -29.5 0 0.0 0 1 1 0 0.0 24.4 15.6 0.065 77.0 0.005 0.0 0.0 0.0 -18.0 127.7 966.5
25.560 0.00001 0.00001 0.1 19.3 -0.1 62.7 80.0 999.000 3.0 -0.090 0.076 0.0 0.0 0.0 -29.5 -29.5 12 0.0 8544 1 1 0 0.0 24.4 15.6 0.065 77.0 0.005 0.0 0.0 0.0 -37.8 493.6 871.8
25.947 0.00001 0.00001 0.1 23.1 -1.8 63.0 80.0 999.000 3.0 -0.178 -0.017 -0.0 0.0 0.0 -29.3 -29.3 12 0.0 9139 1 1 0 0.0 24.4 15.6 0.065 77.0 0.005 0.0 0.0 0.0 -21.2 244.3 846.1
26.560 0.00001 0.00001 0.1 2.3 -3.4 65.5 80.0 999.000 3.0 -0.178 -0.017 -0.0 0.0 0.0 -29.2 -29.2 12 8.4 10363 1 1 0 0.0 24.4 15.5 0.065 77.0 0.005 0.0 0.0 0.0 30.8 -8.3 999.9
26.949 0.00001 0.00002 0.1 1.8 -4.5 70.1 80.0 999.000 3.0 -0.567 -0.042 -0.0 0.0 0.0 -29.2 -29.2 12 0.0 10513 1 1 0 0.0 24.4 15.5 0.065 77.0 0.005 0.0 0.0 0.0 64.5 69.8 948.3
27.557 0.00001 0.00002 0.1 2.8 -5.6 74.2 80.0 999.000 3.0 -0.567 -0.042 -0.0 0.0 0.0 -29.0 -29.0 12 0.0 10458 1 1 0 0.0 24.4 15.5 0.065 77.0 0.005 0.0 0.0 0.0 49.2 7.8 770.9
27.950 0.00001 0.00002 0.2 0.9 -8.0 79.2 80.0 999.000 3.0 -0.751 0.076 0.0 0.0 0.0 -28.7 -28.7 12 0.0 10523 1 1 0 0.0 24.4 15.5 0.065 77.0 0.005 0.0 0.0 0.0 104.5 -4.4 840.0
28.560 0.00001 0.00003 0.2 0.8 -10.2 83.3 80.0 999.000 3.0 -0.751 0.076 0.0 0.0 0.0 -28.4 -28.4 12 0.0 10878 1 1 0 0.0 24.4 15.5 0.065 77.0 0.005 0.0 0.0 0.0 201.6 24.2 1036.0
28.948 0.00001 0.00003 0.3 2.0 -13.3 87.9 80.0 999.000 3.0 -0.823 -0.129 -0.0 0.0 0.0 -27.9 -27.9 12 0.0 10688 1 1 0 0.0 24.4 15.5 0.065 77.0 0.005 0.0 0.0 0.0 200.4 -4.9 822.2
29.560 0.00001 0.00003 0.4 0.3 -16.1 92.8 80.0 999.000 3.0 -0.823 -0.129 -0.0 0.0 0.0 -27.3 -27.3 12 0.0 10148 1 1 0 0.0 24.4 15.5 0.065 77.0 0.005 0.0 0.0 0.0 284.4 49.9 904.6
29.973 0.00001 0.00004 0.5 6.5 -22.3 96.7 80.0 999.000 3.0 -0.825 -0.108 0.0 0.0 0.0 -26.4 -26.4 12 0.0 10173 1 1 0 0.0 24.4 15.5 0.065 77.0 0.005 0.0 0.0 0.0 397.6 142.0 849.0
30.559 0.00001 0.00004 0.6 13.8 -28.6 100.7 80.0 999.000 3.0 -0.825 -0.108 0.0 0.0 0.0 -25.3 -25.3 12 0.0 9353 1 1 0 0.0 24.4 15.5 0.065 77.0 0.005 0.0 0.0 0.0 472.7 191.0 762.0
30.963 0.00001 0.00004 0.8 25.4 -35.2 100.2 999.0 999.000 999.0 -0.877 0.107 0.1 0.0 0.0 30.0 30.0 12 8.4 8014 0 0 0 0.0 24.4 15.5 0.065 77.0 0.005 0.0 0.0 0.0 563.1 338.3 672.5
31.560 0.00001 0.00005 1.0 22.9 -38.2 98.0 999.0 999.000 999.0 -0.877 0.107 0.1 0.0 0.0 30.0 30.0 0 0.0 0 0 0 0 0.0 24.4 15.5 0.065 77.0 0.005 0.0 0.0 0.0 657.6 294.4 727.9
31.949 0.00001 0.00005 1.2 12.1 -35.4 99.5 999.0 999.000 999.0 -0.959 0.039 0.1 0.0 0.0 30.0 30.0 0 0.0 5 0 0 0 0.0 24.4 15.5 0.065 77.0 0.005 0.0 0.0 0.0 597.5 146.4 811.3
32.560 0.00001 0.00006 1.3 4.0 -31.2 101.2 999.0 999.000 999.0 -0.959 0.039 0.1 0.0 0.0 30.0 30.0 0 0.0 0 0 0 0 0.0 24.4 15.5 0.065 77.0 0.005 0.0 0.0 0.0 520.7 56.3 866.9
32.950 0.00001 0.00006 1.4 3.5 -26.7 102.4 999.0 999.000 999.0 -0.543 0.058 0.1 0.0 0.0 30.0 30.0 0 0.0 0 0 0 0 0.0 24.4 15.5 0.065 77.0 0.005 0.0 0.0 0.0 450.1 61.1 905.5
33.559 0.00000 0.00006 1.5 4.3 -22.5 103.2 999.0 999.000 999.0 -0.543 0.058 0.1 0.0 0.0 30.0 30.0 0 0.0 0 0 0 0 0.0 24.4 15.5 0.065 77.0 0.005 0.0 0.0 0.0 374.6 74.2 935.5
33.951 0.00000 0.00006 1.5 4.4 -18.3 103.8 999.0 999.000 999.0 -0.461 -0.003 0.1 0.0 0.0 30.0 30.0 0 0.0 0 0 0 0 0.0 24.4 15.5 0.065 77.0 0.005 0.0 0.0 0.0 304.3 75.4 957.7
34.559 0.00000 0.00007 1.5 4.7 -14.6 104.2 999.0 999.000 999.0 -0.461 -0.003 0.1 0.0 0.0 30.0 30.0 0 0.0 0 0 0 0 0.0 24.4 15.5 0.065 77.0 0.005 0.0 0.0 0.0 239.6 83.3 970.9
34.974 0.00000 0.00007 1.5 5.1 -11.2 104.1 999.0 999.000 999.0 -0.455 0.037 0.1 0.0 0.0 30.0 30.0 0 0.0 0 0 0 0 0.0 24.4 15.5 0.065 77.0 0.005 0.0 0.0 0.0 185.5 88.8 984.6
35.559 0.00000 0.00007 1.6 4.9 -8.6 104.1 999.0 999.000 999.0 -0.455 0.037 0.1 0.0 0.0 30.0 30.0 0 0.0 0 0 0 0 0.0 24.4 15.5 0.065 77.0 0.005 0.0 0.0 0.0 143.6 85.3 987.8
35.950 0.00000 0.00007 1.5 4.8 -6.5 104.0 999.0 999.000 999.0 -0.278 0.028 0.1 0.0 0.0 30.0 30.0 0 0.0 0 0 0 0 0.0 24.4 15.5 0.065 77.0 0.005 0.0 0.0 0.0 108.3 85.9 994.1
36.560 0.00000 0.00007 1.5 5.2 -5.0 103.7 999.0 999.000 999.0 -0.278 0.028 0.1 0.0 0.0 30.0 30.0 0 0.0 0 0 0 0 0.0 24.4 15.5 0.065 77.0 0.005 0.0 0.0 0.0 83.2 88.5 995.8
36.951 0.00000 0.00007 1.5 4.9 -4.0 103.5 999.0 999.000 999.0 -0.397 0.043 0.1 0.0 0.0 30.0 30.0 0 0.0 0 0 0 0 0.0 24.4 15.5 0.065 77.0 0.005 0.0 0.0 0.0 67.2 83.8 996.9
37.560 0.00000 0.00008 1.5 5.1 -3.6 103.3 999.0 999.000 999.0 -0.397 0.043 0.1 0.0 0.0 30.0 30.0 0 0.0 0 0 0 0 0.0 24.4 15.5 0.065 77.0 0.005 0.0 0.0 0.0 63.7 88.2 994.7
37.951 0.00000 0.00008 1.5 5.3 -3.8 103.1 999.0 999.000 999.0 -0.423 -0.050 0.1 0.0 0.0 30.0 30.0 0 0.0 0 0 0 0 0.0 24.4 15.5 0.065 77.0 0.005 0.0 0.0 0.0 68.1 93.6 997.6
38.560 0.00000 0.00008 1.4 5.2 -4.4 102.9 999.0 999.000 999.0 -0.423 -0.050 0.1 0.0 0.0 30.0 30.0 0 0.0 0 0 0 0 0.0 24.4 15.5 0.065 77.0 0.005 0.0 0.0 0.0 81.5 88.7 993.5
38.949 -0.00000 0.00008 1.4 4.8 -5.5 102.7 999.0 999.000 999.0 -0.272 0.048 0.1 0.0 0.0 30.0 30.0 0 0.0 0 0 0 0 0.0 24.4 15.5 0.065 77.0 0.005 0.0 0.0 0.0 98.7 82.8 993.3
39.561 -0.00000 0.00008 1.4 4.7 -6.8 102.5 999.0 999.000 999.0 -0.272 0.048 0.1 0.0 0.0 30.0 30.0 0 0.0 0 0 0 0 0.0 24.4 15.5 0.065 77.0 0.005 0.0 0.0 0.0 122.0 83.7 991.3
39.966 -0.00000 0.00008 1.4 4.7 -8.2 102.4 999.0 999.000 999.0 -0.229 0.053 0.1 0.0 0.0 30.0 30.0 0 0.0 0 0 0 0 0.0 24.4 15.5 0.065 77.0 0.005 0.0 0.0 0.0 148.0 82.9 986.7
40.559 -0.00000 0.00008 1.3 5.0 -9.7 102.2 999.0 999.000 999.0 -0.229 0.053 0.1 0.0 0.0 30.0 30.0 0 0.0 0 0 0 0 0.0 24.4 15.5 0.065 77.0 0.005 0.0 0.0 0.0 172.8 87.9 981.0
40.952 -0.00000 0.00008 1.3 5.3 -11.1 102.0 999.0 999.000 999.0 -0.120 -0.012 0.1 0.0 0.0 30.0 30.0 0 0.0 0 0 0 0 0.0 24.4 15.5 0.065 77.0 0.005 0.0 0.0 0.0 195.6 93.9 977.9
41.560 -0.00000 0.00009 1.3 5.4 -12.5 102.0 999.0 999.000 999.0 -0.120 -0.012 0.1 0.0 0.0 30.0 30.0 0 0.0 0 0 0 0 0.0 24.4 15.5 0.065 77.0 0.005 0.0 0.0 0.0 219.9 91.8 972.1
41.950 -0.00000 0.00009 1.2 5.2 -14.0 102.1 999.0 999.000 999.0 -0.115 -0.024 0.1 0.0 0.0 30.0 30.0 0 0.0 0 0 0 0 0.0 24.4 15.5 0.065 77.0 0.005 0.0 0.0 0.0 244.2 89.6 964.2
42.562 -0.00000 0.00009 1.2 5.0 -15.4 102.1 999.0 999.000 999.0 -0.115 -0.024 0.1 0.0 0.0 30.0 30.0 0 0.0 0 0 0 0 0.0 24.4 15.5 0.065 77.0 0.005 0.0 0.0 0.0 268.9 83.1 961.5
42.951 -0.00000 0.00009 1.1 5.2 -16.7 102.4 999.0 999.000 999.0 -0.190 0.084 0.1 0.0 0.0 30.0 30.0 0 0.0 0 0 0 0 0.0 24.4 15.5 0.065 77.0 0.005 0.0 0.0 0.0 295.4 87.0 955.1
43.560 -0.00000 0.00009 1.1 5.2 -18.3 102.9 999.0 999.000 999.0 -0.190 0.084 0.1 0.0 0.0 30.0 30.0 0 0.0 0 0 0 0 0.0 24.4 15.5 0.065 77.0 0.005 0.0 0.0 0.0 317.6 87.7 942.5
43.952 -0.00000 0.00009 1.1 4.9 -19.6 103.3 999.0 999.000 999.0 -0.056 -0.116 0.1 0.0 0.0 30.0 30.0 0 0.0 0 0 0 0 0.0 24.4 15.5 0.065 77.0 0.005 0.0 0.0 0.0 337.9 80.8 939.0
44.560 -0.00000 0.00009 1.0 5.2 -20.6 103.6 999.0 999.000 999.0 -0.056 -0.116 0.1 0.0 0.0 30.0 30.0 0 0.0 0 0 0 0 0.0 24.4 15.5 0.065 77.0 0.005 0.0 0.0 0.0 358.4 88.9 934.8
44.971 -0.00000 0.00009 1.0 4.8 -21.9 104.2 999.0 999.000 999.0 -0.113 -0.109 0.1 0.0 0.0 30.0 30.0 0 0.0 0 0 0 0 0.0 24.4 15.5 0.065 77.0 0.005 0.0 0.0 0.0 375.5 72.6 923.7
45.562 -0.00000 0.00009 0.9 5.4 -22.8 104.5 999.0 999.000 999.0 -0.113 -0.109 0.1 0.0 0.0 30.0 30.0 0 0.0 0 0 0 0 0.0 24.4 15.5 0.065 77.0 0.005 0.0 0.0 0.0 387.9 94.4 918.8
45.952 -0.00000 0.00009 0.8 5.7 -23.2 104.3 999.0 999.000 999.0 0.103 0.076 0.1 0.0 0.0 30.0 30.0 0 0.0 0 0 0 0 0.0 24.4 15.5 0.065 77.0 0.005 0.0 0.0 0.0 399.3 90.6 916.6
46.561 -0.00000 0.00009 0.8 3.9 -24.0 104.7 999.0 999.000 999.0 0.103 0.076 0.1 0.0 0.0 30.0 30.0 0 0.0 0 0 0 0 0.0 24.4 15.5 0.065 77.0 0.005 0.0 0.0 0.0 406.4 58.3 913.6
46.953 -0.00000 0.00009 0.7 5.2 -24.2 104.8 999.0 999.000 999.0 0.093 0.012 0.2 0.0 0.0 30.0 30.0 0 0.0 0 0 0 0 0.0 24.4 15.5 0.065 77.0 0.005 0.0 0.0 0.0 413.4 89.3 904.6
47.562 -0.00000 0.00010 0.6 6.2 -24.3 104.2 999.0 999.000 999.0 0.093 0.012 0.2 0.0 0.0 30.0 30.0 0 0.0 0 0 0 0 0.0 24.4 15.5 0.065 77.0 0.005 0.0 0.0 0.0 410.7 95.8 910.5
47.952 -0.00000 0.00010 0.5 3.6 -24.0 104.0 999.0 999.000 999.0 0.071 -0.091 0.1 0.0 0.0 30.0 30.0 0 0.0 0 0 0 0 0.0 24.4 15.5 0.065 77.0 0.005 0.0 0.0 0.0 400.3 56.7 914.9
48.561 -0.00000 0.00010 0.4 5.2 -22.1 103.9 999.0 999.000 999.0 0.071 -0.091 0.1 0.0 0.0 30.0 30.0 0 0.0 0 0 0 0 0.0 24.4 15.5 0.065 77.0 0.005 0.0 0.0 0.0 370.6 83.0 920.8
48.951 -0.00000 0.00010 0.4 6.9 -18.7 103.5 999.0 999.000 999.0 0.094 -0.047 0.1 0.0 0.0 30.0 30.0 0 0.0 0 0 0 0 0.0 24.4 15.5 0.065 77.0 0.005 0.0 0.0 0.0 297.2 112.5 936.6
49.562 -0.00000 0.00010 0.3 6.6 -12.0 103.1 999.0 999.000 999.0 0.094 -0.047 0.1 0.0 0.0 30.0 30.0 0 0.0 0 0 0 0 0.0 24.4 15.5 0.065 77.0 0.005 0.0 0.0 0.0 190.4 120.8 980.5
49.967 -0.00000 0.00010 0.2 4.8 -6.1 103.7 999.0 999.000 999.0 0.018 -0.044 0.2 0.0 0.0 30.0 30.0 0 0.0 0 0 0 0 0.0 24.4 15.5 0.065 77.0 0.005 0.0 0.0 0.0 94.5 71.6 990.4
50.562 -0.00000 0.00010 0.2 7.0 -1.2 104.1 999.0 999.000 999.0 0.018 -0.044 0.2 0.0 0.0 30.0 30.0 0 0.0 0 0 0 0 0.0 24.4 15.5 0.065 77.0 0.005 0.0 0.0 0.0 13.6 122.2 982.9
50.952 -0.00001 0.00010 0.1 5.7 1.1 104.9 999.0 999.000 999.0 0.161 -0.016 0.2 0.0 0.0 30.0 30.0 0 0.0 0 0 0 0 0.0 24.4 15.5 0.065 77.0 0.005 0.0 0.0 0.0 -28.8 83.3 994.6
51.561 -0.00001 0.00010 0.1 4.9 3.8 105.1 999.0 999.000 999.0 0.161 -0.016 0.2 0.0 0.0 30.0 30.0 0 0.0 0 0 0 0 0.0 24.4 15.5 0.065 77.0 0.005 0.0 0.0 0.0 -68.8 81.8 991.5
51.951 -0.00001 0.00010 0.1 5.6 3.7 106.4 999.0 999.000 999.0 0.002 -0.028 0.0 0.0 0.0 30.0 30.0 0 0.0 0 0 0 0 0.0 24.4 15.5 0.065 77.0 0.005 0.0 0.0 0.0 -65.8 118.0 979.3
52.563 -0.00001 0.00010 0.1 7.2 2.4 106.4 999.0 999.000 999.0 0.002 -0.028 0.0 0.0 0.0 30.0 30.0 0 0.0 0 0 0 0 0.0 24.4 15.5 0.065 77.0 0.005 0.0 0.0 0.0 -29.2 127.6 983.8
52.952 -0.00001 0.00010 0.1 7.1 -0.5 107.4 999.0 999.000 999.0 0.002 0.004 0.0 0.0 0.0 30.0 30.0 0 0.0 0 0 0 0 0.0 24.4 15.5 0.065 77.0 0.005 0.0 0.0 0.0 20.7 128.4 1010.0
53.560 -0.00001 0.00010 0.1 4.7 -2.1 108.6 999.0 999.000 999.0 0.002 0.004 0.0 0.0 0.0 30.0 30.0 0 0.0 0 0 0 0 0.0 24.4 15.5 0.065 77.0 0.005 0.0 0.0 0.0 30.3 49.5 975.2
53.953 -0.00001 0.00010 0.1 6.4 -1.3 108.6 999.0 999.000 999.0 -0.020 -0.107 -0.0 0.0 0.0 30.0 30.0 0 0.0 0 0 0 0 0.0 24.4 15.5 0.065 77.0 0.005 0.0 0.0 0.0 19.5 158.3 980.2
54.561 -0.00001 0.00010 0.1 6.3 -1.0 109.2 999.0 999.000 999.0 -0.020 -0.107 -0.0 0.0 0.0 30.0 30.0 0 0.0 0 0 0 0 0.0 24.4 15.5 0.065 77.0 0.0