6.909 0.00000 0.00000 0.0 1.9 2.2 249.2 999.0 999.000 999.0 nan nan nan 0.0 0.0 0.0 0.0 0 0.0 0 0 0 0 0.0 0.0 0.0 0.000 0.0 0.000 0.0 0.0 0.0 -22.5 -19.6 1049.0
7.410 0.00000 0.00000 0.1 5.5 2.4 249.3 999.0 999.000 999.0 nan nan nan 0.0 0.0 0.0 0.0 0 0.0 0 0 0 0 0.0 24.1 15.5 0.065 76.0 0.005 0.0 0.0 0.0 -19.4 136.9 1023.0
7.909 0.00000 0.00000 0.0 3.7 1.6 248.6 999.0 999.000 999.0 nan nan nan 0.0 0.0 0.0 0.0 0 0.0 5 0 0 0 0.0 24.1 15.5 0.065 76.0 0.005 0.0 0.0 0.0 -37.4 55.3 959.7
8.408 0.00000 0.00000 0.0 3.0 2.7 249.8 999.0 999.000 999.0 nan nan nan 0.0 0.0 0.0 0.0 0 0.0 0 0 0 0 0.0 24.1 15.5 0.065 76.0 0.005 0.0 0.0 0.0 -30.8 38.4 1010.0
8.811 -0.00000 360.00000 0.1 4.2 0.6 248.0 999.0 999.000 999.0 0.116 0.108 0.0 0.0 0.0 0.0 0.0 0 0.0 0 0 0 0 0.0 24.1 15.5 0.065 76.0 0.005 0.0 0.0 0.0 -3.4 101.2 1002.0
9.410 -0.00000 360.00000 0.0 2.3 1.3 248.6 999.0 999.000 999.0 0.116 0.108 0.0 0.0 0.0 0.0 0.0 0 0.0 0 0 0 0 0.0 24.1 15.5 0.065 76.0 0.005 0.0 0.0 0.0 -39.2 -4.5 955.1
9.809 -0.00000 360.00000 0.0 5.7 1.4 247.5 999.0 999.000 999.0 -0.048 0.052 0.0 0.0 0.0 0.0 0.0 0 0.0 0 0 0 0 0.0 24.1 15.5 0.065 76.0 0.005 0.0 0.0 0.0 -5.0 144.2 1028.0
10.411 -0.00000 360.00000 0.0 3.4 1.1 247.2 999.0 999.000 999.0 -0.048 0.052 0.0 0.0 0.0 0.0 0.0 0 0.0 0 0 0 0 0.0 24.1 15.5 0.065 76.0 0.005 0.0 0.0 0.0 -35.4 32.0 940.9
10.822 -0.00000 360.00000 0.0 4.3 2.4 247.2 999.0 999.000 999.0 0.093 0.093 0.0 0.0 0.0 0.0 0.0 0 0.0 0 0 0 0 0.0 24.1 15.5 0.065 76.0 0.005 0.0 0.0 0.0 -23.1 65.2 1048.0
11.409 -0.00000 360.00000 0.1 6.1 1.3 247.1 999.0 999.000 999.0 0.093 0.093 0.0 0.0 0.0 0.0 0.0 0 0.0 0 0 0 0 0.0 24.1 15.5 0.065 76.0 0.005 0.0 0.0 0.0 -32.0 143.2 950.7
11.812 -0.00000 360.00000 0.0 1.3 2.9 245.4 999.0 999.000 999.0 -0.075 -0.124 0.1 0.0 0.0 0.0 0.0 0 0.0 0 0 0 0 0.0 24.1 15.5 0.065 76.0 0.005 0.0 0.0 0.0 -47.9 -41.2 998.1
12.410 -0.00000 360.00000 0.0 3.1 2.3 247.1 999.0 999.000 999.0 -0.075 -0.124 0.1 0.0 0.0 0.0 0.0 0 0.0 0 0 0 0 0.0 24.1 15.5 0.065 76.0 0.005 0.0 0.0 0.0 -40.0 101.4 1012.0
12.809 -0.00000 360.00000 0.1 5.5 2.5 245.4 999.0 999.000 999.0 -0.007 -0.036 -0.1 0.0 0.0 0.0 0.0 0 0.0 0 0 0 0 0.0 24.1 15.5 0.065 76.0 0.005 0.0 0.0 0.0 -36.3 78.8 1002.0
13.411 -0.00000 359.99999 0.0 2.2 3.4 246.1 999.0 999.000 999.0 -0.007 -0.036 -0.1 0.0 0.0 0.0 0.0 0 0.0 5 0 0 0 0.0 24.1 15.5 0.065 76.0 0.005 0.0 0.0 0.0 -63.4 46.1 970.9
13.809 -0.00000 359.99999 0.0 3.3 2.7 245.3 999.0 999.000 999.0 -0.085 0.034 0.0 0.0 0.0 0.0 0.0 0 0.0 0 0 0 0 0.0 24.1 15.5 0.065 76.0 0.005 0.0 0.0 0.0 -35.5 58.9 1035.0
14.409 -0.00000 359.99999 0.0 4.3 1.9 245.4 999.0 999.000 999.0 -0.085 0.034 0.0 0.0 0.0 0.0 0.0 0 0.0 0 0 0 0 0.0 24.1 15.5 0.065 76.0 0.005 0.0 0.0 0.0 -35.7 91.0 1005.0
14.811 -0.00000 359.99999 0.0 3.8 3.5 244.2 230.0 999.000 999.0 -0.023 0.196 0.0 0.0 0.0 0.0 0.0 0 0.0 0 1 0 0 0.0 24.1 15.5 0.065 76.0 0.005 0.0 0.0 0.0 -62.0 54.3 961.1
15.421 -0.00000 359.99999 0.0 6.0 0.1 244.5 230.0 999.000 999.0 -0.023 0.196 0.0 0.0 0.0 0.0 0.0 0 0.0 0 1 0 0 0.0 24.1 15.5 0.065 76.0 0.005 0.0 0.0 0.0 6.1 133.9 1030.0
15.830 -0.00000 359.99999 0.0 2.4 0.8 242.6 230.0 999.000 999.0 0.038 -0.006 0.0 0.0 0.0 0.0 0.0 0 0.0 5 1 0 0 0.0 24.1 15.5 0.065 76.0 0.005 0.0 0.0 0.0 -10.0 8.7 981.2
16.420 -0.00000 359.99999 0.0 3.5 0.5 242.2 230.0 999.000 999.0 0.038 -0.006 0.0 0.0 0.0 0.0 0.0 0 0.0 0 1 0 0 0.0 24.1 15.5 0.065 76.0 0.005 0.0 0.0 0.0 -10.0 52.1 1028.0
16.810 -0.00000 359.99999 0.0 3.2 1.8 242.4 230.0 999.000 999.0 0.075 0.019 0.0 0.0 0.0 0.0 0.0 0 0.0 0 1 0 0 0.0 24.1 15.5 0.065 76.0 0.005 0.0 0.0 0.0 -33.6 97.4 962.5
17.420 -0.00000 359.99999 0.0 3.0 2.0 240.3 230.0 999.000 999.0 0.075 0.019 0.0 0.0 0.0 0.0 0.0 0 0.0 0 1 0 0 0.0 24.1 15.5 0.065 76.0 0.005 0.0 0.0 0.0 -38.1 24.6 1009.0
17.810 -0.00000 359.99999 0.0 4.5 2.9 241.0 230.0 999.000 999.0 -0.044 -0.010 -0.0 0.0 0.0 0.0 0.0 0 0.0 0 1 0 0 0.0 24.1 15.5 0.065 76.0 0.005 0.0 0.0 0.0 -47.2 123.1 992.6
18.418 -0.00000 359.99999 0.0 2.2 2.7 240.0 230.0 999.000 999.0 -0.044 -0.010 -0.0 0.0 0.0 0.0 0.0 0 0.0 0 1 0 0 0.0 24.1 15.5 0.065 76.0 0.005 0.0 0.0 0.0 -53.6 32.8 972.2
18.811 -0.00000 359.99999 0.0 2.8 3.3 239.3 230.0 999.000 999.0 -0.054 -0.016 0.0 0.0 0.0 0.0 0.0 0 0.0 0 1 0 0 0.0 24.1 15.5 0.065 76.0 0.005 0.0 0.0 0.0 -54.7 45.6 1018.0
19.422 -0.00000 359.99999 0.0 4.8 2.9 238.8 230.0 999.000 999.0 -0.054 -0.016 0.0 0.0 0.0 0.0 0.0 0 0.0 0 1 0 0 0.0 24.1 15.5 0.065 76.0 0.005 0.0 0.0 0.0 -55.7 104.1 985.8
19.811 -0.00000 359.99999 0.0 3.1 2.6 239.0 230.0 999.000 999.0 -0.008 -0.081 0.0 0.0 0.0 0.0 0.0 0 0.0 0 1 0 0 0.0 24.1 15.5 0.065 76.0 0.005 0.0 0.0 0.0 -44.7 52.7 985.3
20.421 -0.00000 359.99999 0.0 2.4 1.8 237.0 230.0 999.000 999.0 -0.008 -0.081 0.0 0.0 0.0 0.0 0.0 0 0.0 0 1 0 0 0.0 24.1 15.5 0.065 76.0 0.005 0.0 0.0 0.0 -25.8 34.3 1010.0
20.836 -0.00000 359.99999 0.0 4.8 1.3 237.0 230.0 999.000 999.0 -0.011 -0.009 0.0 0.0 0.0 0.0 0.0 0 0.0 0 1 0 0 0.0 24.1 15.5 0.065 76.0 0.005 0.0 0.0 0.0 -13.6 94.7 1018.0
21.419 -0.00000 359.99999 0.1 4.8 1.3 236.1 230.0 999.000 999.0 -0.011 -0.009 0.0 0.0 0.0 0.0 0.0 0 0.0 0 1 0 0 0.0 24.1 15.5 0.065 76.0 0.005 0.0 0.0 0.0 -19.4 76.9 972.8
21.812 -0.00001 359.99999 0.0 5.8 0.0 234.2 230.0 999.000 999.0 -0.163 0.106 0.0 0.0 0.0 0.0 0.0 0 0.0 0 1 0 0 0.0 24.1 15.5 0.065 76.0 0.005 0.0 0.0 0.0 -6.2 96.9 1007.0
22.420 -0.00001 359.99999 0.0 5.4 2.0 234.5 230.0 999.000 999.0 -0.163 0.106 0.0 0.0 0.0 0.0 0.0 0 0.0 0 1 0 0 0.0 24.1 15.5 0.065 76.0 0.005 0.0 0.0 0.0 -39.0 85.0 976.1
22.810 -0.00001 359.99999 0.0 2.1 1.3 233.3 230.0 999.000 999.0 0.070 0.108 0.0 0.0 0.0 0.0 0.0 0 0.0 0 1 0 0 0.0 24.1 15.5 0.065 76.0 0.005 0.0 0.0 0.0 -17.3 27.7 1015.0
23.422 -0.00001 359.99999 0.0 2.7 2.6 233.4 230.0 999.000 999.0 0.070 0.108 0.0 0.0 0.0 0.0 0.0 0 0.0 0 1 0 0 0.0 24.1 15.5 0.065 76.0 0.005 0.0 0.0 0.0 -44.6 59.9 983.6
23.812 -0.00001 359.99999 0.0 4.0 1.5 231.8 230.0 999.000 999.0 0.023 -0.146 0.0 0.0 0.0 0.0 0.0 0 0.0 0 1 0 0 0.0 24.1 15.5 0.065 76.0 0.005 0.0 0.0 0.0 -22.6 60.3 1022.0
24.420 -0.00001 359.99999 0.0 4.0 1.7 232.0 230.0 999.000 999.0 0.023 -0.146 0.0 0.0 0.0 0.0 0.0 0 0.0 0 1 0 0 0.0 24.1 15.5 0.065 76.0 0.005 0.0 0.0 0.0 -26.2 66.3 999.0
24.813 -0.00001 359.99999 0.0 2.8 2.1 231.4 230.0 999.000 3.5 -0.043 0.082 0.0 0.0 0.0 0.0 0.0 0 0.0 0 1 1 0 0.0 24.1 15.5 0.065 76.0 0.005 0.0 0.0 0.0 -41.8 48.3 995.3
25.420 -0.00001 359.99999 0.0 4.0 2.0 230.7 230.0 999.000 3.5 -0.043 0.082 0.0 0.0 0.0 -7.3 -7.3 0 0.0 0 1 1 0 0.0 24.1 15.5 0.065 76.0 0.005 0.0 0.0 0.0 -27.8 79.7 990.1
25.834 -0.00001 359.99999 0.0 4.3 1.7 229.9 230.0 999.000 3.5 -0.120 0.069 0.0 0.0 0.0 -7.6 -7.6 0 0.0 0 1 1 0 0.0 24.1 15.5 0.065 76.0 0.005 0.0 0.0 0.0 -38.3 71.5 1015.0
26.422 -0.00001 359.99998 0.0 3.9 2.6 229.6 230.0 999.000 3.5 -0.120 0.069 0.0 0.0 0.0 -7.9 -8.0 0 0.0 0 1 1 0 0.0 24.1 15.5 0.065 76.0 0.005 0.0 0.0 0.0 -38.8 76.5 986.5
26.811 -0.00001 359.99998 0.0 3.6 1.8 228.9 230.0 999.000 3.5 0.027 -0.056 0.0 0.0 0.0 -8.3 -8.3 0 0.0 0 1 1 0 0.0 24.1 15.5 0.065 76.0 0.005 0.0 0.0 0.0 -33.0 54.4 1007.0
27.420 -0.00001 359.99998 0.0 2.4 1.9 228.1 230.0 999.000 3.5 0.027 -0.056 0.0 0.0 0.0 -8.6 -8.6 0 0.0 0 1 1 0 0.0 24.1 15.5 0.065 76.0 0.005 0.0 0.0 0.0 -39.5 42.7 967.5
27.812 -0.00001 359.99998 0.0 4.2 1.7 228.3 230.0 999.000 3.5 -0.048 0.067 0.0 0.0 0.0 -9.0 -9.0 0 0.0 0 1 1 0 0.0 24.1 15.5 0.065 76.0 0.005 0.0 0.0 0.0 -17.6 70.4 1037.0
28.421 -0.00001 359.99998 0.0 5.3 1.6 227.1 230.0 999.000 3.5 -0.048 0.067 0.0 0.0 0.0 -9.3 -9.3 0 0.0 0 1 1 0 0.0 24.1 15.5 0.065 76.0 0.005 0.0 0.0 0.0 -30.4 89.7 969.0
28.824 -0.00001 359.99998 0.0 2.6 2.0 227.2 230.0 999.000 3.5 0.179 0.008 0.0 0.0 0.0 -9.7 -9.7 0 0.0 5 1 1 0 0.0 24.1 15.5 0.065 76.0 0.005 0.0 0.0 0.0 -29.5 35.4 1007.0
29.423 -0.00001 359.99998 0.1 13.9 1.0 226.8 230.0 999.000 3.5 0.179 0.008 0.0 0.0 0.0 -10.1 -10.0 12 8.3 7764 1 1 0 0.0 24.1 15.5 0.065 76.0 0.005 0.0 0.0 0.0 -86.7 344.9 914.1
29.812 -0.00001 359.99998 0.1 28.5 0.9 226.6 230.0 999.000 3.5 -0.157 -0.015 0.0 0.0 0.0 -10.3 -10.3 12 0.0 8449 1 1 0 0.0 24.1 15.5 0.065 76.0 0.005 0.0 0.0 0.0 -105.0 327.6 685.5
30.422 -0.00001 359.99998 0.1 13.7 -0.3 228.2 230.0 999.000 3.5 -0.157 -0.015 0.0 0.0 0.0 -10.7 -10.7 12 0.0 9333 1 1 0 0.0 24.1 15.5 0.065 76.0 0.005 0.0 0.0 0.0 -2.3 113.7 1005.0
30.829 -0.00001 359.99998 0.0 1.8 -1.6 231.3 230.0 999.000 3.5 -0.689 0.118 -0.0 0.0 0.0 -11.0 -11.0 12 0.0 9623 1 1 0 0.0 24.1 15.4 0.065 76.0 0.005 0.0 0.0 0.0 11.7 42.8 997.0
31.421 -0.00002 359.99998 0.0 -0.3 -0.1 233.2 230.0 999.000 3.5 -0.689 0.118 -0.0 0.0 0.0 -11.4 -11.4 12 0.0 9743 1 1 0 0.0 24.1 15.4 0.065 76.0 0.005 0.0 0.0 0.0 -22.1 -54.3 921.0
31.812 -0.00002 359.99997 0.0 1.6 -1.2 234.3 230.0 999.000 3.5 -0.894 0.040 -0.0 0.0 0.0 -11.8 -11.8 12 0.0 9908 1 1 0 0.0 24.1 15.4 0.065 76.0 0.005 0.0 0.0 0.0 47.9 101.4 1059.0
32.421 -0.00002 359.99997 0.1 2.2 -0.9 235.0 230.0 999.000 3.5 -0.894 0.040 -0.0 0.0 0.0 -12.1 -12.1 12 0.0 9943 1 1 0 0.0 24.1 15.4 0.065 76.0 0.005 0.0 0.0 0.0 50.2 -11.8 1056.0
32.811 -0.00002 359.99997 0.1 4.3 -1.9 237.7 230.0 999.000 3.5 -0.896 -0.005 0.0 0.0 0.0 -12.4 -12.4 12 0.0 9688 1 1 0 0.0 24.1 15.4 0.065 76.0 0.005 0.0 0.0 0.0 -0.3 46.0 913.7
33.422 -0.00002 359.99996 0.1 2.5 -1.0 237.4 230.0 999.000 3.5 -0.896 -0.005 0.0 0.0 0.0 -12.8 -12.8 12 0.0 9728 1 1 0 0.0 24.1 15.4 0.065 76.0 0.005 0.0 0.0 0.0 20.2 74.4 959.3
33.814 -0.00003 359.99996 0.1 3.9 -1.7 237.7 230.0 999.000 3.5 -1.192 0.067 0.1 0.0 0.0 -13.1 -13.1 12 0.0 9443 1 1 0 0.0 24.1 15.4 0.065 76.0 0.005 0.0 0.0 0.0 -0.9 -8.4 826.5
34.422 -0.00003 359.99995 0.0 3.4 -1.7 238.1 230.0 999.000 3.5 -1.192 0.067 0.1 0.0 0.0 -13.4 -13.5 12 0.0 9728 1 1 0 0.0 24.1 15.4 0.065 76.0 0.005 0.0 0.0 0.0 40.6 62.6 1023.0
34.814 -0.00003 359.99995 0.1 6.2 -1.3 239.0 230.0 999.000 3.5 -1.254 -0.014 0.1 0.0 0.0 -13.8 -13.8 12 0.0 9813 1 1 0 0.0 24.1 15.4 0.065 76.0 0.005 0.0 0.0 0.0 74.7 179.6 1098.0
35.422 -0.00004 359.99994 0.1 5.3 -2.2 238.6 230.0 999.000 3.5 -1.254 -0.014 0.1 0.0 0.0 -14.1 -14.1 12 0.0 10108 1 1 0 0.0 24.1 15.4 0.065 76.0 0.005 0.0 0.0 0.0 46.0 25.7 1017.0
35.822 -0.00004 359.99994 0.1 2.4 -1.4 239.0 230.0 999.000 3.5 -1.318 0.037 0.0 0.0 0.0 -14.5 -14.5 12 0.0 10378 1 1 0 0.0 24.1 15.4 0.065 76.0 0.005 0.0 0.0 0.0 76.8 12.7 1169.0
36.423 -0.00004 359.99993 0.0 -2.7 -1.9 238.5 230.0 999.000 3.5 -1.318 0.037 0.0 0.0 0.0 -14.8 -14.8 12 0.0 10063 1 1 0 0.0 24.1 15.4 0.065 76.0 0.005 0.0 0.0 0.0 -7.0 -126.0 827.4
36.811 -0.00005 359.99993 0.1 2.1 -2.3 238.0 230.0 999.000 3.5 -1.215 0.099 0.0 0.0 0.0 -15.2 -15.2 12 0.0 10203 1 1 0 0.0 24.1 15.4 0.065 76.0 0.005 0.0 0.0 0.0 12.1 -3.4 915.6
37.421 -0.00005 359.99993 0.1 4.7 -2.9 238.5 230.0 999.000 3.5 -1.215 0.099 0.0 0.0 0.0 -15.5 -15.5 12 0.0 9908 1 1 0 0.0 24.1 15.4 0.065 76.0 0.005 0.0 0.0 0.0 70.3 50.1 1037.0
37.814 -0.00005 359.99992 0.1 2.3 -3.1 239.0 230.0 999.000 3.5 -1.177 -0.055 0.1 0.0 0.0 -15.9 -15.8 12 8.4 9658 1 1 0 0.0 24.1 15.4 0.065 76.0 0.005 0.0 0.0 0.0 74.5 -22.5 1066.0
38.422 -0.00005 359.99992 0.1 2.3 -2.5 238.5 230.0 999.000 3.5 -1.177 -0.055 0.1 0.0 0.0 -16.2 -16.2 12 0.0 10313 1 1 0 0.0 24.1 15.4 0.065 76.0 0.005 0.0 0.0 0.0 39.4 56.4 905.9
38.812 -0.00006 359.99991 0.1 2.0 -1.8 238.0 230.0 999.000 3.5 -1.144 0.106 0.1 0.0 0.0 -16.6 -16.6 12 0.0 10378 1 1 0 0.0 24.1 15.4 0.065 76.0 0.005 0.0 0.0 0.0 83.7 85.8 1142.0
39.423 -0.00006 359.99991 0.1 4.6 -2.7 236.6 230.0 999.000 3.5 -1.144 0.106 0.1 0.0 0.0 -16.9 -16.9 12 0.0 10308 1 1 0 0.0 24.1 15.4 0.065 76.0 0.005 0.0 0.0 0.0 49.9 76.2 1007.0
39.812 -0.00006 359.99990 0.1 1.9 -2.6 235.6 230.0 999.000 3.5 -1.120 -0.065 0.0 0.0 0.0 -17.2 -17.2 12 0.0 10248 1 1 0 0.0 24.1 15.4 0.065 76.0 0.005 0.0 0.0 0.0 48.2 74.4 912.9
40.422 -0.00006 359.99990 0.1 4.2 -2.9 235.3 230.0 999.000 3.5 -1.120 -0.065 0.0 0.0 0.0 -17.6 -17.6 12 0.0 10378 1 1 0 0.0 24.1 15.4 0.065 76.0 0.005 0.0 0.0 0.0 56.4 106.5 1038.0
40.833 -0.00007 359.99989 0.0 -3.0 -2.7 234.0 230.0 999.000 3.5 -1.182 0.043 0.1 0.0 0.0 -17.9 -17.9 12 0.0 10173 1 1 0 0.0 24.1 15.4 0.065 76.0 0.005 0.0 0.0 0.0 14.1 -157.0 839.1
41.422 -0.00007 359.99989 0.1 0.7 -1.8 232.9 230.0 999.000 3.5 -1.182 0.043 0.1 0.0 0.0 -18.3 -18.3 12 0.0 10218 1 1 0 0.0 24.1 15.4 0.065 76.0 0.005 0.0 0.0 0.0 48.5 67.9 1082.0
41.813 -0.00007 359.99989 0.1 5.4 -2.4 233.1 230.0 999.000 3.5 -1.055 -0.109 0.1 0.0 0.0 -18.6 -18.6 12 0.0 10583 1 1 0 0.0 24.1 15.4 0.065 76.0 0.005 0.0 0.0 0.0 66.8 136.7 1067.0
42.424 -0.00008 359.99988 0.1 2.6 -2.7 230.6 230.0 999.000 3.5 -1.055 -0.109 0.1 0.0 0.0 -19.0 -19.0 12 8.4 10623 1 1 0 0.0 24.1 15.4 0.065 76.0 0.005 0.0 0.0 0.0 56.1 82.4 1013.0
42.813 -0.00008 359.99988 0.0 0.0 -2.5 230.5 230.0 999.000 3.5 -1.246 -0.058 0.0 0.0 0.0 -19.3 -19.3 12 0.0 10193 1 1 0 0.0 24.1 15.4 0.065 76.0 0.005 0.0 0.0 0.0 43.0 10.6 999.6
43.423 -0.00008 359.99987 0.1 2.4 -3.5 231.6 230.0 999.000 3.5 -1.246 -0.058 0.0 0.0 0.0 -19.7 -19.7 12 0.0 10418 1 1 0 0.0 24.1 15.4 0.065 76.0 0.005 0.0 0.0 0.0 77.9 70.8 1088.0
43.814 -0.00009 359.99987 0.1 -1.8 -3.0 231.6 230.0 999.000 3.5 -1.041 -0.089 0.1 0.0 0.0 -20.0 -20.0 12 0.0 10593 1 1 0 0.0 24.1 15.4 0.065 76.0 0.005 0.0 0.0 0.0 82.0 64.9 1136.0
44.423 -0.00009 359.99987 0.0 1.8 -2.5 232.2 230.0 999.000 3.5 -1.041 -0.089 0.1 0.0 0.0 -20.3 -20.3 12 0.0 10383 1 1 0 0.0 24.1 15.4 0.065 76.0 0.005 0.0 0.0 0.0 -1.7 14.2 818.1
44.813 -0.00009 359.99986 0.0 -2.2 -2.5 232.6 230.0 999.000 3.5 -1.114 -0.025 0.0 0.0 0.0 -20.7 -20.7 12 0.0 10418 1 1 0 0.0 24.1 15.4 0.065 76.0 0.005 0.0 0.0 0.0 2.0 -75.6 800.9
45.423 -0.00010 359.99986 0.0 1.4 -2.1 234.2 230.0 999.000 3.5 -1.114 -0.025 0.0 0.0 0.0 -21.1 -21.1 12 0.0 10263 1 1 0 0.0 24.1 15.4 0.065 76.0 0.005 0.0 0.0 0.0 41.5 49.3 1041.0
45.832 -0.00010 359.99985 0.1 1.6 -3.2 234.7 230.0 999.000 3.5 -1.135 0.031 0.1 0.0 0.0 -21.4 -21.4 12 0.0 10248 1 1 0 0.0 24.1 15.4 0.065 76.0 0.005 0.0 0.0 0.0 72.0 56.3 1127.0
46.424 -0.00010 359.99985 0.1 -0.5 -2.9 235.9 230.0 999.000 3.5 -1.135 0.031 0.1 0.0 0.0 -21.7 -21.7 12 0.0 10758 1 1 0 0.0 24.1 15.4 0.065 76.0 0.005 0.0 0.0 0.0 47.5 23.2 977.6
46.827 -0.00010 359.99985 0.1 3.5 -2.4 236.9 999.0 999.000 999.0 -1.157 -0.110 0.1 0.0 0.0 -22.1 -22.1 12 0.0 10803 0 0 0 0.0 24.1 15.4 0.065 76.0 0.005 0.0 0.0 0.0 -20.0 -10.8 775.4
47.422 -0.00011 359.99984 0.0 -0.5 -0.8 237.4 999.0 999.000 999.0 -1.157 -0.110 0.1 0.0 0.0 30.0 30.0 0 0.0 0 0 0 0 0.0 24.1 15.4 0.065 76.0 0.005 0.0 0.0 0.0 42.0 -31.3 1009.0
47.815 -0.00011 359.99984 0.0 -1.5 3.3 236.7 999.0 999.000 999.0 -1.093 0.129 0.0 0.0 0.0 30.0 30.0 0 0.0 5 0 0 0 0.0 24.1 15.4 0.065 76.0 0.005 0.0 0.0 0.0 -55.4 -15.1 976.1
48.425 -0.00011 359.99983 0.1 2.7 5.2 235.7 999.0 999.000 999.0 -1.093 0.129 0.0 0.0 0.0 30.0 30.0 0 0.0 0 0 0 0 0.0 24.1 15.4 0.065 76.0 0.005 0.0 0.0 0.0 -95.7 55.4 987.3
48.812 -0.00011 359.99983 0.1 6.5 8.7 235.9 999.0 999.000 999.0 -0.674 -0.098 -0.1 0.0 0.0 30.0 30.0 0 0.0 0 0 0 0 0.0 24.1 15.5 0.065 76.0 0.005 0.0 0.0 0.0 -149.0 127.7 985.8
49.425 -0.00012 359.99983 0.1 1.4 10.0 236.5 999.0 999.000 999.0 -0.674 -0.098 -0.1 0.0 0.0 30.0 30.0 0 0.0 5 0 0 0 0.0 24.1 15.5 0.065 76.0 0.005 0.0 0.0 0.0 -185.0 30.0 960.9
49.814 -0.00012 359.99983 0.1 2.0 9.4 236.6 999.0 999.000 999.0 -0.567 0.073 -0.1 0.0 0.0 30.0 30.0 0 0.0 0 0 0 0 0.0 24.1 15.5 0.065 76.0 0.005 0.0 0.0 0.0 -155.0 17.7 994.3
50.422 -0.00012 359.99982 0.1 4.9 9.1 237.5 999.0 999.000 999.0 -0.567 0.073 -0.1 0.0 0.0 30.0 30.0 0 0.0 0 0 0 0 0.0 24.1 15.5 0.065 76.0 0.005 0.0 0.0 0.0 -163.0 81.4 994.9
50.841 -0.00012 359.99982 0.1 3.7 9.3 238.4 999.0 999.000 999.0 -0.624 0.015 -0.1 0.0 0.0 30.0 30.0 0 0.0 0 0 0 0 0.0 24.1 15.5 0.065 76.0 0.005 0.0 0.0 0.0 -166.0 56.7 962.6
51.424 -0.00012 359.99982 0.1 0.6 8.5 239.3 999.0 999.000 999.0 -0.624 0.015 -0.1 0.0 0.0 30.0 30.0 0 0.0 0 0 0 0 0.0 24.1 15.5 0.065 76.0 0.005 0.0 0.0 0.0 -141.0 12.2 988.4
51.813 -0.00012 359.99982 0.1 5.1 6.5 240.0 999.0 999.000 999.0 -0.497 0.041 -0.1 0.0 0.0 30.0 30.0 0 0.0 0 0 0 0 0.0 24.1 15.5 0.065 76.0 0.005 0.0 0.0 0.0 -108.0 88.7 1008.0
52.426 -0.00012 359.99981 0.1 4.6 6.1 242.0 999.0 999.000 999.0 -0.497 0.041 -0.1 0.0 0.0 30.0 30.0 0 0.0 0 0 0 0 0.0 24.1 15.5 0.065 76.0 0.005 0.0 0.0 0.0 -102.0 99.3 994.2
52.815 -0.00013 359.99981 0.1 4.9 4.8 242.3 999.0 999.000 999.0 -0.377 -0.081 -0.0 0.0 0.0 30.0 30.0 0 0.0 0 0 0 0 0.0 24.1 15.5 0.065 76.0 0.005 0.0 0.0 0.0 -88.7 80.7 984.6
53.424 -0.00013 359.99981 0.1 5.5 3.7 242.6 999.0 999.000 999.0 -0.377 -0.081 -0.0 0.0 0.0 30.0 30.0 0 0.0 0 0 0 0 0.0 24.1 15.5 0