6.997 0.00000 0.00000 0.1 7.0 1.4 153.1 999.0 999.000 999.0 nan nan nan 0.0 0.0 0.0 0.0 0 0.0 0 0 0 0 0.0 0.0 0.0 0.000 0.0 0.000 0.0 0.0 0.0 -39.2 121.3 963.1
7.496 0.00000 0.00000 0.0 6.9 1.6 153.3 999.0 999.000 999.0 nan nan nan 0.0 0.0 0.0 0.0 0 0.0 0 0 0 0 0.0 24.1 15.5 0.065 76.0 0.005 0.0 0.0 0.0 -14.5 127.9 1000.0
7.998 0.00000 0.00000 0.1 6.3 1.0 154.0 999.0 999.000 999.0 nan nan nan 0.0 0.0 0.0 0.0 0 0.0 0 0 0 0 0.0 24.1 15.5 0.065 76.0 0.005 0.0 0.0 0.0 -18.5 114.8 980.4
8.497 0.00000 0.00000 0.1 6.9 -0.5 154.0 999.0 999.000 999.0 nan nan nan 0.0 0.0 0.0 0.0 0 0.0 0 0 0 0 0.0 24.1 15.5 0.065 76.0 0.005 0.0 0.0 0.0 11.1 114.2 1011.0
8.897 -0.00000 0.00000 0.1 6.9 -0.2 154.6 999.0 999.000 999.0 0.022 0.092 0.0 0.0 0.0 0.0 0.0 0 0.0 0 0 0 0 0.0 24.1 15.5 0.065 76.0 0.005 0.0 0.0 0.0 1.7 137.7 998.6
9.498 -0.00000 0.00000 0.1 5.7 0.9 155.0 999.0 999.000 999.0 0.022 0.092 0.0 0.0 0.0 0.0 0.0 0 0.0 0 0 0 0 0.0 24.1 15.5 0.065 76.0 0.005 0.0 0.0 0.0 -17.9 67.2 981.4
9.897 -0.00000 0.00000 0.1 8.3 0.5 155.9 999.0 999.000 999.0 0.005 0.081 0.0 0.0 0.0 0.0 0.0 0 0.0 0 0 0 0 0.0 24.1 15.5 0.065 76.0 0.005 0.0 0.0 0.0 3.2 164.3 998.0
10.497 -0.00000 0.00000 0.1 7.0 -0.4 156.7 999.0 999.000 999.0 0.005 0.081 0.0 0.0 0.0 0.0 0.0 0 0.0 0 0 0 0 0.0 24.1 15.5 0.065 76.0 0.005 0.0 0.0 0.0 0.4 120.2 988.9
10.916 -0.00000 0.00000 0.1 6.2 -0.1 156.7 999.0 999.000 999.0 0.094 -0.048 0.0 0.0 0.0 0.0 0.0 0 0.0 0 0 0 0 0.0 24.1 15.5 0.065 76.0 0.005 0.0 0.0 0.0 4.8 95.5 995.3
11.496 -0.00000 0.00000 0.1 7.5 0.5 157.0 999.0 999.000 999.0 0.094 -0.048 0.0 0.0 0.0 0.0 0.0 0 0.0 0 0 0 0 0.0 24.1 15.5 0.065 76.0 0.005 0.0 0.0 0.0 -10.4 142.1 993.4
11.898 -0.00000 0.00000 0.1 8.0 0.5 157.4 999.0 999.000 999.0 0.106 0.029 0.1 0.0 0.0 0.0 0.0 0 0.0 0 0 0 0 0.0 24.1 15.5 0.065 76.0 0.005 0.0 0.0 0.0 -12.6 138.0 982.7
12.497 -0.00000 0.00000 0.0 7.0 0.5 157.0 999.0 999.000 999.0 0.106 0.029 0.1 0.0 0.0 0.0 0.0 0 0.0 0 0 0 0 0.0 24.1 15.5 0.065 76.0 0.005 0.0 0.0 0.0 -4.7 102.2 999.7
12.896 -0.00000 0.00000 0.1 7.0 0.4 157.5 999.0 999.000 999.0 0.196 -0.160 0.0 0.0 0.0 0.0 0.0 0 0.0 5 0 0 0 0.0 24.1 15.5 0.065 76.0 0.005 0.0 0.0 0.0 -7.2 122.4 1002.0
13.499 -0.00001 0.00000 0.1 7.4 0.9 158.0 999.0 999.000 999.0 0.196 -0.160 0.0 0.0 0.0 0.0 0.0 0 0.0 0 0 0 0 0.0 24.1 15.5 0.065 76.0 0.005 0.0 0.0 0.0 -18.5 134.3 970.2
13.897 -0.00001 0.00000 0.1 7.1 0.7 158.1 999.0 999.000 999.0 0.140 -0.008 0.0 0.0 0.0 0.0 0.0 0 0.0 0 0 0 0 0.0 24.1 15.5 0.065 76.0 0.005 0.0 0.0 0.0 -15.8 115.3 1010.0
14.496 -0.00001 0.00000 0.0 7.0 0.9 158.6 999.0 999.000 999.0 0.140 -0.008 0.0 0.0 0.0 0.0 0.0 0 0.0 5 0 0 0 0.0 24.1 15.5 0.065 76.0 0.005 0.0 0.0 0.0 -19.9 120.7 980.1
14.899 -0.00001 0.00000 0.0 6.7 1.1 159.2 170.0 999.000 999.0 0.147 0.157 0.0 0.0 0.0 0.0 0.0 0 0.0 0 1 0 0 0.0 24.1 15.5 0.065 76.0 0.005 0.0 0.0 0.0 -12.4 116.9 985.9
15.507 -0.00001 0.00000 0.1 7.1 -0.0 159.2 170.0 999.000 999.0 0.147 0.157 0.0 0.0 0.0 0.0 0.0 0 0.0 0 1 0 0 0.0 24.1 15.5 0.065 76.0 0.005 0.0 0.0 0.0 1.1 121.6 1006.0
15.916 -0.00001 0.00000 0.1 7.1 0.1 160.0 170.0 999.000 999.0 0.109 -0.059 0.0 0.0 0.0 0.0 0.0 0 0.0 0 1 0 0 0.0 24.1 15.5 0.065 76.0 0.005 0.0 0.0 0.0 -10.2 131.6 983.4
16.509 -0.00001 0.00000 0.1 7.3 1.2 160.7 170.0 999.000 999.0 0.109 -0.059 0.0 0.0 0.0 0.0 0.0 0 0.0 0 1 0 0 0.0 24.1 15.5 0.065 76.0 0.005 0.0 0.0 0.0 -20.7 126.7 996.8
16.899 -0.00001 0.00000 0.0 7.1 0.9 160.8 170.0 999.000 999.0 0.117 0.115 0.0 0.0 0.0 0.0 0.0 0 0.0 0 1 0 0 0.0 24.1 15.5 0.065 76.0 0.005 0.0 0.0 0.0 -11.6 104.9 993.4
17.507 -0.00001 0.00000 0.1 7.8 0.3 161.8 170.0 999.000 3.0 0.117 0.115 0.0 0.0 0.0 0.0 0.0 0 0.0 0 1 1 0 0.0 24.1 15.5 0.065 76.0 0.005 0.0 0.0 0.0 -20.5 166.2 988.8
17.900 -0.00001 0.00000 0.1 5.2 0.5 162.0 170.0 999.000 3.0 0.100 -0.074 0.0 0.0 0.0 -7.7 -7.7 0 0.0 0 1 1 0 0.0 24.1 15.5 0.065 76.0 0.005 0.0 0.0 0.0 2.6 57.3 1005.0
18.509 -0.00001 0.00000 0.1 7.8 0.2 162.6 170.0 999.000 3.0 0.100 -0.074 0.0 0.0 0.0 -7.9 -8.0 0 0.0 5 1 1 0 0.0 24.1 15.5 0.065 76.0 0.005 0.0 0.0 0.0 -4.6 143.0 996.8
18.898 -0.00001 0.00000 0.1 8.4 0.1 163.2 170.0 999.000 3.0 0.015 0.040 0.0 0.0 0.0 -8.2 -8.2 0 0.0 0 1 1 0 0.0 24.1 15.5 0.065 76.0 0.005 0.0 0.0 0.0 -13.1 163.0 985.2
19.509 -0.00001 0.00001 0.0 6.2 1.3 163.1 170.0 999.000 3.0 0.015 0.040 0.0 0.0 0.0 -8.5 -8.5 0 0.0 0 1 1 0 0.0 24.1 15.5 0.065 76.0 0.005 0.0 0.0 0.0 -20.2 83.5 993.8
19.898 -0.00001 0.00001 0.0 6.1 0.7 163.3 170.0 999.000 3.0 0.222 0.037 0.0 0.0 0.0 -8.9 -8.9 0 0.0 0 1 1 0 0.0 24.1 15.5 0.065 76.0 0.005 0.0 0.0 0.0 -9.1 106.4 1001.0
20.508 -0.00001 0.00001 0.1 7.3 0.8 164.0 170.0 999.000 3.0 0.222 0.037 0.0 0.0 0.0 -9.1 -9.2 0 0.0 0 1 1 0 0.0 24.1 15.5 0.065 76.0 0.005 0.0 0.0 0.0 -19.2 123.1 971.3
20.921 -0.00002 0.00001 0.1 8.1 0.8 164.4 170.0 999.000 3.0 0.151 -0.034 0.0 0.0 0.0 -9.4 -9.4 0 0.0 0 1 1 0 0.0 24.2 15.5 0.065 76.0 0.005 0.0 0.0 0.0 -6.0 154.1 1006.0
21.508 -0.00002 0.00001 0.1 5.8 0.9 165.2 170.0 999.000 3.0 0.151 -0.034 0.0 0.0 0.0 -9.7 -9.7 0 0.0 0 1 1 0 0.0 24.2 15.5 0.065 76.0 0.005 0.0 0.0 0.0 -23.7 93.5 1003.0
21.899 -0.00002 0.00001 0.1 6.3 1.9 165.1 170.0 999.000 3.0 -0.021 -0.031 -0.1 0.0 0.0 -10.0 -10.0 0 0.0 0 1 1 0 0.0 24.1 15.5 0.065 76.0 0.005 0.0 0.0 0.0 -37.4 107.8 983.1
22.509 -0.00002 0.00001 0.1 6.8 2.9 165.2 170.0 999.000 3.0 -0.021 -0.031 -0.1 0.0 0.0 -10.3 -10.3 0 0.0 0 1 1 0 0.0 24.1 15.5 0.065 76.0 0.005 0.0 0.0 0.0 -52.1 127.3 981.8
22.898 -0.00002 0.00001 0.1 6.4 1.7 165.2 170.0 999.000 3.0 0.064 0.045 -0.0 0.0 0.0 -10.6 -10.6 0 0.0 0 1 1 0 0.0 24.1 15.5 0.065 76.0 0.005 0.0 0.0 0.0 -20.7 86.9 1025.0
23.509 -0.00002 0.00001 0.1 5.9 2.4 165.7 170.0 999.000 3.0 0.064 0.045 -0.0 0.0 0.0 -10.9 -10.9 0 0.0 0 1 1 0 0.0 24.1 15.5 0.065 76.0 0.005 0.0 0.0 0.0 -45.0 113.7 978.5
23.899 -0.00002 0.00001 0.1 5.6 1.6 165.6 170.0 999.000 3.0 -0.025 0.133 0.0 0.0 0.0 -11.1 -11.2 0 0.0 0 1 1 0 0.0 24.1 15.5 0.065 76.0 0.005 0.0 0.0 0.0 -20.6 95.0 1005.0
24.508 -0.00002 0.00001 0.1 7.6 2.1 166.5 170.0 999.000 3.0 -0.025 0.133 0.0 0.0 0.0 -11.5 -11.5 0 0.0 0 1 1 0 0.0 24.1 15.5 0.065 76.0 0.005 0.0 0.0 0.0 -40.0 141.9 990.6
24.900 -0.00002 0.00001 0.0 6.7 1.9 166.7 170.0 999.000 3.0 -0.017 -0.019 0.0 0.0 0.0 -11.8 -11.8 0 0.0 0 1 1 0 0.0 24.2 15.5 0.065 76.0 0.005 0.0 0.0 0.0 -36.3 107.2 988.0
25.508 -0.00002 0.00001 0.1 5.5 1.8 167.1 170.0 999.000 3.0 -0.017 -0.019 0.0 0.0 0.0 -12.1 -12.1 0 0.0 5 1 1 0 0.0 24.2 15.5 0.065 76.0 0.005 0.0 0.0 0.0 -20.2 98.5 986.8
25.916 -0.00002 0.00001 0.1 6.1 0.3 167.2 170.0 999.000 3.0 0.111 -0.019 0.0 0.0 0.0 -12.4 -12.4 0 0.0 0 1 1 0 0.0 24.1 15.5 0.065 76.0 0.005 0.0 0.0 0.0 -9.3 112.8 987.5
26.522 -0.00002 0.00001 0.1 8.9 0.7 168.3 170.0 999.000 3.0 0.111 -0.019 0.0 0.0 0.0 -12.7 -12.7 0 0.0 0 1 1 0 0.0 24.1 15.5 0.065 76.0 0.005 0.0 0.0 0.0 -9.6 157.4 987.1
26.899 -0.00002 0.00001 0.1 14.8 0.7 168.7 170.0 999.000 3.0 0.012 -0.055 0.0 0.0 0.0 -12.9 -13.0 14 11.8 9568 1 1 0 0.0 24.1 15.5 0.065 76.0 0.005 0.0 0.0 0.0 -49.0 409.6 1077.0
27.509 -0.00002 0.00001 0.1 30.5 -1.0 170.3 170.0 999.000 3.0 0.012 -0.055 0.0 0.0 0.0 -13.2 -13.2 14 10.0 10083 1 1 0 0.0 24.1 15.5 0.065 76.0 0.005 0.0 0.0 0.0 -0.6 566.6 962.0
27.901 -0.00002 0.00001 0.1 12.0 -2.9 173.0 170.0 999.000 3.0 -0.373 -0.125 -0.0 0.0 0.0 -13.4 -13.5 14 10.1 11293 1 1 0 0.0 24.1 15.5 0.065 76.0 0.005 0.0 0.0 0.0 -21.1 99.9 861.8
28.509 -0.00002 0.00001 0.1 0.6 -3.2 178.6 170.0 999.000 3.0 -0.373 -0.125 -0.0 0.0 0.0 -13.8 -13.8 14 8.4 11348 1 1 0 0.0 24.1 15.5 0.065 76.0 0.005 0.0 0.0 0.0 11.7 24.7 881.9
28.900 -0.00003 0.00001 0.1 -1.3 -4.9 185.0 170.0 999.000 3.0 -0.830 -0.072 -0.0 0.0 0.0 -14.0 -14.0 14 10.1 11438 1 1 0 0.0 24.1 15.4 0.065 76.0 0.005 0.0 0.0 0.0 25.2 -42.6 812.3
29.510 -0.00003 0.00001 0.2 -2.2 -7.5 189.2 170.0 999.000 3.0 -0.830 -0.072 -0.0 0.0 0.0 -14.2 -14.2 14 8.3 11468 1 1 0 0.0 24.1 15.4 0.065 76.0 0.005 0.0 0.0 0.0 172.7 -85.7 1090.0
29.900 -0.00004 0.00001 0.3 2.3 -10.8 193.1 170.0 999.000 3.0 -0.903 0.022 0.0 0.0 0.0 -14.4 -14.4 14 8.4 11003 1 1 0 0.0 24.1 15.4 0.065 76.0 0.005 0.0 0.0 0.0 213.3 102.7 1078.0
30.508 -0.00004 0.00000 0.4 10.5 -14.2 195.9 170.0 999.000 3.0 -0.903 0.022 0.0 0.0 0.0 -14.5 -14.5 14 8.4 9528 1 1 0 0.0 24.1 15.4 0.065 76.0 0.005 0.0 0.0 0.0 230.1 147.2 884.3
30.922 -0.00004 0.00000 0.5 21.5 -17.8 197.0 170.0 999.000 3.0 -1.121 -0.098 0.0 0.0 0.0 -14.4 -14.4 14 10.1 9248 1 1 0 0.0 24.1 15.4 0.065 76.0 0.005 0.0 0.0 0.0 297.7 384.1 847.1
31.509 -0.00005 0.00000 0.7 24.8 -20.5 194.4 170.0 999.000 3.0 -1.121 -0.098 0.0 -27.0 -27.0 -14.3 -14.3 14 10.1 9173 1 1 0 0.0 24.1 15.4 0.065 76.0 0.005 0.0 0.0 0.0 370.8 372.5 855.8
31.899 -0.00005 0.00000 0.9 10.3 -22.3 186.6 170.0 999.000 3.0 -1.252 0.049 0.1 -24.4 -24.4 -14.1 -14.1 14 10.0 9238 1 1 0 0.0 24.1 15.4 0.065 76.0 0.005 0.0 0.0 0.0 401.5 170.3 906.5
32.511 -0.00006 0.00000 1.1 -5.7 -25.4 179.7 170.0 999.000 3.0 -1.252 0.049 0.1 -16.6 -16.6 -13.8 -13.8 14 10.0 9298 1 1 0 0.0 24.1 15.4 0.065 76.0 0.005 0.0 0.0 0.0 444.9 -132.0 853.9
32.899 -0.00007 0.00000 1.4 -12.0 -29.3 175.2 170.0 999.000 3.0 -1.334 -0.114 0.1 -9.7 -9.7 -13.4 -13.4 14 10.1 9268 1 1 0 0.0 24.1 15.4 0.065 76.0 0.005 0.0 0.0 0.0 508.4 -189.0 856.5
33.509 -0.00007 0.00000 1.7 -10.6 -33.0 173.6 170.0 999.000 3.0 -1.334 -0.114 0.1 -5.2 -5.2 -12.9 -12.9 14 10.0 9238 1 1 0 0.0 24.1 15.4 0.065 76.0 0.005 0.0 0.0 0.0 553.0 -157.0 777.8
33.901 -0.00008 0.00000 2.1 -3.6 -36.1 173.5 170.0 999.000 3.0 -1.421 -0.102 0.1 -3.6 -3.6 -12.2 -12.2 14 8.4 9228 1 1 0 0.0 24.1 15.4 0.065 76.0 0.005 0.0 0.0 0.0 574.6 -50.9 750.1
34.511 -0.00009 0.00000 2.5 5.7 -38.7 173.7 170.0 999.000 3.0 -1.421 -0.102 0.1 -3.5 -3.5 -11.3 -11.3 14 10.1 9278 1 1 0 0.0 24.1 15.4 0.065 76.0 0.005 0.0 0.0 0.0 613.8 95.7 723.0
34.913 -0.00009 0.00000 3.0 14.7 -40.2 173.6 999.0 999.000 999.0 -1.657 -0.044 0.2 0.0 0.0 30.0 30.0 14 10.1 9193 0 0 0 0.0 24.1 15.4 0.065 76.0 0.005 0.0 0.0 0.0 634.8 183.5 712.8
35.511 -0.00010 0.00001 3.4 14.7 -35.2 175.2 999.0 999.000 999.0 -1.657 -0.044 0.2 0.0 0.0 30.0 30.0 0 0.0 0 0 0 0 0.0 24.1 15.4 0.065 76.0 0.005 0.0 0.0 0.0 634.1 213.7 835.5
35.925 -0.00011 0.00001 3.7 9.6 -24.3 177.9 999.0 999.000 999.0 -1.467 0.116 0.1 0.0 0.0 30.0 30.0 0 0.0 0 0 0 0 0.0 24.1 15.4 0.065 76.0 0.005 0.0 0.0 0.0 432.0 125.6 936.8
36.510 -0.00011 0.00001 3.9 6.1 -15.4 179.1 999.0 999.000 999.0 -1.467 0.116 0.1 0.0 0.0 30.0 30.0 0 0.0 5 0 0 0 0.0 24.1 15.4 0.065 76.0 0.005 0.0 0.0 0.0 275.6 88.1 984.7
36.902 -0.00012 0.00001 4.0 4.1 -8.0 179.6 999.0 999.000 999.0 -0.890 -0.048 0.0 0.0 0.0 30.0 30.0 0 0.0 0 0 0 0 0.0 24.1 15.5 0.065 76.0 0.005 0.0 0.0 0.0 141.9 60.7 1005.0
37.510 -0.00012 0.00001 4.0 3.8 -2.3 179.9 999.0 999.000 999.0 -0.890 -0.048 0.0 0.0 0.0 30.0 30.0 0 0.0 0 0 0 0 0.0 24.1 15.5 0.065 76.0 0.005 0.0 0.0 0.0 41.2 68.1 1009.0
37.901 -0.00012 0.00001 4.0 4.3 1.9 180.3 999.0 999.000 999.0 -0.636 0.134 -0.0 0.0 0.0 30.0 30.0 0 0.0 0 0 0 0 0.0 24.1 15.5 0.065 76.0 0.005 0.0 0.0 0.0 -37.8 74.5 1007.0
38.510 -0.00013 0.00001 4.1 4.2 5.4 180.8 999.0 999.000 999.0 -0.636 0.134 -0.0 0.0 0.0 30.0 30.0 0 0.0 0 0 0 0 0.0 24.1 15.5 0.065 76.0 0.005 0.0 0.0 0.0 -104.0 74.4 999.1
38.901 -0.00013 0.00001 4.0 4.9 8.3 181.0 999.0 999.000 999.0 -0.547 0.106 -0.0 0.0 0.0 30.0 30.0 0 0.0 0 0 0 0 0.0 24.1 15.5 0.065 76.0 0.005 0.0 0.0 0.0 -152.0 84.6 990.2
39.511 -0.00013 0.00001 4.0 4.7 10.6 181.1 999.0 999.000 999.0 -0.547 0.106 -0.0 0.0 0.0 30.0 30.0 0 0.0 0 0 0 0 0.0 24.1 15.5 0.065 76.0 0.005 0.0 0.0 0.0 -191.0 81.2 980.1
39.902 -0.00013 0.00001 4.0 5.3 12.3 181.3 999.0 999.000 999.0 -0.469 -0.054 -0.0 0.0 0.0 30.0 30.0 0 0.0 0 0 0 0 0.0 24.1 15.5 0.065 76.0 0.005 0.0 0.0 0.0 -220.0 91.5 973.0
40.511 -0.00014 0.00001 4.0 5.2 13.4 181.7 999.0 999.000 999.0 -0.469 -0.054 -0.0 0.0 0.0 30.0 30.0 0 0.0 0 0 0 0 0.0 24.1 15.5 0.065 76.0 0.005 0.0 0.0 0.0 -234.0 87.2 969.8
40.925 -0.00014 0.00001 3.9 4.8 14.0 182.1 999.0 999.000 999.0 -0.254 -0.073 -0.0 0.0 0.0 30.0 30.0 0 0.0 0 0 0 0 0.0 24.1 15.5 0.065 76.0 0.005 0.0 0.0 0.0 -245.0 81.3 965.3
41.510 -0.00014 0.00001 3.9 5.0 14.2 182.4 999.0 999.000 999.0 -0.254 -0.073 -0.0 0.0 0.0 30.0 30.0 0 0.0 0 0 0 0 0.0 24.1 15.5 0.065 76.0 0.005 0.0 0.0 0.0 -245.0 84.7 965.2
41.900 -0.00014 0.00000 3.9 5.0 13.9 182.6 999.0 999.000 999.0 -0.447 -0.057 0.0 0.0 0.0 30.0 30.0 0 0.0 0 0 0 0 0.0 24.1 15.5 0.065 76.0 0.005 0.0 0.0 0.0 -239.0 83.6 968.4
42.512 -0.00014 0.00000 3.8 4.7 13.2 182.7 999.0 999.000 999.0 -0.447 -0.057 0.0 0.0 0.0 30.0 30.0 0 0.0 0 0 0 0 0.0 24.1 15.5 0.065 76.0 0.005 0.0 0.0 0.0 -226.0 80.8 971.2
42.902 -0.00014 0.00000 3.8 4.9 12.0 182.8 999.0 999.000 999.0 -0.234 0.182 0.0 0.0 0.0 30.0 30.0 0 0.0 5 0 0 0 0.0 24.1 15.5 0.065 76.0 0.005 0.0 0.0 0.0 -205.0 85.1 975.0
43.511 -0.00015 0.00000 3.8 4.9 10.3 182.8 999.0 999.000 999.0 -0.234 0.182 0.0 0.0 0.0 30.0 30.0 0 0.0 0 0 0 0 0.0 24.1 15.5 0.065 76.0 0.005 0.0 0.0 0.0 -174.0 83.5 979.7
43.903 -0.00015 0.00000 3.8 5.0 8.2 183.1 999.0 999.000 999.0 -0.395 -0.042 0.0 0.0 0.0 30.0 30.0 0 0.0 0 0 0 0 0.0 24.1 15.5 0.065 76.0 0.005 0.0 0.0 0.0 -134.0 87.8 988.0
44.511 -0.00015 0.00000 3.7 5.2 5.7 183.6 999.0 999.000 999.0 -0.395 -0.042 0.0 0.0 0.0 30.0 30.0 0 0.0 0 0 0 0 0.0 24.1 15.5 0.065 76.0 0.005 0.0 0.0 0.0 -91.0 88.2 992.3
44.900 -0.00015 0.00000 3.7 5.0 2.8 183.9 999.0 999.000 999.0 -0.316 0.060 -0.0 0.0 0.0 30.0 30.0 0 0.0 0 0 0 0 0.0 24.1 15.5 0.065 76.0 0.005 0.0 0.0 0.0 -39.2 87.9 995.1
45.513 -0.00015 0.00000 3.7 5.1 -0.2 184.4 999.0 999.000 999.0 -0.316 0.060 -0.0 0.0 0.0 30.0 30.0 0 0.0 0 0 0 0 0.0 24.1 15.5 0.065 76.0 0.005 0.0 0.0 0.0 12.1 89.9 995.3
45.923 -0.00015 0.00000 3.7 5.1 -3.4 184.5 999.0 999.000 999.0 -0.218 -0.018 0.0 0.0 0.0 30.0 30.0 0 0.0 0 0 0 0 0.0 24.1 15.5 0.065 76.0 0.005 0.0 0.0 0.0 70.7 88.1 992.8
46.511 -0.00015 0.00000 3.7 5.1 -6.4 184.7 999.0 999.000 999.0 -0.218 -0.018 0.0 0.0 0.0 30.0 30.0 0 0.0 0 0 0 0 0.0 24.1 15.5 0.065 76.0 0.005 0.0 0.0 0.0 120.3 88.1 987.8
46.904 -0.00016 0.00000 3.7 5.1 -9.4 184.7 999.0 999.000 999.0 -0.240 0.138 0.0 0.0 0.0 30.0 30.0 0 0.0 0 0 0 0 0.0 24.1 15.5 0.065 76.0 0.005 0.0 0.0 0.0 173.4 88.0 980.6
47.511 -0.00016 0.00000 3.7 5.1 -12.4 184.8 999.0 999.000 999.0 -0.240 0.138 0.0 0.0 0.0 30.0 30.0 0 0.0 0 0 0 0 0.0 24.1 15.5 0.065 76.0 0.005 0.0 0.0 0.0 221.8 87.6 972.5
47.901 -0.00016 0.00000 3.7 5.3 -15.0 184.9 999.0 999.000 999.0 -0.097 0.006 0.1 0.0 0.0 30.0 30.0 0 0.0 0 0 0 0 0.0 24.1 15.5 0.065 76.0 0.005 0.0 0.0 0.0 268.7 88.1 961.4
48.512 -0.00016 0.00000 3.7 5.0 -17.5 185.1 999.0 999.000 999.0 -0.097 0.006 0.1 0.0 0.0 30.0 30.0 0 0.0 0 0 0 0 0.0 24.1 15.5 0.065 76.0 0.005 0.0 0.0 0.0 306.5 81.8 948.4
48.902 -0.00016 0.00000 3.6 4.9 -19.8 185.4 999.0 999.000 999.0 -0.133 -0.147 0.1 0.0 0.0 30.0 30.0 0 0.0 0 0 0 0 0.0 24.1 15.5 0.065 76.0 0.005 0.0 0.0 0.0 345.3 78.9 936.8
49.511 -0.00016 0.00000 3.6 5.0 -21.9 185.7 999.0 999.000 999.0 -0.133 -0.147 0.1 0.0 0.0 30.0 30.0 0 0.0 0 0 0 0 0.0 24.1 15.5 0.065 76.0 0.005 0.0 0.0 0.0 379.2 79.4 924.6
49.902 -0.00016 0.00000 3.6 5.1 -23.8 185.8 999.0 999.000 999.0 -0.076 0.185 0.1 0.0 0.0 30.0 30.0 0 0.0 0 0 0 0 0.0 24.1 15.5 0.065 76.0 0.005 0.0 0.0 0.0 408.1 81.5 910.9
50.512 -0.00016 0.00000 3.6 4.9 -25.5 185.6 999.0 999.000 999.0 -0.076 0.185 0.1 0.0 0.0 30.0 30.0 0 0.0 0 0 0 0 0.0 24.1 15.5 0.065 76.0 0.005 0.0 0.0 0.0 434.5 76.3 900.0
50.922 -0.00016 0.00000 3.5 4.8 -27.0 185.5 999.0 999.000 999.0 -0.045 -0.011 0.1 0.0 0.0 30.0 30.0 0 0.0 0 0 0 0 0.0 24.2 15.5 0.065 76.0 0.005 0.0 0.0 0.0 457.5 73.6 887.8
51.514 -0.00016 0.00000 3.5 4.9 -28.2 185.2 999.0 999.000 999.0 -0.045 -0.011 0.1 0.0 0.0 30.0 30.0 0 0.0 0 0 0 0 0.0 24.2 15.5 0.065 76.0 0.005 0.0 0.0 0.0 476.8 73.2 879.4
51.901 -0.00016 0.00000 3.4 4.9 -29.2 184.9 999.0 999.000 999.0 0.004 0.010 0.1 0.0 0.0 30.0 30.0 0 0.0 0 0 0 0 0.0 24.1 15.5 0.065 76.0 0.005 0.0 0.0 0.0 492.1 72.6 871.4
52.512 -0.00016 0.00000 3.4 4.6 -30.1 184.4 999.0 999.000 999.0 0.004 0.010 0.1 0.0 0.0 30.0 30.0 0 0.0 0 0 0 0 0.0 24.1 15.5 0.065 76.0 0.005 0.0 0.0 0.0 504.6 68.9 864.3
52.903 -0.00016 0.00000 3.3 4.5 -30.7 183.7 999.0 999.000 999.0 0.084 0.082 0.1 0.0 0.0 30.0 30.0 0 0.0 0 0 0 0 0.0 24.2 15.5 0.065 76.0 0.005 0.0 0.0 0.0 513.0 66.5 857.9
53.512 -0.00016 0.00000 3.2 4.4 -31.1 183.0 999.0 999.000 999.0 0.084 0.082 0.1 0.0 0.0 30.0 30.0 0 0.0 5 0 0 0 0.0 24.2 15.5 0.065 76.0 0.005 0.0 0.0 0.0 518.0 68.4 854.8
53.903 -0.00017 0.00000 3.2 4.3 -31.3 182.4 999.0 999.000 999.0 0.049 -0.047 0.1 0.0 0.0 30.0 30.0 0 0.0 0 0 0 0 0.0 24.1 15.5 0.065 76.0 0.005 0.0 0.0 0.0 522.9 64.4 853.9
54.514 -0.00017 0.00000 3.1 4.5 -31.3 182.1 999.0 999.000 999.0 0.049 -0.047 0.1 0.0 0.0 30.0 30.0 0 0.0 0 0 0 0 0.0 24.1 15.5 0.065 76.0 0.005 0.0 0.0 0.0 520.8 66.8 853.7
54.901 -0.00017 0.00000 3.0 4.7 -31.1 181.9 999.0 999.000 999.0 0.211 -0.126 0.1 0.0 0.0 30.0 30.0 0 0.0 0 0 0 0 0.0 24.1 15.5 0.065 76.0 0.005 0.0 0.0 0.0 518.0 69.8 855.4
55.513 -0.00017 0.00000 2.9 4.5 -30.7 181.9 999.0 999.000 999.0 0.211 -0.126 0.1 0.0 0.0 30.0 30.0 0 0.0 0 0 0 0 0.0 24.1 15.5 0.065 76.0 0.005 0.0 0.0 0.0 509.0 67.9 859.5
55.925 -0.00017 0.00000 2.8 4.5 -30.1 181.9 999.0 999.000 999.0 0.137 0.028 0.1 0.0 0.0 30.0 30.0 0 0.0 0 0 0 0 0.0 24.1 15.5 0.065 76.0 0.005 0.0 0.0 0.0 498.7 69.4 865.7
56.511 -0.00017 0.00000 2.7 4.8 -29.3 182.0 999.0 999.000 999.0 0.137 0.028 0.1 0.0 0.0 30.0 30.0 0 0.0 0 0 0 0 0.0 24.1 15.5 0.065 76.0 0.005 0.0 0.0 0.0 488.2 72.6 871.8
56.904 -0.00017 0.00000 2.6 5.0 -28.4 181.9 999.0 999.000 999.0 0.261 0.096 0.2 0.0 0.0 30.0 30.0 0 0.0 0 0 0 0 0.0 24.1 15.5 0.065 76.0 0.005 0.0 0.0 0.0 471.7 78.8 878.5
57.511 -0.00017 0.00000 2.5 5.2 -27.4 181.7 999.0 999.000 999.0 0.261 0.096 0.2 0.0 0.0 30.0 30.0 0 0.0 0 0 0 0 0.0 24.1 15.5 0.065 76.0 0.005 0.0 0.0 0.0 455.8 80.9 885.9
57.902 -0.00017 0.00000 2.4 5.3 -26.4 181.4 999.0 999.000 999.0 0.175 0.017 0.2 0.0 0.0 30.0 30.0 0 0.0 0 0 0 0 0.0 24.1 15.5 0.065 76.0 0.005 0.0 0.0 0.0 441.5 83.6 892.5
58.514 -0.00017 0.00000 2.3 5.4 -25.5 181.0 999.0 999.000 999.0 0.175 0.017 0.2 0.0 0.0 30.0 30.0 0 0.0 0 0 0 0 0.0 24.1 15.5 0.065 76.0 0.005 0.0 0.0 0.0 427.6 85.6 900.2
58.903 -0.00018 0.00000 2.2 5.5 -24.6 180.4 999.0 999.000 999.0 0.124 0.188 0.2 0.0 0.0 30.0 30.0 0 0.0 0 0 0 0 0.0 24.1 15.5 0.065 76.0 0.005 0.0 0.0 0.0 413.6 89.6 905.5
59.512 -0.00018 0.00000 2.1 5.6 -24.0 179.7 999.0 999.000 999.0 0.124 0.188 0.2 0.0 0.0 30.0 30.0 0 0.0 0 0 0 0 0.0 24.1 15.5 0.065 76.0 0.005 0.0 0.0 0.0 402.4 89.2 909.7
59.904 -0.00018 0.00000 2.0 5.5 -23.4 178.9 999.0 999.000 999.0 0.138 0.048 0.1 0.0 0.0 30.0 30.0 0 0.0 0 0 0 0 0.0 24.2 15.5 0.065 76.0 0.005 0.0 0.0 0.0 395.9 87.4 911.7
60.513 -0.00018 0.00000 1.9 5.3 -23.0 178.3 999.0 999.000 999.0 0.138 0.048 0.1 0.0 0.0 30.0 30.0 0 0.0 5 0 0 0 0.0 24.2 15.5 0.065 76.0 0.005 0.0 0.0 0.0 388.4 84.3 918.9
60.920 -0.00018 0.00000 1.8 5.2 -22.6 177.8 999.0 999.000 999.0 0.224 0.178 0.2 0.0 0.0 30.0 30.0 0 0.0 5 0 0 0 0.0 24.1 15.5 0.065 76.0 0.005 0.0 0.0 0.0 382.9 83.8 920.2
61.514 -0.00018 0.00000 1.7 5.2 -22.2 177.7 999.0 999.000 999.0 0.224 0.178 0.2 0.0 0.0 30.0 30.0 0 0.0 0 0 0 0 0.0 24.1 15.5 0.065 76.0 0.005 0.0 0.0 0.0 378.0 82.8 922.3
61.903 -0.00018 0.00000 1.6 5.2 -22.1 177.8 999.0 999.000 999.0 0.179 0.031 0.1 0.0 0.0 30.0 30.0 0 0.0 0 0 0 0 0.0 24.1 15.5 0.065 76.0 0.005 0.0 0.0 0.0 375.0 83.5 922.1
62.512 -0.00018 0.00000 1.5 5.1 -22.0 178.2 999.0 999.000 999.0 0.179 0.031 0.1 0.0 0.0 30.0 30.0 0 0.0 0 0 0 0 0.0 24.1 15.5 0.065 76.0 0.005 0.0 0.0 0.0 372.6 83.1 923.4
62.904 -0.00018 0.00000 1.4 5.4 -21.9 178.4 999.0 999.000 999.0 0.232 -0.078 0.1 0.0 0.0 30.0 30.0 0 0.0 0 0 0 0 0.0 24.1 15.5 0.065 76.0 0.005 0.0 0.0 0.0 374.0 89.1 923.8
63.513 -0.00019 0.00000 1.3 5.0 -22.1 178.7 999.0 999.000 999.0 0.232 -0.078 0.1 0.0 0.0 30.0 30.0 0 0.0 0 0 0 0 0.0 24.1 15.5 0.065 76.0 0.005 0.0 0.0 0.0 378.2 78.5 920.8
63.903 -0.00019 0.00000 1.2 5.0 -22.5 179.2 999.0 999.000 999.0 0.236 -0.039 0.1 0.0 0.0 30.0 30.0 0 0.0 0 0 0 0 0.0 24.1 15.5 0.065 76.0 0.005 0.0 0.0 0.0 382.5 80.1 920.6
64.514 -0.00019 0.00000 1.1 5.0 -22.8 179.7 999.0 999.000 999.0 0.236 -0.039 0.1 0.0 0.0 30.0 30.0 0 0.0 0 0 0 0 0.0 24.1 15.5 0.065 76.0 0.005 0.0 0.0 0.0 388.2 81.2 916.8
64.903 -0.00019 0.00000 1.0 4.7 -23.3 180.5 999.0 999.000 999.0 0.316 -0.086 0.1 0.0 0.0 30.0 30.0 0 0.0 0 0 0 0 0.0 24.1 15.5 0.065 76.0 0.005 0.0 0.0 0.0 397.7 72.4 915.0
65.514 -0.00019 0.00000 0.9 4.7 -23.9 181.3 999.0 999.000 999.0 0.316 -0.086 0.1 0.0 0.0 30.0 30.0 0 0.0 0 0 0 0 0.0 24.1 15.5 0.065 76.0 0.005 0.0 0.0 0.0 407.0 76.7 911.0
65.921 -0.00019 0.00000 0.8 4.5 -24.6 182.3 999.0 999.000 999.0 0.102 -0.106 0.1 0.0 0.0 30.0 30.0 0 0.0 0 0 0 0 0.0 24.1 15.5 0.065 76.0 0.005 0.0 0.0 0.0 417.4 69.6 905.7
66.512 -0.00019 0.00000 0.7 4.2 -25.0 183.4 999.0 999.000 999.0 0.102 -0.106 0.1 0.0 0.0 30.0 30.0 0 0.0 0 0 0 0 0.0 24.1 15.5 0.065 76.0 0.005 0.0 0.0 0.0 427.8 64.5 905.6
66.904 -0.00019 0.00000 0.6 4.2 -26.0 184.7 999.0 999.000 999.0 0.140 0.040 0.1 0.0 0.0 30.0 30.0 0 0.0 0 0 0 0 0.0 24.1 15.5 0.065 76.0 0.005 0.0 0.0 0.0 440.6 66.7 891.4
67.513 -0.00019 0.00000 0.5 4.7 -26.5 185.6 999.0 999.000 999.0 0.140 0.040 0.1 0.0 0.0 30.0 30.0 0 0.0 0 0 0 0 0.0 24.1 15.5 0.065 76.0 0.005 0.0 0.0 0.0 441.4 78.1 892.1
67.902 -0.00020 0.00000 0.4 4.3 -25.0 186.9 999.0 999.000 999.0 0.248 -0.063 0.1 0.0 0.0 30.0 30.0 0 0.0 0 0 0 0 0.0 24.1 15.5 0.065 76.0 0.005 0.0 0.0 0.0 402.8 69.4 904.5
68.515 -0.00020 0.00000 0.4 7.2 -18.4 188.2 999.0 999.000 999.0 0.248 -0.063 0.1 0.0 0.0 30.0 30.0 0 0.0 0 0 0 0 0.0 24.1 15.5 0.065 76.0 0.005 0.0 0.0 0.0 283.3 128.0 945.6
68.904 -0.00020 0.00000 0.3 8.4 -10.8 189.0 999.0 999.000 999.0 0.341 -0.084 0.2 0.0 0.0 30.0 30.0 0 0.0 0 0 0 0 0.0 24.1 15.5 0.065 76.0 0.005 0.0 0.0 0.0 179.1 146.1 971.7
69.514 -0.00020 0.00000 0.2 6.5 -5.6 188.9 999.0 999.000 999.0 0.341 -0.084 0.2 0.0 0.0 30.0 30.0 0 0.0 0 0 0 0 0.0 24.1 15.5 0.065 76.0 0.005 0.0 0.0 0.0 87.0 96.0 985.1
69.905 -0.00020 0.00000 0.2 3.9 -2.2 189.7 999.0 999.000 999.0 0.057 0.084 0.2 0.0 0.0 30.0 30.0 0 0.0 0 0 0 0 0.0 24.2 15.5 0.065 76.0 0.005 0.0 0.0 0.0 32.4 72.9 995.4
70.513 -0.00020 0.00000 0.1 5.6 -0.1 188.6 999.0 999.000 999.0 0.057 0.084 0.2 0.0 0.0 30.0 30.0 0 0.0 0 0 0 0 0.0 24.2 15.5 0.065 76.0 0.005 0.0 0.0 0.0 -5.0 96.7 992.5
70.923 -0.00020 0.00000 0.1 5.5 1.0 188.9 999.0 999.000 999.0 0.102 0.045 0.1 0.0 0.0 30.0 30.0 0 0.0 0 0 0 0 0.0 24.2 15.5 0.065 76.0 0.005 0.0 0.0 0.0 -16.1 96.2 1005.0
71.516 -0.00020 0.00000 0.1 5.9 1.6 188.2 999.0 999.000 999.0 0.102 0.045 0.1 0.0 0.0 30.0 30.0 0 0.0 5 0 0 0 0.0 24.2 15.5 0.065 76.0 0.005 0.0 0.0 0.0 -30.2 110.4 986.4
71.905 -0.00020 0.00000 0.1 6.0 2.2 187.3 999.0 999.000 999.0 0.149 -0.022 0.1 0.0 0.0 30.0 30.0 0 0.0 0 0 0 0 0.0 24.2 15.5 0.065 76.0 0.005 0.0 0.0 0.0 -34.5 93.4 996.1
72.513 -0.00020 0.00000 0.0 8.2 1.1 186.8 999.0 999.000 999.0 0.149 -0.022 0.1 0.0 0.0 30.0 30.0 0 0.0 0 0 0 0 0.0 24.2 15.5 0.065 76.0 0.005 0.0 0.0 0.0 -25.3 169.3 971.2
72.907 -0.00020 0.00000 0.1 6.3 -0.7 185.9 999.0 999.000 999.0 -0.017 -0.009 0.0 0.0 0.0 30.0 30.0 0 0.0 0 0 0 0 0.0 24.1 15.5 0.065 76.0 0.005 0.0 0.0 0.0 18.2 85.2 1000.0
73.515 -0.00021 0.00000 0.1 7.9 -1.4 185.2 999.0 999.000 999.0 -0.017 -0.009 0.0 0.0 0.0 30.0 30.0 0 0.0 0 0 0 0 0.0 24.1 15.5 0.065 76.0 0.005 0.0 0.0 0.0 30.2 156.6 985.4
73.904 -0.00021 0.00000 0.1 7.6 -2.1 184.3 999.0 999.000 999.0 0.092 -0.038 0.0 0.0 0.0 30.0 30.0 0 0.0 5 0 0 0 0.0 24.1 15.5 0.065 76.0 0.005 0.0 0.0 0.0 33.9 127.9 1002.0
74.515 -0.00021 0.00000 0.1 6.9 -1.7 184.0 999.0 999.000 999.0 0.092 -0.038 0.0 0.0 0.0 30.0 30.0 0 0.0 0 0 0 0 0.0 24.1 15.5 0.065 76.0 0.005 0.0 0.0 0.0 25.2 120.7 994.8
74.904 -0.00021 0.00000 0.1 6.1 -0.9 183.4 999.0 999.000 999.0 0.218 -0.056 0.0 0.0 0.0 30.0 30.0 0 0.0 0 0 0 0 0.0 24.2 15.5 0.065 76.0 0.005 0.0 0.0 0.0 10.8 101.3 978.7
75.514 -0.00021 0.00000 0.1 7.6 -0.0 183.3 999.0 999.000 999.0 0.218 -0.056 0.0 0.0 0.0 30.0 30.0 0 0.0 0 0 0 0 0.0 24.2 15.5 0.065 76.0 0.005 0.0 0.0 0.0 5.7 138.5 1018.0
75.925 -0.00021 0.00000 0.1 5.6 0.8 183.3 999.0 999.000 999.0 0.121 -0.036 0.0 0.0 0.0 30.0 30.0 0 0.0 0 0 0 0 0.0 24.1 15.5 0.065 76.0 0.005 0.0 0.0 0.0 -28.7 85.8 981.7
76.514 -0.00021 0.00000 0.1 5.6 1.8 183.3 999.0 999.000 999.0 0.121 -0.036 0.0 0.0 0.0 30.0 30.0 0 0.0 0 0 0 0 0.0 24.1 15.5 0.065 76.0 0.005 0.0 0.0 0.0 -31.8 100.8 989.8
76.905 -0.00021 0.00000 0.1 6.5 2.2 182.9 999.0 999.000 999.0 0.098 -0.008 0.0 0.0 0.0 30.0 30.0 0 0.0 0 0 0 0 0.0 24.1 15.5 0.065 76.0 0.005 0.0 0.0 0.0 -35.0 110.4 1004.0
77.516 -0.00021 0.00000 0.1 6.6 2.9 182.8 999.0 999.000 999.0 0.098 -0.008 0.0 0.0 0.0 30.0 30.0 0 0.0 0 0 0 0 0.0 24.1 15.5 0.065 76.0 0.005 0.0 0.0 0.0 -50.9 113.7 994.4
77.905 -0.00021 0.00000 0.1 6.1 2.5 182.5 99