7.387 0.00000 0.00000 0.1 7.9 0.5 126.3 999.0 999.000 999.0 nan nan nan 0.0 0.0 0.0 0.0 0 0.0 0 0 0 0 0.0 0.0 0.0 0.000 0.0 0.000 0.0 0.0 0.0 -12.3 130.1 1002.0
7.887 0.00000 0.00000 0.1 8.1 0.4 126.3 999.0 999.000 999.0 nan nan nan 0.0 0.0 0.0 0.0 0 0.0 0 0 0 0 0.0 24.1 15.5 0.065 75.0 0.005 0.0 0.0 0.0 2.2 134.0 983.0
8.387 0.00000 0.00000 0.1 8.8 -0.1 127.4 999.0 999.000 999.0 nan nan nan 0.0 0.0 0.0 0.0 0 0.0 0 0 0 0 0.0 24.1 15.5 0.065 75.0 0.005 0.0 0.0 0.0 -1.8 163.3 997.5
8.886 0.00000 0.00000 0.1 7.4 0.4 127.5 999.0 999.000 999.0 nan nan nan 0.0 0.0 0.0 0.0 0 0.0 0 0 0 0 0.0 24.1 15.5 0.065 75.0 0.005 0.0 0.0 0.0 -8.1 121.7 980.7
9.288 -0.00000 0.00000 0.1 7.2 0.4 128.2 999.0 999.000 999.0 -0.016 0.118 0.0 0.0 0.0 0.0 0.0 0 0.0 0 0 0 0 0.0 24.1 15.5 0.065 75.0 0.005 0.0 0.0 0.0 4.1 136.9 1004.0
9.907 -0.00000 0.00000 0.1 9.1 0.2 128.4 999.0 999.000 999.0 -0.016 0.118 0.0 0.0 0.0 0.0 0.0 0 0.0 0 0 0 0 0.0 24.1 15.5 0.065 75.0 0.005 0.0 0.0 0.0 -16.6 154.8 981.9
10.286 -0.00000 0.00000 0.1 8.4 0.9 129.0 999.0 999.000 999.0 -0.138 0.144 0.0 0.0 0.0 0.0 0.0 0 0.0 0 0 0 0 0.0 24.1 15.5 0.065 75.0 0.005 0.0 0.0 0.0 -9.1 152.2 991.3
10.886 -0.00000 0.00000 0.1 7.8 1.1 129.4 999.0 999.000 999.0 -0.138 0.144 0.0 0.0 0.0 0.0 0.0 0 0.0 0 0 0 0 0.0 24.1 15.5 0.065 75.0 0.005 0.0 0.0 0.0 -19.4 136.1 984.2
11.288 -0.00000 0.00000 0.1 6.5 0.8 129.5 999.0 999.000 999.0 0.052 -0.119 0.0 0.0 0.0 0.0 0.0 0 0.0 0 0 0 0 0.0 24.1 15.5 0.065 75.0 0.005 0.0 0.0 0.0 -16.5 127.5 1005.0
11.887 -0.00000 0.00000 0.1 7.0 1.6 129.7 999.0 999.000 999.0 0.052 -0.119 0.0 0.0 0.0 0.0 0.0 0 0.0 0 0 0 0 0.0 24.1 15.5 0.065 75.0 0.005 0.0 0.0 0.0 -35.9 117.4 973.4
12.286 -0.00000 0.00000 0.1 8.5 1.2 129.8 999.0 999.000 999.0 0.132 -0.060 -0.0 0.0 0.0 0.0 0.0 0 0.0 0 0 0 0 0.0 24.1 15.5 0.065 75.0 0.005 0.0 0.0 0.0 -8.4 148.0 1000.0
12.889 -0.00000 0.00000 0.1 7.5 1.0 130.1 999.0 999.000 999.0 0.132 -0.060 -0.0 0.0 0.0 0.0 0.0 0 0.0 0 0 0 0 0.0 24.1 15.5 0.065 75.0 0.005 0.0 0.0 0.0 -29.4 119.6 993.9
13.286 -0.00000 0.00001 0.1 7.4 0.8 130.7 999.0 999.000 999.0 0.145 -0.234 -0.0 0.0 0.0 0.0 0.0 0 0.0 0 0 0 0 0.0 24.1 15.5 0.065 75.0 0.005 0.0 0.0 0.0 -16.8 134.1 978.4
13.886 -0.00001 0.00001 0.1 8.6 1.2 130.8 999.0 999.000 999.0 0.145 -0.234 -0.0 0.0 0.0 0.0 0.0 0 0.0 0 0 0 0 0.0 24.1 15.5 0.065 75.0 0.005 0.0 0.0 0.0 -8.7 155.8 997.4
14.287 -0.00001 0.00001 0.1 8.7 0.6 131.5 999.0 999.000 999.0 0.279 -0.025 0.0 0.0 0.0 0.0 0.0 0 0.0 0 0 0 0 0.0 24.1 15.5 0.065 75.0 0.005 0.0 0.0 0.0 -16.2 145.3 988.2
14.912 -0.00001 0.00001 0.0 6.9 0.9 131.6 999.0 999.000 999.0 0.279 -0.025 0.0 0.0 0.0 0.0 0.0 0 0.0 0 0 0 0 0.0 24.1 15.5 0.065 75.0 0.005 0.0 0.0 0.0 -15.1 137.7 992.6
15.287 -0.00001 0.00001 0.1 8.0 0.6 132.2 999.0 999.000 999.0 0.123 -0.050 -0.0 0.0 0.0 0.0 0.0 0 0.0 0 0 0 0 0.0 24.1 15.5 0.065 75.0 0.005 0.0 0.0 0.0 -6.8 130.4 993.5
15.898 -0.00001 0.00001 0.1 9.6 0.5 132.6 999.0 999.000 999.0 0.123 -0.050 -0.0 0.0 0.0 0.0 0.0 0 0.0 0 0 0 0 0.0 24.1 15.5 0.065 75.0 0.005 0.0 0.0 0.0 -7.5 189.2 975.8
16.289 -0.00001 0.00001 0.1 8.9 -0.4 132.7 999.0 999.000 999.0 0.128 -0.116 0.0 0.0 0.0 0.0 0.0 0 0.0 0 0 0 0 0.0 24.1 15.5 0.065 75.0 0.005 0.0 0.0 0.0 2.9 146.1 988.4
16.897 -0.00001 0.00001 0.1 8.1 -0.1 133.8 145.0 999.000 999.0 0.128 -0.116 0.0 0.0 0.0 0.0 0.0 0 0.0 0 1 0 0 0.0 24.1 15.5 0.065 75.0 0.005 0.0 0.0 0.0 4.6 145.5 1005.0
17.290 -0.00001 0.00001 0.1 7.8 0.9 133.8 145.0 999.000 999.0 0.073 0.037 0.0 0.0 0.0 0.0 0.0 0 0.0 0 1 0 0 0.0 24.1 15.5 0.065 75.0 0.005 0.0 0.0 0.0 -18.4 136.6 981.0
17.897 -0.00001 0.00001 0.1 8.7 0.3 134.5 145.0 999.000 999.0 0.073 0.037 0.0 0.0 0.0 0.0 0.0 0 0.0 0 1 0 0 0.0 24.1 15.5 0.065 75.0 0.005 0.0 0.0 0.0 -2.9 167.5 1001.0
18.288 -0.00001 0.00001 0.1 8.4 1.0 134.3 145.0 999.000 999.0 0.179 -0.130 -0.0 0.0 0.0 0.0 0.0 0 0.0 0 1 0 0 0.0 24.1 15.5 0.065 75.0 0.005 0.0 0.0 0.0 -22.2 124.2 972.3
18.899 -0.00001 0.00001 0.1 7.8 0.5 135.4 145.0 999.000 999.0 0.179 -0.130 -0.0 0.0 0.0 0.0 0.0 0 0.0 0 1 0 0 0.0 24.1 15.5 0.065 75.0 0.005 0.0 0.0 0.0 -8.9 149.3 997.8
19.289 -0.00001 0.00001 0.1 5.9 1.6 135.2 145.0 999.000 3.0 -0.038 0.108 0.1 0.0 0.0 0.0 0.0 0 0.0 0 1 1 0 0.0 24.1 15.5 0.065 75.0 0.005 0.0 0.0 0.0 -22.5 93.7 1001.0
19.923 -0.00001 0.00001 0.1 9.0 1.1 135.8 145.0 999.000 3.0 -0.038 0.108 0.1 0.0 0.0 -7.5 -7.5 0 0.0 0 1 1 0 0.0 24.1 15.5 0.065 75.0 0.005 0.0 0.0 0.0 -23.4 154.3 991.2
20.290 -0.00001 0.00001 0.1 8.1 2.2 135.9 145.0 999.000 3.0 -0.049 0.024 -0.0 0.0 0.0 -7.7 -7.7 0 0.0 0 1 1 0 0.0 24.1 15.5 0.065 75.0 0.005 0.0 0.0 0.0 -39.7 139.2 980.1
20.898 -0.00001 0.00001 0.1 6.7 1.3 136.6 145.0 999.000 3.0 -0.049 0.024 -0.0 0.0 0.0 -7.8 -7.8 0 0.0 0 1 1 0 0.0 24.1 15.5 0.065 75.0 0.005 0.0 0.0 0.0 -14.0 131.4 1005.0
21.288 -0.00001 0.00001 0.1 7.1 1.7 136.5 145.0 999.000 3.0 0.026 -0.117 0.0 0.0 0.0 -7.9 -8.0 0 0.0 0 1 1 0 0.0 24.1 15.5 0.065 75.0 0.005 0.0 0.0 0.0 -33.7 97.7 994.0
21.897 -0.00001 0.00001 0.1 8.3 0.8 137.1 145.0 999.000 3.0 0.026 -0.117 0.0 0.0 0.0 -8.1 -8.1 0 0.0 0 1 1 0 0.0 24.1 15.5 0.065 75.0 0.005 0.0 0.0 0.0 -14.6 163.5 988.0
22.288 -0.00001 0.00001 0.1 7.2 2.1 137.6 145.0 999.000 3.0 -0.036 -0.001 0.0 0.0 0.0 -8.2 -8.2 0 0.0 0 1 1 0 0.0 24.1 15.5 0.065 75.0 0.005 0.0 0.0 0.0 -33.3 115.3 993.8
22.898 -0.00001 0.00001 0.0 7.1 1.0 138.2 145.0 999.000 3.0 -0.036 -0.001 0.0 0.0 0.0 -8.4 -8.4 0 0.0 0 1 1 0 0.0 24.1 15.5 0.065 75.0 0.005 0.0 0.0 0.0 -12.6 139.5 1005.0
23.290 -0.00001 0.00001 0.1 8.0 0.9 138.4 145.0 999.000 3.0 0.162 -0.118 0.0 0.0 0.0 -8.5 -8.6 0 0.0 0 1 1 0 0.0 24.1 15.5 0.065 75.0 0.005 0.0 0.0 0.0 -18.3 128.5 984.1
23.898 -0.00001 0.00002 0.1 8.5 0.2 139.5 145.0 999.000 3.0 0.162 -0.118 0.0 0.0 0.0 -8.7 -8.7 0 0.0 0 1 1 0 0.0 24.1 15.5 0.065 75.0 0.005 0.0 0.0 0.0 -2.4 167.6 982.4
24.302 -0.00001 0.00002 0.1 8.7 0.0 139.7 145.0 999.000 3.0 -0.036 0.053 -0.0 0.0 0.0 -8.8 -8.8 0 0.0 5 1 1 0 0.0 24.1 15.5 0.065 75.0 0.005 0.0 0.0 0.0 1.4 136.4 988.4
24.918 -0.00001 0.00002 0.1 20.3 -0.2 140.5 145.0 999.000 3.0 -0.036 0.053 -0.0 0.0 0.0 -9.0 -9.0 12 0.0 8669 1 1 0 0.0 24.1 15.5 0.065 75.0 0.005 0.0 0.0 0.0 -29.4 327.3 1039.0
25.288 -0.00001 0.00002 0.1 26.7 -1.7 142.5 145.0 999.000 3.0 -0.061 -0.007 0.0 0.0 0.0 -9.1 -9.1 12 0.0 8714 1 1 0 0.0 24.1 15.5 0.065 75.0 0.005 0.0 0.0 0.0 -47.8 258.2 783.7
25.900 -0.00002 0.00002 0.1 8.2 -1.0 145.2 145.0 999.000 3.0 -0.061 -0.007 0.0 0.0 0.0 -9.2 -9.2 12 0.0 9119 1 1 0 0.0 24.1 15.5 0.065 75.0 0.005 0.0 0.0 0.0 23.2 123.5 1058.0
26.289 -0.00002 0.00002 0.1 2.6 -2.7 148.3 145.0 999.000 3.0 -0.516 -0.084 0.0 0.0 0.0 -9.4 -9.4 12 0.0 9548 1 1 0 0.0 24.1 15.4 0.065 75.0 0.005 0.0 0.0 0.0 46.9 58.9 1055.0
26.897 -0.00002 0.00002 0.1 3.1 -2.7 152.2 145.0 999.000 3.0 -0.516 -0.084 0.0 0.0 0.0 -9.5 -9.5 12 0.0 9663 1 1 0 0.0 24.1 15.4 0.065 75.0 0.005 0.0 0.0 0.0 41.4 103.7 1011.0
27.293 -0.00002 0.00002 0.1 2.5 -4.2 154.8 145.0 999.000 3.0 -0.817 -0.082 0.0 0.0 0.0 -9.6 -9.6 12 8.4 9533 1 1 0 0.0 24.1 15.4 0.065 75.0 0.005 0.0 0.0 0.0 120.0 77.2 1119.0
27.904 -0.00003 0.00002 0.1 1.7 -6.2 156.8 145.0 999.000 3.0 -0.817 -0.082 0.0 0.0 0.0 -9.7 -9.7 12 0.0 9663 1 1 0 0.0 24.1 15.4 0.065 75.0 0.005 0.0 0.0 0.0 154.6 70.1 1135.0
28.288 -0.00003 0.00002 0.2 6.1 -8.2 159.4 145.0 999.000 3.0 -1.077 -0.063 0.0 0.0 0.0 -9.8 -9.8 12 0.0 9248 1 1 0 0.0 24.1 15.4 0.065 75.0 0.005 0.0 0.0 0.0 145.3 169.5 1034.0
28.899 -0.00004 0.00002 0.3 9.8 -10.4 160.4 145.0 999.000 3.0 -1.077 -0.063 0.0 0.0 0.0 -9.8 -9.8 12 0.0 8894 1 1 0 0.0 24.1 15.4 0.065 75.0 0.005 0.0 0.0 0.0 174.4 143.2 851.8
29.288 -0.00004 0.00003 0.4 14.3 -13.3 161.6 145.0 999.000 3.0 -1.232 0.014 -0.0 0.0 0.0 -9.7 -9.7 12 0.0 8279 1 1 0 0.0 24.1 15.4 0.065 75.0 0.005 0.0 0.0 0.0 227.3 234.7 917.2
29.914 -0.00005 0.00003 0.5 17.1 -14.8 161.1 145.0 999.000 3.0 -1.232 0.014 -0.0 0.0 0.0 -9.6 -9.5 12 8.4 8249 1 1 0 0.0 24.1 15.4 0.065 75.0 0.005 0.0 0.0 0.0 265.2 291.7 945.8
30.290 -0.00005 0.00003 0.7 16.4 -17.5 161.1 145.0 999.000 3.0 -1.186 0.092 0.0 -16.1 -16.1 -9.3 -9.3 12 0.0 8214 1 1 0 0.0 24.1 15.4 0.065 75.0 0.005 0.0 0.0 0.0 304.7 286.5 903.5
30.899 -0.00006 0.00003 0.8 7.2 -19.2 157.2 145.0 999.000 3.0 -1.186 0.092 0.0 -16.1 -16.1 -9.1 -9.1 12 0.0 8259 1 1 0 0.0 24.1 15.4 0.065 75.0 0.005 0.0 0.0 0.0 344.6 128.5 947.8
31.289 -0.00006 0.00004 1.0 -3.0 -20.5 152.5 145.0 999.000 3.0 -1.428 -0.095 0.1 -12.2 -12.2 -8.8 -8.8 12 0.0 8309 1 1 0 0.0 24.1 15.4 0.065 75.0 0.005 0.0 0.0 0.0 357.7 -52.9 920.0
31.901 -0.00007 0.00004 1.2 -7.1 -22.1 149.0 145.0 999.000 3.0 -1.428 -0.095 0.1 -7.5 -7.5 -8.4 -8.4 12 0.0 8279 1 1 0 0.0 24.1 15.4 0.065 75.0 0.005 0.0 0.0 0.0 380.8 -103.0 930.1
32.300 -0.00007 0.00004 1.5 -6.1 -23.7 147.3 145.0 999.000 3.0 -1.291 0.032 0.1 -4.0 -4.0 -8.0 -8.0 12 0.0 8259 1 1 0 0.0 24.1 15.4 0.065 75.0 0.005 0.0 0.0 0.0 405.4 -86.8 901.7
32.899 -0.00008 0.00004 1.7 -1.6 -24.8 146.9 145.0 999.000 3.0 -1.291 0.032 0.1 0.0 0.0 -7.5 -7.5 12 0.0 8219 1 1 0 0.0 24.1 15.4 0.065 75.0 0.005 0.0 0.0 0.0 432.8 -44.8 885.0
33.290 -0.00008 0.00005 2.0 4.9 -25.7 147.5 145.0 999.000 3.0 -1.379 0.034 0.1 0.0 0.0 -6.9 -6.9 12 0.0 8269 1 1 0 0.0 24.1 15.4 0.065 75.0 0.005 0.0 0.0 0.0 440.0 63.4 888.9
33.899 -0.00009 0.00005 2.3 9.4 -26.3 148.0 145.0 999.000 3.0 -1.379 0.034 0.1 0.0 0.0 -6.3 -6.3 12 8.4 8289 1 1 0 0.0 24.1 15.4 0.065 75.0 0.005 0.0 0.0 0.0 449.8 144.2 892.4
34.290 -0.00009 0.00005 2.6 11.6 -26.6 148.4 145.0 999.000 3.0 -1.531 -0.022 0.1 -3.0 -3.0 -5.6 -5.6 12 8.4 8279 1 1 0 0.0 24.1 15.4 0.065 75.0 0.005 0.0 0.0 0.0 438.6 191.2 865.3
34.915 -0.00010 0.00006 2.9 11.2 -25.9 148.1 145.0 999.000 3.0 -1.531 -0.022 0.1 -3.4 -3.4 0.0 0.0 12 0.0 8334 1 1 0 0.0 24.1 15.4 0.065 75.0 0.005 0.0 0.0 0.0 434.9 156.2 867.3
35.289 -0.00010 0.00006 3.1 10.8 -23.7 147.9 145.0 999.000 3.0 -1.563 -0.022 0.1 -3.1 -3.1 0.0 0.0 12 0.0 8314 1 1 0 0.0 24.1 15.4 0.065 75.0 0.005 0.0 0.0 0.0 402.2 179.9 897.3
35.900 -0.00011 0.00007 3.4 9.8 -21.5 147.8 145.0 999.000 3.0 -1.563 -0.022 0.1 -2.9 -2.9 0.0 0.0 12 0.0 8359 1 1 0 0.0 24.1 15.4 0.065 75.0 0.005 0.0 0.0 0.0 375.6 160.3 930.0
36.289 -0.00012 0.00007 3.6 9.4 -19.4 147.8 145.0 999.000 3.0 -1.546 -0.032 0.1 -2.8 -2.8 0.0 0.0 12 0.0 8324 1 1 0 0.0 24.1 15.4 0.065 75.0 0.005 0.0 0.0 0.0 331.7 167.1 961.7
36.901 -0.00012 0.00007 3.9 9.3 -17.7 147.6 145.0 999.000 3.0 -1.546 -0.032 0.1 -2.8 -2.8 -2.2 -2.2 12 8.4 8339 1 1 0 0.0 24.1 15.4 0.065 75.0 0.005 0.0 0.0 0.0 296.3 174.6 945.2
37.291 -0.00013 0.00008 4.1 9.1 -16.6 147.3 145.0 999.000 3.0 -1.632 -0.020 0.1 -2.6 -2.6 -1.6 -1.6 12 8.4 8309 1 1 0 0.0 24.1 15.4 0.065 75.0 0.005 0.0 0.0 0.0 289.4 188.9 956.4
37.899 -0.00013 0.00008 4.2 9.6 -15.3 147.4 145.0 999.000 3.0 -1.632 -0.020 0.1 0.0 0.0 -1.0 -1.0 12 0.0 8324 1 1 0 0.0 24.1 15.4 0.065 75.0 0.005 0.0 0.0 0.0 260.6 176.2 954.0
38.288 -0.00014 0.00008 4.4 11.3 -13.8 147.9 145.0 999.000 3.0 -1.429 0.035 0.1 0.0 0.0 -0.5 -0.5 12 0.0 8334 1 1 0 0.0 24.1 15.4 0.065 75.0 0.005 0.0 0.0 0.0 244.6 197.4 967.2
38.901 -0.00015 0.00009 4.6 12.2 -12.1 148.0 145.0 999.000 3.0 -1.429 0.035 0.1 -2.9 -2.9 0.0 -0.0 12 8.4 8339 1 1 0 0.0 24.1 15.4 0.065 75.0 0.005 0.0 0.0 0.0 204.1 207.4 958.1
39.290 -0.00015 0.00009 4.7 11.1 -10.2 147.1 145.0 999.000 3.0 -1.453 -0.018 0.1 -3.0 -3.0 0.4 0.4 12 0.0 8364 1 1 0 0.0 24.1 15.4 0.065 75.0 0.005 0.0 0.0 0.0 179.6 212.8 980.9
39.918 -0.00016 0.00010 4.8 10.8 -8.0 146.3 145.0 999.000 3.0 -1.453 -0.018 0.1 0.0 0.0 0.8 0.8 12 0.0 8349 1 1 0 0.0 24.1 15.4 0.065 75.0 0.005 0.0 0.0 0.0 136.8 160.0 954.8
40.292 -0.00016 0.00010 4.9 11.8 -6.1 146.3 145.0 999.000 3.0 -1.360 -0.063 0.0 0.0 0.0 1.2 1.2 12 0.0 8374 1 1 0 0.0 24.1 15.4 0.065 75.0 0.005 0.0 0.0 0.0 96.8 215.9 967.0
40.899 -0.00017 0.00010 4.9 13.3 -4.1 146.6 145.0 999.000 3.0 -1.360 -0.063 0.0 0.0 0.0 1.5 1.5 12 8.4 8359 1 1 0 0.0 24.1 15.4 0.065 75.0 0.005 0.0 0.0 0.0 83.7 251.1 1008.0
41.289 -0.00017 0.00011 4.9 13.9 -1.9 146.8 145.0 999.000 3.0 -1.557 -0.046 0.1 0.0 0.0 1.7 1.7 12 0.0 8379 1 1 0 0.0 24.1 15.4 0.065 75.0 0.005 0.0 0.0 0.0 26.1 271.3 995.0
41.901 -0.00018 0.00011 4.9 14.2 0.2 147.0 145.0 999.000 3.0 -1.557 -0.046 0.1 0.0 0.0 1.8 1.9 12 8.4 8389 1 1 0 0.0 24.1 15.4 0.065 75.0 0.005 0.0 0.0 0.0 -18.1 248.7 977.5
42.290 -0.00018 0.00011 4.9 14.2 2.4 147.1 145.0 999.000 3.0 -1.574 0.026 0.0 0.0 0.0 1.9 1.9 12 8.4 8379 1 1 0 0.0 24.1 15.4 0.065 75.0 0.005 0.0 0.0 0.0 -51.5 263.0 992.6
42.899 -0.00019 0.00012 4.9 14.2 4.5 147.3 145.0 999.000 3.0 -1.574 0.026 0.0 0.0 0.0 2.0 2.0 12 0.0 8354 1 1 0 0.0 24.1 15.4 0.065 75.0 0.005 0.0 0.0 0.0 -89.5 244.3 988.9
43.292 -0.00020 0.00012 4.8 14.2 6.6 147.4 145.0 999.000 3.0 -1.548 -0.041 0.1 0.0 0.0 1.9 1.9 12 8.4 8384 1 1 0 0.0 24.1 15.4 0.065 75.0 0.005 0.0 0.0 0.0 -121.0 217.0 960.3
43.899 -0.00020 0.00013 4.7 14.0 8.6 147.5 145.0 999.000 3.0 -1.548 -0.041 0.1 0.0 0.0 1.8 1.8 12 0.0 8389 1 1 0 0.0 24.1 15.4 0.065 75.0 0.005 0.0 0.0 0.0 -158.0 243.9 964.8
44.290 -0.00021 0.00013 4.5 14.5 10.6 147.6 145.0 999.000 3.0 -1.518 -0.022 0.0 0.0 0.0 1.6 1.6 12 0.0 8394 1 1 0 0.0 24.1 15.4 0.065 75.0 0.005 0.0 0.0 0.0 -183.0 225.3 965.5
44.926 -0.00021 0.00013 4.3 13.8 12.6 147.5 145.0 999.000 3.0 -1.518 -0.022 0.0 -2.6 -2.6 1.3 1.3 12 8.4 8364 1 1 0 0.0 24.1 15.4 0.065 75.0 0.005 0.0 0.0 0.0 -216.0 228.6 962.7
45.290 -0.00022 0.00014 4.2 12.4 14.3 146.8 145.0 999.000 3.0 -1.452 -0.057 0.1 0.0 0.0 0.9 0.9 12 0.0 8349 1 1 0 0.0 24.1 15.4 0.065 75.0 0.005 0.0 0.0 0.0 -243.0 197.4 958.6
45.900 -0.00022 0.00014 3.9 13.1 15.7 146.7 145.0 999.000 3.0 -1.452 -0.057 0.1 0.0 0.0 0.5 0.5 12 0.0 8399 1 1 0 0.0 24.1 15.4 0.065 75.0 0.005 0.0 0.0 0.0 -273.0 222.2 966.5
46.291 -0.00023 0.00014 3.7 13.8 17.2 146.7 145.0 999.000 3.0 -1.609 -0.072 0.0 0.0 0.0 0.1 0.1 12 0.0 8354 1 1 0 0.0 24.1 15.4 0.065 75.0 0.005 0.0 0.0 0.0 -293.0 241.4 930.6
46.900 -0.00024 0.00015 3.5 14.6 18.4 146.6 145.0 999.000 3.0 -1.609 -0.072 0.0 0.0 0.0 -0.5 -0.5 12 0.0 8364 1 1 0 0.0 24.1 15.4 0.065 75.0 0.005 0.0 0.0 0.0 -313.0 259.2 935.8
47.291 -0.00024 0.00015 3.2 14.8 19.5 146.6 145.0 999.000 3.0 -1.667 -0.041 0.0 0.0 0.0 0.0 0.0 12 0.0 8369 1 1 0 0.0 24.1 15.4 0.065 75.0 0.005 0.0 0.0 0.0 -334.0 261.4 938.0
47.902 -0.00025 0.00016 2.9 15.1 20.7 146.6 145.0 999.000 3.0 -1.667 -0.041 0.0 0.0 0.0 0.0 0.0 12 8.4 8389 1 1 0 0.0 24.1 15.4 0.065 75.0 0.005 0.0 0.0 0.0 -362.0 228.6 883.6
48.291 -0.00026 0.00016 2.6 15.3 22.1 146.6 145.0 999.000 3.0 -1.467 -0.028 0.0 0.0 0.0 0.0 0.0 12 0.0 8364 1 1 0 0.0 24.1 15.4 0.065 75.0 0.005 0.0 0.0 0.0 -380.0 216.4 880.4
48.901 -0.00026 0.00016 2.3 15.5 23.4 146.6 145.0 999.000 3.0 -1.467 -0.028 0.0 0.0 0.0 0.0 0.0 12 0.0 8359 1 1 0 0.0 24.1 15.4 0.065 75.0 0.005 0.0 0.0 0.0 -396.0 265.9 913.7
49.291 -0.00027 0.00017 2.0 15.1 24.5 146.6 145.0 999.000 3.0 -1.561 0.092 0.0 0.0 0.0 -4.0 -4.0 12 0.0 8374 1 1 0 0.0 24.1 15.4 0.065 75.0 0.005 0.0 0.0 0.0 -421.0 231.5 878.5
49.928 -0.00027 0.00017 1.6 14.6 24.1 146.1 145.0 999.000 3.0 -1.561 0.092 0.0 0.0 0.0 -4.9 -4.9 12 0.0 8369 1 1 0 0.0 24.1 15.4 0.065 75.0 0.005 0.0 0.0 0.0 -411.0 239.1 882.3
50.292 -0.00028 0.00018 1.3 14.1 23.5 145.6 145.0 999.000 3.0 -1.665 -0.007 0.0 0.0 0.0 -5.9 -5.9 12 0.0 8374 1 1 0 0.0 24.1 15.4 0.065 75.0 0.005 0.0 0.0 0.0 -393.0 197.3 887.4
50.901 -0.00028 0.00018 1.0 13.2 22.3 144.9 145.0 999.000 3.0 -1.665 -0.007 0.0 0.0 0.0 -6.8 -6.8 12 0.0 8304 1 1 0 0.0 24.1 15.4 0.065 75.0 0.005 0.0 0.0 0.0 -383.0 216.2 893.7
51.289 -0.00029 0.00018 0.7 12.7 21.1 144.2 145.0 999.000 3.0 -1.701 0.038 0.0 0.0 0.0 -7.7 -7.7 12 0.0 8294 1 1 0 0.0 24.1 15.4 0.065 75.0 0.005 0.0 0.0 0.0 -341.0 236.8 927.2
51.902 -0.00030 0.00019 0.3 11.7 19.1 143.4 145.0 999.000 3.0 -1.701 0.038 0.0 0.0 0.0 -8.6 -8.6 12 0.0 8334 1 1 0 0.0 24.1 15.4 0.065 75.0 0.005 0.0 0.0 0.0 -328.0 200.5 928.2
52.290 -0.00030 0.00019 0.1 12.4 15.7 142.3 145.0 999.000 3.0 -1.511 -0.152 0.1 0.0 0.0 -9.5 -9.5 12 0.0 8339 1 1 0 0.0 24.1 15.4 0.065 75.0 0.005 0.0 0.0 0.0 -254.0 169.8 869.5
52.899 -0.00031 0.00020 0.0 13.9 4.1 141.7 145.0 999.000 3.0 -1.511 -0.152 0.1 0.0 0.0 -10.3 -10.3 12 0.0 8374 1 1 0 0.0 24.1 15.4 0.065 75.0 0.005 0.0 0.0 0.0 -47.7 213.7 896.9
53.293 -0.00031 0.00020 0.1 15.4 -4.7 141.0 145.0 999.000 3.0 -1.539 -0.204 -0.2 0.0 0.0 -10.5 -10.5 12 0.0 8844 1 1 0 0.0 24.1 15.4 0.065 75.0 0.005 0.0 0.0 0.0 122.9 265.8 972.8
53.901 -0.00032 0.00021 0.2 14.1 -7.9 140.5 145.0 999.000 3.0 -1.539 -0.204 -0.2 0.0 0.0 -10.4 -10.4 12 8.4 8444 1 1 0 0.0 24.1 15.4 0.065 75.0 0.005 0.0 0.0 0.0 143.1 243.6 995.9
54.291 -0.00032 0.00021 0.3 11.6 -9.6 139.9 145.0 999.000 3.0 -1.465 -0.053 -0.0 0.0 0.0 -10.4 -10.3 12 0.0 8359 1 1 0 0.0 24.1 15.4 0.065 75.0 0.005 0.0 0.0 0.0 180.7 186.8 948.7
54.935 -0.00033 0.00021 0.4 10.2 -12.0 140.5 145.0 999.000 3.0 -1.465 -0.053 -0.0 0.0 0.0 -10.3 -10.3 0 0.0 5424 1 1 0 0.0 24.1 15.4 0.065 75.0 0.005 0.0 0.0 0.0 271.6 176.8 977.3
55.293 -0.00033 0.00022 0.5 4.7 -13.7 140.3 145.0 999.000 3.0 -1.548 -0.001 0.1 0.0 0.0 -10.1 -10.1 0 0.0 0 1 1 0 0.0 24.1 15.4 0.065 75.0 0.005 0.0 0.0 0.0 292.7 59.8 960.6
55.901 -0.00034 0.00022 0.6 2.2 -16.4 140.9 145.0 999.000 3.0 -1.548 -0.001 0.1 4.7 4.7 -10.0 -10.0 0 0.0 0 1 1 0 0.0 24.1 15.4 0.065 75.0 0.005 0.0 0.0 0.0 307.3 33.2 938.2
56.292 -0.00034 0.00023 0.7 3.9 -19.0 142.1 145.0 999.000 3.0 -0.984 -0.138 0.1 4.1 4.1 -9.8 -9.8 0 0.0 0 1 1 0 0.0 24.1 15.4 0.065 75.0 0.005 0.0 0.0 0.0 344.1 62.8 933.0
56.901 -0.00035 0.00023 0.8 5.6 -21.8 143.6 145.0 999.000 3.0 -0.984 -0.138 0.1 2.9 2.9 -9.7 -9.7 0 0.0 5 1 1 0 0.0 24.1 15.4 0.065 75.0 0.005 0.0 0.0 0.0 381.2 90.5 919.8
57.292 -0.00035 0.00023 1.0 6.4 -24.2 144.5 145.0 999.000 3.0 -0.953 -0.081 0.1 0.0 0.0 -9.5 -9.5 0 0.0 0 1 1 0 0.0 24.1 15.5 0.065 75.0 0.005 0.0 0.0 0.0 415.5 97.0 902.6
57.903 -0.00035 0.00023 1.1 6.0 -26.0 144.9 145.0 999.000 3.0 -0.953 -0.081 0.1 0.0 0.0 -9.4 -9.4 0 0.0 0 1 1 0 0.0 24.1 15.5 0.065 75.0 0.005 0.0 0.0 0.0 441.9 95.5 891.0
58.292 -0.00036 0.00024 1.1 5.7 -27.6 144.9 145.0 999.000 3.0 -0.717 -0.098 0.1 0.0 0.0 -9.2 -9.2 0 0.0 0 1 1 0 0.0 24.1 15.5 0.065 75.0 0.005 0.0 0.0 0.0 467.4 86.0 885.1
58.902 -0.00036 0.00024 1.2 5.5 -29.2 145.0 145.0 999.000 3.0 -0.717 -0.098 0.1 0.0 0.0 -9.1 -9.1 0 0.0 0 1 1 0 0.0 24.1 15.5 0.065 75.0 0.005 0.0 0.0 0.0 490.6 82.9 871.9
59.294 -0.00036 0.00024 1.3 5.6 -30.5 144.8 145.0 999.000 3.0 -0.699 -0.136 0.1 0.0 0.0 -8.9 -8.9 0 0.0 0 1 1 0 0.0 24.1 15.5 0.065 75.0 0.005 0.0 0.0 0.0 508.7 86.1 862.0
59.920 -0.00036 0.00024 1.4 5.9 -31.4 144.7 145.0 999.000 3.0 -0.699 -0.136 0.1 0.0 0.0 -8.8 -8.8 0 0.0 0 1 1 0 0.0 24.1 15.5 0.065 75.0 0.005 0.0 0.0 0.0 524.6 89.7 848.6
60.293 -0.00037 0.00024 1.5 5.7 -32.3 144.8 145.0 999.000 3.0 -0.388 -0.160 0.1 0.0 0.0 -8.7 -8.7 0 0.0 0 1 1 0 0.0 24.1 15.5 0.065 75.0 0.005 0.0 0.0 0.0 535.2 80.9 844.2
60.904 -0.00037 0.00024 1.5 5.7 -32.8 144.8 145.0 999.000 3.0 -0.388 -0.160 0.1 0.0 0.0 -8.6 -8.6 0 0.0 0 1 1 0 0.0 24.1 15.5 0.065 75.0 0.005 0.0 0.0 0.0 547.2 85.2 840.0
61.292 -0.00037 0.00024 1.6 6.0 -33.6 144.9 145.0 999.000 3.0 -0.357 -0.092 0.1 0.0 0.0 -8.5 -8.5 0 0.0 0 1 1 0 0.0 24.1 15.5 0.065 75.0 0.005 0.0 0.0 0.0 554.7 85.2 830.5
61.903 -0.00037 0.00025 1.6 6.0 -34.1 145.2 145.0 999.000 3.0 -0.357 -0.092 0.1 0.0 0.0 -8.4 -8.4 0 0.0 0 1 1 0 0.0 24.1 15.5 0.065 75.0 0.005 0.0 0.0 0.0 560.7 86.2 825.1
62.292 -0.00037 0.00025 1.7 6.1 -34.4 145.3 145.0 999.000 3.0 -0.521 0.050 0.1 0.0 0.0 -8.4 -8.4 0 0.0 0 1 1 0 0.0 24.1 15.5 0.065 75.0 0.005 0.0 0.0 0.0 567.0 88.9 824.3
62.902 -0.00037 0.00025 1.7 5.9 -34.6 145.4 145.0 999.000 3.0 -0.521 0.050 0.1 0.0 0.0 -8.3 -8.3 0 0.0 0 1 1 0 0.0 24.1 15.5 0.065 75.0 0.005 0.0 0.0 0.0 569.7 81.8 824.2
63.294 -0.00038 0.00025 1.7 5.8 -34.7 145.6 145.0 999.000 3.0 -0.244 0.026 0.1 0.0 0.0 -8.3 -8.3 0 0.0 0 1 1 0 0.0 6270.8 15.5 0.065 75.0 0.005 0.0 0.0 0.0 570.6 82.1 820.1
63.903 -0.00038 0.00025 1.8 5.7 -34.8 145.9 145.0 999.000 3.0 -0.244 0.026 0.1 0.0 0.0 -8.3 -8.3 0 0.0 5 1 1 0 0.0 24.1 15.5 0.065 75.0 0.005 0.0 0.0 0.0 570.8 80.0 819.0
64.291 -0.00038 0.00025 1.8 5.6 -34.7 146.1 145.0 999.000 3.0 -0.304 0.167 0.1 0.0 0.0 -8.3 -8.3 0 0.0 0 1 1 0 0.0 24.1 15.5 0.065 75.0 0.005 0.0 0.0 0.0 572.0 80.5 821.4
64.924 -0.00038 0.00025 1.8 5.4 -34.7 146.5 145.0 999.000 3.0 -0.304 0.167 0.1 0.0 0.0 -8.4 -8.4 0 0.0 0 1 1 0 0.0 24.1 15.5 0.065 75.0 0.005 0.0 0.0 0.0 568.6 78.0 821.7
65.293 -0.00038 0.00025 1.8 5.6 -34.5 146.7 145.0 999.000 3.0 -0.206 0.046 0.1 0.0 0.0 -8.4 -8.4 0 0.0 5 1 1 0 0.0 24.1 15.5 0.065 75.0 0.005 0.0 0.0 0.0 565.7 81.4 824.0
65.903 -0.00038 0.00025 1.8 5.7 -34.3 146.9 145.0 999.000 3.0 -0.206 0.046 0.1 0.0 0.0 -8.5 -8.5 0 0.0 0 1 1 0 0.0 24.1 15.5 0.065 75.0 0.005 0.0 0.0 0.0 563.5 82.7 824.1
66.295 -0.00038 0.00025 1.8 5.5 -34.2 147.2 145.0 999.000 3.0 -0.150 -0.045 0.1 0.0 0.0 -8.5 -8.6 0 0.0 0 1 1 0 0.0 24.1 15.5 0.065 75.0 0.005 0.0 0.0 0.0 561.9 79.6 825.4
66.902 -0.00038 0.00025 1.7 5.7 -34.0 147.7 145.0 999.000 3.0 -0.150 -0.045 0.1 0.0 0.0 -8.6 -8.6 0 0.0 0 1 1 0 0.0 24.1 15.5 0.065 75.0 0.005 0.0 0.0 0.0 559.1 82.7 826.7
67.292 -0.00038 0.00025 1.7 5.9 -33.9 148.1 145.0 999.000 3.0 0.050 0.091 0.1 -2.7 -2.7 -8.8 -8.8 0 0.0 5 1 1 0 0.0 24.1 15.5 0.065 75.0 0.005 0.0 0.0 0.0 555.4 84.1 829.3
67.905 -0.00038 0.00025 1.7 5.8 -33.7 148.6 145.0 999.000 3.0 0.050 0.091 0.1 -3.1 -3.1 -8.9 -8.9 0 0.0 0 1 1 0 0.0 24.1 15.5 0.065 75.0 0.005 0.0 0.0 0.0 554.4 84.1 830.0
68.294 -0.00038 0.00025 1.7 5.8 -33.5 149.2 145.0 999.000 3.0 -0.061 -0.006 0.1 -3.6 -3.6 -9.0 -9.0 0 0.0 0 1 1 0 0.0 24.1 15.5 0.065 75.0 0.005 0.0 0.0 0.0 551.6 82.0 832.3
68.902 -0.00038 0.00025 1.6 5.7 -33.3 150.0 145.0 999.000 3.0 -0.061 -0.006 0.1 -4.2 -4.2 -9.2 -9.2 0 0.0 0 1 1 0 0.0 24.1 15.5 0.065 75.0 0.005 0.0 0.0 0.0 550.3 82.1 833.7
69.295 -0.00039 0.00025 1.6 5.8 -33.2 150.5 145.0 999.000 3.0 0.022 -0.071 0.1 -5.0 -5.0 -9.4 -9.4 0 0.0 0 1 1 0 0.0 24.1 15.5 0.065 75.0 0.005 0.0 0.0 0.0 545.7 87.0 836.3
69.923 -0.00039 0.00026 1.5 5.7 -32.8 150.9 145.0 999.000 3.0 0.022 -0.071 0.1 -5.5 -5.5 -9.5 -9.5 0 0.0 0 1 1 0 0.0 24.1 15.5 0.065 75.0 0.005 0.0 0.0 0.0 541.8 83.3 840.3
70.293 -0.00039 0.00026 1.5 5.7 -32.4 151.6 145.0 999.000 3.0 0.043 -0.035 0.1 -5.9 -5.9 -9.8 -9.8 0 0.0 0 1 1 0 0.0 24.1 15.5 0.065 75.0 0.005 0.0 0.0 0.0 536.9 83.2 842.7
70.905 -0.00039 0.00026 1.4 6.2 -32.0 152.2 145.0 999.000 3.0 0.043 -0.035 0.1 -6.6 -6.6 -10.0 -10.0 0 0.0 0 1 1 0 0.0 24.1 15.5 0.065 75.0 0.005 0.0 0.0 0.0 529.7 91.8 847.5
71.294 -0.00039 0.00026 1.3 6.0 -31.5 152.6 145.0 999.000 3.0 0.104 0.046 0.1 -7.2 -7.2 -10.2 -10.2 0 0.0 5 1 1 0 0.0 24.1 15.5 0.065 75.0 0.005 0.0 0.0 0.0 520.9 85.2 849.3
71.903 -0.00039 0.00026 1.2 5.3 -30.6 153.3 145.0 999.000 3.0 0.104 0.046 0.1 -7.6 -7.6 -10.5 -10.5 0 0.0 0 1 1 0 0.0 24.1 15.5 0.065 75.0 0.005 0.0 0.0 0.0 506.0 78.5 860.9
72.295 -0.00039 0.00026 1.2 6.0 -29.6 153.8 145.0 999.000 3.0 0.168 -0.015 0.1 -8.3 -8.3 -10.7 -10.7 0 0.0 0 1 1 0 0.0 24.1 15.5 0.065 75.0 0.005 0.0 0.0 0.0 493.0 93.9 867.3
72.904 -0.00039 0.00026 1.1 6.0 -28.7 154.0 145.0 999.000 3.0 0.168 -0.015 0.1 -8.8 -8.8 -11.0 -11.0 0 0.0 0 1 1 0 0.0 24.1 15.5 0.065 75.0 0.005 0.0 0.0 0.0 475.0 88.5 875.9
73.294 -0.00039 0.00026 1.0 5.2 -27.3 154.1 145.0 999.000 3.0 0.121 -0.102 0.2 -9.0 -9.0 -11.3 -11.3 0 0.0 5 1 1 0 0.0 24.1 15.5 0.065 75.0 0.005 0.0 0.0 0.0 453.0 78.7 887.5
73.904 -0.00039 0.00026 0.9 6.0 -26.1 154.0 145.0 999.000 3.0 0.121 -0.102 0.2 -9.1 -9.1 -11.6 -11.6 0 0.0 0 1 1 0 0.0 24.1 15.5 0.065 75.0 0.005 0.0 0.0 0.0 434.6 92.2 895.7
74.294 -0.00039 0.00026 0.8 5.9 -24.6 153.9 145.0 999.000 3.0 0.116 0.004 0.2 -9.0 -9.0 -11.9 -11.9 0 0.0 0 1 1 0 0.0 24.1 15.5 0.065 75.0 0.005 0.0 0.0 0.0 412.2 95.4 904.2
74.924 -0.00039 0.00026 0.7 5.7 -23.1 153.2 145.0 999.000 3.0 0.116 0.004 0.2 -8.9 -8.9 -12.3 -12.3 0 0.0 5 1 1 0 0.0 24.1 15.5 0.065 75.0 0.005 0.0 0.0 0.0 388.1 86.3 918.5
75.294 -0.00039 0.00026 0.7 5.1 -21.8 153.5 145.0 999.000 3.0 0.025 0.117 0.1 -8.2 -8.2 -12.6 -12.6 0 0.0 0 1 1 0 0.0 24.1 15.5 0.065 75.0 0.005 0.0 0.0 0.0 365.3 80.6 931.0
75.903 -0.00039 0.00026 0.6 6.2 -20.2 153.8 145.0 999.000 3.0 0.025 0.117 0.1 -8.5 -8.5 -12.9 -12.9 0 0.0 0 1 1 0 0.0 24.1 15.5 0.065 75.0 0.005 0.0 0.0 0.0 346.2 106.8 925.1
76.295 -0.00040 0.00026 0.5 6.2 -19.2 153.5 145.0 999.000 3.0 0.189 -0.048 0.2 -8.8 -8.8 -13.3 -13.3 0 0.0 0 1 1 0 0.0 24.1 15.5 0.065 75.0 0.005 0.0 0.0 0.0 323.1 98.8 941.3
76.903 -0.00040 0.00026 0.4 4.8 -18.2 154.2 145.0 999.000 3.0 0.189 -0.048 0.2 -8.8 -8.8 -13.6 -13.6 0 0.0 0 1 1 0 0.0 24.1 15.5 0.065 75.0 0.005 0.0 0.0 0.0 299.7 83.4 954.5
77.293 -0.00040 0.00026 0.3 7.8 -16.3 154.4 145.0 999.000 3.0 0.176 0.030 0.1 -8.8 -8.8 -13.9 -13.9 0 0.0 5 1 1 0 0.0 24.1 15.5 0.065 75.0 0.005 0.0 0.0 0.0 271.8 131.1 937.7
77.905 -0.00040 0.00026 0.3 9.3 -13.5 154.7 145.0 999.000 3.0 0.176 0.030 0.1 -8.8 -8.8 -14.2 -14.2 0 0.0 0 1 1 0 0.0 24.1 15.5 0.065 75.0 0.005 0.0 0.0 0.0 217.7 164.4 973.9
78.294 -0.00040 0.00026 0.2 7.6 -8.5 155.0 145.0 999.000 3.0 0.134 -0.237 0.1 -8.8 -8.8 -14.5 -14.5 0 0.0 0 1 1 0 0.0 24.1 15.5 0.065 75.0 0.005 0.0 0.0 0.0 141.5 114.0 971.7
78.903 -0.00040 0.00026 0.2 7.5 -6.7 155.2 145.0 999.000 3.0 0.134 -0.237 0.1 -8.8 -8.8 -14.8 -14.8 0 0.0 0 1 1 0 0.0 24.1 15.5 0.065 75.0 0.005 0.0 0.0 0.0 84.8 127.8 993.0
79.296 -0.00040 0.00026 0.1 8.0 -0.7 156.3 145.0 999.000 3.0 0.015 -0.110 0.1 -8.8 -8.8 -15.1 -15.1 0 0.0 0 1 1 0 0.0 24.1 15.5 0.065 75.0 0.005 0.0 0.0 0.0 7.5 141.4 996.8
79.935 -0.00040 0.00026 0.1 6.9 2.6 155.7 145.0 999.000 3.0 0.015 -0.110 0.1 -8.8 -8.8 -15.4 -15.4 0 0.0 0 1 1 0 0.0 24.1 15.5 0.065 75.0 0.005 0.0 0.0 0.0 -60.9 106.5 951.7
80.303 -0.00040 0.00026 0.1 7.5 1.4 156.8 145.0 999.000 3.0 0.160 0.084 0.1 -8.8 -8.8 -15.7 -15.7 0 0.0 0 1 1 0 0.0 24.1 15.5 0.065 75.0 0.005 0.0 0.0 0.0 -30.7 130.9 1012.0
80.906 -0.00040 0.00026 0.1 7.8 0.4 156.0 145.0 999.000 3.0 0.160 0.084 0.1 -8.8 -8.8 -15.8 -15.8 0 0.0 0 1 1 0 0.0 24.1 15.5 0.065 75.0 0.005 0.0 0.0 0.0 -8.5 144.2 995.2
81.294 -0.00040 0.00026 0.1 7.8 -1.2 155.8 145.0 999.000 3.0 0.030 -0.024 -0.0 -8.8 -8.8 -15.9 -15.9 0 0.0 0 1 1 0 0.0 24.1 15.5 0.065 75.0 0.005 0.0 0.0 0.0 18.5 123.9 975.5
81.903 -0.00040 0.00026 0.1 8.2 -1.3 155.3 145.0 999.000 3.0 0.030 -0.024 -0.0 -8.8 -8.8 -16.0 -16.0 0 0.0 0 1 1 0 0.0 24.1 15.5 0.065 75.0 0.005 0.0 0.0 0.0 18.9 132.1 1003.0
82.295 -0.00040 0.00026 0.1 7.3 -1.5 154.3 145.0 999.000 3.0 -0.082 -0.005 0.0 -8.8 -8.8 -16.1 -16.1 0 0.0 0 1 1 0 0.0 24.1 15.5 0.065 75.0 0.005 0.0 0.0 0.0 28.4 115.8 996.8
82.904 -0.00040 0.00026 0.1 8.7 -1.3 154.4 145.0 999.000 3.0 -0.082 -0.005 0.0 -8.8 -8.8 -16.3 -16.3 0 0.0 0 1 1 0 0.0 24.1 15.5 0.065 75.0 0.005 0.0 0.0 0.0 6.5 154.8 993.4
83.294 -0.00041 0.00026 0.1 9.2 0.1 153.9 145.0 999.000 3.0 -0.075 0.035 0.1 -8.8 -8.8 -16.5 -16.5 0 0.0 0 1 1 0 0.0 24.1 15.5 0.065 75.0 0.005 0.0 0.0 0.0 10.5 154.3 1001.0
83.906 -0.00041 0.00026 0.1 7.7 0.9 153.3 145.0 999.000 3.0 -0.075 0.035 0.1 -8.8 -8.8 -16.7 -16.7 0 0.0 0 1 1 0 0.0 24.1 15.5 0.065 75.0 0.005 0.0 0.0 0.0 -33.7 135.5 962.8
84.294 -0.00041 0.00027 0.0 7.6 -1.0 153.1 145.0 999.000 3.0 0.050 0.157 0.0 -8.8 -8.8 -16.9 -16.9 0 0.0 0 1 1 0 0.0 24.1 15.5 0.065 75.0 0.005 0.0 0.0 0.0 20.3 140.1 1009.0
84.934 -0.00041 0.00027 0.1 7.9 -1.2 151.4 145.0 999.000 3.0 0.050 0.157 0.0 -8.8 -8.8 -17.0 -17.0 0 0.0 0 1 1 0 0.0 24.1 15.5 0.065 75.0 0.005 0.0 0.0 0.0 18.7 107.9 972.0
85.307 -0.00041 0.00027 0.1 8.6 -2.1 151.1 145.0 999.000 3.0 0.151 -0.001 0.0 -8.8 -8.8 -17.1 -17.1 0 0.0 0 1 1 0 0.0 24.1 15.5 0.065 75.0 0.005 0.0 0.0 0.0 39.0 171.3 998.4
85.905 -0.00041 0.00027 0.1 9.9 -0.9 150.2 145.0 999.000 3.0 0.151 -0.001 0.0 -8.8 -8.8 -17.2 -17.2 0 0.0 0 1 1 0 0.0 24.1 15.5 0.065 75.0 0.005 0.0 0.0 0.0 8.4 163.2 982.4
86.295 -0.00041 0.00027 0.1 7.0 -1.1 149.0 145.0 999.000 3.0 0.016 0.120 -0.0 -8.8 -8.8 -17.3 -17.3 0 0.0 0 1 1 0 0.0 24.1 15.5 0.065 75.0 0.005 0.0 0.0 0.0 15.8 100.2 1003.0
86.907 -0.00041 0.00027 0.1 7.7 0.9 149.0 145.0 999.000 3.0 0.016 0.120 -0.0 -8.8 -8.8 -17.5 -17.5 0 0.0 0 1 1 0 0.0 24.1 15.5 0.065 75.0 0.005 0.0 0.0 0.0 -23.1 146.5 993.8
87.295 -0.00041 0.00027 0.0 9.5 1.5 147.7 145.0 999.000 3.0 -0.001 -0.007 0.0 -8.8 -8.8 -17.7 -17.7 0 0.0 0 1 1 0 0.0 24.1 15.5 0.065 75.0 0.005 0.0 0.0 0.0 -24.8 147.2 958.2
87.905 -0.00041 0.00027 0.1 8.7 -1.4 147.4 145.0 999.000 3.0 -0.001 -0.007 0.0 -8.8 -8.8 -17.9 -17.9 0 0.0 0 1 1 0 0.0 24.1 15.5 0.065 75.0 0.005 0.0 0.0 0.0 16.8 154.1 997.9
88.296 -0.00041 0.00027 0.1 5.8 -1.1 145.8 145.0 999.000 3.0 0.189 -0.042 -0.0 -8.8 -8.8 -18.0 -18.0 0 0.0 0 1 1 0 0.0 24.1 15.5 0.065 75.0 0.005 0.0 0.0 0.0 24.5 77.9 987.7
88.904 -0.00041 0.00027 0.1 7.0 -2.2 145.3 145.0 999.000 3.0 0.189 -0.042 -0.0 -8.8 -8.8 -18.1 -18.1 0 0.0 0 1 1 0 0.0 24.1 15.5 0.065 75.0 0.005 0.0 0.0 0.0 36.0 130.5 1008.0
89.296 -0.00041 0.00027 0.1 10.1 -0.7 144.3 145.0 999.000 3.0 0.111 0.027 0.0 -8.8 -8.8 -18.3 -18.2 0 0.0 0 1 1 0 0.0 24.1 15.5 0.065 75.0 0.005 0.0 0.0 0.0 5.4 166.7 968.1
89.929 -0.00041 0.00027 0.1 8.4 -0.8 144.9 145.0 999.000 3.0 0.111 0.027 0.0 -8.8 -8.8 -18.4 -18.4 0 0.0 0 1 1 0 0.0 24.1 15.5 0.065 75.0 0.005 0.0 0.0 0.0 9.1 152.2 1005.0
90.296 -0.00041 0.00027 0.1 6.7 1.5 143.7 145.0 999.000 3.0 0.131 0.070 0.0 -8.8 -8.8 -18.6 -18.6 0 0.0 0 1 1 0 0.0 24.1 15.5 0.065 75.0 0.005 0.0 0.0 0.0 -33.0 101.2 988.1
90.906 -0.00041 0.00027 0.0 7.0 0.8 143.3 145.0 999.000 3.0 0.131 0.070 0.0 -8.8 -8.8 -18.8 -18.7 0 0.0 0 1 1 0 0.0 24.1 15.5 0.065 75.0 0.005 0.0 0.0 0.0 -11.7 134.8 995.7
91.295 -0.00041 0.00027 0.1 8.2 0.4 143.2 145.0 999.000 3.0 0.096 0.024 -0.0 -8.8 -8.8 -18.9 -18.9 0 0.0 0 1 1 0 0.0 24.1 15.5 0.065 75.0 0.005 0.0 0.0 0.0 -6.4 131.0 992.1
91.904 -0.00041 0.00027 0.1 8.2 -0.9 142.8 145.0 999.000 3.0 0.096 0.024 -0.0 -8.8 -8.8 -19.0 -19.0 0 0.0 0 1 1 0 0.0 24.1 15.5 0.065 75.0 0.005 0.0 0.0 0.0 12.4 147.3 999.1
92.297 -0.00041 0.00027 0.1 6.4 -0.8 142.9 145.0 999.000 3.0 0.163 -0.008 -0.0 -8.8 -8.8 -19.1 -19.1 0 0.0 0 1 1 0 0.0 24.1 15.5 0.065 75.0 0.005 0.0 0.0 0.0 1.4 105.4 987.1
92.905 -0.00041 0.00027 0.1 8.5 1.0 142.4 145.0 999.000 3.0 0.163 -0.008 -0.0 -8.8 -8.8 -19.3 -19.3 0 0.0 0 1 1 0 0.0 24.1 15.5 0.065 75.0 0.005 0.0 0.0 0.0 -10.0 146.0 986.2
93.295 -0.00042 0.00027 0.1 8.6 -0.7 142.9 145.0 999.000 3.0 0.166 -0.090 -0.0 -8.8 -8.8 -19.4 -19.4 0 0.0 0 1 1 0 0.0 24.1 15.5 0.065 75.0 0.005 0.0 0.0 0.0 6.9 167.5 1020.0
93.907 -0.00042 0.00027 0.1 6.1 2.2 142.4 145.0 999.000 3.0 0.166 -0.090 -0.0 -8.8 -8.8 -19.6 -19.6 0 0.0 0 1 1 0 0.0 24.1 15.5 0.065 75.0 0.005 0.0 0.0 0.0 -54.2 86.9 965.8
94.295 -0.00042 0.00027 0.1 6.5 0.8 142.1 145.0 999.000 3.0 0.081 -0.104 0.1 -8.8 -8.8 -19.7 -19.7 0 0.0 0 1 1 0 0.0 24.1 15.5 0.065 75.0 0.005 0.0 0.0 0.0 -0.9 118.6 1016.0
94.925 -0.00042 0.00027 0.1 7.0 0.4 142.6 145.0 999.000 3.0 0.081 -0.104 0.1 -8.8 -8.8 -19.9 -19.9 0 0.0 0 1 1 0 0.0 24.1 15.5 0.065 75.0 0.005 0.0 0.0 0.0 -2.7 120.5 1002.0
95.297 -0.00042 0.00027 0.1 7.2 -0.7 142.8 145.0 999.000 3.0 0.136 -0.011 -0.0 -8.8 -8.8 -20.0 -20.0 0 0.0 0 1 1 0 0.0 24.1 15.5 0.065 75.0 0.005 0.0 0.0 0.0 2.7 139.8 999.6
95.906 -0.00042 0.00027 0.0 7.2 1.1 143.7 145.0 999.000 3.0 0.136 -0.011 -0.0 -8.8 -8.8 -20.2 -20.2 0 0.0 0 1 1 0 0.0 24.1 15.5 0.065 75.0 0.005 0.0 0.0 0.0 -9.9 132.1 959.5
96.295 -0.00042 0.00027 0.1 6.6 -0.7 142.7 145.0 999.000 3.0 0.231 -0.025 0.0 -8.8 -8.8 -20.4 -20.4 0 0.0 0 1 1 0 0.0 24.1 15.5 0.065 75.0 0.005 0.0 0.0 0.0 0.0 104.4 1018.0
96.906 -0.00042 0.00027 0.1 8.2 -0.1 144.1 145.0 999.000 3.0 0.231 -0.025 0.0 -8.8 -8.8 -20.5 -20.5 0 0.0 0 1 1 0 0.0 24.1 15.5 0.065 75.0 0.005 0.0 0.0 0.0 4.0 153.6 967.1
97.296 -0.00042 0.00027 0.1 7.9 0.1 144.4 145.0 999.000 3.0 -0.010 0.038 -0.0 -8.8 -8.8 -20.6 -20.6 0 0.0 0 1 1 0 0.0 24.1 15.5 0.065 75.0 0.005 0.0 0.0 0.0 -4.9 151.7 1006.0
97.906 -0.00042 0.00028 0.1 10.4 -0.4 145.0 145.0 999.000 3.0 -0.010 0.038 -0.0 -8.8 -8.8 -20.8 -20.8 0 0.0 0 1 1 0 0.0 24.1 15.5 0.065 75.0 0.005 0.0 0.0 0.0 -10.4 169.8 964.7
98.297 -0.00042 0.00028 0.1 9.1 -0.2 144.5 145.0 999.000 3.0 0.057 -0.007 -0.0 -8.8 -8.8 -20.9 -20.9 0 0.0 0 1 1 0 0.0 24.1 15.5 0.065 75.0 0.005 0.0 0.0 0.0 21.8 138.3 995.1
98.906 -0.00042 0.00028 0.1 6.5 -0.2 145.5 145.0 999.000 3.0 0.057 -0.007 -0.0 -8.8 -8.8 -21.1 -21.1 0 0.0 0 1 1 0 0.0 24.1 15.5 0.065 75.0 0.005 0.0 0.0 0.0 -16.4 118.5 995.9
99.296 -0.00042 0.00028 0.0 4.9 0.3 144.9 145.0 999.000 3.0 0.111 0.075 0.0 -8.8 -8.8 -21.2 -21.2 0 0.0 0 1 1 0 0.0 24.1 15.5 0.065 75.0 0.005 0.0 0.0 0.0 7.8 76.2 991.9
99.920 -0.00042 0.00028 0.1 8.1 0.3 146.6 145.0 999.000 3.0 0.111 0.075 0.0 -8.8 -8.8 -21.4 -21.4 0 0.0 0 1 1 0 0.0 24.1 15.5 0.065 75.0 0.005 0.0 0.0 0.0 -22.8 150.6 976.7
100.297 -0.00042 0.00028 0.1 7.4 -0.3 145.6 145.0 999.000 3.0 0.130 -0.001 0.0 -8.8 -8.8 -21.5 -21.5 0 0.0 0 1 1 0 0.0 24.1 15.5 0.065 75.0 0.005 0.0 0.0 0.0 18.8 111.6 1006.0
100.907 -0.00042 0.00028 0.1 6.3 0.0 147.1 145.0 999.000 3.0 0.130 -0.001 0.0 -8.8 -8.8 -21.7 -21.7 0 0.0 0 1 1 0 0.0 24.1 15.5 0.065 75.0 0.005 0.0 0.0 0.0 -10.0 114.2 997.1
101.298 -0.00042 0.00028 0.1 7.6 0.3 146.8 145.0 999.000 3.0 0.125 -0.175 0.0 -8.8 -8.8 -21.8 -21.8 0 0.0 0 1 1 0 0.0 24.1 15.5 0.065 75.0 0.005 0.0 0.0 0.0 -6.2 142.9 978.1
101.905 -0.00042 0.00028 0.1 10.1 0.3 147.7 145.0 999.000 3.0 0.125 -0.175 0.0 -8.8 -8.8 -22.0 -22.0 0 0.0 5 1 1 0 0.0 24.1 15.5 0.065 75.0 0.005 0.0 0.0 0.0 -4.4 185.0 1006.0
102.298 -0.00043 0.00028 0.1 8.0 1.1 147.5 145.0 999.000 3.0 0.184 0.020 0.0 -8.8 -8.8 -22.1 -22.1 0 0.0 0 1 1 0 0.0 24.1 15.5 0.065 75.0 0.005 0.0 0.0 0.0 -36.1 116.7 949.2
102.906 -0.00043 0.00028 0.1 6.8 0.4 149.2 145.0 999.000 3.0 0.184 0.020 0.0 -8.8 -8.8 -22.3 -22.3 0 0.0 0 1 1 0 0.0 24.1 15.5 0.065 75.0 0.005 0.0 0.0 0.0 6.5 115.2 1011.0
103.295 -0.00043 0.00028 0.1 8.0 0.2 148.8 145.0 999.000 3.0 0.064 0.033 -0.0 -8.8 -8.8 -22.4 -22.4 0 0.0 0 1 1 0 0.0 24.1 15.5 0.065 75.0 0.005 0.0 0.0 0.0 -17.4 139.0 998.8
103.908 -0.00043 0.00028 0.1 8.3 0.8 150.9 145.0 999.000 3.0 0.064 0.033 -0.0 -8.8 -8.8 -22.5 -22.5 0 0.0 0 1 1 0 0.0 24.1 15.5 0.065 75.0 0.005 0.0 0.0 0.0 -20.3 155.3 987.8
104.297 -0.00043 0.00028 0.1 8.0 2.9 149.9 145.0 999.000 3.0 0.195 0.043 0.0 -8.8 -8.8 -22.7 -22.7 0 0.0 0 1 1 0 0.0 24.1 15.5 0.065 75.0 0.005 0.0 0.0 0.0 -54.4 107.1 960.0
104.931 -0.00043 0.00028 0.1 8.6 0.1 152.1 145.0 999.000 3.0 0.195 0.043 0.0 -8.8 -8.8 -22.9 -22.9 0 0.0 5 1 1 0 0.0 24.1 15.5 0.065 75.0 0.005 0.0 0.0 0.0 2.7 160.7 991.9
105.309 -0.00043 0.00028 0.1 7.6 -1.9 151.8 145.0 999.000 3.0 0.155 -0.148 -0.0 -8.8 -8.8 -23.0 -23.0 0 0.0 0 1 1 0 0.0 24.1 15.5 0.065 75.0 0.005 0.0 0.0 0.0 38.3 107.1 1029.0
105.906 -0.00043 0.00028 0.1 8.9 -1.9 154.4 145.0 999.000 3.0 0.155 -0.148 -0.0 -8.8 -8.8 -23.1 -23.1 0 0.0 0 1 1 0 0.0 24.1 15.5 0.065 75.0 0.005 0.0 0.0 0.0 26.2 180.0 957.4
106.296 -0.00043 0.00028 0.1 10.2 -0.1 154.1 145.0 999.000 3.0 0.005 0.011 0.0 -8.8 -8.8 -23.2 -23.2 0 0.0 5 1 1 0 0.0 24.1 15.5 0.065 75.0 0.005 0.0 0.0 0.0 5.4 131.7 996.1
106.908 -0.00043 0.00028 0.0 9.3 0.2 156.3 145.0 999.000 3.0 0.005 0.011 0.0 -8.8 -8.8 -23.4 -23.4 0 0.0 0 1 1 0 0.0 24.1 15.5 0.065 75.0 0.005 0.0 0.0 0.0 -18.5 162.1 1011.0
107.297 -0.00043 0.00028 0.1 6.4 2.4 155.9 145.0 999.000 3.0 0.057 -0.026 0.0 -8.8 -8.8 -23.6 -23.6 0 0.0 0 1 1 0 0.0 24.1 15.5 0.065 75.0 0.005 0.0 0.0 0.0 -34.3 95.1 980.2
107.906 -0.00043 0.00028 0.1 7.3 0.7 157.3 145.0 999.000 3.0 0.057 -0.026 0.0 -8.8 -8.8 -23.8 -23.7 0 0.0 0 1 1 0 0.0 24.1 15.5 0.065 75.0 0.005 0.0 0.0 0.0 -22.6 123.9 997.1
108.299 -0.00043 0.00028 0.1 7.1 1.1 157.3 145.0 999.000 3.0 0.051 -0.095 -0.0 -8.8 -8.8 -23.9 -23.9 0 0.0 0 1 1 0 0.0 24.1 15.5 0.065 75.0 0.005 0.0 0.0 0.0 -21.7 124.3 1001.0
108.907 -0.00043 0.00028 0.1 9.3 1.2 158.3 145.0 999.000 3.0 0.051 -0.095 -0.0 -8.8 -8.8 -24.0 -24.0 0 0.0 0 1 1 0 0.0 24.1 15.5 0.065 75.0 0.005 0.0 0.0 0.0 -25.0 163.8 977.9
109.297 -0.00043 0.00028 0.1 8.5 1.7 158.2 145.0 999.000 3.0 0.094 0.014 0.0 -8.8 -8.8 -24.2 -24.2 0 0.0 0 1 1 0 0.0 24.1 15.5 0.065 75.0 0.005 0.0 0.0 0.0 -27.0 123.3 988.1
109.931 -0.00043 0.00028 0.1 7.9 0.4 159.0 145.0 999.000 3.0 0.094 0.014 0.0 -8.8 -8.8 -24.3 -24.3 0 0.0 0 1 1 0 0.0 24.1 15.5 0.065 75.0 0.005 0.0 0.0 0.0 -12.8 153.7 1000.0
110.307 -0.00043 0.00028 0.1 8.8 0.9 158.9 145.0 999.000 3.0 -0.019 -0.107 -0.0 -8.8 -8.8 -24.5 -24.5 0 0.0 0 1 1 0 0.0 24.1 15.5 0.065 75.0 0.005 0.0 0.0 0.0 -25.9 145.2 971.7
110.907 -0.00043 0.00028 0.1 9.6 0.2 159.4 145.0 999.000 3.0 -0.019 -0.107 -0.0 -8.8 -8.8 -24.6 -24.6 0 0.0 0 1 1 0 0.0 24.1 15.5 0.065 75.0 0.005 0.0 0.0 0.0 13.0 177.7 1002.0
111.299 -0.00043 0.00028 0.1 12.5 0.4 160.0 145.0 999.000 3.0 -0.020 -0.133 0.1 -8.8 -8.8 -24.8 -24.8 0 0.0 5 1 1 0 0.0 24.1 15.5 0.065 75.0 0.005 0.0 0.0 0.0 -12.5 209.2 964.7
111.908 -0.00043 0.00028 0.1 8.7 -1.7 160.8 145.0 999.000 3.0 -0.020 -0.133 0.1 -8.8 -8.8 -24.9 -24.9 0 0.0 0 1 1 0 0.0 24.1 15.5 0.065 75.0 0.005 0.0 0.0 0.0 26.1 138.8 1007.0
112.298 -0.00044 0.00028 0.1 6.8 0.5 160.6 145.0 999.000 3.0 0.199 -0.079 -0.0 -8.8 -8.8 -25.0 -25.0 0 0.0 0 1 1 0 0.0 24.1 15.5 0.065 75.0 0.005 0.0 0.0 0.0 -17.0 111.4 990.6
112.909 -0.00044 0.00028 0.1 9.8 0.7 160.9 145.0 999.000 3.0 0.199 -0.079 -0.0 -8.8 -8.8 -25.2 -25.2 0 0.0 0 1 1 0 0.0 24.1 15.5 0.065 75.0 0.005 0.0 0.0 0.0 3.4 179.4 984.1
113.298 -0.00044 0.00028 0.1 9.0 -0.1 161.3 145.0 999.000 3.0 0.089 -0.062 0.0 -8.8 -8.8 -25.4 -25.4 0 0.0 0 1 1 0 0.0 24.1 15.5 0.065 75.0 0.005 0.0 0.0 0.0 -21.9 151.8 998.0
113.908 -0.00044 0.00028 0.1 6.9 0.6 160.8 145.0 999.000 3.0 0.089 -0.062 0.0 -8.8 -8.8 -25.5 -25.5 0 0.0 5 1 1 0 0.0 24.1 15.5 0.065 75.0 0.005 0.0 0.0 0.0 -1.9 124.9 998.4
114.299 -0.00044 0.00028 0.1 6.9 1.0 160.2 145.0 999.000 3.0 0.032 0.077 0.0 -8.8 -8.8 -25.6 -25.6 0 0.0 0 1 1 0 0.0 24.1 15.5 0.065 75.0 0.005 0.0 0.0 0.0 -31.1 103.4 982.3
114.930 -0.00044 0.00028 0.1 9.4 0.4 160.2 145.0 999.000 3.0 0.032 0.077 0.0 -8.8 -8.8 -25.8 -25.8 0 0.0 0 1 1 0 0.0 24.1 15.5 0.065 75.0 0.005 0.0 0.0 0.0 10.9 166.6 998.7
115.309 -0.00044 0.00028 0.1 9.6 0.2 159.5 145.0 999.000 3.0 0.182 0.077 0.0 -8.8 -8.8 -26.0 -26.0 0 0.0 0 1 1 0 0.0 24.1 15.5 0.065 75.0 0.005 0.0 0.0 0.0 -12.7 159.9 977.5
115.910 -0.00044 0.00028 0.1 7.4 -1.0 159.9 145.0 999.000 3.0 0.182 0.077 0.0 -8.8 -8.8 -26.1 -26.1 0 0.0 0 1 1 0 0.0 24.1 15.5 0.065 75.0 0.005 0.0 0.0 0.0 17.1 130.1 997.5
116.297 -0.00044 0.00028 0.1 6.5 0.3 158.4 145.0 999.000 3.0 -0.036 -0.033 0.0 -8.8 -8.8 -26.2 -26.2 0 0.0 0 1 1 0 0.0 24.1 15.5 0.065 75.0 0.005 0.0 0.0 0.0 -4.1 107.0 992.5
116.909 -0.00044 0.00028 0.1 9.6 -0.2 158.7 145.0 999.000 3.0 -0.036 -0.033 0.0 -8.8 -8.8 -26.4 -26.4 0 0.0 0 1 1 0 0.0 24.1 15.5 0.065 75.0 0.005 0.0 0.0 0.0 0.1 182.6 998.4
117.299 -0.00044 0.00028 0.1 8.6 1.0 157.7 145.0 999.000 3.0 0.003 -0.024 -0.0 -8.8 -8.8 -26.5 -26.5 0 0.0 0 1 1 0 0.0 24.1 15.5 0.065 75.0 0.005 0.0 0.0 0.0 -33.9 126.9 978.6
117.907 -0.00044 0.00028 0.1 6.3 1.8 157.1 145.0 999.000 3.0 0.003 -0.024 -0.0 -8.8 -8.8 -26.7 -26.7 0 0.0 0 1 1 0 0.0 24.1 15.5 0.065 75.0 0.005 0.0 0.0 0.0 -26.7 102.7 988.4
118.300 -0.00044 0.00029 0.1 5.8 1.1 156.4 145.0 999.000 3.0 0.164 -0.067 -0.0 -8.8 -8.8 -26.8 -26.8 0 0.0 0 1 1 0 0.0 24.1 15.5 0.065 75.0 0.005 0.0 0.0 0.0 -16.5 106.4 1002.0
118.908 -0.00044 0.00029 0.1 9.8 0.8 157.1 145.0 999.000 3.0 0.164 -0.067 -0.0 -8.8 -8.8 -27.0 -27.0 0 0.0 0 1 1 0 0.0 24.1 15.5 0.065 75.0 0.005 0.0 0.0 0.0 -22.3 188.8 991.0
119.297 -0.00044 0.00029 0.1 7.3 1.6 156.2 145.0 999.000 3.0 0.074 -0.042 0.0 -8.8 -8.8 -27.1 -27.1 0 0.0 0 1 1 0 0.0 24.1 15.5 0.065 75.0 0.005 0.0 0.0 0.0 -33.3 117.5 977.5
119.930 -0.00044 0.00029 0.1 6.1 1.5 156.0 145.0 999.000 3.0 0.074 -0.042 0.0 -8.8 -8.8 -27.3 -27.3 0 0.0 0 1 1 0 0.0 24.1 15.5 0.065 75.0 0.005 0.0 0.0 0.0 -28.2 95.4 996.6
120.309 -0.00044 0.00029 0.1 7.1 1.7 155.3 145.0 999.000 3.0 0.127 0.015 -0.0 -8.8 -8.8 -27.4 -27.4 0 0.0 0 1 1 0 0.0 24.1 15.5 0.065 75.0 0.005 0.0 0.0 0.0 -23.9 115.3 976.6
120.908 -0.00044 0.00029 0.1 10.5 -0.0 155.9 145.0 999.000 3.0 0.127 0.015 -0.0 -8.8 -8.8 -27.6 -27.6 0 0.0 0 1 1 0 0.0 24.2 15.5 0.065 75.0 0.005 0.0 0.0 0.0 -2.2 187.7 1000.0
121.300 -0.00044 0.00029 0.1 8.1 0.2 155.1 145.0 999.000 3.0 -0.003 0.010 0.0 -8.8 -8.8 -27.7 -27.7 0 0.0 0 1 1 0 0.0 24.2 15.5 0.065 75.0 0.005 0.0 0.0 0.0 -3.6 130.5 993.2
121.909 -0.00044 0.00029 0.1 5.7 -0.6 156.1 145.0 999.000 3.0 -0.003 0.010 0.0 -8.8 -8.8 -27.8 -27.8 0 0.0 0 1 1 0 0.0 24.1 15.5 0.065 75.0 0.005 0.0 0.0 0.0 9.9 119.3 996.9
122.298 -0.00044 0.00029 0.1 8.7 0.5 154.2 145.0 999.000 3.0 0.079 -0.052 0.1 -8.8 -8.8 -28.0 -28.0 0 0.0 0 1 1 0 0.0 24.1 15.5 0.065 75.0 0.005 0.0 0.0 0.0 -21.5 150.4 972.4
122.910 -0.00044 0.00029 0.0 8.5 1.2 154.1 145.0 999.000 3.0 0.079 -0.052 0.1 -8.8 -8.8 -28.1 -28.1 0 0.0 0 1 1 0 0.0 24.1 15.5 0.065 75.0 0.005 0.0 0.0 0.0 -17.1 143.0 982.0
123.299 -0.00045 0.00029 0.1 8.2 -0.0 154.0 145.0 999.000 3.0 0.236 -0.024 0.0 -8.8 -8.8 -28.3 -28.3 0 0.0 0 1 1 0 0.0 24.1 15.5 0.065 75.0 0.005 0.0 0.0 0.0 -6.1 133.0 1005.0
123.908 -0.00045 0.00029 0.1 8.3 0.9 153.8 145.0 999.000 3.0 0.236 -0.024 0.0 -8.8 -8.8 -28.4 -28.4 0 0.0 0 1 1 0 0.0 24.1 15.5 0.065 75.0 0.005 0.0 0.0 0.0 -2.8 140.3 986.5
124.300 -0.00045 0.00029 0.0 8.2 -1.0 153.5 145.0 999.000 3.0 0.191 -0.075 0.0 -8.8 -8.8 -28.6 -28.6 0 0.0 0 1 1 0 0.0 24.1 15.5 0.065 75.0 0.005 0.0 0.0 0.0 1.7 169.3 985.2
124.945 -0.00045 0.00029 0.0 6.2 -0.4 152.8 145.0 999.000 3.0 0.191 -0.075 0.0 -8.8 -8.8 -28.7 -28.7 0 0.0 0 1 1 0 0.0 24.1 15.5 0.065 75.0 0.005 0.0 0.0 0.0 10.4 91.1 1005.0
125.309 -0.00045 0.00029 0.1 9.0 0.8 153.4 145.0 999.000 3.0 0.034 0.169 0.0 -8.8 -8.8 -28.9 -28.9 0 0.0 0 1 1 0 0.0 24.1 15.5 0.065 75.0 0.005 0.0 0.0 0.0 -24.8 176.2 960.2
125.912 -0.00045 0.00029 0.1 10.5 -0.4 152.9 145.0 999.000 3.0 0.034 0.169 0.0 -8.8 -8.8 -29.0 -29.0 0 0.0 0 1 1 0 0.0 24.2 15.5 0.065 75.0 0.005 0.0 0.0 0.0 16.1 164.6 998.1
126.300 -0.00045 0.00029 0.1 7.9 0.2 152.2 145.0 999.000 3.0 0.104 -0.004 -0.0 -8.8 -8.8 -29.2 -29.2 0 0.0 0 1 1 0 0.0 24.2 15.5 0.065 75.0 0.005 0.0 0.0 0.0 -0.5 140.1 1018.0
126.909 -0.00045 0.00029 0.1 6.1 0.2 151.6 145.0 999.000 3.0 0.104 -0.004 -0.0 -8.8 -8.8 -29.3 -29.3 0 0.0 0 1 1 0 0.0 24.1 15.5 0.065 75.0 0.005 0.0 0.0 0.0 -9.3 101.3 980.2
127.301 -0.00045 0.00029 0.1 8.8 1.5 151.9 145.0 999.000 3.0 0.179 -0.030 0.1 -8.8 -8.8 -29.5 -29.5 0 0.0 0 1 1 0 0.0 24.1 15.5 0.065 75.0 0.005 0.0 0.0 0.0 -42.8 176.2 986.2
127.910 -0.00045 0.00029 0.0 9.6 1.2 150.7 145.0 999.000 3.0 0.179 -0.030 0.1 -8.8 -8.8 -29.6 -29.6 0 0.0 0 1 1 0 0.0 24.1 15.5 0.065 75.0 0.005 0.0 0.0 0.0 -8.6 137.9 976.4
128.301 -0.00045 0.00029 0.1 6.8 -0.6 151.2 145.0 999.000 3.0 0.133 -0.054 -0.0 -8.8 -8.8 -29.8 -29.8 0 0.0 0 1 1 0 0.0 24.1 15.5 0.065 75.0 0.005 0.0 0.0 0.0 22.2 126.4 1035.0
128.911 -0.00045 0.00029 0.1 7.9 -0.3 150.4 145.0 999.000 3.0 0.133 -0.054 -0.0 -8.8 -8.8 -29.9 -29.9 0 0.0 0 1 1 0 0.0 24.1 15.5 0.065 75.0 0.005 0.0 0.0 0.0 -5.2 148.0 974.0
129.300 -0.00045 0.00029 0.0 9.3 -0.6 150.4 145.0 999.000 3.0 -0.004 0.084 0.0 -8.8 -8.8 -30.0 -30.0 0 0.0 0 1 1 0 0.0 24.1 15.5 0.065 75.0 0.005 0.0 0.0 0.0 4.8 163.7 973.4
129.938 -0.00045 0.00029 0.1 8.2 0.5 150.0 145.0 999.000 3.0 -0.004 0.084 0.0 -8.8 -8.8 -30.0 -30.0 0 0.0 0 1 1 0 0.0 24.1 15.5 0.065 75.0 0.005 0.0 0.0 0.0 -12.9 130.4 990.6
130.310 -0.00045 0.00029 0.1 7.5 0.9 149.7 145.0 999.000 3.0 0.135 0.017 0.1 -8.8 -8.8 -30.0 -30.0 0 0.0 0 1 1 0 0.0 24.1 15.5 0.065 75.0 0.005 0.0 0.0 0.0 -0.6 139.1 984.9
130.908 -0.00046 0.00029 0.1 8.5 0.6 149.5 145.0 999.000 3.0 0.135 0.017 0.1 -8.8 -8.8 -30.0 -30.0 0 0.0 0 1 1 0 0.0 24.2 15.5 0.065 75.0 0.005 0.0 0.0 0.0 -17.7 150.0 1002.0
131.301 -0.00046 0.00029 0.1 8.6 1.1 149.5 145.0 999.000 3.0 0.027 0.098 0.0 -8.8 -8.8 -30.0 -30.0 0 0.0 0 1 1 0 0.0 24.2 15.5 0.065 75.0 0.005 0.0 0.0 0.0 -23.7 130.9 992.0
131.910 -0.00046 0.00029 0.0 8.8 1.3 150.1 145.0 999.000 3.0 0.027 0.098 0.0 -8.8 -8.8 -30.0 -30.0 0 0.0 0 1 1 0 0.0 24.1 15.5 0.065 75.0 0.005 0.0 0.0 0.0 -9.3 193.7 973.3
132.299 -0.00046 0.00029 0.1 4.4 0.3 149.6 145.0 999.000 3.0 0.001 0.116 -0.1 -8.8 -8.8 -30.0 -30.0 0 0.0 0 1 1 0 0.0 24.1 15.5 0.065 75.0 0.005 0.0 0.0 0.0 -19.1 59.7 999.7
132.911 -0.00046 0.00029 0.1 9.0 -0.5 149.8 145.0 999.000 3.0 0.001 0.116 -0.1 -8.8 -8.8 -30.0 -30.0 0 0.0 0 1 1 0 0.0 24.1 15.5 0.065 75.0 0.005 0.0 0.0 0.0 18.2 180.4 977.7
133.300 -0.00046 0.00029 0.1 11.5 0.1 150.3 145.0 999.000 3.0 0.080 -0.037 -0.0 -8.8 -8.8 -30.0 -30.0 0 0.0 5 1 1 0 0.0 24.1 15.5 0.065 75.0 0.005 0.0 0.0 0.0 6.8 193.8 980.3
133.909 -0.00046 0.00029 0.1 6.9 -1.6 150.1 145.0 999.000 3.0 0.080 -0.037 -0.0 -8.8 -8.8 -30.0 -30.0 0 0.0 0 1 1 0 0.0 24.1 15.5 0.065 75.0 0.005 0.0 0.0 0.0 25.5 104.9 1013.0
134.302 -0.00046 0.00029 0.1 5.7 -0.2 150.6 145.0 999.000 3.0 0.140 0.063 -0.0 -8.8 -8.8 -30.0 -30.0 0 0.0 0 1 1 0 0.0 24.1 15.5 0.065 75.0 0.005 0.0 0.0 0.0 -4.7 114.1 986.6
134.930 -0.00046 0.00029 0.1 9.8 -0.1 150.6 145.0 999.000 3.0 0.140 0.063 -0.0 -8.8 -8.8 -30.0 -30.0 0 0.0 5 1 1 0 0.0 24.1 15.5 0.065 75.0 0.005 0.0 0.0 0.0 -3.7 184.4 972.1
135.300 -0.00046 0.00029 0.1 8.9 0.3 149.7 145.0 999.000 3.0 0.162 0.050 0.1 -8.8 -8.8 -30.0 -30.0 0 0.0 0 1 1 0 0.0 24.1 15.5 0.065 75.0 0.005 0.0 0.0 0.0 -5.3 131.0 997.3
135.912 -0.00046 0.00030 0.1 6.9 0.8 150.1 145.0 999.000 3.0 0.162 0.050 0.1 -8.8 -8.8 -30.0 -30.0 0 0.0 5 1 1 0 0.0 24.2 15.5 0.065 75.0 0.005 0.0 0.0 0.0 -5.5 128.9 992.3
136.301 -0.00046 0.00030 0.1 8.4 -0.7 149.1 145.0 999.000 3.0 -0.034 -0.008 0.0 -8.8 -8.8 -30.0 -30.0 0 0.0 0 1 1 0 0.0 24.2 15.5 0.065 75.0 0.005 0.0 0.0 0.0 11.5 138.4 996.7
136.910 -0.00046 0.00030 0.1 7.9 -1.1 149.8 145.0 999.000 3.0 -0.034 -0.008 0.0 -8.8 -8.8 -30.0 -30.0 0 0.0 0 1 1 0 0.0 24.1 15.5 0.065 75.0 0.005 0.0 0.0 0.0 -4.5 141.8 1007.0
137.302 -0.00046 0.00030 0.1 7.7 2.6 150.5 145.0 999.000 3.0 0.082 0.055 0.1 -8.8 -8.8 -30.0 -30.0 0 0.0 0 1 1 0 0.0 24.1 15.5 0.065 75.0 0.005 0.0 0.0 0.0 -35.4 138.5 936.0
137.910 -0.00046 0.00030 0.0 8.9 -0.4 150.1 145.0 999.000 3.0 0.082 0.055 0.1 -8.8 -8.8 -30.0 -30.0 0 0.0 0 1 1 0 0.0 24.2 15.5 0.065 75.0 0.005 0.0 0.0 0.0 17.5 150.9 1018.0
138.301 -0.00046 0.00030 0.1 9.5 -2.4 150.9 145.0 999.000 3.0 -0.027 0.064 -0.1 -8.8 -8.8 -30.0 -30.0 0 0.0 0 1 1 0 0.0 24.2 15.5 0.065 75.0 0.005 0.0 0.0 0.0 37.8 156.5 987.7
138.911 -0.00046 0.00030 0.1 8.7 -2.6 151.7 145.0 999.000 3.0 -0.027 0.064 -0.1 -8.8 -8.8 -30.0 -30.0 0 0.0 0 1 1 0 0.0 24.1 15.5 0.065 75.0 0.005 0.0 0.0 0.0 53.5 157.3 976.9
139.301 -0.00046 0.00030 0.1 7.6 -2.5 152.3 145.0 999.000 3.0 0.028 -0.042 -0.0 -8.8 -8.8 -30.0 -30.0 0 0.0 0 1 1 0 0.0 24.1 15.5 0.065 75.0 0.005 0.0 0.0 0.0 31.8 131.1 995.5
139.941 -0.00046 0.00030 0.1 8.9 -2.2 152.8 145.0 999.000 3.0 0.028 -0.042 -0.0 -8.8 -8.8 -30.0 -30.0 0 0.0 0 1 1 0 0.0 24.1 15.5 0.065 75.0 0.005 0.0 0.0 0.0 63.6 157.3 1012.0
140.312 -0.00046 0.00030 0.1 7.8 -1.1 153.5 145.0 999.000 3.0 0.267 0.085 0.0 -8.8 -8.8 -30.0 -30.0 0 0.0 0 1 1 0 0.0 24.1 15.5 0.065 75.0 0.005 0.0 0.0 0.0 -7.4 136.4 965.1
140.911 -0.00046 0.00030 0.1 7.0 -1.2 152.2 145.0 999.000 3.0 0.267 0.085 0.0 -8.8 -8.8 -30.0 -30.0 0 0.0 0 1 1 0 0.0 24.1 15.5 0.065 75.0 0.005 0.0 0.0 0.0 34.6 121.5 1024.0
141.301 -0.00047 0.00030 0.1 7.6 3.5 153.4 145.0 999.000 3.0 0.040 -0.112 0.1 -8.8 -8.8 -30.0 -30.0 0 0.0 0 1 1 0 0.0 24.1 15.5 0.065 75.0 0.005 0.0 0.0 0.0 -65.3 166.3 947.7
141.912 -0.00047 0.00030 0.0 9.7 0.4 152.3 145.0 999.000 3.0 0.040 -0.112 0.1 -8.8 -8.8 -30.0 -30.0 0 0.0 0 1 1 0 0.0 24.1 15.5 0.065 75.0 0.005 0.0 0.0 0.0 2.8 128.4 1009.0
142.300 -0.00047 0.00030 0.1 8.0 -1.2 154.3 145.0 999.000 3.0 0.038 0.045 0.0 -8.8 -8.8 -30.0 -30.0 0 0.0 0 1 1 0 0.0 24.1 15.5 0.065 75.0 0.005 0.0 0.0 0.0 7.7 145.9 975.2
142.911 -0.00047 0.00030 0.1 3.9 -1.2 153.9 145.0 999.000 3.0 0.038 0.045 0.0 -8.8 -8.8 -30.0 -30.0 0 0.0 0 1 1 0 0.0 24.1 15.5 0.065 75.0 0.005 0.0 0.0 0.0 69.7 49.7 993.5
143.304 -0.00047 0.00030 0.1 10.6 -3.7 156.5 145.0 999.000 3.0 0.070 -0.025 -0.0 -8.8 -8.8 -30.0 -30.0 0 0.0 5 1 1 0 0.0 24.1 15.5 0.065 75.0 0.005 0.0 0.0 0.0 59.2 213.2 1001.0
143.912 -0.00047 0.00030 0.1 12.7 -4.2 157.4 145.0 999.000 3.0 0.070 -0.025 -0.0 -8.8 -8.8 -30.0 -30.0 0 0.0 0 1 1 0 0.0 24.1 15.5 0.065 75.0 0.005 0.0 0.0 0.0 59.2 224.7 959.5
144.302 -0.00047 0.00030 0.1 4.8 -2.9 158.5 145.0 999.000 3.0 0.129 -0.002 0.1 -8.8 -8.8 -30.0 -30.0 0 0.0 0 1 1 0 0.0 24.1 15.5 0.065 75.0 0.005 0.0 0.0 0.0 48.1 52.2 987.3
144.927 -0.00047 0.00030 0.1 7.1 0.0 159.9 145.0 999.000 3.0 0.129 -0.002 0.1 -8.8 -8.8 -30.0 -30.0 0 0.0 0 1 1 0 0.0 24.1 15.5 0.065 75.0 0.005 0.0 0.0 0.0 26.5 154.1 995.8
145.313 -0.00047 0.00030 0.1 11.6 -1.7 160.4 145.0 999.000 3.0 -0.058 0.014 0.0 -8.8 -8.8 -30.0 -30.0 0 0.0 0 1 1 0 0.0 24.1 15.5 0.065 75.0 0.005 0.0 0.0 0.0 3.4 184.1 998.8
145.913 -0.00047 0.00030 0.1 9.6 1.2 161.1 145.0 999.000 3.0 -0.058 0.014 0.0 -8.8 -8.8 -30.0 -30.0 0 0.0 0 1 1 0 0.0 24.1 15.5 0.065 75.0 0.005 0.0 0.0 0.0 -24.1 167.6 976.3
146.302 -0.00047 0.00030 0.0 2.4 3.7 160.1 145.0 999.000 3.0 -0.018 -0.038 0.1 -8.8 -8.8 -30.0 -30.0 0 0.0 0 1 1 0 0.0 24.1 15.5 0.065 75.0 0.005 0.0 0.0 0.0 -52.1 18.8 977.8
146.910 -0.00047 0.00030 0.1 9.5 0.3 160.8 145.0 999.000 3.0 -0.018 -0.038 0.1 -8.8 -8.8 -30.0 -30.0 0 0.0 0 1 1 0 0.0 24.1 15.5 0.065 75.0 0.005 0.0 0.0 0.0 10.0 211.4 1003.0
147.303 -0.00047 0.00030 0.1 10.4 -2.2 160.6 145.0 999.000 3.0 -0.011 -0.291 -0.0 -8.8 -8.8 -30.0 -30.0 0 0.0 5 1 1 0 0.0 24.1 15.5 0.065 75.0 0.005 0.0 0.0 0.0 14.6 147.9 974.2
147.911 -0.00047 0.00030 0.1 8.3 -1.1 161.2 145.0 999.000 3.0 -0.011 -0.291 -0.0 -8.8 -8.8 -30.0 -30.0 0 0.0 0 1 1 0 0.0 24.1 15.5 0.065 75.0 0.005 0.0 0.0 0.0 44.2 151.0 995.4
148.302 -0.00047 0.00030 0.1 11.7 -0.6 159.9 145.0 999.000 3.0 -0.185 -0.082 -0.0 -8.8 -8.8 -30.0 -30.0 0 0.0 0 1 1 0 0.0 24.1 15.5 0.065 75.0 0.005 0.0 0.0 0.0 23.9 204.5 965.8
148.914 -0.00047 0.00030 0.1 14.1 -2.7 162.0 145.0 999.000 3.0 -0.185 -0.082 -0.0 -8.8 -8.8 -30.0 -30.0 0 0.0 0 1 1 0 0.0 24.1 15.5 0.065 75.0 0.005 0.0 0.0 0.0 40.4 246.3 1040.0
149.303 -0.00047 0.00030 0.1 10.4 0.3 162.2 145.0 999.000 3.0 0.058 0.055 0.0 -8.8 -8.8 -30.0 -30.0 0 0.0 0 1 1 0 0.0 24.1 15.5 0.065 75.0 0.005 0.0 0.0 0.0 -45.9 172.4 910.2
149.931 -0.00047 0.00030 0.0 3.1 1.3 162.6 145.0 999.000 3.0 0.058 0.055 0.0 -8.8 -8.8 -30.0 -30.0 0 0.0 0 1 1 0 0.0 24.2 15.5 0.065 75.0 0.005 0.0 0.0 0.0 7.5 13.2 1008.0
150.305 -0.00047 0.00030 0.1 8.0 0.2 162.6 145.0 999.000 3.0 -0.049 -0.050 0.0 -8.8 -8.8 -30.0 -30.0 0 0.0 0 1 1 0 0.0 24.2 15.5 0.065 75.0 0.005 0.0 0.0 0.0 -3.0 172.7 998.2
150.913 -0.00048 0.00030 0.1 13.6 -2.7 163.4 145.0 999.000 3.0 -0.049 -0.050 0.0 -8.8 -8.8 -30.0 -30.0 0 0.0 0 1 1 0 0.0 24.2 15.5 0.065 75.0 0.005 0.0 0.0 0.0 37.6 232.9 996.2
151.302 -0.00048 0.00030 0.1 6.7 0.2 163.1 145.0 999.000 3.0 0.081 -0.043 0.0 -8.8 -8.8 -30.0 -30.0 0 0.0 0 1 1 0 0.0 24.2 15.5 0.065 75.0 0.005 0.0 0.0 0.0 -21.6 84.8 977.7
151.914 -0.00048 0.00030 0.0 6.2 0.0 162.5 145.0 999.000 3.0 0.081 -0.043 0.0 -8.8 -8.8 -30.0 -30.0 0 0.0 0 1 1 0 0.0 24.2 15.5 0.065 75.0 0.005 0.0 0.0 0.0 18.9 134.7 991.9
152.302 -0.00048 0.00030 0.1 10.6 0.8 163.7 145.0 999.000 3.0 -0.046 -0.046 -0.0 -8.8 -8.8 -30.0 -30.0 0 0.0 5 1 1 0 0.0 24.2 15.5 0.065 75.0 0.005 0.0 0.0 0.0 -21.7 175.5 965.0
152.912 -0.00048 0.00030 0.1 11.9 -1.1 163.3 145.0 999.000 3.0 -0.046 -0.046 -0.0 -8.8 -8.8 -30.0 -30.0 0 0.0 0 1 1 0 0.0 24.1 15.5 0.065 75.0 0.005 0.0 0.0 0.0 28.4 221.8 1007.0
153.304 -0.00048 0.00030 0.1 4.9 -0.3 164.0 145.0 999.000 3.0 -0.071 -0.021 0.0 -8.8 -8.8 -30.0 -30.0 0 0.0 0 1 1 0 0.0 24.1 15.5 0.065 75.0 0.005 0.0 0.0 0.0 -14.1 42.3 973.1
153.912 -0.00048 0.00030 0.1 6.4 0.2 164.2 145.0 999.000 3.0 -0.071 -0.021 0.0 -8.8 -8.8 -30.0 -30.0 0 0.0 0 1 1 0 0.0 24.1 15.5 0.065 75.0 0.005 0.0 0.0 0.0 6.2 135.9 989.5
154.303 -0.00048 0.00030 0.1 12.0 0.1 162.7 145.0 999.000 3.0 0.068 0.007 0.0 -8.8 -8.8 -30.0 -30.0 0 0.0 5 1 1 0 0.0 24.1 15.5 0.065 75.0 0.005 0.0 0.0 0.0 -6.4 195.1 1006.0
154.930 -0.00048 0.00030 0.1 12.2 0.4 163.8 145.0 999.000 3.0 0.068 0.007 0.0 -8.8 -8.8 -30.0 -30.0 0 0.0 0 1 1 0 0.0 24.2 15.5 0.065 75.0 0.005 0.0 0.0 0.0 -17.3 209.9 952.7
155.304 -0.00048 0.00030 0.1 7.0 0.6 163.5 145.0 999.000 3.0 0.095 0.007 -0.0 -8.8 -8.8 -30.0 -30.0 0 0.0 0 1 1 0 0.0 24.2 15.5 0.065 75.0 0.005 0.0 0.0 0.0 3.4 99.8 1006.0
155.913 -0.00048 0.00030 0.1 6.0 -0.5 163.4 145.0 999.000 3.0 0.095 0.007 -0.0 -8.8 -8.8 -30.0 -30.0 0 0.0 0 1 1 0 0.0 24.1 15.5 0.065 75.0 0.005 0.0 0.0 0.0 -5.6 128.2 1002.0
156.305 -0.00048 0.00030 0.1 8.6 0.0 163.7 145.0 999.000 3.0 -0.127 -0.147 0.1 -8.8 -8.8 -30.0 -30.0 0 0.0 0 1 1 0 0.0 24.1 15.5 0.065 75.0 0.005 0.0 0.0 0.0 -15.5 140.6 963.8
156.913 -0.00048 0.00030 0.1 10.3 1.7 162.9 145.0 999.000 3.0 -0.127 -0.147 0.1 -8.8 -8.8 -30.0 -30.0 0 0.0 0 1 1 0 0.0 24.1 15.5 0.065 75.0 0.005 0.0 0.0 0.0 -13.1 176.4 1004.0
157.304 -0.00048 0.00030 0.1 7.1 0.2 163.0 145.0 999.000 3.0 0.012 0.033 -0.0 -8.8 -8.8 -30.0 -30.0 0 0.0 0 1 1 0 0.0 24.1 15.5 0.065 75.0 0.005 0.0 0.0 0.0 -9.1 110.3 984.1
157.914 -0.00048 0.00030 0.1 7.2 -0.7 163.0 145.0 999.000 3.0 0.012 0.033 -0.0 -8.8 -8.8 -30.0 -30.0 0 0.0 0 1 1 0 0.0 24.1 15.5 0.065 75.0 0.005 0.0 0.0 0.0 25.7 137.6 1015.0
158.303 -0.00048 0.00030 0.1 8.5 -1.2 163.3 145.0 999.000 3.0 0.093 -0.207 0.0 -8.8 -8.8 -30.0 -30.0 0 0.0 0 1 1 0 0.0 24.1 15.5 0.065 75.0 0.005 0.0 0.0 0.0 -4.7 159.9 971.2
158.914 -0.00048 0.00030 0.0 7.8 1.7 163.0 145.0 999.000 3.0 0.093 -0.207 0.0 -8.8 -8.8 -30.0 -30.0 0 0.0 0 1 1 0 0.0 24.2 15.5 0.065 75.0 0.005 0.0 0.0 0.0 -10.1 119.5 952.7
159.303 -0.00048 0.00030 0.1 9.8 0.8 162.6 145.0 999.000 3.0 -0.092 -0.040 0.0 -8.8 -8.8 -30.0 -30.0 0 0.0 0 1 1 0 0.0 24.2 15.5 0.065 75.0 0.005 0.0 0.0 0.0 -19.6 167.7 1046.0
159.933 -0.00048 0.00030 0.1 8.7 0.8 163.0 145.0 999.000 3.0 -0.092 -0.040 0.0 -8.8 -8.8 -30.0 -30.0 0 0.0 0 1 1 0 0.0 24.1 15.5 0.065 75.0 0.005 0.0 0.0 0.0 -22.8 153.2 948.4
160.315 -0.00048 0.00030 0.1 5.3 0.6 163.2 145.0 999.000 3.0 0.055 0.042 0.0 -8.8 -8.8 -30.0 -30.0 0 0.0 0 1 1 0 0.0 24.1 15.5 0.065 75.0 0.005 0.0 0.0 0.0 -3.4 65.0 1020.0
160.913 -0.00048 0.00030 0.1 7.6 0.7 162.4 145.0 999.000 3.0 0.055 0.042 0.0 -8.8 -8.8 -30.0 -30.0 0 0.0 5 1 1 0 0.0 24.1 15.5 0.065 75.0 0.005 0.0 0.0 0.0 -17.1 155.5 988.4
161.302 -0.00049 0.00030 0.1 7.6 1.1 162.7 145.0 999.000 3.0 0.175 0.063 0.1 -8.8 -8.8 -7.5 -7.5 0 0.0 0 1 1 0 0.0 24.1 15.5 0.065 75.0 0.005 0.0 0.0 0.0 -27.2 103.5 962.8
161.915 -0.00049 0.00030 0.1 9.6 1.4 162.4 145.0 999.000 3.0 0.175 0.063 0.1 -8.8 -8.8 -7.7 -7.7 0 0.0 0 1 1 0 0.0 24.1 15.5 0.065 75.0 0.005 0.0 0.0 0.0 -9.6 171.8 1025.0
162.304 -0.00049 0.00031 0.1 8.3 1.0 161.7 145.0 999.000 3.0 0.075 -0.020 -0.0 -8.8 -8.8 -7.8 -7.8 0 0.0 0 1 1 0 0.0 24.1 15.5 0.065 75.0 0.005 0.0 0.0 0.0 -33.0 168.8 942.7
162.912 -0.00049 0.00031 0.1 9.4 -1.7 161.2 145.0 999.000 3.0 0.075 -0.020 -0.0 -8.8 -8.8 -7.9 -7.9 0 0.0 0 1 1 0 0.0 24.1 15.5 0.065 75.0 0.005 0.0 0.0 0.0 24.0 134.5 995.1
163.304 -0.00049 0.00031 0.1 13.5 0.4 160.6 145.0 999.000 3.0 0.087 0.009 0.0 -8.8 -8.8 -8.1 -8.1 0 0.0 0 1 1 0 0.0 24.1 15.5 0.065 75.0 0.005 0.0 0.0 0.0 2.7 263.1 981.5
163.914 -0.00049 0.00031 0.1 12.6 -0.5 160.5 145.0 999.000 3.0 0.087 0.009 0.0 -8.8 -8.8 -8.2 -8.2 0 0.0 0 1 1 0 0.0 24.1 15.5 0.065 75.0 0.005 0.0 0.0 0.0 1.8 175.1 948.8
164.303 -0.00049 0.00031 0.1 7.8 1.3 161.1 145.0 999.000 3.0 0.048 0.046 0.0 -8.8 -8.8 -8.4 -8.4 0 0.0 0 1 1 0 0.0 24.1 15.5 0.065 75.0 0.005 0.0 0.0 0.0 -23.4 129.9 1011.0
164.937 -0.00049 0.00031 0.1 6.7 -1.6 160.3 145.0 999.000 3.0 0.048 0.046 0.0 -8.8 -8.8 -8.5 -8.5 0 0.0 0 1 1 0 0.0 24.1 15.5 0.065 75.0 0.005 0.0 0.0 0.0 5.6 148.0 970.2
165.314 -0.00049 0.00031 0.1 10.5 -0.4 160.1 145.0 999.000 3.0 0.046 -0.024 0.0 -8.8 -8.8 -8.6 -8.6 0 0.0 0 1 1 0 0.0 24.1 15.5 0.065 75.0 0.005 0.0 0.0 0.0 38.4 161.7 990.9
165.914 -0.00049 0.00031 0.1 11.7 -2.3 159.4 145.0 999.000 3.0 0.046 -0.024 0.0 -8.8 -8.8 -8.7 -8.7 0 0.0 0 1 1 0 0.0 24.1 15.5 0.065 75.0 0.005 0.0 0.0 0.0 33.8 219.0 995.8
166.305 -0.00049 0.00031 0.1 8.5 -0.9 159.1 145.0 999.000 3.0 0.106 0.109 -0.0 -8.8 -8.8 -8.9 -8.9 0 0.0 0 1 1 0 0.0 24.1 15.5 0.065 75.0 0.005 0.0 0.0 0.0 19.6 140.6 979.6
166.914 -0.00049 0.00031 0.1 9.1 0.9 159.2 145.0 999.000 3.0 0.106 0.109 -0.0 -8.8 -8.8 -9.1 -9.1 0 0.0 0 1 1 0 0.0 24.1 15.5 0.065 75.0 0.005 0.0 0.0 0.0 -30.8 172.9 973.1
167.304 -0.00049 0.00031 0.0 8.2 0.7 158.0 145.0 999.000 3.0 0.086 -0.064 0.0 -8.8 -8.8 -9.3 -9.3 0 0.0 0 1 1 0 0.0 24.1 15.5 0.065 75.0 0.005 0.0 0.0 0.0 -7.1 118.5 994.7
167.915 -0.00049 0.00031 0.1 6.8 1.6 157.9 145.0 999.000 3.0 0.086 -0.064 0.0 -8.8 -8.8 -9.4 -9.4 0 0.0 0 1 1 0 0.0 24.1 15.5 0.065 75.0 0.005 0.0 0.0 0.0 -28.4 110.0 964.6
168.305 -0.00049 0.00031 0.1 8.9 -0.4 156.4 145.0 999.000 3.0 0.247 -0.018 -0.0 -8.8 -8.8 -9.6 -9.5 0 0.0 0 1 1 0 0.0 24.1 15.5 0.065 75.0 0.005 0.0 0.0 0.0 23.7 163.0 1046.0
168.915 -0.00049 0.00031 0.1 6.9 1.6 156.9 145.0 999.000 3.0 0.247 -0.018 -0.0 -8.8 -8.8 -9.7 -9.7 0 0.0 0 1 1 0 0.0 24.1 15.5 0.065 75.0 0.005 0.0 0.0 0.0 -43.7 119.7 943.4
169.304 -0.00049 0.00031 0.1 5.1 0.7 155.6 145.0 999.000 3.0 -0.006 0.090 0.1 -8.8 -8.8 -9.8 -9.8 0 0.0 0 1 1 0 0.0 24.1 15.5 0.065 75.0 0.005 0.0 0.0 0.0 0.7 79.9 1027.0
169.937 -0.00049 0.00031 0.1 7.7 2.1 155.5 145.0 999.000 3.0 -0.006 0.090 0.1 -8.8 -8.8 -10.0 -10.0 0 0.0 0 1 1 0 0.0 24.1 15.5 0.065 75.0 0.005 0.0 0.0 0.0 -38.5 152.4 977.6
170.315 -0.00049 0.00031 0.1 8.7 -0.0 154.5 145.0 999.000 3.0 0.045 0.109 0.0 -8.8 -8.8 -10.1 -10.1 0 0.0 0 1 1 0 0.0 24.1 15.5 0.065 75.0 0.005 0.0 0.0 0.0 8.9 139.7 993.8
170.914 -0.00050 0.00031 0.1 7.3 0.1 154.5 145.0 999.000 3.0 0.045 0.109 0.0 -8.8 -8.8 -10.3 -10.3 0 0.0 0 1 1 0 0.0 24.1 15.5 0.065 75.0 0.005 0.0 0.0 0.0 -5.2 145.3 984.9
171.303 -0.00050 0.00031 0.1 6.1 -1.1 154.6 145.0 999.000 3.0 -0.005 -0.028 -0.0 -8.8 -8.8 -10.4 -10.4 0 0.0 0 1 1 0 0.0 24.1 15.5 0.065 75.0 0.005 0.0 0.0 0.0 33.2 98.7 1021.0
171.915 -0.00050 0.00031 0.1 7.0 -0.5 154.5 145.0 999.000 3.0 -0.005 -0.028 -0.0 -8.8 -8.8 -10.6 -10.6 0 0.0 0 1 1 0 0.0 24.1 15.5 0.065 75.0 0.005 0.0 0.0 0.0 -8.8 133.5 966.3
172.305 -0.00050 0.00031 0.1 10.8 0.2 154.0 145.0 999.000 3.0 -0.006 0.126 -0.0 -8.8 -8.8 -10.7 -10.7 0 0.0 0 1 1 0 0.0 24.1 15.5 0.065 75.0 0.005 0.0 0.0 0.0 5.5 189.5 983.6
172.912 -0.00050 0.00031 0.1 9.1 0.4 154.1 145.0 999.000 3.0 -0.006 0.126 -0.0 -8.8 -8.8 -10.9 -10.9 0 0.0 0 1 1 0 0.0 24.1 15.5 0.065 75.0 0.005 0.0 0.0 0.0 -13.4 143.2 1015.0
173.306 -0.00050 0.00031 0.0 3.6 0.8 153.9 145.0 999.000 3.0 0.102 0.216 0.0 -8.8 -8.8 -11.0 -11.0 0 0.0 0 1 1 0 0.0 24.1 15.5 0.065 75.0 0.005 0.0 0.0 0.0 -17.4 40.5 977.0
173.915 -0.00050 0.00031 0.1 5.4 1.0 152.8 145.0 999.000 3.0 0.102 0.216 0.0 -8.8 -8.8 -11.2 -11.2 0 0.0 0 1 1 0 0.0 24.1 15.5 0.065 75.0 0.005 0.0 0.0 0.0 1.7 122.8 1037.0
174.303 -0.00050 0.00031 0.1 10.3 1.1 152.7 145.0 999.000 3.0 0.045 0.154 -0.1 -8.8 -8.8 -11.3 -11.3 0 0.0 0 1 1 0 0.0 24.1 15.5 0.065 75.0 0.005 0.0 0.0 0.0 -33.2 179.3 946.8
174.941 -0.00050 0.00031 0.1 7.5 0.2 151.8 145.0 999.000 3.0 0.045 0.154 -0.1 -8.8 -8.8 -11.5 -11.5 0 0.0 0 1 1 0 0.0 24.1 15.5 0.065 75.0 0.005 0.0 0.0 0.0 1.0 128.4 1008.0
175.315 -0.00050 0.00031 0.1 5.5 1.9 152.3 145.0 999.000 3.0 0.018 0.011 -0.0 -8.8 -8.8 -11.6 -11.6 0 0.0 0 1 1 0 0.0 24.1 15.5 0.065 75.0 0.005 0.0 0.0 0.0 -33.4 101.4 1003.0
175.914 -0.00050 0.00031 0.1 7.3 0.6 151.8 145.0 999.000 3.0 0.018 0.011 -0.0 -8.8 -8.8 -11.7 -11.7 0 0.0 0 1 1 0 0.0 24.2 15.5 0.065 75.0 0.005 0.0 0.0 0.0 -11.1 122.7 984.3
176.306 -0.00050 0.00031 0.1 7.6 1.0 151.5 145.0 999.000 3.0 0.020 0.027 0.0 -8.8 -8.8 -11.9 -11.9 0 0.0 0 1 1 0 0.0 24.2 15.5 0.065 75.0 0.005 0.0 0.0 0.0 -3.8 139.8 995.6
176.914 -0.00050 0.00031 0.1 7.8 -0.7 151.7 145.0 999.000 3.0 0.020 0.027 0.0 -8.8 -8.8 -12.1 -12.1 0 0.0 0 1 1 0 0.0 24.1 15.5 0.065 75.0 0.005 0.0 0.0 0.0 0.4 113.0 984.2
177.305 -0.00050 0.00031 0.1 5.3 -0.1 151.9 145.0 999.000 3.0 -0.005 0.008 0.0 -8.8 -8.8 -12.2 -12.2 0 0.0 0 1 1 0 0.0 24.1 15.5 0.065 75.0 0.005 0.0 0.0 0.0 20.7 105.2 1014.0
177.917 -0.00050 0.00031 0.1 9.1 0.3 151.8 135.0 999.000 3.0 -0.005 0.008 0.0 -8.8 -8.8 -12.4 -12.4 0 0.0 0 1 1 0 0.0 24.1 15.5 0.065 75.0 0.005 0.0 0.0 0.0 -23.5 170.3 966.1
178.305 -0.00050 0.00031 0.1 11.2 0.3 152.2 135.0 999.000 3.0 0.022 -0.004 -0.0 -8.8 -8.8 -12.5 -12.5 0 0.0 0 1 1 0 0.0 24.1 15.5 0.065 75.0 0.005 0.0 0.0 0.0 0.7 173.8 961.8
178.915 -0.00050 0.00031 0.1 6.1 0.2 151.9 135.0 999.000 3.0 0.022 -0.004 -0.0 -8.8 -8.8 -12.6 -12.6 0 0.0 0 1 1 0 0.0 24.1 15.5 0.065 75.0 0.005 0.0 0.0 0.0 -8.8 95.6 1010.0
179.306 -0.00050 0.00031 0.1 5.4 0.9 152.8 135.0 999.000 3.0 0.068 0.035 0.0 -8.8 -8.8 -12.8 -12.8 0 0.0 0 1 1 0 0.0 24.1 15.5 0.065 75.0 0.005 0.0 0.0 0.0 -18.0 134.9 970.3
179.953 -0.00050 0.00031 0.1 8.9 0.5 151.9 135.0 999.000 3.0 0.068 0.035 0.0 -8.8 -8.8 -12.9 -13.0 0 0.0 0 1 1 0 0.0 24.1 15.5 0.065 75.0 0.005 0.0 0.0 0.0 0.7 170.5 990.3
180.316 -0.00050 0.00031 0.1 12.4 0.2 152.4 135.0 999.000 3.0 0.197 -0.011 -0.0 -8.8 -8.8 -13.1 -13.1 12 11.7 9463 1 1 0 0.0 24.1 15.5 0.065 75.0 0.005 0.0 0.0 0.0 -65.1 219.1 961.1
180.917 -0.00050 0.00031 0.1 24.6 -1.7 152.1 135.0 999.000 3.0 0.197 -0.011 -0.0 -8.8 -8.8 -13.2 -13.2 12 0.0 9029 1 1 0 0.0 24.1 15.4 0.065 75.0 0.005 0.0 0.0 0.0 -57.0 293.8 665.5
181.306 -0.00050 0.00031 0.1 14.9 -3.9 154.5 135.0 999.000 3.0 -0.153 -0.120 -0.0 -8.8 -8.8 -13.3 -13.3 12 8.4 9079 1 1 0 0.0 24.1 15.4 0.065 75.0 0.005 0.0 0.0 0.0 52.9 213.3 976.9
181.915 -0.00050 0.00031 0.1 -2.2 -2.6 156.9 135.0 999.000 3.0 -0.153 -0.120 -0.0 -8.8 -8.8 -13.4 -13.4 12 0.0 9353 1 1 0 0.0 24.1 15.4 0.065 75.0 0.005 0.0 0.0 0.0 24.4 -75.1 939.4
182.305 -0.00051 0.00031 0.1 -1.8 -3.5 159.3 135.0 999.000 3.0 -0.579 -0.022 0.1 -8.8 -8.8 -13.6 -13.6 12 0.0 9498 1 1 0 0.0 24.1 15.4 0.065 75.0 0.005 0.0 0.0 0.0 84.4 5.6 962.3
182.916 -0.00051 0.00032 0.1 2.5 -7.1 161.1 135.0 999.000 3.0 -0.579 -0.022 0.1 -8.8 -8.8 -13.7 -13.7 12 0.0 10223 1 1 0 0.0 24.1 15.4 0.065 75.0 0.005 0.0 0.0 0.0 144.8 9.8 1044.0
183.306 -0.00051 0.00032 0.2 1.3 -8.9 163.6 135.0 999.000 3.0 -0.778 -0.159 0.0 -8.8 -8.8 -13.8 -13.8 12 0.0 10258 1 1 0 0.0 24.1 15.4 0.065 75.0 0.005 0.0 0.0 0.0 134.2 41.9 986.6
183.916 -0.00052 0.00032 0.2 0.5 -10.3 164.9 135.0 999.000 3.0 -0.778 -0.159 0.0 -8.8 -8.8 -13.8 -13.8 12 0.0 9888 1 1 0 0.0 24.1 15.4 0.065 75.0 0.005 0.0 0.0 0.0 185.5 17.5 850.4
184.304 -0.00052 0.00032 0.3 5.4 -13.6 164.6 135.0 999.000 3.0 -0.975 -0.124 0.0 -8.8 -8.8 -13.8 -13.8 12 0.0 8644 1 1 0 0.0 24.1 15.4 0.065 75.0 0.005 0.0 0.0 0.0 269.8 80.5 1025.0
184.939 -0.00052 0.00032 0.5 8.9 -17.8 164.2 135.0 999.000 3.0 -0.975 -0.124 0.0 -8.8 -8.8 -13.6 -13.6 12 0.0 8149 1 1 0 0.0 24.1 15.4 0.065 75.0 0.005 0.0 0.0 0.0 306.1 144.8 907.7
185.318 -0.00053 0.00032 0.6 7.8 -20.6 161.9 135.0 999.000 3.0 -1.110 0.012 0.0 -8.8 -8.8 -13.4 -13.4 12 0.0 8154 1 1 0 0.0 24.1 15.4 0.065 75.0 0.005 0.0 0.0 0.0 358.9 131.4 931.9
185.915 -0.00053 0.00032 0.8 3.1 -23.8 158.2 135.0 999.000 3.0 -1.110 0.012 0.0 -26.9 -26.9 -13.2 -13.1 12 0.0 8289 1 1 0 0.0 24.2 15.4 0.065 75.0 0.005 0.0 0.0 0.0 428.3 48.3 904.3
186.308 -0.00054 0.00033 1.0 -8.1 -26.9 151.6 135.0 999.000 3.0 -1.290 0.003 0.1 -23.2 -23.2 -12.8 -12.8 12 8.4 8344 1 1 0 0.0 24.2 15.4 0.065 75.0 0.005 0.0 0.0 0.0 466.6 -115.0 876.0
186.918 -0.00054 0.00033 1.3 -13.6 -29.9 145.8 135.0 999.000 3.0 -1.290 0.003 0.1 -16.6 -16.6 -12.4 -12.4 12 0.0 8279 1 1 0 0.0 24.2 15.4 0.065 75.0 0.005 0.0 0.0 0.0 508.0 -180.0 820.9
187.305 -0.00055 0.00033 1.6 -12.4 -33.1 141.4 135.0 999.000 3.0 -1.195 -0.124 0.1 -10.8 -10.8 -11.8 -11.8 12 0.0 8204 1 1 0 0.0 24.2 15.4 0.065 75.0 0.005 0.0 0.0 0.0 550.3 -158.0 806.6
187.918 -0.00055 0.00034 1.9 -9.8 -36.0 139.0 135.0 999.000 3.0 -1.195 -0.124 0.1 -6.4 -6.4 -11.2 -11.2 12 0.0 8119 1 1 0 0.0 24.1 15.4 0.065 75.0 0.005 0.0 0.0 0.0 582.4 -134.0 777.2
188.307 -0.00056 0.00034 2.2 -6.2 -38.6 137.7 135.0 999.000 3.0 -1.278 -0.164 0.1 -4.0 -4.0 -10.5 -10.5 12 0.0 8134 1 1 0 0.0 24.1 15.4 0.065 75.0 0.005 0.0 0.0 0.0 612.4 -85.9 757.2
188.928 -0.00056 0.00034 2.6 -3.0 -40.7 137.1 999.0 999.000 999.0 -1.278 -0.164 0.1 0.0 0.0 30.0 30.0 0 0.0 7124 0 0 0 0.0 24.1 15.4 0.065 75.0 0.005 0.0 0.0 0.0 650.1 -37.4 763.1
189.309 -0.00056 0.00035 3.0 -2.6 -39.3 136.4 999.0 999.000 999.0 -1.164 0.120 0.1 0.0 0.0 30.0 30.0 0 0.0 0 0 0 0 0.0 24.1 15.4 0.065 75.0 0.005 0.0 0.0 0.0 680.5 -30.8 795.4
189.932 -0.00057 0.00035 3.2 0.9 -31.0 135.8 999.0 999.000 999.0 -1.164 0.120 0.1 0.0 0.0 30.0 30.0 0 0.0 0 0 0 0 0.0 24.1 15.4 0.065 75.0 0.005 0.0 0.0 0.0 537.6 3.8 883.2
190.316 -0.00057 0.00035 3.4 2.7 -23.0 135.9 999.0 999.000 999.0 -0.905 0.004 0.1 0.0 0.0 30.0 30.0 0 0.0 0 0 0 0 0.0 24.1 15.4 0.065 75.0 0.005 0.0 0.0 0.0 401.2 39.1 940.6
190.919 -0.00057 0.00036 3.6 4.5 -15.9 136.4 999.0 999.000 999.0 -0.905 0.004 0.1 0.0 0.0 30.0 30.0 0 0.0 0 0 0 0 0.0 24.2 15.5 0.065 75.0 0.005 0.0 0.0 0.0 276.4 68.3 978.7
191.307 -0.00058 0.00036 3.6 5.2 -10.1 137.0 999.0 999.000 999.0 -0.604 0.022 0.0 0.0 0.0 30.0 30.0 0 0.0 0 0 0 0 0.0 24.2 15.5 0.065 75.0 0.005 0.0 0.0 0.0 173.5 83.3 993.7
191.916 -0.00058 0.00036 3.7 4.9 -5.5 137.7 999.0 999.000 999.0 -0.604 0.022 0.0 0.0 0.0 30.0 30.0 0 0.0 0 0 0 0 0.0 24.1 15.5 0.065 75.0 0.005 0.0 0.0 0.0 88.2 78.3 1000.0
192.308 -0.00058 0.00036 3.7 4.5 -1.8 138.0 999.0 999.000 999.0 -0.432 0.109 -0.0 0.0 0.0 30.0 30.0 0 0.0 0 0 0 0 0.0 24.1 15.5 0.065 75.0 0.005 0.0 0.0 0.0 22.4 77.5 1002.0
192.917 -0.00058 0.00036 3.7 4.6 1.2 137.2 999.0 999.000 999.0 -0.432 0.109 -0.0 0.0 0.0 30.0 30.0 0 0.0 0 0 0 0 0.0 24.1 15.5 0.065 75.0 0.005 0.0 0.0 0.0 -29.5 77.7 1003.0
193.307 -0.00058 0.00036 3.7 4.7 3.6 136.0 999.0 999.000 999.0 -0.303 0.022 -0.0 0.0 0.0 30.0 30.0 0 0.0 0 0 0 0 0.0 24.1 15.5 0.065 75.0 0.005 0.0 0.0 0.0 -71.0 81.9 997.0
193.918 -0.00058 0.00036 3.7 4.9 5.5 134.8 999.0 999.000 999.0 -0.303 0.022 -0.0 0.0 0.0 30.0 30.0 0 0.0 0 0 0 0 0.0 24.1 15.5 0.065 75.0 0.005 0.0 0.0 0.0 -100.0 87.8 992.7
194.308 -0.00058 0.00037 3.7 5.2 6.8 134.0 999.0 999.000 999.0 -0.415 -0.203 -0.0 0.0 0.0 30.0 30.0 0 0.0 5 0 0 0 0.0 24.1 15.5 0.065 75.0 0.005 0.0 0.0 0.0 -120.0 89.0 991.0
194.944 -0.00059 0.00037 3.7 4.8 7.5 133.2 999.0 999.000 999.0 -0.415 -0.203 -0.0 0.0 0.0 30.0 30.0 0 0.0 0 0 0 0 0.0 24.1 15.5 0.065 75.0 0.005 0.0 0.0 0.0 -131.0 81.0 989.3
195.319 -0.00059 0.00037 3.7 5.1 7.6 132.5 999.0 999.000 999.0 -0.321 0.084 0.0 0.0 0.0 30.0 30.0 0 0.0 0 0 0 0 0.0 24.1 15.5 0.065 75.0 0.005 0.0 0.0 0.0 -134.0 88.9 987.3
195.917 -0.00059 0.00037 3.7 5.0 7.3 131.7 999.0 999.000 999.0 -0.321 0.084 0.0 0.0 0.0 30.0 30.0 0 0.0 0 0 0 0 0.0 24.1 15.5 0.065 75.0 0.005 0.0 0.0 0.0 -126.0 86.3 989.3
196.308 -0.00059 0.00037 3.7 4.8 6.5 130.9 999.0 999.000 999.0 -0.196 -0.046 0.0 0.0 0.0 30.0 30.0 0 0.0 0 0 0 0 0.0 24.1 15.5 0.065 75.0 0.005 0.0 0.0 0.0 -111.0 84.3 989.1
196.928 -0.00059 0.00037 3.6 5.1 5.3 130.6 999.0 999.000 999.0 -0.196 -0.046 0.0 0.0 0.0 30.0 30.0 0 0.0 0 0 0 0 0.0 24.1 15.5 0.065 75.0 0.005 0.0 0.0 0.0 -87.2 90.8 992.1
197.319 -0.00059 0.00037 3.6 5.5 3.5 130.5 999.0 999.000 999.0 -0.429 0.080 -0.0 0.0 0.0 30.0 30.0 0 0.0 0 0 0 0 0.0 24.1 15.5 0.065 75.0 0.005 0.0 0.0 0.0 -55.0 95.0 994.3
197.918 -0.00059 0.00037 3.6 5.3 1.3 130.8 999.0 999.000 999.0 -0.429 0.080 -0.0 0.0 0.0 30.0 30.0 0 0.0 0 0 0 0 0.0 24.1 15.5 0.065 75.0 0.005 0.0 0.0 0.0 -12.9 90.4 995.8
198.307 -0.00059 0.00038 3.6 5.4 -1.3 131.0 999.0 999.000 999.0 -0.168 -0.073 0.0 0.0 0.0 30.0 30.0 0 0.0 0 0 0 0 0.0 24.1 15.5 0.065 75.0 0.005 0.0 0.0 0.0 30.6 95.7 994.5
198.916 -0.00059 0.00038 3.6 5.4 -4.1 131.3 999.0 999.000 999.0 -0.168 -0.073 0.0 0.0 0.0 30.0 30.0 0 0.0 0 0 0 0 0.0 24.1 15.5 0.065 75.0 0.005 0.0 0.0 0.0 78.6 95.0 992.1
199.309 -0.00059 0.00038 3.6 5.6 -6.9 131.7 999.0 999.000 999.0 -0.284 0.051 -0.0 0.0 0.0 30.0 30.0 0 0.0 0 0 0 0 0.0 24.1 15.5 0.065 75.0 0.005 0.0 0.0 0.0 130.0 96.3 987.1
199.944 -0.00059 0.00038 3.6 5.5 -10.0 132.1 999.0 999.000 999.0 -0.284 0.051 -0.0 0.0 0.0 30.0 30.0 0 0.0 5 0 0 0 0.0 24.2 15.5 0.065 75.0 0.005 0.0 0.0 0.0 182.8 94.6 978.9
200.316 -0.00060 0.00038 3.6 5.8 -12.8 132.5 999.0 999.000 999.0 -0.205 -0.131 0.0 0.0 0.0 30.0 30.0 0 0.0 0 0 0 0 0.0 24.2 15.5 0.065 75.0 0.005 0.0 0.0 0.0 229.0 98.2 969.8
200.919 -0.00060 0.00038 3.6 6.0 -15.5 132.9 999.0 999.000 999.0 -0.205 -0.131 0.0 0.0 0.0 30.0 30.0 0 0.0 0 0 0 0 0.0 24.1 15.5 0.065 75.0 0.005 0.0 0.0 0.0 274.4 101.4 957.1
201.308 -0.00060 0.00038 3.6 5.9 -18.0 133.5 999.0 999.000 999.0 -0.101 0.004 0.1 0.0 0.0 30.0 30.0 0 0.0 0 0 0 0 0.0 24.1 15.5 0.065 75.0 0.005 0.0 0.0 0.0 315.9 96.6 944.1
201.917 -0.00060 0.00038 3.6 5.8 -20.4 134.1 999.0 999.000 999.0 -0.101 0.004 0.1 0.0 0.0 30.0 30.0 0 0.0 0 0 0 0 0.0 24.1 15.5 0.065 75.0 0.005 0.0 0.0 0.0 354.7 95.3 932.0
202.310 -0.00060 0.00038 3.6 5.9 -22.4 134.8 999.0 999.000 999.0 -0.139 0.027 -0.0 0.0 0.0 30.0 30.0 0 0.0 0 0 0 0 0.0 24.1 15.5 0.065 75.0 0.005 0.0 0.0 0.0 389.7 95.3 919.2
202.917 -0.00060 0.00038 3.5 5.9 -24.4 135.4 999.0 999.000 999.0 -0.139 0.027 -0.0 0.0 0.0 30.0 30.0 0 0.0 0 0 0 0 0.0 24.1 15.5 0.065 75.0 0.005 0.0 0.0 0.0 419.1 92.7 906.8
203.308 -0.00060 0.00038 3.5 5.8 -26.1 136.2 999.0 999.000 999.0 0.011 -0.038 0.1 0.0 0.0 30.0 30.0 0 0.0 0 0 0 0 0.0 24.1 15.5 0.065 75.0 0.005 0.0 0.0 0.0 446.0 89.3 892.6
203.920 -0.00060 0.00038 3.5 5.9 -27.7 137.1 999.0 999.000 999.0 0.011 -0.038 0.1 0.0 0.0 30.0 30.0 0 0.0 0 0 0 0 0.0 24.2 15.5 0.065 75.0 0.005 0.0 0.0 0.0 469.8 89.7 883.4
204.309 -0.00060 0.00038 3.4 5.9 -29.1 138.0 999.0 999.000 999.0 -0.054 0.005 0.1 0.0 0.0 30.0 30.0 0 0.0 0 0 0 0 0.0 24.2 15.5 0.065 75.0 0.005 0.0 0.0 0.0 489.9 88.8 869.6
204.948 -0.00060 0.00038 3.4 6.0 -30.3 138.8 999.0 999.000 999.0 -0.054 0.005 0.1 0.0 0.0 30.0 30.0 0 0.0 0 0 0 0 0.0 24.1 15.5 0.065 75.0 0.005 0.0 0.0 0.0 507.8 89.6 859.3
205.320 -0.00060 0.00038 3.3 5.9 -31.2 139.4 999.0 999.000 999.0 0.002 -0.001 0.1 0.0 0.0 30.0 30.0 0 0.0 0 0 0 0 0.0 24.1 15.5 0.065 75.0 0.005 0.0 0.0 0.0 520.2 86.1 852.3
205.918 -0.00060 0.00038 3.3 5.7 -31.9 140.0 999.0 999.000 999.0 0.002 -0.001 0.1 0.0 0.0 30.0 30.0 0 0.0 0 0 0 0 0.0 24.1 15.5 0.065 75.0 0.005 0.0 0.0 0.0 530.0 83.4 845.6
206.309 -0.00060 0.00038 3.2 5.7 -32.3 140.5 999.0 999.000 999.0 0.167 0.023 0.1 0.0 0.0 30.0 30.0 0 0.0 0 0 0 0 0.0 24.1 15.5 0.065 75.0 0.005 0.0 0.0 0.0 537.9 83.9 842.1
206.926 -0.00060 0.00038 3.1 5.6 -32.6 141.0 999.0 999.000 999.0 0.167 0.023 0.1 0.0 0.0 30.0 30.0 0 0.0 0 0 0 0 0.0 24.1 15.5 0.065 75.0 0.005 0.0 0.0 0.0 539.5 81.0 841.0
207.319 -0.00060 0.00038 3.1 5.3 -32.6 141.7 999.0 999.000 999.0 0.185 0.111 0.1 0.0 0.0 30.0 30.0 0 0.0 0 0 0 0 0.0 24.1 15.5 0.065 75.0 0.005 0.0 0.0 0.0 538.0 76.6 840.2
207.926 -0.00060 0.00039 3.0 5.4 -32.4 142.5 999.0 999.000 999.0 0.185 0.111 0.1 0.0 0.0 30.0 30.0 0 0.0 0 0 0 0 0.0 24.1 15.5 0.065 75.0 0.005 0.0 0.0 0.0 535.5 79.7 841.9
208.320 -0.00060 0.00039 2.9 5.4 -32.1 143.5 999.0 999.000 999.0 0.205 -0.026 0.1 0.0 0.0 30.0 30.0 0 0.0 0 0 0 0 0.0 24.1 15.5 0.065 75.0 0.005 0.0 0.0 0.0 533.3 78.7 844.4
208.919 -0.00060 0.00039 2.8 5.1 -31.7 144.8 999.0 999.000 999.0 0.205 -0.026 0.1 0.0 0.0 30.0 30.0 0 0.0 0 0 0 0 0.0 24.2 15.5 0.065 75.0 0.005 0.0 0.0 0.0 527.0 76.0 849.5
209.309 -0.00061 0.00039 2.7 5.2 -31.2 146.2 999.0 999.000 999.0 0.185 -0.032 0.1 0.0 0.0 30.0 30.0 0 0.0 0 0 0 0 0.0 24.2 15.5 0.065 75.0 0.005 0.0 0.0 0.0 517.0 76.5 854.6
209.942 -0.00061 0.00039 2.6 5.2 -30.5 147.7 999.0 999.000 999.0 0.185 -0.032 0.1 0.0 0.0 30.0 30.0 0 0.0 0 0 0 0 0.0 24.1 15.5 0.065 75.0 0.005 0.0 0.0 0.0 504.8 77.2 860.7
210.320 -0.00061 0.00039 2.5 5.1 -29.8 149.0 999.0 999.000 999.0 0.213 0.021 0.1 0.0 0.0 30.0 30.0 0 0.0 0 0 0 0 0.0 24.1 15.5 0.065 75.0 0.005 0.0 0.0 0.0 493.0 76.6 867.1
210.925 -0.00061 0.00039 2.4 5.2 -28.9 150.3 999.0 999.000 999.0 0.213 0.021 0.1 0.0 0.0 30.0 30.0 0 0.0 0 0 0 0 0.0 24.1 15.5 0.065 75.0 0.005 0.0 0.0 0.0 483.2 78.2 873.9
211.320 -0.00061 0.00039 2.3 5.3 -28.1 151.6 999.0 999.000 999.0 0.094 -0.037 0.1 0.0 0.0 30.0 30.0 0 0.0 0 0 0 0 0.0 24.1 15.5 0.065 75.0 0.005 0.0 0.0 0.0 468.3 81.3 879.6
211.919 -0.00061 0.00039 2.2 5.5 -27.2 152.6 999.0 999.000 999.0 0.094 -0.037 0.1 0.0 0.0 30.0 30.0 0 0.0 0 0 0 0 0.0 24.1 15.5 0.065 75.0 0.005 0.0 0.0 0.0 454.8 87.3 885.9
212.310 -0.00061 0.00039 2.1 5.6 -26.4 153.5 999.0 999.000 999.0 0.269 0.097 0.1 0.0 0.0 30.0 30.0 0 0.0 5 0 0 0 0.0 24.1 15.5 0.065 75.0 0.005 0.0 0.0 0.0 444.1 87.5 891.6
212.926 -0.00061 0.00039 2.0 5.8 -25.7 154.0 999.0 999.000 999.0 0.269 0.097 0.1 0.0 0.0 30.0 30.0 0 0.0 5 0 0 0 0.0 24.2 15.5 0.065 75.0 0.005 0.0 0.0 0.0 433.2 90.7 895.6
213.318 -0.00061 0.00039 1.9 6.1 -25.3 154.0 999.0 999.000 999.0 0.206 0.077 0.1 0.0 0.0 30.0 30.0 0 0.0 0 0 0 0 0.0 24.2 15.5 0.065 75.0 0.005 0.0 0.0 0.0 424.7 96.7 898.6
213.920 -0.00061 0.00039 1.8 6.3 -25.1 153.3 999.0 999.000 999.0 0.206 0.077 0.1 0.0 0.0 30.0 30.0 0 0.0 0 0 0 0 0.0 24.1 15.5 0.065 75.0 0.005 0.0 0.0 0.0 422.9 97.9 898.4
214.310 -0.00062 0.00039 1.7 6.5 -25.1 152.1 999.0 999.000 999.0 0.270 0.133 0.1 0.0 0.0 30.0 30.0 0 0.0 0 0 0 0 0.0 24.1 15.5 0.065 75.0 0.005 0.0 0.0 0.0 425.1 101.9 896.7
214.951 -0.00062 0.00039 1.6 6.8 -25.5 150.6 999.0 999.000 999.0 0.270 0.133 0.1 0.0 0.0 30.0 30.0 0 0.0 0 0 0 0 0.0 24.2 15.5 0.065 75.0 0.005 0.0 0.0 0.0 432.7 106.8 896.7
215.321 -0.00062 0.00039 1.5 6.6 -26.2 149.0 999.0 999.000 999.0 0.227 0.115 0.1 0.0 0.0 30.0 30.0 0 0.0 0 0 0 0 0.0 24.2 15.5 0.065 75.0 0.005 0.0 0.0 0.0 442.1 101.8 891.0
215.924 -0.00062 0.00039 1.4 6.5 -27.2 147.2 999.0 999.000 999.0 0.227 0.115 0.1 0.0 0.0 30.0 30.0 0 0.0 0 0 0 0 0.0 24.1 15.5 0.065 75.0 0.005 0.0 0.0 0.0 459.2 99.7 878.1
216.319 -0.00062 0.00040 1.3 7.1 -28.2 145.4 999.0 999.000 999.0 0.401 0.166 0.1 0.0 0.0 30.0 30.0 0 0.0 0 0 0 0 0.0 24.1 15.5 0.065 75.0 0.005 0.0 0.0 0.0 478.2 108.4 872.4
216.922 -0.00062 0.00040 1.2 6.7 -29.3 143.7 999.0 999.000 999.0 0.401 0.166 0.1 0.0 0.0 30.0 30.0 0 0.0 0 0 0 0 0.0 24.1 15.5 0.065 75.0 0.005 0.0 0.0 0.0 494.6 97.0 870.2
217.311 -0.00062 0.00040 1.1 6.4 -30.8 142.0 999.0 999.000 999.0 0.223 0.077 0.1 0.0 0.0 30.0 30.0 0 0.0 0 0 0 0 0.0 24.1 15.5 0.065 75.0 0.005 0.0 0.0 0.0 512.6 96.3 848.6
217.925 -0.00062 0.00040 1.1 7.2 -31.9 140.2 999.0 999.000 999.0 0.223 0.077 0.1 0.0 0.0 30.0 30.0 0 0.0 0 0 0 0 0.0 24.1 15.5 0.065 75.0 0.005 0.0 0.0 0.0 534.8 107.4 838.0
218.323 -0.00063 0.00040 1.0 7.1 -32.6 138.6 999.0 999.000 999.0 0.334 0.083 0.0 0.0 0.0 30.0 30.0 0 0.0 0 0 0 0 0.0 24.1 15.5 0.065 75.0 0.005 0.0 0.0 0.0 544.4 96.7 840.7
218.921 -0.00063 0.00040 0.9 7.0 -34.0 137.3 999.0 999.000 999.0 0.334 0.083 0.0 0.0 0.0 30.0 30.0 0 0.0 0 0 0 0 0.0 24.1 15.5 0.065 75.0 0.005 0.0 0.0 0.0 558.2 105.1 824.1
219.310 -0.00063 0.00040 0.8 7.3 -34.9 135.3 999.0 999.000 999.0 0.251 0.329 0.1 0.0 0.0 30.0 30.0 0 0.0 0 0 0 0 0.0 24.1 15.5 0.065 75.0 0.005 0.0 0.0 0.0 567.8 105.1 810.8
219.944 -0.00063 0.00040 0.6 8.0 -34.3 133.7 999.0 999.000 999.0 0.251 0.329 0.1 0.0 0.0 30.0 30.0 0 0.0 0 0 0 0 0.0 24.1 15.5 0.065 75.0 0.005 0.0 0.0 0.0 558.6 108.9 823.0
220.321 -0.00063 0.00040 0.5 6.1 -31.4 132.8 999.0 999.000 999.0 0.293 -0.019 0.0 0.0 0.0 30.0 30.0 0 0.0 0 0 0 0 0.0 24.1 15.5 0.065 75.0 0.005 0.0 0.0 0.0 480.2 89.5 855.1
220.920 -0.00063 0.00040 0.5 5.5 -24.7 131.1 999.0 999.000 999.0 0.293 -0.019 0.0 0.0 0.0 30.0 30.0 0 0.0 5 0 0 0 0.0 24.2 15.5 0.065 75.0 0.005 0.0 0.0 0.0 385.9 90.5 910.1
221.313 -0.00063 0.00041 0.4 5.1 -16.2 130.9 999.0 999.000 999.0 0.177 0.056 0.2 0.0 0.0 30.0 30.0 0 0.0 0 0 0 0 0.0 24.2 15.5 0.065 75.0 0.005 0.0 0.0 0.0 264.1 79.0 955.2
221.924 -0.00063 0.00041 0.3 7.6 -11.6 129.8 999.0 999.000 999.0 0.177 0.056 0.2 0.0 0.0 30.0 30.0 0 0.0 0 0 0 0 0.0 24.2 15.5 0.065 75.0 0.005 0.0 0.0 0.0 191.5 135.9 975.4
222.320 -0.00063 0.00041 0.3 3.2 -8.0 129.6 999.0 999.000 999.0 0.102 0.004 0.2 0.0 0.0 30.0 30.0 0 0.0 0 0 0 0 0.0 24.2 15.5 0.065 75.0 0.005 0.0 0.0 0.0 124.0 47.9 992.2
222.922 -0.00063 0.00041 0.2 6.8 -5.9 128.9 999.0 999.000 999.0 0.102 0.004 0.2 0.0 0.0 30.0 30.0 0 0.0 0 0 0 0 0.0 24.2 15.5 0.065 75.0 0.005 0.0 0.0 0.0 99.2 126.8 976.3
223.311 -0.00063 0.00041 0.2 6.0 -3.9 129.9 999.0 999.000 999.0 0.170 -0.003 0.1 0.0 0.0 30.0 30.0 0 0.0 0 0 0 0 0.0 24.2 15.5 0.065 75.0 0.005 0.0 0.0 0.0 75.9 105.4 998.9
223.921 -0.00063 0.00041 0.2 6.3 -4.8 129.7 999.0 999.000 999.0 0.170 -0.003 0.1 0.0 0.0 30.0 30.0 0 0.0 0 0 0 0 0.0 24.1 15.5 0.065 75.0 0.005 0.0 0.0 0.0 68.4 96.0 993.9
224.312 -0.00064 0.00041 0.1 6.5 -3.3 130.3 999.0 999.000 999.0 -0.047 0.109 0.1 0.0 0.0 30.0 30.0 0 0.0 0 0 0 0 0.0 24.1 15.5 0.065 75.0 0.005 0.0 0.0 0.0 49.3 117.9 970.6
224.940 -0.00064 0.00041 0.1 9.4 -3.0 130.5 999.0 999.000 999.0 -0.047 0.109 0.1 0.0 0.0 30.0 30.0 0 0.0 0 0 0 0 0.0 24.1 15.5 0.065 75.0 0.005 0.0 0.0 0.0 58.4 180.0 999.4
225.322 -0.00064 0.00041 0.1 6.6 -1.0 131.2 999.0 999.000 999.0 0.065 0.025 0.1 0.0 0.0 30.0 30.0 0 0.0 0 0 0 0 0.0 24.1 15.5 0.065 75.0 0.005 0.0 0.0 0.0 7.8 94.6 1000.0
225.920 -0.00064 0.00041 0.0 6.5 -0.5 131.7 999.0 999.000 999.0 0.065 0.025 0.1 0.0 0.0 30.0 30.0 0 0.0 0 0 0 0 0.0 24.1 15.5 0.065 75.0 0.005 0.0 0.0 0.0 -3.2 94.9 971.0
226.309 -0.00064 0.00041 0.1 8.5 0.5 132.0 999.0 999.000 999.0 0.147 0.048 0.0 0.0 0.0 30.0 30.0 0 0.0 0 0 0 0 0.0 24.1 15.5 0.065 75.0 0.005 0.0 0.0 0.0 -12.5 158.5 968.6
226.923 -0.00064 0.00041 0.1 6.2 -0.3 131.4 999.0 999.000 999.0 0.147 0.048 0.0 0.0 0.0 30.0 30.0 0 0.0 0 0 0 0 0.0 24.1 15.5 0.065 75.0 0.005 0.0 0.0 0.0 22.4 87.0 1001.0
227.321 -0.00064 0.00041 0.1 7.3 -1.2 132.0 999.0 999.000 999.0 0.052 0.096 -0.1 0.0 0.0 30.0 30.0 0 0.0 0 0 0 0 0.0 24.1 15.5 0.065 75.0 0.005 0.0 0.0 0.0 15.5 153.0 1013.0
227.919 -0.00064 0.00041 0.1 8.4 -1.6 130.3 999.0 999.000 999.0 0.052 0.096 -0.1 0.0 0.0 30.0 30.0 0 0.0 0 0 0 0 0.0 24.1 15.5 0.065 75.0 0.005 0.0 0.0 0.0 22.3 144.9 977.7
228.312 -0.00064 0.00041 0.1 7.4 -0.4 130.3 999.0 999.000 999.0 -0.090 -0.035 0.0 0.0 0.0 30.0 30.0 0 0.0 0 0 0 0 0.0 24.1 15.5 0.065 75.0 0.005 0.0 0.0 0.0 18.5 99.4 995.1
228.921 -0.00064 0.00041 0.1 7.6 -0.8 129.9 999.0 999.000 999.0 -0.090 -0.035 0.0 0.0 0.0 30.0 30.0 0 0.0 0 0 0 0 0.0 24.1 15.5 0.065 75.0 0.005 0.0 0.0 0.0 11.5 113.3 992.0
229.310 -0.00064 0.00041 0.1 8.3 -1.9 128.5 999.0 999.000 999.0 0.100 0.100 -0.0 0.0 0.0 30.0 30.0 0 0.0 0 0 0 0 0.0 24.1 15.5 0.065 75.0 0.005 0.0 0.0 0.0 21.9 170.5 1027.0
229.940 -0.00064 0.00041 0.1 7.9 1.9 128.3 999.0 999.000 999.0 0.100 0.100 -0.0 0.0 0.0 30.0 30.0 0 0.0 0 0 0 0 0.0 24.2 15.5 0.065 75.0 0.005 0.0 0.0 0.0 -16.3 157.5 995.0
230.322 -0.00064 0.00042 0.0 7.6 1.5 128.5 999.0 999.000 999.0 -0.064 -0.167 0.1 0.0 0.0 30.0 30.0 0 0.0 0 0 0 0 0.0 24.2 15.5 0.065 75.0 0.005 0.0 0.0 0.0 -37.8 171.6 959.3
230.920 -0.00064 0.00042 0.0 6.4 -0.7 126.0 999.0 999.000 999.0 -0.064 -0.167 0.1 0.0 0.0 30.0 30.0 0 0.0 5 0 0 0 0.0 24.1 15.5 0.065 75.0 0.005 0.0 0.0 0.0 12.9 55.0 1007.0
231.313 -0.00064 0.00042 0.1 9.1 -0.5 126.1 999.0 999.000 999.0 0.185 0.096 -0.0 0.0 0.0 30.0 30.0 0 0.0 0 0 0 0 0.0 24.1 15.5 0.065 75.0 0.005 0.0 0.0 0.0 6.9 150.2 959.2
231.923 -0.00064 0.00042 0.1 7.4 -0.8 126.1 999.0 999.000 999.0 0.185 0.096 -0.0 0.0 0.0 30.0 30.0 0 0.0 0 0 0 0 0.0 24.2 15.5 0.065 75.0 0.005 0.0 0.0 0.0 24.9 149.3 1021.0
232.321 -0.00064 0.00042 0.1 8.3 1.2 126.1 999.0 999.000 999.0 0.102 0.039 0.0 0.0 0.0 30.0 30.0 0 0.0 0 0 0 0 0.0 24.2 15.5 0.065 75.0 0.005 0.0 0.0 0.0 -21.0 126.3 1002.0
232.932 -0.00064 0.00042 0.0 9.1 0.1 125.3 999.0 999.000 999.0 0.102 0.039 0.0 0.0 0.0 30.0 30.0 0 0.0 0 0 0 0 0.0 24.2 15.5 0.065 75.0 0.005 0.0 0.0 0.0 -17.9 125.2 971.7
233.322 -0.00064 0.00042 0.1 9.6 0.8 126.3 999.0 999.000 999.0 0.150 0.188 0.0 0.0 0.0 30.0 30.0 0 0.0 0 0 0 0 0.0 24.2 15.5 0.065 75.0 0.005 0.0 0.0 0.0 3.0 193.1 989.6
233.921 -0.00064 0.00042 0.1 5.5 -1.0 126.3 999.0 999.000 999.0 0.150 0.188 0.0 0.0 0.0 30.0 30.0 0 0.0 0 0 0 0 0.0 24.1 15.5 0.065 75.0 0.005 0.0 0.0 0.0 17.5 68.2 1003.0
234.313 -0.00064 0.00042 0.1 7.6 -0.6 126.4 999.0 999.000 999.0 0.037 -0.153 -0.0 0.0 0.0 30.0 30.0 0 0.0 0 0 0 0 0.0 24.1 15.5 0.065 75.0 0.005 0.0 0.0 0.0 4.6 148.1 990.5
234.945 -0.00064 0.00042 0.1 9.4 0.5 126.3 999.0 999.000 999.0 0.037 -0.153 -0.0 0.0 0.0 30.0 30.0 0 0.0 0 0 0 0 0.0 24.1 15.5 0.065 75.0 0.005 0.0 0.0 0.0 -15.4 155.6 970.4
235.322 -0.00064 0.00042 0.1 7.7 1.8 127.1 999.0 999.000 999.0 0.059 -0.112 0.0 0.0 0.0 30.0 30.0 0 0.0 0 0 0 0 0.0 24.1 15.5 0.065 75.0 0.005 0.0 0.0 0.0 -14.2 140.2 1000.0
235.932 -0.00064 0.00042 0.1 5.2 -0.4 126.7 999.0 999.000 999.0 0.059 -0.112 0.0 0.0 0.0 30.0 30.0 0 0.0 0 0 0 0 0.0 24.1 15.5 0.065 75.0 0.005 0.0 0.0 0.0 -5.6 62.7 1017.0
236.322 -0.00064 0.00042 0.1 8.5 0.7 127.6 999.0 999.000 999.0 -0.019 0.102 0.0 0.0 0.0 30.0 30.0 0 0.0 0 0 0 0 0.0 24.1 15.5 0.065 75.0 0.005 0.0 0.0 0.0 -22.6 143.1 960.2
236.922 -0.00065 0.00042 0.1 8.7 2.2 127.1 999.0 999.000 999.0 -0.019 0.102 0.0 0.0 0.0 30.0 30.0 0 0.0 0 0 0 0 0.0 24.1 15.5 0.065 75.0 0.005 0.0 0.0 0.0 -21.4 128.0 1000.0
237.323 -0.00065 0.00042 0.1 6.0 0.4 129.1 999.0 999.000 999.0 0.046 0.176 0.1 0.0 0.0 30.0 30.0 0 0.0 0 0 0 0 0.0 24.1 15.5 0.065 75.0 0.005 0.0 0.0 0.0 -22.4 99.8 1005.0
237.931 -0.00065 0.00042 0.1 7.2 1.2 127.4 999.0 999.000 999.0 0.046 0.176 0.1 0.0 0.0 30.0 30.0 0 0.0 0 0 0 0 0.0 24.2 15.5 0.065 75.0 0.005 0.0 0.0 0.0 -33.3 130.6 963.8
238.323 -0.00065 0.00043 0.1 9.1 0.2 128.1 999.0 999.000 999.0 0.239 0.111 0.0 0.0 0.0 30.0 30.0 0 0.0 0 0 0 0 0.0 24.2 15.5 0.065 75.0 0.005 0.0 0.0 0.0 8.8 134.5 1003.0
238.922 -0.00065 0.00043 0.1 9.4 -0.3 128.8 999.0 999.000 999.0 0.239 0.111 0.0 0.0 0.0 30.0 30.0 0 0.0 0 0 0 0 0.0 24.2 15.5 0.065 75.0 0.005 0.0 0.0 0.0 15.7 162.4 1002.0
239.311 -0.00065 0.00043 0.1 6.8 -1.4 130.3 999.0 999.000 999.0 0.119 0.116 -0.0 0.0 0.0 30.0 30.0 0 0.0 5 0 0 0 0.0 24.2 15.5 0.065 75.0 0.005 0.0 0.0 0.0 -5.2 112.7 993.3
239.943 -0.00065 0.00043 0.1 7.8 0.9 129.5 999.0 999.000 999.0 0.119 0.116 -0.0 0.0 0.0 30.0 30.0 0 0.0 0 0 0 0 0.0 24.1 15.5 0.065 75.0 0.005 0.0 0.0 0.0 -1.2 115.6 965.7
240.322 -0.00065 0.00043 0.1 11.0 1.5 131.7 999.0 999.000 999.0 -0.107 0.150 0.0 0.0 0.0 30.0 30.0 0 0.0 5 0 0 0 0.0 24.1 15.5 0.065 75.0 0.005 0.0 0.0 0.0 -14.2 190.5 997.6
240.921 -0.00065 0.00043 0.1 8.4 -0.8 132.0 999.0 999.000 999.0 -0.107 0.150 0.0 0.0 0.0 30.0 30.0 0 0.0 0 0 0 0 0.0 24.1 15.5 0.065 75.0 0.005 0.0 0.0 0.0 7.6 121.0 1006.0
241.314 -0.00065 0.00043 0.1 4.6 -0.4 133.0 999.0 999.000 999.0 0.143 0.050 -0.1 0.0 0.0 30.0 30.0 0 0.0 0 0 0 0 0.0 24.1 15.5 0.065 75.0 0.005 0.0 0.0 0.0 10.7 73.0 1001.0
