7.287 0.00000 0.00000 0.1 7.9 1.1 141.7 999.0 999.000 999.0 nan nan nan 0.0 0.0 0.0 0.0 0 0.0 0 0 0 0 0.0 0.0 0.0 0.000 0.0 0.000 0.0 0.0 0.0 -24.3 130.6 976.9
7.786 0.00000 0.00000 0.1 8.2 1.4 140.9 999.0 999.000 999.0 nan nan nan 0.0 0.0 0.0 0.0 0 0.0 0 0 0 0 0.0 24.1 15.5 0.065 75.0 0.005 0.0 0.0 0.0 -29.1 145.4 989.2
8.288 0.00000 0.00000 0.0 8.0 1.5 140.5 999.0 999.000 999.0 nan nan nan 0.0 0.0 0.0 0.0 0 0.0 5 0 0 0 0.0 24.1 15.5 0.065 75.0 0.005 0.0 0.0 0.0 -20.2 128.9 995.1
8.787 0.00000 0.00000 0.1 7.7 1.5 140.5 999.0 999.000 999.0 nan nan nan 0.0 0.0 0.0 0.0 0 0.0 0 0 0 0 0.0 24.1 15.5 0.065 75.0 0.005 0.0 0.0 0.0 -22.1 115.3 979.4
9.187 -0.00000 0.00000 0.1 8.0 0.4 140.1 999.0 999.000 999.0 0.065 0.095 0.0 0.0 0.0 0.0 0.0 0 0.0 0 0 0 0 0.0 24.1 15.5 0.065 75.0 0.005 0.0 0.0 0.0 -2.1 156.0 996.4
9.787 -0.00000 0.00000 0.1 8.9 0.2 140.0 999.0 999.000 999.0 0.065 0.095 0.0 0.0 0.0 0.0 0.0 0 0.0 0 0 0 0 0.0 24.1 15.5 0.065 75.0 0.005 0.0 0.0 0.0 -21.4 140.4 986.3
10.186 -0.00000 0.00000 0.1 7.1 1.3 139.9 999.0 999.000 999.0 0.147 0.052 -0.0 0.0 0.0 0.0 0.0 0 0.0 0 0 0 0 0.0 24.1 15.5 0.065 75.0 0.005 0.0 0.0 0.0 -7.9 134.7 975.9
10.788 -0.00000 0.00000 0.1 6.3 0.8 139.6 999.0 999.000 999.0 0.147 0.052 -0.0 0.0 0.0 0.0 0.0 0 0.0 5 0 0 0 0.0 24.1 15.5 0.065 75.0 0.005 0.0 0.0 0.0 -22.8 82.8 991.2
11.206 -0.00000 0.00000 0.1 8.5 0.1 139.5 999.0 999.000 999.0 0.099 -0.053 0.0 0.0 0.0 0.0 0.0 0 0.0 0 0 0 0 0.0 24.1 15.5 0.065 75.0 0.005 0.0 0.0 0.0 1.2 160.0 1002.0
11.786 -0.00000 0.00000 0.1 8.0 0.7 140.0 999.0 999.000 999.0 0.099 -0.053 0.0 0.0 0.0 0.0 0.0 0 0.0 0 0 0 0 0.0 24.1 15.5 0.065 75.0 0.005 0.0 0.0 0.0 -16.9 143.2 974.7
12.188 -0.00000 0.00000 0.1 6.9 0.7 139.8 999.0 999.000 999.0 0.103 0.068 -0.0 0.0 0.0 0.0 0.0 0 0.0 0 0 0 0 0.0 24.1 15.5 0.065 75.0 0.005 0.0 0.0 0.0 -12.4 105.7 991.9
12.787 -0.00000 0.00000 0.1 7.9 1.0 139.5 999.0 999.000 999.0 0.103 0.068 -0.0 0.0 0.0 0.0 0.0 0 0.0 0 0 0 0 0.0 24.1 15.5 0.065 75.0 0.005 0.0 0.0 0.0 -20.8 148.1 996.3
13.186 -0.00000 0.00000 0.1 8.5 0.4 139.3 999.0 999.000 999.0 0.032 -0.038 0.0 0.0 0.0 0.0 0.0 0 0.0 0 0 0 0 0.0 24.1 15.5 0.065 75.0 0.005 0.0 0.0 0.0 -9.1 147.0 987.7
13.788 -0.00000 0.00000 0.1 6.9 1.1 139.3 999.0 999.000 999.0 0.032 -0.038 0.0 0.0 0.0 0.0 0.0 0 0.0 0 0 0 0 0.0 24.2 15.5 0.065 75.0 0.005 0.0 0.0 0.0 -11.9 118.6 989.9
14.187 -0.00000 0.00000 0.1 7.3 -0.9 139.3 999.0 999.000 999.0 0.008 0.120 0.0 0.0 0.0 0.0 0.0 0 0.0 5 0 0 0 0.0 24.2 15.5 0.065 75.0 0.005 0.0 0.0 0.0 2.3 126.3 981.8
14.786 -0.00000 0.00000 0.1 8.9 -0.2 139.4 999.0 999.000 999.0 0.008 0.120 0.0 0.0 0.0 0.0 0.0 0 0.0 5 0 0 0 0.0 24.2 15.5 0.065 75.0 0.005 0.0 0.0 0.0 8.3 172.2 989.7
15.203 -0.00000 0.00000 0.1 7.1 0.0 138.7 999.0 999.000 999.0 -0.015 0.083 -0.0 0.0 0.0 0.0 0.0 0 0.0 0 0 0 0 0.0 24.2 15.5 0.065 75.0 0.005 0.0 0.0 0.0 -4.1 122.2 995.9
15.796 -0.00001 0.00000 0.0 7.2 0.1 138.5 999.0 999.000 999.0 -0.015 0.083 -0.0 0.0 0.0 0.0 0.0 0 0.0 0 0 0 0 0.0 24.1 15.5 0.065 75.0 0.005 0.0 0.0 0.0 -11.6 118.9 982.3
16.206 -0.00001 0.00001 0.1 8.3 1.4 137.2 999.0 999.000 999.0 0.190 0.002 -0.0 0.0 0.0 0.0 0.0 0 0.0 0 0 0 0 0.0 24.1 15.5 0.065 75.0 0.005 0.0 0.0 0.0 -27.7 151.8 981.0
16.799 -0.00001 0.00001 0.1 7.9 1.3 137.4 999.0 999.000 999.0 0.190 0.002 -0.0 0.0 0.0 0.0 0.0 0 0.0 0 0 0 0 0.0 24.2 15.5 0.065 75.0 0.005 0.0 0.0 0.0 -14.4 136.1 994.9
17.188 -0.00001 0.00001 0.1 6.5 1.8 136.5 999.0 999.000 999.0 0.170 0.024 0.0 0.0 0.0 0.0 0.0 0 0.0 0 0 0 0 0.0 24.2 15.5 0.065 75.0 0.005 0.0 0.0 0.0 -50.5 108.7 985.2
17.797 -0.00001 0.00001 0.1 6.6 0.1 136.5 999.0 999.000 999.0 0.170 0.024 0.0 0.0 0.0 0.0 0.0 0 0.0 0 0 0 0 0.0 24.2 15.5 0.065 75.0 0.005 0.0 0.0 0.0 2.1 126.6 997.0
18.190 -0.00001 0.00001 0.1 8.1 1.3 136.2 999.0 999.000 999.0 0.129 -0.056 -0.0 0.0 0.0 0.0 0.0 0 0.0 0 0 0 0 0.0 24.2 15.5 0.065 75.0 0.005 0.0 0.0 0.0 -14.1 133.5 989.8
18.797 -0.00001 0.00001 0.1 8.0 -0.9 136.4 999.0 999.000 999.0 0.129 -0.056 -0.0 0.0 0.0 0.0 0.0 0 0.0 0 0 0 0 0.0 24.1 15.5 0.065 75.0 0.005 0.0 0.0 0.0 10.4 155.5 1003.0
19.188 -0.00001 0.00001 0.1 8.2 0.8 136.2 999.0 999.000 999.0 0.068 0.049 0.0 0.0 0.0 0.0 0.0 0 0.0 0 0 0 0 0.0 24.1 15.5 0.065 75.0 0.005 0.0 0.0 0.0 -17.3 151.0 976.2
19.799 -0.00001 0.00001 0.1 7.3 0.3 136.1 999.0 999.000 999.0 0.068 0.049 0.0 0.0 0.0 0.0 0.0 0 0.0 0 0 0 0 0.0 24.2 15.5 0.065 75.0 0.005 0.0 0.0 0.0 1.0 135.0 998.3
20.188 -0.00001 0.00001 0.1 9.6 0.3 135.7 999.0 999.000 999.0 -0.013 0.233 0.0 0.0 0.0 0.0 0.0 0 0.0 0 0 0 0 0.0 24.2 15.5 0.065 75.0 0.005 0.0 0.0 0.0 -3.2 154.7 993.4
20.798 -0.00001 0.00001 0.1 10.0 -0.4 136.0 999.0 999.000 999.0 -0.013 0.233 0.0 0.0 0.0 0.0 0.0 0 0.0 5 0 0 0 0.0 24.1 15.5 0.065 75.0 0.005 0.0 0.0 0.0 -2.7 187.6 972.5
21.212 -0.00001 0.00001 0.0 5.1 1.5 136.0 999.0 999.000 999.0 -0.029 -0.087 0.0 0.0 0.0 0.0 0.0 0 0.0 0 0 0 0 0.0 24.1 15.5 0.065 75.0 0.005 0.0 0.0 0.0 -25.5 74.6 988.0
21.798 -0.00001 0.00001 0.0 6.1 0.7 135.9 999.0 999.000 999.0 -0.029 -0.087 0.0 0.0 0.0 0.0 0.0 0 0.0 0 0 0 0 0.0 24.1 15.5 0.065 75.0 0.005 0.0 0.0 0.0 -10.0 121.6 998.3
22.188 -0.00001 0.00001 0.1 8.0 0.6 135.2 999.0 999.000 999.0 0.192 -0.156 -0.0 0.0 0.0 0.0 0.0 0 0.0 0 0 0 0 0.0 24.1 15.5 0.065 75.0 0.005 0.0 0.0 0.0 -9.9 137.4 989.3
22.799 -0.00001 0.00001 0.1 8.3 -0.1 136.4 999.0 999.000 999.0 0.192 -0.156 -0.0 0.0 0.0 0.0 0.0 0 0.0 0 0 0 0 0.0 24.2 15.5 0.065 75.0 0.005 0.0 0.0 0.0 5.9 160.8 991.9
23.188 -0.00001 0.00001 0.1 6.3 0.8 135.7 999.0 999.000 999.0 0.090 -0.117 0.1 0.0 0.0 0.0 0.0 0 0.0 0 0 0 0 0.0 24.2 15.5 0.065 75.0 0.005 0.0 0.0 0.0 -25.9 114.5 978.6
23.799 -0.00001 0.00001 0.1 7.3 0.9 135.5 999.0 999.000 999.0 0.090 -0.117 0.1 0.0 0.0 0.0 0.0 0 0.0 0 0 0 0 0.0 24.2 15.5 0.065 75.0 0.005 0.0 0.0 0.0 -8.4 142.6 1013.0
24.189 -0.00001 0.00001 0.1 8.6 2.3 135.3 999.0 999.000 999.0 -0.019 -0.067 0.1 0.0 0.0 0.0 0.0 0 0.0 0 0 0 0 0.0 24.2 15.5 0.065 75.0 0.005 0.0 0.0 0.0 -45.4 142.6 981.0
24.798 -0.00001 0.00001 0.1 7.5 1.2 135.2 999.0 999.000 999.0 -0.019 -0.067 0.1 0.0 0.0 0.0 0.0 0 0.0 0 0 0 0 0.0 24.2 15.5 0.065 75.0 0.005 0.0 0.0 0.0 -9.7 126.7 987.4
25.190 -0.00001 0.00001 0.1 6.9 0.9 135.7 999.0 999.000 999.0 -0.083 0.026 0.0 0.0 0.0 0.0 0.0 0 0.0 0 0 0 0 0.0 24.2 15.5 0.065 75.0 0.005 0.0 0.0 0.0 -21.8 112.1 995.7
25.798 -0.00002 0.00001 0.1 7.9 0.0 136.1 999.0 999.000 999.0 -0.083 0.026 0.0 0.0 0.0 0.0 0.0 0 0.0 0 0 0 0 0.0 24.1 15.5 0.065 75.0 0.005 0.0 0.0 0.0 -1.8 166.8 989.4
26.211 -0.00002 0.00001 0.1 7.1 1.7 135.5 999.0 999.000 999.0 0.085 -0.144 0.0 0.0 0.0 0.0 0.0 0 0.0 0 0 0 0 0.0 24.1 15.5 0.065 75.0 0.005 0.0 0.0 0.0 -17.7 116.8 1009.0
26.800 -0.00002 0.00002 0.0 7.3 0.1 135.9 999.0 999.000 999.0 0.085 -0.144 0.0 0.0 0.0 0.0 0.0 0 0.0 5 0 0 0 0.0 24.2 15.5 0.065 75.0 0.005 0.0 0.0 0.0 -6.8 134.0 962.7
27.189 -0.00002 0.00002 0.1 8.4 -0.6 135.9 999.0 999.000 999.0 0.007 -0.073 0.0 0.0 0.0 0.0 0.0 0 0.0 5 0 0 0 0.0 24.2 15.5 0.065 75.0 0.005 0.0 0.0 0.0 17.8 150.0 1016.0
27.797 -0.00002 0.00002 0.1 8.7 -0.6 136.0 999.0 999.000 999.0 0.007 -0.073 0.0 0.0 0.0 0.0 0.0 0 0.0 0 0 0 0 0.0 24.2 15.5 0.065 75.0 0.005 0.0 0.0 0.0 5.6 155.6 973.0
28.190 -0.00002 0.00002 0.1 7.2 0.6 136.3 999.0 999.000 999.0 -0.045 0.026 -0.0 0.0 0.0 0.0 0.0 0 0.0 0 0 0 0 0.0 24.2 15.5 0.065 75.0 0.005 0.0 0.0 0.0 -2.5 128.3 1009.0
28.798 -0.00002 0.00002 0.1 6.7 0.1 136.6 999.0 999.000 999.0 -0.045 0.026 -0.0 0.0 0.0 0.0 0.0 0 0.0 5 0 0 0 0.0 24.1 15.5 0.065 75.0 0.005 0.0 0.0 0.0 -17.7 118.2 989.2
29.188 -0.00002 0.00002 0.1 7.3 0.8 135.6 999.0 999.000 999.0 0.051 -0.131 0.0 0.0 0.0 0.0 0.0 0 0.0 0 0 0 0 0.0 24.1 15.5 0.065 75.0 0.005 0.0 0.0 0.0 7.5 125.9 1011.0
29.801 -0.00002 0.00002 0.1 9.3 0.2 136.7 999.0 999.000 999.0 0.051 -0.131 0.0 0.0 0.0 0.0 0.0 0 0.0 5 0 0 0 0.0 24.1 15.5 0.065 75.0 0.005 0.0 0.0 0.0 -12.5 154.8 976.8
30.189 -0.00002 0.00002 0.1 6.9 -0.6 136.7 999.0 999.000 999.0 -0.125 -0.029 -0.0 0.0 0.0 0.0 0.0 0 0.0 0 0 0 0 0.0 24.1 15.5 0.065 75.0 0.005 0.0 0.0 0.0 14.1 133.5 1002.0
30.798 -0.00002 0.00002 0.0 5.4 0.7 136.1 999.0 999.000 999.0 -0.125 -0.029 -0.0 0.0 0.0 0.0 0.0 0 0.0 0 0 0 0 0.0 24.2 15.5 0.065 75.0 0.005 0.0 0.0 0.0 -9.3 79.4 986.0
31.216 -0.00002 0.00002 0.1 9.2 -0.1 136.7 120.0 999.000 999.0 -0.045 0.031 0.1 0.0 0.0 0.0 0.0 0 0.0 0 1 0 0 0.0 24.2 15.5 0.065 75.0 0.005 0.0 0.0 0.0 -5.3 174.0 986.4
31.799 -0.00002 0.00002 0.1 10.2 0.7 136.8 120.0 999.000 999.0 -0.045 0.031 0.1 0.0 0.0 0.0 0.0 0 0.0 0 1 0 0 0.0 24.1 15.5 0.065 75.0 0.005 0.0 0.0 0.0 -8.6 177.3 998.7
32.189 -0.00002 0.00002 0.1 6.4 0.9 137.0 120.0 999.000 999.0 -0.005 -0.069 0.0 0.0 0.0 0.0 0.0 0 0.0 0 1 0 0 0.0 24.1 15.5 0.065 75.0 0.005 0.0 0.0 0.0 -18.4 89.5 983.0
32.800 -0.00002 0.00002 0.1 4.4 1.0 136.2 120.0 999.000 999.0 -0.005 -0.069 0.0 0.0 0.0 0.0 0.0 0 0.0 5 1 0 0 0.0 24.1 15.5 0.065 75.0 0.005 0.0 0.0 0.0 -13.4 70.0 1022.0
33.189 -0.00002 0.00002 0.1 8.4 2.5 136.7 120.0 999.000 999.0 -0.080 0.099 0.0 0.0 0.0 0.0 0.0 0 0.0 0 1 0 0 0.0 24.1 15.5 0.065 75.0 0.005 0.0 0.0 0.0 -48.8 158.6 968.7
33.799 -0.00002 0.00002 0.1 9.2 1.3 136.3 120.0 999.000 999.0 -0.080 0.099 0.0 0.0 0.0 0.0 0.0 0 0.0 0 1 0 0 0.0 24.2 15.5 0.065 75.0 0.005 0.0 0.0 0.0 -27.5 148.0 988.7
34.191 -0.00002 0.00002 0.1 6.6 1.3 136.0 120.0 999.000 999.0 -0.009 -0.098 -0.0 0.0 0.0 0.0 0.0 0 0.0 0 1 0 0 0.0 24.2 15.5 0.065 75.0 0.005 0.0 0.0 0.0 -12.6 122.1 995.8
34.799 -0.00002 0.00002 0.1 6.9 0.9 136.3 120.0 999.000 999.0 -0.009 -0.098 -0.0 0.0 0.0 0.0 0.0 0 0.0 0 1 0 0 0.0 24.1 15.5 0.065 75.0 0.005 0.0 0.0 0.0 -11.9 109.3 1005.0
35.190 -0.00002 0.00002 0.1 8.3 1.1 136.5 120.0 999.000 999.0 -0.161 -0.103 0.0 0.0 0.0 0.0 0.0 0 0.0 0 1 0 0 0.0 24.1 15.5 0.065 75.0 0.005 0.0 0.0 0.0 -23.5 152.1 977.3
35.800 -0.00002 0.00002 0.0 8.1 1.0 136.0 120.0 999.000 999.0 -0.161 -0.103 0.0 0.0 0.0 0.0 0.0 0 0.0 0 1 0 0 0.0 24.2 15.5 0.065 75.0 0.005 0.0 0.0 0.0 -9.1 132.3 1015.0
36.248 -0.00002 0.00002 0.1 6.7 0.9 136.9 120.0 999.000 999.0 0.060 0.097 -0.0 0.0 0.0 0.0 0.0 0 0.0 0 1 0 0 0.0 24.2 15.5 0.065 75.0 0.005 0.0 0.0 0.0 -19.6 105.0 977.0
36.800 -0.00002 0.00002 0.1 7.1 0.1 136.8 120.0 999.000 999.0 0.060 0.097 -0.0 0.0 0.0 0.0 0.0 0 0.0 0 1 0 0 0.0 24.2 15.5 0.065 75.0 0.005 0.0 0.0 0.0 10.0 117.5 1007.0
37.189 -0.00002 0.00002 0.1 9.1 -0.5 137.9 120.0 999.000 999.0 -0.021 -0.024 -0.0 0.0 0.0 0.0 0.0 0 0.0 0 1 0 0 0.0 24.2 15.5 0.065 75.0 0.005 0.0 0.0 0.0 7.9 171.0 998.2
37.798 -0.00002 0.00002 0.1 8.3 0.5 137.8 120.0 999.000 999.0 -0.021 -0.024 -0.0 0.0 0.0 0.0 0.0 0 0.0 0 1 0 0 0.0 24.2 15.5 0.065 75.0 0.005 0.0 0.0 0.0 -2.2 156.1 975.2
38.191 -0.00002 0.00002 0.1 8.8 -0.2 137.8 120.0 999.000 999.0 0.019 0.107 0.0 0.0 0.0 0.0 0.0 0 0.0 5 1 0 0 0.0 24.2 15.5 0.065 75.0 0.005 0.0 0.0 0.0 -2.6 137.3 1012.0
38.799 -0.00002 0.00002 0.1 9.8 0.9 138.4 120.0 999.000 999.0 0.019 0.107 0.0 0.0 0.0 0.0 0.0 0 0.0 0 1 0 0 0.0 24.1 15.5 0.065 75.0 0.005 0.0 0.0 0.0 -19.2 176.7 962.4
39.191 -0.00002 0.00002 0.1 8.1 0.1 138.9 120.0 999.000 999.0 -0.006 0.077 0.0 0.0 0.0 0.0 0.0 0 0.0 0 1 0 0 0.0 24.1 15.5 0.065 75.0 0.005 0.0 0.0 0.0 4.9 132.4 1005.0
39.801 -0.00003 0.00002 0.1 6.8 0.3 138.6 120.0 999.000 999.0 -0.006 0.077 0.0 0.0 0.0 0.0 0.0 0 0.0 5 1 0 0 0.0 24.2 15.5 0.065 75.0 0.005 0.0 0.0 0.0 -4.5 120.5 1010.0
40.190 -0.00003 0.00002 0.1 7.8 0.5 139.1 120.0 999.000 999.0 0.122 -0.047 0.0 0.0 0.0 0.0 0.0 0 0.0 0 1 0 0 0.0 24.2 15.5 0.065 75.0 0.005 0.0 0.0 0.0 -17.2 140.1 985.1
40.799 -0.00003 0.00002 0.1 7.3 2.5 138.9 120.0 999.000 999.0 0.122 -0.047 0.0 0.0 0.0 0.0 0.0 0 0.0 0 1 0 0 0.0 24.2 15.5 0.065 75.0 0.005 0.0 0.0 0.0 -39.8 99.4 969.6
41.245 -0.00003 0.00002 0.1 8.2 1.6 138.9 120.0 999.000 999.0 -0.216 -0.014 0.1 0.0 0.0 0.0 0.0 0 0.0 0 1 0 0 0.0 24.2 15.5 0.065 75.0 0.005 0.0 0.0 0.0 -24.8 168.9 1002.0
41.800 -0.00003 0.00003 0.1 5.6 1.7 139.0 120.0 999.000 999.0 -0.216 -0.014 0.1 0.0 0.0 0.0 0.0 0 0.0 0 1 0 0 0.0 24.1 15.5 0.065 75.0 0.005 0.0 0.0 0.0 -34.8 69.6 997.7
42.189 -0.00003 0.00003 0.1 7.1 2.1 138.6 120.0 999.000 999.0 0.070 -0.027 -0.0 0.0 0.0 0.0 0.0 0 0.0 0 1 0 0 0.0 24.1 15.5 0.065 75.0 0.005 0.0 0.0 0.0 -24.7 150.1 989.6
42.801 -0.00003 0.00003 0.1 8.3 1.4 138.6 120.0 999.000 999.0 0.070 -0.027 -0.0 0.0 0.0 0.0 0.0 0 0.0 0 1 0 0 0.0 24.2 15.5 0.065 75.0 0.005 0.0 0.0 0.0 -28.9 143.1 997.8
43.191 -0.00003 0.00003 0.1 8.6 1.8 138.5 120.0 999.000 999.0 -0.002 0.162 0.0 0.0 0.0 0.0 0.0 0 0.0 5 1 0 0 0.0 24.2 15.5 0.065 75.0 0.005 0.0 0.0 0.0 -25.0 145.5 980.0
43.800 -0.00003 0.00003 0.1 6.8 0.8 138.7 120.0 999.000 999.0 -0.002 0.162 0.0 0.0 0.0 0.0 0.0 0 0.0 5 1 0 0 0.0 24.2 15.5 0.065 75.0 0.005 0.0 0.0 0.0 -17.9 123.7 999.3
44.192 -0.00003 0.00003 0.1 7.1 0.9 138.7 120.0 999.000 999.0 0.007 -0.003 -0.0 0.0 0.0 0.0 0.0 0 0.0 0 1 0 0 0.0 24.2 15.5 0.065 75.0 0.005 0.0 0.0 0.0 -3.5 137.1 982.1
44.800 -0.00003 0.00003 0.1 9.2 0.1 139.4 120.0 999.000 999.0 0.007 -0.003 -0.0 0.0 0.0 0.0 0.0 0 0.0 0 1 0 0 0.0 24.2 15.5 0.065 75.0 0.005 0.0 0.0 0.0 -12.2 142.5 983.9
45.190 -0.00003 0.00003 0.1 9.7 -0.4 139.3 120.0 999.000 999.0 -0.077 0.102 -0.0 0.0 0.0 0.0 0.0 0 0.0 0 1 0 0 0.0 24.2 15.5 0.065 75.0 0.005 0.0 0.0 0.0 13.8 183.6 1003.0
45.801 -0.00003 0.00003 0.1 6.9 0.0 139.5 120.0 999.000 999.0 -0.077 0.102 -0.0 0.0 0.0 0.0 0.0 0 0.0 0 1 0 0 0.0 24.2 15.5 0.065 75.0 0.005 0.0 0.0 0.0 -1.4 102.7 977.4
46.192 -0.00003 0.00003 0.1 6.1 -0.0 140.0 120.0 999.000 999.0 0.009 0.124 0.0 0.0 0.0 0.0 0.0 0 0.0 0 1 0 0 0.0 24.2 15.5 0.065 75.0 0.005 0.0 0.0 0.0 -0.2 138.7 1006.0
46.800 -0.00003 0.00003 0.1 8.1 0.8 138.8 120.0 999.000 999.0 0.009 0.124 0.0 0.0 0.0 0.0 0.0 0 0.0 0 1 0 0 0.0 24.1 15.5 0.065 75.0 0.005 0.0 0.0 0.0 -19.6 111.7 990.4
47.193 -0.00003 0.00003 0.1 8.8 1.4 139.2 120.0 999.000 999.0 0.088 0.089 0.0 0.0 0.0 0.0 0.0 0 0.0 0 1 0 0 0.0 24.1 15.5 0.065 75.0 0.005 0.0 0.0 0.0 -21.3 155.0 993.2
47.801 -0.00003 0.00003 0.1 6.4 2.0 138.7 120.0 999.000 999.0 0.088 0.089 0.0 0.0 0.0 0.0 0.0 0 0.0 5 1 0 0 0.0 24.2 15.5 0.065 75.0 0.005 0.0 0.0 0.0 -44.9 103.7 982.0
48.191 -0.00003 0.00003 0.1 7.0 1.8 138.3 120.0 999.000 999.0 0.014 0.119 0.0 0.0 0.0 0.0 0.0 0 0.0 5 1 0 0 0.0 24.2 15.5 0.065 75.0 0.005 0.0 0.0 0.0 -19.0 118.4 986.4
48.802 -0.00003 0.00003 0.1 8.2 1.1 138.5 120.0 999.000 999.0 0.014 0.119 0.0 0.0 0.0 0.0 0.0 0 0.0 5 1 0 0 0.0 24.2 15.5 0.065 75.0 0.005 0.0 0.0 0.0 -27.2 138.2 999.6
49.192 -0.00003 0.00003 0.1 7.2 0.3 138.2 120.0 999.000 999.0 0.103 -0.116 -0.0 0.0 0.0 0.0 0.0 0 0.0 0 1 0 0 0.0 24.2 15.5 0.065 75.0 0.005 0.0 0.0 0.0 -4.3 124.6 996.2
49.801 -0.00003 0.00003 0.1 7.2 2.4 138.4 120.0 999.000 999.0 0.103 -0.116 -0.0 0.0 0.0 0.0 0.0 0 0.0 0 1 0 0 0.0 24.2 15.5 0.065 75.0 0.005 0.0 0.0 0.0 -38.2 126.8 981.4
50.192 -0.00003 0.00003 0.0 8.9 0.2 138.4 120.0 999.000 999.0 -0.141 -0.024 0.0 0.0 0.0 0.0 0.0 0 0.0 0 1 0 0 0.0 24.2 15.5 0.065 75.0 0.005 0.0 0.0 0.0 3.0 153.9 994.4
50.801 -0.00003 0.00003 0.1 8.9 -0.6 139.1 120.0 999.000 999.0 -0.141 -0.024 0.0 0.0 0.0 0.0 0.0 0 0.0 0 1 0 0 0.0 24.1 15.5 0.065 75.0 0.005 0.0 0.0 0.0 4.1 176.0 984.2
51.192 -0.00004 0.00003 0.1 7.5 -0.9 138.6 120.0 999.000 999.0 0.121 -0.072 -0.0 0.0 0.0 0.0 0.0 0 0.0 0 1 0 0 0.0 24.1 15.5 0.065 75.0 0.005 0.0 0.0 0.0 17.2 122.5 997.0
51.821 -0.00004 0.00003 0.1 8.1 -0.1 138.9 120.0 999.000 999.0 0.121 -0.072 -0.0 0.0 0.0 0.0 0.0 0 0.0 0 1 0 0 0.0 24.2 15.5 0.065 75.0 0.005 0.0 0.0 0.0 2.9 147.2 993.9
52.191 -0.00004 0.00003 0.1 8.7 0.0 138.2 120.0 999.000 999.0 0.142 -0.067 -0.0 0.0 0.0 0.0 0.0 0 0.0 0 1 0 0 0.0 24.2 15.5 0.065 75.0 0.005 0.0 0.0 0.0 -7.7 150.7 988.1
52.802 -0.00004 0.00003 0.1 8.2 1.8 137.9 120.0 999.000 999.0 0.142 -0.067 -0.0 0.0 0.0 0.0 0.0 0 0.0 0 1 0 0 0.0 24.2 15.5 0.065 75.0 0.005 0.0 0.0 0.0 -33.1 138.0 978.9
53.191 -0.00004 0.00003 0.0 6.9 1.2 137.6 120.0 999.000 999.0 0.013 0.020 -0.0 0.0 0.0 0.0 0.0 0 0.0 0 1 0 0 0.0 24.2 15.5 0.065 75.0 0.005 0.0 0.0 0.0 -21.2 97.6 985.9
53.800 -0.00004 0.00003 0.1 7.9 0.9 137.5 120.0 999.000 999.0 0.013 0.020 -0.0 0.0 0.0 0.0 0.0 0 0.0 0 1 0 0 0.0 24.1 15.5 0.065 75.0 0.005 0.0 0.0 0.0 -15.3 146.0 993.0
54.193 -0.00004 0.00003 0.1 6.9 0.9 137.9 120.0 999.000 999.0 0.063 -0.164 0.0 0.0 0.0 0.0 0.0 0 0.0 0 1 0 0 0.0 24.1 15.5 0.065 75.0 0.005 0.0 0.0 0.0 -19.4 126.1 997.8
54.801 -0.00004 0.00004 0.1 7.5 1.9 138.0 120.0 999.000 999.0 0.063 -0.164 0.0 0.0 0.0 0.0 0.0 0 0.0 0 1 0 0 0.0 24.2 15.5 0.065 75.0 0.005 0.0 0.0 0.0 -30.2 134.5 982.2
55.190 -0.00004 0.00004 0.1 7.1 1.1 137.7 120.0 999.000 999.0 0.085 -0.018 0.0 0.0 0.0 0.0 0.0 0 0.0 0 1 0 0 0.0 24.2 15.5 0.065 75.0 0.005 0.0 0.0 0.0 -19.5 119.4 1002.0
55.803 -0.00004 0.00004 0.1 6.6 1.6 137.6 120.0 999.000 999.0 0.085 -0.018 0.0 0.0 0.0 0.0 0.0 0 0.0 5 1 0 0 0.0 24.2 15.5 0.065 75.0 0.005 0.0 0.0 0.0 -41.0 108.7 980.8
56.192 -0.00004 0.00004 0.1 7.6 1.4 137.5 120.0 999.000 999.0 0.109 0.102 0.0 0.0 0.0 0.0 0.0 0 0.0 0 1 0 0 0.0 24.2 15.5 0.065 75.0 0.005 0.0 0.0 0.0 -11.8 146.2 1000.0
56.824 -0.00004 0.00004 0.1 7.7 1.5 138.2 120.0 999.000 999.0 0.109 0.102 0.0 0.0 0.0 0.0 0.0 0 0.0 5 1 0 0 0.0 24.2 15.5 0.065 75.0 0.005 0.0 0.0 0.0 -36.5 135.1 981.3
57.193 -0.00004 0.00004 0.1 7.1 1.3 137.8 120.0 999.000 999.0 0.015 0.021 0.0 0.0 0.0 0.0 0.0 0 0.0 5 1 0 0 0.0 24.2 15.5 0.065 75.0 0.005 0.0 0.0 0.0 -15.0 126.7 999.1
57.801 -0.00004 0.00004 0.1 6.7 1.1 137.8 120.0 999.000 999.0 0.015 0.021 0.0 0.0 0.0 0.0 0.0 0 0.0 0 1 0 0 0.0 24.2 15.5 0.065 75.0 0.005 0.0 0.0 0.0 -21.4 136.1 989.7
58.191 -0.00004 0.00004 0.1 8.4 0.4 137.9 120.0 999.000 999.0 0.009 0.123 0.1 0.0 0.0 0.0 0.0 0 0.0 0 1 0 0 0.0 24.2 15.5 0.065 75.0 0.005 0.0 0.0 0.0 -3.7 138.6 980.2
58.803 -0.00004 0.00004 0.1 8.6 -0.5 137.7 120.0 999.000 999.0 0.009 0.123 0.1 0.0 0.0 0.0 0.0 0 0.0 0 1 0 0 0.0 24.2 15.5 0.065 75.0 0.005 0.0 0.0 0.0 0.6 151.7 996.0
59.192 -0.00004 0.00004 0.1 6.7 0.5 138.2 120.0 999.000 999.0 -0.060 0.097 -0.0 0.0 0.0 0.0 0.0 0 0.0 0 1 0 0 0.0 24.2 15.5 0.065 75.0 0.005 0.0 0.0 0.0 -2.4 128.7 982.0
59.801 -0.00004 0.00004 0.1 6.0 -0.2 138.1 120.0 999.000 999.0 -0.060 0.097 -0.0 0.0 0.0 0.0 0.0 0 0.0 0 1 0 0 0.0 24.2 15.5 0.065 75.0 0.005 0.0 0.0 0.0 5.4 96.3 1004.0
60.193 -0.00004 0.00004 0.1 8.8 0.5 137.9 120.0 999.000 999.0 0.031 -0.019 0.0 0.0 0.0 0.0 0.0 0 0.0 0 1 0 0 0.0 24.2 15.5 0.065 75.0 0.005 0.0 0.0 0.0 -22.5 166.8 981.1
60.802 -0.00004 0.00004 0.1 9.7 1.0 138.3 120.0 999.000 999.0 0.031 -0.019 0.0 0.0 0.0 0.0 0.0 0 0.0 5 1 0 0 0.0 24.2 15.5 0.065 75.0 0.005 0.0 0.0 0.0 -6.2 169.8 977.9
61.193 -0.00004 0.00004 0.1 6.2 1.0 138.7 120.0 999.000 999.0 -0.003 0.039 0.0 0.0 0.0 0.0 0.0 0 0.0 0 1 0 0 0.0 24.2 15.5 0.065 75.0 0.005 0.0 0.0 0.0 -28.1 118.4 993.3
61.820 -0.00004 0.00004 0.1 5.8 0.1 138.6 120.0 999.000 999.0 -0.003 0.039 0.0 0.0 0.0 0.0 0.0 0 0.0 0 1 0 0 0.0 24.2 15.5 0.065 75.0 0.005 0.0 0.0 0.0 3.4 102.5 999.3
62.193 -0.00004 0.00004 0.1 7.1 0.3 138.8 120.0 999.000 999.0 -0.013 0.185 0.0 0.0 0.0 0.0 0.0 0 0.0 0 1 0 0 0.0 24.2 15.5 0.065 75.0 0.005 0.0 0.0 0.0 -1.1 129.8 1005.0
62.803 -0.00004 0.00004 0.1 9.2 -0.5 139.0 120.0 999.000 999.0 -0.013 0.185 0.0 0.0 0.0 0.0 0.0 0 0.0 0 1 0 0 0.0 24.2 15.5 0.065 75.0 0.005 0.0 0.0 0.0 0.2 161.5 958.6
63.194 -0.00004 0.00004 0.1 8.5 0.6 139.2 120.0 999.000 999.0 0.073 0.048 -0.0 0.0 0.0 0.0 0.0 0 0.0 5 1 0 0 0.0 24.2 15.5 0.065 75.0 0.005 0.0 0.0 0.0 -0.8 140.9 983.5
63.802 -0.00004 0.00004 0.1 7.9 -0.1 139.5 120.0 999.000 999.0 0.073 0.048 -0.0 0.0 0.0 0.0 0.0 0 0.0 0 1 0 0 0.0 24.1 15.5 0.065 75.0 0.005 0.0 0.0 0.0 -10.6 130.8 993.2
64.193 -0.00004 0.00004 0.1 7.8 0.5 139.7 120.0 999.000 999.0 -0.018 -0.037 -0.1 0.0 0.0 0.0 0.0 0 0.0 0 1 0 0 0.0 24.1 15.5 0.065 75.0 0.005 0.0 0.0 0.0 -1.6 129.9 982.6
64.803 -0.00004 0.00004 0.1 7.6 1.0 139.6 120.0 999.000 999.0 -0.018 -0.037 -0.1 0.0 0.0 0.0 0.0 0 0.0 0 1 0 0 0.0 24.2 15.5 0.065 75.0 0.005 0.0 0.0 0.0 -26.1 133.9 991.3
65.193 -0.00004 0.00004 0.1 7.5 0.5 139.4 120.0 999.000 999.0 0.032 -0.055 -0.0 0.0 0.0 0.0 0.0 0 0.0 0 1 0 0 0.0 24.2 15.5 0.065 75.0 0.005 0.0 0.0 0.0 -1.6 131.2 1001.0
65.803 -0.00005 0.00004 0.1 6.6 1.1 139.4 120.0 999.000 999.0 0.032 -0.055 -0.0 0.0 0.0 0.0 0.0 0 0.0 5 1 0 0 0.0 24.1 15.5 0.065 75.0 0.005 0.0 0.0 0.0 -24.2 125.6 979.0
66.193 -0.00005 0.00004 0.1 7.2 1.2 138.7 120.0 999.000 999.0 -0.033 0.028 0.0 0.0 0.0 0.0 0.0 0 0.0 5 1 0 0 0.0 24.1 15.5 0.065 75.0 0.005 0.0 0.0 0.0 -23.2 124.8 1001.0
66.821 -0.00005 0.00004 0.1 8.5 1.8 138.5 120.0 999.000 999.0 -0.033 0.028 0.0 0.0 0.0 0.0 0.0 0 0.0 0 1 0 0 0.0 24.1 15.5 0.065 75.0 0.005 0.0 0.0 0.0 -27.0 140.0 988.5
67.195 -0.00005 0.00004 0.1 7.7 1.4 139.1 120.0 999.000 999.0 0.043 0.093 0.0 0.0 0.0 0.0 0.0 0 0.0 5 1 0 0 0.0 24.1 15.5 0.065 75.0 0.005 0.0 0.0 0.0 -24.6 141.1 983.0
67.803 -0.00005 0.00004 0.1 5.6 -0.0 138.9 120.0 999.000 999.0 0.043 0.093 0.0 0.0 0.0 0.0 0.0 0 0.0 0 1 0 0 0.0 24.1 15.5 0.065 75.0 0.005 0.0 0.0 0.0 0.8 96.8 1007.0
68.192 -0.00005 0.00004 0.1 8.4 1.0 139.1 120.0 999.000 999.0 -0.006 0.026 -0.1 0.0 0.0 0.0 0.0 0 0.0 0 1 0 0 0.0 24.1 15.5 0.065 75.0 0.005 0.0 0.0 0.0 -15.5 152.9 978.7
68.805 -0.00005 0.00004 0.1 9.7 0.0 139.2 120.0 999.000 999.0 -0.006 0.026 -0.1 0.0 0.0 0.0 0.0 0 0.0 5 1 0 0 0.0 24.2 15.5 0.065 75.0 0.005 0.0 0.0 0.0 5.1 169.7 995.8
69.194 -0.00005 0.00004 0.1 6.7 0.3 138.7 120.0 999.000 999.0 0.088 0.177 0.0 0.0 0.0 0.0 0.0 0 0.0 0 1 0 0 0.0 24.2 15.5 0.065 75.0 0.005 0.0 0.0 0.0 -25.3 102.4 963.7
69.802 -0.00005 0.00004 0.1 6.7 0.1 138.3 120.0 999.000 999.0 0.088 0.177 0.0 0.0 0.0 0.0 0.0 0 0.0 0 1 0 0 0.0 24.2 15.5 0.065 75.0 0.005 0.0 0.0 0.0 14.1 129.1 1016.0
70.196 -0.00005 0.00004 0.1 8.9 1.1 138.7 120.0 999.000 3.0 0.025 -0.164 -0.0 0.0 0.0 0.0 0.0 0 0.0 0 1 1 0 0.0 24.2 15.5 0.065 75.0 0.005 0.0 0.0 0.0 -28.6 136.3 978.9
70.803 -0.00005 0.00004 0.1 7.5 0.7 138.3 120.0 999.000 3.0 0.025 -0.164 -0.0 0.0 0.0 -7.5 -7.5 0 0.0 0 1 1 0 0.0 24.1 15.5 0.065 75.0 0.005 0.0 0.0 0.0 -20.2 127.7 989.1
71.193 -0.00005 0.00005 0.1 6.0 2.0 138.1 120.0 999.000 3.0 -0.005 0.138 0.0 0.0 0.0 -7.7 -7.7 0 0.0 0 1 1 0 0.0 24.1 15.5 0.065 75.0 0.005 0.0 0.0 0.0 -33.7 120.0 989.7
71.830 -0.00005 0.00005 0.1 7.2 1.4 137.6 120.0 999.000 3.0 -0.005 0.138 0.0 0.0 0.0 -7.8 -7.8 0 0.0 0 1 1 0 0.0 24.2 15.5 0.065 75.0 0.005 0.0 0.0 0.0 -15.9 140.8 1002.0
72.194 -0.00005 0.00005 0.1 9.9 0.9 137.4 120.0 999.000 3.0 -0.018 -0.058 -0.0 0.0 0.0 -7.9 -8.0 0 0.0 0 1 1 0 0.0 24.2 15.5 0.065 75.0 0.005 0.0 0.0 0.0 -11.3 175.5 996.0
72.803 -0.00005 0.00005 0.1 7.9 0.4 137.7 120.0 999.000 3.0 -0.018 -0.058 -0.0 0.0 0.0 -8.1 -8.1 0 0.0 0 1 1 0 0.0 24.1 15.5 0.065 75.0 0.005 0.0 0.0 0.0 -10.3 132.4 986.7
73.195 -0.00005 0.00005 0.0 7.0 0.5 137.1 120.0 999.000 3.0 0.115 0.094 0.0 0.0 0.0 -8.3 -8.2 0 0.0 0 1 1 0 0.0 24.1 15.5 0.065 75.0 0.005 0.0 0.0 0.0 7.6 104.6 1002.0
73.803 -0.00005 0.00005 0.1 8.3 -0.5 138.0 120.0 999.000 3.0 0.115 0.094 0.0 0.0 0.0 -8.4 -8.4 0 0.0 0 1 1 0 0.0 24.2 15.5 0.065 75.0 0.005 0.0 0.0 0.0 -6.5 163.4 979.0
74.194 -0.00005 0.00005 0.1 8.1 0.6 137.0 120.0 999.000 3.0 -0.106 -0.027 -0.0 0.0 0.0 -8.5 -8.6 0 0.0 5 1 1 0 0.0 24.2 15.5 0.065 75.0 0.005 0.0 0.0 0.0 -3.0 144.2 999.2
74.818 -0.00005 0.00005 0.1 7.9 0.7 137.7 120.0 999.000 3.0 -0.106 -0.027 -0.0 0.0 0.0 -8.7 -8.7 0 0.0 0 1 1 0 0.0 24.2 15.5 0.065 75.0 0.005 0.0 0.0 0.0 -14.6 119.3 991.7
75.194 -0.00005 0.00005 0.1 13.2 1.4 137.7 120.0 999.000 3.0 0.085 0.250 0.0 0.0 0.0 -8.8 -8.8 12 10.1 8199 1 1 0 0.0 24.2 15.5 0.065 75.0 0.005 0.0 0.0 0.0 -117.0 229.2 895.2
75.805 -0.00005 0.00005 0.1 30.6 0.2 137.5 120.0 999.000 3.0 0.085 0.250 0.0 0.0 0.0 -8.9 -8.9 12 0.0 8169 1 1 0 0.0 24.1 15.5 0.065 75.0 0.005 0.0 0.0 0.0 -29.7 495.3 919.4
76.197 -0.00006 0.00005 0.1 19.1 -1.8 138.9 120.0 999.000 3.0 -0.566 -0.011 0.1 0.0 0.0 -9.0 -9.0 12 0.0 8939 1 1 0 0.0 24.1 15.5 0.065 75.0 0.005 0.0 0.0 0.0 56.1 336.1 1132.0
76.822 -0.00006 0.00005 0.1 -1.6 -1.5 142.0 120.0 999.000 3.0 -0.566 -0.011 0.1 0.0 0.0 -9.2 -9.2 12 0.0 9568 1 1 0 0.0 24.2 15.4 0.065 75.0 0.005 0.0 0.0 0.0 10.7 -20.4 989.2
77.195 -0.00006 0.00005 0.1 -1.1 -2.5 144.0 120.0 999.000 3.0 -0.990 0.175 0.1 0.0 0.0 -9.4 -9.4 12 0.0 9368 1 1 0 0.0 24.2 15.4 0.065 75.0 0.005 0.0 0.0 0.0 13.3 -63.7 911.6
77.805 -0.00007 0.00006 0.1 4.7 -3.0 146.5 120.0 999.000 3.0 -0.990 0.175 0.1 0.0 0.0 -9.5 -9.5 12 0.0 9893 1 1 0 0.0 24.1 15.4 0.065 75.0 0.005 0.0 0.0 0.0 57.1 12.6 952.7
78.195 -0.00007 0.00006 0.1 4.6 -3.6 148.7 120.0 999.000 3.0 -1.080 0.016 0.1 0.0 0.0 -9.6 -9.6 12 0.0 9403 1 1 0 0.0 24.1 15.4 0.065 75.0 0.005 0.0 0.0 0.0 69.6 -82.1 975.1
78.805 -0.00007 0.00006 0.1 4.3 -4.7 151.0 120.0 999.000 3.0 -1.080 0.016 0.1 0.0 0.0 -9.7 -9.7 12 0.0 9353 1 1 0 0.0 24.1 15.4 0.065 75.0 0.005 0.0 0.0 0.0 100.5 160.0 1055.0
79.197 -0.00008 0.00006 0.2 6.8 -7.0 152.1 120.0 999.000 3.0 -1.090 -0.046 0.0 0.0 0.0 -9.8 -9.8 12 8.4 9518 1 1 0 0.0 24.1 15.4 0.065 75.0 0.005 0.0 0.0 0.0 129.4 108.9 969.1
79.804 -0.00008 0.00007 0.2 9.5 -9.5 153.5 120.0 999.000 3.0 -1.090 -0.046 0.0 0.0 0.0 -9.8 -9.8 12 0.0 8889 1 1 0 0.0 24.2 15.4 0.065 75.0 0.005 0.0 0.0 0.0 129.9 -11.0 820.4
80.196 -0.00009 0.00007 0.3 13.9 -12.2 154.9 120.0 999.000 3.0 -1.237 0.001 0.0 0.0 0.0 -9.8 -9.8 12 0.0 8334 1 1 0 0.0 24.2 15.4 0.065 75.0 0.005 0.0 0.0 0.0 203.9 277.3 904.6
80.804 -0.00009 0.00007 0.5 19.8 -14.3 155.3 120.0 999.000 3.0 -1.237 0.001 0.0 0.0 0.0 -9.7 -9.7 12 0.0 8329 1 1 0 0.0 24.2 15.4 0.065 75.0 0.005 0.0 0.0 0.0 264.0 342.9 921.3
81.196 -0.00010 0.00007 0.6 19.6 -17.0 155.5 120.0 999.000 3.0 -1.311 0.036 0.1 0.0 0.0 -9.5 -9.5 12 8.4 8274 1 1 0 0.0 24.2 15.4 0.065 75.0 0.005 0.0 0.0 0.0 302.3 304.5 909.1
81.827 -0.00010 0.00008 0.8 14.6 -19.8 153.6 120.0 999.000 3.0 -1.311 0.036 0.1 -29.0 -29.0 -9.3 -9.3 12 8.4 8199 1 1 0 0.0 24.1 15.4 0.065 75.0 0.005 0.0 0.0 0.0 362.5 204.8 929.2
82.195 -0.00011 0.00008 1.0 -3.3 -20.8 146.8 120.0 999.000 3.0 -1.468 0.044 0.0 -29.0 -29.0 -8.9 -8.9 12 8.4 8359 1 1 0 0.0 24.1 15.4 0.065 75.0 0.005 0.0 0.0 0.0 357.2 -85.2 890.4
82.804 -0.00011 0.00008 1.1 -16.1 -22.7 139.5 120.0 999.000 3.0 -1.468 0.044 0.0 -26.8 -26.8 -8.6 -8.6 12 0.0 8334 1 1 0 0.0 24.1 15.4 0.065 75.0 0.005 0.0 0.0 0.0 387.5 -228.0 851.4
83.197 -0.00012 0.00009 1.3 -15.2 -25.2 133.0 120.0 999.000 3.0 -1.334 -0.066 0.1 -19.5 -19.5 -8.3 -8.3 12 0.0 8239 1 1 0 0.0 24.1 15.4 0.065 75.0 0.005 0.0 0.0 0.0 425.4 -188.0 828.6
83.806 -0.00012 0.00009 1.6 -8.6 -27.6 127.6 120.0 999.000 3.0 -1.334 -0.066 0.1 -13.0 -13.0 -7.9 -7.9 12 8.4 8204 1 1 0 0.0 24.2 15.4 0.065 75.0 0.005 0.0 0.0 0.0 459.7 -115.0 879.4
84.194 -0.00012 0.00010 1.8 -2.9 -29.4 123.7 120.0 999.000 3.0 -1.209 -0.143 0.1 -7.6 -7.6 -7.3 -7.3 12 8.4 8169 1 1 0 0.0 24.2 15.4 0.065 75.0 0.005 0.0 0.0 0.0 491.0 -48.8 839.1
84.807 -0.00013 0.00010 2.1 0.6 -30.3 121.7 120.0 999.000 3.0 -1.209 -0.143 0.1 -3.7 -3.7 -6.7 -6.7 12 0.0 8224 1 1 0 0.0 24.1 15.4 0.065 75.0 0.005 0.0 0.0 0.0 501.9 32.9 872.6
85.196 -0.00013 0.00011 2.5 3.6 -30.8 121.2 120.0 999.000 3.0 -1.235 0.096 0.1 0.0 0.0 -6.0 -6.0 12 0.0 8219 1 1 0 0.0 24.1 15.4 0.065 75.0 0.005 0.0 0.0 0.0 519.6 77.4 862.8
85.804 -0.00013 0.00011 2.8 7.3 -30.8 121.8 120.0 999.000 3.0 -1.235 0.096 0.1 0.0 0.0 -5.3 -5.2 12 0.0 8219 1 1 0 0.0 24.2 15.4 0.065 75.0 0.005 0.0 0.0 0.0 509.8 97.1 858.1
86.198 -0.00014 0.00012 3.1 10.3 -30.4 122.6 120.0 999.000 3.0 -1.266 -0.167 0.1 0.0 0.0 0.0 0.0 12 0.0 8244 1 1 0 0.0 24.2 15.4 0.065 75.0 0.005 0.0 0.0 0.0 512.2 149.3 839.2
86.827 -0.00014 0.00012 3.4 12.9 -28.2 123.3 120.0 999.000 3.0 -1.266 -0.167 0.1 -2.6 -2.6 0.0 0.0 12 0.0 8299 1 1 0 0.0 24.2 15.4 0.065 75.0 0.005 0.0 0.0 0.0 477.9 168.8 848.5
87.196 -0.00014 0.00013 3.7 12.6 -25.9 123.4 120.0 999.000 3.0 -1.540 -0.055 0.1 -3.3 -3.3 0.0 0.0 12 0.0 8279 1 1 0 0.0 24.2 15.4 0.065 75.0 0.005 0.0 0.0 0.0 438.1 212.6 872.1
87.807 -0.00015 0.00013 4.0 10.8 -24.0 123.3 120.0 999.000 3.0 -1.540 -0.055 0.1 -3.4 -3.4 -2.0 -2.0 12 0.0 8269 1 1 0 0.0 24.2 15.4 0.065 75.0 0.005 0.0 0.0 0.0 408.7 184.4 904.2
88.196 -0.00015 0.00014 4.3 9.0 -22.6 123.0 120.0 999.000 3.0 -1.396 -0.023 0.1 -3.3 -3.3 -1.2 -1.2 12 0.0 8349 1 1 0 0.0 24.2 15.4 0.065 75.0 0.005 0.0 0.0 0.0 367.8 136.9 910.0
88.806 -0.00015 0.00014 4.6 8.6 -21.0 122.7 120.0 999.000 3.0 -1.396 -0.023 0.1 -3.0 -3.0 -0.5 -0.5 12 0.0 8314 1 1 0 0.0 24.2 15.4 0.065 75.0 0.005 0.0 0.0 0.0 356.2 133.8 943.7
89.198 -0.00016 0.00015 4.8 8.8 -19.2 122.5 120.0 999.000 3.0 -1.435 -0.031 0.1 -2.7 -2.7 0.3 0.2 12 0.0 8314 1 1 0 0.0 24.2 15.4 0.065 75.0 0.005 0.0 0.0 0.0 324.0 139.5 947.6
89.806 -0.00016 0.00016 5.0 10.0 -17.1 122.7 120.0 999.000 3.0 -1.435 -0.031 0.1 0.0 0.0 1.0 1.0 12 0.0 8344 1 1 0 0.0 24.2 15.4 0.065 75.0 0.005 0.0 0.0 0.0 299.6 143.5 950.5
90.196 -0.00016 0.00016 5.2 11.9 -14.9 123.4 120.0 999.000 3.0 -1.423 -0.095 0.1 -2.7 -2.7 1.6 1.6 12 8.4 8269 1 1 0 0.0 24.2 15.4 0.065 75.0 0.005 0.0 0.0 0.0 258.3 178.4 966.5
90.807 -0.00017 0.00017 5.4 11.1 -12.4 123.6 120.0 999.000 3.0 -1.423 -0.095 0.1 -3.4 -3.4 2.1 2.1 12 0.0 8274 1 1 0 0.0 24.2 15.4 0.065 75.0 0.005 0.0 0.0 0.0 204.8 165.1 961.5
91.197 -0.00017 0.00017 5.5 9.8 -9.8 123.3 120.0 999.000 3.0 -1.415 -0.080 0.1 -3.6 -3.6 2.7 2.7 12 8.4 8279 1 1 0 0.0 24.2 15.4 0.065 75.0 0.005 0.0 0.0 0.0 163.4 161.0 950.5
91.826 -0.00018 0.00018 5.6 8.6 -7.0 122.9 120.0 999.000 3.0 -1.415 -0.080 0.1 -3.3 -3.3 3.1 3.1 12 0.0 8369 1 1 0 0.0 24.2 15.4 0.065 75.0 0.005 0.0 0.0 0.0 131.7 162.9 1036.0
92.197 -0.00018 0.00018 5.6 8.6 -4.4 122.4 120.0 999.000 3.0 -1.352 -0.191 0.1 -2.9 -2.9 3.5 3.5 12 0.0 8314 1 1 0 0.0 24.2 15.4 0.065 75.0 0.005 0.0 0.0 0.0 73.0 148.3 1016.0
92.807 -0.00018 0.00019 5.7 9.7 -1.6 122.0 120.0 999.000 3.0 -1.352 -0.191 0.1 0.0 0.0 3.8 3.8 12 8.4 8339 1 1 0 0.0 24.2 15.4 0.065 75.0 0.005 0.0 0.0 0.0 10.4 173.2 1004.0
93.198 -0.00019 0.00019 5.7 12.0 1.1 122.1 120.0 999.000 3.0 -1.441 -0.103 0.1 0.0 0.0 4.0 4.0 12 0.0 8379 1 1 0 0.0 24.2 15.4 0.065 75.0 0.005 0.0 0.0 0.0 -35.1 202.0 979.2
93.806 -0.00019 0.00020 5.6 13.8 3.8 122.1 120.0 999.000 3.0 -1.441 -0.103 0.1 0.0 0.0 4.1 4.1 12 0.0 8334 1 1 0 0.0 24.1 15.4 0.065 75.0 0.005 0.0 0.0 0.0 -66.2 258.7 992.8
94.195 -0.00019 0.00020 5.6 14.4 6.5 122.3 120.0 999.000 3.0 -1.382 -0.074 0.1 0.0 0.0 4.1 4.1 12 0.0 8344 1 1 0 0.0 24.1 15.4 0.065 75.0 0.005 0.0 0.0 0.0 -111.0 267.5 1009.0
94.808 -0.00020 0.00021 5.4 14.7 9.2 122.4 120.0 999.000 3.0 -1.382 -0.074 0.1 0.0 0.0 4.1 4.0 12 0.0 8384 1 1 0 0.0 24.2 15.4 0.065 75.0 0.005 0.0 0.0 0.0 -155.0 267.8 1005.0
95.197 -0.00020 0.00021 5.3 14.6 11.6 122.7 120.0 999.000 3.0 -1.509 0.054 -0.0 0.0 0.0 3.9 3.9 12 0.0 8439 1 1 0 0.0 24.2 15.4 0.065 75.0 0.005 0.0 0.0 0.0 -203.0 258.6 955.5
95.808 -0.00020 0.00022 5.1 13.8 14.1 122.7 120.0 999.000 3.0 -1.509 0.054 -0.0 -2.7 -2.7 3.7 3.7 12 0.0 8409 1 1 0 0.0 24.1 15.4 0.065 75.0 0.005 0.0 0.0 0.0 -245.0 248.2 982.7
96.198 -0.00021 0.00023 4.9 11.8 16.6 122.0 120.0 999.000 3.0 -1.473 0.080 0.0 -2.7 -2.7 3.3 3.3 12 8.4 8374 1 1 0 0.0 24.1 15.4 0.065 75.0 0.005 0.0 0.0 0.0 -303.0 201.2 950.6
96.824 -0.00021 0.00023 4.7 10.9 19.0 121.5 120.0 999.000 3.0 -1.473 0.080 0.0 0.0 0.0 2.9 2.9 12 0.0 8379 1 1 0 0.0 24.2 15.4 0.065 75.0 0.005 0.0 0.0 0.0 -326.0 171.2 943.7
97.195 -0.00021 0.00024 4.4 12.2 21.0 121.5 120.0 999.000 3.0 -1.450 0.053 0.1 0.0 0.0 2.4 2.4 12 0.0 8319 1 1 0 0.0 24.2 15.4 0.065 75.0 0.005 0.0 0.0 0.0 -359.0 201.4 941.4
97.808 -0.00022 0.00024 4.1 14.0 22.9 121.5 120.0 999.000 3.0 -1.450 0.053 0.1 0.0 0.0 1.8 1.8 12 0.0 8394 1 1 0 0.0 24.2 15.4 0.065 75.0 0.005 0.0 0.0 0.0 -400.0 214.8 885.4
98.197 -0.00022 0.00025 3.8 14.9 24.6 121.7 120.0 999.000 3.0 -1.547 -0.014 0.0 0.0 0.0 1.1 1.1 12 0.0 8359 1 1 0 0.0 24.2 15.4 0.065 75.0 0.005 0.0 0.0 0.0 -423.0 199.9 868.1
98.806 -0.00022 0.00025 3.4 15.1 26.1 121.7 120.0 999.000 3.0 -1.547 -0.014 0.0 0.0 0.0 0.3 0.3 12 0.0 8384 1 1 0 0.0 24.2 15.4 0.065 75.0 0.005 0.0 0.0 0.0 -448.0 202.3 854.6
99.199 -0.00023 0.00026 3.1 15.4 27.3 121.7 120.0 999.000 3.0 -1.570 -0.225 0.0 0.0 0.0 0.0 0.0 12 0.0 8319 1 1 0 0.0 24.2 15.4 0.065 75.0 0.005 0.0 0.0 0.0 -457.0 236.0 872.8
99.806 -0.00023 0.00027 2.7 15.7 28.4 121.8 120.0 999.000 3.0 -1.570 -0.225 0.0 0.0 0.0 0.0 0.0 12 0.0 8329 1 1 0 0.0 24.2 15.4 0.065 75.0 0.005 0.0 0.0 0.0 -478.0 258.8 854.6
100.197 -0.00023 0.00027 2.3 15.9 29.5 121.9 120.0 999.000 3.0 -1.447 0.014 0.0 0.0 0.0 0.0 0.0 12 0.0 8389 1 1 0 0.0 24.2 15.4 0.065 75.0 0.005 0.0 0.0 0.0 -507.0 248.6 812.2
100.808 -0.00024 0.00028 1.9 15.7 30.3 122.0 120.0 999.000 3.0 -1.447 0.014 0.0 0.0 0.0 -3.4 -3.4 12 0.0 8384 1 1 0 0.0 24.2 15.4 0.065 75.0 0.005 0.0 0.0 0.0 -510.0 201.1 821.0
101.197 -0.00024 0.00028 1.5 14.8 30.2 121.8 120.0 999.000 3.0 -1.521 -0.022 0.0 0.0 0.0 -4.4 -4.4 12 0.0 8359 1 1 0 0.0 24.2 15.4 0.065 75.0 0.005 0.0 0.0 0.0 -505.0 196.9 821.3
101.826 -0.00025 0.00029 1.1 14.1 29.6 121.5 120.0 999.000 3.0 -1.521 -0.022 0.0 0.0 0.0 -5.5 -5.5 12 0.0 8339 1 1 0 0.0 24.2 15.4 0.065 75.0 0.005 0.0 0.0 0.0 -487.0 214.3 869.8
102.198 -0.00025 0.00030 0.7 13.5 28.7 120.9 120.0 999.000 3.0 -1.512 -0.012 0.0 0.0 0.0 -6.6 -6.6 12 0.0 8274 1 1 0 0.0 24.2 15.4 0.065 75.0 0.005 0.0 0.0 0.0 -480.0 227.6 867.2
102.807 -0.00025 0.00030 0.3 12.5 27.4 120.4 120.0 999.000 3.0 -1.512 -0.012 0.0 0.0 0.0 -7.7 -7.7 12 0.0 8309 1 1 0 0.0 24.2 15.4 0.065 75.0 0.005 0.0 0.0 0.0 -485.0 152.5 851.9
103.198 -0.00026 0.00031 0.0 11.7 21.9 120.1 120.0 999.000 3.0 -1.586 0.003 0.0 0.0 0.0 -8.9 -8.8 12 0.0 8239 1 1 0 0.0 24.2 15.4 0.065 75.0 0.005 0.0 0.0 0.0 -326.0 147.4 623.3
103.808 -0.00026 0.00031 0.1 13.0 0.4 119.8 120.0 999.000 3.0 -1.586 0.003 0.0 0.0 0.0 -9.7 -9.7 12 0.0 8404 1 1 0 0.0 24.2 15.4 0.065 75.0 0.005 0.0 0.0 0.0 32.8 235.7 976.7
104.199 -0.00026 0.00032 0.3 15.2 -7.0 120.4 120.0 999.000 3.0 -1.482 -0.044 -0.5 0.0 0.0 -9.6 -9.6 12 0.0 8514 1 1 0 0.0 24.2 15.4 0.065 75.0 0.005 0.0 0.0 0.0 151.4 264.6 972.7
104.808 -0.00027 0.00033 0.4 11.8 -10.3 120.9 120.0 999.000 3.0 -1.482 -0.044 -0.5 0.0 0.0 -9.4 -9.4 12 0.0 8384 1 1 0 0.0 24.2 15.4 0.065 75.0 0.005 0.0 0.0 0.0 196.0 202.0 967.4
105.199 -0.00027 0.00033 0.5 10.1 -13.1 120.9 120.0 999.000 3.0 -1.549 -0.017 -0.0 0.0 0.0 -9.2 -9.2 12 0.0 8284 1 1 0 0.0 24.2 15.4 0.065 75.0 0.005 0.0 0.0 0.0 222.3 161.5 937.6
105.807 -0.00027 0.00034 0.7 9.5 -15.6 121.1 120.0 999.000 3.0 -1.549 -0.017 -0.0 0.0 0.0 -9.0 -9.0 12 0.0 8249 1 1 0 0.0 24.1 15.4 0.065 75.0 0.005 0.0 0.0 0.0 260.3 169.8 948.4
106.199 -0.00028 0.00034 0.8 10.6 -17.7 121.7 120.0 999.000 3.0 -1.531 -0.002 0.1 0.0 0.0 -8.7 -8.7 12 0.0 8199 1 1 0 0.0 24.1 15.4 0.065 75.0 0.005 0.0 0.0 0.0 294.5 148.9 915.3
106.835 -0.00028 0.00035 1.0 11.9 -19.4 122.1 120.0 999.000 3.0 -1.531 -0.002 0.1 0.0 0.0 -8.4 -8.4 12 8.3 8229 1 1 0 0.0 24.1 15.4 0.065 75.0 0.005 0.0 0.0 0.0 343.3 218.4 937.0
107.207 -0.00028 0.00035 1.2 12.6 -20.5 122.8 120.0 999.000 3.0 -1.477 0.123 0.1 0.0 0.0 -8.0 -8.0 12 0.0 8289 1 1 0 0.0 24.1 15.4 0.065 75.0 0.005 0.0 0.0 0.0 347.7 171.0 890.8
107.809 -0.00029 0.00036 1.4 13.2 -21.3 123.3 120.0 999.000 3.0 -1.477 0.123 0.1 -2.8 -2.8 -7.7 -7.7 12 0.0 8274 1 1 0 0.0 24.2 15.4 0.065 75.0 0.005 0.0 0.0 0.0 368.7 206.0 903.1
108.198 -0.00029 0.00037 1.7 11.6 -21.9 122.8 120.0 999.000 3.0 -1.492 0.048 0.1 -3.3 -3.3 -7.2 -7.2 12 0.0 8249 1 1 0 0.0 24.2 15.4 0.065 75.0 0.005 0.0 0.0 0.0 367.3 165.1 883.1
108.809 -0.00030 0.00037 1.9 9.5 -22.4 122.0 120.0 999.000 3.0 -1.492 0.048 0.1 -2.8 -2.8 -6.7 -6.7 12 0.0 8244 1 1 0 0.0 24.2 15.4 0.065 75.0 0.005 0.0 0.0 0.0 371.3 133.0 884.9
109.200 -0.00030 0.00038 2.2 8.7 -22.8 121.5 120.0 999.000 3.0 -1.570 0.054 0.1 0.0 0.0 -6.1 -6.1 12 0.0 8279 1 1 0 0.0 24.2 15.4 0.065 75.0 0.005 0.0 0.0 0.0 388.4 96.7 883.7
109.808 -0.00030 0.00038 2.4 9.7 -23.0 121.8 120.0 999.000 3.0 -1.570 0.054 0.1 0.0 0.0 -5.6 -5.6 12 0.0 8234 1 1 0 0.0 24.2 15.4 0.065 75.0 0.005 0.0 0.0 0.0 396.4 135.6 924.6
110.197 -0.00031 0.00039 2.7 11.0 -23.0 122.3 120.0 999.000 3.0 -1.540 -0.033 0.1 0.0 0.0 -4.9 -5.0 12 0.0 8264 1 1 0 0.0 24.2 15.4 0.065 75.0 0.005 0.0 0.0 0.0 392.7 149.8 884.0
110.809 -0.00031 0.00040 2.9 12.4 -22.3 123.0 120.0 999.000 3.0 -1.540 -0.033 0.1 0.0 0.0 0.0 0.0 12 0.0 8304 1 1 0 0.0 24.2 15.4 0.065 75.0 0.005 0.0 0.0 0.0 364.0 195.4 898.4
111.200 -0.00031 0.00040 3.2 13.8 -20.2 124.0 120.0 999.000 3.0 -1.401 -0.063 0.1 -3.0 -3.0 0.0 0.0 12 0.0 8294 1 1 0 0.0 24.2 15.4 0.065 75.0 0.005 0.0 0.0 0.0 337.3 200.8 895.7
111.834 -0.00032 0.00041 3.4 12.0 -17.8 124.0 120.0 999.000 3.0 -1.401 -0.063 0.1 -4.0 -4.0 0.0 0.0 12 0.0 8369 1 1 0 0.0 24.2 15.4 0.065 75.0 0.005 0.0 0.0 0.0 313.1 212.4 952.4
112.211 -0.00032 0.00041 3.6 9.4 -15.8 123.0 120.0 999.000 3.0 -1.572 -0.127 0.1 -4.0 -4.0 0.0 0.0 12 0.0 8309 1 1 0 0.0 24.2 15.4 0.065 75.0 0.005 0.0 0.0 0.0 270.9 130.1 942.4
112.809 -0.00033 0.00042 3.7 8.0 -14.1 121.9 120.0 999.000 3.0 -1.572 -0.127 0.1 -3.0 -3.0 -2.0 -2.0 12 8.4 8319 1 1 0 0.0 24.2 15.4 0.065 75.0 0.005 0.0 0.0 0.0 244.3 114.9 956.7
113.198 -0.00033 0.00042 3.9 7.8 -13.1 121.1 120.0 999.000 3.0 -1.475 -0.115 0.1 0.0 0.0 -1.6 -1.6 12 0.0 8289 1 1 0 0.0 24.2 15.4 0.065 75.0 0.005 0.0 0.0 0.0 224.8 105.1 945.5
113.809 -0.00033 0.00043 4.0 9.9 -11.9 120.8 120.0 999.000 3.0 -1.475 -0.115 0.1 0.0 0.0 -1.2 -1.1 12 0.0 8249 1 1 0 0.0 24.2 15.4 0.065 75.0 0.005 0.0 0.0 0.0 195.0 153.9 938.7
114.199 -0.00034 0.00044 4.2 12.2 -10.5 120.7 120.0 999.000 3.0 -1.485 0.071 0.1 0.0 0.0 -0.7 -0.8 12 0.0 8289 1 1 0 0.0 24.2 15.4 0.065 75.0 0.005 0.0 0.0 0.0 175.9 196.1 942.3
114.808 -0.00034 0.00044 4.3 13.6 -9.0 120.8 120.0 999.000 3.0 -1.485 0.071 0.1 0.0 0.0 -0.4 -0.4 12 0.0 8339 1 1 0 0.0 24.1 15.4 0.065 75.0 0.005 0.0 0.0 0.0 154.4 196.0 945.6
115.200 -0.00034 0.00045 4.3 14.2 -7.4 120.8 120.0 999.000 3.0 -1.482 -0.027 0.1 0.0 0.0 -0.1 -0.1 12 0.0 8334 1 1 0 0.0 24.1 15.4 0.065 75.0 0.005 0.0 0.0 0.0 113.7 224.1 938.7
115.809 -0.00035 0.00045 4.4 14.5 -5.7 120.9 120.0 999.000 3.0 -1.482 -0.027 0.1 0.0 0.0 0.2 0.2 12 0.0 8309 1 1 0 0.0 24.2 15.4 0.065 75.0 0.005 0.0 0.0 0.0 103.1 232.4 966.1
116.199 -0.00035 0.00046 4.5 14.2 -4.0 120.9 120.0 999.000 3.0 -1.570 -0.059 0.0 0.0 0.0 0.5 0.5 12 8.4 8314 1 1 0 0.0 24.2 15.4 0.065 75.0 0.005 0.0 0.0 0.0 70.6 259.0 994.3
116.833 -0.00035 0.00046 4.5 14.0 -2.1 120.9 120.0 999.000 3.0 -1.570 -0.059 0.0 0.0 0.0 0.6 0.6 12 0.0 8329 1 1 0 0.0 24.2 15.4 0.065 75.0 0.005 0.0 0.0 0.0 27.7 254.0 984.7
117.209 -0.00036 0.00047 4.5 14.2 -0.4 121.0 120.0 999.000 3.0 -1.561 -0.046 0.1 0.0 0.0 0.8 0.8 12 0.0 8294 1 1 0 0.0 24.2 15.4 0.065 75.0 0.005 0.0 0.0 0.0 -8.2 239.4 954.6
117.809 -0.00036 0.00048 4.5 14.3 1.4 121.1 120.0 999.000 3.0 -1.561 -0.046 0.1 0.0 0.0 0.8 0.9 12 0.0 8339 1 1 0 0.0 24.1 15.4 0.065 75.0 0.005 0.0 0.0 0.0 -33.9 257.9 968.9
118.200 -0.00036 0.00048 4.4 14.3 3.1 121.2 120.0 999.000 3.0 -1.569 0.055 0.0 0.0 0.0 0.9 0.9 12 0.0 8364 1 1 0 0.0 24.1 15.4 0.065 75.0 0.005 0.0 0.0 0.0 -56.0 256.4 966.1
118.810 -0.00037 0.00049 4.3 14.1 4.9 121.3 120.0 999.000 3.0 -1.569 0.055 0.0 0.0 0.0 0.8 0.8 12 0.0 8334 1 1 0 0.0 24.2 15.4 0.065 75.0 0.005 0.0 0.0 0.0 -98.7 254.4 980.6
119.200 -0.00037 0.00049 4.3 14.4 6.6 121.3 120.0 999.000 3.0 -1.591 -0.002 0.1 0.0 0.0 0.7 0.7 12 0.0 8334 1 1 0 0.0 24.2 15.4 0.065 75.0 0.005 0.0 0.0 0.0 -111.0 280.1 977.1
119.811 -0.00038 0.00050 4.1 14.5 8.2 121.4 120.0 999.000 3.0 -1.591 -0.002 0.1 0.0 0.0 0.6 0.6 12 0.0 8324 1 1 0 0.0 24.2 15.4 0.065 75.0 0.005 0.0 0.0 0.0 -145.0 260.0 989.9
120.213 -0.00038 0.00051 4.0 14.5 9.9 121.4 120.0 999.000 3.0 -1.527 0.044 -0.0 0.0 0.0 0.3 0.3 0 0.0 6749 1 1 0 0.0 24.2 15.4 0.065 75.0 0.005 0.0 0.0 0.0 -134.0 228.3 973.8
120.810 -0.00038 0.00051 3.8 8.5 11.1 121.2 120.0 999.000 3.0 -1.527 0.044 -0.0 0.0 0.0 0.0 0.0 0 0.0 0 1 1 0 0.0 24.2 15.4 0.065 75.0 0.005 0.0 0.0 0.0 -168.0 134.1 985.6
121.200 -0.00039 0.00052 3.7 5.0 11.8 120.9 120.0 999.000 3.0 -1.430 -0.082 0.0 0.0 0.0 -0.3 -0.3 0 0.0 0 1 1 0 0.0 24.2 15.4 0.065 75.0 0.005 0.0 0.0 0.0 -185.0 68.9 979.6
121.831 -0.00039 0.00052 3.6 3.3 11.6 120.7 120.0 999.000 3.0 -1.430 -0.082 0.0 0.0 0.0 -0.6 -0.7 0 0.0 0 1 1 0 0.0 24.1 15.4 0.065 75.0 0.005 0.0 0.0 0.0 -192.0 59.2 979.8
122.201 -0.00039 0.00053 3.5 3.3 11.1 120.6 120.0 999.000 3.0 -0.985 -0.058 0.0 0.0 0.0 -0.9 -0.9 0 0.0 0 1 1 0 0.0 24.1 15.4 0.065 75.0 0.005 0.0 0.0 0.0 -189.0 51.2 974.0
122.809 -0.00039 0.00053 3.4 4.4 10.3 120.2 120.0 999.000 3.0 -0.985 -0.058 0.0 0.0 0.0 0.0 0.0 0 0.0 0 1 1 0 0.0 24.2 15.4 0.065 75.0 0.005 0.0 0.0 0.0 -175.0 79.6 978.3
123.198 -0.00040 0.00053 3.3 5.0 9.3 119.7 120.0 999.000 3.0 -0.835 -0.133 -0.0 0.0 0.0 0.0 0.0 0 0.0 5 1 1 0 0.0 24.2 15.4 0.065 75.0 0.005 0.0 0.0 0.0 -160.0 88.4 978.4
123.811 -0.00040 0.00054 3.2 5.5 8.3 119.0 120.0 999.000 3.0 -0.835 -0.133 -0.0 0.0 0.0 0.0 0.0 0 0.0 0 1 1 0 0.0 24.2 15.4 0.065 75.0 0.005 0.0 0.0 0.0 -143.0 92.4 979.2
124.200 -0.00040 0.00054 3.1 5.6 7.2 118.3 120.0 999.000 3.0 -0.804 -0.053 0.0 0.0 0.0 0.0 0.0 0 0.0 0 1 1 0 0.0 24.2 15.4 0.065 75.0 0.005 0.0 0.0 0.0 -122.0 97.2 985.0
124.809 -0.00040 0.00054 3.0 5.6 5.9 117.5 120.0 999.000 3.0 -0.804 -0.053 0.0 0.0 0.0 0.0 0.0 0 0.0 0 1 1 0 0.0 24.2 15.4 0.065 75.0 0.005 0.0 0.0 0.0 -99.4 96.5 989.8
125.202 -0.00040 0.00055 3.0 5.8 4.6 116.9 120.0 999.000 3.0 -0.733 -0.010 0.0 0.0 0.0 0.0 0.0 0 0.0 0 1 1 0 0.0 24.2 15.4 0.065 75.0 0.005 0.0 0.0 0.0 -79.1 98.7 987.1
125.809 -0.00040 0.00055 2.9 6.1 3.2 116.4 120.0 999.000 3.0 -0.733 -0.010 0.0 3.1 3.1 0.0 0.0 0 0.0 0 1 1 0 0.0 24.2 15.4 0.065 75.0 0.005 0.0 0.0 0.0 -54.0 107.6 989.2
126.199 -0.00040 0.00055 2.9 6.5 1.7 116.1 120.0 999.000 3.0 -0.640 0.071 0.0 3.6 3.6 0.0 0.0 0 0.0 0 1 1 0 0.0 24.2 15.4 0.065 75.0 0.005 0.0 0.0 0.0 -24.8 111.6 993.1
126.836 -0.00041 0.00056 2.9 6.6 0.1 116.2 120.0 999.000 3.0 -0.640 0.071 0.0 3.9 3.9 0.0 0.0 0 0.0 0 1 1 0 0.0 24.2 15.4 0.065 75.0 0.005 0.0 0.0 0.0 2.1 112.6 989.4
127.200 -0.00041 0.00056 2.9 6.5 -1.5 116.5 120.0 999.000 3.0 -0.396 -0.061 0.0 3.8 3.8 0.0 0.0 0 0.0 0 1 1 0 0.0 24.2 15.4 0.065 75.0 0.005 0.0 0.0 0.0 29.2 110.3 991.3
127.809 -0.00041 0.00056 2.8 6.4 -3.1 117.1 120.0 999.000 3.0 -0.396 -0.061 0.0 3.5 3.5 0.0 0.0 0 0.0 0 1 1 0 0.0 24.2 15.4 0.065 75.0 0.005 0.0 0.0 0.0 57.8 108.4 990.9
128.203 -0.00041 0.00056 2.8 6.2 -4.7 117.6 120.0 999.000 3.0 -0.553 -0.051 0.1 2.9 2.9 0.0 0.0 0 0.0 5 1 1 0 0.0 24.2 15.4 0.065 75.0 0.005 0.0 0.0 0.0 87.3 106.6 988.0
128.811 -0.00041 0.00056 2.8 6.1 -6.4 118.2 120.0 999.000 3.0 -0.553 -0.051 0.1 0.0 0.0 0.0 0.0 0 0.0 0 1 1 0 0.0 24.2 15.4 0.065 75.0 0.005 0.0 0.0 0.0 116.9 103.7 987.5
129.200 -0.00041 0.00056 2.8 6.2 -8.1 118.8 120.0 999.000 3.0 -0.410 0.083 0.1 0.0 0.0 0.0 0.0 0 0.0 5 1 1 0 0.0 24.2 15.4 0.065 75.0 0.005 0.0 0.0 0.0 145.4 106.6 983.6
129.813 -0.00041 0.00057 2.8 6.1 -9.7 119.3 120.0 999.000 3.0 -0.410 0.083 0.1 0.0 0.0 0.0 0.0 0 0.0 0 1 1 0 0.0 24.2 15.4 0.065 75.0 0.005 0.0 0.0 0.0 170.7 105.0 978.8
130.201 -0.00041 0.00057 2.8 6.1 -11.2 120.0 120.0 999.000 3.0 -0.435 0.153 0.1 0.0 0.0 0.0 0.0 0 0.0 0 1 1 0 0.0 24.2 15.4 0.065 75.0 0.005 0.0 0.0 0.0 199.2 103.7 973.7
130.810 -0.00041 0.00057 2.8 6.0 -12.8 120.6 120.0 999.000 3.0 -0.435 0.153 0.1 0.0 0.0 0.0 0.0 0 0.0 0 1 1 0 0.0 24.2 15.5 0.065 75.0 0.005 0.0 0.0 0.0 224.2 99.2 969.1
131.202 -0.00041 0.00057 2.8 6.0 -14.2 121.3 120.0 999.000 3.0 -0.377 -0.072 0.1 0.0 0.0 0.0 0.0 0 0.0 0 1 1 0 0.0 24.2 15.5 0.065 75.0 0.005 0.0 0.0 0.0 249.1 103.3 964.0
131.840 -0.00042 0.00057 2.8 5.7 -15.7 122.0 120.0 999.000 3.0 -0.377 -0.072 0.1 0.0 0.0 0.0 0.0 0 0.0 5 1 1 0 0.0 24.2 15.5 0.065 75.0 0.005 0.0 0.0 0.0 274.2 92.5 958.2
132.211 -0.00042 0.00057 2.8 5.4 -17.1 122.7 120.0 999.000 3.0 -0.238 -0.081 0.1 0.0 0.0 0.0 0.0 0 0.0 0 1 1 0 0.0 24.2 15.5 0.065 75.0 0.005 0.0 0.0 0.0 298.2 88.7 950.5
132.812 -0.00042 0.00058 2.8 5.7 -18.5 123.4 120.0 999.000 3.0 -0.238 -0.081 0.1 -2.7 -2.7 0.0 0.0 0 0.0 0 1 1 0 0.0 24.2 15.5 0.065 75.0 0.005 0.0 0.0 0.0 319.6 91.6 942.9
133.202 -0.00042 0.00058 2.8 5.5 -19.8 124.1 120.0 999.000 3.0 -0.366 -0.247 0.1 -3.4 -3.4 0.0 0.0 0 0.0 0 1 1 0 0.0 24.2 15.5 0.065 75.0 0.005 0.0 0.0 0.0 341.0 92.2 936.8
133.811 -0.00042 0.00058 2.8 5.7 -20.9 124.9 120.0 999.000 3.0 -0.366 -0.247 0.1 -4.1 -4.1 0.0 0.0 0 0.0 0 1 1 0 0.0 24.2 15.5 0.065 75.0 0.005 0.0 0.0 0.0 360.7 91.5 930.3
134.203 -0.00042 0.00058 2.8 6.0 -22.0 125.6 120.0 999.000 3.0 -0.172 0.041 0.1 -4.9 -4.9 0.0 0.0 0 0.0 0 1 1 0 0.0 24.2 15.5 0.065 75.0 0.005 0.0 0.0 0.0 379.1 95.5 921.2
134.810 -0.00042 0.00058 2.7 6.1 -23.0 126.5 120.0 999.000 3.0 -0.172 0.041 0.1 -5.6 -5.6 0.0 0.0 0 0.0 0 1 1 0 0.0 24.2 15.5 0.065 75.0 0.005 0.0 0.0 0.0 395.6 96.1 914.0
135.202 -0.00042 0.00058 2.7 5.8 -24.0 127.2 120.0 999.000 3.0 -0.148 -0.044 0.1 -6.5 -6.5 0.0 0.0 0 0.0 0 1 1 0 0.0 24.2 15.5 0.065 75.0 0.005 0.0 0.0 0.0 409.0 93.0 908.8
135.811 -0.00042 0.00058 2.7 5.8 -24.9 128.0 120.0 999.000 3.0 -0.148 -0.044 0.1 -7.2 -7.2 0.0 0.0 0 0.0 0 1 1 0 0.0 24.2 15.5 0.065 75.0 0.005 0.0 0.0 0.0 423.8 91.3 901.5
136.202 -0.00042 0.00058 2.7 6.0 -25.9 128.7 120.0 999.000 3.0 -0.148 -0.039 0.1 -8.0 -8.0 0.0 0.0 0 0.0 0 1 1 0 0.0 24.2 15.5 0.065 75.0 0.005 0.0 0.0 0.0 440.2 94.9 895.2
136.839 -0.00042 0.00058 2.7 6.0 -26.7 129.5 120.0 999.000 3.0 -0.148 -0.039 0.1 -8.7 -8.7 0.0 0.0 0 0.0 0 1 1 0 0.0 24.2 15.5 0.065 75.0 0.005 0.0 0.0 0.0 452.8 92.5 888.2
137.212 -0.00042 0.00058 2.6 5.8 -27.5 130.3 120.0 999.000 3.0 -0.106 0.079 0.1 -9.5 -9.5 0.0 0.0 0 0.0 0 1 1 0 0.0 24.2 15.5 0.065 75.0 0.005 0.0 0.0 0.0 464.5 89.5 882.5
137.810 -0.00042 0.00058 2.6 5.7 -28.3 130.9 120.0 999.000 3.0 -0.106 0.079 0.1 -10.3 -10.3 0.0 0.0 0 0.0 0 1 1 0 0.0 24.2 15.5 0.065 75.0 0.005 0.0 0.0 0.0 475.6 88.0 876.8
138.204 -0.00042 0.00058 2.5 5.7 -29.0 131.3 120.0 999.000 3.0 -0.007 -0.091 0.1 -10.9 -10.9 0.0 0.0 0 0.0 0 1 1 0 0.0 24.2 15.5 0.065 75.0 0.005 0.0 0.0 0.0 488.5 85.8 871.0
138.812 -0.00042 0.00058 2.5 5.6 -29.7 131.8 120.0 999.000 3.0 -0.007 -0.091 0.1 -11.3 -11.3 0.0 0.0 0 0.0 0 1 1 0 0.0 24.2 15.5 0.065 75.0 0.005 0.0 0.0 0.0 496.5 86.6 865.2
139.202 -0.00042 0.00058 2.5 5.7 -30.1 132.3 120.0 999.000 3.0 0.011 0.024 0.1 -11.8 -11.8 0.0 0.0 0 0.0 0 1 1 0 0.0 24.2 15.5 0.065 75.0 0.005 0.0 0.0 0.0 504.9 84.3 861.7
139.813 -0.00043 0.00059 2.4 5.8 -30.5 132.7 120.0 999.000 3.0 0.011 0.024 0.1 -12.3 -12.3 -3.8 -3.8 0 0.0 0 1 1 0 0.0 24.2 15.5 0.065 75.0 0.005 0.0 0.0 0.0 509.9 87.5 860.2
140.201 -0.00043 0.00059 2.3 5.8 -30.7 133.2 120.0 999.000 3.0 0.100 -0.035 0.1 -12.7 -12.7 -3.9 -3.9 0 0.0 0 1 1 0 0.0 24.2 15.5 0.065 75.0 0.005 0.0 0.0 0.0 511.3 86.3 857.5
140.811 -0.00043 0.00059 2.3 5.6 -30.7 133.9 120.0 999.000 3.0 0.100 -0.035 0.1 -13.2 -13.2 -4.1 -4.1 0 0.0 0 1 1 0 0.0 24.2 15.5 0.065 75.0 0.005 0.0 0.0 0.0 510.7 82.9 859.5
141.204 -0.00043 0.00059 2.2 5.4 -30.4 134.6 120.0 999.000 3.0 0.087 0.076 0.1 -13.9 -13.9 -4.3 -4.3 0 0.0 0 1 1 0 0.0 24.2 15.5 0.065 75.0 0.005 0.0 0.0 0.0 507.0 78.6 860.0
141.829 -0.00043 0.00059 2.1 5.5 -30.0 135.3 120.0 999.000 3.0 0.087 0.076 0.1 -14.6 -14.6 -4.5 -4.5 0 0.0 0 1 1 0 0.0 24.2 15.5 0.065 75.0 0.005 0.0 0.0 0.0 499.5 82.5 864.0
142.202 -0.00043 0.00059 2.1 5.3 -29.3 136.0 120.0 999.000 3.0 0.208 -0.084 0.2 -15.3 -15.3 -4.8 -4.8 0 0.0 0 1 1 0 0.0 24.2 15.5 0.065 75.0 0.005 0.0 0.0 0.0 487.5 78.5 869.6
142.814 -0.00043 0.00059 2.0 5.1 -28.5 136.8 120.0 999.000 3.0 0.208 -0.084 0.2 -16.0 -16.0 -5.0 -5.0 0 0.0 0 1 1 0 0.0 24.2 15.5 0.065 75.0 0.005 0.0 0.0 0.0 473.6 78.4 877.8
143.202 -0.00043 0.00059 1.9 5.3 -27.4 137.3 120.0 999.000 3.0 0.184 -0.083 0.1 -16.8 -16.8 -5.3 -5.3 0 0.0 5 1 1 0 0.0 24.2 15.5 0.065 75.0 0.005 0.0 0.0 0.0 458.7 81.5 884.7
143.812 -0.00043 0.00059 1.8 5.5 -26.3 137.7 120.0 999.000 3.0 0.184 -0.083 0.1 -17.3 -17.3 -5.5 -5.5 0 0.0 0 1 1 0 0.0 24.2 15.5 0.065 75.0 0.005 0.0 0.0 0.0 439.5 85.1 893.6
144.204 -0.00043 0.00059 1.7 5.3 -25.1 138.1 120.0 999.000 3.0 0.097 0.137 0.1 -17.7 -17.7 -5.8 -5.8 0 0.0 0 1 1 0 0.0 24.2 15.5 0.065 75.0 0.005 0.0 0.0 0.0 421.7 84.7 904.3
144.812 -0.00043 0.00059 1.6 5.3 -23.9 138.7 120.0 999.000 3.0 0.097 0.137 0.1 -18.1 -18.1 -6.1 -6.1 0 0.0 5 1 1 0 0.0 24.2 15.5 0.065 75.0 0.005 0.0 0.0 0.0 402.6 85.4 912.1
145.202 -0.00043 0.00059 1.5 5.6 -22.8 139.3 120.0 999.000 3.0 0.074 0.035 0.2 -18.7 -18.7 -6.4 -6.4 0 0.0 0 1 1 0 0.0 24.2 15.5 0.065 75.0 0.005 0.0 0.0 0.0 383.6 92.1 918.5
145.814 -0.00043 0.00059 1.4 5.9 -21.5 140.0 120.0 999.000 3.0 0.074 0.035 0.2 -19.3 -19.3 -6.7 -6.7 0 0.0 0 1 1 0 0.0 24.2 15.5 0.065 75.0 0.005 0.0 0.0 0.0 363.0 94.5 926.5
146.203 -0.00043 0.00059 1.3 5.7 -20.3 140.6 120.0 999.000 3.0 0.076 -0.092 0.1 -20.0 -20.0 -7.0 -7.0 0 0.0 0 1 1 0 0.0 24.2 15.5 0.065 75.0 0.005 0.0 0.0 0.0 344.4 91.7 934.2
146.827 -0.00043 0.00059 1.3 5.9 -19.3 141.5 120.0 999.000 3.0 0.076 -0.092 0.1 -20.6 -20.6 -7.3 -7.3 0 0.0 0 1 1 0 0.0 24.2 15.5 0.065 75.0 0.005 0.0 0.0 0.0 328.1 94.9 937.9
147.205 -0.00044 0.00059 1.2 6.2 -18.4 142.1 120.0 999.000 3.0 0.153 0.019 0.2 -21.5 -21.5 -7.6 -7.6 0 0.0 5 1 1 0 0.0 24.2 15.5 0.065 75.0 0.005 0.0 0.0 0.0 310.8 101.6 944.4
147.813 -0.00044 0.00060 1.1 5.7 -17.5 142.5 120.0 999.000 3.0 0.153 0.019 0.2 -22.1 -22.1 -7.9 -7.9 0 0.0 0 1 1 0 0.0 24.2 15.5 0.065 75.0 0.005 0.0 0.0 0.0 297.9 93.3 948.7
148.203 -0.00044 0.00060 1.0 5.6 -16.7 143.1 120.0 999.000 3.0 0.222 -0.067 0.2 -22.5 -22.5 -8.2 -8.2 0 0.0 0 1 1 0 0.0 24.2 15.5 0.065 75.0 0.005 0.0 0.0 0.0 285.2 93.0 953.2
148.812 -0.00044 0.00060 0.9 5.9 -16.1 143.6 120.0 999.000 3.0 0.222 -0.067 0.2 -23.1 -23.1 -8.5 -8.5 0 0.0 0 1 1 0 0.0 24.2 15.5 0.065 75.0 0.005 0.0 0.0 0.0 276.1 97.4 956.1
149.201 -0.00044 0.00060 0.9 5.5 -15.6 144.2 120.0 999.000 3.0 0.086 0.131 0.1 -23.6 -23.6 -8.8 -8.8 0 0.0 5 1 1 0 0.0 24.2 15.5 0.065 75.0 0.005 0.0 0.0 0.0 266.2 91.9 960.2
149.814 -0.00044 0.00060 0.8 5.4 -15.1 144.7 120.0 999.000 3.0 0.086 0.131 0.1 -24.2 -24.2 -9.1 -9.1 0 0.0 0 1 1 0 0.0 24.2 15.5 0.065 75.0 0.005 0.0 0.0 0.0 258.8 88.5 960.0
150.203 -0.00044 0.00060 0.7 5.4 -14.9 145.6 120.0 999.000 3.0 0.170 0.022 0.1 -24.7 -24.7 -9.4 -9.4 0 0.0 5 1 1 0 0.0 24.2 15.5 0.065 75.0 0.005 0.0 0.0 0.0 257.7 89.5 963.6
150.812 -0.00044 0.00060 0.7 5.6 -14.6 146.6 120.0 999.000 3.0 0.170 0.022 0.1 -25.6 -25.6 -9.7 -9.7 0 0.0 0 1 1 0 0.0 24.2 15.5 0.065 75.0 0.005 0.0 0.0 0.0 250.8 92.3 960.1
151.204 -0.00044 0.00060 0.6 4.8 -14.8 148.1 120.0 999.000 3.0 0.179 -0.055 0.1 -26.6 -26.6 -10.0 -10.0 0 0.0 5 1 1 0 0.0 24.2 15.5 0.065 75.0 0.005 0.0 0.0 0.0 254.0 80.1 961.9
151.837 -0.00044 0.00060 0.5 5.4 -14.8 149.7 120.0 999.000 3.0 0.179 -0.055 0.1 -28.1 -28.1 -10.3 -10.3 0 0.0 0 1 1 0 0.0 24.2 15.5 0.065 75.0 0.005 0.0 0.0 0.0 256.7 90.3 960.8
152.214 -0.00044 0.00060 0.5 5.3 -15.6 151.7 120.0 999.000 3.0 0.322 -0.096 0.1 -29.0 -29.0 -10.5 -10.5 0 0.0 0 1 1 0 0.0 24.2 15.5 0.065 75.0 0.005 0.0 0.0 0.0 268.4 88.4 957.0
152.815 -0.00045 0.00060 0.4 5.2 -15.8 154.1 120.0 999.000 3.0 0.322 -0.096 0.1 -29.0 -29.0 -10.8 -10.8 0 0.0 0 1 1 0 0.0 24.2 15.5 0.065 75.0 0.005 0.0 0.0 0.0 273.7 88.8 960.1
153.203 -0.00045 0.00060 0.4 6.7 -16.2 156.5 120.0 999.000 3.0 0.189 -0.036 0.1 -29.0 -29.0 -11.1 -11.1 0 0.0 0 1 1 0 0.0 24.2 15.5 0.065 75.0 0.005 0.0 0.0 0.0 272.9 117.8 949.2
153.812 -0.00045 0.00060 0.3 7.3 -14.7 158.7 120.0 999.000 3.0 0.189 -0.036 0.1 -29.0 -29.0 -11.3 -11.3 0 0.0 0 1 1 0 0.0 24.2 15.5 0.065 75.0 0.005 0.0 0.0 0.0 254.0 121.9 953.7
154.205 -0.00045 0.00060 0.3 7.7 -12.5 160.6 120.0 999.000 3.0 -0.040 -0.021 0.1 -29.0 -29.0 -11.6 -11.6 0 0.0 0 1 1 0 0.0 24.2 15.5 0.065 75.0 0.005 0.0 0.0 0.0 200.4 139.7 980.4
154.813 -0.00045 0.00060 0.2 7.3 -9.2 162.9 120.0 999.000 3.0 -0.040 -0.021 0.1 -29.0 -29.0 -11.8 -11.8 0 0.0 0 1 1 0 0.0 24.2 15.5 0.065 75.0 0.005 0.0 0.0 0.0 152.9 106.1 979.5
155.203 -0.00045 0.00060 0.2 8.2 -5.6 164.6 120.0 999.000 3.0 0.109 -0.060 0.1 -29.0 -29.0 -12.1 -12.1 0 0.0 0 1 1 0 0.0 24.2 15.5 0.065 75.0 0.005 0.0 0.0 0.0 88.0 142.5 974.8
155.816 -0.00045 0.00060 0.2 6.9 -3.6 165.8 120.0 999.000 3.0 0.109 -0.060 0.1 -29.0 -29.0 -12.3 -12.3 0 0.0 0 1 1 0 0.0 24.2 15.5 0.065 75.0 0.005 0.0 0.0 0.0 64.4 114.7 1007.0
156.203 -0.00045 0.00060 0.1 6.5 -1.4 167.3 120.0 999.000 3.0 0.085 -0.008 0.1 -29.0 -29.0 -12.5 -12.5 0 0.0 5 1 1 0 0.0 24.2 15.5 0.065 75.0 0.005 0.0 0.0 0.0 5.0 111.1 990.1
156.833 -0.00045 0.00060 0.1 6.4 0.9 168.7 120.0 999.000 3.0 0.085 -0.008 0.1 -29.0 -29.0 -12.7 -12.7 0 0.0 0 1 1 0 0.0 24.2 15.5 0.065 75.0 0.005 0.0 0.0 0.0 -15.2 114.9 998.1
157.205 -0.00045 0.00060 0.1 7.6 2.2 169.5 120.0 999.000 3.0 -0.076 -0.006 0.0 -29.0 -29.0 -13.0 -13.0 0 0.0 0 1 1 0 0.0 24.2 15.5 0.065 75.0 0.005 0.0 0.0 0.0 -40.3 126.4 1000.0
157.813 -0.00045 0.00060 0.1 7.0 3.8 171.1 120.0 999.000 3.0 -0.076 -0.006 0.0 -29.0 -29.0 -13.2 -13.1 0 0.0 0 1 1 0 0.0 24.2 15.5 0.065 75.0 0.005 0.0 0.0 0.0 -74.0 127.6 967.3
158.203 -0.00045 0.00060 0.1 6.4 1.7 171.8 120.0 999.000 3.0 0.214 0.050 0.1 -29.0 -29.0 -13.4 -13.4 0 0.0 0 1 1 0 0.0 24.2 15.5 0.065 75.0 0.005 0.0 0.0 0.0 -23.2 121.3 1003.0
158.815 -0.00045 0.00060 0.1 9.6 0.8 172.9 120.0 999.000 3.0 0.214 0.050 0.1 -29.0 -29.0 -13.5 -13.5 0 0.0 0 1 1 0 0.0 24.2 15.5 0.065 75.0 0.005 0.0 0.0 0.0 -6.7 147.6 969.8
159.204 -0.00045 0.00060 0.1 8.7 -1.6 173.4 120.0 999.000 3.0 0.134 -0.064 0.0 -29.0 -29.0 -13.6 -13.6 0 0.0 0 1 1 0 0.0 24.2 15.5 0.065 75.0 0.005 0.0 0.0 0.0 25.4 166.9 1004.0
159.814 -0.00045 0.00060 0.1 8.7 -0.3 174.6 120.0 999.000 3.0 0.134 -0.064 0.0 -29.0 -29.0 -13.8 -13.8 0 0.0 5 1 1 0 0.0 24.2 15.5 0.065 75.0 0.005 0.0 0.0 0.0 3.3 126.1 975.0
160.205 -0.00045 0.00060 0.0 7.0 0.5 175.5 120.0 999.000 3.0 -0.029 0.034 0.0 -29.0 -29.0 -13.9 -13.9 0 0.0 5 1 1 0 0.0 24.2 15.5 0.065 75.0 0.005 0.0 0.0 0.0 -9.8 135.7 1007.0
