
 =============================== Config Input ===============================
.$basedir = /home/iver/software/..
adcp.baudrate = 9600
adcp.devicepitch = 0
adcp.deviceroll = 0
adcp.deviceyaw = 0
adcp.issim = FALSE
adcp.istcp = FALSE
adcp.outputinterval = 1
adcp.readtimeout = 0.1
adcp.serialport = /dev/adcp
adcp.simulationtcpport = 5005
adcp.startupreadtimeout = 2
ahrs.baudrate = 115200
ahrs.issim = FALSE
ahrs.istcp = FALSE
ahrs.mountorientation = HORIZONTAL
ahrs.readtimeout = 0.1
ahrs.serialport = /dev/ahrs
ahrs.simulationtcpport = 5001
ahrs.tcphost = localhost
ahrs.tcpport = 5011
ahrs.variation = 16.1
blt.baudrate = 9600
blt.issim = FALSE
blt.istcp = TRUE
blt.leakvoltagethreshold = 1.0
blt.outputinterval = 1
blt.readtimeout = 0.1
blt.serialport = /dev/Leak
blt.simulationtcpport = 5007
blt.tcphost = localhost
blt.tcpport = 5010
comms.acommsservertcphost = localhost
comms.acommsservertcpport = 7000
comms.localservertcphost = localhost
comms.localservertcpport = 6000
comms.localserverudpgroup = 224.0.0.1
comms.localserverudpport = 6001
control.abortdepth = 8
control.abortelevatorangle = 30
control.abortpitch = 30
control.abortpropthrottle = 0
control.abortroll = 30
control.abortrudderangle = 0
control.acommscyclemessagecount = 3
control.acommscyclemessageinterval = 5
control.acommscyclestartsec = 20
control.controlloopinterval = 0.5
control.depthdeadband = 1
control.depthpidd = 0
control.depthpidi = 0
control.depthpidp = 10
control.headingdeadband = 5
control.headingpidd = 0
control.headingpidi = 0
control.headingpidp = -1.0
control.propruntimeout = 30
control.startheadingdepth = 0.5
control.watertype = FRESH
fins.baudrate = 9600
fins.fincount0 = 3968
fins.fincount1 = 8000
fins.issim = FALSE
fins.istcp = FALSE
fins.lowerrudderaccel = 0
fins.lowerrudderangle0 = -36
fins.lowerrudderangle1 = 29
fins.lowerrudderchannel = 1
fins.lowerruddercountmid = 6200
fins.lowerrudderspeed = 0
fins.lowerruddertrimangle = 0
fins.maxelevatorangle = 30
fins.maxrudderangle = 29
fins.portelevatoraccel = 0
fins.portelevatorangle0 = -50
fins.portelevatorangle1 = 35
fins.portelevatorchannel = 2
fins.portelevatorcountmid = 6050
fins.portelevatorspeed = 0
fins.portelevatortrimangle = 0
fins.readtimeout = 0.1
fins.rolltrimangle = 0
fins.serialport = /dev/ttyACM0
fins.simulationtcpport = 5003
fins.stbdelevatoraccel = 0
fins.stbdelevatorangle0 = 30
fins.stbdelevatorangle1 = -30
fins.stbdelevatorchannel = 3
fins.stbdelevatorcountmid = 5650
fins.stbdelevatorspeed = 0
fins.stbdelevatortrimangle = 0
fins.upperrudderaccel = 0
fins.upperrudderangle0 = 63
fins.upperrudderangle1 = -30
fins.upperrudderchannel = 0
fins.upperruddercountmid = 6400
fins.upperrudderspeed = 0
fins.upperruddertrimangle = 0
gps.baudrate = 4800
gps.issim = FALSE
gps.istcp = FALSE
gps.readtimeout = 0.01
gps.serialport = /dev/gps
gps.simulationtcpport = 5006
loggers.acommshandler = INFO
loggers.adcp = INFO
loggers.adcptest = INFO
loggers.ahrs = INFO
loggers.ahrstest = INFO
loggers.blt = INFO
loggers.blti2c = INFO
loggers.blttest = INFO
loggers.commandhandlertest = INFO
loggers.datalogger = INFO
loggers.defaultloglevel = INFO
loggers.fin = INFO
loggers.fincontroller = INFO
loggers.fincontrollertest = INFO
loggers.gps = INFO
loggers.gpstest = INFO
loggers.ivercommander = INFO
loggers.ivercontrol = INFO
loggers.iverx = INFO
loggers.localcommshandler = INFO
loggers.nmea = INFO
loggers.pidcontroller = INFO
loggers.pressuresensor = INFO
loggers.pressuresensortest = INFO
loggers.propcontroller = INFO
loggers.propcontrollertest = INFO
loggers.simadcp = INFO
loggers.simahrs = INFO
loggers.simblt = INFO
loggers.simfin = INFO
loggers.simfincontroller = INFO
loggers.simgps = INFO
loggers.simiver = INFO
loggers.simpressuresensor = INFO
loggers.simpropagator = INFO
loggers.simpropcontroller = INFO
pressuresensor.baudrate = 9600
pressuresensor.commandecho = FALSE
pressuresensor.deviceaddress = 1
pressuresensor.issim = FALSE
pressuresensor.istcp = FALSE
pressuresensor.readtimeout = 0.1
pressuresensor.serialport = /dev/pressure
pressuresensor.simulationtcpport = 5002
prop.baudrate = 9600
prop.deviceid = 0
